============================================================
   Tang Dynasty, V5.6.71036
      Copyright (c) 2012-2023 Anlogic Inc.
   Executable = C:/Anlogic/TD5.6.2/bin/td.exe
   Built at =   20:34:38 Mar 21 2023
   Run by =     Timmy
   Run Date =   Sat Jul 27 20:03:49 2024

   Run on =     DESKTOP-A28VB3Q
============================================================
RUN-1002 : start command "open_project responder.prj"
RUN-1001 : Print Global Property
RUN-1001 : ---------------------------------------------------------------
RUN-1001 :        Parameters        |  Settings  |  Default Values  |  Note  
RUN-1001 : ---------------------------------------------------------------
RUN-1001 :          message         |  standard  |     standard     |        
RUN-1001 :   mixed_pack_place_flow  |     on     |        on        |        
RUN-1001 :        qor_monitor       |    off     |       off        |        
RUN-1001 :        syn_ip_flow       |    off     |       off        |        
RUN-1001 :          thread          |    auto    |       auto       |        
RUN-1001 : ---------------------------------------------------------------
RUN-1001 : Print Design Property
RUN-1001 : --------------------------------------------------------------
RUN-1001 :        Parameters       |  Settings  |  Default Values  |  Note  
RUN-1001 : --------------------------------------------------------------
RUN-1001 :   default_reg_initial   |    auto    |       auto       |        
RUN-1001 :        infer_add        |     on     |        on        |        
RUN-1001 :        infer_fsm        |    off     |       off        |        
RUN-1001 :        infer_mult       |     on     |        on        |        
RUN-1001 :        infer_ram        |     on     |        on        |        
RUN-1001 :        infer_reg        |     on     |        on        |        
RUN-1001 :   infer_reg_init_value  |     on     |        on        |        
RUN-1001 :        infer_rom        |     on     |        on        |        
RUN-1001 :      infer_shifter      |     on     |        on        |        
RUN-1001 : --------------------------------------------------------------
RUN-1002 : start command "set_param rtl rtl_sim_model on"
RUN-1001 : Print Rtl Property
RUN-1001 : --------------------------------------------------------------
RUN-1001 :        Parameters       |  Settings  |  Default Values  |  Note  
RUN-1001 : --------------------------------------------------------------
RUN-1001 :       compress_add      |   ripple   |      ripple      |        
RUN-1001 :        elf_sload        |    off     |       off        |        
RUN-1001 :       fix_undriven      |     0      |        0         |        
RUN-1001 :         flatten         |    off     |       off        |        
RUN-1001 :       gate_sharing      |     on     |        on        |        
RUN-1001 :    hdl_warning_level    |   normal   |      normal      |        
RUN-1001 :   impl_internal_tribuf  |     on     |        on        |        
RUN-1001 :      impl_set_reset     |     on     |        on        |        
RUN-1001 :        infer_gsr        |    off     |       off        |        
RUN-1001 :      keep_hierarchy     |    auto    |       auto       |        
RUN-1001 :        max_fanout       |    9999    |       9999       |        
RUN-1001 :      max_oh2bin_len     |     10     |        10        |        
RUN-1001 :       merge_equal       |     on     |        on        |        
RUN-1001 :       merge_equiv       |     on     |        on        |        
RUN-1001 :        merge_mux        |    off     |       off        |        
RUN-1001 :     min_control_set     |     8      |        8         |        
RUN-1001 :      min_ripple_len     |    auto    |       auto       |        
RUN-1001 :       oh2bin_ratio      |    0.08    |       0.08       |        
RUN-1001 :     opt_adder_fanout    |     on     |        on        |        
RUN-1001 :        opt_arith        |     on     |        on        |        
RUN-1001 :       opt_big_gate      |    off     |       off        |        
RUN-1001 :        opt_const        |     on     |        on        |        
RUN-1001 :      opt_const_mult     |     on     |        on        |        
RUN-1001 :       opt_lessthan      |     on     |        on        |        
RUN-1001 :         opt_mux         |    off     |       off        |        
RUN-1001 :         opt_ram         |    high    |       high       |        
RUN-1001 :      rtl_sim_model      |     on     |       off        |   *    
RUN-1001 :         seq_syn         |     on     |        on        |        
RUN-1001 : --------------------------------------------------------------
HDL-1007 : analyze verilog file ../../responder.v
HDL-1007 : analyze verilog file ../../Sel_module.v
HDL-1007 : analyze verilog file ../../Timer_module.v
HDL-1007 : analyze verilog file ../../Buzzer_module.v
HDL-1007 : analyze verilog file ../../Digitron_NumDisplay.v
HDL-1007 : analyze verilog file ../../key_filter.v
HDL-1007 : analyze verilog file ../../../../1 run_led/run_led/led8_module.v
HDL-1007 : analyze verilog file ../../countdown_module.v
RUN-1001 : Project manager successfully analyzed 8 source files.
RUN-1002 : start command "import_device eagle_s20.db -package EG4S20BG256"
ARC-1001 : Device Initialization.
ARC-1001 : ------------------------------------------------------------------
ARC-1001 :            OPTION            |          IO          |   SETTING   
ARC-1001 : ------------------------------------------------------------------
ARC-1001 :   cso_b/cclk/mosi/miso/dout  |  T3/R11/T10/P10/S11  |    gpio    
ARC-1001 :             done             |         P13          |    gpio    
ARC-1001 :           program_b          |          T2          |  dedicate  
ARC-1001 :        tdi/tms/tck/tdo       |   C12/A15/C14/E14    |  dedicate  
ARC-1001 : ------------------------------------------------------------------
ARC-1004 : Device setting, marked 5 dedicate IOs in total.
RUN-1002 : start command "elaborate -top responder"
RUN-1001 : Print Design Property
RUN-1001 : --------------------------------------------------------------
RUN-1001 :        Parameters       |  Settings  |  Default Values  |  Note  
RUN-1001 : --------------------------------------------------------------
RUN-1001 :   default_reg_initial   |    auto    |       auto       |        
RUN-1001 :        infer_add        |     on     |        on        |        
RUN-1001 :        infer_fsm        |    off     |       off        |        
RUN-1001 :        infer_mult       |     on     |        on        |        
RUN-1001 :        infer_ram        |     on     |        on        |        
RUN-1001 :        infer_reg        |     on     |        on        |        
RUN-1001 :   infer_reg_init_value  |     on     |        on        |        
RUN-1001 :        infer_rom        |     on     |        on        |        
RUN-1001 :      infer_shifter      |     on     |        on        |        
RUN-1001 : --------------------------------------------------------------
RUN-1002 : start command "set_param rtl rtl_sim_model on"
RUN-1001 : Print Rtl Property
RUN-1001 : --------------------------------------------------------------
RUN-1001 :        Parameters       |  Settings  |  Default Values  |  Note  
RUN-1001 : --------------------------------------------------------------
RUN-1001 :       compress_add      |   ripple   |      ripple      |        
RUN-1001 :        elf_sload        |    off     |       off        |        
RUN-1001 :       fix_undriven      |     0      |        0         |        
RUN-1001 :         flatten         |    off     |       off        |        
RUN-1001 :       gate_sharing      |     on     |        on        |        
RUN-1001 :    hdl_warning_level    |   normal   |      normal      |        
RUN-1001 :   impl_internal_tribuf  |     on     |        on        |        
RUN-1001 :      impl_set_reset     |     on     |        on        |        
RUN-1001 :        infer_gsr        |    off     |       off        |        
RUN-1001 :      keep_hierarchy     |    auto    |       auto       |        
RUN-1001 :        max_fanout       |    9999    |       9999       |        
RUN-1001 :      max_oh2bin_len     |     10     |        10        |        
RUN-1001 :       merge_equal       |     on     |        on        |        
RUN-1001 :       merge_equiv       |     on     |        on        |        
RUN-1001 :        merge_mux        |    off     |       off        |        
RUN-1001 :     min_control_set     |     8      |        8         |        
RUN-1001 :      min_ripple_len     |    auto    |       auto       |        
RUN-1001 :       oh2bin_ratio      |    0.08    |       0.08       |        
RUN-1001 :     opt_adder_fanout    |     on     |        on        |        
RUN-1001 :        opt_arith        |     on     |        on        |        
RUN-1001 :       opt_big_gate      |    off     |       off        |        
RUN-1001 :        opt_const        |     on     |        on        |        
RUN-1001 :      opt_const_mult     |     on     |        on        |        
RUN-1001 :       opt_lessthan      |     on     |        on        |        
RUN-1001 :         opt_mux         |    off     |       off        |        
RUN-1001 :         opt_ram         |    high    |       high       |        
RUN-1001 :      rtl_sim_model      |     on     |       off        |   *    
RUN-1001 :         seq_syn         |     on     |        on        |        
RUN-1001 : --------------------------------------------------------------
RUN-1001 : Print Global Property
RUN-1001 : ---------------------------------------------------------------
RUN-1001 :        Parameters        |  Settings  |  Default Values  |  Note  
RUN-1001 : ---------------------------------------------------------------
RUN-1001 :          message         |  standard  |     standard     |        
RUN-1001 :   mixed_pack_place_flow  |     on     |        on        |        
RUN-1001 :        qor_monitor       |    off     |       off        |        
RUN-1001 :        syn_ip_flow       |    off     |       off        |        
RUN-1001 :          thread          |    auto    |       auto       |        
RUN-1001 : ---------------------------------------------------------------
RUN-1001 : Print Design Property
RUN-1001 : --------------------------------------------------------------
RUN-1001 :        Parameters       |  Settings  |  Default Values  |  Note  
RUN-1001 : --------------------------------------------------------------
RUN-1001 :   default_reg_initial   |    auto    |       auto       |        
RUN-1001 :        infer_add        |     on     |        on        |        
RUN-1001 :        infer_fsm        |    off     |       off        |        
RUN-1001 :        infer_mult       |     on     |        on        |        
RUN-1001 :        infer_ram        |     on     |        on        |        
RUN-1001 :        infer_reg        |     on     |        on        |        
RUN-1001 :   infer_reg_init_value  |     on     |        on        |        
RUN-1001 :        infer_rom        |     on     |        on        |        
RUN-1001 :      infer_shifter      |     on     |        on        |        
RUN-1001 : --------------------------------------------------------------
HDL-1007 : elaborate module responder in ../../responder.v(1)
HDL-1007 : elaborate module key_filter in ../../key_filter.v(1)
HDL-1007 : elaborate module Sel_module in ../../Sel_module.v(1)
HDL-1007 : elaborate module Timer_module in ../../Timer_module.v(1)
HDL-7007 CRITICAL-WARNING: 'Change_Time' should be on the sensitivity list in ../../Timer_module.v(28)
HDL-5007 WARNING: latch inferred for net 'ROM[7]' in ../../Timer_module.v(24)
HDL-7007 CRITICAL-WARNING: 'Block_Sel_Latched' should be on the sensitivity list in ../../Timer_module.v(112)
HDL-7007 CRITICAL-WARNING: assignment under multiple clock edges is not supported for synthesis in ../../Timer_module.v(112)
HDL-1007 : elaborate module Buzzer_module in ../../Buzzer_module.v(1)
HDL-1007 : elaborate module Digitron_NumDisplay in ../../Digitron_NumDisplay.v(1)
HDL-5007 WARNING: latch inferred for net 'W_DigitronCS_Out[3]' in ../../Digitron_NumDisplay.v(38)
HDL-5007 WARNING: latch inferred for net 'SingleNum[3]' in ../../Digitron_NumDisplay.v(57)
HDL-1007 : elaborate module led8_module in ../../../../1 run_led/run_led/led8_module.v(1)
HDL-1007 : elaborate module countdown_module in ../../countdown_module.v(1)
HDL-5007 WARNING: clock signal 'Minus_Time' cannot be used as a data signal in ../../countdown_module.v(28)
HDL-7007 CRITICAL-WARNING: 'temp_time' should be on the sensitivity list in ../../countdown_module.v(32)
HDL-7007 CRITICAL-WARNING: assignment under multiple clock edges is not supported for synthesis in ../../countdown_module.v(32)
HDL-7007 CRITICAL-WARNING: 'temp_time' should be on the sensitivity list in ../../countdown_module.v(33)
HDL-7007 CRITICAL-WARNING: assignment under multiple clock edges is not supported for synthesis in ../../countdown_module.v(33)
HDL-5001 WARNING: Contains anonymous inst(s) and/or net(s) that have not been renamed
HDL-1200 : Current top model is responder
HDL-1100 : Inferred 0 RAMs.
RUN-1002 : start command "export_db responder_elaborate.db"
RUN-1001 : Exported /
RUN-1001 : Exported flow parameters
RUN-1001 : Exported libs
RUN-1001 : Exported entities
RUN-1001 : Exported ports
RUN-1001 : Exported pins
RUN-1001 : Exported instances
RUN-1001 : Exported nets
RUN-1001 : Exported buses
RUN-1001 : Exported models
RUN-1001 : Exported congestions
RUN-1001 : Exported violations
RUN-1001 : Exported IO constraints
RUN-1001 : Exported Inst constraints
RUN-1002 : start command "read_adc ../../responder.adc"
RUN-1002 : start command "set_pin_assignment  Buzzer_Out   LOCATION = H11; IOSTANDARD = LVCMOS33; "
RUN-1002 : start command "set_pin_assignment  CLK   LOCATION = R7; IOSTANDARD = LVCMOS33; "
RUN-1002 : start command "set_pin_assignment  DigitronCS_Out[0]   LOCATION = C9; IOSTANDARD = LVCMOS33; "
RUN-1002 : start command "set_pin_assignment  DigitronCS_Out[1]   LOCATION = B6; IOSTANDARD = LVCMOS33; "
RUN-1002 : start command "set_pin_assignment  DigitronCS_Out[2]   LOCATION = A5; IOSTANDARD = LVCMOS33; "
RUN-1002 : start command "set_pin_assignment  DigitronCS_Out[3]   LOCATION = A3; IOSTANDARD = LVCMOS33; "
RUN-1002 : start command "set_pin_assignment  Digitron_Out[0]   LOCATION = A4; IOSTANDARD = LVCMOS33; "
RUN-1002 : start command "set_pin_assignment  Digitron_Out[1]   LOCATION = A6; IOSTANDARD = LVCMOS33; "
RUN-1002 : start command "set_pin_assignment  Digitron_Out[2]   LOCATION = B8; IOSTANDARD = LVCMOS33; "
RUN-1002 : start command "set_pin_assignment  Digitron_Out[3]   LOCATION = E8; IOSTANDARD = LVCMOS33; "
RUN-1002 : start command "set_pin_assignment  Digitron_Out[4]   LOCATION = A7; IOSTANDARD = LVCMOS33; "
RUN-1002 : start command "set_pin_assignment  Digitron_Out[5]   LOCATION = B5; IOSTANDARD = LVCMOS33; "
RUN-1002 : start command "set_pin_assignment  Digitron_Out[6]   LOCATION = A8; IOSTANDARD = LVCMOS33; "
RUN-1002 : start command "set_pin_assignment  Digitron_Out[7]   LOCATION = C8; IOSTANDARD = LVCMOS33; "
RUN-1002 : start command "set_pin_assignment  Key_In[0]   LOCATION = E11; IOSTANDARD = LVCMOS33; "
RUN-1002 : start command "set_pin_assignment  Key_In[1]   LOCATION = D11; IOSTANDARD = LVCMOS33; "
RUN-1002 : start command "set_pin_assignment  Key_In[2]   LOCATION = C11; IOSTANDARD = LVCMOS33; "
RUN-1002 : start command "set_pin_assignment  Key_In[3]   LOCATION = F10; IOSTANDARD = LVCMOS33; "
RUN-1002 : start command "set_pin_assignment  LED_Out[0]   LOCATION = D3; IOSTANDARD = LVCMOS33; "
RUN-1002 : start command "set_pin_assignment  LED_Out[1]   LOCATION = E4; IOSTANDARD = LVCMOS33; "
RUN-1002 : start command "set_pin_assignment  LED_Out[2]   LOCATION = C1; IOSTANDARD = LVCMOS33; "
RUN-1002 : start command "set_pin_assignment  LED_Out[3]   LOCATION = C2; IOSTANDARD = LVCMOS33; "
RUN-1002 : start command "set_pin_assignment  LED_OverTime_Out   LOCATION = F16; IOSTANDARD = LVCMOS33; "
RUN-1002 : start command "set_pin_assignment  RSTn   LOCATION = A9; IOSTANDARD = LVCMOS33; "
RUN-1002 : start command "set_pin_assignment  Set_Time   LOCATION = A10; IOSTANDARD = LVCMOS33; "
RUN-1002 : start command "set_pin_assignment  Key_Row[0]   LOCATION = D9; IOSTANDARD = LVCMOS33; "
RUN-1002 : start command "set_pin_assignment  Key_Row[1]   LOCATION = F9; IOSTANDARD = LVCMOS33; "
RUN-1002 : start command "set_pin_assignment  Key_Row[2]   LOCATION = C10; IOSTANDARD = LVCMOS33; "
RUN-1002 : start command "set_pin_assignment  Key_Row[3]   LOCATION = E10; IOSTANDARD = LVCMOS33; "
RUN-1002 : start command "set_pin_assignment  LED_Run[0]   LOCATION = B14; IOSTANDARD = LVCMOS33; DRIVESTRENGTH = 8; PULLTYPE = NONE; "
RUN-1002 : start command "set_pin_assignment  LED_Run[1]   LOCATION = B15; IOSTANDARD = LVCMOS33; DRIVESTRENGTH = 8; PULLTYPE = NONE; "
RUN-1002 : start command "set_pin_assignment  LED_Run[2]   LOCATION = B16; IOSTANDARD = LVCMOS33; DRIVESTRENGTH = 8; PULLTYPE = NONE; "
RUN-1002 : start command "set_pin_assignment  LED_Run[3]   LOCATION = C15; IOSTANDARD = LVCMOS33; DRIVESTRENGTH = 8; PULLTYPE = NONE; "
RUN-1002 : start command "set_pin_assignment  Add_Time   LOCATION = B10; IOSTANDARD = LVCMOS33;  "
RUN-1002 : start command "set_pin_assignment  Minus_Time   LOCATION = A11 ; IOSTANDARD = LVCMOS33; "
RUN-1001 : Starting of IO setups legality check.
RUN-1001 : Starting of IO setups legality check.
RUN-1001 : Starting of IO vref setups legality check.
RUN-1002 : start command "optimize_rtl"
RUN-1001 : Open license file C:/Anlogic/TD5.6.2/license/Anlogic.lic
RUN-1001 : Print Global Property
RUN-1001 : ---------------------------------------------------------------
RUN-1001 :        Parameters        |  Settings  |  Default Values  |  Note  
RUN-1001 : ---------------------------------------------------------------
RUN-1001 :          message         |  standard  |     standard     |        
RUN-1001 :   mixed_pack_place_flow  |     on     |        on        |        
RUN-1001 :        qor_monitor       |    off     |       off        |        
RUN-1001 :        syn_ip_flow       |    off     |       off        |        
RUN-1001 :          thread          |    auto    |       auto       |        
RUN-1001 : ---------------------------------------------------------------
RUN-1002 : start command "set_param rtl rtl_sim_model on"
RUN-1001 : Print Rtl Property
RUN-1001 : --------------------------------------------------------------
RUN-1001 :        Parameters       |  Settings  |  Default Values  |  Note  
RUN-1001 : --------------------------------------------------------------
RUN-1001 :       compress_add      |   ripple   |      ripple      |        
RUN-1001 :        elf_sload        |    off     |       off        |        
RUN-1001 :       fix_undriven      |     0      |        0         |        
RUN-1001 :         flatten         |    off     |       off        |        
RUN-1001 :       gate_sharing      |     on     |        on        |        
RUN-1001 :    hdl_warning_level    |   normal   |      normal      |        
RUN-1001 :   impl_internal_tribuf  |     on     |        on        |        
RUN-1001 :      impl_set_reset     |     on     |        on        |        
RUN-1001 :        infer_gsr        |    off     |       off        |        
RUN-1001 :      keep_hierarchy     |    auto    |       auto       |        
RUN-1001 :        max_fanout       |    9999    |       9999       |        
RUN-1001 :      max_oh2bin_len     |     10     |        10        |        
RUN-1001 :       merge_equal       |     on     |        on        |        
RUN-1001 :       merge_equiv       |     on     |        on        |        
RUN-1001 :        merge_mux        |    off     |       off        |        
RUN-1001 :     min_control_set     |     8      |        8         |        
RUN-1001 :      min_ripple_len     |    auto    |       auto       |        
RUN-1001 :       oh2bin_ratio      |    0.08    |       0.08       |        
RUN-1001 :     opt_adder_fanout    |     on     |        on        |        
RUN-1001 :        opt_arith        |     on     |        on        |        
RUN-1001 :       opt_big_gate      |    off     |       off        |        
RUN-1001 :        opt_const        |     on     |        on        |        
RUN-1001 :      opt_const_mult     |     on     |        on        |        
RUN-1001 :       opt_lessthan      |     on     |        on        |        
RUN-1001 :         opt_mux         |    off     |       off        |        
RUN-1001 :         opt_ram         |    high    |       high       |        
RUN-1001 :      rtl_sim_model      |     on     |       off        |   *    
RUN-1001 :         seq_syn         |     on     |        on        |        
RUN-1001 : --------------------------------------------------------------
SYN-1012 : SanityCheck: Model "responder"
SYN-1012 : SanityCheck: Model "Sel_module"
SYN-1012 : SanityCheck: Model "Timer_module"
SYN-1012 : SanityCheck: Model "Buzzer_module"
SYN-1012 : SanityCheck: Model "Digitron_NumDisplay"
SYN-1012 : SanityCheck: Model "key_filter"
SYN-1012 : SanityCheck: Model "led8_module"
SYN-1012 : SanityCheck: Model "countdown_module"
SYN-5065 CRITICAL-WARNING: Register "temp_time" in ../../countdown_module.v(20) is described with both an asynchronous reset and an asynchronous set.
SYN-1011 : Flatten model responder
SYN-1032 : 1217/48 useful/useless nets, 418/0 useful/useless insts
SYN-1001 : Optimize 17 less-than instances
SYN-1016 : Merged 133 instances.
SYN-1032 : 809/258 useful/useless nets, 204/108 useful/useless insts
SYN-1016 : Merged 49 instances.
SYN-5015 WARNING: Found latch in "responder", name: "U2/reg1_syn_2", d: "U2/Change_Time[0]", q: "U2/ROM[0]" // ../../Timer_module.v(24)
SYN-5015 WARNING: Found latch in "responder", name: "U2/reg1_syn_3", d: "U2/Change_Time[1]", q: "U2/ROM[1]" // ../../Timer_module.v(24)
SYN-5015 WARNING: Found latch in "responder", name: "U2/reg1_syn_4", d: "U2/Change_Time[2]", q: "U2/ROM[2]" // ../../Timer_module.v(24)
SYN-5015 WARNING: Found latch in "responder", name: "U2/reg1_syn_5", d: "U2/Change_Time[3]", q: "U2/ROM[3]" // ../../Timer_module.v(24)
SYN-5015 WARNING: Found latch in "responder", name: "U2/reg1_syn_6", d: "U2/Change_Time[4]", q: "U2/ROM[4]" // ../../Timer_module.v(24)
SYN-5015 WARNING: Found latch in "responder", name: "U2/reg1_syn_7", d: "U2/Change_Time[5]", q: "U2/ROM[5]" // ../../Timer_module.v(24)
SYN-5015 WARNING: Found latch in "responder", name: "U2/reg1_syn_8", d: "U2/Change_Time[6]", q: "U2/ROM[6]" // ../../Timer_module.v(24)
SYN-5015 WARNING: Found latch in "responder", name: "U2/reg1_syn_9", d: "U2/Change_Time[7]", q: "U2/ROM[7]" // ../../Timer_module.v(24)
SYN-5015 WARNING: Found latch in "responder", name: "U4/reg1_syn_2", d: "U4/sel2_syn_2[0]", q: "U4/SingleNum[0]" // ../../Digitron_NumDisplay.v(57)
SYN-5015 WARNING: Found latch in "responder", name: "U4/reg1_syn_3", d: "U4/sel2_syn_2[1]", q: "U4/SingleNum[1]" // ../../Digitron_NumDisplay.v(57)
SYN-5015 Similar messages will be suppressed.
SYN-5025 WARNING: Using 0 for all undriven pins and nets
SYN-1032 : 774/2 useful/useless nets, 608/81 useful/useless insts
SYN-1014 : Optimize round 1
SYN-1017 : Remove 1 const input seq instances
SYN-1002 :     U3/reg1_syn_11
SYN-1020 : Optimized 69 distributor mux.
SYN-1001 : Optimize 1 less-than instances
SYN-5043 CRITICAL-WARNING: Register "U7/temp_time[0]" in ../../countdown_module.v(20) is described with both an asynchronous reset/set and an initialization value of the opposite polarity.
SYN-1016 : Merged 127 instances.
SYN-1015 : Optimize round 1, 450 better
SYN-1014 : Optimize round 2
SYN-1044 : Optimized 1 inv instances.
SYN-1032 : 600/5 useful/useless nets, 435/92 useful/useless insts
SYN-1017 : Remove 1 const input seq instances
SYN-1002 :     U7/reg0_syn_6
SYN-1016 : Merged 2 instances.
SYN-1015 : Optimize round 2, 109 better
SYN-1032 : 596/10 useful/useless nets, 434/0 useful/useless insts
SYN-3003 : Optimized 1 equivalent DFF(s)
SYN-1032 : 594/2 useful/useless nets, 432/1 useful/useless insts
SYN-1014 : Optimize round 1
SYN-1019 : Optimized 1 mux instances.
SYN-1015 : Optimize round 1, 10 better
SYN-1014 : Optimize round 2
SYN-1032 : 583/5 useful/useless nets, 422/1 useful/useless insts
SYN-1019 : Optimized 1 mux instances.
SYN-1016 : Merged 1 instances.
SYN-1015 : Optimize round 2, 12 better
SYN-1014 : Optimize round 3
SYN-1032 : 578/3 useful/useless nets, 418/1 useful/useless insts
SYN-1017 : Remove 1 const input seq instances
SYN-1002 :     U2/reg1_syn_9
SYN-1019 : Optimized 3 mux instances.
SYN-1016 : Merged 1 instances.
SYN-1015 : Optimize round 3, 13 better
SYN-1014 : Optimize round 4
SYN-1032 : 567/5 useful/useless nets, 411/1 useful/useless insts
SYN-1017 : Remove 1 const input seq instances
SYN-1002 :     U2/reg1_syn_8
SYN-1019 : Optimized 3 mux instances.
SYN-1015 : Optimize round 4, 11 better
SYN-1014 : Optimize round 5
SYN-1032 : 558/3 useful/useless nets, 406/1 useful/useless insts
SYN-1015 : Optimize round 5, 3 better
SYN-1014 : Optimize round 6
SYN-1015 : Optimize round 6, 0 better
RUN-1002 : start command "write_verilog simulation/responder_rtl_sim.v"
HDL-1201 : write out verilog file simulation/responder_rtl_sim.v
RUN-1003 : finish command "write_verilog simulation/responder_rtl_sim.v" in  1.252150s wall, 0.875000s user + 0.000000s system = 0.875000s CPU (69.9%)

RUN-1004 : used memory is 100 MB, reserved memory is 67 MB, peak memory is 103 MB
RUN-1002 : start command "report_area -file responder_rtl.area"
RUN-1001 : standard
***Report Model: responder Device: EG4S20BG256***

IO Statistics
#IO                        35
  #input                    9
  #output                  26
  #inout                    0

Gate Statistics
#Basic gates              272
  #and                     27
  #nand                     0
  #or                       6
  #nor                      0
  #xor                      0
  #xnor                     0
  #buf                      0
  #not                     27
  #bufif1                   0
  #MX21                    21
  #FADD                     0
  #DFF                    177
  #LATCH                   14
#MACRO_ADD                 14
#MACRO_EQ                  18
#MACRO_MULT                 1
#MACRO_MUX                 99

Report Hierarchy Area:
+------------------------------------------------------+
|Instance |Module              |gates  |seq    |macros |
+------------------------------------------------------+
|top      |responder           |81     |191    |33     |
|  U1     |Sel_module          |36     |36     |2      |
|  U2     |Timer_module        |8      |42     |10     |
|  U3     |Buzzer_module       |6      |27     |4      |
|  U4     |Digitron_NumDisplay |5      |26     |7      |
|  U5     |key_filter          |16     |28     |2      |
|  U6     |led8_module         |0      |27     |3      |
|  U7     |countdown_module    |10     |5      |5      |
+------------------------------------------------------+

RUN-1002 : start command "export_db responder_rtl.db"
RUN-1001 : Exported /
RUN-1001 : Exported flow parameters
RUN-1001 : Exported libs
RUN-1001 : Exported entities
RUN-1001 : Exported ports
RUN-1001 : Exported pins
RUN-1001 : Exported instances
RUN-1001 : Exported nets
RUN-1001 : Exported buses
RUN-1001 : Exported models
RUN-1001 : Exported congestions
RUN-1001 : Exported violations
RUN-1001 : Exported IO constraints
RUN-1001 : Exported Inst constraints
RUN-1002 : start command "optimize_gate -packsim simulation/responder_gate_sim.v -maparea responder_gate.area"
RUN-1001 : Open license file C:/Anlogic/TD5.6.2/license/Anlogic.lic
RUN-1001 : Print Global Property
RUN-1001 : ---------------------------------------------------------------
RUN-1001 :        Parameters        |  Settings  |  Default Values  |  Note  
RUN-1001 : ---------------------------------------------------------------
RUN-1001 :          message         |  standard  |     standard     |        
RUN-1001 :   mixed_pack_place_flow  |     on     |        on        |        
RUN-1001 :        qor_monitor       |    off     |       off        |        
RUN-1001 :        syn_ip_flow       |    off     |       off        |        
RUN-1001 :          thread          |    auto    |       auto       |        
RUN-1001 : ---------------------------------------------------------------
RUN-1002 : start command "set_param gate gate_sim_model on"
RUN-1001 : Print Gate Property
RUN-1001 : ------------------------------------------------------------------
RUN-1001 :          Parameters         |  Settings  |  Default Values  |  Note  
RUN-1001 : ------------------------------------------------------------------
RUN-1001 :         cascade_dsp         |    off     |       off        |        
RUN-1001 :         cascade_eram        |    off     |       off        |        
RUN-1001 :        gate_sim_model       |     on     |       off        |   *    
RUN-1001 :        map_sim_model        |    off     |       off        |        
RUN-1001 :         map_strategy        |     1      |        1         |        
RUN-1001 :           opt_area          |   medium   |      medium      |        
RUN-1001 :          opt_timing         |    auto    |       auto       |        
RUN-1001 :         pack_effort         |   medium   |      medium      |        
RUN-1001 :      pack_lslice_ripple     |     on     |        on        |        
RUN-1001 :   pack_lslice_ripple_ratio  |    0.5     |       0.5        |        
RUN-1001 :        pack_seq_in_io       |    auto    |       auto       |        
RUN-1001 :        ph1_mux_ratio        |    1.0     |       1.0        |        
RUN-1001 :            report           |  standard  |     standard     |        
RUN-1001 :           retiming          |    off     |       off        |        
RUN-1001 : ------------------------------------------------------------------
SYN-1062 : Register "U7/reg0_syn_16" in ../../countdown_module.v(26) is described with both an asynchronous reset and an asynchronous set. Implement the asynchronous set logic of current register.
SYN-2001 : Map 35 IOs to PADs
SYN-1032 : 594/4 useful/useless nets, 442/4 useful/useless insts
RUN-1002 : start command "update_pll_param -module responder"
SYN-2501 : Processed 0 LOGIC_BUF instances.
SYN-2571 : Map 1 macro multiplier
SYN-2571 : Optimize after map_dsp, round 1
SYN-2571 : Optimize after map_dsp, round 1, 0 better
SYN-1001 : Throwback 43 control mux instances
SYN-2501 : Optimize round 1
SYN-1032 : 891/3 useful/useless nets, 741/0 useful/useless insts
SYN-1016 : Merged 10 instances.
SYN-2501 : Optimize round 1, 176 better
SYN-2501 : Optimize round 2
SYN-2501 : Optimize round 2, 0 better
SYN-2501 : Map 14 macro adder
SYN-3001 : Mapper mapped 15 instances into 1 LUTs, name keeping = 100%.
SYN-3001 : Mapper mapped 15 instances into 1 LUTs, name keeping = 100%.
SYN-3001 : Mapper mapped 15 instances into 1 LUTs, name keeping = 100%.
SYN-3001 : Mapper mapped 15 instances into 1 LUTs, name keeping = 100%.
SYN-3001 : Mapper mapped 15 instances into 1 LUTs, name keeping = 100%.
SYN-3001 : Mapper mapped 15 instances into 1 LUTs, name keeping = 100%.
SYN-3001 : Mapper mapped 15 instances into 1 LUTs, name keeping = 100%.
SYN-3001 : Mapper mapped 3 instances into 1 LUTs, name keeping = 100%.
SYN-3001 : Mapper mapped 3 instances into 1 LUTs, name keeping = 100%.
SYN-3001 : Mapper mapped 3 instances into 1 LUTs, name keeping = 100%.
SYN-2501 : Inferred 8 ROM instances
SYN-1019 : Optimized 2 mux instances.
SYN-1016 : Merged 23 instances.
SYN-1032 : 1036/5 useful/useless nets, 885/0 useful/useless insts
SYN-3001 : Running gate level optimization.
SYN-2581 : Mapping with K=5, #lut = 173 (3.23), #lev = 4 (2.90)
SYN-2551 : Post LUT mapping optimization.
SYN-2581 : Mapping with K=5, #lut = 173 (3.23), #lev = 4 (2.90)
SYN-3001 : Logic optimization runtime opt =   0.02 sec, map =   0.00 sec
SYN-3001 : Mapper mapped 505 instances into 178 LUTs, name keeping = 63%.
SYN-3001 : Mapper removed 1 lut buffers
RUN-1002 : start command "report_area -file responder_gate.area"
RUN-1001 : standard
***Report Model: responder Device: EG4S20BG256***

IO Statistics
#IO                        35
  #input                    9
  #output                  26
  #inout                    0

LUT Statistics
#Total_luts               329
  #lut4                   159
  #lut5                    26
  #lut6                     0
  #lut5_mx41                0
  #lut4_alu1b             144

Utilization Statistics
#lut                      329   out of  19600    1.68%
#reg                      189   out of  19600    0.96%
#le                         0
#dsp                        1   out of     29    3.45%
#bram                       0   out of     64    0.00%
  #bram9k                   0
  #fifo9k                   0
#bram32k                    0   out of     16    0.00%
#pad                       35   out of    188   18.62%
  #ireg                     4
  #oreg                    14
  #treg                     0
#pll                        0   out of      4    0.00%

Report Hierarchy Area:
+---------------------------------------------------------------------------+
|Instance |Module              |lut     |ripple  |seq     |bram    |dsp     |
+---------------------------------------------------------------------------+
|top      |responder           |185     |144     |207     |0       |1       |
|  U1     |Sel_module          |43      |26      |36      |0       |0       |
|  U2     |Timer_module        |42      |26      |42      |0       |0       |
|  U3     |Buzzer_module       |17      |24      |27      |0       |0       |
|  U4     |Digitron_NumDisplay |45      |17      |26      |0       |0       |
|  U5     |key_filter          |10      |21      |24      |0       |0       |
|  U6     |led8_module         |21      |24      |27      |0       |0       |
|  U7     |countdown_module    |7       |6       |7       |0       |1       |
+---------------------------------------------------------------------------+

SYN-1001 : Packing model "responder" ...
SYN-4010 : Pack lib has 58 rtl pack models with 25 top pack blocks
SYN-1014 : Optimize round 1
SYN-1015 : Optimize round 1, 0 better
SYN-4002 : Packing 189 DFF/LATCH to SEQ ...
SYN-4009 : Pack 3 carry chain into lslice
SYN-4007 : Packing 68 adder to BLE ...
SYN-4008 : Packed 68 adder and 40 SEQ to BLE.
SYN-4007 : Packing 0 gate4 to BLE ...
SYN-4008 : Packed 0 gate4 and 0 SEQ to BLE.
SYN-4012 : Packed 0 FxMUX
RUN-1002 : start command "write_verilog simulation/responder_gate_sim.v"
HDL-1201 : write out verilog file simulation/responder_gate_sim.v
RUN-1003 : finish command "optimize_gate -packsim simulation/responder_gate_sim.v -maparea responder_gate.area" in  1.377111s wall, 0.906250s user + 0.031250s system = 0.937500s CPU (68.1%)

RUN-1004 : used memory is 105 MB, reserved memory is 70 MB, peak memory is 108 MB
RUN-1002 : start command "legalize_phy_inst"
SYN-1011 : Flatten model responder
RUN-1002 : start command "export_db responder_gate.db"
RUN-1001 : Exported /
RUN-1001 : Exported flow parameters
RUN-1001 : Exported libs
RUN-1001 : Exported entities
RUN-1001 : Exported ports
RUN-1001 : Exported pins
RUN-1001 : Exported instances
RUN-1001 : Exported nets
RUN-1001 : Exported buses
RUN-1001 : Exported models
RUN-1001 : Exported congestions
RUN-1001 : Exported violations
RUN-1001 : Exported IO constraints
RUN-1001 : Exported Inst constraints
RUN-1002 : start command "backup_run_log run.log ../.logs/syn_1/td_20240727_200349.log"
