============================================================
   Tang Dynasty, V5.6.71036
      Copyright (c) 2012-2023 Anlogic Inc.
   Executable = C:/Anlogic/TD5.6.2/bin/td.exe
   Built at =   20:34:38 Mar 21 2023
   Run by =     Timmy
   Run Date =   Tue Jul 23 21:47:40 2024

   Run on =     DESKTOP-A28VB3Q
============================================================
RUN-1002 : start command "open_project responder.prj"
RUN-1001 : Print Global Property
RUN-1001 : ---------------------------------------------------------------
RUN-1001 :        Parameters        |  Settings  |  Default Values  |  Note  
RUN-1001 : ---------------------------------------------------------------
RUN-1001 :          message         |  standard  |     standard     |        
RUN-1001 :   mixed_pack_place_flow  |     on     |        on        |        
RUN-1001 :        qor_monitor       |    off     |       off        |        
RUN-1001 :        syn_ip_flow       |    off     |       off        |        
RUN-1001 :          thread          |    auto    |       auto       |        
RUN-1001 : ---------------------------------------------------------------
RUN-1001 : Print Design Property
RUN-1001 : --------------------------------------------------------------
RUN-1001 :        Parameters       |  Settings  |  Default Values  |  Note  
RUN-1001 : --------------------------------------------------------------
RUN-1001 :   default_reg_initial   |    auto    |       auto       |        
RUN-1001 :        infer_add        |     on     |        on        |        
RUN-1001 :        infer_fsm        |    off     |       off        |        
RUN-1001 :        infer_mult       |     on     |        on        |        
RUN-1001 :        infer_ram        |     on     |        on        |        
RUN-1001 :        infer_reg        |     on     |        on        |        
RUN-1001 :   infer_reg_init_value  |     on     |        on        |        
RUN-1001 :        infer_rom        |     on     |        on        |        
RUN-1001 :      infer_shifter      |     on     |        on        |        
RUN-1001 : --------------------------------------------------------------
RUN-1001 : Print Rtl Property
RUN-1001 : --------------------------------------------------------------
RUN-1001 :        Parameters       |  Settings  |  Default Values  |  Note  
RUN-1001 : --------------------------------------------------------------
RUN-1001 :       compress_add      |   ripple   |      ripple      |        
RUN-1001 :        elf_sload        |    off     |       off        |        
RUN-1001 :       fix_undriven      |     0      |        0         |        
RUN-1001 :         flatten         |    off     |       off        |        
RUN-1001 :       gate_sharing      |     on     |        on        |        
RUN-1001 :    hdl_warning_level    |   normal   |      normal      |        
RUN-1001 :   impl_internal_tribuf  |     on     |        on        |        
RUN-1001 :      impl_set_reset     |     on     |        on        |        
RUN-1001 :        infer_gsr        |    off     |       off        |        
RUN-1001 :      keep_hierarchy     |    auto    |       auto       |        
RUN-1001 :        max_fanout       |    9999    |       9999       |        
RUN-1001 :      max_oh2bin_len     |     10     |        10        |        
RUN-1001 :       merge_equal       |     on     |        on        |        
RUN-1001 :       merge_equiv       |     on     |        on        |        
RUN-1001 :        merge_mux        |    off     |       off        |        
RUN-1001 :     min_control_set     |     8      |        8         |        
RUN-1001 :      min_ripple_len     |    auto    |       auto       |        
RUN-1001 :       oh2bin_ratio      |    0.08    |       0.08       |        
RUN-1001 :     opt_adder_fanout    |     on     |        on        |        
RUN-1001 :        opt_arith        |     on     |        on        |        
RUN-1001 :       opt_big_gate      |    off     |       off        |        
RUN-1001 :        opt_const        |     on     |        on        |        
RUN-1001 :      opt_const_mult     |     on     |        on        |        
RUN-1001 :       opt_lessthan      |     on     |        on        |        
RUN-1001 :         opt_mux         |    off     |       off        |        
RUN-1001 :         opt_ram         |    high    |       high       |        
RUN-1001 :      rtl_sim_model      |    off     |       off        |        
RUN-1001 :         seq_syn         |     on     |        on        |        
RUN-1001 : --------------------------------------------------------------
HDL-1007 : analyze verilog file ../../responder.v
HDL-1007 : analyze verilog file ../../Sel_module.v
HDL-1007 : analyze verilog file ../../Timer_module.v
HDL-1007 : analyze verilog file ../../Buzzer_module.v
HDL-1007 : analyze verilog file ../../Digitron_NumDisplay.v
HDL-1007 : analyze verilog file ../../key_filter.v
RUN-1001 : Project manager successfully analyzed 6 source files.
RUN-1002 : start command "import_device eagle_s20.db -package EG4S20BG256"
ARC-1001 : Device Initialization.
ARC-1001 : ------------------------------------------------------------------
ARC-1001 :            OPTION            |          IO          |   SETTING   
ARC-1001 : ------------------------------------------------------------------
ARC-1001 :   cso_b/cclk/mosi/miso/dout  |  T3/R11/T10/P10/S11  |    gpio    
ARC-1001 :             done             |         P13          |    gpio    
ARC-1001 :           program_b          |          T2          |  dedicate  
ARC-1001 :        tdi/tms/tck/tdo       |   C12/A15/C14/E14    |  dedicate  
ARC-1001 : ------------------------------------------------------------------
ARC-1004 : Device setting, marked 5 dedicate IOs in total.
RUN-1002 : start command "elaborate -top responder"
RUN-1001 : Print Design Property
RUN-1001 : --------------------------------------------------------------
RUN-1001 :        Parameters       |  Settings  |  Default Values  |  Note  
RUN-1001 : --------------------------------------------------------------
RUN-1001 :   default_reg_initial   |    auto    |       auto       |        
RUN-1001 :        infer_add        |     on     |        on        |        
RUN-1001 :        infer_fsm        |    off     |       off        |        
RUN-1001 :        infer_mult       |     on     |        on        |        
RUN-1001 :        infer_ram        |     on     |        on        |        
RUN-1001 :        infer_reg        |     on     |        on        |        
RUN-1001 :   infer_reg_init_value  |     on     |        on        |        
RUN-1001 :        infer_rom        |     on     |        on        |        
RUN-1001 :      infer_shifter      |     on     |        on        |        
RUN-1001 : --------------------------------------------------------------
RUN-1001 : Print Rtl Property
RUN-1001 : --------------------------------------------------------------
RUN-1001 :        Parameters       |  Settings  |  Default Values  |  Note  
RUN-1001 : --------------------------------------------------------------
RUN-1001 :       compress_add      |   ripple   |      ripple      |        
RUN-1001 :        elf_sload        |    off     |       off        |        
RUN-1001 :       fix_undriven      |     0      |        0         |        
RUN-1001 :         flatten         |    off     |       off        |        
RUN-1001 :       gate_sharing      |     on     |        on        |        
RUN-1001 :    hdl_warning_level    |   normal   |      normal      |        
RUN-1001 :   impl_internal_tribuf  |     on     |        on        |        
RUN-1001 :      impl_set_reset     |     on     |        on        |        
RUN-1001 :        infer_gsr        |    off     |       off        |        
RUN-1001 :      keep_hierarchy     |    auto    |       auto       |        
RUN-1001 :        max_fanout       |    9999    |       9999       |        
RUN-1001 :      max_oh2bin_len     |     10     |        10        |        
RUN-1001 :       merge_equal       |     on     |        on        |        
RUN-1001 :       merge_equiv       |     on     |        on        |        
RUN-1001 :        merge_mux        |    off     |       off        |        
RUN-1001 :     min_control_set     |     8      |        8         |        
RUN-1001 :      min_ripple_len     |    auto    |       auto       |        
RUN-1001 :       oh2bin_ratio      |    0.08    |       0.08       |        
RUN-1001 :     opt_adder_fanout    |     on     |        on        |        
RUN-1001 :        opt_arith        |     on     |        on        |        
RUN-1001 :       opt_big_gate      |    off     |       off        |        
RUN-1001 :        opt_const        |     on     |        on        |        
RUN-1001 :      opt_const_mult     |     on     |        on        |        
RUN-1001 :       opt_lessthan      |     on     |        on        |        
RUN-1001 :         opt_mux         |    off     |       off        |        
RUN-1001 :         opt_ram         |    high    |       high       |        
RUN-1001 :      rtl_sim_model      |    off     |       off        |        
RUN-1001 :         seq_syn         |     on     |        on        |        
RUN-1001 : --------------------------------------------------------------
RUN-1001 : Print Global Property
RUN-1001 : ---------------------------------------------------------------
RUN-1001 :        Parameters        |  Settings  |  Default Values  |  Note  
RUN-1001 : ---------------------------------------------------------------
RUN-1001 :          message         |  standard  |     standard     |        
RUN-1001 :   mixed_pack_place_flow  |     on     |        on        |        
RUN-1001 :        qor_monitor       |    off     |       off        |        
RUN-1001 :        syn_ip_flow       |    off     |       off        |        
RUN-1001 :          thread          |    auto    |       auto       |        
RUN-1001 : ---------------------------------------------------------------
RUN-1001 : Print Design Property
RUN-1001 : --------------------------------------------------------------
RUN-1001 :        Parameters       |  Settings  |  Default Values  |  Note  
RUN-1001 : --------------------------------------------------------------
RUN-1001 :   default_reg_initial   |    auto    |       auto       |        
RUN-1001 :        infer_add        |     on     |        on        |        
RUN-1001 :        infer_fsm        |    off     |       off        |        
RUN-1001 :        infer_mult       |     on     |        on        |        
RUN-1001 :        infer_ram        |     on     |        on        |        
RUN-1001 :        infer_reg        |     on     |        on        |        
RUN-1001 :   infer_reg_init_value  |     on     |        on        |        
RUN-1001 :        infer_rom        |     on     |        on        |        
RUN-1001 :      infer_shifter      |     on     |        on        |        
RUN-1001 : --------------------------------------------------------------
HDL-1007 : elaborate module responder in ../../responder.v(1)
HDL-1007 : elaborate module key_filter in ../../key_filter.v(1)
HDL-1007 : elaborate module Sel_module in ../../Sel_module.v(1)
HDL-1007 : elaborate module Timer_module in ../../Timer_module.v(1)
HDL-1007 : elaborate module Buzzer_module in ../../Buzzer_module.v(1)
HDL-1007 : elaborate module Digitron_NumDisplay in ../../Digitron_NumDisplay.v(1)
HDL-5007 WARNING: latch inferred for net 'W_DigitronCS_Out[3]' in ../../Digitron_NumDisplay.v(34)
HDL-7007 CRITICAL-WARNING: 'TimerL' should be on the sensitivity list in ../../Digitron_NumDisplay.v(56)
HDL-7007 CRITICAL-WARNING: 'TimerH' should be on the sensitivity list in ../../Digitron_NumDisplay.v(57)
HDL-7007 CRITICAL-WARNING: 'Player_Number' should be on the sensitivity list in ../../Digitron_NumDisplay.v(58)
HDL-5007 WARNING: latch inferred for net 'SingleNum[3]' in ../../Digitron_NumDisplay.v(53)
HDL-1200 : Current top model is responder
HDL-1100 : Inferred 0 RAMs.
RUN-1002 : start command "export_db responder_elaborate.db"
RUN-1001 : Exported /
RUN-1001 : Exported flow parameters
RUN-1001 : Exported libs
RUN-1001 : Exported entities
RUN-1001 : Exported ports
RUN-1001 : Exported pins
RUN-1001 : Exported instances
RUN-1001 : Exported nets
RUN-1001 : Exported buses
RUN-1001 : Exported models
RUN-1001 : Exported congestions
RUN-1001 : Exported violations
RUN-1001 : Exported IO constraints
RUN-1001 : Exported Inst constraints
RUN-1002 : start command "read_adc ../../responder.adc"
RUN-1002 : start command "set_pin_assignment  Buzzer_Out   LOCATION = H11; IOSTANDARD = LVCMOS33; "
RUN-1002 : start command "set_pin_assignment  CLK   LOCATION = R7; IOSTANDARD = LVCMOS33; "
RUN-1002 : start command "set_pin_assignment  DigitronCS_Out[0]   LOCATION = C9; IOSTANDARD = LVCMOS33; "
RUN-1002 : start command "set_pin_assignment  DigitronCS_Out[1]   LOCATION = B6; IOSTANDARD = LVCMOS33; "
RUN-1002 : start command "set_pin_assignment  DigitronCS_Out[2]   LOCATION = A5; IOSTANDARD = LVCMOS33; "
RUN-1002 : start command "set_pin_assignment  DigitronCS_Out[3]   LOCATION = A3; IOSTANDARD = LVCMOS33; "
RUN-1002 : start command "set_pin_assignment  Digitron_Out[0]   LOCATION = A4; IOSTANDARD = LVCMOS33; "
RUN-1002 : start command "set_pin_assignment  Digitron_Out[1]   LOCATION = A6; IOSTANDARD = LVCMOS33; "
RUN-1002 : start command "set_pin_assignment  Digitron_Out[2]   LOCATION = B8; IOSTANDARD = LVCMOS33; "
RUN-1002 : start command "set_pin_assignment  Digitron_Out[3]   LOCATION = E8; IOSTANDARD = LVCMOS33; "
RUN-1002 : start command "set_pin_assignment  Digitron_Out[4]   LOCATION = A7; IOSTANDARD = LVCMOS33; "
RUN-1002 : start command "set_pin_assignment  Digitron_Out[5]   LOCATION = B5; IOSTANDARD = LVCMOS33; "
RUN-1002 : start command "set_pin_assignment  Digitron_Out[6]   LOCATION = A8; IOSTANDARD = LVCMOS33; "
RUN-1002 : start command "set_pin_assignment  Digitron_Out[7]   LOCATION = C8; IOSTANDARD = LVCMOS33; "
RUN-1002 : start command "set_pin_assignment  Key_In[0]   LOCATION = E11; IOSTANDARD = LVCMOS33; "
RUN-1002 : start command "set_pin_assignment  Key_In[1]   LOCATION = D11; IOSTANDARD = LVCMOS33; "
RUN-1002 : start command "set_pin_assignment  Key_In[2]   LOCATION = C11; IOSTANDARD = LVCMOS33; "
RUN-1002 : start command "set_pin_assignment  Key_In[3]   LOCATION = F10; IOSTANDARD = LVCMOS33; "
RUN-1002 : start command "set_pin_assignment  LED_Out[0]   LOCATION = B14; IOSTANDARD = LVCMOS33; "
RUN-1002 : start command "set_pin_assignment  LED_Out[1]   LOCATION = B15; IOSTANDARD = LVCMOS33; "
RUN-1002 : start command "set_pin_assignment  LED_Out[2]   LOCATION = B16; IOSTANDARD = LVCMOS33; "
RUN-1002 : start command "set_pin_assignment  LED_Out[3]   LOCATION = C15; IOSTANDARD = LVCMOS33; "
RUN-1002 : start command "set_pin_assignment  LED_OverTime_Out   LOCATION = F16; IOSTANDARD = LVCMOS33; "
RUN-1002 : start command "set_pin_assignment  RSTn   LOCATION = A9; IOSTANDARD = LVCMOS33; "
RUN-1002 : start command "set_pin_assignment  Start   LOCATION = A10; IOSTANDARD = LVCMOS33; "
RUN-1002 : start command "set_pin_assignment  Key_Row[0]   LOCATION = D9; IOSTANDARD = LVCMOS33; "
RUN-1002 : start command "set_pin_assignment  Key_Row[1]   LOCATION = F9; IOSTANDARD = LVCMOS33; "
RUN-1002 : start command "set_pin_assignment  Key_Row[2]   LOCATION = C10; IOSTANDARD = LVCMOS33; "
RUN-1002 : start command "set_pin_assignment  Key_Row[3]   LOCATION = E10; IOSTANDARD = LVCMOS33; "
RUN-1001 : Starting of IO setups legality check.
RUN-1001 : Starting of IO setups legality check.
RUN-1001 : Starting of IO vref setups legality check.
RUN-1002 : start command "optimize_rtl"
RUN-1001 : Open license file C:/Anlogic/TD5.6.2/license/Anlogic.lic
RUN-1001 : Print Global Property
RUN-1001 : ---------------------------------------------------------------
RUN-1001 :        Parameters        |  Settings  |  Default Values  |  Note  
RUN-1001 : ---------------------------------------------------------------
RUN-1001 :          message         |  standard  |     standard     |        
RUN-1001 :   mixed_pack_place_flow  |     on     |        on        |        
RUN-1001 :        qor_monitor       |    off     |       off        |        
RUN-1001 :        syn_ip_flow       |    off     |       off        |        
RUN-1001 :          thread          |    auto    |       auto       |        
RUN-1001 : ---------------------------------------------------------------
RUN-1001 : Print Rtl Property
RUN-1001 : --------------------------------------------------------------
RUN-1001 :        Parameters       |  Settings  |  Default Values  |  Note  
RUN-1001 : --------------------------------------------------------------
RUN-1001 :       compress_add      |   ripple   |      ripple      |        
RUN-1001 :        elf_sload        |    off     |       off        |        
RUN-1001 :       fix_undriven      |     0      |        0         |        
RUN-1001 :         flatten         |    off     |       off        |        
RUN-1001 :       gate_sharing      |     on     |        on        |        
RUN-1001 :    hdl_warning_level    |   normal   |      normal      |        
RUN-1001 :   impl_internal_tribuf  |     on     |        on        |        
RUN-1001 :      impl_set_reset     |     on     |        on        |        
RUN-1001 :        infer_gsr        |    off     |       off        |        
RUN-1001 :      keep_hierarchy     |    auto    |       auto       |        
RUN-1001 :        max_fanout       |    9999    |       9999       |        
RUN-1001 :      max_oh2bin_len     |     10     |        10        |        
RUN-1001 :       merge_equal       |     on     |        on        |        
RUN-1001 :       merge_equiv       |     on     |        on        |        
RUN-1001 :        merge_mux        |    off     |       off        |        
RUN-1001 :     min_control_set     |     8      |        8         |        
RUN-1001 :      min_ripple_len     |    auto    |       auto       |        
RUN-1001 :       oh2bin_ratio      |    0.08    |       0.08       |        
RUN-1001 :     opt_adder_fanout    |     on     |        on        |        
RUN-1001 :        opt_arith        |     on     |        on        |        
RUN-1001 :       opt_big_gate      |    off     |       off        |        
RUN-1001 :        opt_const        |     on     |        on        |        
RUN-1001 :      opt_const_mult     |     on     |        on        |        
RUN-1001 :       opt_lessthan      |     on     |        on        |        
RUN-1001 :         opt_mux         |    off     |       off        |        
RUN-1001 :         opt_ram         |    high    |       high       |        
RUN-1001 :      rtl_sim_model      |    off     |       off        |        
RUN-1001 :         seq_syn         |     on     |        on        |        
RUN-1001 : --------------------------------------------------------------
SYN-1012 : SanityCheck: Model "responder"
SYN-1012 : SanityCheck: Model "Sel_module"
SYN-1012 : SanityCheck: Model "Timer_module"
SYN-1012 : SanityCheck: Model "Buzzer_module"
SYN-1012 : SanityCheck: Model "Digitron_NumDisplay"
SYN-1012 : SanityCheck: Model "key_filter"
SYN-1011 : Flatten model responder
SYN-1032 : 768/19 useful/useless nets, 206/0 useful/useless insts
SYN-1016 : Merged 43 instances.
SYN-1032 : 648/118 useful/useless nets, 146/37 useful/useless insts
SYN-1016 : Merged 39 instances.
SYN-5015 WARNING: Found latch in "responder", name: "U4/reg1_syn_2", d: "U4/sel1_syn_2[0]", q: "U4/SingleNum[0]" // ../../Digitron_NumDisplay.v(53)
SYN-5015 WARNING: Found latch in "responder", name: "U4/reg1_syn_3", d: "U4/sel1_syn_2[1]", q: "U4/SingleNum[1]" // ../../Digitron_NumDisplay.v(53)
SYN-5015 WARNING: Found latch in "responder", name: "U4/reg1_syn_4", d: "U4/sel1_syn_2[2]", q: "U4/SingleNum[2]" // ../../Digitron_NumDisplay.v(53)
SYN-5015 WARNING: Found latch in "responder", name: "U4/reg1_syn_5", d: "U4/sel1_syn_2[3]", q: "U4/SingleNum[3]" // ../../Digitron_NumDisplay.v(53)
SYN-5015 WARNING: Found latch in "responder", name: "U4/reg2_syn_2", d: "U4/W_DigitronCS_Out_b[0]", q: "DigitronCS_Out[0]" // ../../Digitron_NumDisplay.v(34)
SYN-5015 WARNING: Found latch in "responder", name: "U4/reg2_syn_3", d: "U4/W_DigitronCS_Out_b[1]", q: "DigitronCS_Out[1]" // ../../Digitron_NumDisplay.v(34)
SYN-5015 WARNING: Found latch in "responder", name: "U4/reg2_syn_4", d: "U4/W_DigitronCS_Out_b[2]", q: "DigitronCS_Out[2]" // ../../Digitron_NumDisplay.v(34)
SYN-5015 WARNING: Found latch in "responder", name: "U4/reg2_syn_5", d: "U4/W_DigitronCS_Out_b[3]", q: "DigitronCS_Out[3]" // ../../Digitron_NumDisplay.v(34)
SYN-5015 WARNING: Found latch in "responder", name: "U4/reg3_syn_2", d: "U4/W_Digitron_Out_b[0]", q: "Digitron_Out[0]" // ../../Digitron_NumDisplay.v(53)
SYN-5015 WARNING: Found latch in "responder", name: "U4/reg3_syn_3", d: "U4/W_Digitron_Out_b[1]", q: "Digitron_Out[1]" // ../../Digitron_NumDisplay.v(53)
SYN-5015 Similar messages will be suppressed.
SYN-5025 WARNING: Using 0 for all undriven pins and nets
SYN-1032 : 618/0 useful/useless nets, 501/57 useful/useless insts
SYN-1014 : Optimize round 1
SYN-1017 : Remove 1 const input seq instances
SYN-1002 :     U3/reg1_syn_19
SYN-1019 : Optimized 1 mux instances.
SYN-1020 : Optimized 77 distributor mux.
SYN-1016 : Merged 144 instances.
SYN-1015 : Optimize round 1, 438 better
SYN-1014 : Optimize round 2
SYN-1044 : Optimized 1 inv instances.
SYN-1032 : 435/1 useful/useless nets, 318/100 useful/useless insts
SYN-1015 : Optimize round 2, 102 better
SYN-1032 : 433/0 useful/useless nets, 316/1 useful/useless insts
SYN-3003 : Optimized 2 equivalent DFF(s)
SYN-3004 : Optimized 29 const0 DFF(s)
SYN-3008 : Optimized 4 const1 DFF(s)
SYN-3003 : Optimized 1 equivalent DFF(s)
SYN-1032 : 261/172 useful/useless nets, 191/89 useful/useless insts
SYN-1014 : Optimize round 1
SYN-1016 : Merged 2 instances.
SYN-1015 : Optimize round 1, 7 better
SYN-1014 : Optimize round 2
SYN-1032 : 257/1 useful/useless nets, 187/0 useful/useless insts
SYN-1019 : Optimized 1 mux instances.
SYN-1015 : Optimize round 2, 1 better
SYN-1014 : Optimize round 3
SYN-1015 : Optimize round 3, 0 better
RUN-1002 : start command "report_area -file responder_rtl.area"
RUN-1001 : standard
***Report Model: responder Device: EG4S20BG256***

IO Statistics
#IO                        29
  #input                    7
  #output                  22
  #inout                    0

Gate Statistics
#Basic gates              121
  #and                      8
  #nand                     0
  #or                       3
  #nor                      0
  #xor                      0
  #xnor                     0
  #buf                      0
  #not                      7
  #bufif1                   0
  #MX21                     5
  #FADD                     0
  #DFF                     83
  #LATCH                   15
#MACRO_ADD                  8
#MACRO_EQ                  12
#MACRO_MUX                 43

Report Hierarchy Area:
+------------------------------------------------------+
|Instance |Module              |gates  |seq    |macros |
+------------------------------------------------------+
|top      |responder           |23     |98     |20     |
|  U1     |Sel_module          |2      |1      |1      |
|  U2     |Timer_module        |11     |35     |8      |
|  U3     |Buzzer_module       |5      |29     |4      |
|  U4     |Digitron_NumDisplay |5      |33     |7      |
+------------------------------------------------------+

RUN-1002 : start command "export_db responder_rtl.db"
RUN-1001 : Exported /
RUN-1001 : Exported flow parameters
RUN-1001 : Exported libs
RUN-1001 : Exported entities
RUN-1001 : Exported ports
RUN-1001 : Exported pins
RUN-1001 : Exported instances
RUN-1001 : Exported nets
RUN-1001 : Exported buses
RUN-1001 : Exported models
RUN-1001 : Exported congestions
RUN-1001 : Exported violations
RUN-1001 : Exported IO constraints
RUN-1001 : Exported Inst constraints
RUN-1002 : start command "optimize_gate -maparea responder_gate.area"
RUN-1001 : Open license file C:/Anlogic/TD5.6.2/license/Anlogic.lic
RUN-1001 : Print Global Property
RUN-1001 : ---------------------------------------------------------------
RUN-1001 :        Parameters        |  Settings  |  Default Values  |  Note  
RUN-1001 : ---------------------------------------------------------------
RUN-1001 :          message         |  standard  |     standard     |        
RUN-1001 :   mixed_pack_place_flow  |     on     |        on        |        
RUN-1001 :        qor_monitor       |    off     |       off        |        
RUN-1001 :        syn_ip_flow       |    off     |       off        |        
RUN-1001 :          thread          |    auto    |       auto       |        
RUN-1001 : ---------------------------------------------------------------
RUN-1001 : Print Gate Property
RUN-1001 : ------------------------------------------------------------------
RUN-1001 :          Parameters         |  Settings  |  Default Values  |  Note  
RUN-1001 : ------------------------------------------------------------------
RUN-1001 :         cascade_dsp         |    off     |       off        |        
RUN-1001 :         cascade_eram        |    off     |       off        |        
RUN-1001 :        gate_sim_model       |    off     |       off        |        
RUN-1001 :        map_sim_model        |    off     |       off        |        
RUN-1001 :         map_strategy        |     1      |        1         |        
RUN-1001 :           opt_area          |   medium   |      medium      |        
RUN-1001 :          opt_timing         |    auto    |       auto       |        
RUN-1001 :         pack_effort         |   medium   |      medium      |        
RUN-1001 :      pack_lslice_ripple     |     on     |        on        |        
RUN-1001 :   pack_lslice_ripple_ratio  |    0.5     |       0.5        |        
RUN-1001 :        pack_seq_in_io       |    auto    |       auto       |        
RUN-1001 :        ph1_mux_ratio        |    1.0     |       1.0        |        
RUN-1001 :            report           |  standard  |     standard     |        
RUN-1001 :           retiming          |    off     |       off        |        
RUN-1001 : ------------------------------------------------------------------
SYN-2001 : Map 29 IOs to PADs
SYN-1032 : 278/7 useful/useless nets, 208/7 useful/useless insts
RUN-1002 : start command "update_pll_param -module responder"
SYN-2501 : Processed 0 LOGIC_BUF instances.
SYN-2571 : Optimize after map_dsp, round 1
SYN-2571 : Optimize after map_dsp, round 1, 0 better
SYN-1001 : Throwback 23 control mux instances
SYN-2501 : Optimize round 1
SYN-1016 : Merged 12 instances.
SYN-2501 : Optimize round 1, 96 better
SYN-2501 : Optimize round 2
SYN-2501 : Optimize round 2, 0 better
SYN-2501 : Map 8 macro adder
SYN-3001 : Mapper mapped 15 instances into 1 LUTs, name keeping = 100%.
SYN-3001 : Mapper mapped 3 instances into 1 LUTs, name keeping = 100%.
SYN-3001 : Mapper mapped 3 instances into 1 LUTs, name keeping = 100%.
SYN-3001 : Mapper mapped 3 instances into 1 LUTs, name keeping = 100%.
SYN-3001 : Mapper mapped 15 instances into 1 LUTs, name keeping = 100%.
SYN-3001 : Mapper mapped 15 instances into 1 LUTs, name keeping = 100%.
SYN-3001 : Mapper mapped 15 instances into 1 LUTs, name keeping = 100%.
SYN-3001 : Mapper mapped 15 instances into 1 LUTs, name keeping = 100%.
SYN-3001 : Mapper mapped 15 instances into 1 LUTs, name keeping = 100%.
SYN-3001 : Mapper mapped 15 instances into 1 LUTs, name keeping = 100%.
SYN-3001 : Mapper mapped 15 instances into 1 LUTs, name keeping = 100%.
SYN-2501 : Inferred 9 ROM instances
SYN-1019 : Optimized 2 mux instances.
SYN-1016 : Merged 15 instances.
SYN-1032 : 507/5 useful/useless nets, 438/0 useful/useless insts
SYN-3001 : Running gate level optimization.
SYN-2581 : Mapping with K=5, #lut = 80 (3.19), #lev = 4 (2.56)
SYN-2551 : Post LUT mapping optimization.
SYN-2581 : Mapping with K=5, #lut = 79 (3.54), #lev = 3 (2.12)
SYN-3001 : Logic optimization runtime opt =   0.01 sec, map =   0.00 sec
SYN-3001 : Mapper mapped 239 instances into 86 LUTs, name keeping = 67%.
SYN-3001 : Mapper removed 2 lut buffers
RUN-1002 : start command "report_area -file responder_gate.area"
RUN-1001 : standard
***Report Model: responder Device: EG4S20BG256***

IO Statistics
#IO                        29
  #input                    7
  #output                  22
  #inout                    0

LUT Statistics
#Total_luts               160
  #lut4                    81
  #lut5                    12
  #lut6                     0
  #lut5_mx41                0
  #lut4_alu1b              67

Utilization Statistics
#lut                      160   out of  19600    0.82%
#reg                       91   out of  19600    0.46%
#le                         0
#dsp                        0   out of     29    0.00%
#bram                       0   out of     64    0.00%
  #bram9k                   0
  #fifo9k                   0
#bram32k                    0   out of     16    0.00%
#pad                       29   out of    188   15.43%
  #ireg                     0
  #oreg                    13
  #treg                     0
#pll                        0   out of      4    0.00%

Report Hierarchy Area:
+---------------------------------------------------------------------------+
|Instance |Module              |lut     |ripple  |seq     |bram    |dsp     |
+---------------------------------------------------------------------------+
|top      |responder           |93      |67      |104     |0       |0       |
|  U1     |Sel_module          |1       |0       |1       |0       |0       |
|  U2     |Timer_module        |35      |26      |35      |0       |0       |
|  U3     |Buzzer_module       |17      |24      |29      |0       |0       |
|  U4     |Digitron_NumDisplay |40      |17      |26      |0       |0       |
+---------------------------------------------------------------------------+

SYN-1001 : Packing model "responder" ...
SYN-4010 : Pack lib has 58 rtl pack models with 25 top pack blocks
SYN-1014 : Optimize round 1
SYN-1017 : Remove 1 const input seq instances
SYN-1002 :     U3/reg1_syn_11
SYN-1015 : Optimize round 1, 1 better
SYN-1014 : Optimize round 2
SYN-1032 : 344/0 useful/useless nets, 282/1 useful/useless insts
SYN-1015 : Optimize round 2, 0 better
SYN-4002 : Packing 90 DFF/LATCH to SEQ ...
SYN-4009 : Pack 2 carry chain into lslice
SYN-4007 : Packing 17 adder to BLE ...
SYN-4008 : Packed 17 adder and 9 SEQ to BLE.
SYN-4007 : Packing 0 gate4 to BLE ...
SYN-4008 : Packed 0 gate4 and 0 SEQ to BLE.
SYN-4012 : Packed 0 FxMUX
RUN-1002 : start command "legalize_phy_inst"
SYN-1011 : Flatten model responder
RUN-1002 : start command "export_db responder_gate.db"
RUN-1001 : Exported /
RUN-1001 : Exported flow parameters
RUN-1001 : Exported libs
RUN-1001 : Exported entities
RUN-1001 : Exported ports
RUN-1001 : Exported pins
RUN-1001 : Exported instances
RUN-1001 : Exported nets
RUN-1001 : Exported buses
RUN-1001 : Exported models
RUN-1001 : Exported congestions
RUN-1001 : Exported violations
RUN-1001 : Exported IO constraints
RUN-1001 : Exported Inst constraints
RUN-1002 : start command "backup_run_log run.log ../.logs/syn_1/td_20240723_214740.log"
