============================================================
   Tang Dynasty, V5.6.56362
   Copyright (c) 2012-2022 Anlogic
   Executable = C:/Anlogic/TD5.6.56362/bin/td.exe
   Built at =   19:51:00 Jul 25 2022
   Run by =     Frank
   Run Date =   Tue Nov 28 14:10:17 2023

   Run on =     DESKTOP-C83U48A
============================================================
RUN-1001 : open_run phy_1.
RUN-1002 : start command "import_db F:/BaiduNetdiskDownload/Anlogic/Codes_Basic/Codes_Basic/Codes/7 responder/responder/responder_Runs/phy_1/responder_pr.db"
RUN-1001 : Importing database generated by Tang Dynasty, V4.6.30127.
RUN-8022 ERROR: Failed to import database; current release not supports old database version less than 46130.
RUN-8001 ERROR: Open run error: cannot import db file F:/BaiduNetdiskDownload/Anlogic/Codes_Basic/Codes_Basic/Codes/7 responder/responder/responder_Runs/phy_1/responder_pr.db
RUN-1002 : start command "report_timing"
RUN-1002 : start command "start_timer"
TMR-8003 ERROR: Please import a netlist at first.
RUN-1001 : set_run_property phy_1 -flow_property BitgenProperty::GeneralOption::bin_compress::off.
RUN-1001 : set_run_property phy_1 -flow_property BitgenProperty::GeneralOption::header:: .
RUN-1001 : set_run_property phy_1 -flow_property BitgenProperty::GeneralOption::id:: .
RUN-1001 : set_run_property phy_1 -flow_property BitgenProperty::GeneralOption::unused_io_status::pulldown.
HDL-1007 : analyze verilog file responder.v
RUN-1001 : reset_run syn_1 phy_1.
RUN-1001 : launch_runs syn_1 phy_1  -jobs 6.
RUN-1001 : syn_1: run complete.
RUN-1001 : phy_1: run complete.
RUN-1001 : open_run phy_1.
RUN-1002 : start command "import_db F:/BaiduNetdiskDownload/Anlogic/Codes_Basic/Codes_Basic/Codes/7 responder/responder/responder_Runs/phy_1/responder_pr.db"
RUN-1001 : Importing database generated by Tang Dynasty, V5.6.56362.
RUN-1001 : Database version number 46140.
RUN-1001 : Import flow parameters
PHY-1001 : Generate detailed routing grids ...
PHY-1001 : Generate nets ...
PHY-1001 : net CLK_dup_1 will be routed on clock mesh
PHY-1001 : clock net U2/CLK1_syn_4 will be merged with clock U2/CLK1
PHY-1001 : clock net U4/W_Digitron_Out_n_syn_11 will be merged with clock U4/W_Digitron_Out_n
PHY-1001 : clock net U4/W_DigitronCS_Out_n_syn_3 will be merged with clock U4/W_DigitronCS_Out_n
PHY-1001 : clock net U4/SingleNum_b_n4_syn_10 will be merged with clock U4/SingleNum_b_n4
PHY-1001 : eco open net = 0
PHY-1001 : 2 feed throughs used by 2 nets
RUN-1001 : Import timing constraints
RUN-1001 : Import IO constraints
RUN-1001 : Import Inst constraints
RUN-1001 : Import design success TD_VERSION=5.6.56362 , DB_VERSION=46140
RUN-1003 : finish command "import_db F:/BaiduNetdiskDownload/Anlogic/Codes_Basic/Codes_Basic/Codes/7 responder/responder/responder_Runs/phy_1/responder_pr.db" in  3.110627s wall, 2.968750s user + 0.046875s system = 3.015625s CPU (96.9%)

RUN-1004 : used memory is 457 MB, reserved memory is 419 MB, peak memory is 487 MB
RUN-1002 : start command "report_timing"
RUN-1002 : start command "start_timer"
RUN-1002 : start command "end_timer"
RUN-1002 : start command "download -bit responder_Runs\phy_1\responder.bit -mode jtag -spd 7 -sec 64 -cable 0"
PRG-2014 : Chip validation success: EAGLE_S20_BG256
RUN-1002 : start command "bit_to_vec -chip EAGLE_S20_BG256 -m jtag_burst -freq 4 -bit responder_Runs/phy_1/responder.bit"
RUN-1002 : start command "program -cable 0 -mode svf -spd 7 -p"
RUN-1003 : finish command "program -cable 0 -mode svf -spd 7 -p" in  6.288090s wall, 0.093750s user + 0.296875s system = 0.390625s CPU (6.2%)

RUN-1004 : used memory is 529 MB, reserved memory is 471 MB, peak memory is 544 MB
RUN-1003 : finish command "download -bit responder_Runs\phy_1\responder.bit -mode jtag -spd 7 -sec 64 -cable 0" in  6.489586s wall, 0.156250s user + 0.359375s system = 0.515625s CPU (7.9%)

RUN-1004 : used memory is 529 MB, reserved memory is 471 MB, peak memory is 544 MB
GUI-1001 : Download success!
