============================================================
   Tang Dynasty, V5.6.71036
      Copyright (c) 2012-2023 Anlogic Inc.
   Executable = C:/Anlogic/TD5.6.2/bin/td.exe
   Built at =   20:34:38 Mar 21 2023
   Run by =     Timmy
   Run Date =   Fri Jul 26 16:30:36 2024

   Run on =     DESKTOP-A28VB3Q
============================================================
RUN-1001 : open_run phy_1.
RUN-1002 : start command "import_db C:/Users/Timmy/Desktop/summerschool/wk3-4/Codes_Basic_V561/Codes_Basic/Codes/7 responder/responder/responder_Runs/phy_1/responder_pr.db"
RUN-1001 : Importing database generated by Tang Dynasty, V5.6.71036.
RUN-1001 : Database version number 46146.
RUN-1001 : Import flow parameters
PHY-1001 : Generate detailed routing grids ...
PHY-1001 : Processed IO instance DigitronCS_Out[3]_syn_2 with INV attribute.
PHY-1001 : Processed IO instance DigitronCS_Out[2]_syn_2 with INV attribute.
PHY-1001 : Processed IO instance DigitronCS_Out[1]_syn_2 with INV attribute.
PHY-1001 : Processed IO instance DigitronCS_Out[0]_syn_2 with INV attribute.
PHY-1001 : Processed IO instance Digitron_Out[6]_syn_2 with INV attribute.
PHY-1001 : Processed IO instance Digitron_Out[5]_syn_2 with INV attribute.
PHY-1001 : Processed IO instance Digitron_Out[4]_syn_2 with INV attribute.
PHY-1001 : Processed IO instance Digitron_Out[3]_syn_2 with INV attribute.
PHY-1001 : Processed IO instance Digitron_Out[2]_syn_2 with INV attribute.
PHY-1001 : Processed IO instance Digitron_Out[1]_syn_2 with INV attribute.
PHY-1001 : Processed IO instance Digitron_Out[0]_syn_2 with INV attribute.
PHY-1001 : Generate nets ...
PHY-1001 : net CLK_dup_1 will be routed on clock mesh
PHY-1001 : clock net U2/CLK1_syn_4 will be merged with clock U2/CLK1
PHY-1001 : clock net U4/SingleNum_b_n4_syn_10 will be merged with clock U4/SingleNum_b_n4
PHY-1001 : clock net U4/W_DigitronCS_Out_n_syn_4 will be merged with clock U4/W_DigitronCS_Out_n
PHY-1001 : clock net U4/W_Digitron_Out_n_syn_2 will be merged with clock U4/W_Digitron_Out_n
PHY-1001 : eco open net = 0
PHY-1001 : 1 feed throughs used by 1 nets
RUN-1001 : Import IO constraints
RUN-1001 : Import Inst constraints
RUN-1001 : Import design success TD_VERSION=5.6.71036 , DB_VERSION=46146
RUN-1003 : finish command "import_db C:/Users/Timmy/Desktop/summerschool/wk3-4/Codes_Basic_V561/Codes_Basic/Codes/7 responder/responder/responder_Runs/phy_1/responder_pr.db" in  4.471659s wall, 3.265625s user + 0.062500s system = 3.328125s CPU (74.4%)

RUN-1004 : used memory is 446 MB, reserved memory is 411 MB, peak memory is 446 MB
RUN-1002 : start command "download -bit responder_Runs\phy_1\responder.bit -mode jtag -spd 7 -sec 64 -cable 0"
PRG-2014 : Chip validation success: EAGLE_S20_BG256
RUN-1002 : start command "bit_to_vec -chip EAGLE_S20_BG256 -m jtag_burst -freq 4 -bit responder_Runs/phy_1/responder.bit"
RUN-1002 : start command "program -cable 0 -mode svf -spd 7 -p"
RUN-1003 : finish command "program -cable 0 -mode svf -spd 7 -p" in  6.971192s wall, 0.093750s user + 0.203125s system = 0.296875s CPU (4.3%)

RUN-1004 : used memory is 506 MB, reserved memory is 466 MB, peak memory is 521 MB
RUN-1003 : finish command "download -bit responder_Runs\phy_1\responder.bit -mode jtag -spd 7 -sec 64 -cable 0" in  7.254977s wall, 0.187500s user + 0.234375s system = 0.421875s CPU (5.8%)

RUN-1004 : used memory is 506 MB, reserved memory is 466 MB, peak memory is 521 MB
GUI-1001 : Downloading succeeded!
HDL-1007 : analyze verilog file Buzzer_module.v
HDL-1007 : analyze verilog file Buzzer_module.v
HDL-1007 : analyze verilog file Sel_module.v
HDL-1007 : analyze verilog file Sel_module.v
RUN-1001 : reset_run syn_1 phy_1.
RUN-6001 WARNING: Failed to reset phy_1: some files can't be removed in C:/Users/Timmy/Desktop/summerschool/wk3-4/Codes_Basic_V561/Codes_Basic/Codes/7 responder/responder/responder_Runs/phy_1
GUI-6001 WARNING: File C:/Users/Timmy/Desktop/summerschool/wk3-4/Codes_Basic_V561/Codes_Basic/Codes/7 responder/responder/responder_Runs/phy_1/responder.bit does not exist!
RUN-1001 : launch_runs syn_1 phy_1  -jobs 6.
RUN-1001 : syn_1: run complete.
RUN-1001 : phy_1: run complete.
RUN-1001 : open_run phy_1.
RUN-1002 : start command "import_db C:/Users/Timmy/Desktop/summerschool/wk3-4/Codes_Basic_V561/Codes_Basic/Codes/7 responder/responder/responder_Runs/phy_1/responder_pr.db"
RUN-1001 : Importing database generated by Tang Dynasty, V5.6.71036.
RUN-1001 : Database version number 46146.
RUN-1001 : Import flow parameters
PHY-1001 : Generate detailed routing grids ...
PHY-1001 : Processed IO instance DigitronCS_Out[3]_syn_2 with INV attribute.
PHY-1001 : Processed IO instance DigitronCS_Out[2]_syn_2 with INV attribute.
PHY-1001 : Processed IO instance DigitronCS_Out[1]_syn_2 with INV attribute.
PHY-1001 : Processed IO instance DigitronCS_Out[0]_syn_2 with INV attribute.
PHY-1001 : Processed IO instance Digitron_Out[6]_syn_2 with INV attribute.
PHY-1001 : Processed IO instance Digitron_Out[5]_syn_2 with INV attribute.
PHY-1001 : Processed IO instance Digitron_Out[4]_syn_2 with INV attribute.
PHY-1001 : Processed IO instance Digitron_Out[3]_syn_2 with INV attribute.
PHY-1001 : Processed IO instance Digitron_Out[2]_syn_2 with INV attribute.
PHY-1001 : Processed IO instance Digitron_Out[1]_syn_2 with INV attribute.
PHY-1001 : Processed IO instance Digitron_Out[0]_syn_2 with INV attribute.
PHY-1001 : Generate nets ...
PHY-1001 : net CLK_dup_1 will be routed on clock mesh
PHY-1001 : clock net U2/CLK1_syn_4 will be merged with clock U2/CLK1
PHY-1001 : clock net U4/SingleNum_b_n4_syn_10 will be merged with clock U4/SingleNum_b_n4
PHY-1001 : clock net U4/W_DigitronCS_Out_n_syn_4 will be merged with clock U4/W_DigitronCS_Out_n
PHY-1001 : clock net U4/W_Digitron_Out_n_syn_2 will be merged with clock U4/W_Digitron_Out_n
PHY-1001 : eco open net = 0
PHY-1001 : 4 feed throughs used by 4 nets
RUN-1001 : Import IO constraints
RUN-1001 : Import Inst constraints
RUN-1001 : Import design success TD_VERSION=5.6.71036 , DB_VERSION=46146
RUN-1002 : start command "download -bit responder_Runs\phy_1\responder.bit -mode jtag -spd 7 -sec 64 -cable 0"
PRG-2014 : Chip validation success: EAGLE_S20_BG256
RUN-1002 : start command "bit_to_vec -chip EAGLE_S20_BG256 -m jtag_burst -freq 4 -bit responder_Runs/phy_1/responder.bit"
RUN-1002 : start command "program -cable 0 -mode svf -spd 7 -p"
RUN-1003 : finish command "program -cable 0 -mode svf -spd 7 -p" in  6.825888s wall, 0.078125s user + 0.125000s system = 0.203125s CPU (3.0%)

RUN-1004 : used memory is 559 MB, reserved memory is 503 MB, peak memory is 574 MB
RUN-1003 : finish command "download -bit responder_Runs\phy_1\responder.bit -mode jtag -spd 7 -sec 64 -cable 0" in  7.081320s wall, 0.125000s user + 0.140625s system = 0.265625s CPU (3.8%)

RUN-1004 : used memory is 559 MB, reserved memory is 503 MB, peak memory is 574 MB
GUI-1001 : Downloading succeeded!
HDL-1007 : analyze verilog file Sel_module.v
RUN-1001 : reset_run syn_1 phy_1.
GUI-6001 WARNING: File C:/Users/Timmy/Desktop/summerschool/wk3-4/Codes_Basic_V561/Codes_Basic/Codes/7 responder/responder/responder_Runs/phy_1/responder.bit does not exist!
RUN-1001 : launch_runs syn_1 phy_1  -jobs 6.
RUN-1001 : syn_1: run complete.
RUN-1001 : phy_1: run complete.
RUN-1001 : open_run phy_1.
RUN-1002 : start command "import_db C:/Users/Timmy/Desktop/summerschool/wk3-4/Codes_Basic_V561/Codes_Basic/Codes/7 responder/responder/responder_Runs/phy_1/responder_pr.db"
RUN-1001 : Importing database generated by Tang Dynasty, V5.6.71036.
RUN-1001 : Database version number 46146.
RUN-1001 : Import flow parameters
PHY-1001 : Generate detailed routing grids ...
PHY-1001 : Processed IO instance DigitronCS_Out[3]_syn_2 with INV attribute.
PHY-1001 : Processed IO instance DigitronCS_Out[2]_syn_2 with INV attribute.
PHY-1001 : Processed IO instance DigitronCS_Out[1]_syn_2 with INV attribute.
PHY-1001 : Processed IO instance DigitronCS_Out[0]_syn_2 with INV attribute.
PHY-1001 : Processed IO instance Digitron_Out[6]_syn_2 with INV attribute.
PHY-1001 : Processed IO instance Digitron_Out[5]_syn_2 with INV attribute.
PHY-1001 : Processed IO instance Digitron_Out[4]_syn_2 with INV attribute.
PHY-1001 : Processed IO instance Digitron_Out[3]_syn_2 with INV attribute.
PHY-1001 : Processed IO instance Digitron_Out[2]_syn_2 with INV attribute.
PHY-1001 : Processed IO instance Digitron_Out[1]_syn_2 with INV attribute.
PHY-1001 : Processed IO instance Digitron_Out[0]_syn_2 with INV attribute.
PHY-1001 : Generate nets ...
PHY-1001 : net CLK_dup_1 will be routed on clock mesh
PHY-1001 : clock net U2/CLK1_syn_4 will be merged with clock U2/CLK1
PHY-1001 : clock net U4/SingleNum_b_n4_syn_10 will be merged with clock U4/SingleNum_b_n4
PHY-1001 : clock net U4/W_DigitronCS_Out_n_syn_4 will be merged with clock U4/W_DigitronCS_Out_n
PHY-1001 : clock net U4/W_Digitron_Out_n_syn_2 will be merged with clock U4/W_Digitron_Out_n
PHY-1001 : eco open net = 0
PHY-1001 : 2 feed throughs used by 2 nets
RUN-1001 : Import IO constraints
RUN-1001 : Import Inst constraints
RUN-1001 : Import design success TD_VERSION=5.6.71036 , DB_VERSION=46146
RUN-1002 : start command "download -bit responder_Runs\phy_1\responder.bit -mode jtag -spd 7 -sec 64 -cable 0"
PRG-2014 : Chip validation success: EAGLE_S20_BG256
RUN-1002 : start command "bit_to_vec -chip EAGLE_S20_BG256 -m jtag_burst -freq 4 -bit responder_Runs/phy_1/responder.bit"
RUN-1002 : start command "program -cable 0 -mode svf -spd 7 -p"
RUN-1003 : finish command "program -cable 0 -mode svf -spd 7 -p" in  6.807828s wall, 0.125000s user + 0.015625s system = 0.140625s CPU (2.1%)

RUN-1004 : used memory is 566 MB, reserved memory is 510 MB, peak memory is 583 MB
RUN-1003 : finish command "download -bit responder_Runs\phy_1\responder.bit -mode jtag -spd 7 -sec 64 -cable 0" in  7.043058s wall, 0.203125s user + 0.046875s system = 0.250000s CPU (3.5%)

RUN-1004 : used memory is 566 MB, reserved memory is 510 MB, peak memory is 583 MB
GUI-1001 : Downloading succeeded!
HDL-1007 : analyze verilog file responder.v
HDL-1007 : analyze verilog file Buzzer_module.v
HDL-1007 : analyze verilog file Sel_module.v
RUN-1001 : reset_run syn_1 phy_1.
GUI-6001 WARNING: File C:/Users/Timmy/Desktop/summerschool/wk3-4/Codes_Basic_V561/Codes_Basic/Codes/7 responder/responder/responder_Runs/phy_1/responder.bit does not exist!
RUN-1001 : launch_runs syn_1 phy_1  -jobs 6.
RUN-1001 : syn_1: run complete.
RUN-1001 : phy_1: run complete.
RUN-1001 : open_run phy_1.
RUN-1002 : start command "import_db C:/Users/Timmy/Desktop/summerschool/wk3-4/Codes_Basic_V561/Codes_Basic/Codes/7 responder/responder/responder_Runs/phy_1/responder_pr.db"
RUN-1001 : Importing database generated by Tang Dynasty, V5.6.71036.
RUN-1001 : Database version number 46146.
RUN-1001 : Import flow parameters
PHY-1001 : Generate detailed routing grids ...
PHY-1001 : Processed IO instance DigitronCS_Out[3]_syn_2 with INV attribute.
PHY-1001 : Processed IO instance DigitronCS_Out[2]_syn_2 with INV attribute.
PHY-1001 : Processed IO instance DigitronCS_Out[1]_syn_2 with INV attribute.
PHY-1001 : Processed IO instance DigitronCS_Out[0]_syn_2 with INV attribute.
PHY-1001 : Processed IO instance Digitron_Out[6]_syn_2 with INV attribute.
PHY-1001 : Processed IO instance Digitron_Out[5]_syn_2 with INV attribute.
PHY-1001 : Processed IO instance Digitron_Out[4]_syn_2 with INV attribute.
PHY-1001 : Processed IO instance Digitron_Out[3]_syn_2 with INV attribute.
PHY-1001 : Processed IO instance Digitron_Out[2]_syn_2 with INV attribute.
PHY-1001 : Processed IO instance Digitron_Out[1]_syn_2 with INV attribute.
PHY-1001 : Processed IO instance Digitron_Out[0]_syn_2 with INV attribute.
PHY-1001 : Generate nets ...
PHY-1001 : net CLK_dup_1 will be routed on clock mesh
PHY-1001 : clock net U2/CLK1_syn_4 will be merged with clock U2/CLK1
PHY-1001 : clock net U4/SingleNum_b_n4_syn_10 will be merged with clock U4/SingleNum_b_n4
PHY-1001 : clock net U4/W_DigitronCS_Out_n_syn_4 will be merged with clock U4/W_DigitronCS_Out_n
PHY-1001 : clock net U4/W_Digitron_Out_n_syn_2 will be merged with clock U4/W_Digitron_Out_n
PHY-1001 : eco open net = 0
PHY-1001 : 2 feed throughs used by 2 nets
RUN-1001 : Import IO constraints
RUN-1001 : Import Inst constraints
RUN-1001 : Import design success TD_VERSION=5.6.71036 , DB_VERSION=46146
RUN-1002 : start command "download -bit responder_Runs\phy_1\responder.bit -mode jtag -spd 7 -sec 64 -cable 0"
PRG-2014 : Chip validation success: EAGLE_S20_BG256
RUN-1002 : start command "bit_to_vec -chip EAGLE_S20_BG256 -m jtag_burst -freq 4 -bit responder_Runs/phy_1/responder.bit"
RUN-1002 : start command "program -cable 0 -mode svf -spd 7 -p"
RUN-1003 : finish command "program -cable 0 -mode svf -spd 7 -p" in  6.890894s wall, 0.203125s user + 0.093750s system = 0.296875s CPU (4.3%)

RUN-1004 : used memory is 576 MB, reserved memory is 520 MB, peak memory is 592 MB
RUN-1003 : finish command "download -bit responder_Runs\phy_1\responder.bit -mode jtag -spd 7 -sec 64 -cable 0" in  7.171769s wall, 0.328125s user + 0.125000s system = 0.453125s CPU (6.3%)

RUN-1004 : used memory is 576 MB, reserved memory is 520 MB, peak memory is 592 MB
GUI-1001 : Downloading succeeded!
HDL-1007 : analyze verilog file responder.v
HDL-1007 : analyze verilog file ../../1 run_led/run_led/led8_module.v
HDL-8007 ERROR: procedural assignment to a non-register 'LED_Run' is not permitted in ../../1 run_led/run_led/led8_module.v(19)
HDL-8007 ERROR: ignore module module due to previous errors in ../../1 run_led/run_led/led8_module.v(1)
HDL-1007 : Verilog file '../../1 run_led/run_led/led8_module.v' ignored due to errors
HDL-1007 : analyze verilog file ../../1 run_led/run_led/led8_module.v
HDL-8007 ERROR: procedural assignment to a non-register 'LED_Run' is not permitted in ../../1 run_led/run_led/led8_module.v(19)
HDL-8007 ERROR: ignore module module due to previous errors in ../../1 run_led/run_led/led8_module.v(1)
HDL-1007 : Verilog file '../../1 run_led/run_led/led8_module.v' ignored due to errors
HDL-1007 : analyze verilog file ../../1 run_led/run_led/led8_module.v
HDL-8007 ERROR: syntax error near '<=' in ../../1 run_led/run_led/led8_module.v(19)
HDL-8007 ERROR: syntax error near ';' in ../../1 run_led/run_led/led8_module.v(19)
HDL-5007 WARNING: empty statement in sequential block in ../../1 run_led/run_led/led8_module.v(18)
HDL-8007 ERROR: ignore module module due to previous errors in ../../1 run_led/run_led/led8_module.v(1)
HDL-1007 : Verilog file '../../1 run_led/run_led/led8_module.v' ignored due to errors
HDL-1007 : analyze verilog file ../../1 run_led/run_led/led8_module.v
HDL-1007 : analyze verilog file ../../1 run_led/run_led/led8_module.v
HDL-8007 ERROR: procedural assignment to a non-register 'LED_Run' is not permitted in ../../1 run_led/run_led/led8_module.v(35)
HDL-8007 ERROR: ignore module module due to previous errors in ../../1 run_led/run_led/led8_module.v(1)
HDL-1007 : Verilog file '../../1 run_led/run_led/led8_module.v' ignored due to errors
HDL-1007 : analyze verilog file ../../1 run_led/run_led/led8_module.v
RUN-1001 : reset_run syn_1 phy_1.
GUI-6001 WARNING: File C:/Users/Timmy/Desktop/summerschool/wk3-4/Codes_Basic_V561/Codes_Basic/Codes/7 responder/responder/responder_Runs/phy_1/responder.bit does not exist!
RUN-1001 : launch_runs syn_1 phy_1  -jobs 6.
RUN-6001 WARNING: syn_1: run failed.
HDL-1007 : analyze verilog file ../../1 run_led/run_led/led8_module.v
RUN-1001 : reset_run syn_1 phy_1.
RUN-1001 : launch_runs syn_1 phy_1  -jobs 6.
RUN-6001 WARNING: syn_1: run failed.
HDL-1007 : analyze verilog file ../../1 run_led/run_led/led8_module.v
HDL-1007 : analyze verilog file ../../1 run_led/run_led/led8_module.v
RUN-1001 : reset_run syn_1 phy_1.
RUN-1001 : launch_runs syn_1 phy_1  -jobs 6.
RUN-1001 : syn_1: run complete.
RUN-1001 : phy_1: run complete.
RUN-1001 : open_run phy_1.
RUN-1002 : start command "import_db C:/Users/Timmy/Desktop/summerschool/wk3-4/Codes_Basic_V561/Codes_Basic/Codes/7 responder/responder/responder_Runs/phy_1/responder_pr.db"
RUN-1001 : Importing database generated by Tang Dynasty, V5.6.71036.
RUN-1001 : Database version number 46146.
RUN-1001 : Import flow parameters
PHY-1001 : Generate detailed routing grids ...
PHY-1001 : Processed IO instance DigitronCS_Out[3]_syn_2 with INV attribute.
PHY-1001 : Processed IO instance DigitronCS_Out[2]_syn_2 with INV attribute.
PHY-1001 : Processed IO instance DigitronCS_Out[1]_syn_2 with INV attribute.
PHY-1001 : Processed IO instance DigitronCS_Out[0]_syn_2 with INV attribute.
PHY-1001 : Processed IO instance Digitron_Out[6]_syn_2 with INV attribute.
PHY-1001 : Processed IO instance Digitron_Out[5]_syn_2 with INV attribute.
PHY-1001 : Processed IO instance Digitron_Out[4]_syn_2 with INV attribute.
PHY-1001 : Processed IO instance Digitron_Out[3]_syn_2 with INV attribute.
PHY-1001 : Processed IO instance Digitron_Out[2]_syn_2 with INV attribute.
PHY-1001 : Processed IO instance Digitron_Out[1]_syn_2 with INV attribute.
PHY-1001 : Processed IO instance Digitron_Out[0]_syn_2 with INV attribute.
PHY-1001 : Generate nets ...
PHY-1001 : net CLK_dup_1 will be routed on clock mesh
PHY-1001 : clock net U2/CLK1_syn_4 will be merged with clock U2/CLK1
PHY-1001 : clock net U4/SingleNum_b_n4_syn_10 will be merged with clock U4/SingleNum_b_n4
PHY-1001 : clock net U4/W_DigitronCS_Out_n_syn_4 will be merged with clock U4/W_DigitronCS_Out_n
PHY-1001 : clock net U4/W_Digitron_Out_n_syn_2 will be merged with clock U4/W_Digitron_Out_n
PHY-1001 : eco open net = 0
PHY-1001 : 1 feed throughs used by 1 nets
RUN-1001 : Import IO constraints
RUN-1001 : Import Inst constraints
RUN-1001 : Import design success TD_VERSION=5.6.71036 , DB_VERSION=46146
RUN-1002 : start command "download -bit responder_Runs\phy_1\responder.bit -mode jtag -spd 7 -sec 64 -cable 0"
PRG-2014 : Chip validation success: EAGLE_S20_BG256
RUN-1002 : start command "bit_to_vec -chip EAGLE_S20_BG256 -m jtag_burst -freq 4 -bit responder_Runs/phy_1/responder.bit"
RUN-1002 : start command "program -cable 0 -mode svf -spd 7 -p"
RUN-1003 : finish command "program -cable 0 -mode svf -spd 7 -p" in  6.902664s wall, 0.062500s user + 0.171875s system = 0.234375s CPU (3.4%)

RUN-1004 : used memory is 595 MB, reserved memory is 539 MB, peak memory is 611 MB
RUN-1003 : finish command "download -bit responder_Runs\phy_1\responder.bit -mode jtag -spd 7 -sec 64 -cable 0" in  7.161919s wall, 0.140625s user + 0.171875s system = 0.312500s CPU (4.4%)

RUN-1004 : used memory is 595 MB, reserved memory is 539 MB, peak memory is 611 MB
GUI-1001 : Downloading succeeded!
HDL-1007 : analyze verilog file ../../1 run_led/run_led/led8_module.v
RUN-1001 : reset_run syn_1 phy_1.
GUI-6001 WARNING: File C:/Users/Timmy/Desktop/summerschool/wk3-4/Codes_Basic_V561/Codes_Basic/Codes/7 responder/responder/responder_Runs/phy_1/responder.bit does not exist!
RUN-1001 : launch_runs syn_1 phy_1  -jobs 6.
RUN-1001 : syn_1: run complete.
RUN-1001 : phy_1: run complete.
RUN-1001 : open_run phy_1.
RUN-1002 : start command "import_db C:/Users/Timmy/Desktop/summerschool/wk3-4/Codes_Basic_V561/Codes_Basic/Codes/7 responder/responder/responder_Runs/phy_1/responder_pr.db"
RUN-1001 : Importing database generated by Tang Dynasty, V5.6.71036.
RUN-1001 : Database version number 46146.
RUN-1001 : Import flow parameters
PHY-1001 : Generate detailed routing grids ...
PHY-1001 : Processed IO instance DigitronCS_Out[3]_syn_2 with INV attribute.
PHY-1001 : Processed IO instance DigitronCS_Out[2]_syn_2 with INV attribute.
PHY-1001 : Processed IO instance DigitronCS_Out[1]_syn_2 with INV attribute.
PHY-1001 : Processed IO instance DigitronCS_Out[0]_syn_2 with INV attribute.
PHY-1001 : Processed IO instance Digitron_Out[6]_syn_2 with INV attribute.
PHY-1001 : Processed IO instance Digitron_Out[5]_syn_2 with INV attribute.
PHY-1001 : Processed IO instance Digitron_Out[4]_syn_2 with INV attribute.
PHY-1001 : Processed IO instance Digitron_Out[3]_syn_2 with INV attribute.
PHY-1001 : Processed IO instance Digitron_Out[2]_syn_2 with INV attribute.
PHY-1001 : Processed IO instance Digitron_Out[1]_syn_2 with INV attribute.
PHY-1001 : Processed IO instance Digitron_Out[0]_syn_2 with INV attribute.
PHY-1001 : Generate nets ...
PHY-1001 : net CLK_dup_1 will be routed on clock mesh
PHY-1001 : clock net U2/CLK1_syn_4 will be merged with clock U2/CLK1
PHY-1001 : clock net U4/SingleNum_b_n4_syn_10 will be merged with clock U4/SingleNum_b_n4
PHY-1001 : clock net U4/W_DigitronCS_Out_n_syn_4 will be merged with clock U4/W_DigitronCS_Out_n
PHY-1001 : clock net U4/W_Digitron_Out_n_syn_2 will be merged with clock U4/W_Digitron_Out_n
PHY-1001 : eco open net = 0
PHY-1001 : 0 feed throughs used by 0 nets
RUN-1001 : Import IO constraints
RUN-1001 : Import Inst constraints
RUN-1001 : Import design success TD_VERSION=5.6.71036 , DB_VERSION=46146
RUN-1002 : start command "download -bit responder_Runs\phy_1\responder.bit -mode jtag -spd 7 -sec 64 -cable 0"
PRG-2014 : Chip validation success: EAGLE_S20_BG256
RUN-1002 : start command "bit_to_vec -chip EAGLE_S20_BG256 -m jtag_burst -freq 4 -bit responder_Runs/phy_1/responder.bit"
RUN-1002 : start command "program -cable 0 -mode svf -spd 7 -p"
RUN-1003 : finish command "program -cable 0 -mode svf -spd 7 -p" in  6.764865s wall, 0.171875s user + 0.296875s system = 0.468750s CPU (6.9%)

RUN-1004 : used memory is 602 MB, reserved memory is 548 MB, peak memory is 619 MB
RUN-1003 : finish command "download -bit responder_Runs\phy_1\responder.bit -mode jtag -spd 7 -sec 64 -cable 0" in  7.018647s wall, 0.265625s user + 0.312500s system = 0.578125s CPU (8.2%)

RUN-1004 : used memory is 602 MB, reserved memory is 548 MB, peak memory is 619 MB
GUI-1001 : Downloading succeeded!
HDL-1007 : analyze verilog file ../../1 run_led/run_led/led8_module.v
HDL-1007 : analyze verilog file ../../1 run_led/run_led/led8_module.v
RUN-1001 : reset_run syn_1 phy_1.
GUI-6001 WARNING: File C:/Users/Timmy/Desktop/summerschool/wk3-4/Codes_Basic_V561/Codes_Basic/Codes/7 responder/responder/responder_Runs/phy_1/responder.bit does not exist!
RUN-1001 : launch_runs syn_1 phy_1  -jobs 6.
RUN-1001 : syn_1: run complete.
RUN-1001 : phy_1: run complete.
RUN-1001 : open_run phy_1.
RUN-1002 : start command "import_db C:/Users/Timmy/Desktop/summerschool/wk3-4/Codes_Basic_V561/Codes_Basic/Codes/7 responder/responder/responder_Runs/phy_1/responder_pr.db"
RUN-1001 : Importing database generated by Tang Dynasty, V5.6.71036.
RUN-1001 : Database version number 46146.
RUN-1001 : Import flow parameters
PHY-1001 : Generate detailed routing grids ...
PHY-1001 : Processed IO instance DigitronCS_Out[3]_syn_2 with INV attribute.
PHY-1001 : Processed IO instance DigitronCS_Out[2]_syn_2 with INV attribute.
PHY-1001 : Processed IO instance DigitronCS_Out[1]_syn_2 with INV attribute.
PHY-1001 : Processed IO instance DigitronCS_Out[0]_syn_2 with INV attribute.
PHY-1001 : Processed IO instance Digitron_Out[6]_syn_2 with INV attribute.
PHY-1001 : Processed IO instance Digitron_Out[5]_syn_2 with INV attribute.
PHY-1001 : Processed IO instance Digitron_Out[4]_syn_2 with INV attribute.
PHY-1001 : Processed IO instance Digitron_Out[3]_syn_2 with INV attribute.
PHY-1001 : Processed IO instance Digitron_Out[2]_syn_2 with INV attribute.
PHY-1001 : Processed IO instance Digitron_Out[1]_syn_2 with INV attribute.
PHY-1001 : Processed IO instance Digitron_Out[0]_syn_2 with INV attribute.
PHY-1001 : Generate nets ...
PHY-1001 : net CLK_dup_1 will be routed on clock mesh
PHY-1001 : clock net U2/CLK1_syn_4 will be merged with clock U2/CLK1
PHY-1001 : clock net U4/SingleNum_b_n4_syn_10 will be merged with clock U4/SingleNum_b_n4
PHY-1001 : clock net U4/W_DigitronCS_Out_n_syn_4 will be merged with clock U4/W_DigitronCS_Out_n
PHY-1001 : clock net U4/W_Digitron_Out_n_syn_2 will be merged with clock U4/W_Digitron_Out_n
PHY-1001 : eco open net = 0
PHY-1001 : 1 feed throughs used by 1 nets
RUN-1001 : Import IO constraints
RUN-1001 : Import Inst constraints
RUN-1001 : Import design success TD_VERSION=5.6.71036 , DB_VERSION=46146
RUN-1002 : start command "download -bit responder_Runs\phy_1\responder.bit -mode jtag -spd 7 -sec 64 -cable 0"
PRG-2014 : Chip validation success: EAGLE_S20_BG256
RUN-1002 : start command "bit_to_vec -chip EAGLE_S20_BG256 -m jtag_burst -freq 4 -bit responder_Runs/phy_1/responder.bit"
RUN-1002 : start command "program -cable 0 -mode svf -spd 7 -p"
RUN-1003 : finish command "program -cable 0 -mode svf -spd 7 -p" in  6.930515s wall, 0.109375s user + 0.156250s system = 0.265625s CPU (3.8%)

RUN-1004 : used memory is 613 MB, reserved memory is 559 MB, peak memory is 629 MB
RUN-1003 : finish command "download -bit responder_Runs\phy_1\responder.bit -mode jtag -spd 7 -sec 64 -cable 0" in  7.172696s wall, 0.187500s user + 0.171875s system = 0.359375s CPU (5.0%)

RUN-1004 : used memory is 613 MB, reserved memory is 559 MB, peak memory is 629 MB
GUI-1001 : Downloading succeeded!
HDL-1007 : analyze verilog file ../../1 run_led/run_led/led8_module.v
HDL-8007 ERROR: syntax error near 'or' in ../../1 run_led/run_led/led8_module.v(15)
HDL-8007 ERROR: Verilog 2000 keyword 'or' used in incorrect context in ../../1 run_led/run_led/led8_module.v(15)
HDL-5007 WARNING: empty statement in always construct in ../../1 run_led/run_led/led8_module.v(15)
HDL-8007 ERROR: syntax error near '<=' in ../../1 run_led/run_led/led8_module.v(23)
HDL-8007 ERROR: syntax error near '<=' in ../../1 run_led/run_led/led8_module.v(25)
HDL-8007 ERROR: syntax error near '<=' in ../../1 run_led/run_led/led8_module.v(28)
HDL-8007 ERROR: syntax error near '}' in ../../1 run_led/run_led/led8_module.v(28)
HDL-8007 ERROR: syntax error near '<=' in ../../1 run_led/run_led/led8_module.v(33)
HDL-7007 CRITICAL-WARNING: potential always loop found in ../../1 run_led/run_led/led8_module.v(15)
HDL-8007 ERROR: 'RSTn' is not a type in ../../1 run_led/run_led/led8_module.v(15)
HDL-8007 ERROR: 'rLED_Out' is not a type in ../../1 run_led/run_led/led8_module.v(19)
HDL-8007 ERROR: 'Count' is not a constant in ../../1 run_led/run_led/led8_module.v(21)
HDL-8007 ERROR: 'Count' is not a type in ../../1 run_led/run_led/led8_module.v(23)
HDL-8007 ERROR: 'rLED_Out' is not a constant in ../../1 run_led/run_led/led8_module.v(24)
HDL-8007 ERROR: 'rLED_Out' is not a type in ../../1 run_led/run_led/led8_module.v(25)
HDL-8007 ERROR: 'rLED_Out' is not a type in ../../1 run_led/run_led/led8_module.v(28)
HDL-8007 ERROR: 'Count' is not a type in ../../1 run_led/run_led/led8_module.v(33)
HDL-8007 ERROR: ignore module module due to previous errors in ../../1 run_led/run_led/led8_module.v(1)
HDL-1007 : Verilog file '../../1 run_led/run_led/led8_module.v' ignored due to errors
HDL-1007 : analyze verilog file ../../1 run_led/run_led/led8_module.v
HDL-8007 ERROR: syntax error near 'or' in ../../1 run_led/run_led/led8_module.v(15)
HDL-8007 ERROR: Verilog 2000 keyword 'or' used in incorrect context in ../../1 run_led/run_led/led8_module.v(15)
HDL-5007 WARNING: empty statement in always construct in ../../1 run_led/run_led/led8_module.v(15)
HDL-8007 ERROR: syntax error near '<=' in ../../1 run_led/run_led/led8_module.v(23)
HDL-8007 ERROR: syntax error near '<=' in ../../1 run_led/run_led/led8_module.v(25)
HDL-8007 ERROR: syntax error near '<=' in ../../1 run_led/run_led/led8_module.v(28)
HDL-8007 ERROR: syntax error near '}' in ../../1 run_led/run_led/led8_module.v(28)
HDL-8007 ERROR: syntax error near '<=' in ../../1 run_led/run_led/led8_module.v(33)
HDL-7007 CRITICAL-WARNING: potential always loop found in ../../1 run_led/run_led/led8_module.v(15)
HDL-8007 ERROR: 'RSTn' is not a type in ../../1 run_led/run_led/led8_module.v(15)
HDL-8007 ERROR: 'rLED_Out' is not a type in ../../1 run_led/run_led/led8_module.v(19)
HDL-8007 ERROR: 'Count' is not a constant in ../../1 run_led/run_led/led8_module.v(21)
HDL-8007 ERROR: 'Count' is not a type in ../../1 run_led/run_led/led8_module.v(23)
HDL-8007 ERROR: 'rLED_Out' is not a constant in ../../1 run_led/run_led/led8_module.v(24)
HDL-8007 ERROR: 'rLED_Out' is not a type in ../../1 run_led/run_led/led8_module.v(25)
HDL-8007 ERROR: 'rLED_Out' is not a type in ../../1 run_led/run_led/led8_module.v(28)
HDL-8007 ERROR: 'Count' is not a type in ../../1 run_led/run_led/led8_module.v(33)
HDL-8007 ERROR: ignore module module due to previous errors in ../../1 run_led/run_led/led8_module.v(1)
HDL-1007 : Verilog file '../../1 run_led/run_led/led8_module.v' ignored due to errors
HDL-1007 : analyze verilog file ../../1 run_led/run_led/led8_module.v
HDL-1007 : analyze verilog file ../../1 run_led/run_led/led8_module.v
RUN-1001 : reset_run syn_1 phy_1.
GUI-6001 WARNING: File C:/Users/Timmy/Desktop/summerschool/wk3-4/Codes_Basic_V561/Codes_Basic/Codes/7 responder/responder/responder_Runs/phy_1/responder.bit does not exist!
RUN-1001 : launch_runs syn_1 phy_1  -jobs 6.
RUN-6001 WARNING: syn_1: run failed.
HDL-1007 : analyze verilog file ../../1 run_led/run_led/led8_module.v
HDL-8007 ERROR: syntax error near '<=' in ../../1 run_led/run_led/led8_module.v(15)
HDL-8007 ERROR: 'Block' is not a type in ../../1 run_led/run_led/led8_module.v(15)
HDL-8007 ERROR: ignore module module due to previous errors in ../../1 run_led/run_led/led8_module.v(1)
HDL-1007 : Verilog file '../../1 run_led/run_led/led8_module.v' ignored due to errors
HDL-1007 : analyze verilog file ../../1 run_led/run_led/led8_module.v
HDL-8007 ERROR: syntax error near '=' in ../../1 run_led/run_led/led8_module.v(15)
HDL-8007 ERROR: 'Block' is not a type in ../../1 run_led/run_led/led8_module.v(15)
HDL-8007 ERROR: ignore module module due to previous errors in ../../1 run_led/run_led/led8_module.v(1)
HDL-1007 : Verilog file '../../1 run_led/run_led/led8_module.v' ignored due to errors
HDL-1007 : analyze verilog file ../../1 run_led/run_led/led8_module.v
HDL-1007 : analyze verilog file ../../1 run_led/run_led/led8_module.v
RUN-1001 : reset_run syn_1 phy_1.
RUN-1001 : launch_runs syn_1 phy_1  -jobs 6.
RUN-6001 WARNING: syn_1: run failed.
HDL-1007 : analyze verilog file ../../1 run_led/run_led/led8_module.v
RUN-1001 : reset_run syn_1 phy_1.
RUN-1001 : launch_runs syn_1 phy_1  -jobs 6.
RUN-1001 : syn_1: run complete.
RUN-1001 : phy_1: run complete.
RUN-1001 : open_run phy_1.
RUN-1002 : start command "import_db C:/Users/Timmy/Desktop/summerschool/wk3-4/Codes_Basic_V561/Codes_Basic/Codes/7 responder/responder/responder_Runs/phy_1/responder_pr.db"
RUN-1001 : Importing database generated by Tang Dynasty, V5.6.71036.
RUN-1001 : Database version number 46146.
RUN-1001 : Import flow parameters
PHY-1001 : Generate detailed routing grids ...
PHY-1001 : Processed IO instance DigitronCS_Out[3]_syn_2 with INV attribute.
PHY-1001 : Processed IO instance DigitronCS_Out[2]_syn_2 with INV attribute.
PHY-1001 : Processed IO instance DigitronCS_Out[1]_syn_2 with INV attribute.
PHY-1001 : Processed IO instance DigitronCS_Out[0]_syn_2 with INV attribute.
PHY-1001 : Processed IO instance Digitron_Out[6]_syn_2 with INV attribute.
PHY-1001 : Processed IO instance Digitron_Out[5]_syn_2 with INV attribute.
PHY-1001 : Processed IO instance Digitron_Out[4]_syn_2 with INV attribute.
PHY-1001 : Processed IO instance Digitron_Out[3]_syn_2 with INV attribute.
PHY-1001 : Processed IO instance Digitron_Out[2]_syn_2 with INV attribute.
PHY-1001 : Processed IO instance Digitron_Out[1]_syn_2 with INV attribute.
PHY-1001 : Processed IO instance Digitron_Out[0]_syn_2 with INV attribute.
PHY-1001 : Generate nets ...
PHY-1001 : net CLK_dup_1 will be routed on clock mesh
PHY-1001 : clock net U2/CLK1_syn_4 will be merged with clock U2/CLK1
PHY-1001 : clock net U4/SingleNum_b_n4_syn_10 will be merged with clock U4/SingleNum_b_n4
PHY-1001 : clock net U4/W_DigitronCS_Out_n_syn_4 will be merged with clock U4/W_DigitronCS_Out_n
PHY-1001 : clock net U4/W_Digitron_Out_n_syn_2 will be merged with clock U4/W_Digitron_Out_n
PHY-1001 : eco open net = 0
PHY-1001 : 0 feed throughs used by 0 nets
RUN-1001 : Import IO constraints
RUN-1001 : Import Inst constraints
RUN-1001 : Import design success TD_VERSION=5.6.71036 , DB_VERSION=46146
RUN-1002 : start command "download -bit responder_Runs\phy_1\responder.bit -mode jtag -spd 7 -sec 64 -cable 0"
PRG-2014 : Chip validation success: EAGLE_S20_BG256
RUN-1002 : start command "bit_to_vec -chip EAGLE_S20_BG256 -m jtag_burst -freq 4 -bit responder_Runs/phy_1/responder.bit"
RUN-1002 : start command "program -cable 0 -mode svf -spd 7 -p"
RUN-1003 : finish command "program -cable 0 -mode svf -spd 7 -p" in  6.908570s wall, 0.203125s user + 0.078125s system = 0.281250s CPU (4.1%)

RUN-1004 : used memory is 620 MB, reserved memory is 569 MB, peak memory is 637 MB
RUN-1003 : finish command "download -bit responder_Runs\phy_1\responder.bit -mode jtag -spd 7 -sec 64 -cable 0" in  7.157087s wall, 0.281250s user + 0.078125s system = 0.359375s CPU (5.0%)

RUN-1004 : used memory is 620 MB, reserved memory is 569 MB, peak memory is 637 MB
GUI-1001 : Downloading succeeded!
HDL-1007 : analyze verilog file ../../1 run_led/run_led/led8_module.v
RUN-1001 : reset_run syn_1 phy_1.
GUI-6001 WARNING: File C:/Users/Timmy/Desktop/summerschool/wk3-4/Codes_Basic_V561/Codes_Basic/Codes/7 responder/responder/responder_Runs/phy_1/responder.bit does not exist!
RUN-1001 : launch_runs syn_1 phy_1  -jobs 6.
RUN-1001 : syn_1: run complete.
RUN-1001 : phy_1: run complete.
RUN-1001 : open_run phy_1.
RUN-1002 : start command "import_db C:/Users/Timmy/Desktop/summerschool/wk3-4/Codes_Basic_V561/Codes_Basic/Codes/7 responder/responder/responder_Runs/phy_1/responder_pr.db"
RUN-1001 : Importing database generated by Tang Dynasty, V5.6.71036.
RUN-1001 : Database version number 46146.
RUN-1001 : Import flow parameters
PHY-1001 : Generate detailed routing grids ...
PHY-1001 : Processed IO instance DigitronCS_Out[3]_syn_2 with INV attribute.
PHY-1001 : Processed IO instance DigitronCS_Out[2]_syn_2 with INV attribute.
PHY-1001 : Processed IO instance DigitronCS_Out[1]_syn_2 with INV attribute.
PHY-1001 : Processed IO instance DigitronCS_Out[0]_syn_2 with INV attribute.
PHY-1001 : Processed IO instance Digitron_Out[6]_syn_2 with INV attribute.
PHY-1001 : Processed IO instance Digitron_Out[5]_syn_2 with INV attribute.
PHY-1001 : Processed IO instance Digitron_Out[4]_syn_2 with INV attribute.
PHY-1001 : Processed IO instance Digitron_Out[3]_syn_2 with INV attribute.
PHY-1001 : Processed IO instance Digitron_Out[2]_syn_2 with INV attribute.
PHY-1001 : Processed IO instance Digitron_Out[1]_syn_2 with INV attribute.
PHY-1001 : Processed IO instance Digitron_Out[0]_syn_2 with INV attribute.
PHY-1001 : Generate nets ...
PHY-1001 : net CLK_dup_1 will be routed on clock mesh
PHY-1001 : clock net U2/CLK1_syn_4 will be merged with clock U2/CLK1
PHY-1001 : clock net U4/SingleNum_b_n4_syn_10 will be merged with clock U4/SingleNum_b_n4
PHY-1001 : clock net U4/W_DigitronCS_Out_n_syn_4 will be merged with clock U4/W_DigitronCS_Out_n
PHY-1001 : clock net U4/W_Digitron_Out_n_syn_2 will be merged with clock U4/W_Digitron_Out_n
PHY-1001 : eco open net = 0
PHY-1001 : 2 feed throughs used by 2 nets
RUN-1001 : Import IO constraints
RUN-1001 : Import Inst constraints
RUN-1001 : Import design success TD_VERSION=5.6.71036 , DB_VERSION=46146
RUN-1002 : start command "download -bit responder_Runs\phy_1\responder.bit -mode jtag -spd 7 -sec 64 -cable 0"
PRG-2014 : Chip validation success: EAGLE_S20_BG256
RUN-1002 : start command "bit_to_vec -chip EAGLE_S20_BG256 -m jtag_burst -freq 4 -bit responder_Runs/phy_1/responder.bit"
RUN-1002 : start command "program -cable 0 -mode svf -spd 7 -p"
RUN-1003 : finish command "program -cable 0 -mode svf -spd 7 -p" in  6.894717s wall, 0.156250s user + 0.125000s system = 0.281250s CPU (4.1%)

RUN-1004 : used memory is 623 MB, reserved memory is 570 MB, peak memory is 641 MB
RUN-1003 : finish command "download -bit responder_Runs\phy_1\responder.bit -mode jtag -spd 7 -sec 64 -cable 0" in  7.158177s wall, 0.234375s user + 0.125000s system = 0.359375s CPU (5.0%)

RUN-1004 : used memory is 623 MB, reserved memory is 570 MB, peak memory is 641 MB
GUI-1001 : Downloading succeeded!
HDL-1007 : analyze verilog file ../../1 run_led/run_led/led8_module.v
RUN-1001 : reset_run syn_1 phy_1.
GUI-6001 WARNING: File C:/Users/Timmy/Desktop/summerschool/wk3-4/Codes_Basic_V561/Codes_Basic/Codes/7 responder/responder/responder_Runs/phy_1/responder.bit does not exist!
RUN-1001 : launch_runs syn_1 phy_1  -jobs 6.
RUN-1001 : syn_1: run complete.
RUN-1001 : phy_1: run complete.
RUN-1001 : open_run phy_1.
RUN-1002 : start command "import_db C:/Users/Timmy/Desktop/summerschool/wk3-4/Codes_Basic_V561/Codes_Basic/Codes/7 responder/responder/responder_Runs/phy_1/responder_pr.db"
RUN-1001 : Importing database generated by Tang Dynasty, V5.6.71036.
RUN-1001 : Database version number 46146.
RUN-1001 : Import flow parameters
PHY-1001 : Generate detailed routing grids ...
PHY-1001 : Processed IO instance DigitronCS_Out[3]_syn_2 with INV attribute.
PHY-1001 : Processed IO instance DigitronCS_Out[2]_syn_2 with INV attribute.
PHY-1001 : Processed IO instance DigitronCS_Out[1]_syn_2 with INV attribute.
PHY-1001 : Processed IO instance DigitronCS_Out[0]_syn_2 with INV attribute.
PHY-1001 : Processed IO instance Digitron_Out[6]_syn_2 with INV attribute.
PHY-1001 : Processed IO instance Digitron_Out[5]_syn_2 with INV attribute.
PHY-1001 : Processed IO instance Digitron_Out[4]_syn_2 with INV attribute.
PHY-1001 : Processed IO instance Digitron_Out[3]_syn_2 with INV attribute.
PHY-1001 : Processed IO instance Digitron_Out[2]_syn_2 with INV attribute.
PHY-1001 : Processed IO instance Digitron_Out[1]_syn_2 with INV attribute.
PHY-1001 : Processed IO instance Digitron_Out[0]_syn_2 with INV attribute.
PHY-1001 : Generate nets ...
PHY-1001 : net CLK_dup_1 will be routed on clock mesh
PHY-1001 : clock net U2/CLK1_syn_4 will be merged with clock U2/CLK1
PHY-1001 : clock net U4/SingleNum_b_n4_syn_10 will be merged with clock U4/SingleNum_b_n4
PHY-1001 : clock net U4/W_DigitronCS_Out_n_syn_4 will be merged with clock U4/W_DigitronCS_Out_n
PHY-1001 : clock net U4/W_Digitron_Out_n_syn_2 will be merged with clock U4/W_Digitron_Out_n
PHY-1001 : eco open net = 0
PHY-1001 : 0 feed throughs used by 0 nets
RUN-1001 : Import IO constraints
RUN-1001 : Import Inst constraints
RUN-1001 : Import design success TD_VERSION=5.6.71036 , DB_VERSION=46146
RUN-1002 : start command "download -bit responder_Runs\phy_1\responder.bit -mode jtag -spd 7 -sec 64 -cable 0"
PRG-2014 : Chip validation success: EAGLE_S20_BG256
RUN-1002 : start command "bit_to_vec -chip EAGLE_S20_BG256 -m jtag_burst -freq 4 -bit responder_Runs/phy_1/responder.bit"
RUN-1002 : start command "program -cable 0 -mode svf -spd 7 -p"
RUN-1003 : finish command "program -cable 0 -mode svf -spd 7 -p" in  6.894419s wall, 0.109375s user + 0.093750s system = 0.203125s CPU (2.9%)

RUN-1004 : used memory is 632 MB, reserved memory is 579 MB, peak memory is 650 MB
RUN-1003 : finish command "download -bit responder_Runs\phy_1\responder.bit -mode jtag -spd 7 -sec 64 -cable 0" in  7.158420s wall, 0.234375s user + 0.093750s system = 0.328125s CPU (4.6%)

RUN-1004 : used memory is 632 MB, reserved memory is 579 MB, peak memory is 650 MB
GUI-1001 : Downloading succeeded!
HDL-1007 : analyze verilog file ../../1 run_led/run_led/led8_module.v
RUN-1001 : reset_run syn_1 phy_1.
GUI-6001 WARNING: File C:/Users/Timmy/Desktop/summerschool/wk3-4/Codes_Basic_V561/Codes_Basic/Codes/7 responder/responder/responder_Runs/phy_1/responder.bit does not exist!
RUN-1001 : launch_runs syn_1 phy_1  -jobs 6.
RUN-1001 : syn_1: run complete.
RUN-1001 : phy_1: run complete.
RUN-1001 : open_run phy_1.
RUN-1002 : start command "import_db C:/Users/Timmy/Desktop/summerschool/wk3-4/Codes_Basic_V561/Codes_Basic/Codes/7 responder/responder/responder_Runs/phy_1/responder_pr.db"
RUN-1001 : Importing database generated by Tang Dynasty, V5.6.71036.
RUN-1001 : Database version number 46146.
RUN-1001 : Import flow parameters
PHY-1001 : Generate detailed routing grids ...
PHY-1001 : Processed IO instance DigitronCS_Out[3]_syn_2 with INV attribute.
PHY-1001 : Processed IO instance DigitronCS_Out[2]_syn_2 with INV attribute.
PHY-1001 : Processed IO instance DigitronCS_Out[1]_syn_2 with INV attribute.
PHY-1001 : Processed IO instance DigitronCS_Out[0]_syn_2 with INV attribute.
PHY-1001 : Processed IO instance Digitron_Out[6]_syn_2 with INV attribute.
PHY-1001 : Processed IO instance Digitron_Out[5]_syn_2 with INV attribute.
PHY-1001 : Processed IO instance Digitron_Out[4]_syn_2 with INV attribute.
PHY-1001 : Processed IO instance Digitron_Out[3]_syn_2 with INV attribute.
PHY-1001 : Processed IO instance Digitron_Out[2]_syn_2 with INV attribute.
PHY-1001 : Processed IO instance Digitron_Out[1]_syn_2 with INV attribute.
PHY-1001 : Processed IO instance Digitron_Out[0]_syn_2 with INV attribute.
PHY-1001 : Generate nets ...
PHY-1001 : net CLK_dup_1 will be routed on clock mesh
PHY-1001 : clock net U2/CLK1_syn_4 will be merged with clock U2/CLK1
PHY-1001 : clock net U4/SingleNum_b_n4_syn_10 will be merged with clock U4/SingleNum_b_n4
PHY-1001 : clock net U4/W_DigitronCS_Out_n_syn_4 will be merged with clock U4/W_DigitronCS_Out_n
PHY-1001 : clock net U4/W_Digitron_Out_n_syn_2 will be merged with clock U4/W_Digitron_Out_n
PHY-1001 : eco open net = 0
PHY-1001 : 3 feed throughs used by 3 nets
RUN-1001 : Import IO constraints
RUN-1001 : Import Inst constraints
RUN-1001 : Import design success TD_VERSION=5.6.71036 , DB_VERSION=46146
RUN-1002 : start command "download -bit responder_Runs\phy_1\responder.bit -mode jtag -spd 7 -sec 64 -cable 0"
PRG-2014 : Chip validation success: EAGLE_S20_BG256
RUN-1002 : start command "bit_to_vec -chip EAGLE_S20_BG256 -m jtag_burst -freq 4 -bit responder_Runs/phy_1/responder.bit"
RUN-1002 : start command "program -cable 0 -mode svf -spd 7 -p"
RUN-1003 : finish command "program -cable 0 -mode svf -spd 7 -p" in  6.873354s wall, 0.078125s user + 0.234375s system = 0.312500s CPU (4.5%)

RUN-1004 : used memory is 634 MB, reserved memory is 582 MB, peak memory is 652 MB
RUN-1003 : finish command "download -bit responder_Runs\phy_1\responder.bit -mode jtag -spd 7 -sec 64 -cable 0" in  7.137614s wall, 0.171875s user + 0.234375s system = 0.406250s CPU (5.7%)

RUN-1004 : used memory is 634 MB, reserved memory is 582 MB, peak memory is 652 MB
GUI-1001 : Downloading succeeded!
HDL-1007 : analyze verilog file ../../1 run_led/run_led/led8_module.v
RUN-1001 : reset_run syn_1 phy_1.
GUI-6001 WARNING: File C:/Users/Timmy/Desktop/summerschool/wk3-4/Codes_Basic_V561/Codes_Basic/Codes/7 responder/responder/responder_Runs/phy_1/responder.bit does not exist!
RUN-1001 : launch_runs syn_1 phy_1  -jobs 6.
RUN-1001 : syn_1: run complete.
RUN-1001 : phy_1: run complete.
RUN-1001 : open_run phy_1.
RUN-1002 : start command "import_db C:/Users/Timmy/Desktop/summerschool/wk3-4/Codes_Basic_V561/Codes_Basic/Codes/7 responder/responder/responder_Runs/phy_1/responder_pr.db"
RUN-1001 : Importing database generated by Tang Dynasty, V5.6.71036.
RUN-1001 : Database version number 46146.
RUN-1001 : Import flow parameters
PHY-1001 : Generate detailed routing grids ...
PHY-1001 : Processed IO instance DigitronCS_Out[3]_syn_2 with INV attribute.
PHY-1001 : Processed IO instance DigitronCS_Out[2]_syn_2 with INV attribute.
PHY-1001 : Processed IO instance DigitronCS_Out[1]_syn_2 with INV attribute.
PHY-1001 : Processed IO instance DigitronCS_Out[0]_syn_2 with INV attribute.
PHY-1001 : Processed IO instance Digitron_Out[6]_syn_2 with INV attribute.
PHY-1001 : Processed IO instance Digitron_Out[5]_syn_2 with INV attribute.
PHY-1001 : Processed IO instance Digitron_Out[4]_syn_2 with INV attribute.
PHY-1001 : Processed IO instance Digitron_Out[3]_syn_2 with INV attribute.
PHY-1001 : Processed IO instance Digitron_Out[2]_syn_2 with INV attribute.
PHY-1001 : Processed IO instance Digitron_Out[1]_syn_2 with INV attribute.
PHY-1001 : Processed IO instance Digitron_Out[0]_syn_2 with INV attribute.
PHY-1001 : Generate nets ...
PHY-1001 : net CLK_dup_1 will be routed on clock mesh
PHY-1001 : clock net U2/CLK1_syn_4 will be merged with clock U2/CLK1
PHY-1001 : clock net U4/SingleNum_b_n4_syn_10 will be merged with clock U4/SingleNum_b_n4
PHY-1001 : clock net U4/W_DigitronCS_Out_n_syn_4 will be merged with clock U4/W_DigitronCS_Out_n
PHY-1001 : clock net U4/W_Digitron_Out_n_syn_2 will be merged with clock U4/W_Digitron_Out_n
PHY-1001 : eco open net = 0
PHY-1001 : 1 feed throughs used by 1 nets
RUN-1001 : Import IO constraints
RUN-1001 : Import Inst constraints
RUN-1001 : Import design success TD_VERSION=5.6.71036 , DB_VERSION=46146
