ARC-1001 :   cso_b/cclk/mosi/miso/dout  |  T3/R11/T10/P10/S11  |    gpio    
ARC-1001 :             done             |         P13          |    gpio    
ARC-1001 :           program_b          |          T2          |  dedicated  
ARC-1001 :        tdi/tms/tck/tdo       |   C12/A15/C14/E14    |  dedicated  
ARC-1001 : ------------------------------------------------------------------
============================================================
ARC-1004 : Device setting, marked 5 dedicate IOs in total.
   Tang Dynasty, V4.6.30127
   Copyright:   Shanghai Anlogic Infotech Co., Ltd.
                2011 - 2021
   Executable = C:/Anlogic/TD4.6.6/bin/td.exe
   Built at =   15:41:01 Apr 16 2021
   Run by =     Admin
   Run Date =   Wed Jun 23 14:19:24 2021

   Run on =     MSI
============================================================
HDL-1007 : analyze verilog file responder.v
HDL-1007 : analyze verilog file Sel_module.v
HDL-1007 : analyze verilog file D:/Extra_Module/ANLogic/Codes/4.7 responder/responder/responder.v
HDL-1007 : analyze verilog file Timer_module.v
HDL-1007 : analyze verilog file Buzzer_module.v
HDL-1007 : analyze verilog file Digitron_NumDisplay.v
HDL-1007 : analyze verilog file D:/Extra_Module/ANLogic/Codes/4.7 responder/responder/responder.v
HDL-1007 : analyze verilog file D:/Extra_Module/ANLogic/Codes/4.7 responder/responder/Sel_module.v
HDL-1007 : analyze verilog file D:/Extra_Module/ANLogic/Codes/4.7 responder/responder/Buzzer_module.v
HDL-1007 : analyze verilog file D:/Extra_Module/ANLogic/Codes/4.7 responder/responder/Timer_module.v
HDL-1007 : analyze verilog file D:/Extra_Module/ANLogic/Codes/4.7 responder/responder/Digitron_NumDisplay.v
HDL-1007 : analyze verilog file D:/Extra_Module/ANLogic/Codes/4.7 responder/responder/Digitron_NumDisplay.v
