============================================================
   Tang Dynasty, V5.6.71036
      Copyright (c) 2012-2023 Anlogic Inc.
   Executable = C:/Anlogic/TD5.6.2/bin/td.exe
   Built at =   20:34:38 Mar 21 2023
   Run by =     Timmy
   Run Date =   Tue Jul 23 16:07:15 2024

   Run on =     DESKTOP-A28VB3Q
============================================================
RUN-1001 : open_run phy_1.
RUN-1002 : start command "import_db C:/Users/Timmy/Desktop/summerschool/wk3-4/Codes_Basic_V561/Codes_Basic/Codes/7 responder/responder/responder_Runs/phy_1/responder_pr.db"
RUN-1001 : Importing database generated by Tang Dynasty, V5.6.56362.
RUN-1001 : Database version number 46140.
RUN-1001 : Import flow parameters
PHY-1001 : Generate detailed routing grids ...
PHY-1001 : Generate nets ...
PHY-1001 : net CLK_dup_1 will be routed on clock mesh
PHY-1001 : clock net U2/CLK1_syn_4 will be merged with clock U2/CLK1
PHY-1001 : clock net U4/W_Digitron_Out_n_syn_11 will be merged with clock U4/W_Digitron_Out_n
PHY-1001 : clock net U4/W_DigitronCS_Out_n_syn_3 will be merged with clock U4/W_DigitronCS_Out_n
PHY-1001 : clock net U4/SingleNum_b_n4_syn_10 will be merged with clock U4/SingleNum_b_n4
PHY-1001 : eco open net = 0
PHY-1001 : 2 feed throughs used by 2 nets
RUN-1001 : Import timing constraints
RUN-1001 : Import IO constraints
RUN-1001 : Import Inst constraints
RUN-1001 : Import design success TD_VERSION=5.6.56362 , DB_VERSION=46140
RUN-1003 : finish command "import_db C:/Users/Timmy/Desktop/summerschool/wk3-4/Codes_Basic_V561/Codes_Basic/Codes/7 responder/responder/responder_Runs/phy_1/responder_pr.db" in  5.336204s wall, 4.390625s user + 0.109375s system = 4.500000s CPU (84.3%)

RUN-1004 : used memory is 446 MB, reserved memory is 410 MB, peak memory is 446 MB
RUN-1001 : reset_run syn_1 phy_1.
RUN-6001 WARNING: Failed to reset phy_1: some files can't be removed in C:/Users/Timmy/Desktop/summerschool/wk3-4/Codes_Basic_V561/Codes_Basic/Codes/7 responder/responder/responder_Runs/phy_1
RUN-1001 : launch_runs syn_1 phy_1  -jobs 6.
RUN-1001 : syn_1: run complete.
RUN-1001 : phy_1: run complete.
RUN-1001 : open_run phy_1.
RUN-1002 : start command "import_db C:/Users/Timmy/Desktop/summerschool/wk3-4/Codes_Basic_V561/Codes_Basic/Codes/7 responder/responder/responder_Runs/phy_1/responder_pr.db"
RUN-1001 : Importing database generated by Tang Dynasty, V5.6.71036.
RUN-1001 : Database version number 46146.
RUN-1001 : Import flow parameters
PHY-1001 : Generate detailed routing grids ...
PHY-1001 : Processed IO instance DigitronCS_Out[3]_syn_2 with INV attribute.
PHY-1001 : Processed IO instance DigitronCS_Out[2]_syn_2 with INV attribute.
PHY-1001 : Processed IO instance DigitronCS_Out[1]_syn_2 with INV attribute.
PHY-1001 : Processed IO instance DigitronCS_Out[0]_syn_2 with INV attribute.
PHY-1001 : Processed IO instance Digitron_Out[6]_syn_2 with INV attribute.
PHY-1001 : Processed IO instance Digitron_Out[5]_syn_2 with INV attribute.
PHY-1001 : Processed IO instance Digitron_Out[4]_syn_2 with INV attribute.
PHY-1001 : Processed IO instance Digitron_Out[3]_syn_2 with INV attribute.
PHY-1001 : Processed IO instance Digitron_Out[2]_syn_2 with INV attribute.
PHY-1001 : Processed IO instance Digitron_Out[1]_syn_2 with INV attribute.
PHY-1001 : Processed IO instance Digitron_Out[0]_syn_2 with INV attribute.
PHY-1001 : Generate nets ...
PHY-1001 : net CLK_dup_1 will be routed on clock mesh
PHY-1001 : clock net U2/CLK1_syn_4 will be merged with clock U2/CLK1
PHY-1001 : clock net U4/SingleNum_b_n4_syn_10 will be merged with clock U4/SingleNum_b_n4
PHY-1001 : clock net U4/W_DigitronCS_Out_n_syn_4 will be merged with clock U4/W_DigitronCS_Out_n
PHY-1001 : clock net U4/W_Digitron_Out_n_syn_12 will be merged with clock U4/W_Digitron_Out_n
PHY-1001 : eco open net = 0
PHY-1001 : 3 feed throughs used by 3 nets
RUN-1001 : Import IO constraints
RUN-1001 : Import Inst constraints
RUN-1001 : Import design success TD_VERSION=5.6.71036 , DB_VERSION=46146
RUN-1002 : start command "download -bit responder_Runs\phy_1\responder.bit -mode jtag -spd 7 -sec 64 -cable 0"
PRG-2014 : Chip validation success: EAGLE_S20_BG256
RUN-1002 : start command "bit_to_vec -chip EAGLE_S20_BG256 -m jtag_burst -freq 4 -bit responder_Runs/phy_1/responder.bit"
RUN-1002 : start command "program -cable 0 -mode svf -spd 7 -p"
RUN-1003 : finish command "program -cable 0 -mode svf -spd 7 -p" in  6.954650s wall, 0.140625s user + 0.156250s system = 0.296875s CPU (4.3%)

RUN-1004 : used memory is 557 MB, reserved memory is 502 MB, peak memory is 573 MB
RUN-1003 : finish command "download -bit responder_Runs\phy_1\responder.bit -mode jtag -spd 7 -sec 64 -cable 0" in  7.198621s wall, 0.218750s user + 0.187500s system = 0.406250s CPU (5.6%)

RUN-1004 : used memory is 557 MB, reserved memory is 502 MB, peak memory is 573 MB
GUI-1001 : Downloading succeeded!
RUN-1002 : start command "download -bit responder_Runs\phy_1\responder.bit -mode jtag -spd 7 -sec 64 -cable 0"
PRG-2014 : Chip validation success: EAGLE_S20_BG256
RUN-1002 : start command "bit_to_vec -chip EAGLE_S20_BG256 -m jtag_burst -freq 4 -bit responder_Runs/phy_1/responder.bit"
RUN-1002 : start command "program -cable 0 -mode svf -spd 7 -p"
RUN-1003 : finish command "program -cable 0 -mode svf -spd 7 -p" in  7.114472s wall, 0.093750s user + 0.109375s system = 0.203125s CPU (2.9%)

RUN-1004 : used memory is 555 MB, reserved memory is 500 MB, peak memory is 573 MB
RUN-1003 : finish command "download -bit responder_Runs\phy_1\responder.bit -mode jtag -spd 7 -sec 64 -cable 0" in  7.402725s wall, 0.234375s user + 0.109375s system = 0.343750s CPU (4.6%)

RUN-1004 : used memory is 555 MB, reserved memory is 500 MB, peak memory is 573 MB
GUI-1001 : Downloading succeeded!
RUN-1001 : reset_run syn_1 phy_1.
GUI-6001 WARNING: File C:/Users/Timmy/Desktop/summerschool/wk3-4/Codes_Basic_V561/Codes_Basic/Codes/7 responder/responder/responder_Runs/phy_1/responder.bit does not exist!
RUN-1001 : launch_runs syn_1 phy_1  -jobs 6.
RUN-1001 : syn_1: run complete.
RUN-1001 : phy_1: run complete.
RUN-1001 : open_run phy_1.
RUN-1002 : start command "import_db C:/Users/Timmy/Desktop/summerschool/wk3-4/Codes_Basic_V561/Codes_Basic/Codes/7 responder/responder/responder_Runs/phy_1/responder_pr.db"
RUN-1001 : Importing database generated by Tang Dynasty, V5.6.71036.
RUN-1001 : Database version number 46146.
RUN-1001 : Import flow parameters
PHY-1001 : Generate detailed routing grids ...
PHY-1001 : Processed IO instance DigitronCS_Out[3]_syn_2 with INV attribute.
PHY-1001 : Processed IO instance DigitronCS_Out[2]_syn_2 with INV attribute.
PHY-1001 : Processed IO instance DigitronCS_Out[1]_syn_2 with INV attribute.
PHY-1001 : Processed IO instance DigitronCS_Out[0]_syn_2 with INV attribute.
PHY-1001 : Processed IO instance Digitron_Out[6]_syn_2 with INV attribute.
PHY-1001 : Processed IO instance Digitron_Out[5]_syn_2 with INV attribute.
PHY-1001 : Processed IO instance Digitron_Out[4]_syn_2 with INV attribute.
PHY-1001 : Processed IO instance Digitron_Out[3]_syn_2 with INV attribute.
PHY-1001 : Processed IO instance Digitron_Out[2]_syn_2 with INV attribute.
PHY-1001 : Processed IO instance Digitron_Out[1]_syn_2 with INV attribute.
PHY-1001 : Processed IO instance Digitron_Out[0]_syn_2 with INV attribute.
PHY-1001 : Generate nets ...
PHY-1001 : net CLK_dup_1 will be routed on clock mesh
PHY-1001 : clock net U2/CLK1_syn_4 will be merged with clock U2/CLK1
PHY-1001 : clock net U4/SingleNum_b_n4_syn_10 will be merged with clock U4/SingleNum_b_n4
PHY-1001 : clock net U4/W_DigitronCS_Out_n_syn_4 will be merged with clock U4/W_DigitronCS_Out_n
PHY-1001 : clock net U4/W_Digitron_Out_n_syn_12 will be merged with clock U4/W_Digitron_Out_n
PHY-1001 : eco open net = 0
PHY-1001 : 3 feed throughs used by 3 nets
RUN-1001 : Import IO constraints
RUN-1001 : Import Inst constraints
RUN-1001 : Import design success TD_VERSION=5.6.71036 , DB_VERSION=46146
RUN-1002 : start command "download -bit responder_Runs\phy_1\responder.bit -mode jtag -spd 7 -sec 64 -cable 0"
PRG-2014 : Chip validation success: EAGLE_S20_BG256
RUN-1002 : start command "bit_to_vec -chip EAGLE_S20_BG256 -m jtag_burst -freq 4 -bit responder_Runs/phy_1/responder.bit"
RUN-1002 : start command "program -cable 0 -mode svf -spd 7 -p"
RUN-1003 : finish command "program -cable 0 -mode svf -spd 7 -p" in  7.053723s wall, 0.218750s user + 0.109375s system = 0.328125s CPU (4.7%)

RUN-1004 : used memory is 567 MB, reserved memory is 512 MB, peak memory is 584 MB
RUN-1003 : finish command "download -bit responder_Runs\phy_1\responder.bit -mode jtag -spd 7 -sec 64 -cable 0" in  7.316133s wall, 0.328125s user + 0.109375s system = 0.437500s CPU (6.0%)

RUN-1004 : used memory is 567 MB, reserved memory is 512 MB, peak memory is 584 MB
GUI-1001 : Downloading succeeded!
RUN-1001 : reset_run syn_1 phy_1.
GUI-6001 WARNING: File C:/Users/Timmy/Desktop/summerschool/wk3-4/Codes_Basic_V561/Codes_Basic/Codes/7 responder/responder/responder_Runs/phy_1/responder.bit does not exist!
RUN-1001 : launch_runs syn_1 phy_1  -jobs 6.
RUN-6001 WARNING: syn_1: run failed.
RUN-1001 : open_run syn_1.
RUN-1002 : start command "import_db C:/Users/Timmy/Desktop/summerschool/wk3-4/Codes_Basic_V561/Codes_Basic/Codes/7 responder/responder/responder_Runs/syn_1/responder_elaborate.db"
RUN-1001 : Importing database generated by Tang Dynasty, V5.6.71036.
RUN-1001 : Database version number 46146.
RUN-1001 : Import flow parameters
RUN-1001 : Import IO constraints
RUN-1001 : Import Inst constraints
RUN-1001 : Import design success TD_VERSION=5.6.71036 , DB_VERSION=46146
RUN-1001 : reset_run syn_1 phy_1.
RUN-1001 : launch_runs syn_1 phy_1  -jobs 6.
RUN-1001 : syn_1: run complete.
RUN-1001 : phy_1: run complete.
RUN-1001 : open_run phy_1.
RUN-1002 : start command "import_db C:/Users/Timmy/Desktop/summerschool/wk3-4/Codes_Basic_V561/Codes_Basic/Codes/7 responder/responder/responder_Runs/phy_1/responder_pr.db"
RUN-1001 : Importing database generated by Tang Dynasty, V5.6.71036.
RUN-1001 : Database version number 46146.
RUN-1001 : Import flow parameters
PHY-1001 : Generate detailed routing grids ...
PHY-1001 : Processed IO instance DigitronCS_Out[3]_syn_2 with INV attribute.
PHY-1001 : Processed IO instance DigitronCS_Out[2]_syn_2 with INV attribute.
PHY-1001 : Processed IO instance DigitronCS_Out[1]_syn_2 with INV attribute.
PHY-1001 : Processed IO instance DigitronCS_Out[0]_syn_2 with INV attribute.
PHY-1001 : Processed IO instance Digitron_Out[6]_syn_2 with INV attribute.
PHY-1001 : Processed IO instance Digitron_Out[5]_syn_2 with INV attribute.
PHY-1001 : Processed IO instance Digitron_Out[4]_syn_2 with INV attribute.
PHY-1001 : Processed IO instance Digitron_Out[3]_syn_2 with INV attribute.
PHY-1001 : Processed IO instance Digitron_Out[2]_syn_2 with INV attribute.
PHY-1001 : Processed IO instance Digitron_Out[1]_syn_2 with INV attribute.
PHY-1001 : Processed IO instance Digitron_Out[0]_syn_2 with INV attribute.
PHY-1001 : Generate nets ...
PHY-1001 : net CLK_dup_1 will be routed on clock mesh
PHY-1001 : clock net U2/CLK1_syn_4 will be merged with clock U2/CLK1
PHY-1001 : clock net U4/SingleNum_b_n4_syn_10 will be merged with clock U4/SingleNum_b_n4
PHY-1001 : clock net U4/W_DigitronCS_Out_n_syn_4 will be merged with clock U4/W_DigitronCS_Out_n
PHY-1001 : clock net U4/W_Digitron_Out_n_syn_12 will be merged with clock U4/W_Digitron_Out_n
PHY-1001 : eco open net = 0
PHY-1001 : 3 feed throughs used by 3 nets
RUN-1001 : Import IO constraints
RUN-1001 : Import Inst constraints
RUN-1001 : Import design success TD_VERSION=5.6.71036 , DB_VERSION=46146
RUN-1002 : start command "download -bit responder_Runs\phy_1\responder.bit -mode jtag -spd 7 -sec 64 -cable 0"
PRG-2014 : Chip validation success: EAGLE_S20_BG256
RUN-1002 : start command "bit_to_vec -chip EAGLE_S20_BG256 -m jtag_burst -freq 4 -bit responder_Runs/phy_1/responder.bit"
RUN-1002 : start command "program -cable 0 -mode svf -spd 7 -p"
RUN-1003 : finish command "program -cable 0 -mode svf -spd 7 -p" in  6.979859s wall, 0.062500s user + 0.265625s system = 0.328125s CPU (4.7%)

RUN-1004 : used memory is 578 MB, reserved memory is 522 MB, peak memory is 595 MB
RUN-1003 : finish command "download -bit responder_Runs\phy_1\responder.bit -mode jtag -spd 7 -sec 64 -cable 0" in  7.227312s wall, 0.171875s user + 0.296875s system = 0.468750s CPU (6.5%)

RUN-1004 : used memory is 578 MB, reserved memory is 522 MB, peak memory is 595 MB
GUI-1001 : Downloading succeeded!
