============================================================
   Tang Dynasty, V5.6.71036
      Copyright (c) 2012-2023 Anlogic Inc.
   Executable = C:/Anlogic/TD5.6.2/bin/td.exe
   Built at =   20:34:38 Mar 21 2023
   Run by =     Timmy
   Run Date =   Tue Jul 23 23:23:14 2024

   Run on =     DESKTOP-A28VB3Q
============================================================
RUN-1001 : open_run phy_1.
RUN-1002 : start command "import_db C:/Users/Timmy/Desktop/summerschool/wk3-4/Codes_Basic_V561/Codes_Basic/Codes/7 responder/responder/responder_Runs/phy_1/responder_pr.db"
RUN-1001 : Importing database generated by Tang Dynasty, V5.6.71036.
RUN-1001 : Database version number 46146.
RUN-1001 : Import flow parameters
PHY-1001 : Generate detailed routing grids ...
PHY-1001 : Processed IO instance DigitronCS_Out[3]_syn_2 with INV attribute.
PHY-1001 : Processed IO instance DigitronCS_Out[2]_syn_2 with INV attribute.
PHY-1001 : Processed IO instance DigitronCS_Out[1]_syn_2 with INV attribute.
PHY-1001 : Processed IO instance DigitronCS_Out[0]_syn_2 with INV attribute.
PHY-1001 : Processed IO instance Digitron_Out[6]_syn_2 with INV attribute.
PHY-1001 : Processed IO instance Digitron_Out[5]_syn_2 with INV attribute.
PHY-1001 : Processed IO instance Digitron_Out[4]_syn_2 with INV attribute.
PHY-1001 : Processed IO instance Digitron_Out[3]_syn_2 with INV attribute.
PHY-1001 : Processed IO instance Digitron_Out[2]_syn_2 with INV attribute.
PHY-1001 : Processed IO instance Digitron_Out[1]_syn_2 with INV attribute.
PHY-1001 : Processed IO instance Digitron_Out[0]_syn_2 with INV attribute.
PHY-1001 : Generate nets ...
PHY-1001 : net CLK_dup_1 will be routed on clock mesh
PHY-1001 : clock net U2/CLK1_syn_4 will be merged with clock U2/CLK1
PHY-1001 : clock net U4/SingleNum_b_n4_syn_10 will be merged with clock U4/SingleNum_b_n4
PHY-1001 : clock net U4/W_DigitronCS_Out_n_syn_4 will be merged with clock U4/W_DigitronCS_Out_n
PHY-1001 : clock net U4/W_Digitron_Out_n_syn_2 will be merged with clock U4/W_Digitron_Out_n
PHY-1001 : eco open net = 0
PHY-1001 : 3 feed throughs used by 3 nets
RUN-1001 : Import IO constraints
RUN-1001 : Import Inst constraints
RUN-1001 : Import design success TD_VERSION=5.6.71036 , DB_VERSION=46146
RUN-1003 : finish command "import_db C:/Users/Timmy/Desktop/summerschool/wk3-4/Codes_Basic_V561/Codes_Basic/Codes/7 responder/responder/responder_Runs/phy_1/responder_pr.db" in  4.380303s wall, 4.109375s user + 0.109375s system = 4.218750s CPU (96.3%)

RUN-1004 : used memory is 445 MB, reserved memory is 409 MB, peak memory is 445 MB
RUN-1002 : start command "download -bit responder_Runs\phy_1\responder.bit -mode jtag -spd 7 -sec 64 -cable 0"
PRG-2014 : Chip validation success: EAGLE_S20_BG256
RUN-1002 : start command "bit_to_vec -chip EAGLE_S20_BG256 -m jtag_burst -freq 4 -bit responder_Runs/phy_1/responder.bit"
RUN-1002 : start command "program -cable 0 -mode svf -spd 7 -p"
RUN-1003 : finish command "program -cable 0 -mode svf -spd 7 -p" in  6.958158s wall, 0.031250s user + 0.078125s system = 0.109375s CPU (1.6%)

RUN-1004 : used memory is 471 MB, reserved memory is 434 MB, peak memory is 487 MB
RUN-1003 : finish command "download -bit responder_Runs\phy_1\responder.bit -mode jtag -spd 7 -sec 64 -cable 0" in  7.242125s wall, 0.140625s user + 0.093750s system = 0.234375s CPU (3.2%)

RUN-1004 : used memory is 471 MB, reserved memory is 434 MB, peak memory is 487 MB
GUI-1001 : Downloading succeeded!
