============================================================
   Tang Dynasty, V4.6.30127
   Copyright:   Shanghai Anlogic Infotech Co., Ltd.
                2011 - 2021
   Executable = C:/Anlogic/TD4.6.6/bin/td.exe
   Built at =   15:41:01 Apr 16 2021
   Run by =     Admin
   Run Date =   Fri Jun 25 20:21:07 2021

   Run on =     MSI
============================================================
RUN-1002 : start command "open_project responder.al"
HDL-1007 : analyze verilog file responder.v
HDL-1007 : analyze verilog file Sel_module.v
HDL-1007 : analyze verilog file Timer_module.v
HDL-1007 : analyze verilog file Buzzer_module.v
HDL-1007 : analyze verilog file Digitron_NumDisplay.v
HDL-1007 : analyze verilog file key_filter.v
RUN-1002 : start command "import_device eagle_s20.db -package BG256"
ARC-1001 : Device Initialization.
ARC-1001 : ------------------------------------------------------------------
ARC-1001 :            OPTION            |          IO          |   SETTING   
ARC-1001 : ------------------------------------------------------------------
ARC-1001 :   cso_b/cclk/mosi/miso/dout  |  T3/R11/T10/P10/S11  |    gpio    
ARC-1001 :             done             |         P13          |    gpio    
ARC-1001 :           program_b          |          T2          |  dedicated  
ARC-1001 :        tdi/tms/tck/tdo       |   C12/A15/C14/E14    |  dedicated  
ARC-1001 : ------------------------------------------------------------------
ARC-1004 : Device setting, marked 5 dedicate IOs in total.
RUN-1002 : start command "import_db responder_pr.db"
RUN-1001 : Importing database generated by Tang Dynasty, V4.6.30127.
RUN-1001 : Database version number 46116.
RUN-1001 : Import IO constraints
RUN-1001 : Import Inst constraints
RUN-1001 : Import flow parameters
