============================================================
   Tang Dynasty, V5.6.71036
      Copyright (c) 2012-2023 Anlogic Inc.
   Executable = C:/Anlogic/TD5.6.2/bin/td.exe
   Built at =   20:34:38 Mar 21 2023
   Run by =     Timmy
   Run Date =   Thu Jul 25 20:13:45 2024

   Run on =     DESKTOP-A28VB3Q
============================================================
RUN-1001 : open_run phy_1.
RUN-1002 : start command "import_db C:/Users/Timmy/Desktop/summerschool/wk3-4/Codes_Basic_V561/Codes_Basic/Codes/7 responder/responder/responder_Runs/phy_1/responder_pr.db"
RUN-1001 : Importing database generated by Tang Dynasty, V5.6.71036.
RUN-1001 : Database version number 46146.
RUN-1001 : Import flow parameters
PHY-1001 : Generate detailed routing grids ...
PHY-1001 : Processed IO instance DigitronCS_Out[3]_syn_2 with INV attribute.
PHY-1001 : Processed IO instance DigitronCS_Out[2]_syn_2 with INV attribute.
PHY-1001 : Processed IO instance DigitronCS_Out[1]_syn_2 with INV attribute.
PHY-1001 : Processed IO instance DigitronCS_Out[0]_syn_2 with INV attribute.
PHY-1001 : Processed IO instance Digitron_Out[6]_syn_2 with INV attribute.
PHY-1001 : Processed IO instance Digitron_Out[5]_syn_2 with INV attribute.
PHY-1001 : Processed IO instance Digitron_Out[4]_syn_2 with INV attribute.
PHY-1001 : Processed IO instance Digitron_Out[3]_syn_2 with INV attribute.
PHY-1001 : Processed IO instance Digitron_Out[2]_syn_2 with INV attribute.
PHY-1001 : Processed IO instance Digitron_Out[1]_syn_2 with INV attribute.
PHY-1001 : Processed IO instance Digitron_Out[0]_syn_2 with INV attribute.
PHY-1001 : Generate nets ...
PHY-1001 : net CLK_dup_1 will be routed on clock mesh
PHY-1001 : clock net U2/CLK1_syn_4 will be merged with clock U2/CLK1
PHY-1001 : clock net U4/SingleNum_b_n4_syn_10 will be merged with clock U4/SingleNum_b_n4
PHY-1001 : clock net U4/W_DigitronCS_Out_n_syn_4 will be merged with clock U4/W_DigitronCS_Out_n
PHY-1001 : clock net U4/W_Digitron_Out_n_syn_2 will be merged with clock U4/W_Digitron_Out_n
PHY-1001 : eco open net = 0
PHY-1001 : 1 feed throughs used by 1 nets
RUN-1001 : Import IO constraints
RUN-1001 : Import Inst constraints
RUN-1001 : Import design success TD_VERSION=5.6.71036 , DB_VERSION=46146
RUN-1003 : finish command "import_db C:/Users/Timmy/Desktop/summerschool/wk3-4/Codes_Basic_V561/Codes_Basic/Codes/7 responder/responder/responder_Runs/phy_1/responder_pr.db" in  4.810274s wall, 3.703125s user + 0.046875s system = 3.750000s CPU (78.0%)

RUN-1004 : used memory is 447 MB, reserved memory is 411 MB, peak memory is 447 MB
RUN-1001 : reset_run syn_1 phy_1.
RUN-6001 WARNING: Failed to reset phy_1: some files can't be removed in C:/Users/Timmy/Desktop/summerschool/wk3-4/Codes_Basic_V561/Codes_Basic/Codes/7 responder/responder/responder_Runs/phy_1
RUN-1001 : launch_runs syn_1 phy_1  -jobs 6.
RUN-6001 WARNING: syn_1: run failed.
RUN-1001 : open_run syn_1.
RUN-1002 : start command "import_db C:/Users/Timmy/Desktop/summerschool/wk3-4/Codes_Basic_V561/Codes_Basic/Codes/7 responder/responder/responder_Runs/syn_1/responder_elaborate.db"
RUN-1001 : Importing database generated by Tang Dynasty, V5.6.71036.
RUN-1001 : Database version number 46146.
RUN-1001 : Import flow parameters
RUN-1001 : Import IO constraints
RUN-1001 : Import Inst constraints
RUN-1001 : Import design success TD_VERSION=5.6.71036 , DB_VERSION=46146
GUI-5005 WARNING: Unknown file icon ...
RUN-1001 : open_run syn_1.
RUN-1002 : start command "import_db C:/Users/Timmy/Desktop/summerschool/wk3-4/Codes_Basic_V561/Codes_Basic/Codes/7 responder/responder/responder_Runs/syn_1/responder_elaborate.db"
RUN-1001 : Importing database generated by Tang Dynasty, V5.6.71036.
RUN-1001 : Database version number 46146.
RUN-1001 : Import flow parameters
RUN-1001 : Import IO constraints
RUN-1001 : Import Inst constraints
RUN-1001 : Import design success TD_VERSION=5.6.71036 , DB_VERSION=46146
RUN-1001 : Print Global Property
RUN-1001 : ---------------------------------------------------------------
RUN-1001 :        Parameters        |  Settings  |  Default Values  |  Note  
RUN-1001 : ---------------------------------------------------------------
RUN-1001 :          message         |  standard  |     standard     |        
RUN-1001 :   mixed_pack_place_flow  |     on     |        on        |        
RUN-1001 :        qor_monitor       |    off     |       off        |        
RUN-1001 :        syn_ip_flow       |    off     |       off        |        
RUN-1001 :          thread          |    auto    |       auto       |        
RUN-1001 : ---------------------------------------------------------------
RUN-1001 : Print Design Property
RUN-1001 : --------------------------------------------------------------
RUN-1001 :        Parameters       |  Settings  |  Default Values  |  Note  
RUN-1001 : --------------------------------------------------------------
RUN-1001 :   default_reg_initial   |    auto    |       auto       |        
RUN-1001 :        infer_add        |     on     |        on        |        
RUN-1001 :        infer_fsm        |    off     |       off        |        
RUN-1001 :        infer_mult       |     on     |        on        |        
RUN-1001 :        infer_ram        |     on     |        on        |        
RUN-1001 :        infer_reg        |     on     |        on        |        
RUN-1001 :   infer_reg_init_value  |     on     |        on        |        
RUN-1001 :        infer_rom        |     on     |        on        |        
RUN-1001 :      infer_shifter      |     on     |        on        |        
RUN-1001 : --------------------------------------------------------------
RUN-1001 : Print Rtl Property
RUN-1001 : --------------------------------------------------------------
RUN-1001 :        Parameters       |  Settings  |  Default Values  |  Note  
RUN-1001 : --------------------------------------------------------------
RUN-1001 :       compress_add      |   ripple   |      ripple      |        
RUN-1001 :        elf_sload        |    off     |       off        |        
RUN-1001 :       fix_undriven      |     0      |        0         |        
RUN-1001 :         flatten         |    off     |       off        |        
RUN-1001 :       gate_sharing      |     on     |        on        |        
RUN-1001 :    hdl_warning_level    |   normal   |      normal      |        
RUN-1001 :   impl_internal_tribuf  |     on     |        on        |        
RUN-1001 :      impl_set_reset     |     on     |        on        |        
RUN-1001 :        infer_gsr        |    off     |       off        |        
RUN-1001 :      keep_hierarchy     |    auto    |       auto       |        
RUN-1001 :        max_fanout       |    9999    |       9999       |        
RUN-1001 :      max_oh2bin_len     |     10     |        10        |        
RUN-1001 :       merge_equal       |     on     |        on        |        
RUN-1001 :       merge_equiv       |     on     |        on        |        
RUN-1001 :        merge_mux        |    off     |       off        |        
RUN-1001 :     min_control_set     |     8      |        8         |        
RUN-1001 :      min_ripple_len     |    auto    |       auto       |        
RUN-1001 :       oh2bin_ratio      |    0.08    |       0.08       |        
RUN-1001 :     opt_adder_fanout    |     on     |        on        |        
RUN-1001 :        opt_arith        |     on     |        on        |        
RUN-1001 :       opt_big_gate      |    off     |       off        |        
RUN-1001 :        opt_const        |     on     |        on        |        
RUN-1001 :      opt_const_mult     |     on     |        on        |        
RUN-1001 :       opt_lessthan      |     on     |        on        |        
RUN-1001 :         opt_mux         |    off     |       off        |        
RUN-1001 :         opt_ram         |    high    |       high       |        
RUN-1001 :      rtl_sim_model      |     on     |       off        |   *    
RUN-1001 :         seq_syn         |     on     |        on        |        
RUN-1001 : --------------------------------------------------------------
HDL-1007 : analyze verilog file responder.v
HDL-1007 : undeclared symbol 'open', assumed default net type 'wire' in responder.v(71)
HDL-1007 : analyze verilog file Sel_module.v
HDL-1007 : analyze verilog file Timer_module.v
HDL-1007 : analyze verilog file Buzzer_module.v
HDL-1007 : analyze verilog file Digitron_NumDisplay.v
HDL-1007 : analyze verilog file key_filter.v
HDL-1007 : analyze verilog file ../../1 run_led/run_led/led8_module.v
HDL-1007 : analyze verilog file ../../../../../../../Codes_Basic_V561/Codes_Basic/Codes/7 responder/responder/responder.v
HDL-5007 WARNING: overwrite current module 'responder' in ../../../../../../../Codes_Basic_V561/Codes_Basic/Codes/7 responder/responder/responder.v(1)
HDL-1007 : previous definition of design element 'responder' is here in responder.v(22)
HDL-1007 : analyze verilog file ../../../../../../../Codes_Basic_V561/Codes_Basic/Codes/7 responder/responder/responder.v
HDL-1007 : analyze verilog file responder.v
HDL-1007 : undeclared symbol 'open', assumed default net type 'wire' in responder.v(71)
HDL-5007 WARNING: overwrite current module 'responder' in responder.v(22)
HDL-1007 : previous definition of design element 'responder' is here in ../../../../../../../Codes_Basic_V561/Codes_Basic/Codes/7 responder/responder/responder.v(1)
HDL-1007 : analyze verilog file ../../../../../../../Codes_Basic_V561/Codes_Basic/Codes/7 responder/responder/responder.v
HDL-1007 : undeclared symbol 'LED_Run', assumed default net type 'wire' in ../../../../../../../Codes_Basic_V561/Codes_Basic/Codes/7 responder/responder/responder.v(81)
HDL-1007 : undeclared symbol 'Block_Sel', assumed default net type 'wire' in ../../../../../../../Codes_Basic_V561/Codes_Basic/Codes/7 responder/responder/responder.v(81)
HDL-5007 WARNING: overwrite current module 'responder' in ../../../../../../../Codes_Basic_V561/Codes_Basic/Codes/7 responder/responder/responder.v(1)
HDL-1007 : previous definition of design element 'responder' is here in responder.v(22)
HDL-1007 : analyze verilog file responder.v
HDL-1007 : undeclared symbol 'open', assumed default net type 'wire' in responder.v(71)
HDL-5007 WARNING: overwrite current module 'responder' in responder.v(22)
HDL-1007 : previous definition of design element 'responder' is here in ../../../../../../../Codes_Basic_V561/Codes_Basic/Codes/7 responder/responder/responder.v(1)
HDL-1007 : analyze verilog file ../../../../../../../Codes_Basic_V561/Codes_Basic/Codes/7 responder/responder/responder.v
HDL-1007 : undeclared symbol 'Block_Sel', assumed default net type 'wire' in ../../../../../../../Codes_Basic_V561/Codes_Basic/Codes/7 responder/responder/responder.v(82)
HDL-8007 ERROR: port 'LED_Run' is not defined in ../../../../../../../Codes_Basic_V561/Codes_Basic/Codes/7 responder/responder/responder.v(15)
HDL-8007 ERROR: ignore module module due to previous errors in ../../../../../../../Codes_Basic_V561/Codes_Basic/Codes/7 responder/responder/responder.v(1)
HDL-1007 : Verilog file '../../../../../../../Codes_Basic_V561/Codes_Basic/Codes/7 responder/responder/responder.v' ignored due to errors
HDL-1007 : analyze verilog file responder.v
HDL-1007 : undeclared symbol 'open', assumed default net type 'wire' in responder.v(71)
HDL-5007 WARNING: overwrite current module 'responder' in responder.v(22)
HDL-1007 : previous definition of design element 'responder' is here in responder.v(22)
HDL-1007 : analyze verilog file responder.v
HDL-1007 : undeclared symbol 'Block_Sel', assumed default net type 'wire' in responder.v(82)
HDL-8007 ERROR: port 'LED_Run' is not defined in responder.v(15)
HDL-8007 ERROR: ignore module module due to previous errors in responder.v(1)
HDL-1007 : Verilog file 'responder.v' ignored due to errors
GUI-5005 WARNING: Unknown file icon ...
GUI-5005 WARNING: Unknown file icon ...
RUN-1001 : Print Global Property
RUN-1001 : ---------------------------------------------------------------
RUN-1001 :        Parameters        |  Settings  |  Default Values  |  Note  
RUN-1001 : ---------------------------------------------------------------
RUN-1001 :          message         |  standard  |     standard     |        
RUN-1001 :   mixed_pack_place_flow  |     on     |        on        |        
RUN-1001 :        qor_monitor       |    off     |       off        |        
RUN-1001 :        syn_ip_flow       |    off     |       off        |        
RUN-1001 :          thread          |    auto    |       auto       |        
RUN-1001 : ---------------------------------------------------------------
RUN-1001 : Print Design Property
RUN-1001 : --------------------------------------------------------------
RUN-1001 :        Parameters       |  Settings  |  Default Values  |  Note  
RUN-1001 : --------------------------------------------------------------
RUN-1001 :   default_reg_initial   |    auto    |       auto       |        
RUN-1001 :        infer_add        |     on     |        on        |        
RUN-1001 :        infer_fsm        |    off     |       off        |        
RUN-1001 :        infer_mult       |     on     |        on        |        
RUN-1001 :        infer_ram        |     on     |        on        |        
RUN-1001 :        infer_reg        |     on     |        on        |        
RUN-1001 :   infer_reg_init_value  |     on     |        on        |        
RUN-1001 :        infer_rom        |     on     |        on        |        
RUN-1001 :      infer_shifter      |     on     |        on        |        
RUN-1001 : --------------------------------------------------------------
RUN-1001 : Print Rtl Property
RUN-1001 : --------------------------------------------------------------
RUN-1001 :        Parameters       |  Settings  |  Default Values  |  Note  
RUN-1001 : --------------------------------------------------------------
RUN-1001 :       compress_add      |   ripple   |      ripple      |        
RUN-1001 :        elf_sload        |    off     |       off        |        
RUN-1001 :       fix_undriven      |     0      |        0         |        
RUN-1001 :         flatten         |    off     |       off        |        
RUN-1001 :       gate_sharing      |     on     |        on        |        
RUN-1001 :    hdl_warning_level    |   normal   |      normal      |        
RUN-1001 :   impl_internal_tribuf  |     on     |        on        |        
RUN-1001 :      impl_set_reset     |     on     |        on        |        
RUN-1001 :        infer_gsr        |    off     |       off        |        
RUN-1001 :      keep_hierarchy     |    auto    |       auto       |        
RUN-1001 :        max_fanout       |    9999    |       9999       |        
RUN-1001 :      max_oh2bin_len     |     10     |        10        |        
RUN-1001 :       merge_equal       |     on     |        on        |        
RUN-1001 :       merge_equiv       |     on     |        on        |        
RUN-1001 :        merge_mux        |    off     |       off        |        
RUN-1001 :     min_control_set     |     8      |        8         |        
RUN-1001 :      min_ripple_len     |    auto    |       auto       |        
RUN-1001 :       oh2bin_ratio      |    0.08    |       0.08       |        
RUN-1001 :     opt_adder_fanout    |     on     |        on        |        
RUN-1001 :        opt_arith        |     on     |        on        |        
RUN-1001 :       opt_big_gate      |    off     |       off        |        
RUN-1001 :        opt_const        |     on     |        on        |        
RUN-1001 :      opt_const_mult     |     on     |        on        |        
RUN-1001 :       opt_lessthan      |     on     |        on        |        
RUN-1001 :         opt_mux         |    off     |       off        |        
RUN-1001 :         opt_ram         |    high    |       high       |        
RUN-1001 :      rtl_sim_model      |     on     |       off        |   *    
RUN-1001 :         seq_syn         |     on     |        on        |        
RUN-1001 : --------------------------------------------------------------
HDL-1007 : analyze verilog file responder.v
HDL-1007 : undeclared symbol 'Block_Sel', assumed default net type 'wire' in responder.v(82)
HDL-8007 ERROR: port 'LED_Run' is not defined in responder.v(15)
HDL-8007 ERROR: ignore module module due to previous errors in responder.v(1)
HDL-1007 : Verilog file 'responder.v' ignored due to errors
HDL-1007 : analyze verilog file Sel_module.v
HDL-1007 : analyze verilog file Timer_module.v
HDL-1007 : analyze verilog file Buzzer_module.v
HDL-1007 : analyze verilog file Digitron_NumDisplay.v
HDL-1007 : analyze verilog file key_filter.v
HDL-1007 : analyze verilog file ../../1 run_led/run_led/led8_module.v
RUN-1001 : Print Global Property
RUN-1001 : ---------------------------------------------------------------
RUN-1001 :        Parameters        |  Settings  |  Default Values  |  Note  
RUN-1001 : ---------------------------------------------------------------
RUN-1001 :          message         |  standard  |     standard     |        
RUN-1001 :   mixed_pack_place_flow  |     on     |        on        |        
RUN-1001 :        qor_monitor       |    off     |       off        |        
RUN-1001 :        syn_ip_flow       |    off     |       off        |        
RUN-1001 :          thread          |    auto    |       auto       |        
RUN-1001 : ---------------------------------------------------------------
RUN-1001 : Print Design Property
RUN-1001 : --------------------------------------------------------------
RUN-1001 :        Parameters       |  Settings  |  Default Values  |  Note  
RUN-1001 : --------------------------------------------------------------
RUN-1001 :   default_reg_initial   |    auto    |       auto       |        
RUN-1001 :        infer_add        |     on     |        on        |        
RUN-1001 :        infer_fsm        |    off     |       off        |        
RUN-1001 :        infer_mult       |     on     |        on        |        
RUN-1001 :        infer_ram        |     on     |        on        |        
RUN-1001 :        infer_reg        |     on     |        on        |        
RUN-1001 :   infer_reg_init_value  |     on     |        on        |        
RUN-1001 :        infer_rom        |     on     |        on        |        
RUN-1001 :      infer_shifter      |     on     |        on        |        
RUN-1001 : --------------------------------------------------------------
RUN-1001 : Print Rtl Property
RUN-1001 : --------------------------------------------------------------
RUN-1001 :        Parameters       |  Settings  |  Default Values  |  Note  
RUN-1001 : --------------------------------------------------------------
RUN-1001 :       compress_add      |   ripple   |      ripple      |        
RUN-1001 :        elf_sload        |    off     |       off        |        
RUN-1001 :       fix_undriven      |     0      |        0         |        
RUN-1001 :         flatten         |    off     |       off        |        
RUN-1001 :       gate_sharing      |     on     |        on        |        
RUN-1001 :    hdl_warning_level    |   normal   |      normal      |        
RUN-1001 :   impl_internal_tribuf  |     on     |        on        |        
RUN-1001 :      impl_set_reset     |     on     |        on        |        
RUN-1001 :        infer_gsr        |    off     |       off        |        
RUN-1001 :      keep_hierarchy     |    auto    |       auto       |        
RUN-1001 :        max_fanout       |    9999    |       9999       |        
RUN-1001 :      max_oh2bin_len     |     10     |        10        |        
RUN-1001 :       merge_equal       |     on     |        on        |        
RUN-1001 :       merge_equiv       |     on     |        on        |        
RUN-1001 :        merge_mux        |    off     |       off        |        
RUN-1001 :     min_control_set     |     8      |        8         |        
RUN-1001 :      min_ripple_len     |    auto    |       auto       |        
RUN-1001 :       oh2bin_ratio      |    0.08    |       0.08       |        
RUN-1001 :     opt_adder_fanout    |     on     |        on        |        
RUN-1001 :        opt_arith        |     on     |        on        |        
RUN-1001 :       opt_big_gate      |    off     |       off        |        
RUN-1001 :        opt_const        |     on     |        on        |        
RUN-1001 :      opt_const_mult     |     on     |        on        |        
RUN-1001 :       opt_lessthan      |     on     |        on        |        
RUN-1001 :         opt_mux         |    off     |       off        |        
RUN-1001 :         opt_ram         |    high    |       high       |        
RUN-1001 :      rtl_sim_model      |     on     |       off        |   *    
RUN-1001 :         seq_syn         |     on     |        on        |        
RUN-1001 : --------------------------------------------------------------
HDL-1007 : analyze verilog file responder.v
HDL-1007 : undeclared symbol 'Block_Sel', assumed default net type 'wire' in responder.v(82)
HDL-8007 ERROR: port 'LED_Run' is not defined in responder.v(15)
HDL-8007 ERROR: ignore module module due to previous errors in responder.v(1)
HDL-1007 : Verilog file 'responder.v' ignored due to errors
HDL-1007 : analyze verilog file Sel_module.v
HDL-1007 : analyze verilog file Timer_module.v
HDL-1007 : analyze verilog file Buzzer_module.v
HDL-1007 : analyze verilog file Digitron_NumDisplay.v
HDL-1007 : analyze verilog file key_filter.v
HDL-1007 : analyze verilog file ../../1 run_led/run_led/led8_module.v
GUI-5005 WARNING: Unknown file icon ...
RUN-1001 : Print Global Property
RUN-1001 : ---------------------------------------------------------------
RUN-1001 :        Parameters        |  Settings  |  Default Values  |  Note  
RUN-1001 : ---------------------------------------------------------------
RUN-1001 :          message         |  standard  |     standard     |        
RUN-1001 :   mixed_pack_place_flow  |     on     |        on        |        
RUN-1001 :        qor_monitor       |    off     |       off        |        
RUN-1001 :        syn_ip_flow       |    off     |       off        |        
RUN-1001 :          thread          |    auto    |       auto       |        
RUN-1001 : ---------------------------------------------------------------
RUN-1001 : Print Design Property
RUN-1001 : --------------------------------------------------------------
RUN-1001 :        Parameters       |  Settings  |  Default Values  |  Note  
RUN-1001 : --------------------------------------------------------------
RUN-1001 :   default_reg_initial   |    auto    |       auto       |        
RUN-1001 :        infer_add        |     on     |        on        |        
RUN-1001 :        infer_fsm        |    off     |       off        |        
RUN-1001 :        infer_mult       |     on     |        on        |        
RUN-1001 :        infer_ram        |     on     |        on        |        
RUN-1001 :        infer_reg        |     on     |        on        |        
RUN-1001 :   infer_reg_init_value  |     on     |        on        |        
RUN-1001 :        infer_rom        |     on     |        on        |        
RUN-1001 :      infer_shifter      |     on     |        on        |        
RUN-1001 : --------------------------------------------------------------
RUN-1001 : Print Rtl Property
RUN-1001 : --------------------------------------------------------------
RUN-1001 :        Parameters       |  Settings  |  Default Values  |  Note  
RUN-1001 : --------------------------------------------------------------
RUN-1001 :       compress_add      |   ripple   |      ripple      |        
RUN-1001 :        elf_sload        |    off     |       off        |        
RUN-1001 :       fix_undriven      |     0      |        0         |        
RUN-1001 :         flatten         |    off     |       off        |        
RUN-1001 :       gate_sharing      |     on     |        on        |        
RUN-1001 :    hdl_warning_level    |   normal   |      normal      |        
RUN-1001 :   impl_internal_tribuf  |     on     |        on        |        
RUN-1001 :      impl_set_reset     |     on     |        on        |        
RUN-1001 :        infer_gsr        |    off     |       off        |        
RUN-1001 :      keep_hierarchy     |    auto    |       auto       |        
RUN-1001 :        max_fanout       |    9999    |       9999       |        
RUN-1001 :      max_oh2bin_len     |     10     |        10        |        
RUN-1001 :       merge_equal       |     on     |        on        |        
RUN-1001 :       merge_equiv       |     on     |        on        |        
RUN-1001 :        merge_mux        |    off     |       off        |        
RUN-1001 :     min_control_set     |     8      |        8         |        
RUN-1001 :      min_ripple_len     |    auto    |       auto       |        
RUN-1001 :       oh2bin_ratio      |    0.08    |       0.08       |        
RUN-1001 :     opt_adder_fanout    |     on     |        on        |        
RUN-1001 :        opt_arith        |     on     |        on        |        
RUN-1001 :       opt_big_gate      |    off     |       off        |        
RUN-1001 :        opt_const        |     on     |        on        |        
RUN-1001 :      opt_const_mult     |     on     |        on        |        
RUN-1001 :       opt_lessthan      |     on     |        on        |        
RUN-1001 :         opt_mux         |    off     |       off        |        
RUN-1001 :         opt_ram         |    high    |       high       |        
RUN-1001 :      rtl_sim_model      |     on     |       off        |   *    
RUN-1001 :         seq_syn         |     on     |        on        |        
RUN-1001 : --------------------------------------------------------------
HDL-1007 : analyze verilog file responder.v
HDL-1007 : undeclared symbol 'Block_Sel', assumed default net type 'wire' in responder.v(82)
HDL-1007 : analyze verilog file Sel_module.v
HDL-1007 : analyze verilog file Timer_module.v
HDL-1007 : analyze verilog file Buzzer_module.v
HDL-1007 : analyze verilog file Digitron_NumDisplay.v
HDL-1007 : analyze verilog file key_filter.v
HDL-1007 : analyze verilog file ../../1 run_led/run_led/led8_module.v
HDL-1007 : analyze verilog file responder.v
HDL-8007 ERROR: syntax error near '(' in responder.v(28)
HDL-1007 : undeclared symbol 'Block_Sel', assumed default net type 'wire' in responder.v(82)
HDL-8007 ERROR: no definition could be found for port 'Block_Sel' in responder.v(3)
HDL-8007 ERROR: 'key_filter' is an unknown type in responder.v(26)
HDL-5007 WARNING: 'key_filter' is not declared in responder.v(26)
HDL-8007 ERROR: ignore module module due to previous errors in responder.v(1)
HDL-1007 : Verilog file 'responder.v' ignored due to errors
HDL-1007 : analyze verilog file responder.v
HDL-8007 ERROR: no definition could be found for port 'Block_Sel' in responder.v(3)
HDL-8007 ERROR: ignore module module due to previous errors in responder.v(1)
HDL-1007 : Verilog file 'responder.v' ignored due to errors
HDL-1007 : analyze verilog file responder.v
HDL-8007 ERROR: port connections cannot be mixed ordered and named in responder.v(80)
HDL-8007 ERROR: no definition could be found for port 'Block_Sel' in responder.v(3)
HDL-8007 ERROR: ignore module module due to previous errors in responder.v(1)
HDL-1007 : Verilog file 'responder.v' ignored due to errors
HDL-1007 : analyze verilog file responder.v
HDL-8007 ERROR: no definition could be found for port 'Block_Sel' in responder.v(3)
HDL-8007 ERROR: ignore module module due to previous errors in responder.v(1)
HDL-1007 : Verilog file 'responder.v' ignored due to errors
HDL-1007 : analyze verilog file responder.v
HDL-1007 : analyze verilog file responder.v
HDL-1007 : analyze verilog file responder.v
RUN-1001 : reset_run syn_1 phy_1.
RUN-1001 : launch_runs syn_1 phy_1  -jobs 6.
RUN-1001 : syn_1: run complete.
RUN-1001 : phy_1: run complete.
RUN-1001 : open_run phy_1.
RUN-1002 : start command "import_db C:/Users/Timmy/Desktop/summerschool/wk3-4/Codes_Basic_V561/Codes_Basic/Codes/7 responder/responder/responder_Runs/phy_1/responder_pr.db"
RUN-1001 : Importing database generated by Tang Dynasty, V5.6.71036.
RUN-1001 : Database version number 46146.
RUN-1001 : Import flow parameters
PHY-1001 : Generate detailed routing grids ...
PHY-1001 : Processed IO instance DigitronCS_Out[3]_syn_2 with INV attribute.
PHY-1001 : Processed IO instance DigitronCS_Out[2]_syn_2 with INV attribute.
PHY-1001 : Processed IO instance DigitronCS_Out[1]_syn_2 with INV attribute.
PHY-1001 : Processed IO instance DigitronCS_Out[0]_syn_2 with INV attribute.
PHY-1001 : Processed IO instance Digitron_Out[6]_syn_2 with INV attribute.
PHY-1001 : Processed IO instance Digitron_Out[5]_syn_2 with INV attribute.
PHY-1001 : Processed IO instance Digitron_Out[4]_syn_2 with INV attribute.
PHY-1001 : Processed IO instance Digitron_Out[3]_syn_2 with INV attribute.
PHY-1001 : Processed IO instance Digitron_Out[2]_syn_2 with INV attribute.
PHY-1001 : Processed IO instance Digitron_Out[1]_syn_2 with INV attribute.
PHY-1001 : Processed IO instance Digitron_Out[0]_syn_2 with INV attribute.
PHY-1001 : Generate nets ...
PHY-1001 : net CLK_dup_1 will be routed on clock mesh
PHY-1001 : clock net U2/CLK1_syn_4 will be merged with clock U2/CLK1
PHY-1001 : clock net U4/SingleNum_b_n4_syn_10 will be merged with clock U4/SingleNum_b_n4
PHY-1001 : clock net U4/W_DigitronCS_Out_n_syn_4 will be merged with clock U4/W_DigitronCS_Out_n
PHY-1001 : clock net U4/W_Digitron_Out_n_syn_2 will be merged with clock U4/W_Digitron_Out_n
PHY-1001 : eco open net = 0
PHY-1001 : 1 feed throughs used by 1 nets
RUN-1001 : Import IO constraints
RUN-1001 : Import Inst constraints
RUN-1001 : Import design success TD_VERSION=5.6.71036 , DB_VERSION=46146
RUN-1002 : start command "download -bit responder_Runs\phy_1\responder.bit -mode jtag -spd 7 -sec 64 -cable 0"
PRG-2014 : Chip validation success: EAGLE_S20_BG256
RUN-1002 : start command "bit_to_vec -chip EAGLE_S20_BG256 -m jtag_burst -freq 4 -bit responder_Runs/phy_1/responder.bit"
RUN-1002 : start command "program -cable 0 -mode svf -spd 7 -p"
RUN-1003 : finish command "program -cable 0 -mode svf -spd 7 -p" in  6.815002s wall, 0.156250s user + 0.125000s system = 0.281250s CPU (4.1%)

RUN-1004 : used memory is 672 MB, reserved memory is 614 MB, peak memory is 688 MB
RUN-1003 : finish command "download -bit responder_Runs\phy_1\responder.bit -mode jtag -spd 7 -sec 64 -cable 0" in  7.066496s wall, 0.265625s user + 0.125000s system = 0.390625s CPU (5.5%)

RUN-1004 : used memory is 672 MB, reserved memory is 614 MB, peak memory is 688 MB
GUI-1001 : Downloading succeeded!
GUI-1001 : set_param simulation sim_lib C:/modeltech64_10.6d/anlogic/eg4
RUN-1001 : set_run_property phy_1 -flow_property BitgenProperty::GeneralOption::bin_compress::off.
RUN-1001 : set_run_property phy_1 -flow_property BitgenProperty::GeneralOption::header:: .
RUN-1001 : set_run_property phy_1 -flow_property BitgenProperty::GeneralOption::id:: .
