============================================================
   Tang Dynasty, V5.6.71036
      Copyright (c) 2012-2023 Anlogic Inc.
   Executable = C:/Anlogic/TD5.6.2/bin/td.exe
   Built at =   20:34:38 Mar 21 2023
   Run by =     Timmy
   Run Date =   Wed Jul 24 00:08:50 2024

   Run on =     DESKTOP-A28VB3Q
============================================================
RUN-1002 : start command "open_project responder.prj"
RUN-1001 : Print Global Property
RUN-1001 : ---------------------------------------------------------------
RUN-1001 :        Parameters        |  Settings  |  Default Values  |  Note  
RUN-1001 : ---------------------------------------------------------------
RUN-1001 :          message         |  standard  |     standard     |        
RUN-1001 :   mixed_pack_place_flow  |     on     |        on        |        
RUN-1001 :        qor_monitor       |    off     |       off        |        
RUN-1001 :        syn_ip_flow       |    off     |       off        |        
RUN-1001 :          thread          |    auto    |       auto       |        
RUN-1001 : ---------------------------------------------------------------
RUN-1001 : Print Design Property
RUN-1001 : --------------------------------------------------------------
RUN-1001 :        Parameters       |  Settings  |  Default Values  |  Note  
RUN-1001 : --------------------------------------------------------------
RUN-1001 :   default_reg_initial   |    auto    |       auto       |        
RUN-1001 :        infer_add        |     on     |        on        |        
RUN-1001 :        infer_fsm        |    off     |       off        |        
RUN-1001 :        infer_mult       |     on     |        on        |        
RUN-1001 :        infer_ram        |     on     |        on        |        
RUN-1001 :        infer_reg        |     on     |        on        |        
RUN-1001 :   infer_reg_init_value  |     on     |        on        |        
RUN-1001 :        infer_rom        |     on     |        on        |        
RUN-1001 :      infer_shifter      |     on     |        on        |        
RUN-1001 : --------------------------------------------------------------
RUN-1001 : Print Rtl Property
RUN-1001 : --------------------------------------------------------------
RUN-1001 :        Parameters       |  Settings  |  Default Values  |  Note  
RUN-1001 : --------------------------------------------------------------
RUN-1001 :       compress_add      |   ripple   |      ripple      |        
RUN-1001 :        elf_sload        |    off     |       off        |        
RUN-1001 :       fix_undriven      |     0      |        0         |        
RUN-1001 :         flatten         |    off     |       off        |        
RUN-1001 :       gate_sharing      |     on     |        on        |        
RUN-1001 :    hdl_warning_level    |   normal   |      normal      |        
RUN-1001 :   impl_internal_tribuf  |     on     |        on        |        
RUN-1001 :      impl_set_reset     |     on     |        on        |        
RUN-1001 :        infer_gsr        |    off     |       off        |        
RUN-1001 :      keep_hierarchy     |    auto    |       auto       |        
RUN-1001 :        max_fanout       |    9999    |       9999       |        
RUN-1001 :      max_oh2bin_len     |     10     |        10        |        
RUN-1001 :       merge_equal       |     on     |        on        |        
RUN-1001 :       merge_equiv       |     on     |        on        |        
RUN-1001 :        merge_mux        |    off     |       off        |        
RUN-1001 :     min_control_set     |     8      |        8         |        
RUN-1001 :      min_ripple_len     |    auto    |       auto       |        
RUN-1001 :       oh2bin_ratio      |    0.08    |       0.08       |        
RUN-1001 :     opt_adder_fanout    |     on     |        on        |        
RUN-1001 :        opt_arith        |     on     |        on        |        
RUN-1001 :       opt_big_gate      |    off     |       off        |        
RUN-1001 :        opt_const        |     on     |        on        |        
RUN-1001 :      opt_const_mult     |     on     |        on        |        
RUN-1001 :       opt_lessthan      |     on     |        on        |        
RUN-1001 :         opt_mux         |    off     |       off        |        
RUN-1001 :         opt_ram         |    high    |       high       |        
RUN-1001 :      rtl_sim_model      |    off     |       off        |        
RUN-1001 :         seq_syn         |     on     |        on        |        
RUN-1001 : --------------------------------------------------------------
HDL-1007 : analyze verilog file ../../responder.v
HDL-1007 : analyze verilog file ../../Sel_module.v
HDL-1007 : analyze verilog file ../../Timer_module.v
HDL-1007 : analyze verilog file ../../Buzzer_module.v
HDL-1007 : analyze verilog file ../../Digitron_NumDisplay.v
HDL-1007 : analyze verilog file ../../key_filter.v
RUN-1001 : Project manager successfully analyzed 6 source files.
RUN-1002 : start command "import_device eagle_s20.db -package EG4S20BG256"
ARC-1001 : Device Initialization.
ARC-1001 : ------------------------------------------------------------------
ARC-1001 :            OPTION            |          IO          |   SETTING   
ARC-1001 : ------------------------------------------------------------------
ARC-1001 :   cso_b/cclk/mosi/miso/dout  |  T3/R11/T10/P10/S11  |    gpio    
ARC-1001 :             done             |         P13          |    gpio    
ARC-1001 :           program_b          |          T2          |  dedicate  
ARC-1001 :        tdi/tms/tck/tdo       |   C12/A15/C14/E14    |  dedicate  
ARC-1001 : ------------------------------------------------------------------
ARC-1004 : Device setting, marked 5 dedicate IOs in total.
RUN-1002 : start command "import_db ../syn_1/responder_gate.db"
RUN-1001 : Importing database generated by Tang Dynasty, V5.6.71036.
RUN-1001 : Database version number 46146.
RUN-1001 : Import flow parameters
RUN-1001 : Import IO constraints
RUN-1001 : Import Inst constraints
RUN-1001 : Import design success TD_VERSION=5.6.71036 , DB_VERSION=46146
RUN-1002 : start command "place"
RUN-1001 : Open license file C:/Anlogic/TD5.6.2/license/Anlogic.lic
RUN-1001 : Print Global Property
RUN-1001 : ---------------------------------------------------------------
RUN-1001 :        Parameters        |  Settings  |  Default Values  |  Note  
RUN-1001 : ---------------------------------------------------------------
RUN-1001 :          message         |  standard  |     standard     |        
RUN-1001 :   mixed_pack_place_flow  |     on     |        on        |        
RUN-1001 :        qor_monitor       |    off     |       off        |        
RUN-1001 :        syn_ip_flow       |    off     |       off        |        
RUN-1001 :          thread          |    auto    |       auto       |        
RUN-1001 : ---------------------------------------------------------------
RUN-1001 : Print Place Property
RUN-1001 : --------------------------------------------------------------
RUN-1001 :        Parameters       |  Settings  |  Default Values  |  Note  
RUN-1001 : --------------------------------------------------------------
RUN-1001 :      detailed_place     |     on     |        on        |        
RUN-1001 :          effort         |   medium   |      medium      |        
RUN-1001 :         fix_hold        |    off     |       off        |        
RUN-1001 :       legalization      |    ori     |       ori        |        
RUN-1001 :      new_spreading      |     on     |        on        |        
RUN-1001 :        opt_timing       |   medium   |      medium      |        
RUN-1001 :   post_clock_route_opt  |    off     |       off        |        
RUN-1001 :       pr_strategy       |     1      |        1         |        
RUN-1001 :        relaxation       |    1.00    |       1.00       |        
RUN-1001 :         retiming        |    off     |       off        |        
RUN-1001 : --------------------------------------------------------------
PHY-3001 : Placer runs in 8 thread(s).
RUN-1002 : start command "legalize_phy_inst"
SYN-1011 : Flatten model responder
RUN-1002 : start command "phys_opt -simplify_lut"
SYN-4024 : Net "CLK_dup_1" drives clk pins.
SYN-4024 : Net "U4/W_DigitronCS_Out_n" drives clk pins.
SYN-4024 : Net "U4/SingleNum_b_n4" drives clk pins.
SYN-4025 : Tag rtl::Net CLK_dup_1 as clock net
SYN-4025 : Tag rtl::Net U4/SingleNum_b_n4 as clock net
SYN-4025 : Tag rtl::Net U4/W_DigitronCS_Out_n as clock net
SYN-4026 : Tagged 3 rtl::Net as clock net
SYN-4015 : Create BUFG instance for clk Net U4/W_DigitronCS_Out_n to drive 8 clock pins.
SYN-4015 : Create BUFG instance for clk Net U4/SingleNum_b_n4 to drive 3 clock pins.
PHY-1001 : Populate physical database on model responder.
RUN-1001 : There are total 257 instances
RUN-0007 : 99 luts, 90 seqs, 20 mslices, 13 lslices, 30 pads, 0 brams, 0 dsps
RUN-1001 : There are total 342 nets
RUN-1001 : 198 nets have 2 pins
RUN-1001 : 119 nets have [3 - 5] pins
RUN-1001 : 17 nets have [6 - 10] pins
RUN-1001 : 3 nets have [11 - 20] pins
RUN-1001 : 3 nets have [21 - 99] pins
RUN-1001 : 2 nets have 100+ pins
RUN-1001 : Report Control nets information:
RUN-1001 : DFF Distribution
RUN-1001 : ----------------------------------
RUN-1001 :   CE   |  SSR  |  ASR  |  DFF Count  
RUN-1001 : ----------------------------------
RUN-1001 :   No   |  No   |  No   |     26      
RUN-1001 :   No   |  No   |  Yes  |      9      
RUN-1001 :   No   |  Yes  |  No   |     29      
RUN-1001 :   Yes  |  No   |  No   |      0      
RUN-1001 :   Yes  |  No   |  Yes  |     26      
RUN-1001 :   Yes  |  Yes  |  No   |      0      
RUN-1001 : ----------------------------------
RUN-0007 : Control Group Statistic
RUN-0007 : ---------------------------
RUN-0007 :   #CLK  |  #CE  |  #SSR/ASR  
RUN-0007 : ---------------------------
RUN-0007 :    3    |   2   |     4      
RUN-0007 : ---------------------------
RUN-0007 : Control Set = 7
PHY-3001 : Initial placement ...
PHY-3001 : design contains 255 instances, 99 luts, 90 seqs, 33 slices, 4 macros(33 instances: 20 mslices 13 lslices)
PHY-0007 : Cell area utilization is 0%
PHY-3001 : Global placement ...
PHY-3001 : Initial: Len = 88564.6
PHY-3001 : Clustering ...
PHY-3001 : Level 0 #clusters 255.
PHY-3001 : End clustering;  0.000025s wall, 0.000000s user + 0.000000s system = 0.000000s CPU (n/a%)

PHY-3001 : Run with size of 4
PHY-3001 : Cell area utilization is 0%
PHY-3001 : :::0::: Try harder cell spreading with beta_ = 0
PHY-3002 : Step(1): len = 53620.1, overlap = 0
PHY-3002 : Step(2): len = 37812.5, overlap = 0
PHY-3002 : Step(3): len = 27218.7, overlap = 0
PHY-3002 : Step(4): len = 21380.5, overlap = 0
PHY-3002 : Step(5): len = 17817.5, overlap = 0
PHY-3002 : Step(6): len = 16189.1, overlap = 0
PHY-3002 : Step(7): len = 15887.2, overlap = 0
PHY-3002 : Step(8): len = 15822.5, overlap = 0
PHY-3002 : Step(9): len = 14436.2, overlap = 0
PHY-3002 : Step(10): len = 13219.8, overlap = 0
PHY-3002 : Step(11): len = 12670.8, overlap = 0
PHY-3002 : Step(12): len = 12363.5, overlap = 0
PHY-3002 : Step(13): len = 11320, overlap = 0
PHY-3002 : Step(14): len = 10747.6, overlap = 0
PHY-3002 : Step(15): len = 10134.9, overlap = 0
PHY-3002 : Step(16): len = 9663, overlap = 0
PHY-3002 : Step(17): len = 9681.8, overlap = 0
PHY-3002 : Step(18): len = 9410.1, overlap = 0
PHY-3002 : Step(19): len = 9459.6, overlap = 0
PHY-3002 : Step(20): len = 8836.5, overlap = 0
PHY-3002 : Step(21): len = 8621.4, overlap = 0
PHY-3002 : Step(22): len = 8595.6, overlap = 0
PHY-3002 : Step(23): len = 8421.1, overlap = 0
PHY-3002 : Step(24): len = 8412, overlap = 0
PHY-3002 : Step(25): len = 7870, overlap = 0
PHY-3002 : Step(26): len = 7659.2, overlap = 0
PHY-3002 : Step(27): len = 7365.4, overlap = 0
PHY-3002 : Step(28): len = 7111.1, overlap = 0
PHY-3002 : Step(29): len = 7191.9, overlap = 0
PHY-3002 : Step(30): len = 6722.7, overlap = 0
PHY-3002 : Step(31): len = 6776.1, overlap = 0
PHY-3002 : Step(32): len = 6674.6, overlap = 0
PHY-3002 : Step(33): len = 6731.8, overlap = 0
PHY-3002 : Step(34): len = 6590, overlap = 0
PHY-3002 : Step(35): len = 6653.5, overlap = 0
PHY-3002 : Step(36): len = 6523.8, overlap = 0
PHY-3002 : Step(37): len = 6631.7, overlap = 0
PHY-3002 : Step(38): len = 6784.9, overlap = 0
PHY-3002 : Step(39): len = 6632, overlap = 0
PHY-3002 : Step(40): len = 6288.3, overlap = 0
PHY-3002 : Step(41): len = 6434, overlap = 0
PHY-3002 : Step(42): len = 6158, overlap = 0
PHY-3002 : Step(43): len = 6267.3, overlap = 0
PHY-3002 : Step(44): len = 6247.2, overlap = 0
PHY-3002 : Step(45): len = 6253.5, overlap = 0
PHY-3002 : Step(46): len = 5833.9, overlap = 0
PHY-3002 : Step(47): len = 5981.9, overlap = 0
PHY-3002 : Step(48): len = 5937.6, overlap = 0
PHY-3002 : Step(49): len = 5493.8, overlap = 0
PHY-3002 : Step(50): len = 5408.5, overlap = 0
PHY-3002 : Step(51): len = 5428.1, overlap = 0
PHY-3002 : Step(52): len = 5169.8, overlap = 0
PHY-3002 : Step(53): len = 5169.8, overlap = 0
PHY-3002 : Step(54): len = 5000.4, overlap = 0
PHY-3002 : Step(55): len = 5017.7, overlap = 0
PHY-3002 : Step(56): len = 5017.7, overlap = 0
PHY-3001 : Legalization ...
PHY-3001 : End legalization;  0.006517s wall, 0.000000s user + 0.000000s system = 0.000000s CPU (n/a%)

PHY-3001 : Run with size of 4
PHY-3001 : Cell area utilization is 1%
PHY-3001 : :::0::: Try harder cell spreading with beta_ = 0
PHY-3002 : Step(57): len = 4963.5, overlap = 0
PHY-3002 : Step(58): len = 4963.5, overlap = 0
PHY-3002 : Step(59): len = 4951, overlap = 0
PHY-3002 : Step(60): len = 4965.1, overlap = 0
PHY-3002 : Step(61): len = 5008.8, overlap = 0
PHY-3001 : Run with size of 2
PHY-3001 : Cell area utilization is 1%
PHY-3001 : :::0::: Try harder cell spreading with beta_ = 0
PHY-3002 : Step(62): len = 4914.5, overlap = 3.09375
PHY-3002 : Step(63): len = 4921.7, overlap = 3.1875
PHY-3002 : Step(64): len = 4921.7, overlap = 3.1875
OPT-1001 : Start physical optimization ...
OPT-1001 : Total overflow 8.88 peak overflow 1.88
OPT-1001 : Start high-fanout net optimization ...
OPT-1001 : Update timing in global mode
PHY-1001 : Start incremental global routing, caller is place ...
RUN-1001 : Generating global routing grids ...
RUN-1001 : Building simple global routing graph ...
PHY-1001 : Generate routing nets ...
PHY-1001 : Reuse net number 0/342.
PHY-1001 : Global iterations in 8 thread ...
PHY-1002 : len = 5152, over cnt = 10(0%), over = 27, worst = 5
PHY-1001 : End global iterations;  0.017522s wall, 0.000000s user + 0.000000s system = 0.000000s CPU (n/a%)

PHY-1001 : Congestion index: top1 = 9.35, top5 = 3.49, top10 = 1.75, top15 = 1.16.
PHY-1001 : End incremental global routing;  0.073442s wall, 0.000000s user + 0.015625s system = 0.015625s CPU (21.3%)

RUN-1002 : start command "start_timer -report"
TMR-5001 WARNING: No sdc constraints found while initiating timer.
TMR-2505 : Start building timing graph for model responder.
TMR-2506 : Build timing graph completely. Port num: 12, tpin num: 1129, tnet num: 340, tinst num: 255, tnode num: 1470, tedge num: 1791.
TMR-2508 : Levelizing timing graph completed, there are 23 levels in total.
TMR-2501 : Timing graph initialized successfully.
OPT-1001 : End timing update;  0.212772s wall, 0.140625s user + 0.000000s system = 0.140625s CPU (66.1%)

OPT-1001 : 0 high-fanout net processed.
OPT-1001 : End high-fanout net optimization;  0.289152s wall, 0.140625s user + 0.015625s system = 0.156250s CPU (54.0%)

OPT-1001 : Current memory(MB): used = 133, reserve = 104, peak = 133.
OPT-1001 : End physical optimization;  0.295813s wall, 0.156250s user + 0.015625s system = 0.171875s CPU (58.1%)

PHY-3001 : Start packing ...
SYN-4007 : Packing 0 MUX to BLE ...
SYN-4008 : Packed 0 MUX and 0 SEQ to BLE.
SYN-4007 : Packing 99 LUT to BLE ...
SYN-4008 : Packed 99 LUT and 40 SEQ to BLE.
SYN-4003 : Packing 50 remaining SEQ's ...
SYN-4005 : Packed 34 SEQ with LUT/SLICE
SYN-4006 : 29 single LUT's are left
SYN-4006 : 16 single SEQ's are left
SYN-4011 : Packing model "responder" (AL_USER_NORMAL) with 115/183 primitive instances ...
PHY-3001 : End packing;  0.007227s wall, 0.000000s user + 0.000000s system = 0.000000s CPU (n/a%)

PHY-1001 : Populate physical database on model responder.
RUN-1001 : There are total 133 instances
RUN-1001 : 49 mslices, 49 lslices, 30 pads, 0 brams, 0 dsps
RUN-1001 : There are total 306 nets
RUN-1001 : 162 nets have 2 pins
RUN-1001 : 119 nets have [3 - 5] pins
RUN-1001 : 17 nets have [6 - 10] pins
RUN-1001 : 5 nets have [11 - 20] pins
RUN-1001 : 2 nets have [21 - 99] pins
RUN-1001 : 1 nets have 100+ pins
PHY-3001 : design contains 131 instances, 98 slices, 4 macros(33 instances: 20 mslices 13 lslices)
PHY-3001 : Cell area utilization is 1%
PHY-3001 : After packing: Len = 5224.4, Over = 5.25
PHY-3001 : Run with size of 2
PHY-3001 : Cell area utilization is 1%
PHY-3001 : :::0::: Try harder cell spreading with beta_ = 0.000593992
PHY-3002 : Step(65): len = 5139, overlap = 5
PHY-3002 : Step(66): len = 5131.7, overlap = 4.75
PHY-3002 : Step(67): len = 5127.8, overlap = 4.5
PHY-3001 : Legalization ...
PHY-3001 : End legalization;  0.044621s wall, 0.000000s user + 0.015625s system = 0.015625s CPU (35.0%)

PHY-3001 : Trial Legalized: Len = 8029
PHY-3001 : Run with size of 2
PHY-3001 : Cell area utilization is 1%
PHY-3001 : :::0::: Try harder cell spreading with beta_ = 0
PHY-3002 : Step(68): len = 6264.1, overlap = 0.75
PHY-3002 : Step(69): len = 5400.4, overlap = 1.25
PHY-3002 : Step(70): len = 5148.5, overlap = 1.5
PHY-3002 : Step(71): len = 5118.7, overlap = 1.5
PHY-3002 : Step(72): len = 5077, overlap = 2
PHY-3002 : Step(73): len = 5064.1, overlap = 1.75
PHY-3002 : Step(74): len = 5025.3, overlap = 1.75
PHY-3002 : Step(75): len = 5017.6, overlap = 1.75
PHY-3002 : Step(76): len = 4991.6, overlap = 1.75
PHY-3002 : Step(77): len = 4947.1, overlap = 2
PHY-3002 : Step(78): len = 4947.1, overlap = 2
PHY-3002 : Step(79): len = 4942.1, overlap = 2
PHY-3001 : Legalization ...
PHY-3001 : End legalization;  0.005369s wall, 0.000000s user + 0.000000s system = 0.000000s CPU (n/a%)

PHY-3001 : Legalized: Len = 6135.9, Over = 0
PHY-3001 : End spreading;  0.002539s wall, 0.000000s user + 0.000000s system = 0.000000s CPU (n/a%)

PHY-3001 : Final: Len = 6135.9, Over = 0
OPT-1001 : Start physical optimization ...
OPT-1001 : Total overflow 0.00 peak overflow 0.00
OPT-1001 : Start high-fanout net optimization ...
OPT-1001 : Update timing in global mode
PHY-1001 : Start incremental global routing, caller is place ...
RUN-1001 : Generating global routing grids ...
PHY-1001 : Generate routing nets ...
PHY-1001 : Reuse net number 9/306.
PHY-1001 : Global iterations in 8 thread ...
PHY-1002 : len = 6656, over cnt = 20(0%), over = 32, worst = 3
PHY-1002 : len = 6784, over cnt = 13(0%), over = 20, worst = 3
PHY-1002 : len = 7040, over cnt = 1(0%), over = 1, worst = 1
PHY-1002 : len = 7056, over cnt = 0(0%), over = 0, worst = 0
PHY-1001 : End global iterations;  0.033216s wall, 0.000000s user + 0.000000s system = 0.000000s CPU (n/a%)

PHY-1001 : Congestion index: top1 = 13.66, top5 = 4.95, top10 = 2.48, top15 = 1.65.
PHY-1001 : End incremental global routing;  0.083992s wall, 0.031250s user + 0.000000s system = 0.031250s CPU (37.2%)

RUN-1002 : start command "start_timer -report"
TMR-5001 WARNING: No sdc constraints found while initiating timer.
TMR-2505 : Start building timing graph for model responder.
TMR-2506 : Build timing graph completely. Port num: 12, tpin num: 988, tnet num: 304, tinst num: 131, tnode num: 1252, tedge num: 1622.
TMR-2508 : Levelizing timing graph completed, there are 23 levels in total.
TMR-2501 : Timing graph initialized successfully.
OPT-1001 : End timing update;  0.183184s wall, 0.171875s user + 0.000000s system = 0.171875s CPU (93.8%)

OPT-1001 : 0 high-fanout net processed.
OPT-1001 : End high-fanout net optimization;  0.270812s wall, 0.203125s user + 0.000000s system = 0.203125s CPU (75.0%)

OPT-1001 : Current memory(MB): used = 134, reserve = 105, peak = 134.
OPT-1001 : Update timing in Manhattan mode
OPT-1001 : End timing update;  0.000269s wall, 0.000000s user + 0.000000s system = 0.000000s CPU (n/a%)

OPT-1001 : Start pin optimization...
OPT-1001 : skip pin optimization...
RUN-1001 : Generating global routing grids ...
PHY-1001 : Generate routing nets ...
PHY-1001 : Reuse net number 226/306.
PHY-1001 : Global iterations in 8 thread ...
PHY-1002 : len = 7056, over cnt = 0(0%), over = 0, worst = 0
PHY-1001 : End global iterations;  0.001412s wall, 0.015625s user + 0.000000s system = 0.015625s CPU (1106.8%)

PHY-1001 : Congestion index: top1 = 13.66, top5 = 4.95, top10 = 2.48, top15 = 1.65.
OPT-1001 : Update timing in Manhattan mode
OPT-1001 : End timing update;  0.000384s wall, 0.000000s user + 0.000000s system = 0.000000s CPU (n/a%)

RUN-1001 : QoR Analysis:
OPT-0007 :   WNS 2147483647 TNS 0 NUM_FEPS 0
RUN-1001 :   No local congestion issue, and most congested 1% tile average routing util is 13.275862
RUN-1001 :   Top critical paths
OPT-1001 : End physical optimization;  0.320121s wall, 0.265625s user + 0.000000s system = 0.265625s CPU (83.0%)

RUN-1003 : finish command "place" in  1.973245s wall, 1.125000s user + 0.421875s system = 1.546875s CPU (78.4%)

RUN-1004 : used memory is 126 MB, reserved memory is 97 MB, peak memory is 134 MB
RUN-1002 : start command "export_db responder_place.db"
RUN-1001 : Exported /
RUN-1001 : Exported flow parameters
RUN-1001 : Exported libs
RUN-1001 : Exported entities
RUN-1001 : Exported ports
RUN-1001 : Exported pins
RUN-1001 : Exported instances
RUN-1001 : Exported nets
RUN-1001 : Exported buses
RUN-1001 : Exported models
RUN-1001 : Exported congestions
RUN-1001 : Exported violations
RUN-1001 : Exported IO constraints
RUN-1001 : Exported Inst constraints
RUN-1002 : start command "route"
RUN-1001 : Open license file C:/Anlogic/TD5.6.2/license/Anlogic.lic
RUN-1001 : Print Global Property
RUN-1001 : ---------------------------------------------------------------
RUN-1001 :        Parameters        |  Settings  |  Default Values  |  Note  
RUN-1001 : ---------------------------------------------------------------
RUN-1001 :          message         |  standard  |     standard     |        
RUN-1001 :   mixed_pack_place_flow  |     on     |        on        |        
RUN-1001 :        qor_monitor       |    off     |       off        |        
RUN-1001 :        syn_ip_flow       |    off     |       off        |        
RUN-1001 :          thread          |    auto    |       auto       |        
RUN-1001 : ---------------------------------------------------------------
RUN-1001 : Print Route Property
RUN-1001 : -------------------------------------------------------
RUN-1001 :    Parameters    |  Settings  |  Default Values  |  Note  
RUN-1001 : -------------------------------------------------------
RUN-1001 :      effort      |   medium   |      medium      |        
RUN-1001 :     fix_hold     |    off     |       off        |        
RUN-1001 :    opt_timing    |   medium   |      medium      |        
RUN-1001 :   phy_sim_model  |    off     |       off        |        
RUN-1001 :     priority     |   timing   |      timing      |        
RUN-1001 :     swap_pin     |     on     |        on        |        
RUN-1001 : -------------------------------------------------------
PHY-1001 : Route runs in 8 thread(s)
RUN-1001 : There are total 133 instances
RUN-1001 : 49 mslices, 49 lslices, 30 pads, 0 brams, 0 dsps
RUN-1001 : There are total 306 nets
RUN-1001 : 162 nets have 2 pins
RUN-1001 : 119 nets have [3 - 5] pins
RUN-1001 : 17 nets have [6 - 10] pins
RUN-1001 : 5 nets have [11 - 20] pins
RUN-1001 : 2 nets have [21 - 99] pins
RUN-1001 : 1 nets have 100+ pins
RUN-1002 : start command "start_timer -report"
TMR-5001 WARNING: No sdc constraints found while initiating timer.
TMR-2505 : Start building timing graph for model responder.
TMR-2506 : Build timing graph completely. Port num: 12, tpin num: 988, tnet num: 304, tinst num: 131, tnode num: 1252, tedge num: 1622.
TMR-2508 : Levelizing timing graph completed, there are 23 levels in total.
TMR-2501 : Timing graph initialized successfully.
PHY-1001 : 49 mslices, 49 lslices, 30 pads, 0 brams, 0 dsps
TMR-2503 : Start to update net delay, extr mode = 3.
TMR-2504 : Update delay of 304 nets completely.
TMR-2502 : Annotate delay completely, extr mode = 3.
TMR-3002 : No user constraint, initiate default constraint.
TMR-1501 : Assign derive clock DeriveClock to 158 clock pins, and constraint 264 relative nodes.
TMR-3003 : Constraints initiated successfully.
TMR-3501 : Forward propagation: start to calculate arrival time...
TMR-3502 : Backward propagation: start to calculate required time...
TMR-3503 : Timing propagation completes.
PHY-1001 : Start global routing, caller is route ...
RUN-1001 : Generating global routing grids ...
PHY-1001 : Generate routing nets ...
PHY-1001 : Global iterations in 8 thread ...
PHY-1002 : len = 6648, over cnt = 21(0%), over = 33, worst = 3
PHY-1002 : len = 6784, over cnt = 13(0%), over = 20, worst = 3
PHY-1002 : len = 7048, over cnt = 0(0%), over = 0, worst = 0
PHY-1001 : End global iterations;  0.033513s wall, 0.015625s user + 0.000000s system = 0.015625s CPU (46.6%)

PHY-1001 : Congestion index: top1 = 13.62, top5 = 4.93, top10 = 2.47, top15 = 1.65.
PHY-1001 : End global routing;  0.077913s wall, 0.046875s user + 0.000000s system = 0.046875s CPU (60.2%)

PHY-1001 : Start detail routing ...
PHY-1001 : Current memory(MB): used = 152, reserve = 123, peak = 154.
PHY-1001 : Detailed router is running in normal mode.
PHY-1001 : Generate detailed routing grids ...
PHY-1001 : Processed IO instance DigitronCS_Out[3]_syn_2 with INV attribute.
PHY-1001 : Processed IO instance DigitronCS_Out[2]_syn_2 with INV attribute.
PHY-1001 : Processed IO instance DigitronCS_Out[1]_syn_2 with INV attribute.
PHY-1001 : Processed IO instance DigitronCS_Out[0]_syn_2 with INV attribute.
PHY-1001 : Processed IO instance Digitron_Out[6]_syn_2 with INV attribute.
PHY-1001 : Processed IO instance Digitron_Out[5]_syn_2 with INV attribute.
PHY-1001 : Processed IO instance Digitron_Out[4]_syn_2 with INV attribute.
PHY-1001 : Processed IO instance Digitron_Out[3]_syn_2 with INV attribute.
PHY-1001 : Processed IO instance Digitron_Out[2]_syn_2 with INV attribute.
PHY-1001 : Processed IO instance Digitron_Out[1]_syn_2 with INV attribute.
PHY-1001 : Processed IO instance Digitron_Out[0]_syn_2 with INV attribute.
PHY-1001 : Generate nets ...
PHY-1001 : net CLK_dup_1 will be routed on clock mesh
PHY-1001 : clock net U4/SingleNum_b_n4_syn_10 will be merged with clock U4/SingleNum_b_n4
PHY-1001 : clock net U4/W_DigitronCS_Out_n_syn_4 will be merged with clock U4/W_DigitronCS_Out_n
PHY-1001 : Current memory(MB): used = 416, reserve = 392, peak = 416.
PHY-1001 : End build detailed router design. 3.901170s wall, 3.281250s user + 0.015625s system = 3.296875s CPU (84.5%)

PHY-1001 : Detail Route ...
PHY-1001 : ===== Detail Route Phase 1 =====
PHY-1001 : Clock net routing.....
PHY-1001 : Routed 0% nets.
PHY-1022 : len = 8696, over cnt = 0(0%), over = 0, worst = 0, crit = 0
PHY-1001 : End initial clock net routed; 0.617328s wall, 0.562500s user + 0.000000s system = 0.562500s CPU (91.1%)

PHY-1001 : Current memory(MB): used = 446, reserve = 422, peak = 446.
PHY-1001 : End phase 1; 0.622773s wall, 0.578125s user + 0.000000s system = 0.578125s CPU (92.8%)

PHY-1001 : ===== Detail Route Phase 2 =====
PHY-1001 : Initial routing.....
PHY-1001 : Routed 33% nets.
PHY-1001 : Routed 38% nets.
PHY-1001 : Routed 47% nets.
PHY-1001 : Routed 59% nets.
PHY-1001 : Routed 79% nets.
PHY-1022 : len = 22824, over cnt = 3(0%), over = 3, worst = 1, crit = 0
PHY-1001 : Current memory(MB): used = 446, reserve = 422, peak = 446.
PHY-1001 : End initial routed; 0.144383s wall, 0.078125s user + 0.015625s system = 0.093750s CPU (64.9%)

PHY-1001 : Current memory(MB): used = 446, reserve = 422, peak = 446.
PHY-1001 : End phase 2; 0.144434s wall, 0.078125s user + 0.015625s system = 0.093750s CPU (64.9%)

PHY-1001 : ===== Detail Route Phase 3 =====
PHY-1001 : Ripup-reroute.....
PHY-1001 : ===== DR Iter 1 =====
PHY-1022 : len = 22824, over cnt = 2(0%), over = 2, worst = 1, crit = 0
PHY-1001 : End DR Iter 1; 0.012947s wall, 0.015625s user + 0.000000s system = 0.015625s CPU (120.7%)

PHY-1001 : ===== DR Iter 2 =====
PHY-1022 : len = 22824, over cnt = 0(0%), over = 0, worst = 0, crit = 0
PHY-1001 : End DR Iter 2; 0.011356s wall, 0.000000s user + 0.000000s system = 0.000000s CPU (n/a%)

PHY-1001 : Commit to database.....
PHY-1001 : 1 feed throughs used by 1 nets
PHY-1001 : End commit to database; 0.036767s wall, 0.000000s user + 0.000000s system = 0.000000s CPU (n/a%)

PHY-1001 : Current memory(MB): used = 455, reserve = 431, peak = 455.
PHY-1001 : End phase 3; 0.173797s wall, 0.125000s user + 0.000000s system = 0.125000s CPU (71.9%)

PHY-1003 : Routed, final wirelength = 22824
PHY-1001 : Current memory(MB): used = 455, reserve = 431, peak = 455.
PHY-1001 : End export database. 0.005239s wall, 0.000000s user + 0.000000s system = 0.000000s CPU (n/a%)

PHY-1001 : End detail routing;  5.058791s wall, 4.296875s user + 0.046875s system = 4.343750s CPU (85.9%)

RUN-1003 : finish command "route" in  5.386638s wall, 4.531250s user + 0.062500s system = 4.593750s CPU (85.3%)

RUN-1004 : used memory is 412 MB, reserved memory is 388 MB, peak memory is 455 MB
RUN-1002 : start command "report_area -io_info -file responder_phy.area"
RUN-1001 : standard
***Report Model: responder Device: EG4S20BG256***

IO Statistics
#IO                        34
  #input                    7
  #output                  27
  #inout                    0

Utilization Statistics
#lut                      168   out of  19600    0.86%
#reg                      111   out of  19600    0.57%
#le                       184
  #lut only                73   out of    184   39.67%
  #reg only                16   out of    184    8.70%
  #lut&reg                 95   out of    184   51.63%
#dsp                        0   out of     29    0.00%
#bram                       0   out of     64    0.00%
  #bram9k                   0
  #fifo9k                   0
#bram32k                    0   out of     16    0.00%
#pad                       30   out of    188   15.96%
  #ireg                     4
  #oreg                    16
  #treg                     0
#pll                        0   out of      4    0.00%
#gclk                       2   out of     16   12.50%

Clock Resource Statistics
Index     ClockNet                 Type               DriverType         Driver                              Fanout
#1        CLK_dup_1                GCLK               io                 CLK_syn_2.di                        74
#2        U4/W_DigitronCS_Out_n    GCLK               lslice             U4/reg2_syn_30.f1                   7
#3        U4/SingleNum_b_n4        GCLK               lslice             U4/W_Digitron_Out_b[2]_syn_18.f0    2


Detailed IO Report

        Name           Direction    Location    IOStandard    DriveStrength    PullType    PackReg  
         CLK             INPUT         R7        LVCMOS33          N/A          PULLUP      NONE    
      Key_In[3]          INPUT        F10        LVCMOS33          N/A          PULLUP      IREG    
      Key_In[2]          INPUT        C11        LVCMOS33          N/A          PULLUP      IREG    
      Key_In[1]          INPUT        D11        LVCMOS33          N/A          PULLUP      IREG    
      Key_In[0]          INPUT        E11        LVCMOS33          N/A          PULLUP      IREG    
        RSTn             INPUT         A9        LVCMOS33          N/A          PULLUP      NONE    
        Start            INPUT        A10        LVCMOS33          N/A          PULLUP      NONE    
     Buzzer_Out         OUTPUT        H11        LVCMOS33           8            NONE       OREG    
  DigitronCS_Out[3]     OUTPUT         A3        LVCMOS33           8            NONE       OREG    
  DigitronCS_Out[2]     OUTPUT         A5        LVCMOS33           8            NONE       OREG    
  DigitronCS_Out[1]     OUTPUT         B6        LVCMOS33           8            NONE       OREG    
  DigitronCS_Out[0]     OUTPUT         C9        LVCMOS33           8            NONE       OREG    
   Digitron_Out[7]      OUTPUT         C8        LVCMOS33           8            NONE       NONE    
   Digitron_Out[6]      OUTPUT         A8        LVCMOS33           8            NONE       OREG    
   Digitron_Out[5]      OUTPUT         B5        LVCMOS33           8            NONE       OREG    
   Digitron_Out[4]      OUTPUT         A7        LVCMOS33           8            NONE       OREG    
   Digitron_Out[3]      OUTPUT         E8        LVCMOS33           8            NONE       OREG    
   Digitron_Out[2]      OUTPUT         B8        LVCMOS33           8            NONE       OREG    
   Digitron_Out[1]      OUTPUT         A6        LVCMOS33           8            NONE       OREG    
   Digitron_Out[0]      OUTPUT         A4        LVCMOS33           8            NONE       OREG    
     Key_Row[3]         OUTPUT        E10        LVCMOS33           8            NONE       NONE    
     Key_Row[2]         OUTPUT        C10        LVCMOS33           8            NONE       NONE    
     Key_Row[1]         OUTPUT         F9        LVCMOS33           8            NONE       NONE    
     Key_Row[0]         OUTPUT         D9        LVCMOS33           8            NONE       NONE    
      LED_Debug         OUTPUT        E16        LVCMOS33           8            NONE       NONE    
     LED_Out[3]         OUTPUT         C2        LVCMOS33           8            NONE       OREG    
     LED_Out[2]         OUTPUT         C1        LVCMOS33           8            NONE       OREG    
     LED_Out[1]         OUTPUT         E4        LVCMOS33           8            NONE       OREG    
     LED_Out[0]         OUTPUT         D3        LVCMOS33           8            NONE       OREG    
  LED_OverTime_Out      OUTPUT        F16        LVCMOS33           8            NONE       NONE    

Report Hierarchy Area:
+-----------------------------------------------------------------------------------+
|Instance |Module              |le     |lut     |ripple  |seq     |bram    |dsp     |
+-----------------------------------------------------------------------------------+
|top      |responder           |184    |135     |33      |131     |0       |0       |
|  U1     |Sel_module          |58     |46      |7       |36      |0       |0       |
|  U3     |Buzzer_module       |39     |22      |6       |26      |0       |0       |
|  U4     |Digitron_NumDisplay |53     |44      |9       |25      |0       |0       |
|  U5     |key_filter          |34     |23      |11      |24      |0       |0       |
+-----------------------------------------------------------------------------------+


DataNet Average Fanout:

   Index     Fanout    Nets  
    #1         1       132   
    #2         2       104   
    #3         3        10   
    #4         4        4    
    #5        5-10      17   
    #6       11-50      4    
  Average     2.11           

RUN-1002 : start command "export_db responder_pr.db"
RUN-1001 : Exported /
RUN-1001 : Exported flow parameters
RUN-1001 : Exported libs
RUN-1001 : Exported entities
RUN-1001 : Exported ports
RUN-1001 : Exported pins
RUN-1001 : Exported instances
RUN-1001 : Exported nets
RUN-1001 : Exported buses
RUN-1001 : Exported models
RUN-1001 : Exported congestions
RUN-1001 : Exported violations
RUN-1001 : Exported IO constraints
RUN-1001 : Exported Inst constraints
RUN-1002 : start command "export_bid responder_inst.bid"
RUN-1002 : start command "bitgen -bit responder.bit -unused_io_status pulldown"
BIT-1003 : Start to generate bitstream. 
BIT-1002 : Bitgen processed 158 unused pads, reserve input tri_state with pulldown
BIT-1002 : Init instances with 8 threads.
BIT-1002 : Init instances completely, inst num: 289
BIT-1002 : Init pips with 8 threads.
BIT-1002 : Init pips completely, net num: 306, pip num: 1991
BIT-1002 : Init feedthrough completely, num: 1
BIT-1003 : Multithreading accelaration with 8 threads.
BIT-1003 : Generate bitstream completely, there are 536 valid insts, and 6454 bits set as '1'.
BIT-1004 : PLL setting string = 0000
BIT-1004 : Generate bits file responder.bit.
RUN-1003 : finish command "bitgen -bit responder.bit -unused_io_status pulldown" in  1.584685s wall, 2.718750s user + 0.046875s system = 2.765625s CPU (174.5%)

RUN-1004 : used memory is 422 MB, reserved memory is 403 MB, peak memory is 573 MB
RUN-1002 : start command "backup_run_log run.log ../.logs/phy_1/td_20240724_000850.log"
