============================================================
   Tang Dynasty, V5.6.71036
      Copyright (c) 2012-2023 Anlogic Inc.
   Executable = C:/Anlogic/TD5.6.2/bin/td.exe
   Built at =   20:34:38 Mar 21 2023
   Run by =     Timmy
   Run Date =   Sat Jul 27 11:30:39 2024

   Run on =     DESKTOP-A28VB3Q
============================================================
RUN-1002 : start command "open_project responder.prj"
RUN-1001 : Print Global Property
RUN-1001 : ---------------------------------------------------------------
RUN-1001 :        Parameters        |  Settings  |  Default Values  |  Note  
RUN-1001 : ---------------------------------------------------------------
RUN-1001 :          message         |  standard  |     standard     |        
RUN-1001 :   mixed_pack_place_flow  |     on     |        on        |        
RUN-1001 :        qor_monitor       |    off     |       off        |        
RUN-1001 :        syn_ip_flow       |    off     |       off        |        
RUN-1001 :          thread          |    auto    |       auto       |        
RUN-1001 : ---------------------------------------------------------------
RUN-1001 : Print Design Property
RUN-1001 : --------------------------------------------------------------
RUN-1001 :        Parameters       |  Settings  |  Default Values  |  Note  
RUN-1001 : --------------------------------------------------------------
RUN-1001 :   default_reg_initial   |    auto    |       auto       |        
RUN-1001 :        infer_add        |     on     |        on        |        
RUN-1001 :        infer_fsm        |    off     |       off        |        
RUN-1001 :        infer_mult       |     on     |        on        |        
RUN-1001 :        infer_ram        |     on     |        on        |        
RUN-1001 :        infer_reg        |     on     |        on        |        
RUN-1001 :   infer_reg_init_value  |     on     |        on        |        
RUN-1001 :        infer_rom        |     on     |        on        |        
RUN-1001 :      infer_shifter      |     on     |        on        |        
RUN-1001 : --------------------------------------------------------------
RUN-1001 : Print Rtl Property
RUN-1001 : --------------------------------------------------------------
RUN-1001 :        Parameters       |  Settings  |  Default Values  |  Note  
RUN-1001 : --------------------------------------------------------------
RUN-1001 :       compress_add      |   ripple   |      ripple      |        
RUN-1001 :        elf_sload        |    off     |       off        |        
RUN-1001 :       fix_undriven      |     0      |        0         |        
RUN-1001 :         flatten         |    off     |       off        |        
RUN-1001 :       gate_sharing      |     on     |        on        |        
RUN-1001 :    hdl_warning_level    |   normal   |      normal      |        
RUN-1001 :   impl_internal_tribuf  |     on     |        on        |        
RUN-1001 :      impl_set_reset     |     on     |        on        |        
RUN-1001 :        infer_gsr        |    off     |       off        |        
RUN-1001 :      keep_hierarchy     |    auto    |       auto       |        
RUN-1001 :        max_fanout       |    9999    |       9999       |        
RUN-1001 :      max_oh2bin_len     |     10     |        10        |        
RUN-1001 :       merge_equal       |     on     |        on        |        
RUN-1001 :       merge_equiv       |     on     |        on        |        
RUN-1001 :        merge_mux        |    off     |       off        |        
RUN-1001 :     min_control_set     |     8      |        8         |        
RUN-1001 :      min_ripple_len     |    auto    |       auto       |        
RUN-1001 :       oh2bin_ratio      |    0.08    |       0.08       |        
RUN-1001 :     opt_adder_fanout    |     on     |        on        |        
RUN-1001 :        opt_arith        |     on     |        on        |        
RUN-1001 :       opt_big_gate      |    off     |       off        |        
RUN-1001 :        opt_const        |     on     |        on        |        
RUN-1001 :      opt_const_mult     |     on     |        on        |        
RUN-1001 :       opt_lessthan      |     on     |        on        |        
RUN-1001 :         opt_mux         |    off     |       off        |        
RUN-1001 :         opt_ram         |    high    |       high       |        
RUN-1001 :      rtl_sim_model      |    off     |       off        |        
RUN-1001 :         seq_syn         |     on     |        on        |        
RUN-1001 : --------------------------------------------------------------
HDL-1007 : analyze verilog file ../../responder.v
HDL-1007 : analyze verilog file ../../Sel_module.v
HDL-1007 : analyze verilog file ../../Timer_module.v
HDL-1007 : analyze verilog file ../../Buzzer_module.v
HDL-1007 : analyze verilog file ../../Digitron_NumDisplay.v
HDL-1007 : analyze verilog file ../../key_filter.v
HDL-1007 : analyze verilog file ../../../../1 run_led/run_led/led8_module.v
HDL-1007 : analyze verilog file ../../countdown_module.v
RUN-1001 : Project manager successfully analyzed 8 source files.
RUN-1002 : start command "import_device eagle_s20.db -package EG4S20BG256"
ARC-1001 : Device Initialization.
ARC-1001 : ------------------------------------------------------------------
ARC-1001 :            OPTION            |          IO          |   SETTING   
ARC-1001 : ------------------------------------------------------------------
ARC-1001 :   cso_b/cclk/mosi/miso/dout  |  T3/R11/T10/P10/S11  |    gpio    
ARC-1001 :             done             |         P13          |    gpio    
ARC-1001 :           program_b          |          T2          |  dedicate  
ARC-1001 :        tdi/tms/tck/tdo       |   C12/A15/C14/E14    |  dedicate  
ARC-1001 : ------------------------------------------------------------------
ARC-1004 : Device setting, marked 5 dedicate IOs in total.
RUN-1002 : start command "import_db ../syn_1/responder_gate.db"
RUN-1001 : Importing database generated by Tang Dynasty, V5.6.71036.
RUN-1001 : Database version number 46146.
RUN-1001 : Import flow parameters
RUN-1001 : Import IO constraints
RUN-1001 : Import Inst constraints
RUN-1001 : Import design success TD_VERSION=5.6.71036 , DB_VERSION=46146
RUN-1002 : start command "place"
RUN-1001 : Open license file C:/Anlogic/TD5.6.2/license/Anlogic.lic
RUN-1001 : Print Global Property
RUN-1001 : ---------------------------------------------------------------
RUN-1001 :        Parameters        |  Settings  |  Default Values  |  Note  
RUN-1001 : ---------------------------------------------------------------
RUN-1001 :          message         |  standard  |     standard     |        
RUN-1001 :   mixed_pack_place_flow  |     on     |        on        |        
RUN-1001 :        qor_monitor       |    off     |       off        |        
RUN-1001 :        syn_ip_flow       |    off     |       off        |        
RUN-1001 :          thread          |    auto    |       auto       |        
RUN-1001 : ---------------------------------------------------------------
RUN-1001 : Print Place Property
RUN-1001 : --------------------------------------------------------------
RUN-1001 :        Parameters       |  Settings  |  Default Values  |  Note  
RUN-1001 : --------------------------------------------------------------
RUN-1001 :      detailed_place     |     on     |        on        |        
RUN-1001 :          effort         |   medium   |      medium      |        
RUN-1001 :         fix_hold        |    off     |       off        |        
RUN-1001 :       legalization      |    ori     |       ori        |        
RUN-1001 :      new_spreading      |     on     |        on        |        
RUN-1001 :        opt_timing       |   medium   |      medium      |        
RUN-1001 :   post_clock_route_opt  |    off     |       off        |        
RUN-1001 :       pr_strategy       |     1      |        1         |        
RUN-1001 :        relaxation       |    1.00    |       1.00       |        
RUN-1001 :         retiming        |    off     |       off        |        
RUN-1001 : --------------------------------------------------------------
PHY-3001 : Placer runs in 8 thread(s).
RUN-1002 : start command "legalize_phy_inst"
SYN-1011 : Flatten model responder
RUN-1002 : start command "phys_opt -simplify_lut"
SYN-4024 : Net "CLK_dup_1" drives clk pins.
SYN-4024 : Net "U2/CLK1" drives clk pins.
SYN-4024 : Net "U4/W_DigitronCS_Out_n" drives clk pins.
SYN-4024 : Net "U4/SingleNum_b_n4" drives clk pins.
SYN-4025 : Tag rtl::Net CLK_dup_1 as clock net
SYN-4025 : Tag rtl::Net U2/CLK1 as clock net
SYN-4025 : Tag rtl::Net U4/SingleNum_b_n4 as clock net
SYN-4025 : Tag rtl::Net U4/W_DigitronCS_Out_n as clock net
SYN-4026 : Tagged 4 rtl::Net as clock net
SYN-4015 : Create BUFG instance for clk Net U2/CLK1 to drive 11 clock pins.
SYN-4015 : Create BUFG instance for clk Net U4/W_DigitronCS_Out_n to drive 8 clock pins.
SYN-4015 : Create BUFG instance for clk Net U4/SingleNum_b_n4 to drive 4 clock pins.
PHY-1001 : Populate physical database on model responder.
RUN-1001 : There are total 404 instances
RUN-0007 : 172 luts, 141 seqs, 32 mslices, 20 lslices, 33 pads, 0 brams, 0 dsps
RUN-1001 : There are total 536 nets
RUN-1001 : 308 nets have 2 pins
RUN-1001 : 191 nets have [3 - 5] pins
RUN-1001 : 26 nets have [6 - 10] pins
RUN-1001 : 5 nets have [11 - 20] pins
RUN-1001 : 4 nets have [21 - 99] pins
RUN-1001 : 2 nets have 100+ pins
RUN-1001 : Report Control nets information:
RUN-1001 : DFF Distribution
RUN-1001 : ----------------------------------
RUN-1001 :   CE   |  SSR  |  ASR  |  DFF Count  
RUN-1001 : ----------------------------------
RUN-1001 :   No   |  No   |  No   |     28      
RUN-1001 :   No   |  No   |  Yes  |     59      
RUN-1001 :   No   |  Yes  |  No   |     29      
RUN-1001 :   Yes  |  No   |  No   |      0      
RUN-1001 :   Yes  |  No   |  Yes  |     25      
RUN-1001 :   Yes  |  Yes  |  No   |      0      
RUN-1001 : ----------------------------------
RUN-0007 : Control Group Statistic
RUN-0007 : ---------------------------
RUN-0007 :   #CLK  |  #CE  |  #SSR/ASR  
RUN-0007 : ---------------------------
RUN-0007 :    4    |   2   |     5      
RUN-0007 : ---------------------------
RUN-0007 : Control Set = 9
PHY-3001 : Initial placement ...
PHY-3001 : design contains 402 instances, 172 luts, 141 seqs, 52 slices, 6 macros(52 instances: 32 mslices 20 lslices)
PHY-0007 : Cell area utilization is 1%
PHY-3001 : Global placement ...
PHY-3001 : Initial: Len = 116127
PHY-3001 : Clustering ...
PHY-3001 : Level 0 #clusters 402.
PHY-3001 : End clustering;  0.000013s wall, 0.000000s user + 0.000000s system = 0.000000s CPU (n/a%)

PHY-3001 : Run with size of 4
PHY-3001 : Cell area utilization is 1%
PHY-3001 : :::0::: Try harder cell spreading with beta_ = 0
PHY-3002 : Step(1): len = 73714.9, overlap = 0
PHY-3002 : Step(2): len = 50028.9, overlap = 0
PHY-3002 : Step(3): len = 37583.3, overlap = 0
PHY-3002 : Step(4): len = 28960.8, overlap = 0
PHY-3002 : Step(5): len = 24501.8, overlap = 0
PHY-3002 : Step(6): len = 24037.4, overlap = 0
PHY-3002 : Step(7): len = 23098.4, overlap = 0
PHY-3002 : Step(8): len = 21139.1, overlap = 0
PHY-3002 : Step(9): len = 20900, overlap = 0
PHY-3002 : Step(10): len = 19267.1, overlap = 0
PHY-3002 : Step(11): len = 17184.3, overlap = 0
PHY-3002 : Step(12): len = 16973, overlap = 0
PHY-3002 : Step(13): len = 15580.8, overlap = 0
PHY-3002 : Step(14): len = 15631, overlap = 0
PHY-3002 : Step(15): len = 15705.5, overlap = 0
PHY-3002 : Step(16): len = 15050.4, overlap = 0
PHY-3002 : Step(17): len = 14397.9, overlap = 0
PHY-3002 : Step(18): len = 14168.8, overlap = 0
PHY-3002 : Step(19): len = 14360, overlap = 0
PHY-3002 : Step(20): len = 13658.6, overlap = 0
PHY-3002 : Step(21): len = 13527.1, overlap = 0
PHY-3002 : Step(22): len = 12543.9, overlap = 0
PHY-3002 : Step(23): len = 11500.4, overlap = 0
PHY-3002 : Step(24): len = 11608.3, overlap = 0
PHY-3002 : Step(25): len = 10824.1, overlap = 0
PHY-3002 : Step(26): len = 9873.2, overlap = 0
PHY-3002 : Step(27): len = 10116.7, overlap = 0
PHY-3002 : Step(28): len = 10204.4, overlap = 0
PHY-3002 : Step(29): len = 9754.3, overlap = 0
PHY-3002 : Step(30): len = 9754.3, overlap = 0
PHY-3002 : Step(31): len = 9202.2, overlap = 0
PHY-3002 : Step(32): len = 9202.2, overlap = 0
PHY-3002 : Step(33): len = 9344.5, overlap = 0
PHY-3001 : Legalization ...
PHY-3001 : End legalization;  0.006207s wall, 0.015625s user + 0.000000s system = 0.015625s CPU (251.7%)

PHY-3001 : Run with size of 4
PHY-3001 : Cell area utilization is 1%
PHY-3001 : :::0::: Try harder cell spreading with beta_ = 0
PHY-3002 : Step(34): len = 9005.5, overlap = 0
PHY-3002 : Step(35): len = 9030.5, overlap = 0
PHY-3002 : Step(36): len = 9085.2, overlap = 0
PHY-3001 : Run with size of 2
PHY-3001 : Cell area utilization is 1%
PHY-3001 : :::0::: Try harder cell spreading with beta_ = 0
PHY-3002 : Step(37): len = 9041.6, overlap = 3.625
PHY-3002 : Step(38): len = 9083.8, overlap = 3.625
PHY-3002 : Step(39): len = 9351.8, overlap = 3.625
PHY-3002 : Step(40): len = 9443.9, overlap = 3.5
PHY-3002 : Step(41): len = 9001.4, overlap = 4.21875
PHY-3002 : Step(42): len = 9033.7, overlap = 4.125
PHY-3002 : Step(43): len = 8856, overlap = 3.875
PHY-3002 : Step(44): len = 8997.8, overlap = 3.5625
PHY-3002 : Step(45): len = 9208.4, overlap = 3.78125
PHY-3002 : Step(46): len = 8904.3, overlap = 3.6875
PHY-3002 : Step(47): len = 9021.4, overlap = 5.71875
PHY-3002 : Step(48): len = 8753.9, overlap = 3.15625
PHY-3002 : Step(49): len = 9920.6, overlap = 2.46875
PHY-3002 : Step(50): len = 10326.6, overlap = 2.5
PHY-3002 : Step(51): len = 9084.2, overlap = 2.75
PHY-3002 : Step(52): len = 8296.7, overlap = 3.59375
PHY-3002 : Step(53): len = 8436.8, overlap = 3.5
PHY-3002 : Step(54): len = 8758.6, overlap = 3.65625
PHY-3002 : Step(55): len = 8944.9, overlap = 5.03125
PHY-3002 : Step(56): len = 8017.3, overlap = 5.0625
PHY-3002 : Step(57): len = 7850.4, overlap = 4.84375
PHY-3002 : Step(58): len = 7907.7, overlap = 4.9375
PHY-3002 : Step(59): len = 7502.6, overlap = 4.65625
PHY-3002 : Step(60): len = 7589.2, overlap = 4.78125
PHY-3002 : Step(61): len = 7624.9, overlap = 5.5
PHY-3002 : Step(62): len = 7657.2, overlap = 5.5625
PHY-3002 : Step(63): len = 7385.8, overlap = 5.78125
PHY-3002 : Step(64): len = 7413.3, overlap = 5.75
PHY-3002 : Step(65): len = 7193.4, overlap = 5.59375
PHY-3002 : Step(66): len = 7293.7, overlap = 5.375
PHY-3002 : Step(67): len = 7189.5, overlap = 5.21875
PHY-3002 : Step(68): len = 7330.4, overlap = 5.09375
PHY-3002 : Step(69): len = 7229.4, overlap = 5.1875
PHY-3002 : Step(70): len = 7249.5, overlap = 4.84375
PHY-3002 : Step(71): len = 7239.1, overlap = 5
PHY-3002 : Step(72): len = 7133.2, overlap = 5.125
PHY-3002 : Step(73): len = 7122.2, overlap = 5.65625
PHY-3002 : Step(74): len = 7197.2, overlap = 5.15625
PHY-3002 : Step(75): len = 7084.8, overlap = 5.03125
PHY-3002 : Step(76): len = 7037, overlap = 2.96875
PHY-3002 : Step(77): len = 7072.9, overlap = 3.15625
PHY-3002 : Step(78): len = 7014, overlap = 3.75
PHY-3002 : Step(79): len = 6699.9, overlap = 2.4375
PHY-3002 : Step(80): len = 6833.6, overlap = 2.65625
PHY-3002 : Step(81): len = 6969.1, overlap = 3
PHY-3001 : :::1::: Try harder cell spreading with beta_ = 0.00803353
PHY-3002 : Step(82): len = 6342.7, overlap = 2.25
PHY-3002 : Step(83): len = 6315.6, overlap = 2.34375
PHY-3002 : Step(84): len = 6327.1, overlap = 2.34375
OPT-1001 : Start physical optimization ...
OPT-1001 : Total overflow 14.59 peak overflow 1.72
OPT-1001 : Start high-fanout net optimization ...
OPT-1001 : Update timing in global mode
PHY-1001 : Start incremental global routing, caller is place ...
RUN-1001 : Generating global routing grids ...
RUN-1001 : Building simple global routing graph ...
PHY-1001 : Generate routing nets ...
PHY-1001 : Reuse net number 0/536.
PHY-1001 : Global iterations in 8 thread ...
PHY-1002 : len = 6896, over cnt = 18(0%), over = 44, worst = 6
PHY-1001 : End global iterations;  0.025467s wall, 0.000000s user + 0.000000s system = 0.000000s CPU (n/a%)

PHY-1001 : Congestion index: top1 = 11.06, top5 = 4.79, top10 = 2.53, top15 = 1.69.
PHY-1001 : End incremental global routing;  0.079977s wall, 0.015625s user + 0.000000s system = 0.015625s CPU (19.5%)

RUN-1002 : start command "start_timer -report"
TMR-5001 WARNING: No sdc constraints found while initiating timer.
TMR-2505 : Start building timing graph for model responder.
TMR-2506 : Build timing graph completely. Port num: 11, tpin num: 1826, tnet num: 534, tinst num: 402, tnode num: 2372, tedge num: 2942.
TMR-2508 : Levelizing timing graph completed, there are 29 levels in total.
TMR-2501 : Timing graph initialized successfully.
OPT-1001 : End timing update;  0.236944s wall, 0.203125s user + 0.015625s system = 0.218750s CPU (92.3%)

OPT-1001 : 0 high-fanout net processed.
OPT-1001 : End high-fanout net optimization;  0.322870s wall, 0.218750s user + 0.015625s system = 0.234375s CPU (72.6%)

OPT-1001 : Current memory(MB): used = 136, reserve = 107, peak = 136.
OPT-1001 : End physical optimization;  0.331522s wall, 0.296875s user + 0.015625s system = 0.312500s CPU (94.3%)

PHY-3001 : Start packing ...
SYN-4007 : Packing 0 MUX to BLE ...
SYN-4008 : Packed 0 MUX and 0 SEQ to BLE.
SYN-4007 : Packing 172 LUT to BLE ...
SYN-4008 : Packed 172 LUT and 79 SEQ to BLE.
SYN-4003 : Packing 62 remaining SEQ's ...
SYN-4005 : Packed 44 SEQ with LUT/SLICE
SYN-4006 : 55 single LUT's are left
SYN-4006 : 18 single SEQ's are left
SYN-4011 : Packing model "responder" (AL_USER_NORMAL) with 190/281 primitive instances ...
PHY-3001 : End packing;  0.011680s wall, 0.015625s user + 0.000000s system = 0.015625s CPU (133.8%)

PHY-1001 : Populate physical database on model responder.
RUN-1001 : There are total 195 instances
RUN-1001 : 78 mslices, 78 lslices, 33 pads, 0 brams, 0 dsps
RUN-1001 : There are total 466 nets
RUN-1001 : 245 nets have 2 pins
RUN-1001 : 184 nets have [3 - 5] pins
RUN-1001 : 27 nets have [6 - 10] pins
RUN-1001 : 6 nets have [11 - 20] pins
RUN-1001 : 2 nets have [21 - 99] pins
RUN-1001 : 2 nets have 100+ pins
PHY-3001 : design contains 193 instances, 156 slices, 6 macros(52 instances: 32 mslices 20 lslices)
PHY-3001 : Cell area utilization is 2%
PHY-3001 : After packing: Len = 6905.2, Over = 5.5
PHY-3001 : Run with size of 2
PHY-3001 : Cell area utilization is 2%
PHY-3001 : :::0::: Try harder cell spreading with beta_ = 0.00036698
PHY-3002 : Step(85): len = 6510.4, overlap = 4.75
PHY-3002 : Step(86): len = 6485.3, overlap = 4.75
PHY-3002 : Step(87): len = 6422.9, overlap = 4.75
PHY-3001 : :::1::: Try harder cell spreading with beta_ = 0.00073396
PHY-3002 : Step(88): len = 6247.4, overlap = 5.5
PHY-3002 : Step(89): len = 6281.2, overlap = 5.25
PHY-3001 : :::2::: Try harder cell spreading with beta_ = 0.00146792
PHY-3002 : Step(90): len = 6205.6, overlap = 5
PHY-3002 : Step(91): len = 6205.6, overlap = 5
PHY-3001 : Legalization ...
PHY-3001 : End legalization;  0.059973s wall, 0.000000s user + 0.031250s system = 0.031250s CPU (52.1%)

PHY-3001 : Trial Legalized: Len = 10391.2
PHY-3001 : Run with size of 2
PHY-3001 : Cell area utilization is 2%
PHY-3001 : :::0::: Try harder cell spreading with beta_ = 0
PHY-3002 : Step(92): len = 7693.5, overlap = 3
PHY-3002 : Step(93): len = 6846.9, overlap = 5
PHY-3002 : Step(94): len = 6388, overlap = 5.25
PHY-3002 : Step(95): len = 6348, overlap = 5.5
PHY-3002 : Step(96): len = 6396.2, overlap = 5.75
PHY-3001 : :::1::: Try harder cell spreading with beta_ = 0.00674148
PHY-3002 : Step(97): len = 6356.1, overlap = 5.75
PHY-3002 : Step(98): len = 6220, overlap = 5.75
PHY-3001 : Legalization ...
PHY-3001 : End legalization;  0.005307s wall, 0.000000s user + 0.000000s system = 0.000000s CPU (n/a%)

PHY-3001 : Legalized: Len = 8410.4, Over = 0
PHY-3001 : End spreading;  0.003645s wall, 0.000000s user + 0.000000s system = 0.000000s CPU (n/a%)

PHY-3001 : Final: Len = 8410.4, Over = 0
OPT-1001 : Start physical optimization ...
OPT-1001 : Total overflow 0.00 peak overflow 0.00
OPT-1001 : Start high-fanout net optimization ...
OPT-1001 : Update timing in global mode
PHY-1001 : Start incremental global routing, caller is place ...
RUN-1001 : Generating global routing grids ...
PHY-1001 : Generate routing nets ...
PHY-1001 : Reuse net number 22/466.
PHY-1001 : Global iterations in 8 thread ...
PHY-1002 : len = 9336, over cnt = 26(0%), over = 46, worst = 4
PHY-1002 : len = 9536, over cnt = 12(0%), over = 20, worst = 3
PHY-1002 : len = 9816, over cnt = 2(0%), over = 2, worst = 1
PHY-1002 : len = 9840, over cnt = 0(0%), over = 0, worst = 0
PHY-1001 : End global iterations;  0.048886s wall, 0.015625s user + 0.000000s system = 0.015625s CPU (32.0%)

PHY-1001 : Congestion index: top1 = 15.50, top5 = 6.91, top10 = 3.68, top15 = 2.46.
PHY-1001 : End incremental global routing;  0.095906s wall, 0.031250s user + 0.000000s system = 0.031250s CPU (32.6%)

RUN-1002 : start command "start_timer -report"
TMR-5001 WARNING: No sdc constraints found while initiating timer.
TMR-2505 : Start building timing graph for model responder.
TMR-2506 : Build timing graph completely. Port num: 11, tpin num: 1578, tnet num: 464, tinst num: 193, tnode num: 2017, tedge num: 2662.
TMR-2508 : Levelizing timing graph completed, there are 27 levels in total.
TMR-2501 : Timing graph initialized successfully.
OPT-1001 : End timing update;  0.214669s wall, 0.187500s user + 0.000000s system = 0.187500s CPU (87.3%)

OPT-1001 : 0 high-fanout net processed.
OPT-1001 : End high-fanout net optimization;  0.315892s wall, 0.218750s user + 0.000000s system = 0.218750s CPU (69.2%)

OPT-1001 : Current memory(MB): used = 137, reserve = 108, peak = 137.
OPT-1001 : Update timing in Manhattan mode
OPT-1001 : End timing update;  0.000380s wall, 0.000000s user + 0.000000s system = 0.000000s CPU (n/a%)

OPT-1001 : Start pin optimization...
OPT-1001 : skip pin optimization...
RUN-1001 : Generating global routing grids ...
PHY-1001 : Generate routing nets ...
PHY-1001 : Reuse net number 339/466.
PHY-1001 : Global iterations in 8 thread ...
PHY-1002 : len = 9840, over cnt = 0(0%), over = 0, worst = 0
PHY-1001 : End global iterations;  0.002263s wall, 0.015625s user + 0.000000s system = 0.015625s CPU (690.5%)

PHY-1001 : Congestion index: top1 = 15.50, top5 = 6.91, top10 = 3.68, top15 = 2.46.
OPT-1001 : Update timing in Manhattan mode
OPT-1001 : End timing update;  0.000828s wall, 0.000000s user + 0.000000s system = 0.000000s CPU (n/a%)

RUN-1001 : QoR Analysis:
OPT-0007 :   WNS 2147483647 TNS 0 NUM_FEPS 0
RUN-1001 :   No local congestion issue, and most congested 1% tile average routing util is 15.034483
RUN-1001 :   Top critical paths
OPT-1001 : End physical optimization;  0.370994s wall, 0.265625s user + 0.000000s system = 0.265625s CPU (71.6%)

RUN-1003 : finish command "place" in  2.516949s wall, 1.218750s user + 0.468750s system = 1.687500s CPU (67.0%)

RUN-1004 : used memory is 129 MB, reserved memory is 100 MB, peak memory is 137 MB
RUN-1002 : start command "export_db responder_place.db"
RUN-1001 : Exported /
RUN-1001 : Exported flow parameters
RUN-1001 : Exported libs
RUN-1001 : Exported entities
RUN-1001 : Exported ports
RUN-1001 : Exported pins
RUN-1001 : Exported instances
RUN-1001 : Exported nets
RUN-1001 : Exported buses
RUN-1001 : Exported models
RUN-1001 : Exported congestions
RUN-1001 : Exported violations
RUN-1001 : Exported IO constraints
RUN-1001 : Exported Inst constraints
RUN-1002 : start command "route"
RUN-1001 : Open license file C:/Anlogic/TD5.6.2/license/Anlogic.lic
RUN-1001 : Print Global Property
RUN-1001 : ---------------------------------------------------------------
RUN-1001 :        Parameters        |  Settings  |  Default Values  |  Note  
RUN-1001 : ---------------------------------------------------------------
RUN-1001 :          message         |  standard  |     standard     |        
RUN-1001 :   mixed_pack_place_flow  |     on     |        on        |        
RUN-1001 :        qor_monitor       |    off     |       off        |        
RUN-1001 :        syn_ip_flow       |    off     |       off        |        
RUN-1001 :          thread          |    auto    |       auto       |        
RUN-1001 : ---------------------------------------------------------------
RUN-1002 : start command "set_param route phy_sim_model on"
RUN-1001 : Print Route Property
RUN-1001 : -------------------------------------------------------
RUN-1001 :    Parameters    |  Settings  |  Default Values  |  Note  
RUN-1001 : -------------------------------------------------------
RUN-1001 :      effort      |   medium   |      medium      |        
RUN-1001 :     fix_hold     |    off     |       off        |        
RUN-1001 :    opt_timing    |   medium   |      medium      |        
RUN-1001 :   phy_sim_model  |     on     |       off        |   *    
RUN-1001 :     priority     |   timing   |      timing      |        
RUN-1001 :     swap_pin     |     on     |        on        |        
RUN-1001 : -------------------------------------------------------
PHY-1001 : Route runs in 8 thread(s)
RUN-1001 : There are total 195 instances
RUN-1001 : 78 mslices, 78 lslices, 33 pads, 0 brams, 0 dsps
RUN-1001 : There are total 466 nets
RUN-1001 : 245 nets have 2 pins
RUN-1001 : 184 nets have [3 - 5] pins
RUN-1001 : 27 nets have [6 - 10] pins
RUN-1001 : 6 nets have [11 - 20] pins
RUN-1001 : 2 nets have [21 - 99] pins
RUN-1001 : 2 nets have 100+ pins
RUN-1002 : start command "start_timer -report"
TMR-5001 WARNING: No sdc constraints found while initiating timer.
TMR-2505 : Start building timing graph for model responder.
TMR-2506 : Build timing graph completely. Port num: 11, tpin num: 1578, tnet num: 464, tinst num: 193, tnode num: 2017, tedge num: 2662.
TMR-2508 : Levelizing timing graph completed, there are 27 levels in total.
TMR-2501 : Timing graph initialized successfully.
PHY-1001 : 78 mslices, 78 lslices, 33 pads, 0 brams, 0 dsps
TMR-2503 : Start to update net delay, extr mode = 3.
TMR-2504 : Update delay of 464 nets completely.
TMR-2502 : Annotate delay completely, extr mode = 3.
TMR-3002 : No user constraint, initiate default constraint.
TMR-1501 : Assign derive clock DeriveClock to 260 clock pins, and constraint 439 relative nodes.
TMR-3003 : Constraints initiated successfully.
TMR-3501 : Forward propagation: start to calculate arrival time...
TMR-3502 : Backward propagation: start to calculate required time...
TMR-3503 : Timing propagation completes.
PHY-1001 : Start global routing, caller is route ...
RUN-1001 : Generating global routing grids ...
PHY-1001 : Generate routing nets ...
PHY-1001 : Global iterations in 8 thread ...
PHY-1002 : len = 9232, over cnt = 27(0%), over = 45, worst = 4
PHY-1002 : len = 9392, over cnt = 16(0%), over = 24, worst = 3
PHY-1002 : len = 9752, over cnt = 1(0%), over = 1, worst = 1
PHY-1002 : len = 9760, over cnt = 0(0%), over = 0, worst = 0
PHY-1001 : End global iterations;  0.054284s wall, 0.000000s user + 0.000000s system = 0.000000s CPU (n/a%)

PHY-1001 : Congestion index: top1 = 15.52, top5 = 6.88, top10 = 3.63, top15 = 2.43.
PHY-1001 : End global routing;  0.102307s wall, 0.015625s user + 0.015625s system = 0.031250s CPU (30.5%)

PHY-1001 : Start detail routing ...
PHY-1001 : Current memory(MB): used = 155, reserve = 126, peak = 157.
PHY-1001 : Detailed router is running in normal mode.
PHY-1001 : Generate detailed routing grids ...
PHY-1001 : Processed IO instance DigitronCS_Out[3]_syn_2 with INV attribute.
PHY-1001 : Processed IO instance DigitronCS_Out[2]_syn_2 with INV attribute.
PHY-1001 : Processed IO instance DigitronCS_Out[1]_syn_2 with INV attribute.
PHY-1001 : Processed IO instance DigitronCS_Out[0]_syn_2 with INV attribute.
PHY-1001 : Generate nets ...
PHY-1001 : net CLK_dup_1 will be routed on clock mesh
PHY-1001 : clock net U2/CLK1_syn_4 will be merged with clock U2/CLK1
PHY-1001 : clock net U4/SingleNum_b_n4_syn_10 will be merged with clock U4/SingleNum_b_n4
PHY-1001 : clock net U4/W_DigitronCS_Out_n_syn_4 will be merged with clock U4/W_DigitronCS_Out_n
PHY-1001 : Current memory(MB): used = 419, reserve = 394, peak = 419.
PHY-1001 : End build detailed router design. 3.874799s wall, 3.437500s user + 0.046875s system = 3.484375s CPU (89.9%)

PHY-1001 : Detail Route ...
PHY-1001 : ===== Detail Route Phase 1 =====
PHY-1001 : Clock net routing.....
PHY-1001 : Routed 0% nets.
PHY-1022 : len = 12856, over cnt = 0(0%), over = 0, worst = 0, crit = 0
PHY-1001 : End initial clock net routed; 1.070181s wall, 0.968750s user + 0.000000s system = 0.968750s CPU (90.5%)

PHY-1001 : Current memory(MB): used = 449, reserve = 425, peak = 449.
PHY-1001 : End phase 1; 1.075644s wall, 0.968750s user + 0.000000s system = 0.968750s CPU (90.1%)

PHY-1001 : ===== Detail Route Phase 2 =====
PHY-1001 : Initial routing.....
PHY-1001 : Routed 39% nets.
PHY-1001 : Routed 44% nets.
PHY-1001 : Routed 53% nets.
PHY-1001 : Routed 66% nets.
PHY-1001 : Routed 81% nets.
PHY-1022 : len = 34104, over cnt = 13(0%), over = 13, worst = 1, crit = 0
PHY-1001 : Current memory(MB): used = 449, reserve = 425, peak = 449.
PHY-1001 : End initial routed; 0.228322s wall, 0.093750s user + 0.031250s system = 0.125000s CPU (54.7%)

PHY-1001 : Current memory(MB): used = 449, reserve = 425, peak = 449.
PHY-1001 : End phase 2; 0.228376s wall, 0.093750s user + 0.031250s system = 0.125000s CPU (54.7%)

PHY-1001 : ===== Detail Route Phase 3 =====
PHY-1001 : Ripup-reroute.....
PHY-1001 : ===== DR Iter 1 =====
PHY-1022 : len = 34040, over cnt = 2(0%), over = 2, worst = 1, crit = 0
PHY-1001 : End DR Iter 1; 0.016222s wall, 0.000000s user + 0.000000s system = 0.000000s CPU (n/a%)

PHY-1001 : ===== DR Iter 2 =====
PHY-1022 : len = 34072, over cnt = 0(0%), over = 0, worst = 0, crit = 0
PHY-1001 : End DR Iter 2; 0.012444s wall, 0.000000s user + 0.000000s system = 0.000000s CPU (n/a%)

PHY-1001 : Commit to database.....
PHY-1001 : 3 feed throughs used by 2 nets
PHY-1001 : End commit to database; 0.067940s wall, 0.062500s user + 0.000000s system = 0.062500s CPU (92.0%)

PHY-1001 : Current memory(MB): used = 459, reserve = 435, peak = 459.
PHY-1001 : End phase 3; 0.217260s wall, 0.171875s user + 0.000000s system = 0.171875s CPU (79.1%)

PHY-1003 : Routed, final wirelength = 34072
PHY-1001 : Current memory(MB): used = 459, reserve = 435, peak = 459.
PHY-1001 : End export database. 0.006017s wall, 0.015625s user + 0.000000s system = 0.015625s CPU (259.7%)

PHY-1001 : End detail routing;  5.622762s wall, 4.859375s user + 0.078125s system = 4.937500s CPU (87.8%)

RUN-1003 : finish command "route" in  6.025215s wall, 5.109375s user + 0.109375s system = 5.218750s CPU (86.6%)

RUN-1004 : used memory is 419 MB, reserved memory is 395 MB, peak memory is 459 MB
RUN-1002 : start command "report_area -io_info -file responder_phy.area"
RUN-1001 : standard
***Report Model: responder Device: EG4S20BG256***

IO Statistics
#IO                        33
  #input                    7
  #output                  26
  #inout                    0

Utilization Statistics
#lut                      278   out of  19600    1.42%
#reg                      176   out of  19600    0.90%
#le                       296
  #lut only               120   out of    296   40.54%
  #reg only                18   out of    296    6.08%
  #lut&reg                158   out of    296   53.38%
#dsp                        0   out of     29    0.00%
#bram                       0   out of     64    0.00%
  #bram9k                   0
  #fifo9k                   0
#bram32k                    0   out of     16    0.00%
#pad                       33   out of    188   17.55%
  #ireg                     4
  #oreg                    14
  #treg                     0
#pll                        0   out of      4    0.00%
#gclk                       3   out of     16   18.75%

Clock Resource Statistics
Index     ClockNet                 Type               DriverType         Driver                   Fanout
#1        CLK_dup_1                GCLK               io                 CLK_syn_2.di             116
#2        U2/CLK1                  GCLK               lslice             U2/CLK1_reg_syn_37.q0    8
#3        U4/W_DigitronCS_Out_n    GCLK               lslice             U4/reg2_syn_29.f1        8
#4        U4/SingleNum_b_n4        GCLK               mslice             U4/sel1_syn_116.f0       2


Detailed IO Report

        Name           Direction    Location    IOStandard    DriveStrength    PullType    PackReg  
         CLK             INPUT         R7        LVCMOS33          N/A          PULLUP      NONE    
      Key_In[3]          INPUT        F10        LVCMOS33          N/A          PULLUP      IREG    
      Key_In[2]          INPUT        C11        LVCMOS33          N/A          PULLUP      IREG    
      Key_In[1]          INPUT        D11        LVCMOS33          N/A          PULLUP      IREG    
      Key_In[0]          INPUT        E11        LVCMOS33          N/A          PULLUP      IREG    
        RSTn             INPUT         A9        LVCMOS33          N/A          PULLUP      NONE    
      Set_Time           INPUT        A10        LVCMOS33          N/A          PULLUP      NONE    
     Buzzer_Out         OUTPUT        H11        LVCMOS33           8            NONE       OREG    
  DigitronCS_Out[3]     OUTPUT         A3        LVCMOS33           8            NONE       OREG    
  DigitronCS_Out[2]     OUTPUT         A5        LVCMOS33           8            NONE       OREG    
  DigitronCS_Out[1]     OUTPUT         B6        LVCMOS33           8            NONE       OREG    
  DigitronCS_Out[0]     OUTPUT         C9        LVCMOS33           8            NONE       OREG    
   Digitron_Out[7]      OUTPUT         C8        LVCMOS33           8            NONE       NONE    
   Digitron_Out[6]      OUTPUT         A8        LVCMOS33           8            NONE       NONE    
   Digitron_Out[5]      OUTPUT         B5        LVCMOS33           8            NONE       NONE    
   Digitron_Out[4]      OUTPUT         A7        LVCMOS33           8            NONE       NONE    
   Digitron_Out[3]      OUTPUT         E8        LVCMOS33           8            NONE       NONE    
   Digitron_Out[2]      OUTPUT         B8        LVCMOS33           8            NONE       NONE    
   Digitron_Out[1]      OUTPUT         A6        LVCMOS33           8            NONE       NONE    
   Digitron_Out[0]      OUTPUT         A4        LVCMOS33           8            NONE       NONE    
     Key_Row[3]         OUTPUT        E10        LVCMOS33           8            NONE       NONE    
     Key_Row[2]         OUTPUT        C10        LVCMOS33           8            NONE       NONE    
     Key_Row[1]         OUTPUT         F9        LVCMOS33           8            NONE       NONE    
     Key_Row[0]         OUTPUT         D9        LVCMOS33           8            NONE       NONE    
     LED_Out[3]         OUTPUT         C2        LVCMOS33           8            NONE       OREG    
     LED_Out[2]         OUTPUT         C1        LVCMOS33           8            NONE       OREG    
     LED_Out[1]         OUTPUT         E4        LVCMOS33           8            NONE       OREG    
     LED_Out[0]         OUTPUT         D3        LVCMOS33           8            NONE       OREG    
  LED_OverTime_Out      OUTPUT        F16        LVCMOS33           8            NONE       OREG    
     LED_Run[3]         OUTPUT        C15        LVCMOS33           8            NONE       OREG    
     LED_Run[2]         OUTPUT        B16        LVCMOS33           8            NONE       OREG    
     LED_Run[1]         OUTPUT        B15        LVCMOS33           8            NONE       OREG    
     LED_Run[0]         OUTPUT        B14        LVCMOS33           8            NONE       OREG    

Report Hierarchy Area:
+-----------------------------------------------------------------------------------+
|Instance |Module              |le     |lut     |ripple  |seq     |bram    |dsp     |
+-----------------------------------------------------------------------------------+
|top      |responder           |296    |226     |52      |194     |0       |0       |
|  U1     |Sel_module          |59     |46      |7       |35      |0       |0       |
|  U2     |Timer_module        |58     |50      |7       |35      |0       |0       |
|  U3     |Buzzer_module       |40     |25      |6       |28      |0       |0       |
|  U4     |Digitron_NumDisplay |60     |51      |9       |29      |0       |0       |
|  U5     |key_filter          |32     |19      |11      |22      |0       |0       |
|  U6     |led8_module         |47     |35      |12      |27      |0       |0       |
+-----------------------------------------------------------------------------------+


DataNet Average Fanout:

   Index     Fanout    Nets  
    #1         1       212   
    #2         2       154   
    #3         3        20   
    #4         4        9    
    #5        5-10      25   
    #6       11-50      6    
    #7       51-100     1    
  Average     2.22           

RUN-1002 : start command "write_verilog simulation/responder_phy_sim.v"
HDL-1201 : write out verilog file simulation/responder_phy_sim.v
RUN-1002 : start command "export_db responder_pr.db"
RUN-1001 : Exported /
RUN-1001 : Exported flow parameters
RUN-1001 : Exported libs
RUN-1001 : Exported entities
RUN-1001 : Exported ports
RUN-1001 : Exported pins
RUN-1001 : Exported instances
RUN-1001 : Exported nets
RUN-1001 : Exported buses
RUN-1001 : Exported models
RUN-1001 : Exported congestions
RUN-1001 : Exported violations
RUN-1001 : Exported IO constraints
RUN-1001 : Exported Inst constraints
RUN-1002 : start command "start_timer"
TMR-5001 WARNING: No sdc constraints found while initiating timer.
TMR-2505 : Start building timing graph for model responder.
TMR-2506 : Build timing graph completely. Port num: 11, tpin num: 1578, tnet num: 464, tinst num: 193, tnode num: 2017, tedge num: 2662.
TMR-2508 : Levelizing timing graph completed, there are 27 levels in total.
TMR-2501 : Timing graph initialized successfully.
RUN-1002 : start command "report_timing -mode FINAL -net_info -rpt_autogen true -file responder_phy.timing -sdf simulation/responder.sdf"
TMR-2503 : Start to update net delay, extr mode = 6.
TMR-2504 : Update delay of 464 nets completely.
TMR-2502 : Annotate delay completely, extr mode = 6.
TMR-3002 : No user constraint, initiate default constraint.
TMR-1501 : Assign derive clock DeriveClock to 260 clock pins, and constraint 439 relative nodes.
TMR-3003 : Constraints initiated successfully.
TMR-3501 : Forward propagation: start to calculate arrival time...
TMR-3502 : Backward propagation: start to calculate required time...
TMR-3503 : Timing propagation completes.
TMR-3506 : Start to generate timing report.
TMR-1502 : Number of clock constraints = 0. Number of clock nets = 4 (4 unconstrainted).
TMR-5009 WARNING: No clock constraint on 4 clock net(s): 
		CLK_dup_1
		U2/CLK1_syn_4
		U4/SingleNum_b_n4_syn_10
		U4/W_DigitronCS_Out_n_syn_4
TMR-3508 : Export timing summary.
TMR-3507 : Timing report generated successfully in responder_phy.timing, timing summary in responder_phy.tsm.
TMR-1001 : Start to generate SDF file...
RUN-1002 : start command "write_verilog -sdf responder.sdf simulation/responder_phy_sim_sta.v"
HDL-1201 : write out verilog file simulation/responder_phy_sim_sta.v
RUN-1002 : start command "export_bid responder_inst.bid"
RUN-1002 : start command "bitgen -bit responder.bit -unused_io_status pulldown"
BIT-1003 : Start to generate bitstream. 
BIT-1002 : Bitgen processed 155 unused pads, reserve input tri_state with pulldown
BIT-1002 : Init instances with 8 threads.
BIT-1002 : Init instances completely, inst num: 348
BIT-1002 : Init pips with 8 threads.
BIT-1002 : Init pips completely, net num: 466, pip num: 3110
BIT-1002 : Init feedthrough completely, num: 3
BIT-1003 : Multithreading accelaration with 8 threads.
BIT-1003 : Generate bitstream completely, there are 583 valid insts, and 9785 bits set as '1'.
BIT-1004 : PLL setting string = 0000
BIT-1004 : Generate bits file responder.bit.
RUN-1003 : finish command "bitgen -bit responder.bit -unused_io_status pulldown" in  1.997505s wall, 2.859375s user + 0.015625s system = 2.875000s CPU (143.9%)

RUN-1004 : used memory is 432 MB, reserved memory is 409 MB, peak memory is 580 MB
RUN-1002 : start command "backup_run_log run.log ../.logs/phy_1/td_20240727_113039.log"
