============================================================
   Tang Dynasty, V5.6.71036
      Copyright (c) 2012-2023 Anlogic Inc.
   Executable = C:/Anlogic/TD5.6.2/bin/td.exe
   Built at =   20:34:38 Mar 21 2023
   Run by =     Timmy
   Run Date =   Fri Jul 26 21:01:48 2024

   Run on =     DESKTOP-A28VB3Q
============================================================
RUN-1002 : start command "open_project responder.prj"
RUN-1001 : Print Global Property
RUN-1001 : ---------------------------------------------------------------
RUN-1001 :        Parameters        |  Settings  |  Default Values  |  Note  
RUN-1001 : ---------------------------------------------------------------
RUN-1001 :          message         |  standard  |     standard     |        
RUN-1001 :   mixed_pack_place_flow  |     on     |        on        |        
RUN-1001 :        qor_monitor       |    off     |       off        |        
RUN-1001 :        syn_ip_flow       |    off     |       off        |        
RUN-1001 :          thread          |    auto    |       auto       |        
RUN-1001 : ---------------------------------------------------------------
RUN-1001 : Print Design Property
RUN-1001 : --------------------------------------------------------------
RUN-1001 :        Parameters       |  Settings  |  Default Values  |  Note  
RUN-1001 : --------------------------------------------------------------
RUN-1001 :   default_reg_initial   |    auto    |       auto       |        
RUN-1001 :        infer_add        |     on     |        on        |        
RUN-1001 :        infer_fsm        |    off     |       off        |        
RUN-1001 :        infer_mult       |     on     |        on        |        
RUN-1001 :        infer_ram        |     on     |        on        |        
RUN-1001 :        infer_reg        |     on     |        on        |        
RUN-1001 :   infer_reg_init_value  |     on     |        on        |        
RUN-1001 :        infer_rom        |     on     |        on        |        
RUN-1001 :      infer_shifter      |     on     |        on        |        
RUN-1001 : --------------------------------------------------------------
RUN-1001 : Print Rtl Property
RUN-1001 : --------------------------------------------------------------
RUN-1001 :        Parameters       |  Settings  |  Default Values  |  Note  
RUN-1001 : --------------------------------------------------------------
RUN-1001 :       compress_add      |   ripple   |      ripple      |        
RUN-1001 :        elf_sload        |    off     |       off        |        
RUN-1001 :       fix_undriven      |     0      |        0         |        
RUN-1001 :         flatten         |    off     |       off        |        
RUN-1001 :       gate_sharing      |     on     |        on        |        
RUN-1001 :    hdl_warning_level    |   normal   |      normal      |        
RUN-1001 :   impl_internal_tribuf  |     on     |        on        |        
RUN-1001 :      impl_set_reset     |     on     |        on        |        
RUN-1001 :        infer_gsr        |    off     |       off        |        
RUN-1001 :      keep_hierarchy     |    auto    |       auto       |        
RUN-1001 :        max_fanout       |    9999    |       9999       |        
RUN-1001 :      max_oh2bin_len     |     10     |        10        |        
RUN-1001 :       merge_equal       |     on     |        on        |        
RUN-1001 :       merge_equiv       |     on     |        on        |        
RUN-1001 :        merge_mux        |    off     |       off        |        
RUN-1001 :     min_control_set     |     8      |        8         |        
RUN-1001 :      min_ripple_len     |    auto    |       auto       |        
RUN-1001 :       oh2bin_ratio      |    0.08    |       0.08       |        
RUN-1001 :     opt_adder_fanout    |     on     |        on        |        
RUN-1001 :        opt_arith        |     on     |        on        |        
RUN-1001 :       opt_big_gate      |    off     |       off        |        
RUN-1001 :        opt_const        |     on     |        on        |        
RUN-1001 :      opt_const_mult     |     on     |        on        |        
RUN-1001 :       opt_lessthan      |     on     |        on        |        
RUN-1001 :         opt_mux         |    off     |       off        |        
RUN-1001 :         opt_ram         |    high    |       high       |        
RUN-1001 :      rtl_sim_model      |    off     |       off        |        
RUN-1001 :         seq_syn         |     on     |        on        |        
RUN-1001 : --------------------------------------------------------------
HDL-1007 : analyze verilog file ../../responder.v
HDL-1007 : analyze verilog file ../../Sel_module.v
HDL-1007 : analyze verilog file ../../Timer_module.v
HDL-1007 : analyze verilog file ../../Buzzer_module.v
HDL-1007 : analyze verilog file ../../Digitron_NumDisplay.v
HDL-1007 : analyze verilog file ../../key_filter.v
HDL-1007 : analyze verilog file ../../../../1 run_led/run_led/led8_module.v
HDL-1007 : analyze verilog file ../../countdown_module.v
RUN-1001 : Project manager successfully analyzed 8 source files.
RUN-1002 : start command "import_device eagle_s20.db -package EG4S20BG256"
ARC-1001 : Device Initialization.
ARC-1001 : ------------------------------------------------------------------
ARC-1001 :            OPTION            |          IO          |   SETTING   
ARC-1001 : ------------------------------------------------------------------
ARC-1001 :   cso_b/cclk/mosi/miso/dout  |  T3/R11/T10/P10/S11  |    gpio    
ARC-1001 :             done             |         P13          |    gpio    
ARC-1001 :           program_b          |          T2          |  dedicate  
ARC-1001 :        tdi/tms/tck/tdo       |   C12/A15/C14/E14    |  dedicate  
ARC-1001 : ------------------------------------------------------------------
ARC-1004 : Device setting, marked 5 dedicate IOs in total.
RUN-1002 : start command "import_db ../syn_1/responder_gate.db"
RUN-1001 : Importing database generated by Tang Dynasty, V5.6.71036.
RUN-1001 : Database version number 46146.
RUN-1001 : Import flow parameters
RUN-1001 : Import IO constraints
RUN-1001 : Import Inst constraints
RUN-1001 : Import design success TD_VERSION=5.6.71036 , DB_VERSION=46146
RUN-1002 : start command "place"
RUN-1001 : Open license file C:/Anlogic/TD5.6.2/license/Anlogic.lic
RUN-1001 : Print Global Property
RUN-1001 : ---------------------------------------------------------------
RUN-1001 :        Parameters        |  Settings  |  Default Values  |  Note  
RUN-1001 : ---------------------------------------------------------------
RUN-1001 :          message         |  standard  |     standard     |        
RUN-1001 :   mixed_pack_place_flow  |     on     |        on        |        
RUN-1001 :        qor_monitor       |    off     |       off        |        
RUN-1001 :        syn_ip_flow       |    off     |       off        |        
RUN-1001 :          thread          |    auto    |       auto       |        
RUN-1001 : ---------------------------------------------------------------
RUN-1001 : Print Place Property
RUN-1001 : --------------------------------------------------------------
RUN-1001 :        Parameters       |  Settings  |  Default Values  |  Note  
RUN-1001 : --------------------------------------------------------------
RUN-1001 :      detailed_place     |     on     |        on        |        
RUN-1001 :          effort         |   medium   |      medium      |        
RUN-1001 :         fix_hold        |    off     |       off        |        
RUN-1001 :       legalization      |    ori     |       ori        |        
RUN-1001 :      new_spreading      |     on     |        on        |        
RUN-1001 :        opt_timing       |   medium   |      medium      |        
RUN-1001 :   post_clock_route_opt  |    off     |       off        |        
RUN-1001 :       pr_strategy       |     1      |        1         |        
RUN-1001 :        relaxation       |    1.00    |       1.00       |        
RUN-1001 :         retiming        |    off     |       off        |        
RUN-1001 : --------------------------------------------------------------
PHY-3001 : Placer runs in 8 thread(s).
RUN-1002 : start command "legalize_phy_inst"
SYN-1011 : Flatten model responder
SYN-5055 WARNING: The kept net U5/cnt[19] will be merged to another kept net U5/cnt_b[19]
SYN-5055 WARNING: The kept net U5/cnt[18] will be merged to another kept net U5/cnt_b[18]
SYN-5055 WARNING: The kept net U5/cnt[17] will be merged to another kept net U5/cnt_b[17]
SYN-5055 WARNING: The kept net U5/cnt[16] will be merged to another kept net U5/cnt_b[16]
SYN-5055 WARNING: The kept net U5/cnt[15] will be merged to another kept net U5/cnt_b1[15]
SYN-5055 WARNING: The kept net U5/cnt[14] will be merged to another kept net U5/cnt_b[14]
SYN-5055 WARNING: The kept net U5/cnt[13] will be merged to another kept net U5/cnt_b1[13]
SYN-5055 WARNING: The kept net U5/cnt[12] will be merged to another kept net U5/cnt_b1[12]
SYN-5055 WARNING: The kept net U5/cnt[11] will be merged to another kept net U5/cnt_b1[11]
SYN-5055 WARNING: The kept net U5/cnt[10] will be merged to another kept net U5/cnt_b1[10]
SYN-5055 Similar messages will be suppressed.
RUN-1002 : start command "phys_opt -simplify_lut"
SYN-4024 : Net "CLK_dup_1" drives clk pins.
SYN-4024 : Net "U2/CLK1" drives clk pins.
SYN-4024 : Net "U4/W_DigitronCS_Out_n" drives clk pins.
SYN-4024 : Net "U5/cnt_b_n" drives clk pins.
SYN-4024 : Net "Set_Time_dup_1" drives clk pins.
SYN-4024 : Net "U4/SingleNum_b_n4" drives clk pins.
SYN-4024 : Net "U7/temp_time_n" drives clk pins.
SYN-4025 : Tag rtl::Net CLK_dup_1 as clock net
SYN-4025 : Tag rtl::Net Set_Time_dup_1 as clock net
SYN-4025 : Tag rtl::Net U2/CLK1 as clock net
SYN-4025 : Tag rtl::Net U4/SingleNum_b_n4 as clock net
SYN-4025 : Tag rtl::Net U4/W_DigitronCS_Out_n as clock net
SYN-4025 : Tag rtl::Net U5/cnt_b_n as clock net
SYN-4025 : Tag rtl::Net U7/temp_time_n as clock net
SYN-4026 : Tagged 7 rtl::Net as clock net
SYN-4015 : Create BUFG instance for clk Net U2/CLK1 to drive 11 clock pins.
SYN-4015 : Create BUFG instance for clk Net U4/W_DigitronCS_Out_n to drive 8 clock pins.
SYN-4015 : Create BUFG instance for clk Net U5/cnt_b_n to drive 8 clock pins.
SYN-4015 : Create BUFG instance for clk Net U4/SingleNum_b_n4 to drive 4 clock pins.
SYN-4015 : Create BUFG instance for clk Net U7/temp_time_n to drive 4 clock pins.
PHY-1001 : Populate physical database on model responder.
RUN-1001 : There are total 415 instances
RUN-0007 : 180 luts, 142 seqs, 32 mslices, 20 lslices, 33 pads, 0 brams, 0 dsps
RUN-1001 : There are total 547 nets
RUN-1001 : 316 nets have 2 pins
RUN-1001 : 191 nets have [3 - 5] pins
RUN-1001 : 28 nets have [6 - 10] pins
RUN-1001 : 6 nets have [11 - 20] pins
RUN-1001 : 4 nets have [21 - 99] pins
RUN-1001 : 2 nets have 100+ pins
RUN-1001 : Report Control nets information:
RUN-1001 : DFF Distribution
RUN-1001 : ----------------------------------
RUN-1001 :   CE   |  SSR  |  ASR  |  DFF Count  
RUN-1001 : ----------------------------------
RUN-1001 :   No   |  No   |  No   |     26      
RUN-1001 :   No   |  No   |  Yes  |     60      
RUN-1001 :   No   |  Yes  |  No   |     23      
RUN-1001 :   Yes  |  No   |  No   |      0      
RUN-1001 :   Yes  |  No   |  Yes  |     33      
RUN-1001 :   Yes  |  Yes  |  No   |      0      
RUN-1001 : ----------------------------------
RUN-0007 : Control Group Statistic
RUN-0007 : ---------------------------
RUN-0007 :   #CLK  |  #CE  |  #SSR/ASR  
RUN-0007 : ---------------------------
RUN-0007 :    7    |   3   |     5      
RUN-0007 : ---------------------------
RUN-0007 : Control Set = 12
PHY-3001 : Initial placement ...
PHY-3001 : design contains 413 instances, 180 luts, 142 seqs, 52 slices, 6 macros(52 instances: 32 mslices 20 lslices)
PHY-0007 : Cell area utilization is 1%
PHY-3001 : Global placement ...
PHY-3001 : Initial: Len = 117313
PHY-3001 : Clustering ...
PHY-3001 : Level 0 #clusters 413.
PHY-3001 : End clustering;  0.000013s wall, 0.000000s user + 0.000000s system = 0.000000s CPU (n/a%)

PHY-3001 : Run with size of 4
PHY-3001 : Cell area utilization is 1%
PHY-3001 : :::0::: Try harder cell spreading with beta_ = 0
PHY-3002 : Step(1): len = 75041.2, overlap = 0
PHY-3002 : Step(2): len = 52206.9, overlap = 0
PHY-3002 : Step(3): len = 38337.6, overlap = 0
PHY-3002 : Step(4): len = 30374.1, overlap = 0
PHY-3002 : Step(5): len = 25784.4, overlap = 0
PHY-3002 : Step(6): len = 25687.8, overlap = 0
PHY-3002 : Step(7): len = 22918.3, overlap = 0
PHY-3002 : Step(8): len = 20209.2, overlap = 0
PHY-3002 : Step(9): len = 19782.1, overlap = 0
PHY-3002 : Step(10): len = 17957.8, overlap = 0
PHY-3002 : Step(11): len = 16830.6, overlap = 0
PHY-3002 : Step(12): len = 17083.9, overlap = 0
PHY-3002 : Step(13): len = 15638.3, overlap = 0
PHY-3002 : Step(14): len = 16016.9, overlap = 0
PHY-3002 : Step(15): len = 15932.5, overlap = 0
PHY-3002 : Step(16): len = 15651.3, overlap = 0
PHY-3002 : Step(17): len = 15770.9, overlap = 0
PHY-3002 : Step(18): len = 14728.2, overlap = 0
PHY-3002 : Step(19): len = 14293.3, overlap = 0
PHY-3002 : Step(20): len = 14554.7, overlap = 0
PHY-3002 : Step(21): len = 13093, overlap = 0
PHY-3002 : Step(22): len = 13257.2, overlap = 0
PHY-3002 : Step(23): len = 13691.4, overlap = 0
PHY-3002 : Step(24): len = 13207.7, overlap = 0
PHY-3002 : Step(25): len = 12777, overlap = 0
PHY-3002 : Step(26): len = 12118.3, overlap = 0
PHY-3002 : Step(27): len = 11033.4, overlap = 0
PHY-3002 : Step(28): len = 10687.7, overlap = 0
PHY-3002 : Step(29): len = 10932.8, overlap = 0
PHY-3002 : Step(30): len = 10909.5, overlap = 0
PHY-3002 : Step(31): len = 10479.1, overlap = 0
PHY-3002 : Step(32): len = 9861.1, overlap = 0
PHY-3002 : Step(33): len = 9813.4, overlap = 0
PHY-3002 : Step(34): len = 9775.5, overlap = 0
PHY-3002 : Step(35): len = 9298.1, overlap = 0
PHY-3002 : Step(36): len = 9176.9, overlap = 0
PHY-3002 : Step(37): len = 8669.4, overlap = 0
PHY-3002 : Step(38): len = 8647.1, overlap = 0
PHY-3002 : Step(39): len = 8532.5, overlap = 0
PHY-3002 : Step(40): len = 8114.1, overlap = 0
PHY-3002 : Step(41): len = 8114.1, overlap = 0
PHY-3002 : Step(42): len = 7681.7, overlap = 0
PHY-3002 : Step(43): len = 7920.8, overlap = 0
PHY-3002 : Step(44): len = 7920.8, overlap = 0
PHY-3001 : Legalization ...
PHY-3001 : End legalization;  0.006237s wall, 0.000000s user + 0.000000s system = 0.000000s CPU (n/a%)

PHY-3001 : Run with size of 4
PHY-3001 : Cell area utilization is 1%
PHY-3001 : :::0::: Try harder cell spreading with beta_ = 0
PHY-3002 : Step(45): len = 7545.7, overlap = 0
PHY-3002 : Step(46): len = 7644.2, overlap = 0
PHY-3002 : Step(47): len = 7747.7, overlap = 0
PHY-3002 : Step(48): len = 7747.7, overlap = 0
PHY-3001 : Run with size of 2
PHY-3001 : Cell area utilization is 1%
PHY-3001 : :::0::: Try harder cell spreading with beta_ = 0
PHY-3002 : Step(49): len = 7503.8, overlap = 5.25
PHY-3002 : Step(50): len = 7606.7, overlap = 5.25
PHY-3002 : Step(51): len = 7606.7, overlap = 5.25
OPT-1001 : Start physical optimization ...
OPT-1001 : Total overflow 21.28 peak overflow 2.28
OPT-1001 : Start high-fanout net optimization ...
OPT-1001 : Update timing in global mode
PHY-1001 : Start incremental global routing, caller is place ...
RUN-1001 : Generating global routing grids ...
RUN-1001 : Building simple global routing graph ...
PHY-1001 : Generate routing nets ...
PHY-1001 : Reuse net number 0/547.
PHY-1001 : Global iterations in 8 thread ...
PHY-1002 : len = 8592, over cnt = 23(0%), over = 81, worst = 6
PHY-1001 : End global iterations;  0.024781s wall, 0.000000s user + 0.000000s system = 0.000000s CPU (n/a%)

PHY-1001 : Congestion index: top1 = 12.46, top5 = 4.98, top10 = 2.78, top15 = 1.85.
PHY-1001 : End incremental global routing;  0.086118s wall, 0.031250s user + 0.000000s system = 0.031250s CPU (36.3%)

RUN-1002 : start command "start_timer -report"
TMR-5001 WARNING: No sdc constraints found while initiating timer.
TMR-2505 : Start building timing graph for model responder.
TMR-2506 : Build timing graph completely. Port num: 11, tpin num: 1844, tnet num: 545, tinst num: 413, tnode num: 2368, tedge num: 2949.
TMR-2509 : Cut connection from U5/add0_syn_184.fci to U5/add0_syn_184.fco.
TMR-2509 : Cut connection from U5/add0_syn_184.a[1] to U5/add0_syn_184.fco.
TMR-2509 : Cut connection from U5/add0_syn_184.a[0] to U5/add0_syn_184.fco.
TMR-2509 : Cut connection from U5/add0_syn_187.a[0] to U5/add0_syn_187.f[0].
TMR-2509 : Cut connection from U5/add0_syn_187.a[1] to U5/add0_syn_187.f[1].
TMR-2509 : Cut connection from U5/cnt_b[14]_syn_1.a to U5/cnt_b[14]_syn_1.o.
TMR-2509 : Cut connection from U5/add0_syn_190.a[0] to U5/add0_syn_190.f[0].
TMR-2509 : Cut connection from U5/add0_syn_190.a[1] to U5/add0_syn_190.f[1].
TMR-2509 : Cut connection from U5/cnt_b[16]_syn_1.a to U5/cnt_b[16]_syn_1.o.
TMR-2509 : Cut connection from U5/add0_syn_193.a[0] to U5/add0_syn_193.f[0].
TMR-2509 : Cut connection from U5/cnt_b[17]_syn_1.a to U5/cnt_b[17]_syn_1.o.
TMR-2509 : Cut connection from U5/add0_syn_193.a[1] to U5/add0_syn_193.f[1].
TMR-2509 : Cut connection from U5/cnt_b[18]_syn_12.a to U5/cnt_b[18]_syn_12.o.
TMR-2509 : Cut connection from U5/add0_syn_195.a[0] to U5/add0_syn_195.f[0].
TMR-2509 : Cut connection from U5/cnt_b[19]_syn_1.a to U5/cnt_b[19]_syn_1.o.
TMR-2509 : Cut connection from U5/cnt_b[18]_syn_11.b to U5/cnt_b[18]_syn_11.o.
TMR-2509 : Cut connection from U5/cnt_b[18]_syn_11.d to U5/cnt_b[18]_syn_11.o.
TMR-2509 : Cut connection from U5/cnt_b[18]_syn_11.a to U5/cnt_b[18]_syn_11.o.
TMR-2509 : Cut connection from U5/cnt_b[9]_syn_1.b to U5/cnt_b[9]_syn_1.o.
TMR-2509 : Cut connection from U5/add0_syn_181.fci to U5/add0_syn_181.f[0].
TMR-2509 : Cut connection from U5/add0_syn_181.fci to U5/add0_syn_181.f[1].
TMR-2509 : Cut connection from U5/add0_syn_181.a[1] to U5/add0_syn_181.f[1].
TMR-2509 : Cut connection from U5/add0_syn_181.fci to U5/add0_syn_181.fco.
TMR-2509 : Cut connection from U5/add0_syn_184.a[0] to U5/add0_syn_184.f[0].
TMR-2509 : Cut connection from U5/add0_syn_184.a[1] to U5/add0_syn_184.f[1].
TMR-2509 : Cut connection from U5/cnt_b[18]_syn_7.d to U5/cnt_b[18]_syn_7.o.
TMR-2509 : Cut connection from U5/cnt_b[18]_syn_9.c to U5/cnt_b[18]_syn_9.o.
TMR-2509 : Cut connection from U5/cnt_b[18]_syn_9.b to U5/cnt_b[18]_syn_9.o.
TMR-2509 : Cut connection from U5/cnt_b[18]_syn_9.d to U5/cnt_b[18]_syn_9.o.
TMR-2509 : Cut connection from U5/cnt_b[18]_syn_9.e to U5/cnt_b[18]_syn_9.o.
TMR-2509 : Cut connection from U5/cnt_b[0]_syn_1.b to U5/cnt_b[0]_syn_1.o.
TMR-2509 : Cut connection from U5/add0_syn_169.a[0] to U5/add0_syn_169.f[0].
TMR-2509 : Cut connection from U5/add0_syn_169.a[1] to U5/add0_syn_169.f[1].
TMR-2509 : Cut connection from U5/add0_syn_172.a[0] to U5/add0_syn_172.f[0].
TMR-2509 : Cut connection from U5/add0_syn_172.a[1] to U5/add0_syn_172.f[1].
TMR-2509 : Cut connection from U5/add0_syn_175.a[0] to U5/add0_syn_175.f[0].
TMR-2509 : Cut connection from U5/add0_syn_175.a[1] to U5/add0_syn_175.f[1].
TMR-2509 : Cut connection from U5/add0_syn_178.a[0] to U5/add0_syn_178.f[0].
TMR-2509 : Cut connection from U5/add0_syn_178.a[1] to U5/add0_syn_178.f[1].
TMR-2507 : Eliminate loop in the timing graph, delete 39 tedges.
TMR-2508 : Levelizing timing graph completed, there are 65 levels in total.
TMR-2501 : Timing graph initialized successfully.
OPT-1001 : End timing update;  0.256471s wall, 0.093750s user + 0.000000s system = 0.093750s CPU (36.6%)

OPT-1001 : 0 high-fanout net processed.
OPT-1001 : End high-fanout net optimization;  0.348857s wall, 0.125000s user + 0.000000s system = 0.125000s CPU (35.8%)

OPT-1001 : Current memory(MB): used = 137, reserve = 107, peak = 137.
OPT-1001 : End physical optimization;  0.356368s wall, 0.125000s user + 0.000000s system = 0.125000s CPU (35.1%)

PHY-3001 : Start packing ...
SYN-4007 : Packing 0 MUX to BLE ...
SYN-4008 : Packed 0 MUX and 0 SEQ to BLE.
SYN-4007 : Packing 180 LUT to BLE ...
SYN-4008 : Packed 180 LUT and 83 SEQ to BLE.
SYN-4003 : Packing 59 remaining SEQ's ...
SYN-4005 : Packed 35 SEQ with LUT/SLICE
SYN-4006 : 66 single LUT's are left
SYN-4006 : 24 single SEQ's are left
SYN-4011 : Packing model "responder" (AL_USER_NORMAL) with 204/337 primitive instances ...
PHY-3001 : End packing;  0.013610s wall, 0.000000s user + 0.000000s system = 0.000000s CPU (n/a%)

PHY-1001 : Populate physical database on model responder.
RUN-1001 : There are total 208 instances
RUN-1001 : 84 mslices, 83 lslices, 33 pads, 0 brams, 0 dsps
RUN-1001 : There are total 475 nets
RUN-1001 : 252 nets have 2 pins
RUN-1001 : 182 nets have [3 - 5] pins
RUN-1001 : 29 nets have [6 - 10] pins
RUN-1001 : 8 nets have [11 - 20] pins
RUN-1001 : 3 nets have [21 - 99] pins
RUN-1001 : 1 nets have 100+ pins
PHY-3001 : design contains 206 instances, 167 slices, 6 macros(52 instances: 32 mslices 20 lslices)
PHY-3001 : Cell area utilization is 2%
PHY-3001 : After packing: Len = 7867.4, Over = 10
PHY-3001 : Run with size of 2
PHY-3001 : Cell area utilization is 2%
PHY-3001 : :::0::: Try harder cell spreading with beta_ = 0.00217455
PHY-3002 : Step(52): len = 7722.2, overlap = 9.75
PHY-3002 : Step(53): len = 7671.9, overlap = 9.5
PHY-3002 : Step(54): len = 7582.3, overlap = 9.25
PHY-3001 : Legalization ...
PHY-3001 : End legalization;  0.072509s wall, 0.000000s user + 0.015625s system = 0.015625s CPU (21.5%)

PHY-3001 : Trial Legalized: Len = 12948.5
PHY-3001 : Run with size of 2
PHY-3001 : Cell area utilization is 2%
PHY-3001 : :::0::: Try harder cell spreading with beta_ = 0
PHY-3002 : Step(55): len = 9624.8, overlap = 0.25
PHY-3002 : Step(56): len = 8245.5, overlap = 2.25
PHY-3002 : Step(57): len = 7811.1, overlap = 2.75
PHY-3002 : Step(58): len = 7725.5, overlap = 2.75
PHY-3002 : Step(59): len = 7688.7, overlap = 2.75
PHY-3002 : Step(60): len = 7676.2, overlap = 2.75
PHY-3002 : Step(61): len = 7562.1, overlap = 2.5
PHY-3002 : Step(62): len = 7510.9, overlap = 2.5
PHY-3002 : Step(63): len = 7471.5, overlap = 2.5
PHY-3002 : Step(64): len = 7424.8, overlap = 2.75
PHY-3002 : Step(65): len = 7424.8, overlap = 2.75
PHY-3002 : Step(66): len = 7345.6, overlap = 2.75
PHY-3002 : Step(67): len = 7345.6, overlap = 2.75
PHY-3002 : Step(68): len = 7328.6, overlap = 2.75
PHY-3001 : Legalization ...
PHY-3001 : End legalization;  0.006605s wall, 0.000000s user + 0.000000s system = 0.000000s CPU (n/a%)

PHY-3001 : Legalized: Len = 9813.3, Over = 0
PHY-3001 : Spreading special nets. 2 overflows in 2952 tiles.
PHY-3001 : End spreading;  0.002962s wall, 0.000000s user + 0.000000s system = 0.000000s CPU (n/a%)

PHY-3001 : 2 instances has been re-located, deltaX = 0, deltaY = 2, maxDist = 1.
PHY-3001 : Final: Len = 9903.3, Over = 0
OPT-1001 : Start physical optimization ...
OPT-1001 : Total overflow 0.00 peak overflow 0.00
OPT-1001 : Start high-fanout net optimization ...
OPT-1001 : Update timing in global mode
PHY-1001 : Start incremental global routing, caller is place ...
RUN-1001 : Generating global routing grids ...
PHY-1001 : Generate routing nets ...
PHY-1001 : Reuse net number 27/475.
PHY-1001 : Global iterations in 8 thread ...
PHY-1002 : len = 10704, over cnt = 24(0%), over = 35, worst = 4
PHY-1002 : len = 10880, over cnt = 11(0%), over = 14, worst = 3
PHY-1002 : len = 11072, over cnt = 0(0%), over = 0, worst = 0
PHY-1001 : End global iterations;  0.041930s wall, 0.000000s user + 0.000000s system = 0.000000s CPU (n/a%)

PHY-1001 : Congestion index: top1 = 14.59, top5 = 6.51, top10 = 3.70, top15 = 2.47.
PHY-1001 : End incremental global routing;  0.098752s wall, 0.015625s user + 0.000000s system = 0.015625s CPU (15.8%)

RUN-1002 : start command "start_timer -report"
TMR-5001 WARNING: No sdc constraints found while initiating timer.
TMR-2505 : Start building timing graph for model responder.
TMR-2506 : Build timing graph completely. Port num: 11, tpin num: 1594, tnet num: 473, tinst num: 206, tnode num: 2011, tedge num: 2675.
TMR-2509 : Cut connection from U5/cnt_b[17]_syn_9.c[1] to U5/cnt_b[17]_syn_9.f[1].
TMR-2509 : Cut connection from U5/cnt_b[17]_syn_9.d[1] to U5/cnt_b[17]_syn_9.f[1].
TMR-2509 : Cut connection from U5/cnt_b[17]_syn_9.a[0] to U5/cnt_b[17]_syn_9.f[0].
TMR-2509 : Cut connection from U5/cnt_b[17]_syn_9.b[0] to U5/cnt_b[17]_syn_9.f[0].
TMR-2509 : Cut connection from U5/cnt_b[17]_syn_9.d[0] to U5/cnt_b[17]_syn_9.f[0].
TMR-2509 : Cut connection from U5/cnt_b[9]_syn_9.b[0] to U5/cnt_b[9]_syn_9.f[0].
TMR-2509 : Cut connection from U5/cnt_b[9]_syn_9.d[0] to U5/cnt_b[9]_syn_9.f[0].
TMR-2509 : Cut connection from U5/cnt_b[9]_syn_9.a[0] to U5/cnt_b[9]_syn_9.f[0].
TMR-2509 : Cut connection from U5/cnt_b[9]_syn_9.c[1] to U5/cnt_b[9]_syn_9.f[1].
TMR-2509 : Cut connection from U5/cnt_b[18]_syn_35.a[1] to U5/cnt_b[18]_syn_35.f[1].
TMR-2509 : Cut connection from U5/cnt_b[18]_syn_35.b[1] to U5/cnt_b[18]_syn_35.f[1].
TMR-2509 : Cut connection from U5/cnt_b[18]_syn_35.d[1] to U5/cnt_b[18]_syn_35.f[1].
TMR-2509 : Cut connection from U5/cnt_b[18]_syn_32.c[0] to U5/cnt_b[18]_syn_32.fx[0].
TMR-2509 : Cut connection from U5/cnt_b[18]_syn_32.c[1] to U5/cnt_b[18]_syn_32.fx[0].
TMR-2509 : Cut connection from U5/cnt_b[18]_syn_32.b[0] to U5/cnt_b[18]_syn_32.fx[0].
TMR-2509 : Cut connection from U5/cnt_b[18]_syn_32.b[1] to U5/cnt_b[18]_syn_32.fx[0].
TMR-2509 : Cut connection from U5/cnt_b[18]_syn_32.d[0] to U5/cnt_b[18]_syn_32.fx[0].
TMR-2509 : Cut connection from U5/cnt_b[18]_syn_32.d[1] to U5/cnt_b[18]_syn_32.fx[0].
TMR-2509 : Cut connection from U5/cnt_b[18]_syn_32.mi[0] to U5/cnt_b[18]_syn_32.fx[0].
TMR-2509 : Cut connection from U5/add0_syn_181.fci to U5/add0_syn_181.f[0].
TMR-2509 : Cut connection from U5/add0_syn_181.fci to U5/add0_syn_181.f[1].
TMR-2509 : Cut connection from U5/add0_syn_181.a[1] to U5/add0_syn_181.f[1].
TMR-2509 : Cut connection from U5/add0_syn_181.fci to U5/add0_syn_181.fco.
TMR-2509 : Cut connection from U5/add0_syn_184.a[0] to U5/add0_syn_184.f[0].
TMR-2509 : Cut connection from U5/add0_syn_184.a[1] to U5/add0_syn_184.f[1].
TMR-2509 : Cut connection from U5/add0_syn_187.a[0] to U5/add0_syn_187.f[0].
TMR-2509 : Cut connection from U5/cnt_b[14]_syn_9.b[0] to U5/cnt_b[14]_syn_9.f[0].
TMR-2509 : Cut connection from U5/cnt_b[14]_syn_9.a[0] to U5/cnt_b[14]_syn_9.f[0].
TMR-2509 : Cut connection from U5/add0_syn_187.a[1] to U5/add0_syn_187.f[1].
TMR-2509 : Cut connection from U5/add0_syn_190.a[0] to U5/add0_syn_190.f[0].
TMR-2509 : Cut connection from U5/add0_syn_190.a[1] to U5/add0_syn_190.f[1].
TMR-2509 : Cut connection from U5/add0_syn_193.a[1] to U5/add0_syn_193.f[1].
TMR-2509 : Cut connection from U5/add0_syn_195.a[0] to U5/add0_syn_195.f[0].
TMR-2509 : Cut connection from U5/cnt_b[0]_syn_9.c[1] to U5/cnt_b[0]_syn_9.f[1].
TMR-2509 : Cut connection from U5/add0_syn_169.a[0] to U5/add0_syn_169.f[0].
TMR-2509 : Cut connection from U5/cnt_b[0]_syn_9.a[0] to U5/cnt_b[0]_syn_9.f[0].
TMR-2509 : Cut connection from U5/cnt_b[0]_syn_9.b[0] to U5/cnt_b[0]_syn_9.f[0].
TMR-2509 : Cut connection from U5/add0_syn_169.a[1] to U5/add0_syn_169.f[1].
TMR-2509 : Cut connection from U5/add0_syn_172.a[0] to U5/add0_syn_172.f[0].
TMR-2509 : Cut connection from U5/add0_syn_172.a[1] to U5/add0_syn_172.f[1].
TMR-2509 : Cut connection from U5/add0_syn_175.a[0] to U5/add0_syn_175.f[0].
TMR-2509 : Cut connection from U5/add0_syn_175.a[1] to U5/add0_syn_175.f[1].
TMR-2509 : Cut connection from U5/add0_syn_178.a[0] to U5/add0_syn_178.f[0].
TMR-2509 : Cut connection from U5/add0_syn_178.a[1] to U5/add0_syn_178.f[1].
TMR-2507 : Eliminate loop in the timing graph, delete 44 tedges.
TMR-2508 : Levelizing timing graph completed, there are 43 levels in total.
TMR-2501 : Timing graph initialized successfully.
OPT-1001 : End timing update;  0.242604s wall, 0.093750s user + 0.000000s system = 0.093750s CPU (38.6%)

OPT-1001 : 0 high-fanout net processed.
OPT-1001 : End high-fanout net optimization;  0.346469s wall, 0.109375s user + 0.000000s system = 0.109375s CPU (31.6%)

OPT-1001 : Current memory(MB): used = 138, reserve = 108, peak = 138.
OPT-1001 : Update timing in Manhattan mode
OPT-1001 : End timing update;  0.000327s wall, 0.000000s user + 0.000000s system = 0.000000s CPU (n/a%)

OPT-1001 : Start pin optimization...
OPT-1001 : skip pin optimization...
RUN-1001 : Generating global routing grids ...
PHY-1001 : Generate routing nets ...
PHY-1001 : Reuse net number 346/475.
PHY-1001 : Global iterations in 8 thread ...
PHY-1002 : len = 11072, over cnt = 0(0%), over = 0, worst = 0
PHY-1001 : End global iterations;  0.003556s wall, 0.000000s user + 0.000000s system = 0.000000s CPU (n/a%)

PHY-1001 : Congestion index: top1 = 14.59, top5 = 6.51, top10 = 3.70, top15 = 2.47.
OPT-1001 : Update timing in Manhattan mode
OPT-1001 : End timing update;  0.000853s wall, 0.000000s user + 0.000000s system = 0.000000s CPU (n/a%)

RUN-1001 : QoR Analysis:
OPT-0007 :   WNS 2147483647 TNS 0 NUM_FEPS 0
RUN-1001 :   No local congestion issue, and most congested 1% tile average routing util is 14.172414
RUN-1001 :   Top critical paths
OPT-1001 : End physical optimization;  0.412127s wall, 0.140625s user + 0.000000s system = 0.140625s CPU (34.1%)

RUN-1003 : finish command "place" in  2.051634s wall, 0.796875s user + 0.421875s system = 1.218750s CPU (59.4%)

RUN-1004 : used memory is 130 MB, reserved memory is 100 MB, peak memory is 139 MB
RUN-1002 : start command "export_db responder_place.db"
RUN-1001 : Exported /
RUN-1001 : Exported flow parameters
RUN-1001 : Exported libs
RUN-1001 : Exported entities
RUN-1001 : Exported ports
RUN-1001 : Exported pins
RUN-1001 : Exported instances
RUN-1001 : Exported nets
RUN-1001 : Exported buses
RUN-1001 : Exported models
RUN-1001 : Exported congestions
RUN-1001 : Exported violations
RUN-1001 : Exported IO constraints
RUN-1001 : Exported Inst constraints
RUN-1002 : start command "route"
RUN-1001 : Open license file C:/Anlogic/TD5.6.2/license/Anlogic.lic
RUN-1001 : Print Global Property
RUN-1001 : ---------------------------------------------------------------
RUN-1001 :        Parameters        |  Settings  |  Default Values  |  Note  
RUN-1001 : ---------------------------------------------------------------
RUN-1001 :          message         |  standard  |     standard     |        
RUN-1001 :   mixed_pack_place_flow  |     on     |        on        |        
RUN-1001 :        qor_monitor       |    off     |       off        |        
RUN-1001 :        syn_ip_flow       |    off     |       off        |        
RUN-1001 :          thread          |    auto    |       auto       |        
RUN-1001 : ---------------------------------------------------------------
RUN-1002 : start command "set_param route phy_sim_model on"
RUN-1001 : Print Route Property
RUN-1001 : -------------------------------------------------------
RUN-1001 :    Parameters    |  Settings  |  Default Values  |  Note  
RUN-1001 : -------------------------------------------------------
RUN-1001 :      effort      |   medium   |      medium      |        
RUN-1001 :     fix_hold     |    off     |       off        |        
RUN-1001 :    opt_timing    |   medium   |      medium      |        
RUN-1001 :   phy_sim_model  |     on     |       off        |   *    
RUN-1001 :     priority     |   timing   |      timing      |        
RUN-1001 :     swap_pin     |     on     |        on        |        
RUN-1001 : -------------------------------------------------------
PHY-1001 : Route runs in 8 thread(s)
RUN-1001 : There are total 208 instances
RUN-1001 : 84 mslices, 83 lslices, 33 pads, 0 brams, 0 dsps
RUN-1001 : There are total 475 nets
RUN-1001 : 252 nets have 2 pins
RUN-1001 : 182 nets have [3 - 5] pins
RUN-1001 : 29 nets have [6 - 10] pins
RUN-1001 : 8 nets have [11 - 20] pins
RUN-1001 : 3 nets have [21 - 99] pins
RUN-1001 : 1 nets have 100+ pins
RUN-1002 : start command "start_timer -report"
TMR-5001 WARNING: No sdc constraints found while initiating timer.
TMR-2505 : Start building timing graph for model responder.
TMR-2506 : Build timing graph completely. Port num: 11, tpin num: 1594, tnet num: 473, tinst num: 206, tnode num: 2011, tedge num: 2675.
TMR-2509 : Cut connection from U5/add0_syn_175.fci to U5/add0_syn_175.f[1].
TMR-2509 : Cut connection from U5/add0_syn_175.a[1] to U5/add0_syn_175.f[1].
TMR-2509 : Cut connection from U5/add0_syn_175.a[0] to U5/add0_syn_175.f[1].
TMR-2509 : Cut connection from U5/cnt_b[18]_syn_35.d[0] to U5/cnt_b[18]_syn_35.f[0].
TMR-2509 : Cut connection from U5/cnt_b[18]_syn_32.a[1] to U5/cnt_b[18]_syn_32.fx[0].
TMR-2509 : Cut connection from U5/cnt_b[18]_syn_32.a[0] to U5/cnt_b[18]_syn_32.fx[0].
TMR-2509 : Cut connection from U5/cnt_b[18]_syn_32.b[0] to U5/cnt_b[18]_syn_32.fx[0].
TMR-2509 : Cut connection from U5/cnt_b[18]_syn_32.b[1] to U5/cnt_b[18]_syn_32.fx[0].
TMR-2509 : Cut connection from U5/cnt_b[18]_syn_32.d[0] to U5/cnt_b[18]_syn_32.fx[0].
TMR-2509 : Cut connection from U5/cnt_b[18]_syn_32.d[1] to U5/cnt_b[18]_syn_32.fx[0].
TMR-2509 : Cut connection from U5/cnt_b[18]_syn_32.mi[0] to U5/cnt_b[18]_syn_32.fx[0].
TMR-2509 : Cut connection from U5/cnt_b[9]_syn_9.b[0] to U5/cnt_b[9]_syn_9.f[0].
TMR-2509 : Cut connection from U5/cnt_b[9]_syn_9.c[0] to U5/cnt_b[9]_syn_9.f[0].
TMR-2509 : Cut connection from U5/cnt_b[9]_syn_9.d[0] to U5/cnt_b[9]_syn_9.f[0].
TMR-2509 : Cut connection from U5/cnt_b[17]_syn_9.c[1] to U5/cnt_b[17]_syn_9.f[1].
TMR-2509 : Cut connection from U5/cnt_b[17]_syn_9.a[0] to U5/cnt_b[17]_syn_9.f[0].
TMR-2509 : Cut connection from U5/cnt_b[17]_syn_9.b[0] to U5/cnt_b[17]_syn_9.f[0].
TMR-2509 : Cut connection from U5/cnt_b[17]_syn_9.d[0] to U5/cnt_b[17]_syn_9.f[0].
TMR-2509 : Cut connection from U5/add0_syn_193.fci to U5/add0_syn_193.f[0].
TMR-2509 : Cut connection from U5/add0_syn_193.fci to U5/add0_syn_193.f[1].
TMR-2509 : Cut connection from U5/add0_syn_193.a[1] to U5/add0_syn_193.f[1].
TMR-2509 : Cut connection from U5/add0_syn_193.fci to U5/add0_syn_193.fco.
TMR-2509 : Cut connection from U5/add0_syn_195.a[0] to U5/add0_syn_195.f[0].
TMR-2509 : Cut connection from U5/cnt_b[9]_syn_9.c[1] to U5/cnt_b[9]_syn_9.f[1].
TMR-2509 : Cut connection from U5/cnt_b[18]_syn_35.a[1] to U5/cnt_b[18]_syn_35.f[1].
TMR-2509 : Cut connection from U5/cnt_b[18]_syn_35.b[1] to U5/cnt_b[18]_syn_35.f[1].
TMR-2509 : Cut connection from U5/cnt_b[18]_syn_35.d[1] to U5/cnt_b[18]_syn_35.f[1].
TMR-2509 : Cut connection from U5/add0_syn_181.fci to U5/add0_syn_181.f[0].
TMR-2509 : Cut connection from U5/add0_syn_181.fci to U5/add0_syn_181.f[1].
TMR-2509 : Cut connection from U5/add0_syn_181.a[1] to U5/add0_syn_181.f[1].
TMR-2509 : Cut connection from U5/add0_syn_181.fci to U5/add0_syn_181.fco.
TMR-2509 : Cut connection from U5/add0_syn_184.a[0] to U5/add0_syn_184.f[0].
TMR-2509 : Cut connection from U5/add0_syn_184.a[1] to U5/add0_syn_184.f[1].
TMR-2509 : Cut connection from U5/add0_syn_187.a[0] to U5/add0_syn_187.f[0].
TMR-2509 : Cut connection from U5/cnt_b[14]_syn_9.b[0] to U5/cnt_b[14]_syn_9.f[0].
TMR-2509 : Cut connection from U5/cnt_b[14]_syn_9.a[0] to U5/cnt_b[14]_syn_9.f[0].
TMR-2509 : Cut connection from U5/add0_syn_187.a[1] to U5/add0_syn_187.f[1].
TMR-2509 : Cut connection from U5/add0_syn_190.a[0] to U5/add0_syn_190.f[0].
TMR-2509 : Cut connection from U5/add0_syn_190.a[1] to U5/add0_syn_190.f[1].
TMR-2509 : Cut connection from U5/cnt_b[0]_syn_9.c[1] to U5/cnt_b[0]_syn_9.f[1].
TMR-2509 : Cut connection from U5/add0_syn_169.a[0] to U5/add0_syn_169.f[0].
TMR-2509 : Cut connection from U5/cnt_b[0]_syn_9.a[0] to U5/cnt_b[0]_syn_9.f[0].
TMR-2509 : Cut connection from U5/cnt_b[0]_syn_9.b[0] to U5/cnt_b[0]_syn_9.f[0].
TMR-2509 : Cut connection from U5/add0_syn_169.a[1] to U5/add0_syn_169.f[1].
TMR-2509 : Cut connection from U5/add0_syn_172.a[0] to U5/add0_syn_172.f[0].
TMR-2509 : Cut connection from U5/add0_syn_172.a[1] to U5/add0_syn_172.f[1].
TMR-2509 : Cut connection from U5/add0_syn_175.a[0] to U5/add0_syn_175.f[0].
TMR-2509 : Cut connection from U5/add0_syn_178.a[0] to U5/add0_syn_178.f[0].
TMR-2509 : Cut connection from U5/add0_syn_178.a[1] to U5/add0_syn_178.f[1].
TMR-2507 : Eliminate loop in the timing graph, delete 49 tedges.
TMR-2508 : Levelizing timing graph completed, there are 35 levels in total.
TMR-2501 : Timing graph initialized successfully.
PHY-1001 : 84 mslices, 83 lslices, 33 pads, 0 brams, 0 dsps
TMR-2503 : Start to update net delay, extr mode = 3.
TMR-2504 : Update delay of 473 nets completely.
TMR-2502 : Annotate delay completely, extr mode = 3.
TMR-3002 : No user constraint, initiate default constraint.
TMR-1501 : Assign derive clock DeriveClock to 242 clock pins, and constraint 417 relative nodes.
TMR-3003 : Constraints initiated successfully.
TMR-3501 : Forward propagation: start to calculate arrival time...
TMR-3502 : Backward propagation: start to calculate required time...
TMR-3503 : Timing propagation completes.
PHY-1001 : Start global routing, caller is route ...
RUN-1001 : Generating global routing grids ...
PHY-1001 : Generate routing nets ...
PHY-1001 : Global iterations in 8 thread ...
PHY-1002 : len = 10560, over cnt = 25(0%), over = 37, worst = 4
PHY-1002 : len = 10752, over cnt = 11(0%), over = 15, worst = 3
PHY-1002 : len = 10960, over cnt = 0(0%), over = 0, worst = 0
PHY-1001 : End global iterations;  0.044929s wall, 0.031250s user + 0.000000s system = 0.031250s CPU (69.6%)

PHY-1001 : Congestion index: top1 = 14.68, top5 = 6.45, top10 = 3.61, top15 = 2.41.
PHY-1001 : End global routing;  0.091367s wall, 0.062500s user + 0.000000s system = 0.062500s CPU (68.4%)

PHY-1001 : Start detail routing ...
PHY-1001 : Current memory(MB): used = 152, reserve = 122, peak = 160.
PHY-1001 : Detailed router is running in normal mode.
PHY-1001 : Generate detailed routing grids ...
PHY-1001 : Processed IO instance DigitronCS_Out[3]_syn_2 with INV attribute.
PHY-1001 : Processed IO instance DigitronCS_Out[2]_syn_2 with INV attribute.
PHY-1001 : Processed IO instance DigitronCS_Out[1]_syn_2 with INV attribute.
PHY-1001 : Processed IO instance DigitronCS_Out[0]_syn_2 with INV attribute.
PHY-1001 : Processed IO instance Key_In[3]_syn_2 with INV attribute.
PHY-1001 : Processed IO instance Key_In[2]_syn_2 with INV attribute.
PHY-1001 : Processed IO instance Key_In[1]_syn_2 with INV attribute.
PHY-1001 : Processed IO instance Key_In[0]_syn_2 with INV attribute.
PHY-1001 : Generate nets ...
PHY-1001 : net CLK_dup_1 will be routed on clock mesh
PHY-1001 : net Set_Time_dup_1 will be routed on clock mesh
PHY-1001 : clock net U7/temp_time_n_syn_3 will be merged with clock U7/temp_time_n
PHY-1001 : clock net U2/CLK1_syn_4 will be merged with clock U2/CLK1
PHY-1001 : clock net U4/SingleNum_b_n4_syn_10 will be merged with clock U4/SingleNum_b_n4
PHY-1001 : clock net U4/W_DigitronCS_Out_n_syn_4 will be merged with clock U4/W_DigitronCS_Out_n
PHY-1001 : clock net U5/cnt_b_n_syn_2 will be merged with clock U5/cnt_b_n
PHY-1001 : Current memory(MB): used = 422, reserve = 396, peak = 422.
PHY-1001 : End build detailed router design. 4.029576s wall, 1.859375s user + 0.015625s system = 1.875000s CPU (46.5%)

PHY-1001 : Detail Route ...
PHY-1001 : ===== Detail Route Phase 1 =====
PHY-1001 : Clock net routing.....
PHY-1001 : Routed 1% nets.
PHY-1022 : len = 15032, over cnt = 0(0%), over = 0, worst = 0, crit = 0
PHY-1001 : End initial clock net routed; 2.667103s wall, 1.062500s user + 0.000000s system = 1.062500s CPU (39.8%)

PHY-1001 : Current memory(MB): used = 454, reserve = 429, peak = 454.
PHY-1001 : End phase 1; 2.672777s wall, 1.078125s user + 0.000000s system = 1.078125s CPU (40.3%)

PHY-1001 : ===== Detail Route Phase 2 =====
PHY-1001 : Initial routing.....
PHY-1001 : Routed 33% nets.
PHY-1001 : Routed 38% nets.
PHY-1001 : Routed 50% nets.
PHY-1001 : Routed 64% nets.
PHY-1001 : Routed 81% nets.
PHY-1022 : len = 42912, over cnt = 7(0%), over = 7, worst = 1, crit = 0
PHY-1001 : Current memory(MB): used = 454, reserve = 429, peak = 454.
PHY-1001 : End initial routed; 0.429306s wall, 0.234375s user + 0.000000s system = 0.234375s CPU (54.6%)

PHY-1001 : Current memory(MB): used = 454, reserve = 429, peak = 454.
PHY-1001 : End phase 2; 0.429378s wall, 0.234375s user + 0.000000s system = 0.234375s CPU (54.6%)

PHY-1001 : ===== Detail Route Phase 3 =====
PHY-1001 : Ripup-reroute.....
PHY-1001 : ===== DR Iter 1 =====
PHY-1022 : len = 42936, over cnt = 1(0%), over = 1, worst = 1, crit = 0
PHY-1001 : End DR Iter 1; 0.013780s wall, 0.000000s user + 0.000000s system = 0.000000s CPU (n/a%)

PHY-1001 : ===== DR Iter 2 =====
PHY-1022 : len = 42952, over cnt = 0(0%), over = 0, worst = 0, crit = 0
PHY-1001 : End DR Iter 2; 0.013142s wall, 0.015625s user + 0.000000s system = 0.015625s CPU (118.9%)

PHY-1001 : Commit to database.....
PHY-1001 : 2 feed throughs used by 2 nets
PHY-1001 : End commit to database; 0.059246s wall, 0.015625s user + 0.000000s system = 0.015625s CPU (26.4%)

PHY-1001 : Current memory(MB): used = 463, reserve = 439, peak = 463.
PHY-1001 : End phase 3; 0.216406s wall, 0.062500s user + 0.000000s system = 0.062500s CPU (28.9%)

PHY-1003 : Routed, final wirelength = 42952
PHY-1001 : Current memory(MB): used = 464, reserve = 439, peak = 464.
PHY-1001 : End export database. 0.005684s wall, 0.000000s user + 0.000000s system = 0.000000s CPU (n/a%)

PHY-1001 : End detail routing;  7.593205s wall, 3.343750s user + 0.031250s system = 3.375000s CPU (44.4%)

RUN-1003 : finish command "route" in  7.991757s wall, 3.593750s user + 0.031250s system = 3.625000s CPU (45.4%)

RUN-1004 : used memory is 421 MB, reserved memory is 395 MB, peak memory is 464 MB
RUN-1002 : start command "report_area -io_info -file responder_phy.area"
RUN-1001 : standard
***Report Model: responder Device: EG4S20BG256***

IO Statistics
#IO                        33
  #input                    7
  #output                  26
  #inout                    0

Utilization Statistics
#lut                      287   out of  19600    1.46%
#reg                      165   out of  19600    0.84%
#le                       311
  #lut only               146   out of    311   46.95%
  #reg only                24   out of    311    7.72%
  #lut&reg                141   out of    311   45.34%
#dsp                        0   out of     29    0.00%
#bram                       0   out of     64    0.00%
  #bram9k                   0
  #fifo9k                   0
#bram32k                    0   out of     16    0.00%
#pad                       33   out of    188   17.55%
  #ireg                     4
  #oreg                    14
  #treg                     0
#pll                        0   out of      4    0.00%
#gclk                       5   out of     16   31.25%

Clock Resource Statistics
Index     ClockNet                 Type               DriverType         Driver                            Fanout
#1        CLK_dup_1                GCLK               io                 CLK_syn_2.di                      98
#2        U2/CLK1                  GCLK               lslice             U2/CLK1_reg_syn_38.q0             8
#3        U4/W_DigitronCS_Out_n    GCLK               lslice             U4/W_DigitronCS_Out_n_syn_9.f0    7
#4        U5/cnt_b_n               GCLK               lslice             U5/cnt_b[9]_syn_9.f0              7
#5        Set_Time_dup_1           GCLK               io                 Set_Time_syn_2.di                 3
#6        U4/SingleNum_b_n4        GCLK               mslice             U4/sel1_syn_117.f0                3
#7        U7/temp_time_n           GCLK               mslice             U5/reg1_syn_22.f0                 3


Detailed IO Report

        Name           Direction    Location    IOStandard    DriveStrength    PullType    PackReg  
         CLK             INPUT         R7        LVCMOS33          N/A          PULLUP      NONE    
      Key_In[3]          INPUT        F10        LVCMOS33          N/A          PULLUP      IREG    
      Key_In[2]          INPUT        C11        LVCMOS33          N/A          PULLUP      IREG    
      Key_In[1]          INPUT        D11        LVCMOS33          N/A          PULLUP      IREG    
      Key_In[0]          INPUT        E11        LVCMOS33          N/A          PULLUP      IREG    
        RSTn             INPUT         A9        LVCMOS33          N/A          PULLUP      NONE    
      Set_Time           INPUT        A10        LVCMOS33          N/A          PULLUP      NONE    
     Buzzer_Out         OUTPUT        H11        LVCMOS33           8            NONE       OREG    
  DigitronCS_Out[3]     OUTPUT         A3        LVCMOS33           8            NONE       OREG    
  DigitronCS_Out[2]     OUTPUT         A5        LVCMOS33           8            NONE       OREG    
  DigitronCS_Out[1]     OUTPUT         B6        LVCMOS33           8            NONE       OREG    
  DigitronCS_Out[0]     OUTPUT         C9        LVCMOS33           8            NONE       OREG    
   Digitron_Out[7]      OUTPUT         C8        LVCMOS33           8            NONE       NONE    
   Digitron_Out[6]      OUTPUT         A8        LVCMOS33           8            NONE       NONE    
   Digitron_Out[5]      OUTPUT         B5        LVCMOS33           8            NONE       NONE    
   Digitron_Out[4]      OUTPUT         A7        LVCMOS33           8            NONE       NONE    
   Digitron_Out[3]      OUTPUT         E8        LVCMOS33           8            NONE       NONE    
   Digitron_Out[2]      OUTPUT         B8        LVCMOS33           8            NONE       NONE    
   Digitron_Out[1]      OUTPUT         A6        LVCMOS33           8            NONE       NONE    
   Digitron_Out[0]      OUTPUT         A4        LVCMOS33           8            NONE       NONE    
     Key_Row[3]         OUTPUT        E10        LVCMOS33           8            NONE       NONE    
     Key_Row[2]         OUTPUT        C10        LVCMOS33           8            NONE       NONE    
     Key_Row[1]         OUTPUT         F9        LVCMOS33           8            NONE       NONE    
     Key_Row[0]         OUTPUT         D9        LVCMOS33           8            NONE       NONE    
     LED_Out[3]         OUTPUT         C2        LVCMOS33           8            NONE       OREG    
     LED_Out[2]         OUTPUT         C1        LVCMOS33           8            NONE       OREG    
     LED_Out[1]         OUTPUT         E4        LVCMOS33           8            NONE       OREG    
     LED_Out[0]         OUTPUT         D3        LVCMOS33           8            NONE       OREG    
  LED_OverTime_Out      OUTPUT        F16        LVCMOS33           8            NONE       OREG    
     LED_Run[3]         OUTPUT        C15        LVCMOS33           8            NONE       OREG    
     LED_Run[2]         OUTPUT        B16        LVCMOS33           8            NONE       OREG    
     LED_Run[1]         OUTPUT        B15        LVCMOS33           8            NONE       OREG    
     LED_Run[0]         OUTPUT        B14        LVCMOS33           8            NONE       OREG    

Report Hierarchy Area:
+-----------------------------------------------------------------------------------+
|Instance |Module              |le     |lut     |ripple  |seq     |bram    |dsp     |
+-----------------------------------------------------------------------------------+
|top      |responder           |311    |235     |52      |183     |0       |0       |
|  U1     |Sel_module          |58     |42      |7       |33      |0       |0       |
|  U2     |Timer_module        |56     |47      |7       |38      |0       |0       |
|  U3     |Buzzer_module       |41     |23      |6       |27      |0       |0       |
|  U4     |Digitron_NumDisplay |61     |52      |9       |28      |0       |0       |
|  U5     |key_filter          |40     |28      |11      |3       |0       |0       |
|  U6     |led8_module         |45     |33      |12      |27      |0       |0       |
|  U7     |countdown_module    |10     |10      |0       |9       |0       |0       |
+-----------------------------------------------------------------------------------+


DataNet Average Fanout:

   Index     Fanout    Nets  
    #1         1       219   
    #2         2       154   
    #3         3        12   
    #4         4        14   
    #5        5-10      27   
    #6       11-50      6    
    #7       51-100     1    
  Average     2.20           

RUN-1002 : start command "write_verilog simulation/responder_phy_sim.v"
HDL-1201 : write out verilog file simulation/responder_phy_sim.v
RUN-1002 : start command "export_db responder_pr.db"
RUN-1001 : Exported /
RUN-1001 : Exported flow parameters
RUN-1001 : Exported libs
RUN-1001 : Exported entities
RUN-1001 : Exported ports
RUN-1001 : Exported pins
RUN-1001 : Exported instances
RUN-1001 : Exported nets
RUN-1001 : Exported buses
RUN-1001 : Exported models
RUN-1001 : Exported congestions
RUN-1001 : Exported violations
RUN-1001 : Exported IO constraints
RUN-1001 : Exported Inst constraints
RUN-1002 : start command "start_timer"
TMR-5001 WARNING: No sdc constraints found while initiating timer.
TMR-2505 : Start building timing graph for model responder.
TMR-2506 : Build timing graph completely. Port num: 11, tpin num: 1594, tnet num: 473, tinst num: 206, tnode num: 2011, tedge num: 2675.
TMR-2509 : Cut connection from U5/add0_syn_175.fci to U5/add0_syn_175.fco.
TMR-2509 : Cut connection from U5/add0_syn_175.a[1] to U5/add0_syn_175.fco.
TMR-2509 : Cut connection from U5/add0_syn_175.a[0] to U5/add0_syn_175.fco.
TMR-2509 : Cut connection from U5/add0_syn_178.a[0] to U5/add0_syn_178.f[0].
TMR-2509 : Cut connection from U5/cnt_b[18]_syn_32.a[1] to U5/cnt_b[18]_syn_32.fx[0].
TMR-2509 : Cut connection from U5/cnt_b[18]_syn_32.a[0] to U5/cnt_b[18]_syn_32.fx[0].
TMR-2509 : Cut connection from U5/cnt_b[18]_syn_32.c[0] to U5/cnt_b[18]_syn_32.fx[0].
TMR-2509 : Cut connection from U5/cnt_b[18]_syn_32.c[1] to U5/cnt_b[18]_syn_32.fx[0].
TMR-2509 : Cut connection from U5/cnt_b[18]_syn_32.d[0] to U5/cnt_b[18]_syn_32.fx[0].
TMR-2509 : Cut connection from U5/cnt_b[18]_syn_32.d[1] to U5/cnt_b[18]_syn_32.fx[0].
TMR-2509 : Cut connection from U5/cnt_b[18]_syn_32.mi[0] to U5/cnt_b[18]_syn_32.fx[0].
TMR-2509 : Cut connection from U5/cnt_b[9]_syn_9.b[0] to U5/cnt_b[9]_syn_9.f[0].
TMR-2509 : Cut connection from U5/cnt_b[9]_syn_9.c[0] to U5/cnt_b[9]_syn_9.f[0].
TMR-2509 : Cut connection from U5/cnt_b[9]_syn_9.d[0] to U5/cnt_b[9]_syn_9.f[0].
TMR-2509 : Cut connection from U5/cnt_b[17]_syn_9.c[1] to U5/cnt_b[17]_syn_9.f[1].
TMR-2509 : Cut connection from U5/cnt_b[17]_syn_9.a[0] to U5/cnt_b[17]_syn_9.f[0].
TMR-2509 : Cut connection from U5/cnt_b[17]_syn_9.b[0] to U5/cnt_b[17]_syn_9.f[0].
TMR-2509 : Cut connection from U5/cnt_b[17]_syn_9.d[0] to U5/cnt_b[17]_syn_9.f[0].
TMR-2509 : Cut connection from U5/add0_syn_193.fci to U5/add0_syn_193.f[0].
TMR-2509 : Cut connection from U5/add0_syn_193.fci to U5/add0_syn_193.f[1].
TMR-2509 : Cut connection from U5/add0_syn_193.a[1] to U5/add0_syn_193.f[1].
TMR-2509 : Cut connection from U5/add0_syn_193.fci to U5/add0_syn_193.fco.
TMR-2509 : Cut connection from U5/add0_syn_195.a[0] to U5/add0_syn_195.f[0].
TMR-2509 : Cut connection from U5/cnt_b[9]_syn_9.c[1] to U5/cnt_b[9]_syn_9.f[1].
TMR-2509 : Cut connection from U5/cnt_b[18]_syn_35.a[1] to U5/cnt_b[18]_syn_35.f[1].
TMR-2509 : Cut connection from U5/cnt_b[18]_syn_35.b[1] to U5/cnt_b[18]_syn_35.f[1].
TMR-2509 : Cut connection from U5/cnt_b[18]_syn_35.d[1] to U5/cnt_b[18]_syn_35.f[1].
TMR-2509 : Cut connection from U5/add0_syn_181.fci to U5/add0_syn_181.f[0].
TMR-2509 : Cut connection from U5/add0_syn_181.fci to U5/add0_syn_181.f[1].
TMR-2509 : Cut connection from U5/add0_syn_181.a[1] to U5/add0_syn_181.f[1].
TMR-2509 : Cut connection from U5/add0_syn_181.fci to U5/add0_syn_181.fco.
TMR-2509 : Cut connection from U5/add0_syn_184.a[0] to U5/add0_syn_184.f[0].
TMR-2509 : Cut connection from U5/add0_syn_184.a[1] to U5/add0_syn_184.f[1].
TMR-2509 : Cut connection from U5/add0_syn_187.a[0] to U5/add0_syn_187.f[0].
TMR-2509 : Cut connection from U5/cnt_b[14]_syn_9.b[0] to U5/cnt_b[14]_syn_9.f[0].
TMR-2509 : Cut connection from U5/cnt_b[14]_syn_9.a[0] to U5/cnt_b[14]_syn_9.f[0].
TMR-2509 : Cut connection from U5/add0_syn_187.a[1] to U5/add0_syn_187.f[1].
TMR-2509 : Cut connection from U5/add0_syn_190.a[0] to U5/add0_syn_190.f[0].
TMR-2509 : Cut connection from U5/add0_syn_190.a[1] to U5/add0_syn_190.f[1].
TMR-2509 : Cut connection from U5/cnt_b[0]_syn_9.c[1] to U5/cnt_b[0]_syn_9.f[1].
TMR-2509 : Cut connection from U5/add0_syn_169.a[0] to U5/add0_syn_169.f[0].
TMR-2509 : Cut connection from U5/cnt_b[0]_syn_9.a[0] to U5/cnt_b[0]_syn_9.f[0].
TMR-2509 : Cut connection from U5/cnt_b[0]_syn_9.b[0] to U5/cnt_b[0]_syn_9.f[0].
TMR-2509 : Cut connection from U5/add0_syn_169.a[1] to U5/add0_syn_169.f[1].
TMR-2509 : Cut connection from U5/add0_syn_172.a[0] to U5/add0_syn_172.f[0].
TMR-2509 : Cut connection from U5/add0_syn_172.a[1] to U5/add0_syn_172.f[1].
TMR-2509 : Cut connection from U5/add0_syn_175.a[0] to U5/add0_syn_175.f[0].
TMR-2509 : Cut connection from U5/add0_syn_175.a[1] to U5/add0_syn_175.f[1].
TMR-2509 : Cut connection from U5/add0_syn_178.a[1] to U5/add0_syn_178.f[1].
TMR-2507 : Eliminate loop in the timing graph, delete 49 tedges.
TMR-2508 : Levelizing timing graph completed, there are 35 levels in total.
TMR-2501 : Timing graph initialized successfully.
RUN-1002 : start command "report_timing -mode FINAL -net_info -rpt_autogen true -file responder_phy.timing -sdf simulation/responder.sdf"
TMR-2503 : Start to update net delay, extr mode = 6.
TMR-2504 : Update delay of 473 nets completely.
TMR-2502 : Annotate delay completely, extr mode = 6.
TMR-3002 : No user constraint, initiate default constraint.
TMR-1501 : Assign derive clock DeriveClock to 242 clock pins, and constraint 417 relative nodes.
TMR-3003 : Constraints initiated successfully.
TMR-3501 : Forward propagation: start to calculate arrival time...
TMR-3502 : Backward propagation: start to calculate required time...
TMR-3503 : Timing propagation completes.
TMR-3506 : Start to generate timing report.
TMR-1502 : Number of clock constraints = 0. Number of clock nets = 7 (7 unconstrainted).
TMR-5009 WARNING: No clock constraint on 7 clock net(s): 
		CLK_dup_1
		Set_Time_dup_1
		U2/CLK1_syn_4
		U4/SingleNum_b_n4_syn_10
		U4/W_DigitronCS_Out_n_syn_4
		U5/cnt_b_n_syn_2
		U7/temp_time_n_syn_3
TMR-3508 : Export timing summary.
TMR-3507 : Timing report generated successfully in responder_phy.timing, timing summary in responder_phy.tsm.
TMR-1001 : Start to generate SDF file...
RUN-1002 : start command "write_verilog -sdf responder.sdf simulation/responder_phy_sim_sta.v"
HDL-1201 : write out verilog file simulation/responder_phy_sim_sta.v
RUN-1002 : start command "export_bid responder_inst.bid"
RUN-1002 : start command "bitgen -bit responder.bit -unused_io_status pulldown"
BIT-1003 : Start to generate bitstream. 
BIT-1002 : Bitgen processed 155 unused pads, reserve input tri_state with pulldown
BIT-1002 : Init instances with 8 threads.
BIT-1002 : Init instances completely, inst num: 361
BIT-1002 : Init pips with 8 threads.
BIT-1002 : Init pips completely, net num: 475, pip num: 3294
BIT-1002 : Init feedthrough completely, num: 2
BIT-1003 : Multithreading accelaration with 8 threads.
BIT-1003 : Generate bitstream completely, there are 717 valid insts, and 10180 bits set as '1'.
BIT-1004 : PLL setting string = 0000
BIT-1004 : Generate bits file responder.bit.
RUN-1003 : finish command "bitgen -bit responder.bit -unused_io_status pulldown" in  1.990462s wall, 3.953125s user + 0.046875s system = 4.000000s CPU (201.0%)

RUN-1004 : used memory is 431 MB, reserved memory is 412 MB, peak memory is 582 MB
RUN-1002 : start command "backup_run_log run.log ../.logs/phy_1/td_20240726_210148.log"
