============================================================
   Tang Dynasty, V5.6.71036
      Copyright (c) 2012-2023 Anlogic Inc.
   Executable = C:/Anlogic/TD5.6.2/bin/td.exe
   Built at =   20:34:38 Mar 21 2023
   Run by =     Timmy
   Run Date =   Sat Jul 27 17:01:33 2024

   Run on =     DESKTOP-A28VB3Q
============================================================
RUN-1002 : start command "open_project responder.prj"
RUN-1001 : Print Global Property
RUN-1001 : ---------------------------------------------------------------
RUN-1001 :        Parameters        |  Settings  |  Default Values  |  Note  
RUN-1001 : ---------------------------------------------------------------
RUN-1001 :          message         |  standard  |     standard     |        
RUN-1001 :   mixed_pack_place_flow  |     on     |        on        |        
RUN-1001 :        qor_monitor       |    off     |       off        |        
RUN-1001 :        syn_ip_flow       |    off     |       off        |        
RUN-1001 :          thread          |    auto    |       auto       |        
RUN-1001 : ---------------------------------------------------------------
RUN-1001 : Print Design Property
RUN-1001 : --------------------------------------------------------------
RUN-1001 :        Parameters       |  Settings  |  Default Values  |  Note  
RUN-1001 : --------------------------------------------------------------
RUN-1001 :   default_reg_initial   |    auto    |       auto       |        
RUN-1001 :        infer_add        |     on     |        on        |        
RUN-1001 :        infer_fsm        |    off     |       off        |        
RUN-1001 :        infer_mult       |     on     |        on        |        
RUN-1001 :        infer_ram        |     on     |        on        |        
RUN-1001 :        infer_reg        |     on     |        on        |        
RUN-1001 :   infer_reg_init_value  |     on     |        on        |        
RUN-1001 :        infer_rom        |     on     |        on        |        
RUN-1001 :      infer_shifter      |     on     |        on        |        
RUN-1001 : --------------------------------------------------------------
RUN-1001 : Print Rtl Property
RUN-1001 : --------------------------------------------------------------
RUN-1001 :        Parameters       |  Settings  |  Default Values  |  Note  
RUN-1001 : --------------------------------------------------------------
RUN-1001 :       compress_add      |   ripple   |      ripple      |        
RUN-1001 :        elf_sload        |    off     |       off        |        
RUN-1001 :       fix_undriven      |     0      |        0         |        
RUN-1001 :         flatten         |    off     |       off        |        
RUN-1001 :       gate_sharing      |     on     |        on        |        
RUN-1001 :    hdl_warning_level    |   normal   |      normal      |        
RUN-1001 :   impl_internal_tribuf  |     on     |        on        |        
RUN-1001 :      impl_set_reset     |     on     |        on        |        
RUN-1001 :        infer_gsr        |    off     |       off        |        
RUN-1001 :      keep_hierarchy     |    auto    |       auto       |        
RUN-1001 :        max_fanout       |    9999    |       9999       |        
RUN-1001 :      max_oh2bin_len     |     10     |        10        |        
RUN-1001 :       merge_equal       |     on     |        on        |        
RUN-1001 :       merge_equiv       |     on     |        on        |        
RUN-1001 :        merge_mux        |    off     |       off        |        
RUN-1001 :     min_control_set     |     8      |        8         |        
RUN-1001 :      min_ripple_len     |    auto    |       auto       |        
RUN-1001 :       oh2bin_ratio      |    0.08    |       0.08       |        
RUN-1001 :     opt_adder_fanout    |     on     |        on        |        
RUN-1001 :        opt_arith        |     on     |        on        |        
RUN-1001 :       opt_big_gate      |    off     |       off        |        
RUN-1001 :        opt_const        |     on     |        on        |        
RUN-1001 :      opt_const_mult     |     on     |        on        |        
RUN-1001 :       opt_lessthan      |     on     |        on        |        
RUN-1001 :         opt_mux         |    off     |       off        |        
RUN-1001 :         opt_ram         |    high    |       high       |        
RUN-1001 :      rtl_sim_model      |    off     |       off        |        
RUN-1001 :         seq_syn         |     on     |        on        |        
RUN-1001 : --------------------------------------------------------------
HDL-1007 : analyze verilog file ../../responder.v
HDL-1007 : analyze verilog file ../../Sel_module.v
HDL-1007 : analyze verilog file ../../Timer_module.v
HDL-1007 : analyze verilog file ../../Buzzer_module.v
HDL-1007 : analyze verilog file ../../Digitron_NumDisplay.v
HDL-1007 : analyze verilog file ../../key_filter.v
HDL-1007 : analyze verilog file ../../../../1 run_led/run_led/led8_module.v
HDL-1007 : analyze verilog file ../../countdown_module.v
RUN-1001 : Project manager successfully analyzed 8 source files.
RUN-1002 : start command "import_device eagle_s20.db -package EG4S20BG256"
ARC-1001 : Device Initialization.
ARC-1001 : ------------------------------------------------------------------
ARC-1001 :            OPTION            |          IO          |   SETTING   
ARC-1001 : ------------------------------------------------------------------
ARC-1001 :   cso_b/cclk/mosi/miso/dout  |  T3/R11/T10/P10/S11  |    gpio    
ARC-1001 :             done             |         P13          |    gpio    
ARC-1001 :           program_b          |          T2          |  dedicate  
ARC-1001 :        tdi/tms/tck/tdo       |   C12/A15/C14/E14    |  dedicate  
ARC-1001 : ------------------------------------------------------------------
ARC-1004 : Device setting, marked 5 dedicate IOs in total.
RUN-1002 : start command "import_db ../syn_1/responder_gate.db"
RUN-1001 : Importing database generated by Tang Dynasty, V5.6.71036.
RUN-1001 : Database version number 46146.
RUN-1001 : Import flow parameters
RUN-1001 : Import IO constraints
RUN-1001 : Import Inst constraints
RUN-1001 : Import design success TD_VERSION=5.6.71036 , DB_VERSION=46146
RUN-1002 : start command "place"
RUN-1001 : Open license file C:/Anlogic/TD5.6.2/license/Anlogic.lic
RUN-1001 : Print Global Property
RUN-1001 : ---------------------------------------------------------------
RUN-1001 :        Parameters        |  Settings  |  Default Values  |  Note  
RUN-1001 : ---------------------------------------------------------------
RUN-1001 :          message         |  standard  |     standard     |        
RUN-1001 :   mixed_pack_place_flow  |     on     |        on        |        
RUN-1001 :        qor_monitor       |    off     |       off        |        
RUN-1001 :        syn_ip_flow       |    off     |       off        |        
RUN-1001 :          thread          |    auto    |       auto       |        
RUN-1001 : ---------------------------------------------------------------
RUN-1001 : Print Place Property
RUN-1001 : --------------------------------------------------------------
RUN-1001 :        Parameters       |  Settings  |  Default Values  |  Note  
RUN-1001 : --------------------------------------------------------------
RUN-1001 :      detailed_place     |     on     |        on        |        
RUN-1001 :          effort         |   medium   |      medium      |        
RUN-1001 :         fix_hold        |    off     |       off        |        
RUN-1001 :       legalization      |    ori     |       ori        |        
RUN-1001 :      new_spreading      |     on     |        on        |        
RUN-1001 :        opt_timing       |   medium   |      medium      |        
RUN-1001 :   post_clock_route_opt  |    off     |       off        |        
RUN-1001 :       pr_strategy       |     1      |        1         |        
RUN-1001 :        relaxation       |    1.00    |       1.00       |        
RUN-1001 :         retiming        |    off     |       off        |        
RUN-1001 : --------------------------------------------------------------
PHY-3001 : Placer runs in 8 thread(s).
RUN-1002 : start command "legalize_phy_inst"
SYN-1011 : Flatten model responder
SYN-5055 WARNING: The kept net U5/cnt[19] will be merged to another kept net U5/cnt_b[19]
SYN-5055 WARNING: The kept net U5/cnt[18] will be merged to another kept net U5/cnt_b[18]
SYN-5055 WARNING: The kept net U5/cnt[17] will be merged to another kept net U5/cnt_b[17]
SYN-5055 WARNING: The kept net U5/cnt[16] will be merged to another kept net U5/cnt_b[16]
SYN-5055 WARNING: The kept net U5/cnt[15] will be merged to another kept net U5/cnt_b1[15]
SYN-5055 WARNING: The kept net U5/cnt[14] will be merged to another kept net U5/cnt_b[14]
SYN-5055 WARNING: The kept net U5/cnt[13] will be merged to another kept net U5/cnt_b1[13]
SYN-5055 WARNING: The kept net U5/cnt[12] will be merged to another kept net U5/cnt_b1[12]
SYN-5055 WARNING: The kept net U5/cnt[11] will be merged to another kept net U5/cnt_b1[11]
SYN-5055 WARNING: The kept net U5/cnt[10] will be merged to another kept net U5/cnt_b1[10]
SYN-5055 Similar messages will be suppressed.
RUN-1002 : start command "phys_opt -simplify_lut"
SYN-4024 : Net "CLK_dup_1" drives clk pins.
SYN-4024 : Net "U2/CLK1" drives clk pins.
SYN-4024 : Net "U4/W_DigitronCS_Out_n" drives clk pins.
SYN-4024 : Net "U4/SingleNum_b_n4" drives clk pins.
SYN-4025 : Tag rtl::Net CLK_dup_1 as clock net
SYN-4025 : Tag rtl::Net U2/CLK1 as clock net
SYN-4025 : Tag rtl::Net U4/SingleNum_b_n4 as clock net
SYN-4025 : Tag rtl::Net U4/W_DigitronCS_Out_n as clock net
SYN-4026 : Tagged 4 rtl::Net as clock net
SYN-4015 : Create BUFG instance for clk Net U2/CLK1 to drive 11 clock pins.
SYN-4015 : Create BUFG instance for clk Net U4/W_DigitronCS_Out_n to drive 8 clock pins.
SYN-4015 : Create BUFG instance for clk Net U4/SingleNum_b_n4 to drive 4 clock pins.
PHY-1001 : Populate physical database on model responder.
RUN-1001 : There are total 406 instances
RUN-0007 : 180 luts, 135 seqs, 32 mslices, 20 lslices, 33 pads, 0 brams, 0 dsps
RUN-1001 : There are total 538 nets
RUN-1001 : 309 nets have 2 pins
RUN-1001 : 190 nets have [3 - 5] pins
RUN-1001 : 28 nets have [6 - 10] pins
RUN-1001 : 5 nets have [11 - 20] pins
RUN-1001 : 4 nets have [21 - 99] pins
RUN-1001 : 2 nets have 100+ pins
RUN-1001 : Report Control nets information:
RUN-1001 : DFF Distribution
RUN-1001 : ----------------------------------
RUN-1001 :   CE   |  SSR  |  ASR  |  DFF Count  
RUN-1001 : ----------------------------------
RUN-1001 :   No   |  No   |  No   |     27      
RUN-1001 :   No   |  No   |  Yes  |     52      
RUN-1001 :   No   |  Yes  |  No   |     23      
RUN-1001 :   Yes  |  No   |  No   |      0      
RUN-1001 :   Yes  |  No   |  Yes  |     33      
RUN-1001 :   Yes  |  Yes  |  No   |      0      
RUN-1001 : ----------------------------------
RUN-0007 : Control Group Statistic
RUN-0007 : ---------------------------
RUN-0007 :   #CLK  |  #CE  |  #SSR/ASR  
RUN-0007 : ---------------------------
RUN-0007 :    6    |   3   |     4      
RUN-0007 : ---------------------------
RUN-0007 : Control Set = 11
PHY-3001 : Initial placement ...
PHY-3001 : design contains 404 instances, 180 luts, 135 seqs, 52 slices, 6 macros(52 instances: 32 mslices 20 lslices)
PHY-0007 : Cell area utilization is 1%
PHY-3001 : Global placement ...
PHY-3001 : Initial: Len = 119075
PHY-3001 : Clustering ...
PHY-3001 : Level 0 #clusters 404.
PHY-3001 : End clustering;  0.000011s wall, 0.000000s user + 0.000000s system = 0.000000s CPU (n/a%)

PHY-3001 : Run with size of 4
PHY-3001 : Cell area utilization is 1%
PHY-3001 : :::0::: Try harder cell spreading with beta_ = 0
PHY-3002 : Step(1): len = 75921.5, overlap = 0
PHY-3002 : Step(2): len = 50532.6, overlap = 0
PHY-3002 : Step(3): len = 36340.1, overlap = 0
PHY-3002 : Step(4): len = 27857.9, overlap = 0
PHY-3002 : Step(5): len = 23672.3, overlap = 0
PHY-3002 : Step(6): len = 22459, overlap = 0
PHY-3002 : Step(7): len = 21849.1, overlap = 0
PHY-3002 : Step(8): len = 22000.1, overlap = 0
PHY-3002 : Step(9): len = 19872.7, overlap = 0
PHY-3002 : Step(10): len = 17933.6, overlap = 0
PHY-3002 : Step(11): len = 17897.3, overlap = 0
PHY-3002 : Step(12): len = 16954.5, overlap = 0
PHY-3002 : Step(13): len = 15789.2, overlap = 0
PHY-3002 : Step(14): len = 16309.9, overlap = 0
PHY-3002 : Step(15): len = 16058, overlap = 0
PHY-3002 : Step(16): len = 15773.8, overlap = 0
PHY-3002 : Step(17): len = 14659.2, overlap = 0
PHY-3002 : Step(18): len = 14727.4, overlap = 0
PHY-3002 : Step(19): len = 14363.8, overlap = 0
PHY-3002 : Step(20): len = 13105.9, overlap = 0
PHY-3002 : Step(21): len = 13410.7, overlap = 0
PHY-3002 : Step(22): len = 13004.8, overlap = 0
PHY-3002 : Step(23): len = 12554.9, overlap = 0
PHY-3002 : Step(24): len = 12669.9, overlap = 0
PHY-3002 : Step(25): len = 12504.4, overlap = 0
PHY-3002 : Step(26): len = 10920, overlap = 0
PHY-3002 : Step(27): len = 10872.9, overlap = 0
PHY-3002 : Step(28): len = 10899, overlap = 0
PHY-3002 : Step(29): len = 10121.4, overlap = 0
PHY-3002 : Step(30): len = 10062.2, overlap = 0
PHY-3002 : Step(31): len = 10062.2, overlap = 0
PHY-3001 : Legalization ...
PHY-3001 : End legalization;  0.006055s wall, 0.000000s user + 0.000000s system = 0.000000s CPU (n/a%)

PHY-3001 : Run with size of 4
PHY-3001 : Cell area utilization is 1%
PHY-3001 : :::0::: Try harder cell spreading with beta_ = 0
PHY-3002 : Step(32): len = 9635.4, overlap = 0
PHY-3002 : Step(33): len = 9777.7, overlap = 0
PHY-3002 : Step(34): len = 9831.2, overlap = 0
PHY-3002 : Step(35): len = 9995.8, overlap = 0
PHY-3002 : Step(36): len = 10168.6, overlap = 0
PHY-3002 : Step(37): len = 9874.2, overlap = 0
PHY-3002 : Step(38): len = 10028, overlap = 0
PHY-3002 : Step(39): len = 10262.4, overlap = 0
PHY-3002 : Step(40): len = 9991.9, overlap = 0
PHY-3002 : Step(41): len = 9522.3, overlap = 0
PHY-3002 : Step(42): len = 9431.5, overlap = 0
PHY-3002 : Step(43): len = 9540.5, overlap = 0
PHY-3002 : Step(44): len = 9434.2, overlap = 0
PHY-3002 : Step(45): len = 8875.7, overlap = 0
PHY-3002 : Step(46): len = 8836.5, overlap = 0
PHY-3002 : Step(47): len = 8085.6, overlap = 0
PHY-3002 : Step(48): len = 7860.7, overlap = 0
PHY-3002 : Step(49): len = 8150.8, overlap = 0
PHY-3002 : Step(50): len = 7240.1, overlap = 0
PHY-3002 : Step(51): len = 7377.7, overlap = 0
PHY-3002 : Step(52): len = 7456.7, overlap = 0
PHY-3002 : Step(53): len = 7260.4, overlap = 0
PHY-3002 : Step(54): len = 7111.1, overlap = 0
PHY-3002 : Step(55): len = 6894.3, overlap = 0
PHY-3002 : Step(56): len = 6964, overlap = 0
PHY-3002 : Step(57): len = 7052.6, overlap = 0
PHY-3002 : Step(58): len = 7065, overlap = 0
PHY-3002 : Step(59): len = 6621.8, overlap = 0
PHY-3002 : Step(60): len = 6674.6, overlap = 0
PHY-3002 : Step(61): len = 6584.6, overlap = 0
PHY-3002 : Step(62): len = 6592.9, overlap = 0
PHY-3002 : Step(63): len = 6405, overlap = 0
PHY-3002 : Step(64): len = 6426.3, overlap = 0
PHY-3002 : Step(65): len = 6505.6, overlap = 0
PHY-3001 : Run with size of 2
PHY-3001 : Cell area utilization is 1%
PHY-3001 : :::0::: Try harder cell spreading with beta_ = 0.00790514
PHY-3002 : Step(66): len = 6119.5, overlap = 2.1875
PHY-3002 : Step(67): len = 5991.2, overlap = 2.46875
PHY-3002 : Step(68): len = 6028.6, overlap = 2.84375
OPT-1001 : Start physical optimization ...
OPT-1001 : Total overflow 18.59 peak overflow 2.97
OPT-1001 : Start high-fanout net optimization ...
OPT-1001 : Update timing in global mode
PHY-1001 : Start incremental global routing, caller is place ...
RUN-1001 : Generating global routing grids ...
RUN-1001 : Building simple global routing graph ...
PHY-1001 : Generate routing nets ...
PHY-1001 : Reuse net number 0/538.
PHY-1001 : Global iterations in 8 thread ...
PHY-1002 : len = 6352, over cnt = 14(0%), over = 27, worst = 6
PHY-1001 : End global iterations;  0.020779s wall, 0.000000s user + 0.000000s system = 0.000000s CPU (n/a%)

PHY-1001 : Congestion index: top1 = 9.45, top5 = 4.32, top10 = 2.21, top15 = 1.47.
PHY-1001 : End incremental global routing;  0.074684s wall, 0.031250s user + 0.000000s system = 0.031250s CPU (41.8%)

RUN-1002 : start command "start_timer -report"
TMR-5001 WARNING: No sdc constraints found while initiating timer.
TMR-2505 : Start building timing graph for model responder.
TMR-2506 : Build timing graph completely. Port num: 11, tpin num: 1819, tnet num: 536, tinst num: 404, tnode num: 2330, tedge num: 2924.
TMR-2509 : Cut connection from U5/reg1_syn_17.a to U5/reg1_syn_17.o.
TMR-2509 : Cut connection from U5/reg1_syn_16.a to U5/reg1_syn_16.o.
TMR-2509 : Cut connection from U5/reg1_syn_15.a to U5/reg1_syn_15.o.
TMR-2509 : Cut connection from U5/reg1_syn_14.a to U5/reg1_syn_14.o.
TMR-2509 : Cut connection from U5/add0_syn_187.fci to U5/add0_syn_187.fco.
TMR-2509 : Cut connection from U5/add0_syn_187.a[1] to U5/add0_syn_187.fco.
TMR-2509 : Cut connection from U5/add0_syn_187.a[0] to U5/add0_syn_187.fco.
TMR-2509 : Cut connection from U5/add0_syn_190.a[0] to U5/add0_syn_190.f[0].
TMR-2509 : Cut connection from U5/add0_syn_190.a[1] to U5/add0_syn_190.f[1].
TMR-2509 : Cut connection from U5/cnt_b[16]_syn_12.a to U5/cnt_b[16]_syn_12.o.
TMR-2509 : Cut connection from U5/add0_syn_193.a[0] to U5/add0_syn_193.f[0].
TMR-2509 : Cut connection from U5/cnt_b[17]_syn_1.a to U5/cnt_b[17]_syn_1.o.
TMR-2509 : Cut connection from U5/add0_syn_193.a[1] to U5/add0_syn_193.f[1].
TMR-2509 : Cut connection from U5/cnt_b[18]_syn_1.a to U5/cnt_b[18]_syn_1.o.
TMR-2509 : Cut connection from U5/add0_syn_195.a[0] to U5/add0_syn_195.f[0].
TMR-2509 : Cut connection from U5/cnt_b[19]_syn_1.a to U5/cnt_b[19]_syn_1.o.
TMR-2509 : Cut connection from U5/cnt_b[16]_syn_11.b to U5/cnt_b[16]_syn_11.o.
TMR-2509 : Cut connection from U5/cnt_b[16]_syn_11.d to U5/cnt_b[16]_syn_11.o.
TMR-2509 : Cut connection from U5/cnt_b[16]_syn_11.a to U5/cnt_b[16]_syn_11.o.
TMR-2509 : Cut connection from U5/cnt_b[14]_syn_1.b to U5/cnt_b[14]_syn_1.o.
TMR-2509 : Cut connection from U5/add0_syn_187.fci to U5/add0_syn_187.f[1].
TMR-2509 : Cut connection from U5/add0_syn_187.a[0] to U5/add0_syn_187.f[1].
TMR-2509 : Cut connection from U5/cnt_b[16]_syn_1.c to U5/cnt_b[16]_syn_1.o.
TMR-2509 : Cut connection from U5/cnt_b[16]_syn_1.d to U5/cnt_b[16]_syn_1.o.
TMR-2509 : Cut connection from U5/cnt_b[6]_syn_1.b to U5/cnt_b[6]_syn_1.o.
TMR-2509 : Cut connection from U5/add0_syn_175.fci to U5/add0_syn_175.f[1].
TMR-2509 : Cut connection from U5/add0_syn_175.a[0] to U5/add0_syn_175.f[1].
TMR-2509 : Cut connection from U5/add0_syn_175.fci to U5/add0_syn_175.fco.
TMR-2509 : Cut connection from U5/add0_syn_175.a[0] to U5/add0_syn_175.fco.
TMR-2509 : Cut connection from U5/add0_syn_178.a[0] to U5/add0_syn_178.f[0].
TMR-2509 : Cut connection from U5/add0_syn_178.a[1] to U5/add0_syn_178.f[1].
TMR-2509 : Cut connection from U5/add0_syn_181.a[0] to U5/add0_syn_181.f[0].
TMR-2509 : Cut connection from U5/add0_syn_181.a[1] to U5/add0_syn_181.f[1].
TMR-2509 : Cut connection from U5/add0_syn_184.a[0] to U5/add0_syn_184.f[0].
TMR-2509 : Cut connection from U5/cnt_b[16]_syn_9.d to U5/cnt_b[16]_syn_9.o.
TMR-2509 : Cut connection from U5/cnt_b[16]_syn_9.e to U5/cnt_b[16]_syn_9.o.
TMR-2509 : Cut connection from U5/add0_syn_184.a[1] to U5/add0_syn_184.f[1].
TMR-2509 : Cut connection from U5/add0_syn_187.a[0] to U5/add0_syn_187.f[0].
TMR-2509 : Cut connection from U5/cnt_b[0]_syn_1.b to U5/cnt_b[0]_syn_1.o.
TMR-2509 : Cut connection from U5/add0_syn_169.a[0] to U5/add0_syn_169.f[0].
TMR-2509 : Cut connection from U5/add0_syn_169.a[1] to U5/add0_syn_169.f[1].
TMR-2509 : Cut connection from U5/add0_syn_172.a[0] to U5/add0_syn_172.f[0].
TMR-2509 : Cut connection from U5/add0_syn_172.a[1] to U5/add0_syn_172.f[1].
TMR-2509 : Cut connection from U5/add0_syn_175.a[0] to U5/add0_syn_175.f[0].
TMR-2507 : Eliminate loop in the timing graph, delete 44 tedges.
TMR-2508 : Levelizing timing graph completed, there are 53 levels in total.
TMR-2501 : Timing graph initialized successfully.
OPT-1001 : End timing update;  0.239533s wall, 0.250000s user + 0.000000s system = 0.250000s CPU (104.4%)

OPT-1001 : 0 high-fanout net processed.
OPT-1001 : End high-fanout net optimization;  0.319375s wall, 0.281250s user + 0.000000s system = 0.281250s CPU (88.1%)

OPT-1001 : Current memory(MB): used = 137, reserve = 107, peak = 137.
OPT-1001 : End physical optimization;  0.327071s wall, 0.281250s user + 0.000000s system = 0.281250s CPU (86.0%)

PHY-3001 : Start packing ...
SYN-4007 : Packing 0 MUX to BLE ...
SYN-4008 : Packed 0 MUX and 0 SEQ to BLE.
SYN-4007 : Packing 180 LUT to BLE ...
SYN-4008 : Packed 180 LUT and 79 SEQ to BLE.
SYN-4003 : Packing 56 remaining SEQ's ...
SYN-4005 : Packed 44 SEQ with LUT/SLICE
SYN-4006 : 63 single LUT's are left
SYN-4006 : 12 single SEQ's are left
SYN-4011 : Packing model "responder" (AL_USER_NORMAL) with 192/323 primitive instances ...
PHY-3001 : End packing;  0.013013s wall, 0.000000s user + 0.000000s system = 0.000000s CPU (n/a%)

PHY-1001 : Populate physical database on model responder.
RUN-1001 : There are total 197 instances
RUN-1001 : 79 mslices, 79 lslices, 33 pads, 0 brams, 0 dsps
RUN-1001 : There are total 468 nets
RUN-1001 : 246 nets have 2 pins
RUN-1001 : 183 nets have [3 - 5] pins
RUN-1001 : 28 nets have [6 - 10] pins
RUN-1001 : 7 nets have [11 - 20] pins
RUN-1001 : 2 nets have [21 - 99] pins
RUN-1001 : 2 nets have 100+ pins
PHY-3001 : design contains 195 instances, 158 slices, 6 macros(52 instances: 32 mslices 20 lslices)
PHY-3001 : Cell area utilization is 2%
PHY-3001 : After packing: Len = 6551.6, Over = 6.25
PHY-3001 : Run with size of 2
PHY-3001 : Cell area utilization is 2%
PHY-3001 : :::0::: Try harder cell spreading with beta_ = 0.00013787
PHY-3002 : Step(69): len = 6513.9, overlap = 5.5
PHY-3002 : Step(70): len = 6536.6, overlap = 6
PHY-3002 : Step(71): len = 6523.5, overlap = 5.75
PHY-3001 : :::1::: Try harder cell spreading with beta_ = 0.00027574
PHY-3002 : Step(72): len = 6336.2, overlap = 6
PHY-3002 : Step(73): len = 6318, overlap = 6.25
PHY-3001 : :::2::: Try harder cell spreading with beta_ = 0.00055148
PHY-3002 : Step(74): len = 6379.9, overlap = 6.25
PHY-3002 : Step(75): len = 6397.3, overlap = 6.25
PHY-3001 : Legalization ...
PHY-3001 : End legalization;  0.046588s wall, 0.015625s user + 0.031250s system = 0.046875s CPU (100.6%)

PHY-3001 : Trial Legalized: Len = 10007
PHY-3001 : Run with size of 2
PHY-3001 : Cell area utilization is 2%
PHY-3001 : :::0::: Try harder cell spreading with beta_ = 0
PHY-3002 : Step(76): len = 7738.8, overlap = 1.25
PHY-3002 : Step(77): len = 6734.4, overlap = 1.75
PHY-3002 : Step(78): len = 6457.1, overlap = 2.75
PHY-3002 : Step(79): len = 6458, overlap = 2.25
PHY-3002 : Step(80): len = 6433.9, overlap = 3
PHY-3001 : :::1::: Try harder cell spreading with beta_ = 0.000407405
PHY-3002 : Step(81): len = 6335.8, overlap = 2.75
PHY-3002 : Step(82): len = 6335.8, overlap = 2.75
PHY-3002 : Step(83): len = 6285.7, overlap = 2.75
PHY-3001 : :::2::: Try harder cell spreading with beta_ = 0.00081481
PHY-3002 : Step(84): len = 6339.5, overlap = 2.75
PHY-3002 : Step(85): len = 6339.5, overlap = 2.75
PHY-3001 : Legalization ...
PHY-3001 : End legalization;  0.005331s wall, 0.000000s user + 0.000000s system = 0.000000s CPU (n/a%)

PHY-3001 : Legalized: Len = 8477.9, Over = 0
PHY-3001 : Spreading special nets. 3 overflows in 2952 tiles.
PHY-3001 : End spreading;  0.003056s wall, 0.000000s user + 0.000000s system = 0.000000s CPU (n/a%)

PHY-3001 : 4 instances has been re-located, deltaX = 3, deltaY = 1, maxDist = 1.
PHY-3001 : Final: Len = 8509.9, Over = 0
OPT-1001 : Start physical optimization ...
OPT-1001 : Total overflow 0.00 peak overflow 0.00
OPT-1001 : Start high-fanout net optimization ...
OPT-1001 : Update timing in global mode
PHY-1001 : Start incremental global routing, caller is place ...
RUN-1001 : Generating global routing grids ...
PHY-1001 : Generate routing nets ...
PHY-1001 : Reuse net number 21/468.
PHY-1001 : Global iterations in 8 thread ...
PHY-1002 : len = 9248, over cnt = 20(0%), over = 35, worst = 4
PHY-1002 : len = 9488, over cnt = 14(0%), over = 16, worst = 2
PHY-1002 : len = 9584, over cnt = 9(0%), over = 10, worst = 2
PHY-1002 : len = 9704, over cnt = 1(0%), over = 1, worst = 1
PHY-1002 : len = 9720, over cnt = 0(0%), over = 0, worst = 0
PHY-1001 : End global iterations;  0.051488s wall, 0.031250s user + 0.000000s system = 0.031250s CPU (60.7%)

PHY-1001 : Congestion index: top1 = 15.54, top5 = 6.70, top10 = 3.54, top15 = 2.36.
PHY-1001 : End incremental global routing;  0.098289s wall, 0.062500s user + 0.000000s system = 0.062500s CPU (63.6%)

RUN-1002 : start command "start_timer -report"
TMR-5001 WARNING: No sdc constraints found while initiating timer.
TMR-2505 : Start building timing graph for model responder.
TMR-2506 : Build timing graph completely. Port num: 11, tpin num: 1576, tnet num: 466, tinst num: 195, tnode num: 1977, tedge num: 2652.
TMR-2509 : Cut connection from U1/reg2_syn_78.d[0] to U1/reg2_syn_78.Q_q[0]_D.
TMR-2509 : Cut connection from U1/reg2_syn_80.d[0] to U1/reg2_syn_80.Q_q[0]_D.
TMR-2509 : Cut connection from U3/reg1_syn_42.d[0] to U3/reg1_syn_42.Q_q[0]_D.
TMR-2509 : Cut connection from U3/reg1_syn_40.d[0] to U3/reg1_syn_40.Q_q[0]_D.
TMR-2509 : Cut connection from U5/cnt_b[16]_syn_35.b[0] to U5/cnt_b[16]_syn_35.f[0].
TMR-2509 : Cut connection from U5/cnt_b[16]_syn_35.c[0] to U5/cnt_b[16]_syn_35.f[0].
TMR-2509 : Cut connection from U5/cnt_b[16]_syn_35.d[0] to U5/cnt_b[16]_syn_35.f[0].
TMR-2509 : Cut connection from U5/cnt_b[16]_syn_35.a[0] to U5/cnt_b[16]_syn_35.f[0].
TMR-2509 : Cut connection from U5/cnt_b[18]_syn_9.c[0] to U5/cnt_b[18]_syn_9.f[0].
TMR-2509 : Cut connection from U5/cnt_b[16]_syn_41.b[1] to U5/cnt_b[16]_syn_41.f[1].
TMR-2509 : Cut connection from U5/cnt_b[16]_syn_41.c[1] to U5/cnt_b[16]_syn_41.f[1].
TMR-2509 : Cut connection from U5/cnt_b[16]_syn_41.d[1] to U5/cnt_b[16]_syn_41.f[1].
TMR-2509 : Cut connection from U5/add0_syn_195.fci to U5/add0_syn_195.f[0].
TMR-2509 : Cut connection from U5/cnt_b[18]_syn_9.c[1] to U5/cnt_b[18]_syn_9.f[1].
TMR-2509 : Cut connection from U5/add0_syn_193.fci to U5/add0_syn_193.f[1].
TMR-2509 : Cut connection from U5/add0_syn_193.a[0] to U5/add0_syn_193.f[1].
TMR-2509 : Cut connection from U5/add0_syn_193.fci to U5/add0_syn_193.fco.
TMR-2509 : Cut connection from U5/add0_syn_193.a[0] to U5/add0_syn_193.fco.
TMR-2509 : Cut connection from U5/cnt_b[16]_syn_41.c[0] to U5/cnt_b[16]_syn_41.f[0].
TMR-2509 : Cut connection from U5/add0_syn_193.fci to U5/add0_syn_193.f[0].
TMR-2509 : Cut connection from U5/cnt_b[14]_syn_9.c[1] to U5/cnt_b[14]_syn_9.f[1].
TMR-2509 : Cut connection from U5/cnt_b[16]_syn_37.a[1] to U5/cnt_b[16]_syn_37.f[1].
TMR-2509 : Cut connection from U5/cnt_b[16]_syn_37.c[1] to U5/cnt_b[16]_syn_37.f[1].
TMR-2509 : Cut connection from U5/cnt_b[16]_syn_37.d[1] to U5/cnt_b[16]_syn_37.f[1].
TMR-2509 : Cut connection from U5/add0_syn_187.fci to U5/add0_syn_187.f[1].
TMR-2509 : Cut connection from U5/add0_syn_187.a[0] to U5/add0_syn_187.f[1].
TMR-2509 : Cut connection from U5/add0_syn_187.fci to U5/add0_syn_187.fco.
TMR-2509 : Cut connection from U5/add0_syn_187.a[0] to U5/add0_syn_187.fco.
TMR-2509 : Cut connection from U5/add0_syn_190.a[0] to U5/add0_syn_190.f[0].
TMR-2509 : Cut connection from U5/add0_syn_190.a[1] to U5/add0_syn_190.f[1].
TMR-2509 : Cut connection from U5/cnt_b[16]_syn_39.c[0] to U5/cnt_b[16]_syn_39.f[0].
TMR-2509 : Cut connection from U5/cnt_b[16]_syn_32.a[1] to U5/cnt_b[16]_syn_32.fx[0].
TMR-2509 : Cut connection from U5/cnt_b[16]_syn_32.a[0] to U5/cnt_b[16]_syn_32.fx[0].
TMR-2509 : Cut connection from U5/cnt_b[16]_syn_32.b[0] to U5/cnt_b[16]_syn_32.fx[0].
TMR-2509 : Cut connection from U5/cnt_b[16]_syn_32.b[1] to U5/cnt_b[16]_syn_32.fx[0].
TMR-2509 : Cut connection from U5/cnt_b[16]_syn_32.d[0] to U5/cnt_b[16]_syn_32.fx[0].
TMR-2509 : Cut connection from U5/cnt_b[16]_syn_32.d[1] to U5/cnt_b[16]_syn_32.fx[0].
TMR-2509 : Cut connection from U5/cnt_b[16]_syn_32.mi[0] to U5/cnt_b[16]_syn_32.fx[0].
TMR-2509 : Cut connection from U5/add0_syn_175.fci to U5/add0_syn_175.f[1].
TMR-2509 : Cut connection from U5/add0_syn_175.a[0] to U5/add0_syn_175.f[1].
TMR-2509 : Cut connection from U5/add0_syn_175.fci to U5/add0_syn_175.fco.
TMR-2509 : Cut connection from U5/add0_syn_175.a[0] to U5/add0_syn_175.fco.
TMR-2509 : Cut connection from U5/add0_syn_178.a[0] to U5/add0_syn_178.f[0].
TMR-2509 : Cut connection from U5/add0_syn_178.a[1] to U5/add0_syn_178.f[1].
TMR-2509 : Cut connection from U5/add0_syn_181.a[0] to U5/add0_syn_181.f[0].
TMR-2509 : Cut connection from U5/cnt_b[16]_syn_35.a[1] to U5/cnt_b[16]_syn_35.f[1].
TMR-2509 : Cut connection from U5/cnt_b[16]_syn_35.b[1] to U5/cnt_b[16]_syn_35.f[1].
TMR-2509 : Cut connection from U5/add0_syn_181.a[1] to U5/add0_syn_181.f[1].
TMR-2509 : Cut connection from U5/add0_syn_184.a[0] to U5/add0_syn_184.f[0].
TMR-2509 : Cut connection from U5/add0_syn_184.a[1] to U5/add0_syn_184.f[1].
TMR-2509 : Cut connection from U5/add0_syn_187.a[0] to U5/add0_syn_187.f[0].
TMR-2509 : Cut connection from U5/cnt_b[0]_syn_9.c[0] to U5/cnt_b[0]_syn_9.f[0].
TMR-2509 : Cut connection from U5/add0_syn_169.a[0] to U5/add0_syn_169.f[0].
TMR-2509 : Cut connection from U5/cnt_b[16]_syn_39.a[1] to U5/cnt_b[16]_syn_39.f[1].
TMR-2509 : Cut connection from U5/cnt_b[16]_syn_39.b[1] to U5/cnt_b[16]_syn_39.f[1].
TMR-2509 : Cut connection from U5/add0_syn_169.a[1] to U5/add0_syn_169.f[1].
TMR-2509 : Cut connection from U5/add0_syn_172.a[0] to U5/add0_syn_172.f[0].
TMR-2509 : Cut connection from U5/add0_syn_172.a[1] to U5/add0_syn_172.f[1].
TMR-2509 : Cut connection from U5/add0_syn_175.a[0] to U5/add0_syn_175.f[0].
TMR-2507 : Eliminate loop in the timing graph, delete 59 tedges.
TMR-2508 : Levelizing timing graph completed, there are 27 levels in total.
TMR-2501 : Timing graph initialized successfully.
OPT-1001 : End timing update;  0.208666s wall, 0.187500s user + 0.000000s system = 0.187500s CPU (89.9%)

OPT-1001 : 0 high-fanout net processed.
OPT-1001 : End high-fanout net optimization;  0.311922s wall, 0.265625s user + 0.000000s system = 0.265625s CPU (85.2%)

OPT-1001 : Current memory(MB): used = 138, reserve = 108, peak = 138.
OPT-1001 : Update timing in Manhattan mode
OPT-1001 : End timing update;  0.000316s wall, 0.000000s user + 0.000000s system = 0.000000s CPU (n/a%)

OPT-1001 : Start pin optimization...
OPT-1001 : skip pin optimization...
RUN-1001 : Generating global routing grids ...
PHY-1001 : Generate routing nets ...
PHY-1001 : Reuse net number 352/468.
PHY-1001 : Global iterations in 8 thread ...
PHY-1002 : len = 9720, over cnt = 0(0%), over = 0, worst = 0
PHY-1001 : End global iterations;  0.002698s wall, 0.000000s user + 0.000000s system = 0.000000s CPU (n/a%)

PHY-1001 : Congestion index: top1 = 15.54, top5 = 6.70, top10 = 3.54, top15 = 2.36.
OPT-1001 : Update timing in Manhattan mode
OPT-1001 : End timing update;  0.000542s wall, 0.000000s user + 0.000000s system = 0.000000s CPU (n/a%)

RUN-1001 : QoR Analysis:
OPT-0007 :   WNS 2147483647 TNS 0 NUM_FEPS 0
RUN-1001 :   No local congestion issue, and most congested 1% tile average routing util is 15.137931
RUN-1001 :   Top critical paths
OPT-1001 : End physical optimization;  0.362943s wall, 0.312500s user + 0.000000s system = 0.312500s CPU (86.1%)

RUN-1003 : finish command "place" in  2.133041s wall, 1.171875s user + 0.437500s system = 1.609375s CPU (75.4%)

RUN-1004 : used memory is 130 MB, reserved memory is 100 MB, peak memory is 138 MB
RUN-1002 : start command "export_db responder_place.db"
RUN-1001 : Exported /
RUN-1001 : Exported flow parameters
RUN-1001 : Exported libs
RUN-1001 : Exported entities
RUN-1001 : Exported ports
RUN-1001 : Exported pins
RUN-1001 : Exported instances
RUN-1001 : Exported nets
RUN-1001 : Exported buses
RUN-1001 : Exported models
RUN-1001 : Exported congestions
RUN-1001 : Exported violations
RUN-1001 : Exported IO constraints
RUN-1001 : Exported Inst constraints
RUN-1002 : start command "route"
RUN-1001 : Open license file C:/Anlogic/TD5.6.2/license/Anlogic.lic
RUN-1001 : Print Global Property
RUN-1001 : ---------------------------------------------------------------
RUN-1001 :        Parameters        |  Settings  |  Default Values  |  Note  
RUN-1001 : ---------------------------------------------------------------
RUN-1001 :          message         |  standard  |     standard     |        
RUN-1001 :   mixed_pack_place_flow  |     on     |        on        |        
RUN-1001 :        qor_monitor       |    off     |       off        |        
RUN-1001 :        syn_ip_flow       |    off     |       off        |        
RUN-1001 :          thread          |    auto    |       auto       |        
RUN-1001 : ---------------------------------------------------------------
RUN-1002 : start command "set_param route phy_sim_model on"
RUN-1001 : Print Route Property
RUN-1001 : -------------------------------------------------------
RUN-1001 :    Parameters    |  Settings  |  Default Values  |  Note  
RUN-1001 : -------------------------------------------------------
RUN-1001 :      effort      |   medium   |      medium      |        
RUN-1001 :     fix_hold     |    off     |       off        |        
RUN-1001 :    opt_timing    |   medium   |      medium      |        
RUN-1001 :   phy_sim_model  |     on     |       off        |   *    
RUN-1001 :     priority     |   timing   |      timing      |        
RUN-1001 :     swap_pin     |     on     |        on        |        
RUN-1001 : -------------------------------------------------------
PHY-1001 : Route runs in 8 thread(s)
RUN-1001 : There are total 197 instances
RUN-1001 : 79 mslices, 79 lslices, 33 pads, 0 brams, 0 dsps
RUN-1001 : There are total 468 nets
RUN-1001 : 246 nets have 2 pins
RUN-1001 : 183 nets have [3 - 5] pins
RUN-1001 : 28 nets have [6 - 10] pins
RUN-1001 : 7 nets have [11 - 20] pins
RUN-1001 : 2 nets have [21 - 99] pins
RUN-1001 : 2 nets have 100+ pins
RUN-1002 : start command "start_timer -report"
TMR-5001 WARNING: No sdc constraints found while initiating timer.
TMR-2505 : Start building timing graph for model responder.
TMR-2506 : Build timing graph completely. Port num: 11, tpin num: 1576, tnet num: 466, tinst num: 195, tnode num: 1977, tedge num: 2652.
TMR-2509 : Cut connection from U1/reg2_syn_78.d[0] to U1/reg2_syn_78.Q_q[0]_D.
TMR-2509 : Cut connection from U1/reg2_syn_80.d[0] to U1/reg2_syn_80.Q_q[0]_D.
TMR-2509 : Cut connection from U3/reg1_syn_42.d[0] to U3/reg1_syn_42.Q_q[0]_D.
TMR-2509 : Cut connection from U3/reg1_syn_40.d[0] to U3/reg1_syn_40.Q_q[0]_D.
TMR-2509 : Cut connection from Key_In[3]_syn_4.ce to Key_In[3]_syn_4.Q_ce_D.
TMR-2509 : Cut connection from Key_In[2]_syn_4.ce to Key_In[2]_syn_4.Q_ce_D.
TMR-2509 : Cut connection from Key_In[0]_syn_4.ce to Key_In[0]_syn_4.Q_ce_D.
TMR-2509 : Cut connection from Key_In[1]_syn_4.ce to Key_In[1]_syn_4.Q_ce_D.
TMR-2509 : Cut connection from U5/add0_syn_169.fci to U5/add0_syn_169.fco.
TMR-2509 : Cut connection from U5/add0_syn_169.a[1] to U5/add0_syn_169.fco.
TMR-2509 : Cut connection from U5/add0_syn_169.a[0] to U5/add0_syn_169.fco.
TMR-2509 : Cut connection from U5/add0_syn_172.a[0] to U5/add0_syn_172.f[0].
TMR-2509 : Cut connection from U5/cnt_b[16]_syn_39.d[1] to U5/cnt_b[16]_syn_39.f[1].
TMR-2509 : Cut connection from U5/cnt_b[16]_syn_39.b[1] to U5/cnt_b[16]_syn_39.f[1].
TMR-2509 : Cut connection from U5/cnt_b[16]_syn_39.c[1] to U5/cnt_b[16]_syn_39.f[1].
TMR-2509 : Cut connection from U5/cnt_b[16]_syn_35.b[0] to U5/cnt_b[16]_syn_35.f[0].
TMR-2509 : Cut connection from U5/cnt_b[16]_syn_35.c[0] to U5/cnt_b[16]_syn_35.f[0].
TMR-2509 : Cut connection from U5/cnt_b[16]_syn_35.a[0] to U5/cnt_b[16]_syn_35.f[0].
TMR-2509 : Cut connection from U5/cnt_b[18]_syn_9.c[0] to U5/cnt_b[18]_syn_9.f[0].
TMR-2509 : Cut connection from U5/cnt_b[16]_syn_41.b[1] to U5/cnt_b[16]_syn_41.f[1].
TMR-2509 : Cut connection from U5/cnt_b[16]_syn_41.c[1] to U5/cnt_b[16]_syn_41.f[1].
TMR-2509 : Cut connection from U5/cnt_b[16]_syn_41.d[1] to U5/cnt_b[16]_syn_41.f[1].
TMR-2509 : Cut connection from U5/add0_syn_195.fci to U5/add0_syn_195.f[0].
TMR-2509 : Cut connection from U5/cnt_b[18]_syn_9.c[1] to U5/cnt_b[18]_syn_9.f[1].
TMR-2509 : Cut connection from U5/add0_syn_193.fci to U5/add0_syn_193.f[1].
TMR-2509 : Cut connection from U5/add0_syn_193.a[0] to U5/add0_syn_193.f[1].
TMR-2509 : Cut connection from U5/add0_syn_193.fci to U5/add0_syn_193.fco.
TMR-2509 : Cut connection from U5/add0_syn_193.a[0] to U5/add0_syn_193.fco.
TMR-2509 : Cut connection from U5/cnt_b[16]_syn_41.c[0] to U5/cnt_b[16]_syn_41.f[0].
TMR-2509 : Cut connection from U5/add0_syn_193.fci to U5/add0_syn_193.f[0].
TMR-2509 : Cut connection from U5/cnt_b[14]_syn_9.c[1] to U5/cnt_b[14]_syn_9.f[1].
TMR-2509 : Cut connection from U5/cnt_b[16]_syn_37.a[1] to U5/cnt_b[16]_syn_37.f[1].
TMR-2509 : Cut connection from U5/cnt_b[16]_syn_37.c[1] to U5/cnt_b[16]_syn_37.f[1].
TMR-2509 : Cut connection from U5/cnt_b[16]_syn_37.d[1] to U5/cnt_b[16]_syn_37.f[1].
TMR-2509 : Cut connection from U5/add0_syn_187.fci to U5/add0_syn_187.f[1].
TMR-2509 : Cut connection from U5/add0_syn_187.a[0] to U5/add0_syn_187.f[1].
TMR-2509 : Cut connection from U5/add0_syn_187.fci to U5/add0_syn_187.fco.
TMR-2509 : Cut connection from U5/add0_syn_187.a[0] to U5/add0_syn_187.fco.
TMR-2509 : Cut connection from U5/add0_syn_190.a[0] to U5/add0_syn_190.f[0].
TMR-2509 : Cut connection from U5/add0_syn_190.a[1] to U5/add0_syn_190.f[1].
TMR-2509 : Cut connection from U5/cnt_b[16]_syn_39.c[0] to U5/cnt_b[16]_syn_39.f[0].
TMR-2509 : Cut connection from U5/cnt_b[16]_syn_32.a[1] to U5/cnt_b[16]_syn_32.fx[0].
TMR-2509 : Cut connection from U5/cnt_b[16]_syn_32.a[0] to U5/cnt_b[16]_syn_32.fx[0].
TMR-2509 : Cut connection from U5/cnt_b[16]_syn_32.b[0] to U5/cnt_b[16]_syn_32.fx[0].
TMR-2509 : Cut connection from U5/cnt_b[16]_syn_32.b[1] to U5/cnt_b[16]_syn_32.fx[0].
TMR-2509 : Cut connection from U5/cnt_b[16]_syn_32.d[0] to U5/cnt_b[16]_syn_32.fx[0].
TMR-2509 : Cut connection from U5/cnt_b[16]_syn_32.d[1] to U5/cnt_b[16]_syn_32.fx[0].
TMR-2509 : Cut connection from U5/cnt_b[16]_syn_32.mi[0] to U5/cnt_b[16]_syn_32.fx[0].
TMR-2509 : Cut connection from U5/add0_syn_175.fci to U5/add0_syn_175.f[1].
TMR-2509 : Cut connection from U5/add0_syn_175.a[0] to U5/add0_syn_175.f[1].
TMR-2509 : Cut connection from U5/add0_syn_175.fci to U5/add0_syn_175.fco.
TMR-2509 : Cut connection from U5/add0_syn_175.a[0] to U5/add0_syn_175.fco.
TMR-2509 : Cut connection from U5/add0_syn_178.a[0] to U5/add0_syn_178.f[0].
TMR-2509 : Cut connection from U5/add0_syn_178.a[1] to U5/add0_syn_178.f[1].
TMR-2509 : Cut connection from U5/add0_syn_181.a[0] to U5/add0_syn_181.f[0].
TMR-2509 : Cut connection from U5/cnt_b[16]_syn_35.a[1] to U5/cnt_b[16]_syn_35.f[1].
TMR-2509 : Cut connection from U5/cnt_b[16]_syn_35.b[1] to U5/cnt_b[16]_syn_35.f[1].
TMR-2509 : Cut connection from U5/add0_syn_181.a[1] to U5/add0_syn_181.f[1].
TMR-2509 : Cut connection from U5/add0_syn_184.a[0] to U5/add0_syn_184.f[0].
TMR-2509 : Cut connection from U5/add0_syn_184.a[1] to U5/add0_syn_184.f[1].
TMR-2509 : Cut connection from U5/add0_syn_187.a[0] to U5/add0_syn_187.f[0].
TMR-2509 : Cut connection from U5/cnt_b[0]_syn_9.c[0] to U5/cnt_b[0]_syn_9.f[0].
TMR-2509 : Cut connection from U5/add0_syn_169.a[0] to U5/add0_syn_169.f[0].
TMR-2509 : Cut connection from U5/add0_syn_169.a[1] to U5/add0_syn_169.f[1].
TMR-2509 : Cut connection from U5/add0_syn_172.a[1] to U5/add0_syn_172.f[1].
TMR-2509 : Cut connection from U5/add0_syn_175.a[0] to U5/add0_syn_175.f[0].
TMR-2507 : Eliminate loop in the timing graph, delete 66 tedges.
TMR-2508 : Levelizing timing graph completed, there are 33 levels in total.
TMR-2501 : Timing graph initialized successfully.
PHY-1001 : 79 mslices, 79 lslices, 33 pads, 0 brams, 0 dsps
TMR-2503 : Start to update net delay, extr mode = 3.
TMR-2504 : Update delay of 466 nets completely.
TMR-2502 : Annotate delay completely, extr mode = 3.
TMR-3002 : No user constraint, initiate default constraint.
TMR-1501 : Assign derive clock DeriveClock to 230 clock pins, and constraint 401 relative nodes.
TMR-3003 : Constraints initiated successfully.
TMR-3501 : Forward propagation: start to calculate arrival time...
TMR-3502 : Backward propagation: start to calculate required time...
TMR-3503 : Timing propagation completes.
PHY-1001 : Start global routing, caller is route ...
RUN-1001 : Generating global routing grids ...
PHY-1001 : Generate routing nets ...
PHY-1001 : Global iterations in 8 thread ...
PHY-1002 : len = 9096, over cnt = 21(0%), over = 38, worst = 4
PHY-1002 : len = 9336, over cnt = 15(0%), over = 19, worst = 3
PHY-1002 : len = 9504, over cnt = 3(0%), over = 3, worst = 1
PHY-1002 : len = 9552, over cnt = 0(0%), over = 0, worst = 0
PHY-1001 : End global iterations;  0.049790s wall, 0.015625s user + 0.000000s system = 0.015625s CPU (31.4%)

PHY-1001 : Congestion index: top1 = 15.65, top5 = 6.68, top10 = 3.47, top15 = 2.31.
PHY-1001 : End global routing;  0.096965s wall, 0.046875s user + 0.000000s system = 0.046875s CPU (48.3%)

PHY-1001 : Start detail routing ...
PHY-1001 : Current memory(MB): used = 151, reserve = 121, peak = 159.
PHY-1001 : Detailed router is running in normal mode.
PHY-1001 : Generate detailed routing grids ...
PHY-1001 : Processed IO instance DigitronCS_Out[3]_syn_2 with INV attribute.
PHY-1001 : Processed IO instance DigitronCS_Out[2]_syn_2 with INV attribute.
PHY-1001 : Processed IO instance DigitronCS_Out[1]_syn_2 with INV attribute.
PHY-1001 : Processed IO instance DigitronCS_Out[0]_syn_2 with INV attribute.
PHY-1001 : Generate nets ...
PHY-1001 : net CLK_dup_1 will be routed on clock mesh
PHY-1001 : clock net U2/CLK1_syn_4 will be merged with clock U2/CLK1
PHY-1001 : clock net U4/SingleNum_b_n4_syn_10 will be merged with clock U4/SingleNum_b_n4
PHY-1001 : clock net U4/W_DigitronCS_Out_n_syn_4 will be merged with clock U4/W_DigitronCS_Out_n
PHY-1001 : Current memory(MB): used = 422, reserve = 396, peak = 422.
PHY-1001 : End build detailed router design. 3.896974s wall, 3.421875s user + 0.046875s system = 3.468750s CPU (89.0%)

PHY-1001 : Detail Route ...
PHY-1001 : ===== Detail Route Phase 1 =====
PHY-1001 : Clock net routing.....
PHY-1001 : Routed 0% nets.
PHY-1022 : len = 12000, over cnt = 0(0%), over = 0, worst = 0, crit = 0
PHY-1001 : End initial clock net routed; 1.073587s wall, 0.968750s user + 0.000000s system = 0.968750s CPU (90.2%)

PHY-1001 : Current memory(MB): used = 451, reserve = 427, peak = 451.
PHY-1001 : End phase 1; 1.079206s wall, 0.968750s user + 0.000000s system = 0.968750s CPU (89.8%)

PHY-1001 : ===== Detail Route Phase 2 =====
PHY-1001 : Initial routing.....
PHY-1001 : Routed 30% nets.
PHY-1001 : Routed 36% nets.
PHY-1001 : Routed 51% nets.
PHY-1001 : Routed 60% nets.
PHY-1001 : Routed 82% nets.
PHY-1022 : len = 33752, over cnt = 10(0%), over = 10, worst = 1, crit = 0
PHY-1001 : Current memory(MB): used = 451, reserve = 427, peak = 451.
PHY-1001 : End initial routed; 0.251869s wall, 0.156250s user + 0.000000s system = 0.156250s CPU (62.0%)

PHY-1001 : Current memory(MB): used = 451, reserve = 427, peak = 451.
PHY-1001 : End phase 2; 0.251933s wall, 0.156250s user + 0.000000s system = 0.156250s CPU (62.0%)

PHY-1001 : ===== Detail Route Phase 3 =====
PHY-1001 : Ripup-reroute.....
PHY-1001 : ===== DR Iter 1 =====
PHY-1022 : len = 33808, over cnt = 1(0%), over = 1, worst = 1, crit = 0
PHY-1001 : End DR Iter 1; 0.013961s wall, 0.000000s user + 0.000000s system = 0.000000s CPU (n/a%)

PHY-1001 : ===== DR Iter 2 =====
PHY-1022 : len = 33816, over cnt = 0(0%), over = 0, worst = 0, crit = 0
PHY-1001 : End DR Iter 2; 0.012081s wall, 0.000000s user + 0.000000s system = 0.000000s CPU (n/a%)

PHY-1001 : Commit to database.....
PHY-1001 : 3 feed throughs used by 3 nets
PHY-1001 : End commit to database; 0.062363s wall, 0.062500s user + 0.000000s system = 0.062500s CPU (100.2%)

PHY-1001 : Current memory(MB): used = 461, reserve = 437, peak = 461.
PHY-1001 : End phase 3; 0.214687s wall, 0.187500s user + 0.000000s system = 0.187500s CPU (87.3%)

PHY-1003 : Routed, final wirelength = 33816
PHY-1001 : Current memory(MB): used = 461, reserve = 437, peak = 461.
PHY-1001 : End export database. 0.005392s wall, 0.000000s user + 0.000000s system = 0.000000s CPU (n/a%)

PHY-1001 : End detail routing;  5.661017s wall, 4.890625s user + 0.062500s system = 4.953125s CPU (87.5%)

RUN-1003 : finish command "route" in  6.039401s wall, 5.203125s user + 0.062500s system = 5.265625s CPU (87.2%)

RUN-1004 : used memory is 418 MB, reserved memory is 393 MB, peak memory is 461 MB
RUN-1002 : start command "report_area -io_info -file responder_phy.area"
RUN-1001 : standard
***Report Model: responder Device: EG4S20BG256***

IO Statistics
#IO                        33
  #input                    7
  #output                  26
  #inout                    0

Utilization Statistics
#lut                      288   out of  19600    1.47%
#reg                      158   out of  19600    0.81%
#le                       300
  #lut only               142   out of    300   47.33%
  #reg only                12   out of    300    4.00%
  #lut&reg                146   out of    300   48.67%
#dsp                        0   out of     29    0.00%
#bram                       0   out of     64    0.00%
  #bram9k                   0
  #fifo9k                   0
#bram32k                    0   out of     16    0.00%
#pad                       33   out of    188   17.55%
  #ireg                     4
  #oreg                    14
  #treg                     0
#pll                        0   out of      4    0.00%
#gclk                       3   out of     16   18.75%

Clock Resource Statistics
Index     ClockNet                 Type               DriverType         Driver                   Fanout
#1        CLK_dup_1                GCLK               io                 CLK_syn_2.di             102
#2        U2/CLK1                  GCLK               mslice             U2/CLK1_reg_syn_35.q0    7
#3        U4/W_DigitronCS_Out_n    GCLK               mslice             U4/reg2_syn_25.f1        7
#4        U4/SingleNum_b_n4        GCLK               mslice             U4/sel1_syn_114.f0       2


Detailed IO Report

        Name           Direction    Location    IOStandard    DriveStrength    PullType    PackReg  
         CLK             INPUT         R7        LVCMOS33          N/A          PULLUP      NONE    
      Key_In[3]          INPUT        F10        LVCMOS33          N/A          PULLUP      IREG    
      Key_In[2]          INPUT        C11        LVCMOS33          N/A          PULLUP      IREG    
      Key_In[1]          INPUT        D11        LVCMOS33          N/A          PULLUP      IREG    
      Key_In[0]          INPUT        E11        LVCMOS33          N/A          PULLUP      IREG    
        RSTn             INPUT         A9        LVCMOS33          N/A          PULLUP      NONE    
      Set_Time           INPUT        A10        LVCMOS33          N/A          PULLUP      NONE    
     Buzzer_Out         OUTPUT        H11        LVCMOS33           8            NONE       OREG    
  DigitronCS_Out[3]     OUTPUT         A3        LVCMOS33           8            NONE       OREG    
  DigitronCS_Out[2]     OUTPUT         A5        LVCMOS33           8            NONE       OREG    
  DigitronCS_Out[1]     OUTPUT         B6        LVCMOS33           8            NONE       OREG    
  DigitronCS_Out[0]     OUTPUT         C9        LVCMOS33           8            NONE       OREG    
   Digitron_Out[7]      OUTPUT         C8        LVCMOS33           8            NONE       NONE    
   Digitron_Out[6]      OUTPUT         A8        LVCMOS33           8            NONE       NONE    
   Digitron_Out[5]      OUTPUT         B5        LVCMOS33           8            NONE       NONE    
   Digitron_Out[4]      OUTPUT         A7        LVCMOS33           8            NONE       NONE    
   Digitron_Out[3]      OUTPUT         E8        LVCMOS33           8            NONE       NONE    
   Digitron_Out[2]      OUTPUT         B8        LVCMOS33           8            NONE       NONE    
   Digitron_Out[1]      OUTPUT         A6        LVCMOS33           8            NONE       NONE    
   Digitron_Out[0]      OUTPUT         A4        LVCMOS33           8            NONE       NONE    
     Key_Row[3]         OUTPUT        E10        LVCMOS33           8            NONE       NONE    
     Key_Row[2]         OUTPUT        C10        LVCMOS33           8            NONE       NONE    
     Key_Row[1]         OUTPUT         F9        LVCMOS33           8            NONE       NONE    
     Key_Row[0]         OUTPUT         D9        LVCMOS33           8            NONE       NONE    
     LED_Out[3]         OUTPUT         C2        LVCMOS33           8            NONE       OREG    
     LED_Out[2]         OUTPUT         C1        LVCMOS33           8            NONE       OREG    
     LED_Out[1]         OUTPUT         E4        LVCMOS33           8            NONE       OREG    
     LED_Out[0]         OUTPUT         D3        LVCMOS33           8            NONE       OREG    
  LED_OverTime_Out      OUTPUT        F16        LVCMOS33           8            NONE       OREG    
     LED_Run[3]         OUTPUT        C15        LVCMOS33           8            NONE       OREG    
     LED_Run[2]         OUTPUT        B16        LVCMOS33           8            NONE       OREG    
     LED_Run[1]         OUTPUT        B15        LVCMOS33           8            NONE       OREG    
     LED_Run[0]         OUTPUT        B14        LVCMOS33           8            NONE       OREG    

Report Hierarchy Area:
+-----------------------------------------------------------------------------------+
|Instance |Module              |le     |lut     |ripple  |seq     |bram    |dsp     |
+-----------------------------------------------------------------------------------+
|top      |responder           |300    |236     |52      |176     |0       |0       |
|  U1     |Sel_module          |64     |51      |7       |38      |0       |0       |
|  U2     |Timer_module        |55     |48      |7       |36      |0       |0       |
|  U3     |Buzzer_module       |39     |27      |6       |29      |0       |0       |
|  U4     |Digitron_NumDisplay |59     |50      |9       |28      |0       |0       |
|  U5     |key_filter          |37     |26      |11      |0       |0       |0       |
|  U6     |led8_module         |46     |34      |12      |27      |0       |0       |
+-----------------------------------------------------------------------------------+


DataNet Average Fanout:

   Index     Fanout    Nets  
    #1         1       213   
    #2         2       149   
    #3         3        24   
    #4         4        9    
    #5        5-10      26   
    #6       11-50      6    
    #7       51-100     1    
  Average     2.23           

RUN-1002 : start command "write_verilog simulation/responder_phy_sim.v"
HDL-1201 : write out verilog file simulation/responder_phy_sim.v
RUN-1002 : start command "export_db responder_pr.db"
RUN-1001 : Exported /
RUN-1001 : Exported flow parameters
RUN-1001 : Exported libs
RUN-1001 : Exported entities
RUN-1001 : Exported ports
RUN-1001 : Exported pins
RUN-1001 : Exported instances
RUN-1001 : Exported nets
RUN-1001 : Exported buses
RUN-1001 : Exported models
RUN-1001 : Exported congestions
RUN-1001 : Exported violations
RUN-1001 : Exported IO constraints
RUN-1001 : Exported Inst constraints
RUN-1002 : start command "start_timer"
TMR-5001 WARNING: No sdc constraints found while initiating timer.
TMR-2505 : Start building timing graph for model responder.
TMR-2506 : Build timing graph completely. Port num: 11, tpin num: 1576, tnet num: 466, tinst num: 195, tnode num: 1977, tedge num: 2652.
TMR-2509 : Cut connection from U1/reg2_syn_78.d[0] to U1/reg2_syn_78.Q_q[0]_D.
TMR-2509 : Cut connection from U1/reg2_syn_80.d[0] to U1/reg2_syn_80.Q_q[0]_D.
TMR-2509 : Cut connection from U3/reg1_syn_42.d[0] to U3/reg1_syn_42.Q_q[0]_D.
TMR-2509 : Cut connection from U3/reg1_syn_40.d[0] to U3/reg1_syn_40.Q_q[0]_D.
TMR-2509 : Cut connection from U5/add0_syn_181.fci to U5/add0_syn_181.f[0].
TMR-2509 : Cut connection from U5/add0_syn_181.a[0] to U5/add0_syn_181.f[0].
TMR-2509 : Cut connection from U5/cnt_b[16]_syn_37.d[0] to U5/cnt_b[16]_syn_37.f[0].
TMR-2509 : Cut connection from U5/cnt_b[16]_syn_35.a[1] to U5/cnt_b[16]_syn_35.f[1].
TMR-2509 : Cut connection from U5/cnt_b[16]_syn_35.b[1] to U5/cnt_b[16]_syn_35.f[1].
TMR-2509 : Cut connection from U5/cnt_b[16]_syn_35.d[1] to U5/cnt_b[16]_syn_35.f[1].
TMR-2509 : Cut connection from U5/cnt_b[16]_syn_32.c[0] to U5/cnt_b[16]_syn_32.fx[0].
TMR-2509 : Cut connection from U5/cnt_b[16]_syn_32.c[1] to U5/cnt_b[16]_syn_32.fx[0].
TMR-2509 : Cut connection from U5/cnt_b[16]_syn_32.b[0] to U5/cnt_b[16]_syn_32.fx[0].
TMR-2509 : Cut connection from U5/cnt_b[16]_syn_32.b[1] to U5/cnt_b[16]_syn_32.fx[0].
TMR-2509 : Cut connection from U5/cnt_b[16]_syn_32.d[0] to U5/cnt_b[16]_syn_32.fx[0].
TMR-2509 : Cut connection from U5/cnt_b[16]_syn_32.d[1] to U5/cnt_b[16]_syn_32.fx[0].
TMR-2509 : Cut connection from U5/cnt_b[16]_syn_32.mi[0] to U5/cnt_b[16]_syn_32.fx[0].
TMR-2509 : Cut connection from U5/cnt_b[16]_syn_35.b[0] to U5/cnt_b[16]_syn_35.f[0].
TMR-2509 : Cut connection from U5/cnt_b[16]_syn_35.c[0] to U5/cnt_b[16]_syn_35.f[0].
TMR-2509 : Cut connection from U5/cnt_b[16]_syn_35.d[0] to U5/cnt_b[16]_syn_35.f[0].
TMR-2509 : Cut connection from U5/cnt_b[18]_syn_9.c[0] to U5/cnt_b[18]_syn_9.f[0].
TMR-2509 : Cut connection from U5/cnt_b[16]_syn_41.b[1] to U5/cnt_b[16]_syn_41.f[1].
TMR-2509 : Cut connection from U5/cnt_b[16]_syn_41.c[1] to U5/cnt_b[16]_syn_41.f[1].
TMR-2509 : Cut connection from U5/cnt_b[16]_syn_41.d[1] to U5/cnt_b[16]_syn_41.f[1].
TMR-2509 : Cut connection from U5/add0_syn_195.fci to U5/add0_syn_195.f[0].
TMR-2509 : Cut connection from U5/cnt_b[18]_syn_9.c[1] to U5/cnt_b[18]_syn_9.f[1].
TMR-2509 : Cut connection from U5/add0_syn_193.fci to U5/add0_syn_193.f[1].
TMR-2509 : Cut connection from U5/add0_syn_193.a[0] to U5/add0_syn_193.f[1].
TMR-2509 : Cut connection from U5/add0_syn_193.fci to U5/add0_syn_193.fco.
TMR-2509 : Cut connection from U5/add0_syn_193.a[0] to U5/add0_syn_193.fco.
TMR-2509 : Cut connection from U5/cnt_b[16]_syn_41.c[0] to U5/cnt_b[16]_syn_41.f[0].
TMR-2509 : Cut connection from U5/add0_syn_193.fci to U5/add0_syn_193.f[0].
TMR-2509 : Cut connection from U5/cnt_b[14]_syn_9.c[1] to U5/cnt_b[14]_syn_9.f[1].
TMR-2509 : Cut connection from U5/cnt_b[16]_syn_37.a[1] to U5/cnt_b[16]_syn_37.f[1].
TMR-2509 : Cut connection from U5/cnt_b[16]_syn_37.c[1] to U5/cnt_b[16]_syn_37.f[1].
TMR-2509 : Cut connection from U5/cnt_b[16]_syn_37.d[1] to U5/cnt_b[16]_syn_37.f[1].
TMR-2509 : Cut connection from U5/add0_syn_187.fci to U5/add0_syn_187.f[1].
TMR-2509 : Cut connection from U5/add0_syn_187.a[0] to U5/add0_syn_187.f[1].
TMR-2509 : Cut connection from U5/add0_syn_187.fci to U5/add0_syn_187.fco.
TMR-2509 : Cut connection from U5/add0_syn_187.a[0] to U5/add0_syn_187.fco.
TMR-2509 : Cut connection from U5/add0_syn_190.a[0] to U5/add0_syn_190.f[0].
TMR-2509 : Cut connection from U5/add0_syn_190.a[1] to U5/add0_syn_190.f[1].
TMR-2509 : Cut connection from U5/cnt_b[16]_syn_39.c[0] to U5/cnt_b[16]_syn_39.f[0].
TMR-2509 : Cut connection from U5/add0_syn_175.fci to U5/add0_syn_175.f[1].
TMR-2509 : Cut connection from U5/add0_syn_175.a[0] to U5/add0_syn_175.f[1].
TMR-2509 : Cut connection from U5/add0_syn_175.fci to U5/add0_syn_175.fco.
TMR-2509 : Cut connection from U5/add0_syn_175.a[0] to U5/add0_syn_175.fco.
TMR-2509 : Cut connection from U5/add0_syn_178.a[0] to U5/add0_syn_178.f[0].
TMR-2509 : Cut connection from U5/add0_syn_178.a[1] to U5/add0_syn_178.f[1].
TMR-2509 : Cut connection from U5/add0_syn_181.a[1] to U5/add0_syn_181.f[1].
TMR-2509 : Cut connection from U5/add0_syn_184.a[0] to U5/add0_syn_184.f[0].
TMR-2509 : Cut connection from U5/add0_syn_184.a[1] to U5/add0_syn_184.f[1].
TMR-2509 : Cut connection from U5/add0_syn_187.a[0] to U5/add0_syn_187.f[0].
TMR-2509 : Cut connection from U5/cnt_b[0]_syn_9.c[0] to U5/cnt_b[0]_syn_9.f[0].
TMR-2509 : Cut connection from U5/add0_syn_169.a[0] to U5/add0_syn_169.f[0].
TMR-2509 : Cut connection from U5/cnt_b[16]_syn_39.a[1] to U5/cnt_b[16]_syn_39.f[1].
TMR-2509 : Cut connection from U5/cnt_b[16]_syn_39.b[1] to U5/cnt_b[16]_syn_39.f[1].
TMR-2509 : Cut connection from U5/add0_syn_169.a[1] to U5/add0_syn_169.f[1].
TMR-2509 : Cut connection from U5/add0_syn_172.a[0] to U5/add0_syn_172.f[0].
TMR-2509 : Cut connection from U5/add0_syn_172.a[1] to U5/add0_syn_172.f[1].
TMR-2509 : Cut connection from U5/add0_syn_175.a[0] to U5/add0_syn_175.f[0].
TMR-2507 : Eliminate loop in the timing graph, delete 61 tedges.
TMR-2508 : Levelizing timing graph completed, there are 31 levels in total.
TMR-2501 : Timing graph initialized successfully.
RUN-1002 : start command "report_timing -mode FINAL -net_info -rpt_autogen true -file responder_phy.timing -sdf simulation/responder.sdf"
TMR-2503 : Start to update net delay, extr mode = 6.
TMR-2504 : Update delay of 466 nets completely.
TMR-2502 : Annotate delay completely, extr mode = 6.
TMR-3002 : No user constraint, initiate default constraint.
TMR-1501 : Assign derive clock DeriveClock to 230 clock pins, and constraint 401 relative nodes.
TMR-3003 : Constraints initiated successfully.
TMR-3501 : Forward propagation: start to calculate arrival time...
TMR-3502 : Backward propagation: start to calculate required time...
TMR-3503 : Timing propagation completes.
TMR-3506 : Start to generate timing report.
TMR-1502 : Number of clock constraints = 0. Number of clock nets = 4 (4 unconstrainted).
TMR-5009 WARNING: No clock constraint on 4 clock net(s): 
		CLK_dup_1
		U2/CLK1_syn_4
		U4/SingleNum_b_n4_syn_10
		U4/W_DigitronCS_Out_n_syn_4
TMR-3508 : Export timing summary.
TMR-3507 : Timing report generated successfully in responder_phy.timing, timing summary in responder_phy.tsm.
TMR-1001 : Start to generate SDF file...
RUN-1002 : start command "write_verilog -sdf responder.sdf simulation/responder_phy_sim_sta.v"
HDL-1201 : write out verilog file simulation/responder_phy_sim_sta.v
RUN-1002 : start command "export_bid responder_inst.bid"
RUN-1002 : start command "bitgen -bit responder.bit -unused_io_status pulldown"
BIT-1003 : Start to generate bitstream. 
BIT-1002 : Bitgen processed 155 unused pads, reserve input tri_state with pulldown
BIT-1002 : Init instances with 8 threads.
BIT-1002 : Init instances completely, inst num: 350
BIT-1002 : Init pips with 8 threads.
BIT-1002 : Init pips completely, net num: 468, pip num: 3100
BIT-1002 : Init feedthrough completely, num: 3
BIT-1003 : Multithreading accelaration with 8 threads.
BIT-1003 : Generate bitstream completely, there are 596 valid insts, and 9810 bits set as '1'.
BIT-1004 : PLL setting string = 0000
BIT-1004 : Generate bits file responder.bit.
RUN-1003 : finish command "bitgen -bit responder.bit -unused_io_status pulldown" in  1.872718s wall, 3.500000s user + 0.015625s system = 3.515625s CPU (187.7%)

RUN-1004 : used memory is 433 MB, reserved memory is 408 MB, peak memory is 583 MB
RUN-1002 : start command "backup_run_log run.log ../.logs/phy_1/td_20240727_170133.log"
