============================================================
   Tang Dynasty, V5.6.71036
      Copyright (c) 2012-2023 Anlogic Inc.
   Executable = C:/Anlogic/TD5.6.2/bin/td.exe
   Built at =   20:34:38 Mar 21 2023
   Run by =     Timmy
   Run Date =   Sat Jul 27 20:06:59 2024

   Run on =     DESKTOP-A28VB3Q
============================================================
RUN-1002 : start command "open_project responder.prj"
RUN-1001 : Print Global Property
RUN-1001 : ---------------------------------------------------------------
RUN-1001 :        Parameters        |  Settings  |  Default Values  |  Note  
RUN-1001 : ---------------------------------------------------------------
RUN-1001 :          message         |  standard  |     standard     |        
RUN-1001 :   mixed_pack_place_flow  |     on     |        on        |        
RUN-1001 :        qor_monitor       |    off     |       off        |        
RUN-1001 :        syn_ip_flow       |    off     |       off        |        
RUN-1001 :          thread          |    auto    |       auto       |        
RUN-1001 : ---------------------------------------------------------------
RUN-1001 : Print Design Property
RUN-1001 : --------------------------------------------------------------
RUN-1001 :        Parameters       |  Settings  |  Default Values  |  Note  
RUN-1001 : --------------------------------------------------------------
RUN-1001 :   default_reg_initial   |    auto    |       auto       |        
RUN-1001 :        infer_add        |     on     |        on        |        
RUN-1001 :        infer_fsm        |    off     |       off        |        
RUN-1001 :        infer_mult       |     on     |        on        |        
RUN-1001 :        infer_ram        |     on     |        on        |        
RUN-1001 :        infer_reg        |     on     |        on        |        
RUN-1001 :   infer_reg_init_value  |     on     |        on        |        
RUN-1001 :        infer_rom        |     on     |        on        |        
RUN-1001 :      infer_shifter      |     on     |        on        |        
RUN-1001 : --------------------------------------------------------------
RUN-1001 : Print Rtl Property
RUN-1001 : --------------------------------------------------------------
RUN-1001 :        Parameters       |  Settings  |  Default Values  |  Note  
RUN-1001 : --------------------------------------------------------------
RUN-1001 :       compress_add      |   ripple   |      ripple      |        
RUN-1001 :        elf_sload        |    off     |       off        |        
RUN-1001 :       fix_undriven      |     0      |        0         |        
RUN-1001 :         flatten         |    off     |       off        |        
RUN-1001 :       gate_sharing      |     on     |        on        |        
RUN-1001 :    hdl_warning_level    |   normal   |      normal      |        
RUN-1001 :   impl_internal_tribuf  |     on     |        on        |        
RUN-1001 :      impl_set_reset     |     on     |        on        |        
RUN-1001 :        infer_gsr        |    off     |       off        |        
RUN-1001 :      keep_hierarchy     |    auto    |       auto       |        
RUN-1001 :        max_fanout       |    9999    |       9999       |        
RUN-1001 :      max_oh2bin_len     |     10     |        10        |        
RUN-1001 :       merge_equal       |     on     |        on        |        
RUN-1001 :       merge_equiv       |     on     |        on        |        
RUN-1001 :        merge_mux        |    off     |       off        |        
RUN-1001 :     min_control_set     |     8      |        8         |        
RUN-1001 :      min_ripple_len     |    auto    |       auto       |        
RUN-1001 :       oh2bin_ratio      |    0.08    |       0.08       |        
RUN-1001 :     opt_adder_fanout    |     on     |        on        |        
RUN-1001 :        opt_arith        |     on     |        on        |        
RUN-1001 :       opt_big_gate      |    off     |       off        |        
RUN-1001 :        opt_const        |     on     |        on        |        
RUN-1001 :      opt_const_mult     |     on     |        on        |        
RUN-1001 :       opt_lessthan      |     on     |        on        |        
RUN-1001 :         opt_mux         |    off     |       off        |        
RUN-1001 :         opt_ram         |    high    |       high       |        
RUN-1001 :      rtl_sim_model      |    off     |       off        |        
RUN-1001 :         seq_syn         |     on     |        on        |        
RUN-1001 : --------------------------------------------------------------
HDL-1007 : analyze verilog file ../../responder.v
HDL-1007 : analyze verilog file ../../Sel_module.v
HDL-1007 : analyze verilog file ../../Timer_module.v
HDL-1007 : analyze verilog file ../../Buzzer_module.v
HDL-1007 : analyze verilog file ../../Digitron_NumDisplay.v
HDL-1007 : analyze verilog file ../../key_filter.v
HDL-1007 : analyze verilog file ../../../../1 run_led/run_led/led8_module.v
HDL-1007 : analyze verilog file ../../countdown_module.v
RUN-1001 : Project manager successfully analyzed 8 source files.
RUN-1002 : start command "import_device eagle_s20.db -package EG4S20BG256"
ARC-1001 : Device Initialization.
ARC-1001 : ------------------------------------------------------------------
ARC-1001 :            OPTION            |          IO          |   SETTING   
ARC-1001 : ------------------------------------------------------------------
ARC-1001 :   cso_b/cclk/mosi/miso/dout  |  T3/R11/T10/P10/S11  |    gpio    
ARC-1001 :             done             |         P13          |    gpio    
ARC-1001 :           program_b          |          T2          |  dedicate  
ARC-1001 :        tdi/tms/tck/tdo       |   C12/A15/C14/E14    |  dedicate  
ARC-1001 : ------------------------------------------------------------------
ARC-1004 : Device setting, marked 5 dedicate IOs in total.
RUN-1002 : start command "import_db ../syn_1/responder_gate.db"
RUN-1001 : Importing database generated by Tang Dynasty, V5.6.71036.
RUN-1001 : Database version number 46146.
RUN-1001 : Import flow parameters
RUN-1001 : Import IO constraints
RUN-1001 : Import Inst constraints
RUN-1001 : Import design success TD_VERSION=5.6.71036 , DB_VERSION=46146
RUN-1002 : start command "place"
RUN-1001 : Open license file C:/Anlogic/TD5.6.2/license/Anlogic.lic
RUN-1001 : Print Global Property
RUN-1001 : ---------------------------------------------------------------
RUN-1001 :        Parameters        |  Settings  |  Default Values  |  Note  
RUN-1001 : ---------------------------------------------------------------
RUN-1001 :          message         |  standard  |     standard     |        
RUN-1001 :   mixed_pack_place_flow  |     on     |        on        |        
RUN-1001 :        qor_monitor       |    off     |       off        |        
RUN-1001 :        syn_ip_flow       |    off     |       off        |        
RUN-1001 :          thread          |    auto    |       auto       |        
RUN-1001 : ---------------------------------------------------------------
RUN-1001 : Print Place Property
RUN-1001 : --------------------------------------------------------------
RUN-1001 :        Parameters       |  Settings  |  Default Values  |  Note  
RUN-1001 : --------------------------------------------------------------
RUN-1001 :      detailed_place     |     on     |        on        |        
RUN-1001 :          effort         |   medium   |      medium      |        
RUN-1001 :         fix_hold        |    off     |       off        |        
RUN-1001 :       legalization      |    ori     |       ori        |        
RUN-1001 :      new_spreading      |     on     |        on        |        
RUN-1001 :        opt_timing       |   medium   |      medium      |        
RUN-1001 :   post_clock_route_opt  |    off     |       off        |        
RUN-1001 :       pr_strategy       |     1      |        1         |        
RUN-1001 :        relaxation       |    1.00    |       1.00       |        
RUN-1001 :         retiming        |    off     |       off        |        
RUN-1001 : --------------------------------------------------------------
PHY-3001 : Placer runs in 8 thread(s).
RUN-1002 : start command "legalize_phy_inst"
SYN-1011 : Flatten model responder
RUN-1002 : start command "phys_opt -simplify_lut"
SYN-4024 : Net "CLK_dup_1" drives clk pins.
SYN-4024 : Net "U2/CLK1" drives clk pins.
SYN-4024 : Net "U4/W_DigitronCS_Out_n" drives clk pins.
SYN-4024 : Net "U4/SingleNum_b_n4" drives clk pins.
SYN-4024 : Net "U7/temp_time_n" drives clk pins.
SYN-4024 : Net "Set_Time_dup_1" drives clk pins.
SYN-4025 : Tag rtl::Net CLK_dup_1 as clock net
SYN-4025 : Tag rtl::Net Set_Time_dup_1 as clock net
SYN-4025 : Tag rtl::Net U2/CLK1 as clock net
SYN-4025 : Tag rtl::Net U4/SingleNum_b_n4 as clock net
SYN-4025 : Tag rtl::Net U4/W_DigitronCS_Out_n as clock net
SYN-4025 : Tag rtl::Net U7/temp_time_n as clock net
SYN-4026 : Tagged 6 rtl::Net as clock net
SYN-4015 : Create BUFG instance for clk Net U2/CLK1 to drive 11 clock pins.
SYN-4015 : Create BUFG instance for clk Net U4/W_DigitronCS_Out_n to drive 8 clock pins.
SYN-4015 : Create BUFG instance for clk Net U4/SingleNum_b_n4 to drive 4 clock pins.
SYN-4015 : Create BUFG instance for clk Net U7/temp_time_n to drive 3 clock pins.
PHY-1001 : Populate physical database on model responder.
RUN-1001 : There are total 420 instances
RUN-0007 : 178 luts, 144 seqs, 35 mslices, 20 lslices, 35 pads, 0 brams, 1 dsps
RUN-1001 : There are total 562 nets
RUN-1001 : 326 nets have 2 pins
RUN-1001 : 195 nets have [3 - 5] pins
RUN-1001 : 29 nets have [6 - 10] pins
RUN-1001 : 6 nets have [11 - 20] pins
RUN-1001 : 4 nets have [21 - 99] pins
RUN-1001 : 2 nets have 100+ pins
RUN-1001 : Report Control nets information:
RUN-1001 : DFF Distribution
RUN-1001 : ----------------------------------
RUN-1001 :   CE   |  SSR  |  ASR  |  DFF Count  
RUN-1001 : ----------------------------------
RUN-1001 :   No   |  No   |  No   |     31      
RUN-1001 :   No   |  No   |  Yes  |     51      
RUN-1001 :   No   |  Yes  |  No   |     29      
RUN-1001 :   Yes  |  No   |  No   |      0      
RUN-1001 :   Yes  |  No   |  Yes  |     33      
RUN-1001 :   Yes  |  Yes  |  No   |      0      
RUN-1001 : ----------------------------------
RUN-0007 : Control Group Statistic
RUN-0007 : ---------------------------
RUN-0007 :   #CLK  |  #CE  |  #SSR/ASR  
RUN-0007 : ---------------------------
RUN-0007 :    7    |   3   |     5      
RUN-0007 : ---------------------------
RUN-0007 : Control Set = 12
PHY-3001 : Initial placement ...
PHY-3001 : design contains 418 instances, 178 luts, 144 seqs, 55 slices, 7 macros(55 instances: 35 mslices 20 lslices)
PHY-0007 : Cell area utilization is 1%
PHY-3001 : Global placement ...
PHY-3001 : Initial: Len = 142042
PHY-3001 : Clustering ...
PHY-3001 : Level 0 #clusters 418.
PHY-3001 : End clustering;  0.000012s wall, 0.000000s user + 0.000000s system = 0.000000s CPU (n/a%)

PHY-3001 : Run with size of 4
PHY-3001 : Cell area utilization is 1%
PHY-3001 : :::0::: Try harder cell spreading with beta_ = 0
PHY-3002 : Step(1): len = 86711.4, overlap = 2.25
PHY-3002 : Step(2): len = 59972.6, overlap = 2.25
PHY-3002 : Step(3): len = 42252.1, overlap = 2.25
PHY-3002 : Step(4): len = 32841.3, overlap = 0
PHY-3002 : Step(5): len = 27731.2, overlap = 0
PHY-3002 : Step(6): len = 26362.7, overlap = 0
PHY-3002 : Step(7): len = 23731.8, overlap = 0
PHY-3002 : Step(8): len = 22033.9, overlap = 2.25
PHY-3002 : Step(9): len = 21999.4, overlap = 0
PHY-3002 : Step(10): len = 19604.4, overlap = 0
PHY-3002 : Step(11): len = 18313.9, overlap = 0
PHY-3002 : Step(12): len = 17562.3, overlap = 0
PHY-3002 : Step(13): len = 16158.2, overlap = 2.25
PHY-3002 : Step(14): len = 16591, overlap = 2.25
PHY-3002 : Step(15): len = 16456.5, overlap = 0
PHY-3002 : Step(16): len = 15115.3, overlap = 0
PHY-3002 : Step(17): len = 14372.2, overlap = 0
PHY-3002 : Step(18): len = 14075.7, overlap = 2.25
PHY-3001 : :::1::: Try harder cell spreading with beta_ = 0.000601105
PHY-3002 : Step(19): len = 14048.6, overlap = 0
PHY-3002 : Step(20): len = 13086.3, overlap = 2.25
PHY-3002 : Step(21): len = 13256, overlap = 2.25
PHY-3002 : Step(22): len = 13360.1, overlap = 0
PHY-3002 : Step(23): len = 12980.5, overlap = 0
PHY-3002 : Step(24): len = 12869.6, overlap = 0
PHY-3002 : Step(25): len = 13006, overlap = 0
PHY-3002 : Step(26): len = 12863.8, overlap = 0
PHY-3002 : Step(27): len = 12143.8, overlap = 2.25
PHY-3002 : Step(28): len = 12128.7, overlap = 2.25
PHY-3002 : Step(29): len = 12420.7, overlap = 0
PHY-3002 : Step(30): len = 11608.3, overlap = 0
PHY-3002 : Step(31): len = 11496.2, overlap = 0
PHY-3002 : Step(32): len = 11485.2, overlap = 0
PHY-3002 : Step(33): len = 11814.1, overlap = 0
PHY-3002 : Step(34): len = 12040.8, overlap = 0
PHY-3002 : Step(35): len = 12013.2, overlap = 0
PHY-3002 : Step(36): len = 11518.7, overlap = 2.25
PHY-3002 : Step(37): len = 11397, overlap = 0
PHY-3002 : Step(38): len = 11467.3, overlap = 0
PHY-3002 : Step(39): len = 11260.7, overlap = 0
PHY-3002 : Step(40): len = 11257.9, overlap = 0
PHY-3002 : Step(41): len = 11419.1, overlap = 0
PHY-3002 : Step(42): len = 11549.4, overlap = 0
PHY-3002 : Step(43): len = 11004.3, overlap = 0
PHY-3002 : Step(44): len = 11072.8, overlap = 0
PHY-3002 : Step(45): len = 11177.1, overlap = 0
PHY-3001 : Legalization ...
PHY-3001 : End legalization;  0.007023s wall, 0.000000s user + 0.000000s system = 0.000000s CPU (n/a%)

PHY-3001 : Run with size of 4
PHY-3001 : Cell area utilization is 1%
PHY-3001 : :::0::: Try harder cell spreading with beta_ = 0
PHY-3002 : Step(46): len = 10825.1, overlap = 0
PHY-3002 : Step(47): len = 10906.1, overlap = 0
PHY-3002 : Step(48): len = 10966.2, overlap = 0
PHY-3001 : Run with size of 2
PHY-3001 : Cell area utilization is 1%
PHY-3001 : :::0::: Try harder cell spreading with beta_ = 0
PHY-3002 : Step(49): len = 10765.4, overlap = 1.125
PHY-3002 : Step(50): len = 10872.1, overlap = 1.4375
PHY-3002 : Step(51): len = 10911.1, overlap = 1.4375
OPT-1001 : Start physical optimization ...
OPT-1001 : Total overflow 19.97 peak overflow 1.69
OPT-1001 : Start high-fanout net optimization ...
OPT-1001 : Update timing in global mode
PHY-1001 : Start incremental global routing, caller is place ...
RUN-1001 : Generating global routing grids ...
RUN-1001 : Building simple global routing graph ...
PHY-1001 : Generate routing nets ...
PHY-1001 : Reuse net number 0/562.
PHY-1001 : Global iterations in 8 thread ...
PHY-1002 : len = 11864, over cnt = 17(0%), over = 51, worst = 6
PHY-1001 : End global iterations;  0.025339s wall, 0.000000s user + 0.000000s system = 0.000000s CPU (n/a%)

PHY-1001 : Congestion index: top1 = 11.44, top5 = 5.63, top10 = 3.40, top15 = 2.27.
PHY-1001 : End incremental global routing;  0.078648s wall, 0.000000s user + 0.000000s system = 0.000000s CPU (n/a%)

RUN-1002 : start command "start_timer -report"
TMR-5001 WARNING: No sdc constraints found while initiating timer.
TMR-2505 : Start building timing graph for model responder.
TMR-2506 : Build timing graph completely. Port num: 13, tpin num: 1898, tnet num: 560, tinst num: 418, tnode num: 2465, tedge num: 3047.
TMR-2508 : Levelizing timing graph completed, there are 29 levels in total.
TMR-2501 : Timing graph initialized successfully.
OPT-1001 : End timing update;  0.274810s wall, 0.187500s user + 0.000000s system = 0.187500s CPU (68.2%)

OPT-1001 : 0 high-fanout net processed.
OPT-1001 : End high-fanout net optimization;  0.359056s wall, 0.187500s user + 0.000000s system = 0.187500s CPU (52.2%)

OPT-1001 : Current memory(MB): used = 138, reserve = 109, peak = 138.
OPT-1001 : End physical optimization;  0.364523s wall, 0.187500s user + 0.000000s system = 0.187500s CPU (51.4%)

PHY-3001 : Start packing ...
SYN-4007 : Packing 0 MUX to BLE ...
SYN-4008 : Packed 0 MUX and 0 SEQ to BLE.
SYN-4007 : Packing 178 LUT to BLE ...
SYN-4008 : Packed 178 LUT and 80 SEQ to BLE.
SYN-4003 : Packing 64 remaining SEQ's ...
SYN-4005 : Packed 44 SEQ with LUT/SLICE
SYN-4006 : 60 single LUT's are left
SYN-4006 : 20 single SEQ's are left
SYN-4011 : Packing model "responder" (AL_USER_NORMAL) with 198/296 primitive instances ...
PHY-3001 : End packing;  0.012551s wall, 0.015625s user + 0.000000s system = 0.015625s CPU (124.5%)

PHY-1001 : Populate physical database on model responder.
RUN-1001 : There are total 209 instances
RUN-1001 : 83 mslices, 83 lslices, 35 pads, 0 brams, 1 dsps
RUN-1001 : There are total 491 nets
RUN-1001 : 259 nets have 2 pins
RUN-1001 : 191 nets have [3 - 5] pins
RUN-1001 : 30 nets have [6 - 10] pins
RUN-1001 : 7 nets have [11 - 20] pins
RUN-1001 : 2 nets have [21 - 99] pins
RUN-1001 : 2 nets have 100+ pins
PHY-3001 : design contains 207 instances, 166 slices, 7 macros(55 instances: 35 mslices 20 lslices)
PHY-3001 : Cell area utilization is 2%
PHY-3001 : After packing: Len = 11395, Over = 5
PHY-3001 : Run with size of 2
PHY-3001 : Cell area utilization is 2%
PHY-3001 : :::0::: Try harder cell spreading with beta_ = 0.00123156
PHY-3002 : Step(52): len = 11048.9, overlap = 4.75
PHY-3002 : Step(53): len = 10990.3, overlap = 4.25
PHY-3002 : Step(54): len = 10852.4, overlap = 5.75
PHY-3002 : Step(55): len = 10638.6, overlap = 5.75
PHY-3002 : Step(56): len = 10693.5, overlap = 5.25
PHY-3002 : Step(57): len = 10769.7, overlap = 4.75
PHY-3002 : Step(58): len = 10768.2, overlap = 4.75
PHY-3002 : Step(59): len = 10392.6, overlap = 4.25
PHY-3002 : Step(60): len = 10293.6, overlap = 6
PHY-3002 : Step(61): len = 10294, overlap = 7.25
PHY-3002 : Step(62): len = 10147.9, overlap = 6.25
PHY-3002 : Step(63): len = 10170.2, overlap = 5.5
PHY-3002 : Step(64): len = 9994.1, overlap = 6.75
PHY-3002 : Step(65): len = 9921.6, overlap = 5.75
PHY-3002 : Step(66): len = 10004.6, overlap = 5.5
PHY-3002 : Step(67): len = 9952.6, overlap = 6
PHY-3002 : Step(68): len = 9909.7, overlap = 7
PHY-3002 : Step(69): len = 9634.5, overlap = 6.5
PHY-3002 : Step(70): len = 9644, overlap = 5.75
PHY-3002 : Step(71): len = 9376.5, overlap = 7.5
PHY-3002 : Step(72): len = 9323.8, overlap = 8.5
PHY-3002 : Step(73): len = 9126.3, overlap = 8
PHY-3002 : Step(74): len = 9140.9, overlap = 7.75
PHY-3002 : Step(75): len = 9032.2, overlap = 7.5
PHY-3002 : Step(76): len = 8765.6, overlap = 7.75
PHY-3002 : Step(77): len = 8647.3, overlap = 6.5
PHY-3002 : Step(78): len = 8465.4, overlap = 6.25
PHY-3002 : Step(79): len = 8462.8, overlap = 6
PHY-3002 : Step(80): len = 8359.9, overlap = 6.75
PHY-3002 : Step(81): len = 8413.6, overlap = 7.5
PHY-3002 : Step(82): len = 8250.5, overlap = 6.75
PHY-3002 : Step(83): len = 8245.1, overlap = 8
PHY-3002 : Step(84): len = 8278.6, overlap = 8
PHY-3002 : Step(85): len = 8085.2, overlap = 7.75
PHY-3002 : Step(86): len = 8055.3, overlap = 7.25
PHY-3002 : Step(87): len = 7913.1, overlap = 6.25
PHY-3002 : Step(88): len = 7731.7, overlap = 6
PHY-3002 : Step(89): len = 7702.8, overlap = 5.25
PHY-3002 : Step(90): len = 7615.3, overlap = 5.25
PHY-3001 : :::1::: Try harder cell spreading with beta_ = 0.00246313
PHY-3002 : Step(91): len = 7488.6, overlap = 5.5
PHY-3002 : Step(92): len = 7453.4, overlap = 4.75
PHY-3001 : Legalization ...
PHY-3001 : End legalization;  0.048282s wall, 0.031250s user + 0.015625s system = 0.046875s CPU (97.1%)

PHY-3001 : Trial Legalized: Len = 11113
PHY-3001 : Run with size of 2
PHY-3001 : Cell area utilization is 2%
PHY-3001 : :::0::: Try harder cell spreading with beta_ = 0
PHY-3002 : Step(93): len = 8968.1, overlap = 1.5
PHY-3002 : Step(94): len = 8150.2, overlap = 4.5
PHY-3002 : Step(95): len = 7614.6, overlap = 4.5
PHY-3002 : Step(96): len = 7593.1, overlap = 4.5
PHY-3002 : Step(97): len = 7621.8, overlap = 4.25
PHY-3002 : Step(98): len = 7599.6, overlap = 4.25
PHY-3002 : Step(99): len = 7469, overlap = 4.25
PHY-3002 : Step(100): len = 7469, overlap = 4.25
PHY-3002 : Step(101): len = 7444.7, overlap = 4.25
PHY-3001 : Legalization ...
PHY-3001 : End legalization;  0.007457s wall, 0.000000s user + 0.000000s system = 0.000000s CPU (n/a%)

PHY-3001 : Legalized: Len = 9569.8, Over = 0
PHY-3001 : Spreading special nets. 1 overflows in 2952 tiles.
PHY-3001 : End spreading;  0.002826s wall, 0.000000s user + 0.000000s system = 0.000000s CPU (n/a%)

PHY-3001 : 1 instances has been re-located, deltaX = 0, deltaY = 1, maxDist = 1.
PHY-3001 : Final: Len = 9581.8, Over = 0
OPT-1001 : Start physical optimization ...
OPT-1001 : Total overflow 0.00 peak overflow 0.00
OPT-1001 : Start high-fanout net optimization ...
OPT-1001 : Update timing in global mode
PHY-1001 : Start incremental global routing, caller is place ...
RUN-1001 : Generating global routing grids ...
PHY-1001 : Generate routing nets ...
PHY-1001 : Reuse net number 3/491.
PHY-1001 : Global iterations in 8 thread ...
PHY-1002 : len = 10392, over cnt = 30(0%), over = 50, worst = 5
PHY-1002 : len = 10608, over cnt = 14(0%), over = 24, worst = 4
PHY-1002 : len = 10888, over cnt = 5(0%), over = 6, worst = 2
PHY-1002 : len = 10968, over cnt = 0(0%), over = 0, worst = 0
PHY-1001 : End global iterations;  0.053788s wall, 0.031250s user + 0.015625s system = 0.046875s CPU (87.1%)

PHY-1001 : Congestion index: top1 = 16.12, top5 = 7.01, top10 = 3.82, top15 = 2.55.
PHY-1001 : End incremental global routing;  0.108689s wall, 0.062500s user + 0.015625s system = 0.078125s CPU (71.9%)

RUN-1002 : start command "start_timer -report"
TMR-5001 WARNING: No sdc constraints found while initiating timer.
TMR-2505 : Start building timing graph for model responder.
TMR-2506 : Build timing graph completely. Port num: 13, tpin num: 1653, tnet num: 489, tinst num: 207, tnode num: 2110, tedge num: 2774.
TMR-2508 : Levelizing timing graph completed, there are 27 levels in total.
TMR-2501 : Timing graph initialized successfully.
OPT-1001 : End timing update;  0.234319s wall, 0.187500s user + 0.000000s system = 0.187500s CPU (80.0%)

OPT-1001 : 0 high-fanout net processed.
OPT-1001 : End high-fanout net optimization;  0.348114s wall, 0.250000s user + 0.015625s system = 0.265625s CPU (76.3%)

OPT-1001 : Current memory(MB): used = 139, reserve = 110, peak = 139.
OPT-1001 : Update timing in Manhattan mode
OPT-1001 : End timing update;  0.000305s wall, 0.000000s user + 0.000000s system = 0.000000s CPU (n/a%)

OPT-1001 : Start pin optimization...
OPT-1001 : skip pin optimization...
RUN-1001 : Generating global routing grids ...
PHY-1001 : Generate routing nets ...
PHY-1001 : Reuse net number 372/491.
PHY-1001 : Global iterations in 8 thread ...
PHY-1002 : len = 10968, over cnt = 0(0%), over = 0, worst = 0
PHY-1001 : End global iterations;  0.001871s wall, 0.000000s user + 0.000000s system = 0.000000s CPU (n/a%)

PHY-1001 : Congestion index: top1 = 16.12, top5 = 7.01, top10 = 3.82, top15 = 2.55.
OPT-1001 : Update timing in Manhattan mode
OPT-1001 : End timing update;  0.000633s wall, 0.000000s user + 0.000000s system = 0.000000s CPU (n/a%)

RUN-1001 : QoR Analysis:
OPT-0007 :   WNS 2147483647 TNS 0 NUM_FEPS 0
RUN-1001 :   No local congestion issue, and most congested 1% tile average routing util is 15.758621
RUN-1001 :   Top critical paths
OPT-1001 : End physical optimization;  0.403996s wall, 0.312500s user + 0.015625s system = 0.328125s CPU (81.2%)

RUN-1003 : finish command "place" in  2.504748s wall, 1.390625s user + 0.609375s system = 2.000000s CPU (79.8%)

RUN-1004 : used memory is 130 MB, reserved memory is 102 MB, peak memory is 140 MB
RUN-1002 : start command "export_db responder_place.db"
RUN-1001 : Exported /
RUN-1001 : Exported flow parameters
RUN-1001 : Exported libs
RUN-1001 : Exported entities
RUN-1001 : Exported ports
RUN-1001 : Exported pins
RUN-1001 : Exported instances
RUN-1001 : Exported nets
RUN-1001 : Exported buses
RUN-1001 : Exported models
RUN-1001 : Exported congestions
RUN-1001 : Exported violations
RUN-1001 : Exported IO constraints
RUN-1001 : Exported Inst constraints
RUN-1002 : start command "route"
RUN-1001 : Open license file C:/Anlogic/TD5.6.2/license/Anlogic.lic
RUN-1001 : Print Global Property
RUN-1001 : ---------------------------------------------------------------
RUN-1001 :        Parameters        |  Settings  |  Default Values  |  Note  
RUN-1001 : ---------------------------------------------------------------
RUN-1001 :          message         |  standard  |     standard     |        
RUN-1001 :   mixed_pack_place_flow  |     on     |        on        |        
RUN-1001 :        qor_monitor       |    off     |       off        |        
RUN-1001 :        syn_ip_flow       |    off     |       off        |        
RUN-1001 :          thread          |    auto    |       auto       |        
RUN-1001 : ---------------------------------------------------------------
RUN-1002 : start command "set_param route phy_sim_model on"
RUN-1001 : Print Route Property
RUN-1001 : -------------------------------------------------------
RUN-1001 :    Parameters    |  Settings  |  Default Values  |  Note  
RUN-1001 : -------------------------------------------------------
RUN-1001 :      effort      |   medium   |      medium      |        
RUN-1001 :     fix_hold     |    off     |       off        |        
RUN-1001 :    opt_timing    |   medium   |      medium      |        
RUN-1001 :   phy_sim_model  |     on     |       off        |   *    
RUN-1001 :     priority     |   timing   |      timing      |        
RUN-1001 :     swap_pin     |     on     |        on        |        
RUN-1001 : -------------------------------------------------------
PHY-1001 : Route runs in 8 thread(s)
RUN-1001 : There are total 209 instances
RUN-1001 : 83 mslices, 83 lslices, 35 pads, 0 brams, 1 dsps
RUN-1001 : There are total 491 nets
RUN-1001 : 259 nets have 2 pins
RUN-1001 : 191 nets have [3 - 5] pins
RUN-1001 : 30 nets have [6 - 10] pins
RUN-1001 : 7 nets have [11 - 20] pins
RUN-1001 : 2 nets have [21 - 99] pins
RUN-1001 : 2 nets have 100+ pins
RUN-1002 : start command "start_timer -report"
TMR-5001 WARNING: No sdc constraints found while initiating timer.
TMR-2505 : Start building timing graph for model responder.
TMR-2506 : Build timing graph completely. Port num: 13, tpin num: 1653, tnet num: 489, tinst num: 207, tnode num: 2110, tedge num: 2774.
TMR-2508 : Levelizing timing graph completed, there are 27 levels in total.
TMR-2501 : Timing graph initialized successfully.
PHY-1001 : 83 mslices, 83 lslices, 35 pads, 0 brams, 1 dsps
TMR-2503 : Start to update net delay, extr mode = 3.
TMR-2504 : Update delay of 489 nets completely.
TMR-2502 : Annotate delay completely, extr mode = 3.
TMR-3002 : No user constraint, initiate default constraint.
TMR-1501 : Assign derive clock DeriveClock to 274 clock pins, and constraint 457 relative nodes.
TMR-3003 : Constraints initiated successfully.
TMR-3501 : Forward propagation: start to calculate arrival time...
TMR-3502 : Backward propagation: start to calculate required time...
TMR-3503 : Timing propagation completes.
PHY-1001 : Start global routing, caller is route ...
RUN-1001 : Generating global routing grids ...
PHY-1001 : Generate routing nets ...
PHY-1001 : Global iterations in 8 thread ...
PHY-1002 : len = 10352, over cnt = 29(0%), over = 48, worst = 5
PHY-1002 : len = 10552, over cnt = 13(0%), over = 23, worst = 4
PHY-1002 : len = 10912, over cnt = 0(0%), over = 0, worst = 0
PHY-1001 : End global iterations;  0.052115s wall, 0.015625s user + 0.000000s system = 0.015625s CPU (30.0%)

PHY-1001 : Congestion index: top1 = 16.19, top5 = 7.03, top10 = 3.80, top15 = 2.53.
PHY-1001 : End global routing;  0.101801s wall, 0.046875s user + 0.015625s system = 0.062500s CPU (61.4%)

PHY-1001 : Start detail routing ...
PHY-1001 : Current memory(MB): used = 158, reserve = 129, peak = 160.
PHY-1001 : Detailed router is running in normal mode.
PHY-1001 : Generate detailed routing grids ...
PHY-1001 : Processed IO instance Add_Time_syn_2 with INV attribute.
PHY-1001 : Processed IO instance DigitronCS_Out[3]_syn_2 with INV attribute.
PHY-1001 : Processed IO instance DigitronCS_Out[2]_syn_2 with INV attribute.
PHY-1001 : Processed IO instance DigitronCS_Out[1]_syn_2 with INV attribute.
PHY-1001 : Processed IO instance DigitronCS_Out[0]_syn_2 with INV attribute.
PHY-1001 : Generate nets ...
PHY-1001 : net CLK_dup_1 will be routed on clock mesh
PHY-1001 : net Set_Time_dup_1 will be routed on clock mesh
PHY-1001 : clock net U7/temp_time_n_syn_3 will be merged with clock U7/temp_time_n
PHY-1001 : clock net U2/CLK1_syn_4 will be merged with clock U2/CLK1
PHY-1001 : clock net U4/SingleNum_b_n4_syn_10 will be merged with clock U4/SingleNum_b_n4
PHY-1001 : clock net U4/W_DigitronCS_Out_n_syn_4 will be merged with clock U4/W_DigitronCS_Out_n
PHY-1001 : Current memory(MB): used = 422, reserve = 397, peak = 422.
PHY-1001 : End build detailed router design. 3.822849s wall, 3.171875s user + 0.062500s system = 3.234375s CPU (84.6%)

PHY-1001 : Detail Route ...
PHY-1001 : ===== Detail Route Phase 1 =====
PHY-1001 : Clock net routing.....
PHY-1001 : Routed 1% nets.
PHY-1022 : len = 15088, over cnt = 0(0%), over = 0, worst = 0, crit = 0
PHY-1001 : End initial clock net routed; 1.612710s wall, 1.437500s user + 0.000000s system = 1.437500s CPU (89.1%)

PHY-1001 : Current memory(MB): used = 453, reserve = 430, peak = 453.
PHY-1001 : End phase 1; 1.618007s wall, 1.453125s user + 0.000000s system = 1.453125s CPU (89.8%)

PHY-1001 : ===== Detail Route Phase 2 =====
PHY-1001 : Initial routing.....
PHY-1001 : Routed 34% nets.
PHY-1001 : Routed 38% nets.
PHY-1001 : Routed 50% nets.
PHY-1001 : Routed 64% nets.
PHY-1001 : Routed 81% nets.
PHY-1022 : len = 39712, over cnt = 9(0%), over = 9, worst = 1, crit = 0
PHY-1001 : Current memory(MB): used = 454, reserve = 430, peak = 454.
PHY-1001 : End initial routed; 0.269436s wall, 0.265625s user + 0.000000s system = 0.265625s CPU (98.6%)

PHY-1001 : Current memory(MB): used = 454, reserve = 430, peak = 454.
PHY-1001 : End phase 2; 0.269491s wall, 0.265625s user + 0.000000s system = 0.265625s CPU (98.6%)

PHY-1001 : ===== Detail Route Phase 3 =====
PHY-1001 : Ripup-reroute.....
PHY-1001 : ===== DR Iter 1 =====
PHY-1022 : len = 39744, over cnt = 1(0%), over = 1, worst = 1, crit = 0
PHY-1001 : End DR Iter 1; 0.012746s wall, 0.000000s user + 0.000000s system = 0.000000s CPU (n/a%)

PHY-1001 : ===== DR Iter 2 =====
PHY-1022 : len = 39760, over cnt = 0(0%), over = 0, worst = 0, crit = 0
PHY-1001 : End DR Iter 2; 0.013667s wall, 0.015625s user + 0.000000s system = 0.015625s CPU (114.3%)

PHY-1001 : Commit to database.....
PHY-1001 : 0 feed throughs used by 0 nets
PHY-1001 : End commit to database; 0.068080s wall, 0.062500s user + 0.000000s system = 0.062500s CPU (91.8%)

PHY-1001 : Current memory(MB): used = 463, reserve = 439, peak = 463.
PHY-1001 : End phase 3; 0.225308s wall, 0.171875s user + 0.000000s system = 0.171875s CPU (76.3%)

PHY-1003 : Routed, final wirelength = 39760
PHY-1001 : Current memory(MB): used = 464, reserve = 439, peak = 464.
PHY-1001 : End export database. 0.005494s wall, 0.000000s user + 0.000000s system = 0.000000s CPU (n/a%)

PHY-1001 : End detail routing;  6.151198s wall, 5.234375s user + 0.078125s system = 5.312500s CPU (86.4%)

RUN-1003 : finish command "route" in  6.549601s wall, 5.546875s user + 0.093750s system = 5.640625s CPU (86.1%)

RUN-1004 : used memory is 420 MB, reserved memory is 395 MB, peak memory is 464 MB
RUN-1002 : start command "report_area -io_info -file responder_phy.area"
RUN-1001 : standard
***Report Model: responder Device: EG4S20BG256***

IO Statistics
#IO                        35
  #input                    9
  #output                  26
  #inout                    0

Utilization Statistics
#lut                      292   out of  19600    1.49%
#reg                      184   out of  19600    0.94%
#le                       312
  #lut only               128   out of    312   41.03%
  #reg only                20   out of    312    6.41%
  #lut&reg                164   out of    312   52.56%
#dsp                        1   out of     29    3.45%
#bram                       0   out of     64    0.00%
  #bram9k                   0
  #fifo9k                   0
#bram32k                    0   out of     16    0.00%
#pad                       35   out of    188   18.62%
  #ireg                     5
  #oreg                    14
  #treg                     0
#pll                        0   out of      4    0.00%
#gclk                       4   out of     16   25.00%

Clock Resource Statistics
Index     ClockNet                 Type               DriverType         Driver                     Fanout
#1        CLK_dup_1                GCLK               io                 CLK_syn_2.di               118
#2        U2/CLK1                  GCLK               mslice             U2/CLK1_reg_syn_38.q0      8
#3        U4/W_DigitronCS_Out_n    GCLK               mslice             U4/reg2_syn_28.f1          7
#4        Set_Time_dup_1           GCLK               io                 Set_Time_syn_2.di          4
#5        U7/temp_time_n           GCLK               lslice             U7/temp_time_n_syn_7.f0    3
#6        U4/SingleNum_b_n4        GCLK               mslice             U4/reg1_syn_77.f1          2


Detailed IO Report

        Name           Direction    Location    IOStandard    DriveStrength    PullType    PackReg  
      Add_Time           INPUT        B10        LVCMOS33          N/A          PULLUP      IREG    
         CLK             INPUT         R7        LVCMOS33          N/A          PULLUP      NONE    
      Key_In[3]          INPUT        F10        LVCMOS33          N/A          PULLUP      IREG    
      Key_In[2]          INPUT        C11        LVCMOS33          N/A          PULLUP      IREG    
      Key_In[1]          INPUT        D11        LVCMOS33          N/A          PULLUP      IREG    
      Key_In[0]          INPUT        E11        LVCMOS33          N/A          PULLUP      IREG    
     Minus_Time          INPUT        A11        LVCMOS33          N/A          PULLUP      NONE    
        RSTn             INPUT         A9        LVCMOS33          N/A          PULLUP      NONE    
      Set_Time           INPUT        A10        LVCMOS33          N/A          PULLUP      NONE    
     Buzzer_Out         OUTPUT        H11        LVCMOS33           8            NONE       OREG    
  DigitronCS_Out[3]     OUTPUT         A3        LVCMOS33           8            NONE       OREG    
  DigitronCS_Out[2]     OUTPUT         A5        LVCMOS33           8            NONE       OREG    
  DigitronCS_Out[1]     OUTPUT         B6        LVCMOS33           8            NONE       OREG    
  DigitronCS_Out[0]     OUTPUT         C9        LVCMOS33           8            NONE       OREG    
   Digitron_Out[7]      OUTPUT         C8        LVCMOS33           8            NONE       NONE    
   Digitron_Out[6]      OUTPUT         A8        LVCMOS33           8            NONE       NONE    
   Digitron_Out[5]      OUTPUT         B5        LVCMOS33           8            NONE       NONE    
   Digitron_Out[4]      OUTPUT         A7        LVCMOS33           8            NONE       NONE    
   Digitron_Out[3]      OUTPUT         E8        LVCMOS33           8            NONE       NONE    
   Digitron_Out[2]      OUTPUT         B8        LVCMOS33           8            NONE       NONE    
   Digitron_Out[1]      OUTPUT         A6        LVCMOS33           8            NONE       NONE    
   Digitron_Out[0]      OUTPUT         A4        LVCMOS33           8            NONE       NONE    
     Key_Row[3]         OUTPUT        E10        LVCMOS33           8            NONE       NONE    
     Key_Row[2]         OUTPUT        C10        LVCMOS33           8            NONE       NONE    
     Key_Row[1]         OUTPUT         F9        LVCMOS33           8            NONE       NONE    
     Key_Row[0]         OUTPUT         D9        LVCMOS33           8            NONE       NONE    
     LED_Out[3]         OUTPUT         C2        LVCMOS33           8            NONE       OREG    
     LED_Out[2]         OUTPUT         C1        LVCMOS33           8            NONE       OREG    
     LED_Out[1]         OUTPUT         E4        LVCMOS33           8            NONE       OREG    
     LED_Out[0]         OUTPUT         D3        LVCMOS33           8            NONE       OREG    
  LED_OverTime_Out      OUTPUT        F16        LVCMOS33           8            NONE       OREG    
     LED_Run[3]         OUTPUT        C15        LVCMOS33           8            NONE       OREG    
     LED_Run[2]         OUTPUT        B16        LVCMOS33           8            NONE       OREG    
     LED_Run[1]         OUTPUT        B15        LVCMOS33           8            NONE       OREG    
     LED_Run[0]         OUTPUT        B14        LVCMOS33           8            NONE       OREG    

Report Hierarchy Area:
+-----------------------------------------------------------------------------------+
|Instance |Module              |le     |lut     |ripple  |seq     |bram    |dsp     |
+-----------------------------------------------------------------------------------+
|top      |responder           |312    |237     |55      |203     |0       |1       |
|  U1     |Sel_module          |65     |52      |7       |39      |0       |0       |
|  U2     |Timer_module        |65     |55      |10      |41      |0       |0       |
|  U3     |Buzzer_module       |41     |23      |6       |27      |0       |0       |
|  U4     |Digitron_NumDisplay |62     |53      |9       |28      |0       |0       |
|  U5     |key_filter          |30     |17      |11      |20      |0       |0       |
|  U6     |led8_module         |46     |34      |12      |27      |0       |0       |
|  U7     |countdown_module    |3      |3       |0       |2       |0       |1       |
+-----------------------------------------------------------------------------------+


DataNet Average Fanout:

   Index     Fanout    Nets  
    #1         1       224   
    #2         2       165   
    #3         3        16   
    #4         4        8    
    #5        5-10      28   
    #6       11-50      6    
    #7       51-100     1    
  Average     2.19           

RUN-1002 : start command "write_verilog simulation/responder_phy_sim.v"
HDL-1201 : write out verilog file simulation/responder_phy_sim.v
RUN-1002 : start command "export_db responder_pr.db"
RUN-1001 : Exported /
RUN-1001 : Exported flow parameters
RUN-1001 : Exported libs
RUN-1001 : Exported entities
RUN-1001 : Exported ports
RUN-1001 : Exported pins
RUN-1001 : Exported instances
RUN-1001 : Exported nets
RUN-1001 : Exported buses
RUN-1001 : Exported models
RUN-1001 : Exported congestions
RUN-1001 : Exported violations
RUN-1001 : Exported IO constraints
RUN-1001 : Exported Inst constraints
RUN-1002 : start command "start_timer"
TMR-5001 WARNING: No sdc constraints found while initiating timer.
TMR-2505 : Start building timing graph for model responder.
TMR-2506 : Build timing graph completely. Port num: 13, tpin num: 1653, tnet num: 489, tinst num: 207, tnode num: 2110, tedge num: 2774.
TMR-2508 : Levelizing timing graph completed, there are 27 levels in total.
TMR-2501 : Timing graph initialized successfully.
RUN-1002 : start command "report_timing -mode FINAL -net_info -rpt_autogen true -file responder_phy.timing -sdf simulation/responder.sdf"
TMR-2503 : Start to update net delay, extr mode = 6.
TMR-2504 : Update delay of 489 nets completely.
TMR-2502 : Annotate delay completely, extr mode = 6.
TMR-3002 : No user constraint, initiate default constraint.
TMR-1501 : Assign derive clock DeriveClock to 274 clock pins, and constraint 457 relative nodes.
TMR-3003 : Constraints initiated successfully.
TMR-3501 : Forward propagation: start to calculate arrival time...
TMR-3502 : Backward propagation: start to calculate required time...
TMR-3503 : Timing propagation completes.
TMR-3506 : Start to generate timing report.
TMR-1502 : Number of clock constraints = 0. Number of clock nets = 6 (6 unconstrainted).
TMR-5009 WARNING: No clock constraint on 6 clock net(s): 
		CLK_dup_1
		Set_Time_dup_1
		U2/CLK1_syn_4
		U4/SingleNum_b_n4_syn_10
		U4/W_DigitronCS_Out_n_syn_4
		U7/temp_time_n_syn_3
TMR-3508 : Export timing summary.
TMR-3507 : Timing report generated successfully in responder_phy.timing, timing summary in responder_phy.tsm.
TMR-1001 : Start to generate SDF file...
RUN-1002 : start command "write_verilog -sdf responder.sdf simulation/responder_phy_sim_sta.v"
HDL-1201 : write out verilog file simulation/responder_phy_sim_sta.v
RUN-1002 : start command "export_bid responder_inst.bid"
RUN-1002 : start command "bitgen -bit responder.bit -unused_io_status pulldown"
BIT-1003 : Start to generate bitstream. 
BIT-1002 : Bitgen processed 153 unused pads, reserve input tri_state with pulldown
BIT-1002 : Init instances with 8 threads.
BIT-1002 : Init instances completely, inst num: 360
BIT-1002 : Init pips with 8 threads.
BIT-1002 : Init pips completely, net num: 491, pip num: 3336
BIT-1003 : Multithreading accelaration with 8 threads.
BIT-1003 : Generate bitstream completely, there are 661 valid insts, and 10329 bits set as '1'.
BIT-1004 : PLL setting string = 0000
BIT-1004 : Generate bits file responder.bit.
RUN-1003 : finish command "bitgen -bit responder.bit -unused_io_status pulldown" in  2.016059s wall, 4.453125s user + 0.046875s system = 4.500000s CPU (223.2%)

RUN-1004 : used memory is 434 MB, reserved memory is 409 MB, peak memory is 584 MB
RUN-1002 : start command "backup_run_log run.log ../.logs/phy_1/td_20240727_200659.log"
