============================================================
   Tang Dynasty, V5.6.71036
      Copyright (c) 2012-2023 Anlogic Inc.
   Executable = C:/Anlogic/TD5.6.2/bin/td.exe
   Built at =   20:34:38 Mar 21 2023
   Run by =     Timmy
   Run Date =   Sat Jul 27 12:54:06 2024

   Run on =     DESKTOP-A28VB3Q
============================================================
RUN-1002 : start command "open_project responder.prj"
RUN-1001 : Print Global Property
RUN-1001 : ---------------------------------------------------------------
RUN-1001 :        Parameters        |  Settings  |  Default Values  |  Note  
RUN-1001 : ---------------------------------------------------------------
RUN-1001 :          message         |  standard  |     standard     |        
RUN-1001 :   mixed_pack_place_flow  |     on     |        on        |        
RUN-1001 :        qor_monitor       |    off     |       off        |        
RUN-1001 :        syn_ip_flow       |    off     |       off        |        
RUN-1001 :          thread          |    auto    |       auto       |        
RUN-1001 : ---------------------------------------------------------------
RUN-1001 : Print Design Property
RUN-1001 : --------------------------------------------------------------
RUN-1001 :        Parameters       |  Settings  |  Default Values  |  Note  
RUN-1001 : --------------------------------------------------------------
RUN-1001 :   default_reg_initial   |    auto    |       auto       |        
RUN-1001 :        infer_add        |     on     |        on        |        
RUN-1001 :        infer_fsm        |    off     |       off        |        
RUN-1001 :        infer_mult       |     on     |        on        |        
RUN-1001 :        infer_ram        |     on     |        on        |        
RUN-1001 :        infer_reg        |     on     |        on        |        
RUN-1001 :   infer_reg_init_value  |     on     |        on        |        
RUN-1001 :        infer_rom        |     on     |        on        |        
RUN-1001 :      infer_shifter      |     on     |        on        |        
RUN-1001 : --------------------------------------------------------------
RUN-1001 : Print Rtl Property
RUN-1001 : --------------------------------------------------------------
RUN-1001 :        Parameters       |  Settings  |  Default Values  |  Note  
RUN-1001 : --------------------------------------------------------------
RUN-1001 :       compress_add      |   ripple   |      ripple      |        
RUN-1001 :        elf_sload        |    off     |       off        |        
RUN-1001 :       fix_undriven      |     0      |        0         |        
RUN-1001 :         flatten         |    off     |       off        |        
RUN-1001 :       gate_sharing      |     on     |        on        |        
RUN-1001 :    hdl_warning_level    |   normal   |      normal      |        
RUN-1001 :   impl_internal_tribuf  |     on     |        on        |        
RUN-1001 :      impl_set_reset     |     on     |        on        |        
RUN-1001 :        infer_gsr        |    off     |       off        |        
RUN-1001 :      keep_hierarchy     |    auto    |       auto       |        
RUN-1001 :        max_fanout       |    9999    |       9999       |        
RUN-1001 :      max_oh2bin_len     |     10     |        10        |        
RUN-1001 :       merge_equal       |     on     |        on        |        
RUN-1001 :       merge_equiv       |     on     |        on        |        
RUN-1001 :        merge_mux        |    off     |       off        |        
RUN-1001 :     min_control_set     |     8      |        8         |        
RUN-1001 :      min_ripple_len     |    auto    |       auto       |        
RUN-1001 :       oh2bin_ratio      |    0.08    |       0.08       |        
RUN-1001 :     opt_adder_fanout    |     on     |        on        |        
RUN-1001 :        opt_arith        |     on     |        on        |        
RUN-1001 :       opt_big_gate      |    off     |       off        |        
RUN-1001 :        opt_const        |     on     |        on        |        
RUN-1001 :      opt_const_mult     |     on     |        on        |        
RUN-1001 :       opt_lessthan      |     on     |        on        |        
RUN-1001 :         opt_mux         |    off     |       off        |        
RUN-1001 :         opt_ram         |    high    |       high       |        
RUN-1001 :      rtl_sim_model      |    off     |       off        |        
RUN-1001 :         seq_syn         |     on     |        on        |        
RUN-1001 : --------------------------------------------------------------
HDL-1007 : analyze verilog file ../../responder.v
HDL-1007 : analyze verilog file ../../Sel_module.v
HDL-1007 : analyze verilog file ../../Timer_module.v
HDL-1007 : analyze verilog file ../../Buzzer_module.v
HDL-1007 : analyze verilog file ../../Digitron_NumDisplay.v
HDL-1007 : analyze verilog file ../../key_filter.v
HDL-1007 : analyze verilog file ../../../../1 run_led/run_led/led8_module.v
HDL-1007 : analyze verilog file ../../countdown_module.v
RUN-1001 : Project manager successfully analyzed 8 source files.
RUN-1002 : start command "import_device eagle_s20.db -package EG4S20BG256"
ARC-1001 : Device Initialization.
ARC-1001 : ------------------------------------------------------------------
ARC-1001 :            OPTION            |          IO          |   SETTING   
ARC-1001 : ------------------------------------------------------------------
ARC-1001 :   cso_b/cclk/mosi/miso/dout  |  T3/R11/T10/P10/S11  |    gpio    
ARC-1001 :             done             |         P13          |    gpio    
ARC-1001 :           program_b          |          T2          |  dedicate  
ARC-1001 :        tdi/tms/tck/tdo       |   C12/A15/C14/E14    |  dedicate  
ARC-1001 : ------------------------------------------------------------------
ARC-1004 : Device setting, marked 5 dedicate IOs in total.
RUN-1002 : start command "import_db ../syn_1/responder_gate.db"
RUN-1001 : Importing database generated by Tang Dynasty, V5.6.71036.
RUN-1001 : Database version number 46146.
RUN-1001 : Import flow parameters
RUN-1001 : Import IO constraints
RUN-1001 : Import Inst constraints
RUN-1001 : Import design success TD_VERSION=5.6.71036 , DB_VERSION=46146
RUN-1002 : start command "place"
RUN-1001 : Open license file C:/Anlogic/TD5.6.2/license/Anlogic.lic
RUN-1001 : Print Global Property
RUN-1001 : ---------------------------------------------------------------
RUN-1001 :        Parameters        |  Settings  |  Default Values  |  Note  
RUN-1001 : ---------------------------------------------------------------
RUN-1001 :          message         |  standard  |     standard     |        
RUN-1001 :   mixed_pack_place_flow  |     on     |        on        |        
RUN-1001 :        qor_monitor       |    off     |       off        |        
RUN-1001 :        syn_ip_flow       |    off     |       off        |        
RUN-1001 :          thread          |    auto    |       auto       |        
RUN-1001 : ---------------------------------------------------------------
RUN-1001 : Print Place Property
RUN-1001 : --------------------------------------------------------------
RUN-1001 :        Parameters       |  Settings  |  Default Values  |  Note  
RUN-1001 : --------------------------------------------------------------
RUN-1001 :      detailed_place     |     on     |        on        |        
RUN-1001 :          effort         |   medium   |      medium      |        
RUN-1001 :         fix_hold        |    off     |       off        |        
RUN-1001 :       legalization      |    ori     |       ori        |        
RUN-1001 :      new_spreading      |     on     |        on        |        
RUN-1001 :        opt_timing       |   medium   |      medium      |        
RUN-1001 :   post_clock_route_opt  |    off     |       off        |        
RUN-1001 :       pr_strategy       |     1      |        1         |        
RUN-1001 :        relaxation       |    1.00    |       1.00       |        
RUN-1001 :         retiming        |    off     |       off        |        
RUN-1001 : --------------------------------------------------------------
PHY-3001 : Placer runs in 8 thread(s).
RUN-1002 : start command "legalize_phy_inst"
SYN-1011 : Flatten model responder
RUN-1002 : start command "phys_opt -simplify_lut"
SYN-4024 : Net "CLK_dup_1" drives clk pins.
SYN-4024 : Net "U2/CLK1" drives clk pins.
SYN-4024 : Net "U4/W_DigitronCS_Out_n" drives clk pins.
SYN-4024 : Net "U4/SingleNum_b_n4" drives clk pins.
SYN-4024 : Net "Set_Time_dup_1" drives clk pins.
SYN-4025 : Tag rtl::Net CLK_dup_1 as clock net
SYN-4025 : Tag rtl::Net Set_Time_dup_1 as clock net
SYN-4025 : Tag rtl::Net U2/CLK1 as clock net
SYN-4025 : Tag rtl::Net U4/SingleNum_b_n4 as clock net
SYN-4025 : Tag rtl::Net U4/W_DigitronCS_Out_n as clock net
SYN-4026 : Tagged 5 rtl::Net as clock net
SYN-4015 : Create BUFG instance for clk Net U2/CLK1 to drive 11 clock pins.
SYN-4015 : Create BUFG instance for clk Net U4/W_DigitronCS_Out_n to drive 8 clock pins.
SYN-4015 : Create BUFG instance for clk Net U4/SingleNum_b_n4 to drive 4 clock pins.
PHY-1001 : Populate physical database on model responder.
RUN-1001 : There are total 407 instances
RUN-0007 : 173 luts, 143 seqs, 32 mslices, 20 lslices, 33 pads, 0 brams, 0 dsps
RUN-1001 : There are total 539 nets
RUN-1001 : 310 nets have 2 pins
RUN-1001 : 189 nets have [3 - 5] pins
RUN-1001 : 29 nets have [6 - 10] pins
RUN-1001 : 5 nets have [11 - 20] pins
RUN-1001 : 4 nets have [21 - 99] pins
RUN-1001 : 2 nets have 100+ pins
RUN-1001 : Report Control nets information:
RUN-1001 : DFF Distribution
RUN-1001 : ----------------------------------
RUN-1001 :   CE   |  SSR  |  ASR  |  DFF Count  
RUN-1001 : ----------------------------------
RUN-1001 :   No   |  No   |  No   |     30      
RUN-1001 :   No   |  No   |  Yes  |     51      
RUN-1001 :   No   |  Yes  |  No   |     29      
RUN-1001 :   Yes  |  No   |  No   |      0      
RUN-1001 :   Yes  |  No   |  Yes  |     33      
RUN-1001 :   Yes  |  Yes  |  No   |      0      
RUN-1001 : ----------------------------------
RUN-0007 : Control Group Statistic
RUN-0007 : ---------------------------
RUN-0007 :   #CLK  |  #CE  |  #SSR/ASR  
RUN-0007 : ---------------------------
RUN-0007 :    5    |   3   |     5      
RUN-0007 : ---------------------------
RUN-0007 : Control Set = 11
PHY-3001 : Initial placement ...
PHY-3001 : design contains 405 instances, 173 luts, 143 seqs, 52 slices, 6 macros(52 instances: 32 mslices 20 lslices)
PHY-0007 : Cell area utilization is 1%
PHY-3001 : Global placement ...
PHY-3001 : Initial: Len = 112778
PHY-3001 : Clustering ...
PHY-3001 : Level 0 #clusters 405.
PHY-3001 : End clustering;  0.000012s wall, 0.000000s user + 0.000000s system = 0.000000s CPU (n/a%)

PHY-3001 : Run with size of 4
PHY-3001 : Cell area utilization is 1%
PHY-3001 : :::0::: Try harder cell spreading with beta_ = 0
PHY-3002 : Step(1): len = 69458.2, overlap = 0
PHY-3002 : Step(2): len = 48219.9, overlap = 0
PHY-3002 : Step(3): len = 35512.4, overlap = 0
PHY-3002 : Step(4): len = 28133.1, overlap = 0
PHY-3002 : Step(5): len = 24201.2, overlap = 0
PHY-3002 : Step(6): len = 23552.9, overlap = 0
PHY-3002 : Step(7): len = 21833.2, overlap = 0
PHY-3002 : Step(8): len = 20326.9, overlap = 0
PHY-3002 : Step(9): len = 20150.1, overlap = 0
PHY-3002 : Step(10): len = 19199, overlap = 0
PHY-3002 : Step(11): len = 17012.2, overlap = 0
PHY-3002 : Step(12): len = 16096.6, overlap = 0
PHY-3002 : Step(13): len = 16283.2, overlap = 0
PHY-3002 : Step(14): len = 15425.9, overlap = 0
PHY-3002 : Step(15): len = 15058.6, overlap = 0
PHY-3002 : Step(16): len = 14639.8, overlap = 0
PHY-3002 : Step(17): len = 14238.1, overlap = 0
PHY-3002 : Step(18): len = 13796.3, overlap = 0
PHY-3002 : Step(19): len = 13950.6, overlap = 0
PHY-3002 : Step(20): len = 14020, overlap = 0
PHY-3002 : Step(21): len = 12664.6, overlap = 0
PHY-3002 : Step(22): len = 12994.3, overlap = 0
PHY-3002 : Step(23): len = 12323.6, overlap = 0
PHY-3002 : Step(24): len = 11419.5, overlap = 0
PHY-3002 : Step(25): len = 11407, overlap = 0
PHY-3002 : Step(26): len = 10251.9, overlap = 0
PHY-3002 : Step(27): len = 10196.3, overlap = 0
PHY-3002 : Step(28): len = 10234.6, overlap = 0
PHY-3002 : Step(29): len = 9857.5, overlap = 0
PHY-3002 : Step(30): len = 9678.1, overlap = 0
PHY-3002 : Step(31): len = 9678.1, overlap = 0
PHY-3002 : Step(32): len = 9359, overlap = 0
PHY-3002 : Step(33): len = 9359, overlap = 0
PHY-3002 : Step(34): len = 9242.5, overlap = 0
PHY-3001 : Legalization ...
PHY-3001 : End legalization;  0.007686s wall, 0.000000s user + 0.000000s system = 0.000000s CPU (n/a%)

PHY-3001 : Run with size of 4
PHY-3001 : Cell area utilization is 1%
PHY-3001 : :::0::: Try harder cell spreading with beta_ = 0
PHY-3002 : Step(35): len = 9136.5, overlap = 0
PHY-3002 : Step(36): len = 9136.5, overlap = 0
PHY-3002 : Step(37): len = 9100.9, overlap = 0
PHY-3002 : Step(38): len = 9140.8, overlap = 0
PHY-3002 : Step(39): len = 9209.5, overlap = 0
PHY-3001 : Run with size of 2
PHY-3001 : Cell area utilization is 1%
PHY-3001 : :::0::: Try harder cell spreading with beta_ = 0
PHY-3002 : Step(40): len = 9038.7, overlap = 5.09375
PHY-3002 : Step(41): len = 9089.8, overlap = 4.90625
PHY-3002 : Step(42): len = 9149.6, overlap = 5.03125
OPT-1001 : Start physical optimization ...
OPT-1001 : Total overflow 27.06 peak overflow 1.84
OPT-1001 : Start high-fanout net optimization ...
OPT-1001 : Update timing in global mode
PHY-1001 : Start incremental global routing, caller is place ...
RUN-1001 : Generating global routing grids ...
RUN-1001 : Building simple global routing graph ...
PHY-1001 : Generate routing nets ...
PHY-1001 : Reuse net number 0/539.
PHY-1001 : Global iterations in 8 thread ...
PHY-1002 : len = 9664, over cnt = 14(0%), over = 34, worst = 7
PHY-1001 : End global iterations;  0.023071s wall, 0.000000s user + 0.000000s system = 0.000000s CPU (n/a%)

PHY-1001 : Congestion index: top1 = 10.30, top5 = 4.80, top10 = 2.85, top15 = 1.90.
PHY-1001 : End incremental global routing;  0.082612s wall, 0.015625s user + 0.000000s system = 0.015625s CPU (18.9%)

RUN-1002 : start command "start_timer -report"
TMR-5001 WARNING: No sdc constraints found while initiating timer.
TMR-2505 : Start building timing graph for model responder.
TMR-2506 : Build timing graph completely. Port num: 11, tpin num: 1837, tnet num: 537, tinst num: 405, tnode num: 2393, tedge num: 2958.
TMR-2508 : Levelizing timing graph completed, there are 29 levels in total.
TMR-2501 : Timing graph initialized successfully.
OPT-1001 : End timing update;  0.240579s wall, 0.218750s user + 0.000000s system = 0.218750s CPU (90.9%)

OPT-1001 : 0 high-fanout net processed.
OPT-1001 : End high-fanout net optimization;  0.328628s wall, 0.234375s user + 0.000000s system = 0.234375s CPU (71.3%)

OPT-1001 : Current memory(MB): used = 136, reserve = 107, peak = 136.
OPT-1001 : End physical optimization;  0.335693s wall, 0.234375s user + 0.000000s system = 0.234375s CPU (69.8%)

PHY-3001 : Start packing ...
SYN-4007 : Packing 0 MUX to BLE ...
SYN-4008 : Packed 0 MUX and 0 SEQ to BLE.
SYN-4007 : Packing 173 LUT to BLE ...
SYN-4008 : Packed 173 LUT and 79 SEQ to BLE.
SYN-4003 : Packing 64 remaining SEQ's ...
SYN-4005 : Packed 44 SEQ with LUT/SLICE
SYN-4006 : 56 single LUT's are left
SYN-4006 : 20 single SEQ's are left
SYN-4011 : Packing model "responder" (AL_USER_NORMAL) with 193/284 primitive instances ...
PHY-3001 : End packing;  0.012484s wall, 0.015625s user + 0.000000s system = 0.015625s CPU (125.2%)

PHY-1001 : Populate physical database on model responder.
RUN-1001 : There are total 199 instances
RUN-1001 : 80 mslices, 80 lslices, 33 pads, 0 brams, 0 dsps
RUN-1001 : There are total 469 nets
RUN-1001 : 246 nets have 2 pins
RUN-1001 : 182 nets have [3 - 5] pins
RUN-1001 : 31 nets have [6 - 10] pins
RUN-1001 : 6 nets have [11 - 20] pins
RUN-1001 : 2 nets have [21 - 99] pins
RUN-1001 : 2 nets have 100+ pins
PHY-3001 : design contains 197 instances, 160 slices, 6 macros(52 instances: 32 mslices 20 lslices)
PHY-3001 : Cell area utilization is 2%
PHY-3001 : After packing: Len = 9446.6, Over = 9
PHY-3001 : Run with size of 2
PHY-3001 : Cell area utilization is 2%
PHY-3001 : :::0::: Try harder cell spreading with beta_ = 0.00272718
PHY-3002 : Step(43): len = 9327.4, overlap = 8.75
PHY-3002 : Step(44): len = 9325.3, overlap = 8.75
PHY-3002 : Step(45): len = 9166.3, overlap = 8.75
PHY-3002 : Step(46): len = 9179.3, overlap = 8.75
PHY-3002 : Step(47): len = 9202.9, overlap = 9.5
PHY-3002 : Step(48): len = 9237.3, overlap = 8.25
PHY-3002 : Step(49): len = 8886.7, overlap = 9.25
PHY-3002 : Step(50): len = 8918.1, overlap = 8.25
PHY-3002 : Step(51): len = 8926.5, overlap = 8
PHY-3001 : Legalization ...
PHY-3001 : End legalization;  0.065802s wall, 0.015625s user + 0.031250s system = 0.046875s CPU (71.2%)

PHY-3001 : Trial Legalized: Len = 13915.4
PHY-3001 : Run with size of 2
PHY-3001 : Cell area utilization is 2%
PHY-3001 : :::0::: Try harder cell spreading with beta_ = 0
PHY-3002 : Step(52): len = 10826.5, overlap = 1.25
PHY-3002 : Step(53): len = 9509, overlap = 4
PHY-3002 : Step(54): len = 9079.1, overlap = 4.75
PHY-3002 : Step(55): len = 9058.7, overlap = 4.5
PHY-3002 : Step(56): len = 9074.5, overlap = 5
PHY-3002 : Step(57): len = 8980.9, overlap = 5.25
PHY-3002 : Step(58): len = 8980.9, overlap = 5.25
PHY-3002 : Step(59): len = 8868.3, overlap = 5
PHY-3002 : Step(60): len = 8868.3, overlap = 5
PHY-3002 : Step(61): len = 8811.4, overlap = 5
PHY-3002 : Step(62): len = 8811.4, overlap = 5
PHY-3002 : Step(63): len = 8788.8, overlap = 5
PHY-3002 : Step(64): len = 8788.8, overlap = 5
PHY-3002 : Step(65): len = 8745.8, overlap = 5
PHY-3002 : Step(66): len = 8770.8, overlap = 5
PHY-3002 : Step(67): len = 8770.8, overlap = 5
PHY-3001 : Legalization ...
PHY-3001 : End legalization;  0.005451s wall, 0.000000s user + 0.000000s system = 0.000000s CPU (n/a%)

PHY-3001 : Legalized: Len = 10986.9, Over = 0
PHY-3001 : End spreading;  0.002629s wall, 0.000000s user + 0.000000s system = 0.000000s CPU (n/a%)

PHY-3001 : Final: Len = 10986.9, Over = 0
OPT-1001 : Start physical optimization ...
OPT-1001 : Total overflow 0.00 peak overflow 0.00
OPT-1001 : Start high-fanout net optimization ...
OPT-1001 : Update timing in global mode
PHY-1001 : Start incremental global routing, caller is place ...
RUN-1001 : Generating global routing grids ...
PHY-1001 : Generate routing nets ...
PHY-1001 : Reuse net number 16/469.
PHY-1001 : Global iterations in 8 thread ...
PHY-1002 : len = 12008, over cnt = 22(0%), over = 40, worst = 5
PHY-1002 : len = 12272, over cnt = 11(0%), over = 14, worst = 3
PHY-1002 : len = 12472, over cnt = 1(0%), over = 1, worst = 1
PHY-1002 : len = 12488, over cnt = 0(0%), over = 0, worst = 0
PHY-1001 : End global iterations;  0.040788s wall, 0.015625s user + 0.000000s system = 0.015625s CPU (38.3%)

PHY-1001 : Congestion index: top1 = 14.50, top5 = 6.69, top10 = 3.96, top15 = 2.64.
PHY-1001 : End incremental global routing;  0.089439s wall, 0.046875s user + 0.000000s system = 0.046875s CPU (52.4%)

RUN-1002 : start command "start_timer -report"
TMR-5001 WARNING: No sdc constraints found while initiating timer.
TMR-2505 : Start building timing graph for model responder.
TMR-2506 : Build timing graph completely. Port num: 11, tpin num: 1595, tnet num: 467, tinst num: 197, tnode num: 2042, tedge num: 2689.
TMR-2508 : Levelizing timing graph completed, there are 27 levels in total.
TMR-2501 : Timing graph initialized successfully.
OPT-1001 : End timing update;  0.221777s wall, 0.218750s user + 0.000000s system = 0.218750s CPU (98.6%)

OPT-1001 : 0 high-fanout net processed.
OPT-1001 : End high-fanout net optimization;  0.316383s wall, 0.265625s user + 0.000000s system = 0.265625s CPU (84.0%)

OPT-1001 : Current memory(MB): used = 138, reserve = 109, peak = 138.
OPT-1001 : Update timing in Manhattan mode
OPT-1001 : End timing update;  0.000387s wall, 0.000000s user + 0.000000s system = 0.000000s CPU (n/a%)

OPT-1001 : Start pin optimization...
OPT-1001 : skip pin optimization...
RUN-1001 : Generating global routing grids ...
PHY-1001 : Generate routing nets ...
PHY-1001 : Reuse net number 347/469.
PHY-1001 : Global iterations in 8 thread ...
PHY-1002 : len = 12488, over cnt = 0(0%), over = 0, worst = 0
PHY-1001 : End global iterations;  0.001856s wall, 0.000000s user + 0.000000s system = 0.000000s CPU (n/a%)

PHY-1001 : Congestion index: top1 = 14.50, top5 = 6.69, top10 = 3.96, top15 = 2.64.
OPT-1001 : Update timing in Manhattan mode
OPT-1001 : End timing update;  0.000544s wall, 0.000000s user + 0.000000s system = 0.000000s CPU (n/a%)

RUN-1001 : QoR Analysis:
OPT-0007 :   WNS 2147483647 TNS 0 NUM_FEPS 0
RUN-1001 :   No local congestion issue, and most congested 1% tile average routing util is 14.068966
RUN-1001 :   Top critical paths
OPT-1001 : End physical optimization;  0.366826s wall, 0.312500s user + 0.000000s system = 0.312500s CPU (85.2%)

RUN-1003 : finish command "place" in  1.901464s wall, 1.046875s user + 0.265625s system = 1.312500s CPU (69.0%)

RUN-1004 : used memory is 130 MB, reserved memory is 100 MB, peak memory is 138 MB
RUN-1002 : start command "export_db responder_place.db"
RUN-1001 : Exported /
RUN-1001 : Exported flow parameters
RUN-1001 : Exported libs
RUN-1001 : Exported entities
RUN-1001 : Exported ports
RUN-1001 : Exported pins
RUN-1001 : Exported instances
RUN-1001 : Exported nets
RUN-1001 : Exported buses
RUN-1001 : Exported models
RUN-1001 : Exported congestions
RUN-1001 : Exported violations
RUN-1001 : Exported IO constraints
RUN-1001 : Exported Inst constraints
RUN-1002 : start command "route"
RUN-1001 : Open license file C:/Anlogic/TD5.6.2/license/Anlogic.lic
RUN-1001 : Print Global Property
RUN-1001 : ---------------------------------------------------------------
RUN-1001 :        Parameters        |  Settings  |  Default Values  |  Note  
RUN-1001 : ---------------------------------------------------------------
RUN-1001 :          message         |  standard  |     standard     |        
RUN-1001 :   mixed_pack_place_flow  |     on     |        on        |        
RUN-1001 :        qor_monitor       |    off     |       off        |        
RUN-1001 :        syn_ip_flow       |    off     |       off        |        
RUN-1001 :          thread          |    auto    |       auto       |        
RUN-1001 : ---------------------------------------------------------------
RUN-1002 : start command "set_param route phy_sim_model on"
RUN-1001 : Print Route Property
RUN-1001 : -------------------------------------------------------
RUN-1001 :    Parameters    |  Settings  |  Default Values  |  Note  
RUN-1001 : -------------------------------------------------------
RUN-1001 :      effort      |   medium   |      medium      |        
RUN-1001 :     fix_hold     |    off     |       off        |        
RUN-1001 :    opt_timing    |   medium   |      medium      |        
RUN-1001 :   phy_sim_model  |     on     |       off        |   *    
RUN-1001 :     priority     |   timing   |      timing      |        
RUN-1001 :     swap_pin     |     on     |        on        |        
RUN-1001 : -------------------------------------------------------
PHY-1001 : Route runs in 8 thread(s)
RUN-1001 : There are total 199 instances
RUN-1001 : 80 mslices, 80 lslices, 33 pads, 0 brams, 0 dsps
RUN-1001 : There are total 469 nets
RUN-1001 : 246 nets have 2 pins
RUN-1001 : 182 nets have [3 - 5] pins
RUN-1001 : 31 nets have [6 - 10] pins
RUN-1001 : 6 nets have [11 - 20] pins
RUN-1001 : 2 nets have [21 - 99] pins
RUN-1001 : 2 nets have 100+ pins
RUN-1002 : start command "start_timer -report"
TMR-5001 WARNING: No sdc constraints found while initiating timer.
TMR-2505 : Start building timing graph for model responder.
TMR-2506 : Build timing graph completely. Port num: 11, tpin num: 1595, tnet num: 467, tinst num: 197, tnode num: 2042, tedge num: 2689.
TMR-2508 : Levelizing timing graph completed, there are 27 levels in total.
TMR-2501 : Timing graph initialized successfully.
PHY-1001 : 80 mslices, 80 lslices, 33 pads, 0 brams, 0 dsps
TMR-2503 : Start to update net delay, extr mode = 3.
TMR-2504 : Update delay of 467 nets completely.
TMR-2502 : Annotate delay completely, extr mode = 3.
TMR-3002 : No user constraint, initiate default constraint.
TMR-1501 : Assign derive clock DeriveClock to 264 clock pins, and constraint 447 relative nodes.
TMR-3003 : Constraints initiated successfully.
TMR-3501 : Forward propagation: start to calculate arrival time...
TMR-3502 : Backward propagation: start to calculate required time...
TMR-3503 : Timing propagation completes.
PHY-1001 : Start global routing, caller is route ...
RUN-1001 : Generating global routing grids ...
PHY-1001 : Generate routing nets ...
PHY-1001 : Global iterations in 8 thread ...
PHY-1002 : len = 11976, over cnt = 24(0%), over = 42, worst = 5
PHY-1002 : len = 12248, over cnt = 12(0%), over = 16, worst = 3
PHY-1002 : len = 12472, over cnt = 1(0%), over = 1, worst = 1
PHY-1002 : len = 12488, over cnt = 0(0%), over = 0, worst = 0
PHY-1001 : End global iterations;  0.050230s wall, 0.000000s user + 0.000000s system = 0.000000s CPU (n/a%)

PHY-1001 : Congestion index: top1 = 14.59, top5 = 6.70, top10 = 3.92, top15 = 2.61.
PHY-1001 : End global routing;  0.103903s wall, 0.031250s user + 0.000000s system = 0.031250s CPU (30.1%)

PHY-1001 : Start detail routing ...
PHY-1001 : Current memory(MB): used = 152, reserve = 122, peak = 159.
PHY-1001 : Detailed router is running in normal mode.
PHY-1001 : Generate detailed routing grids ...
PHY-1001 : Processed IO instance DigitronCS_Out[3]_syn_2 with INV attribute.
PHY-1001 : Processed IO instance DigitronCS_Out[2]_syn_2 with INV attribute.
PHY-1001 : Processed IO instance DigitronCS_Out[1]_syn_2 with INV attribute.
PHY-1001 : Processed IO instance DigitronCS_Out[0]_syn_2 with INV attribute.
PHY-1001 : Generate nets ...
PHY-1001 : net CLK_dup_1 will be routed on clock mesh
PHY-1001 : net Set_Time_dup_1 will be routed on clock mesh
PHY-1001 : clock net U2/CLK1_syn_4 will be merged with clock U2/CLK1
PHY-1001 : clock net U4/SingleNum_b_n4_syn_10 will be merged with clock U4/SingleNum_b_n4
PHY-1001 : clock net U4/W_DigitronCS_Out_n_syn_4 will be merged with clock U4/W_DigitronCS_Out_n
PHY-1001 : Current memory(MB): used = 422, reserve = 397, peak = 422.
PHY-1001 : End build detailed router design. 3.828173s wall, 3.703125s user + 0.000000s system = 3.703125s CPU (96.7%)

PHY-1001 : Detail Route ...
PHY-1001 : ===== Detail Route Phase 1 =====
PHY-1001 : Clock net routing.....
PHY-1001 : Routed 1% nets.
PHY-1022 : len = 13592, over cnt = 0(0%), over = 0, worst = 0, crit = 0
PHY-1001 : End initial clock net routed; 1.628758s wall, 1.562500s user + 0.000000s system = 1.562500s CPU (95.9%)

PHY-1001 : Current memory(MB): used = 454, reserve = 430, peak = 454.
PHY-1001 : End phase 1; 1.634683s wall, 1.578125s user + 0.000000s system = 1.578125s CPU (96.5%)

PHY-1001 : ===== Detail Route Phase 2 =====
PHY-1001 : Initial routing.....
PHY-1001 : Routed 30% nets.
PHY-1001 : Routed 34% nets.
PHY-1001 : Routed 49% nets.
PHY-1001 : Routed 61% nets.
PHY-1001 : Routed 82% nets.
PHY-1022 : len = 44576, over cnt = 10(0%), over = 10, worst = 1, crit = 0
PHY-1001 : Current memory(MB): used = 454, reserve = 430, peak = 454.
PHY-1001 : End initial routed; 0.529157s wall, 0.390625s user + 0.000000s system = 0.390625s CPU (73.8%)

PHY-1001 : Current memory(MB): used = 454, reserve = 430, peak = 454.
PHY-1001 : End phase 2; 0.529217s wall, 0.390625s user + 0.000000s system = 0.390625s CPU (73.8%)

PHY-1001 : ===== Detail Route Phase 3 =====
PHY-1001 : Ripup-reroute.....
PHY-1001 : ===== DR Iter 1 =====
PHY-1022 : len = 44552, over cnt = 2(0%), over = 2, worst = 1, crit = 0
PHY-1001 : End DR Iter 1; 0.012632s wall, 0.000000s user + 0.000000s system = 0.000000s CPU (n/a%)

PHY-1001 : ===== DR Iter 2 =====
PHY-1022 : len = 44592, over cnt = 0(0%), over = 0, worst = 0, crit = 0
PHY-1001 : End DR Iter 2; 0.011232s wall, 0.000000s user + 0.000000s system = 0.000000s CPU (n/a%)

PHY-1001 : Commit to database.....
PHY-1001 : 1 feed throughs used by 1 nets
PHY-1001 : End commit to database; 0.054424s wall, 0.062500s user + 0.000000s system = 0.062500s CPU (114.8%)

PHY-1001 : Current memory(MB): used = 464, reserve = 440, peak = 464.
PHY-1001 : End phase 3; 0.194678s wall, 0.171875s user + 0.000000s system = 0.171875s CPU (88.3%)

PHY-1003 : Routed, final wirelength = 44592
PHY-1001 : Current memory(MB): used = 464, reserve = 440, peak = 464.
PHY-1001 : End export database. 0.005470s wall, 0.015625s user + 0.000000s system = 0.015625s CPU (285.7%)

PHY-1001 : End detail routing;  6.405680s wall, 6.046875s user + 0.015625s system = 6.062500s CPU (94.6%)

RUN-1003 : finish command "route" in  6.788241s wall, 6.343750s user + 0.015625s system = 6.359375s CPU (93.7%)

RUN-1004 : used memory is 419 MB, reserved memory is 394 MB, peak memory is 464 MB
RUN-1002 : start command "report_area -io_info -file responder_phy.area"
RUN-1001 : standard
***Report Model: responder Device: EG4S20BG256***

IO Statistics
#IO                        33
  #input                    7
  #output                  26
  #inout                    0

Utilization Statistics
#lut                      281   out of  19600    1.43%
#reg                      178   out of  19600    0.91%
#le                       301
  #lut only               123   out of    301   40.86%
  #reg only                20   out of    301    6.64%
  #lut&reg                158   out of    301   52.49%
#dsp                        0   out of     29    0.00%
#bram                       0   out of     64    0.00%
  #bram9k                   0
  #fifo9k                   0
#bram32k                    0   out of     16    0.00%
#pad                       33   out of    188   17.55%
  #ireg                     4
  #oreg                    14
  #treg                     0
#pll                        0   out of      4    0.00%
#gclk                       3   out of     16   18.75%

Clock Resource Statistics
Index     ClockNet                 Type               DriverType         Driver                   Fanout
#1        CLK_dup_1                GCLK               io                 CLK_syn_2.di             116
#2        U2/CLK1                  GCLK               lslice             U2/CLK1_reg_syn_38.q0    9
#3        U4/W_DigitronCS_Out_n    GCLK               lslice             U4/reg2_syn_29.f1        7
#4        Set_Time_dup_1           GCLK               io                 Set_Time_syn_2.di        2
#5        U4/SingleNum_b_n4        GCLK               mslice             U4/reg2_syn_25.f0        2


Detailed IO Report

        Name           Direction    Location    IOStandard    DriveStrength    PullType    PackReg  
         CLK             INPUT         R7        LVCMOS33          N/A          PULLUP      NONE    
      Key_In[3]          INPUT        F10        LVCMOS33          N/A          PULLUP      IREG    
      Key_In[2]          INPUT        C11        LVCMOS33          N/A          PULLUP      IREG    
      Key_In[1]          INPUT        D11        LVCMOS33          N/A          PULLUP      IREG    
      Key_In[0]          INPUT        E11        LVCMOS33          N/A          PULLUP      IREG    
        RSTn             INPUT         A9        LVCMOS33          N/A          PULLUP      NONE    
      Set_Time           INPUT        A10        LVCMOS33          N/A          PULLUP      NONE    
     Buzzer_Out         OUTPUT        H11        LVCMOS33           8            NONE       OREG    
  DigitronCS_Out[3]     OUTPUT         A3        LVCMOS33           8            NONE       OREG    
  DigitronCS_Out[2]     OUTPUT         A5        LVCMOS33           8            NONE       OREG    
  DigitronCS_Out[1]     OUTPUT         B6        LVCMOS33           8            NONE       OREG    
  DigitronCS_Out[0]     OUTPUT         C9        LVCMOS33           8            NONE       OREG    
   Digitron_Out[7]      OUTPUT         C8        LVCMOS33           8            NONE       NONE    
   Digitron_Out[6]      OUTPUT         A8        LVCMOS33           8            NONE       NONE    
   Digitron_Out[5]      OUTPUT         B5        LVCMOS33           8            NONE       NONE    
   Digitron_Out[4]      OUTPUT         A7        LVCMOS33           8            NONE       NONE    
   Digitron_Out[3]      OUTPUT         E8        LVCMOS33           8            NONE       NONE    
   Digitron_Out[2]      OUTPUT         B8        LVCMOS33           8            NONE       NONE    
   Digitron_Out[1]      OUTPUT         A6        LVCMOS33           8            NONE       NONE    
   Digitron_Out[0]      OUTPUT         A4        LVCMOS33           8            NONE       NONE    
     Key_Row[3]         OUTPUT        E10        LVCMOS33           8            NONE       NONE    
     Key_Row[2]         OUTPUT        C10        LVCMOS33           8            NONE       NONE    
     Key_Row[1]         OUTPUT         F9        LVCMOS33           8            NONE       NONE    
     Key_Row[0]         OUTPUT         D9        LVCMOS33           8            NONE       NONE    
     LED_Out[3]         OUTPUT         C2        LVCMOS33           8            NONE       OREG    
     LED_Out[2]         OUTPUT         C1        LVCMOS33           8            NONE       OREG    
     LED_Out[1]         OUTPUT         E4        LVCMOS33           8            NONE       OREG    
     LED_Out[0]         OUTPUT         D3        LVCMOS33           8            NONE       OREG    
  LED_OverTime_Out      OUTPUT        F16        LVCMOS33           8            NONE       OREG    
     LED_Run[3]         OUTPUT        C15        LVCMOS33           8            NONE       OREG    
     LED_Run[2]         OUTPUT        B16        LVCMOS33           8            NONE       OREG    
     LED_Run[1]         OUTPUT        B15        LVCMOS33           8            NONE       OREG    
     LED_Run[0]         OUTPUT        B14        LVCMOS33           8            NONE       OREG    

Report Hierarchy Area:
+-----------------------------------------------------------------------------------+
|Instance |Module              |le     |lut     |ripple  |seq     |bram    |dsp     |
+-----------------------------------------------------------------------------------+
|top      |responder           |301    |229     |52      |196     |0       |0       |
|  U1     |Sel_module          |65     |52      |7       |36      |0       |0       |
|  U2     |Timer_module        |58     |49      |7       |38      |0       |0       |
|  U3     |Buzzer_module       |41     |25      |6       |27      |0       |0       |
|  U4     |Digitron_NumDisplay |57     |48      |9       |27      |0       |0       |
|  U5     |key_filter          |33     |20      |11      |23      |0       |0       |
|  U6     |led8_module         |47     |35      |12      |27      |0       |0       |
+-----------------------------------------------------------------------------------+


DataNet Average Fanout:

   Index     Fanout    Nets  
    #1         1       213   
    #2         2       149   
    #3         3        25   
    #4         4        7    
    #5        5-10      28   
    #6       11-50      6    
    #7       51-100     1    
  Average     2.23           

RUN-1002 : start command "write_verilog simulation/responder_phy_sim.v"
HDL-1201 : write out verilog file simulation/responder_phy_sim.v
RUN-1002 : start command "export_db responder_pr.db"
RUN-1001 : Exported /
RUN-1001 : Exported flow parameters
RUN-1001 : Exported libs
RUN-1001 : Exported entities
RUN-1001 : Exported ports
RUN-1001 : Exported pins
RUN-1001 : Exported instances
RUN-1001 : Exported nets
RUN-1001 : Exported buses
RUN-1001 : Exported models
RUN-1001 : Exported congestions
RUN-1001 : Exported violations
RUN-1001 : Exported IO constraints
RUN-1001 : Exported Inst constraints
RUN-1002 : start command "start_timer"
TMR-5001 WARNING: No sdc constraints found while initiating timer.
TMR-2505 : Start building timing graph for model responder.
TMR-2506 : Build timing graph completely. Port num: 11, tpin num: 1595, tnet num: 467, tinst num: 197, tnode num: 2042, tedge num: 2689.
TMR-2508 : Levelizing timing graph completed, there are 27 levels in total.
TMR-2501 : Timing graph initialized successfully.
RUN-1002 : start command "report_timing -mode FINAL -net_info -rpt_autogen true -file responder_phy.timing -sdf simulation/responder.sdf"
TMR-2503 : Start to update net delay, extr mode = 6.
TMR-2504 : Update delay of 467 nets completely.
TMR-2502 : Annotate delay completely, extr mode = 6.
TMR-3002 : No user constraint, initiate default constraint.
TMR-1501 : Assign derive clock DeriveClock to 264 clock pins, and constraint 447 relative nodes.
TMR-3003 : Constraints initiated successfully.
TMR-3501 : Forward propagation: start to calculate arrival time...
TMR-3502 : Backward propagation: start to calculate required time...
TMR-3503 : Timing propagation completes.
TMR-3506 : Start to generate timing report.
TMR-1502 : Number of clock constraints = 0. Number of clock nets = 5 (5 unconstrainted).
TMR-5009 WARNING: No clock constraint on 5 clock net(s): 
		CLK_dup_1
		Set_Time_dup_1
		U2/CLK1_syn_4
		U4/SingleNum_b_n4_syn_10
		U4/W_DigitronCS_Out_n_syn_4
TMR-3508 : Export timing summary.
TMR-3507 : Timing report generated successfully in responder_phy.timing, timing summary in responder_phy.tsm.
TMR-1001 : Start to generate SDF file...
RUN-1002 : start command "write_verilog -sdf responder.sdf simulation/responder_phy_sim_sta.v"
HDL-1201 : write out verilog file simulation/responder_phy_sim_sta.v
RUN-1002 : start command "export_bid responder_inst.bid"
RUN-1002 : start command "bitgen -bit responder.bit -unused_io_status pulldown"
BIT-1003 : Start to generate bitstream. 
BIT-1002 : Bitgen processed 155 unused pads, reserve input tri_state with pulldown
BIT-1002 : Init instances with 8 threads.
BIT-1002 : Init instances completely, inst num: 352
BIT-1002 : Init pips with 8 threads.
BIT-1002 : Init pips completely, net num: 469, pip num: 3360
BIT-1002 : Init feedthrough completely, num: 1
BIT-1003 : Multithreading accelaration with 8 threads.
BIT-1003 : Generate bitstream completely, there are 790 valid insts, and 10288 bits set as '1'.
BIT-1004 : PLL setting string = 0000
BIT-1004 : Generate bits file responder.bit.
RUN-1003 : finish command "bitgen -bit responder.bit -unused_io_status pulldown" in  1.956920s wall, 5.796875s user + 0.000000s system = 5.796875s CPU (296.2%)

RUN-1004 : used memory is 432 MB, reserved memory is 411 MB, peak memory is 582 MB
RUN-1002 : start command "backup_run_log run.log ../.logs/phy_1/td_20240727_125406.log"
