============================================================
   Tang Dynasty, V5.6.71036
      Copyright (c) 2012-2023 Anlogic Inc.
   Executable = C:/Anlogic/TD5.6.2/bin/td.exe
   Built at =   20:34:38 Mar 21 2023
   Run by =     Timmy
   Run Date =   Sat Jul 27 17:59:24 2024

   Run on =     DESKTOP-A28VB3Q
============================================================
RUN-1002 : start command "open_project responder.prj"
RUN-1001 : Print Global Property
RUN-1001 : ---------------------------------------------------------------
RUN-1001 :        Parameters        |  Settings  |  Default Values  |  Note  
RUN-1001 : ---------------------------------------------------------------
RUN-1001 :          message         |  standard  |     standard     |        
RUN-1001 :   mixed_pack_place_flow  |     on     |        on        |        
RUN-1001 :        qor_monitor       |    off     |       off        |        
RUN-1001 :        syn_ip_flow       |    off     |       off        |        
RUN-1001 :          thread          |    auto    |       auto       |        
RUN-1001 : ---------------------------------------------------------------
RUN-1001 : Print Design Property
RUN-1001 : --------------------------------------------------------------
RUN-1001 :        Parameters       |  Settings  |  Default Values  |  Note  
RUN-1001 : --------------------------------------------------------------
RUN-1001 :   default_reg_initial   |    auto    |       auto       |        
RUN-1001 :        infer_add        |     on     |        on        |        
RUN-1001 :        infer_fsm        |    off     |       off        |        
RUN-1001 :        infer_mult       |     on     |        on        |        
RUN-1001 :        infer_ram        |     on     |        on        |        
RUN-1001 :        infer_reg        |     on     |        on        |        
RUN-1001 :   infer_reg_init_value  |     on     |        on        |        
RUN-1001 :        infer_rom        |     on     |        on        |        
RUN-1001 :      infer_shifter      |     on     |        on        |        
RUN-1001 : --------------------------------------------------------------
RUN-1001 : Print Rtl Property
RUN-1001 : --------------------------------------------------------------
RUN-1001 :        Parameters       |  Settings  |  Default Values  |  Note  
RUN-1001 : --------------------------------------------------------------
RUN-1001 :       compress_add      |   ripple   |      ripple      |        
RUN-1001 :        elf_sload        |    off     |       off        |        
RUN-1001 :       fix_undriven      |     0      |        0         |        
RUN-1001 :         flatten         |    off     |       off        |        
RUN-1001 :       gate_sharing      |     on     |        on        |        
RUN-1001 :    hdl_warning_level    |   normal   |      normal      |        
RUN-1001 :   impl_internal_tribuf  |     on     |        on        |        
RUN-1001 :      impl_set_reset     |     on     |        on        |        
RUN-1001 :        infer_gsr        |    off     |       off        |        
RUN-1001 :      keep_hierarchy     |    auto    |       auto       |        
RUN-1001 :        max_fanout       |    9999    |       9999       |        
RUN-1001 :      max_oh2bin_len     |     10     |        10        |        
RUN-1001 :       merge_equal       |     on     |        on        |        
RUN-1001 :       merge_equiv       |     on     |        on        |        
RUN-1001 :        merge_mux        |    off     |       off        |        
RUN-1001 :     min_control_set     |     8      |        8         |        
RUN-1001 :      min_ripple_len     |    auto    |       auto       |        
RUN-1001 :       oh2bin_ratio      |    0.08    |       0.08       |        
RUN-1001 :     opt_adder_fanout    |     on     |        on        |        
RUN-1001 :        opt_arith        |     on     |        on        |        
RUN-1001 :       opt_big_gate      |    off     |       off        |        
RUN-1001 :        opt_const        |     on     |        on        |        
RUN-1001 :      opt_const_mult     |     on     |        on        |        
RUN-1001 :       opt_lessthan      |     on     |        on        |        
RUN-1001 :         opt_mux         |    off     |       off        |        
RUN-1001 :         opt_ram         |    high    |       high       |        
RUN-1001 :      rtl_sim_model      |    off     |       off        |        
RUN-1001 :         seq_syn         |     on     |        on        |        
RUN-1001 : --------------------------------------------------------------
HDL-1007 : analyze verilog file ../../responder.v
HDL-1007 : analyze verilog file ../../Sel_module.v
HDL-1007 : analyze verilog file ../../Timer_module.v
HDL-1007 : analyze verilog file ../../Buzzer_module.v
HDL-1007 : analyze verilog file ../../Digitron_NumDisplay.v
HDL-1007 : analyze verilog file ../../key_filter.v
HDL-1007 : analyze verilog file ../../../../1 run_led/run_led/led8_module.v
HDL-1007 : analyze verilog file ../../countdown_module.v
RUN-1001 : Project manager successfully analyzed 8 source files.
RUN-1002 : start command "import_device eagle_s20.db -package EG4S20BG256"
ARC-1001 : Device Initialization.
ARC-1001 : ------------------------------------------------------------------
ARC-1001 :            OPTION            |          IO          |   SETTING   
ARC-1001 : ------------------------------------------------------------------
ARC-1001 :   cso_b/cclk/mosi/miso/dout  |  T3/R11/T10/P10/S11  |    gpio    
ARC-1001 :             done             |         P13          |    gpio    
ARC-1001 :           program_b          |          T2          |  dedicate  
ARC-1001 :        tdi/tms/tck/tdo       |   C12/A15/C14/E14    |  dedicate  
ARC-1001 : ------------------------------------------------------------------
ARC-1004 : Device setting, marked 5 dedicate IOs in total.
RUN-1002 : start command "import_db ../syn_1/responder_gate.db"
RUN-1001 : Importing database generated by Tang Dynasty, V5.6.71036.
RUN-1001 : Database version number 46146.
RUN-1001 : Import flow parameters
RUN-1001 : Import IO constraints
RUN-1001 : Import Inst constraints
RUN-1001 : Import design success TD_VERSION=5.6.71036 , DB_VERSION=46146
RUN-1002 : start command "place"
RUN-1001 : Open license file C:/Anlogic/TD5.6.2/license/Anlogic.lic
RUN-1001 : Print Global Property
RUN-1001 : ---------------------------------------------------------------
RUN-1001 :        Parameters        |  Settings  |  Default Values  |  Note  
RUN-1001 : ---------------------------------------------------------------
RUN-1001 :          message         |  standard  |     standard     |        
RUN-1001 :   mixed_pack_place_flow  |     on     |        on        |        
RUN-1001 :        qor_monitor       |    off     |       off        |        
RUN-1001 :        syn_ip_flow       |    off     |       off        |        
RUN-1001 :          thread          |    auto    |       auto       |        
RUN-1001 : ---------------------------------------------------------------
RUN-1001 : Print Place Property
RUN-1001 : --------------------------------------------------------------
RUN-1001 :        Parameters       |  Settings  |  Default Values  |  Note  
RUN-1001 : --------------------------------------------------------------
RUN-1001 :      detailed_place     |     on     |        on        |        
RUN-1001 :          effort         |   medium   |      medium      |        
RUN-1001 :         fix_hold        |    off     |       off        |        
RUN-1001 :       legalization      |    ori     |       ori        |        
RUN-1001 :      new_spreading      |     on     |        on        |        
RUN-1001 :        opt_timing       |   medium   |      medium      |        
RUN-1001 :   post_clock_route_opt  |    off     |       off        |        
RUN-1001 :       pr_strategy       |     1      |        1         |        
RUN-1001 :        relaxation       |    1.00    |       1.00       |        
RUN-1001 :         retiming        |    off     |       off        |        
RUN-1001 : --------------------------------------------------------------
PHY-3001 : Placer runs in 8 thread(s).
RUN-1002 : start command "legalize_phy_inst"
SYN-1011 : Flatten model responder
RUN-1002 : start command "phys_opt -simplify_lut"
SYN-4024 : Net "CLK_dup_1" drives clk pins.
SYN-4024 : Net "U2/CLK1" drives clk pins.
SYN-4024 : Net "U4/W_DigitronCS_Out_n" drives clk pins.
SYN-4024 : Net "Set_Time_dup_1" drives clk pins.
SYN-4024 : Net "U4/SingleNum_b_n4" drives clk pins.
SYN-4024 : Net "U7/temp_time_n" drives clk pins.
SYN-4025 : Tag rtl::Net CLK_dup_1 as clock net
SYN-4025 : Tag rtl::Net Set_Time_dup_1 as clock net
SYN-4025 : Tag rtl::Net U2/CLK1 as clock net
SYN-4025 : Tag rtl::Net U4/SingleNum_b_n4 as clock net
SYN-4025 : Tag rtl::Net U4/W_DigitronCS_Out_n as clock net
SYN-4025 : Tag rtl::Net U7/temp_time_n as clock net
SYN-4026 : Tagged 6 rtl::Net as clock net
SYN-4015 : Create BUFG instance for clk Net U2/CLK1 to drive 11 clock pins.
SYN-4015 : Create BUFG instance for clk Net U4/W_DigitronCS_Out_n to drive 8 clock pins.
SYN-4015 : Create BUFG instance for clk Net U4/SingleNum_b_n4 to drive 4 clock pins.
SYN-4015 : Create BUFG instance for clk Net U7/temp_time_n to drive 3 clock pins.
PHY-1001 : Populate physical database on model responder.
RUN-1001 : There are total 423 instances
RUN-0007 : 177 luts, 150 seqs, 35 mslices, 20 lslices, 33 pads, 0 brams, 1 dsps
RUN-1001 : There are total 562 nets
RUN-1001 : 328 nets have 2 pins
RUN-1001 : 193 nets have [3 - 5] pins
RUN-1001 : 29 nets have [6 - 10] pins
RUN-1001 : 6 nets have [11 - 20] pins
RUN-1001 : 4 nets have [21 - 99] pins
RUN-1001 : 2 nets have 100+ pins
RUN-1001 : Report Control nets information:
RUN-1001 : DFF Distribution
RUN-1001 : ----------------------------------
RUN-1001 :   CE   |  SSR  |  ASR  |  DFF Count  
RUN-1001 : ----------------------------------
RUN-1001 :   No   |  No   |  No   |     37      
RUN-1001 :   No   |  No   |  Yes  |     51      
RUN-1001 :   No   |  Yes  |  No   |     29      
RUN-1001 :   Yes  |  No   |  No   |      0      
RUN-1001 :   Yes  |  No   |  Yes  |     33      
RUN-1001 :   Yes  |  Yes  |  No   |      0      
RUN-1001 : ----------------------------------
RUN-0007 : Control Group Statistic
RUN-0007 : ---------------------------
RUN-0007 :   #CLK  |  #CE  |  #SSR/ASR  
RUN-0007 : ---------------------------
RUN-0007 :    7    |   3   |     5      
RUN-0007 : ---------------------------
RUN-0007 : Control Set = 12
PHY-3001 : Initial placement ...
PHY-3001 : design contains 421 instances, 177 luts, 150 seqs, 55 slices, 7 macros(55 instances: 35 mslices 20 lslices)
PHY-0007 : Cell area utilization is 1%
PHY-3001 : Global placement ...
PHY-3001 : Initial: Len = 136911
PHY-3001 : Clustering ...
PHY-3001 : Level 0 #clusters 421.
PHY-3001 : End clustering;  0.000012s wall, 0.000000s user + 0.000000s system = 0.000000s CPU (n/a%)

PHY-3001 : Run with size of 4
PHY-3001 : Cell area utilization is 1%
PHY-3001 : :::0::: Try harder cell spreading with beta_ = 0
PHY-3002 : Step(1): len = 87117.7, overlap = 2.25
PHY-3002 : Step(2): len = 61042.5, overlap = 2.25
PHY-3002 : Step(3): len = 44991.7, overlap = 2.25
PHY-3002 : Step(4): len = 34252.2, overlap = 0
PHY-3002 : Step(5): len = 28420.5, overlap = 0
PHY-3002 : Step(6): len = 26978, overlap = 2.25
PHY-3002 : Step(7): len = 23514.6, overlap = 2.25
PHY-3002 : Step(8): len = 20651.2, overlap = 2.25
PHY-3002 : Step(9): len = 20688.9, overlap = 2.25
PHY-3002 : Step(10): len = 18962.6, overlap = 2.25
PHY-3002 : Step(11): len = 18710.3, overlap = 2.25
PHY-3002 : Step(12): len = 18146.6, overlap = 2.25
PHY-3002 : Step(13): len = 16158.7, overlap = 2.25
PHY-3002 : Step(14): len = 16255.5, overlap = 2.25
PHY-3002 : Step(15): len = 15997.1, overlap = 2.25
PHY-3001 : :::1::: Try harder cell spreading with beta_ = 0.000267825
PHY-3002 : Step(16): len = 15994.5, overlap = 0
PHY-3002 : Step(17): len = 14990.8, overlap = 2.25
PHY-3002 : Step(18): len = 14736.7, overlap = 2.25
PHY-3002 : Step(19): len = 14641, overlap = 2.25
PHY-3002 : Step(20): len = 13893.5, overlap = 0
PHY-3002 : Step(21): len = 13994.3, overlap = 0
PHY-3002 : Step(22): len = 14210.9, overlap = 0
PHY-3002 : Step(23): len = 14345.6, overlap = 0
PHY-3001 : Legalization ...
PHY-3001 : End legalization;  0.007106s wall, 0.000000s user + 0.000000s system = 0.000000s CPU (n/a%)

PHY-3001 : Run with size of 4
PHY-3001 : Cell area utilization is 1%
PHY-3001 : :::0::: Try harder cell spreading with beta_ = 0
PHY-3002 : Step(24): len = 13696.1, overlap = 0
PHY-3002 : Step(25): len = 13826.2, overlap = 0
PHY-3002 : Step(26): len = 14280.7, overlap = 0
PHY-3002 : Step(27): len = 14495.8, overlap = 0
PHY-3002 : Step(28): len = 13915.1, overlap = 0
PHY-3002 : Step(29): len = 14156.1, overlap = 0
PHY-3002 : Step(30): len = 13928.4, overlap = 0
PHY-3002 : Step(31): len = 13132, overlap = 0
PHY-3002 : Step(32): len = 12356, overlap = 0
PHY-3002 : Step(33): len = 12582.6, overlap = 0
PHY-3002 : Step(34): len = 12688.6, overlap = 0
PHY-3002 : Step(35): len = 12925.3, overlap = 0
PHY-3002 : Step(36): len = 12298.9, overlap = 0
PHY-3002 : Step(37): len = 11411.1, overlap = 0
PHY-3002 : Step(38): len = 11497, overlap = 0
PHY-3002 : Step(39): len = 11596.7, overlap = 0
PHY-3002 : Step(40): len = 11464.5, overlap = 0
PHY-3002 : Step(41): len = 11599.4, overlap = 0
PHY-3002 : Step(42): len = 11162.3, overlap = 0
PHY-3002 : Step(43): len = 11361.7, overlap = 0
PHY-3002 : Step(44): len = 11085.9, overlap = 0
PHY-3002 : Step(45): len = 11169, overlap = 0
PHY-3002 : Step(46): len = 11255, overlap = 0
PHY-3002 : Step(47): len = 11183.3, overlap = 0
PHY-3002 : Step(48): len = 10825.4, overlap = 0
PHY-3002 : Step(49): len = 10845.3, overlap = 0
PHY-3002 : Step(50): len = 10807.8, overlap = 0
PHY-3002 : Step(51): len = 10793.9, overlap = 0
PHY-3002 : Step(52): len = 10183.2, overlap = 0
PHY-3002 : Step(53): len = 10274.3, overlap = 0
PHY-3002 : Step(54): len = 9895.1, overlap = 0
PHY-3002 : Step(55): len = 10013.1, overlap = 0
PHY-3002 : Step(56): len = 10094.4, overlap = 0
PHY-3002 : Step(57): len = 9727.1, overlap = 0
PHY-3002 : Step(58): len = 9466.9, overlap = 0
PHY-3002 : Step(59): len = 9537.4, overlap = 0
PHY-3002 : Step(60): len = 9500.8, overlap = 0
PHY-3002 : Step(61): len = 9573, overlap = 0
PHY-3002 : Step(62): len = 9289.2, overlap = 0
PHY-3002 : Step(63): len = 9234.2, overlap = 0
PHY-3002 : Step(64): len = 9087.5, overlap = 0
PHY-3002 : Step(65): len = 8783.7, overlap = 0
PHY-3002 : Step(66): len = 8414.9, overlap = 0
PHY-3002 : Step(67): len = 8542.4, overlap = 0
PHY-3002 : Step(68): len = 8246, overlap = 0
PHY-3002 : Step(69): len = 8227.1, overlap = 0
PHY-3002 : Step(70): len = 7992.9, overlap = 0
PHY-3002 : Step(71): len = 8036.7, overlap = 0
PHY-3002 : Step(72): len = 8124.6, overlap = 0
PHY-3002 : Step(73): len = 8130.1, overlap = 0
PHY-3002 : Step(74): len = 7934.2, overlap = 0
PHY-3002 : Step(75): len = 7957.4, overlap = 0
PHY-3002 : Step(76): len = 7854.1, overlap = 0
PHY-3002 : Step(77): len = 7893.3, overlap = 0
PHY-3002 : Step(78): len = 7783.9, overlap = 0
PHY-3002 : Step(79): len = 7824.7, overlap = 0
PHY-3002 : Step(80): len = 7782.9, overlap = 0
PHY-3002 : Step(81): len = 7818.1, overlap = 0
PHY-3002 : Step(82): len = 7750.3, overlap = 0
PHY-3002 : Step(83): len = 7778.6, overlap = 0
PHY-3002 : Step(84): len = 7641.4, overlap = 0
PHY-3002 : Step(85): len = 7685.5, overlap = 0
PHY-3002 : Step(86): len = 7731.1, overlap = 0
PHY-3002 : Step(87): len = 7760.9, overlap = 0
PHY-3001 : Run with size of 2
PHY-3001 : Cell area utilization is 1%
PHY-3001 : :::0::: Try harder cell spreading with beta_ = 0
PHY-3002 : Step(88): len = 7595.8, overlap = 2.8125
PHY-3002 : Step(89): len = 7595.8, overlap = 2.8125
PHY-3002 : Step(90): len = 7594.4, overlap = 2.59375
PHY-3002 : Step(91): len = 7594.4, overlap = 2.59375
PHY-3002 : Step(92): len = 7573.1, overlap = 2.46875
PHY-3002 : Step(93): len = 7573.1, overlap = 2.46875
PHY-3002 : Step(94): len = 7539.8, overlap = 2.3125
PHY-3002 : Step(95): len = 7539.8, overlap = 2.3125
PHY-3002 : Step(96): len = 7484.7, overlap = 2.3125
OPT-1001 : Start physical optimization ...
OPT-1001 : Total overflow 20.06 peak overflow 3.53
OPT-1001 : Start high-fanout net optimization ...
OPT-1001 : Update timing in global mode
PHY-1001 : Start incremental global routing, caller is place ...
RUN-1001 : Generating global routing grids ...
RUN-1001 : Building simple global routing graph ...
PHY-1001 : Generate routing nets ...
PHY-1001 : Reuse net number 0/562.
PHY-1001 : Global iterations in 8 thread ...
PHY-1002 : len = 8024, over cnt = 20(0%), over = 58, worst = 10
PHY-1001 : End global iterations;  0.027591s wall, 0.000000s user + 0.000000s system = 0.000000s CPU (n/a%)

PHY-1001 : Congestion index: top1 = 12.67, top5 = 5.06, top10 = 2.67, top15 = 1.78.
PHY-1001 : End incremental global routing;  0.088060s wall, 0.046875s user + 0.000000s system = 0.046875s CPU (53.2%)

RUN-1002 : start command "start_timer -report"
TMR-5001 WARNING: No sdc constraints found while initiating timer.
TMR-2505 : Start building timing graph for model responder.
TMR-2506 : Build timing graph completely. Port num: 11, tpin num: 1905, tnet num: 560, tinst num: 421, tnode num: 2487, tedge num: 3062.
TMR-2508 : Levelizing timing graph completed, there are 29 levels in total.
TMR-2501 : Timing graph initialized successfully.
OPT-1001 : End timing update;  0.248105s wall, 0.187500s user + 0.000000s system = 0.187500s CPU (75.6%)

OPT-1001 : 0 high-fanout net processed.
OPT-1001 : End high-fanout net optimization;  0.342294s wall, 0.234375s user + 0.000000s system = 0.234375s CPU (68.5%)

OPT-1001 : Current memory(MB): used = 138, reserve = 109, peak = 138.
OPT-1001 : End physical optimization;  0.350241s wall, 0.265625s user + 0.000000s system = 0.265625s CPU (75.8%)

PHY-3001 : Start packing ...
SYN-4007 : Packing 0 MUX to BLE ...
SYN-4008 : Packed 0 MUX and 0 SEQ to BLE.
SYN-4007 : Packing 177 LUT to BLE ...
SYN-4008 : Packed 177 LUT and 84 SEQ to BLE.
SYN-4003 : Packing 66 remaining SEQ's ...
SYN-4005 : Packed 52 SEQ with LUT/SLICE
SYN-4006 : 47 single LUT's are left
SYN-4006 : 14 single SEQ's are left
SYN-4011 : Packing model "responder" (AL_USER_NORMAL) with 191/287 primitive instances ...
PHY-3001 : End packing;  0.014692s wall, 0.015625s user + 0.000000s system = 0.015625s CPU (106.4%)

PHY-1001 : Populate physical database on model responder.
RUN-1001 : There are total 206 instances
RUN-1001 : 83 mslices, 82 lslices, 33 pads, 0 brams, 1 dsps
RUN-1001 : There are total 490 nets
RUN-1001 : 263 nets have 2 pins
RUN-1001 : 186 nets have [3 - 5] pins
RUN-1001 : 29 nets have [6 - 10] pins
RUN-1001 : 8 nets have [11 - 20] pins
RUN-1001 : 2 nets have [21 - 99] pins
RUN-1001 : 2 nets have 100+ pins
PHY-3001 : design contains 204 instances, 165 slices, 7 macros(55 instances: 35 mslices 20 lslices)
PHY-3001 : Cell area utilization is 2%
PHY-3001 : After packing: Len = 8241.2, Over = 8.5
PHY-3001 : Run with size of 2
PHY-3001 : Cell area utilization is 2%
PHY-3001 : :::0::: Try harder cell spreading with beta_ = 9.38062e-05
PHY-3002 : Step(97): len = 8116.6, overlap = 8
PHY-3002 : Step(98): len = 8113.7, overlap = 7.5
PHY-3002 : Step(99): len = 8058.2, overlap = 8
PHY-3001 : :::1::: Try harder cell spreading with beta_ = 0.000187612
PHY-3002 : Step(100): len = 7970, overlap = 7.75
PHY-3002 : Step(101): len = 7986.3, overlap = 7.5
PHY-3002 : Step(102): len = 7986.3, overlap = 7.5
PHY-3001 : :::2::: Try harder cell spreading with beta_ = 0.000375225
PHY-3002 : Step(103): len = 8004, overlap = 7.5
PHY-3002 : Step(104): len = 8034, overlap = 6.75
PHY-3001 : Legalization ...
PHY-3001 : End legalization;  0.048156s wall, 0.000000s user + 0.000000s system = 0.000000s CPU (n/a%)

PHY-3001 : Trial Legalized: Len = 12333.3
PHY-3001 : Run with size of 2
PHY-3001 : Cell area utilization is 2%
PHY-3001 : :::0::: Try harder cell spreading with beta_ = 0
PHY-3002 : Step(105): len = 9605.1, overlap = 2
PHY-3002 : Step(106): len = 8658.8, overlap = 5.5
PHY-3002 : Step(107): len = 8335.8, overlap = 6.75
PHY-3002 : Step(108): len = 8036.8, overlap = 7.5
PHY-3002 : Step(109): len = 8036.8, overlap = 7.5
PHY-3002 : Step(110): len = 7902.4, overlap = 7.5
PHY-3001 : :::1::: Try harder cell spreading with beta_ = 0.000118986
PHY-3002 : Step(111): len = 7920.6, overlap = 7.25
PHY-3002 : Step(112): len = 7920.6, overlap = 7.25
PHY-3001 : :::2::: Try harder cell spreading with beta_ = 0.000237972
PHY-3002 : Step(113): len = 7993.4, overlap = 7
PHY-3002 : Step(114): len = 7993.4, overlap = 7
PHY-3001 : Legalization ...
PHY-3001 : End legalization;  0.007779s wall, 0.000000s user + 0.000000s system = 0.000000s CPU (n/a%)

PHY-3001 : Legalized: Len = 10196.4, Over = 0
PHY-3001 : Spreading special nets. 3 overflows in 2952 tiles.
PHY-3001 : End spreading;  0.003193s wall, 0.000000s user + 0.000000s system = 0.000000s CPU (n/a%)

PHY-3001 : 4 instances has been re-located, deltaX = 2, deltaY = 3, maxDist = 2.
PHY-3001 : Final: Len = 10342.4, Over = 0
OPT-1001 : Start physical optimization ...
OPT-1001 : Total overflow 0.00 peak overflow 0.00
OPT-1001 : Start high-fanout net optimization ...
OPT-1001 : Update timing in global mode
PHY-1001 : Start incremental global routing, caller is place ...
RUN-1001 : Generating global routing grids ...
PHY-1001 : Generate routing nets ...
PHY-1001 : Reuse net number 23/490.
PHY-1001 : Global iterations in 8 thread ...
PHY-1002 : len = 11256, over cnt = 27(0%), over = 35, worst = 3
PHY-1002 : len = 11360, over cnt = 12(0%), over = 15, worst = 3
PHY-1002 : len = 11536, over cnt = 4(0%), over = 4, worst = 1
PHY-1002 : len = 11600, over cnt = 0(0%), over = 0, worst = 0
PHY-1001 : End global iterations;  0.052234s wall, 0.015625s user + 0.000000s system = 0.015625s CPU (29.9%)

PHY-1001 : Congestion index: top1 = 16.55, top5 = 7.22, top10 = 3.92, top15 = 2.62.
PHY-1001 : End incremental global routing;  0.104866s wall, 0.015625s user + 0.000000s system = 0.015625s CPU (14.9%)

RUN-1002 : start command "start_timer -report"
TMR-5001 WARNING: No sdc constraints found while initiating timer.
TMR-2505 : Start building timing graph for model responder.
TMR-2506 : Build timing graph completely. Port num: 11, tpin num: 1653, tnet num: 488, tinst num: 204, tnode num: 2127, tedge num: 2786.
TMR-2508 : Levelizing timing graph completed, there are 27 levels in total.
TMR-2501 : Timing graph initialized successfully.
OPT-1001 : End timing update;  0.220524s wall, 0.234375s user + 0.000000s system = 0.234375s CPU (106.3%)

OPT-1001 : 0 high-fanout net processed.
OPT-1001 : End high-fanout net optimization;  0.331000s wall, 0.265625s user + 0.000000s system = 0.265625s CPU (80.2%)

OPT-1001 : Current memory(MB): used = 140, reserve = 110, peak = 140.
OPT-1001 : Update timing in Manhattan mode
OPT-1001 : End timing update;  0.000422s wall, 0.000000s user + 0.000000s system = 0.000000s CPU (n/a%)

OPT-1001 : Start pin optimization...
OPT-1001 : skip pin optimization...
RUN-1001 : Generating global routing grids ...
PHY-1001 : Generate routing nets ...
PHY-1001 : Reuse net number 369/490.
PHY-1001 : Global iterations in 8 thread ...
PHY-1002 : len = 11600, over cnt = 0(0%), over = 0, worst = 0
PHY-1001 : End global iterations;  0.003537s wall, 0.000000s user + 0.000000s system = 0.000000s CPU (n/a%)

PHY-1001 : Congestion index: top1 = 16.55, top5 = 7.22, top10 = 3.92, top15 = 2.62.
OPT-1001 : Update timing in Manhattan mode
OPT-1001 : End timing update;  0.000703s wall, 0.000000s user + 0.000000s system = 0.000000s CPU (n/a%)

RUN-1001 : QoR Analysis:
OPT-0007 :   WNS 2147483647 TNS 0 NUM_FEPS 0
RUN-1001 :   No local congestion issue, and most congested 1% tile average routing util is 16.172414
RUN-1001 :   Top critical paths
OPT-1001 : End physical optimization;  0.404057s wall, 0.312500s user + 0.000000s system = 0.312500s CPU (77.3%)

RUN-1003 : finish command "place" in  2.683704s wall, 1.500000s user + 0.421875s system = 1.921875s CPU (71.6%)

RUN-1004 : used memory is 135 MB, reserved memory is 106 MB, peak memory is 140 MB
RUN-1002 : start command "export_db responder_place.db"
RUN-1001 : Exported /
RUN-1001 : Exported flow parameters
RUN-1001 : Exported libs
RUN-1001 : Exported entities
RUN-1001 : Exported ports
RUN-1001 : Exported pins
RUN-1001 : Exported instances
RUN-1001 : Exported nets
RUN-1001 : Exported buses
RUN-1001 : Exported models
RUN-1001 : Exported congestions
RUN-1001 : Exported violations
RUN-1001 : Exported IO constraints
RUN-1001 : Exported Inst constraints
RUN-1002 : start command "route"
RUN-1001 : Open license file C:/Anlogic/TD5.6.2/license/Anlogic.lic
RUN-1001 : Print Global Property
RUN-1001 : ---------------------------------------------------------------
RUN-1001 :        Parameters        |  Settings  |  Default Values  |  Note  
RUN-1001 : ---------------------------------------------------------------
RUN-1001 :          message         |  standard  |     standard     |        
RUN-1001 :   mixed_pack_place_flow  |     on     |        on        |        
RUN-1001 :        qor_monitor       |    off     |       off        |        
RUN-1001 :        syn_ip_flow       |    off     |       off        |        
RUN-1001 :          thread          |    auto    |       auto       |        
RUN-1001 : ---------------------------------------------------------------
RUN-1002 : start command "set_param route phy_sim_model on"
RUN-1001 : Print Route Property
RUN-1001 : -------------------------------------------------------
RUN-1001 :    Parameters    |  Settings  |  Default Values  |  Note  
RUN-1001 : -------------------------------------------------------
RUN-1001 :      effort      |   medium   |      medium      |        
RUN-1001 :     fix_hold     |    off     |       off        |        
RUN-1001 :    opt_timing    |   medium   |      medium      |        
RUN-1001 :   phy_sim_model  |     on     |       off        |   *    
RUN-1001 :     priority     |   timing   |      timing      |        
RUN-1001 :     swap_pin     |     on     |        on        |        
RUN-1001 : -------------------------------------------------------
PHY-1001 : Route runs in 8 thread(s)
RUN-1001 : There are total 206 instances
RUN-1001 : 83 mslices, 82 lslices, 33 pads, 0 brams, 1 dsps
RUN-1001 : There are total 490 nets
RUN-1001 : 263 nets have 2 pins
RUN-1001 : 186 nets have [3 - 5] pins
RUN-1001 : 29 nets have [6 - 10] pins
RUN-1001 : 8 nets have [11 - 20] pins
RUN-1001 : 2 nets have [21 - 99] pins
RUN-1001 : 2 nets have 100+ pins
RUN-1002 : start command "start_timer -report"
TMR-5001 WARNING: No sdc constraints found while initiating timer.
TMR-2505 : Start building timing graph for model responder.
TMR-2506 : Build timing graph completely. Port num: 11, tpin num: 1653, tnet num: 488, tinst num: 204, tnode num: 2127, tedge num: 2786.
TMR-2508 : Levelizing timing graph completed, there are 27 levels in total.
TMR-2501 : Timing graph initialized successfully.
PHY-1001 : 83 mslices, 82 lslices, 33 pads, 0 brams, 1 dsps
TMR-2503 : Start to update net delay, extr mode = 3.
TMR-2504 : Update delay of 488 nets completely.
TMR-2502 : Annotate delay completely, extr mode = 3.
TMR-3002 : No user constraint, initiate default constraint.
TMR-1501 : Assign derive clock DeriveClock to 288 clock pins, and constraint 474 relative nodes.
TMR-3003 : Constraints initiated successfully.
TMR-3501 : Forward propagation: start to calculate arrival time...
TMR-3502 : Backward propagation: start to calculate required time...
TMR-3503 : Timing propagation completes.
PHY-1001 : Start global routing, caller is route ...
RUN-1001 : Generating global routing grids ...
PHY-1001 : Generate routing nets ...
PHY-1001 : Global iterations in 8 thread ...
PHY-1002 : len = 11112, over cnt = 29(0%), over = 36, worst = 3
PHY-1002 : len = 11224, over cnt = 12(0%), over = 15, worst = 3
PHY-1002 : len = 11416, over cnt = 3(0%), over = 3, worst = 1
PHY-1002 : len = 11464, over cnt = 0(0%), over = 0, worst = 0
PHY-1001 : End global iterations;  0.059673s wall, 0.031250s user + 0.000000s system = 0.031250s CPU (52.4%)

PHY-1001 : Congestion index: top1 = 16.66, top5 = 7.23, top10 = 3.90, top15 = 2.60.
PHY-1001 : End global routing;  0.115978s wall, 0.078125s user + 0.000000s system = 0.078125s CPU (67.4%)

PHY-1001 : Start detail routing ...
PHY-1001 : Current memory(MB): used = 158, reserve = 129, peak = 161.
PHY-1001 : Detailed router is running in normal mode.
PHY-1001 : Generate detailed routing grids ...
PHY-1001 : Processed IO instance DigitronCS_Out[3]_syn_2 with INV attribute.
PHY-1001 : Processed IO instance DigitronCS_Out[2]_syn_2 with INV attribute.
PHY-1001 : Processed IO instance DigitronCS_Out[1]_syn_2 with INV attribute.
PHY-1001 : Processed IO instance DigitronCS_Out[0]_syn_2 with INV attribute.
PHY-1001 : Generate nets ...
PHY-1001 : net CLK_dup_1 will be routed on clock mesh
PHY-1001 : net Set_Time_dup_1 will be routed on clock mesh
PHY-1001 : clock net U7/temp_time_n_syn_3 will be merged with clock U7/temp_time_n
PHY-1001 : clock net U2/CLK1_syn_4 will be merged with clock U2/CLK1
PHY-1001 : clock net U4/SingleNum_b_n4_syn_10 will be merged with clock U4/SingleNum_b_n4
PHY-1001 : clock net U4/W_DigitronCS_Out_n_syn_4 will be merged with clock U4/W_DigitronCS_Out_n
PHY-1001 : Current memory(MB): used = 422, reserve = 397, peak = 422.
PHY-1001 : End build detailed router design. 4.393149s wall, 3.515625s user + 0.046875s system = 3.562500s CPU (81.1%)

PHY-1001 : Detail Route ...
PHY-1001 : ===== Detail Route Phase 1 =====
PHY-1001 : Clock net routing.....
PHY-1001 : Routed 1% nets.
PHY-1022 : len = 14200, over cnt = 2(0%), over = 2, worst = 1, crit = 0
PHY-1001 : End initial clock net routed; 2.379856s wall, 1.718750s user + 0.015625s system = 1.734375s CPU (72.9%)

PHY-1001 : Ripup-reroute.....
PHY-1001 : ===== DR Iter 1 =====
PHY-1022 : len = 14136, over cnt = 0(0%), over = 0, worst = 0, crit = 0
PHY-1001 : End DR Iter 1; 0.463065s wall, 0.359375s user + 0.000000s system = 0.359375s CPU (77.6%)

PHY-1001 : Current memory(MB): used = 454, reserve = 430, peak = 454.
PHY-1001 : End phase 1; 2.855584s wall, 2.078125s user + 0.015625s system = 2.093750s CPU (73.3%)

PHY-1001 : ===== Detail Route Phase 2 =====
PHY-1001 : Initial routing.....
PHY-1001 : Routed 38% nets.
PHY-1001 : Routed 44% nets.
PHY-1001 : Routed 53% nets.
PHY-1001 : Routed 65% nets.
PHY-1001 : Routed 82% nets.
PHY-1022 : len = 37888, over cnt = 7(0%), over = 7, worst = 1, crit = 0
PHY-1001 : Current memory(MB): used = 455, reserve = 430, peak = 455.
PHY-1001 : End initial routed; 0.301577s wall, 0.203125s user + 0.015625s system = 0.218750s CPU (72.5%)

PHY-1001 : Current memory(MB): used = 455, reserve = 430, peak = 455.
PHY-1001 : End phase 2; 0.301649s wall, 0.203125s user + 0.015625s system = 0.218750s CPU (72.5%)

PHY-1001 : ===== Detail Route Phase 3 =====
PHY-1001 : Ripup-reroute.....
PHY-1001 : ===== DR Iter 1 =====
PHY-1022 : len = 37864, over cnt = 2(0%), over = 2, worst = 1, crit = 0
PHY-1001 : End DR Iter 1; 0.021418s wall, 0.000000s user + 0.000000s system = 0.000000s CPU (n/a%)

PHY-1001 : ===== DR Iter 2 =====
PHY-1022 : len = 37848, over cnt = 0(0%), over = 0, worst = 0, crit = 0
PHY-1001 : End DR Iter 2; 0.015011s wall, 0.000000s user + 0.000000s system = 0.000000s CPU (n/a%)

PHY-1001 : Commit to database.....
PHY-1001 : 5 feed throughs used by 4 nets
PHY-1001 : End commit to database; 0.068453s wall, 0.062500s user + 0.000000s system = 0.062500s CPU (91.3%)

PHY-1001 : Current memory(MB): used = 465, reserve = 440, peak = 465.
PHY-1001 : End phase 3; 0.251571s wall, 0.156250s user + 0.000000s system = 0.156250s CPU (62.1%)

PHY-1003 : Routed, final wirelength = 37848
PHY-1001 : Current memory(MB): used = 465, reserve = 440, peak = 465.
PHY-1001 : End export database. 0.006044s wall, 0.000000s user + 0.000000s system = 0.000000s CPU (n/a%)

PHY-1001 : End detail routing;  8.044595s wall, 6.156250s user + 0.078125s system = 6.234375s CPU (77.5%)

RUN-1003 : finish command "route" in  8.469395s wall, 6.500000s user + 0.093750s system = 6.593750s CPU (77.9%)

RUN-1004 : used memory is 421 MB, reserved memory is 395 MB, peak memory is 465 MB
RUN-1002 : start command "report_area -io_info -file responder_phy.area"
RUN-1001 : standard
***Report Model: responder Device: EG4S20BG256***

IO Statistics
#IO                        33
  #input                    7
  #output                  26
  #inout                    0

Utilization Statistics
#lut                      290   out of  19600    1.48%
#reg                      190   out of  19600    0.97%
#le                       304
  #lut only               114   out of    304   37.50%
  #reg only                14   out of    304    4.61%
  #lut&reg                176   out of    304   57.89%
#dsp                        1   out of     29    3.45%
#bram                       0   out of     64    0.00%
  #bram9k                   0
  #fifo9k                   0
#bram32k                    0   out of     16    0.00%
#pad                       33   out of    188   17.55%
  #ireg                     4
  #oreg                    14
  #treg                     0
#pll                        0   out of      4    0.00%
#gclk                       4   out of     16   25.00%

Clock Resource Statistics
Index     ClockNet                 Type               DriverType         Driver                   Fanout
#1        CLK_dup_1                GCLK               io                 CLK_syn_2.di             118
#2        Set_Time_dup_1           GCLK               io                 Set_Time_syn_2.di        9
#3        U2/CLK1                  GCLK               lslice             U2/CLK1_reg_syn_38.q0    8
#4        U4/W_DigitronCS_Out_n    GCLK               lslice             U4/reg2_syn_28.f1        7
#5        U4/SingleNum_b_n4        GCLK               mslice             U4/sel1_syn_118.f0       3
#6        U7/temp_time_n           GCLK               lslice             U1/reg1_syn_61.f0        3


Detailed IO Report

        Name           Direction    Location    IOStandard    DriveStrength    PullType    PackReg  
         CLK             INPUT         R7        LVCMOS33          N/A          PULLUP      NONE    
      Key_In[3]          INPUT        F10        LVCMOS33          N/A          PULLUP      IREG    
      Key_In[2]          INPUT        C11        LVCMOS33          N/A          PULLUP      IREG    
      Key_In[1]          INPUT        D11        LVCMOS33          N/A          PULLUP      IREG    
      Key_In[0]          INPUT        E11        LVCMOS33          N/A          PULLUP      IREG    
        RSTn             INPUT         A9        LVCMOS33          N/A          PULLUP      NONE    
      Set_Time           INPUT        A10        LVCMOS33          N/A          PULLUP      NONE    
     Buzzer_Out         OUTPUT        H11        LVCMOS33           8            NONE       OREG    
  DigitronCS_Out[3]     OUTPUT         A3        LVCMOS33           8            NONE       OREG    
  DigitronCS_Out[2]     OUTPUT         A5        LVCMOS33           8            NONE       OREG    
  DigitronCS_Out[1]     OUTPUT         B6        LVCMOS33           8            NONE       OREG    
  DigitronCS_Out[0]     OUTPUT         C9        LVCMOS33           8            NONE       OREG    
   Digitron_Out[7]      OUTPUT         C8        LVCMOS33           8            NONE       NONE    
   Digitron_Out[6]      OUTPUT         A8        LVCMOS33           8            NONE       NONE    
   Digitron_Out[5]      OUTPUT         B5        LVCMOS33           8            NONE       NONE    
   Digitron_Out[4]      OUTPUT         A7        LVCMOS33           8            NONE       NONE    
   Digitron_Out[3]      OUTPUT         E8        LVCMOS33           8            NONE       NONE    
   Digitron_Out[2]      OUTPUT         B8        LVCMOS33           8            NONE       NONE    
   Digitron_Out[1]      OUTPUT         A6        LVCMOS33           8            NONE       NONE    
   Digitron_Out[0]      OUTPUT         A4        LVCMOS33           8            NONE       NONE    
     Key_Row[3]         OUTPUT        E10        LVCMOS33           8            NONE       NONE    
     Key_Row[2]         OUTPUT        C10        LVCMOS33           8            NONE       NONE    
     Key_Row[1]         OUTPUT         F9        LVCMOS33           8            NONE       NONE    
     Key_Row[0]         OUTPUT         D9        LVCMOS33           8            NONE       NONE    
     LED_Out[3]         OUTPUT         C2        LVCMOS33           8            NONE       OREG    
     LED_Out[2]         OUTPUT         C1        LVCMOS33           8            NONE       OREG    
     LED_Out[1]         OUTPUT         E4        LVCMOS33           8            NONE       OREG    
     LED_Out[0]         OUTPUT         D3        LVCMOS33           8            NONE       OREG    
  LED_OverTime_Out      OUTPUT        F16        LVCMOS33           8            NONE       OREG    
     LED_Run[3]         OUTPUT        C15        LVCMOS33           8            NONE       OREG    
     LED_Run[2]         OUTPUT        B16        LVCMOS33           8            NONE       OREG    
     LED_Run[1]         OUTPUT        B15        LVCMOS33           8            NONE       OREG    
     LED_Run[0]         OUTPUT        B14        LVCMOS33           8            NONE       OREG    

Report Hierarchy Area:
+-----------------------------------------------------------------------------------+
|Instance |Module              |le     |lut     |ripple  |seq     |bram    |dsp     |
+-----------------------------------------------------------------------------------+
|top      |responder           |304    |235     |55      |208     |0       |1       |
|  U1     |Sel_module          |63     |53      |7       |37      |0       |0       |
|  U2     |Timer_module        |57     |46      |10      |40      |0       |0       |
|  U3     |Buzzer_module       |37     |23      |6       |27      |0       |0       |
|  U4     |Digitron_NumDisplay |61     |52      |9       |30      |0       |0       |
|  U5     |key_filter          |33     |20      |11      |23      |0       |0       |
|  U6     |led8_module         |47     |35      |12      |27      |0       |0       |
|  U7     |countdown_module    |6      |6       |0       |6       |0       |1       |
+-----------------------------------------------------------------------------------+


DataNet Average Fanout:

   Index     Fanout    Nets  
    #1         1       230   
    #2         2       159   
    #3         3        15   
    #4         4        10   
    #5        5-10      28   
    #6       11-50      6    
    #7       51-100     1    
  Average     2.18           

RUN-1002 : start command "write_verilog simulation/responder_phy_sim.v"
HDL-1201 : write out verilog file simulation/responder_phy_sim.v
RUN-1002 : start command "export_db responder_pr.db"
RUN-1001 : Exported /
RUN-1001 : Exported flow parameters
RUN-1001 : Exported libs
RUN-1001 : Exported entities
RUN-1001 : Exported ports
RUN-1001 : Exported pins
RUN-1001 : Exported instances
RUN-1001 : Exported nets
RUN-1001 : Exported buses
RUN-1001 : Exported models
RUN-1001 : Exported congestions
RUN-1001 : Exported violations
RUN-1001 : Exported IO constraints
RUN-1001 : Exported Inst constraints
RUN-1002 : start command "start_timer"
TMR-5001 WARNING: No sdc constraints found while initiating timer.
TMR-2505 : Start building timing graph for model responder.
TMR-2506 : Build timing graph completely. Port num: 11, tpin num: 1653, tnet num: 488, tinst num: 204, tnode num: 2127, tedge num: 2786.
TMR-2508 : Levelizing timing graph completed, there are 27 levels in total.
TMR-2501 : Timing graph initialized successfully.
RUN-1002 : start command "report_timing -mode FINAL -net_info -rpt_autogen true -file responder_phy.timing -sdf simulation/responder.sdf"
TMR-2503 : Start to update net delay, extr mode = 6.
TMR-2504 : Update delay of 488 nets completely.
TMR-2502 : Annotate delay completely, extr mode = 6.
TMR-3002 : No user constraint, initiate default constraint.
TMR-1501 : Assign derive clock DeriveClock to 288 clock pins, and constraint 474 relative nodes.
TMR-3003 : Constraints initiated successfully.
TMR-3501 : Forward propagation: start to calculate arrival time...
TMR-3502 : Backward propagation: start to calculate required time...
TMR-3503 : Timing propagation completes.
TMR-3506 : Start to generate timing report.
TMR-1502 : Number of clock constraints = 0. Number of clock nets = 6 (6 unconstrainted).
TMR-5009 WARNING: No clock constraint on 6 clock net(s): 
		CLK_dup_1
		Set_Time_dup_1
		U2/CLK1_syn_4
		U4/SingleNum_b_n4_syn_10
		U4/W_DigitronCS_Out_n_syn_4
		U7/temp_time_n_syn_3
TMR-3508 : Export timing summary.
TMR-3507 : Timing report generated successfully in responder_phy.timing, timing summary in responder_phy.tsm.
TMR-1001 : Start to generate SDF file...
RUN-1002 : start command "write_verilog -sdf responder.sdf simulation/responder_phy_sim_sta.v"
HDL-1201 : write out verilog file simulation/responder_phy_sim_sta.v
RUN-1002 : start command "export_bid responder_inst.bid"
RUN-1002 : start command "bitgen -bit responder.bit -unused_io_status pulldown"
BIT-1003 : Start to generate bitstream. 
BIT-1002 : Bitgen processed 155 unused pads, reserve input tri_state with pulldown
BIT-1002 : Init instances with 8 threads.
BIT-1002 : Init instances completely, inst num: 359
BIT-1002 : Init pips with 8 threads.
BIT-1002 : Init pips completely, net num: 490, pip num: 3361
BIT-1002 : Init feedthrough completely, num: 5
BIT-1003 : Multithreading accelaration with 8 threads.
BIT-1003 : Generate bitstream completely, there are 649 valid insts, and 10395 bits set as '1'.
BIT-1004 : PLL setting string = 0000
BIT-1004 : Generate bits file responder.bit.
RUN-1003 : finish command "bitgen -bit responder.bit -unused_io_status pulldown" in  2.358446s wall, 3.968750s user + 0.031250s system = 4.000000s CPU (169.6%)

RUN-1004 : used memory is 431 MB, reserved memory is 409 MB, peak memory is 584 MB
RUN-1002 : start command "backup_run_log run.log ../.logs/phy_1/td_20240727_175924.log"
