============================================================
   Tang Dynasty, V5.6.71036
      Copyright (c) 2012-2023 Anlogic Inc.
   Executable = C:/Anlogic/TD5.6.2/bin/td.exe
   Built at =   20:34:38 Mar 21 2023
   Run by =     Timmy
   Run Date =   Tue Jul 23 16:29:54 2024

   Run on =     DESKTOP-A28VB3Q
============================================================
RUN-1002 : start command "open_project responder.prj"
RUN-1001 : Print Global Property
RUN-1001 : ---------------------------------------------------------------
RUN-1001 :        Parameters        |  Settings  |  Default Values  |  Note  
RUN-1001 : ---------------------------------------------------------------
RUN-1001 :          message         |  standard  |     standard     |        
RUN-1001 :   mixed_pack_place_flow  |     on     |        on        |        
RUN-1001 :        qor_monitor       |    off     |       off        |        
RUN-1001 :        syn_ip_flow       |    off     |       off        |        
RUN-1001 :          thread          |    auto    |       auto       |        
RUN-1001 : ---------------------------------------------------------------
RUN-1001 : Print Design Property
RUN-1001 : --------------------------------------------------------------
RUN-1001 :        Parameters       |  Settings  |  Default Values  |  Note  
RUN-1001 : --------------------------------------------------------------
RUN-1001 :   default_reg_initial   |    auto    |       auto       |        
RUN-1001 :        infer_add        |     on     |        on        |        
RUN-1001 :        infer_fsm        |    off     |       off        |        
RUN-1001 :        infer_mult       |     on     |        on        |        
RUN-1001 :        infer_ram        |     on     |        on        |        
RUN-1001 :        infer_reg        |     on     |        on        |        
RUN-1001 :   infer_reg_init_value  |     on     |        on        |        
RUN-1001 :        infer_rom        |     on     |        on        |        
RUN-1001 :      infer_shifter      |     on     |        on        |        
RUN-1001 : --------------------------------------------------------------
RUN-1001 : Print Rtl Property
RUN-1001 : --------------------------------------------------------------
RUN-1001 :        Parameters       |  Settings  |  Default Values  |  Note  
RUN-1001 : --------------------------------------------------------------
RUN-1001 :       compress_add      |   ripple   |      ripple      |        
RUN-1001 :        elf_sload        |    off     |       off        |        
RUN-1001 :       fix_undriven      |     0      |        0         |        
RUN-1001 :         flatten         |    off     |       off        |        
RUN-1001 :       gate_sharing      |     on     |        on        |        
RUN-1001 :    hdl_warning_level    |   normal   |      normal      |        
RUN-1001 :   impl_internal_tribuf  |     on     |        on        |        
RUN-1001 :      impl_set_reset     |     on     |        on        |        
RUN-1001 :        infer_gsr        |    off     |       off        |        
RUN-1001 :      keep_hierarchy     |    auto    |       auto       |        
RUN-1001 :        max_fanout       |    9999    |       9999       |        
RUN-1001 :      max_oh2bin_len     |     10     |        10        |        
RUN-1001 :       merge_equal       |     on     |        on        |        
RUN-1001 :       merge_equiv       |     on     |        on        |        
RUN-1001 :        merge_mux        |    off     |       off        |        
RUN-1001 :     min_control_set     |     8      |        8         |        
RUN-1001 :      min_ripple_len     |    auto    |       auto       |        
RUN-1001 :       oh2bin_ratio      |    0.08    |       0.08       |        
RUN-1001 :     opt_adder_fanout    |     on     |        on        |        
RUN-1001 :        opt_arith        |     on     |        on        |        
RUN-1001 :       opt_big_gate      |    off     |       off        |        
RUN-1001 :        opt_const        |     on     |        on        |        
RUN-1001 :      opt_const_mult     |     on     |        on        |        
RUN-1001 :       opt_lessthan      |     on     |        on        |        
RUN-1001 :         opt_mux         |    off     |       off        |        
RUN-1001 :         opt_ram         |    high    |       high       |        
RUN-1001 :      rtl_sim_model      |    off     |       off        |        
RUN-1001 :         seq_syn         |     on     |        on        |        
RUN-1001 : --------------------------------------------------------------
HDL-1007 : analyze verilog file ../../responder.v
HDL-1007 : analyze verilog file ../../Sel_module.v
HDL-1007 : analyze verilog file ../../Timer_module.v
HDL-1007 : analyze verilog file ../../Buzzer_module.v
HDL-1007 : analyze verilog file ../../Digitron_NumDisplay.v
HDL-1007 : analyze verilog file ../../key_filter.v
RUN-1001 : Project manager successfully analyzed 6 source files.
RUN-1002 : start command "import_device eagle_s20.db -package EG4S20BG256"
ARC-1001 : Device Initialization.
ARC-1001 : ------------------------------------------------------------------
ARC-1001 :            OPTION            |          IO          |   SETTING   
ARC-1001 : ------------------------------------------------------------------
ARC-1001 :   cso_b/cclk/mosi/miso/dout  |  T3/R11/T10/P10/S11  |    gpio    
ARC-1001 :             done             |         P13          |    gpio    
ARC-1001 :           program_b          |          T2          |  dedicate  
ARC-1001 :        tdi/tms/tck/tdo       |   C12/A15/C14/E14    |  dedicate  
ARC-1001 : ------------------------------------------------------------------
ARC-1004 : Device setting, marked 5 dedicate IOs in total.
RUN-1002 : start command "import_db ../syn_1/responder_gate.db"
RUN-1001 : Importing database generated by Tang Dynasty, V5.6.71036.
RUN-1001 : Database version number 46146.
RUN-1001 : Import flow parameters
RUN-1001 : Import IO constraints
RUN-1001 : Import Inst constraints
RUN-1001 : Import design success TD_VERSION=5.6.71036 , DB_VERSION=46146
RUN-1002 : start command "place"
RUN-1001 : Open license file C:/Anlogic/TD5.6.2/license/Anlogic.lic
RUN-1001 : Print Global Property
RUN-1001 : ---------------------------------------------------------------
RUN-1001 :        Parameters        |  Settings  |  Default Values  |  Note  
RUN-1001 : ---------------------------------------------------------------
RUN-1001 :          message         |  standard  |     standard     |        
RUN-1001 :   mixed_pack_place_flow  |     on     |        on        |        
RUN-1001 :        qor_monitor       |    off     |       off        |        
RUN-1001 :        syn_ip_flow       |    off     |       off        |        
RUN-1001 :          thread          |    auto    |       auto       |        
RUN-1001 : ---------------------------------------------------------------
RUN-1001 : Print Place Property
RUN-1001 : --------------------------------------------------------------
RUN-1001 :        Parameters       |  Settings  |  Default Values  |  Note  
RUN-1001 : --------------------------------------------------------------
RUN-1001 :      detailed_place     |     on     |        on        |        
RUN-1001 :          effort         |   medium   |      medium      |        
RUN-1001 :         fix_hold        |    off     |       off        |        
RUN-1001 :       legalization      |    ori     |       ori        |        
RUN-1001 :      new_spreading      |     on     |        on        |        
RUN-1001 :        opt_timing       |   medium   |      medium      |        
RUN-1001 :   post_clock_route_opt  |    off     |       off        |        
RUN-1001 :       pr_strategy       |     1      |        1         |        
RUN-1001 :        relaxation       |    1.00    |       1.00       |        
RUN-1001 :         retiming        |    off     |       off        |        
RUN-1001 : --------------------------------------------------------------
PHY-3001 : Placer runs in 8 thread(s).
RUN-1002 : start command "legalize_phy_inst"
SYN-1011 : Flatten model responder
RUN-1002 : start command "phys_opt -simplify_lut"
SYN-4024 : Net "CLK_dup_1" drives clk pins.
SYN-4024 : Net "U4/W_Digitron_Out_n" drives clk pins.
SYN-4024 : Net "U4/W_DigitronCS_Out_n" drives clk pins.
SYN-4024 : Net "U2/CLK1" drives clk pins.
SYN-4024 : Net "U4/SingleNum_b_n4" drives clk pins.
SYN-4025 : Tag rtl::Net CLK_dup_1 as clock net
SYN-4025 : Tag rtl::Net U2/CLK1 as clock net
SYN-4025 : Tag rtl::Net U4/SingleNum_b_n4 as clock net
SYN-4025 : Tag rtl::Net U4/W_DigitronCS_Out_n as clock net
SYN-4025 : Tag rtl::Net U4/W_Digitron_Out_n as clock net
SYN-4026 : Tagged 5 rtl::Net as clock net
SYN-4015 : Create BUFG instance for clk Net U2/CLK1 to drive 8 clock pins.
SYN-4015 : Create BUFG instance for clk Net U4/W_DigitronCS_Out_n to drive 8 clock pins.
SYN-4015 : Create BUFG instance for clk Net U4/W_Digitron_Out_n to drive 7 clock pins.
SYN-4015 : Create BUFG instance for clk Net U4/SingleNum_b_n4 to drive 4 clock pins.
PHY-1001 : Populate physical database on model responder.
RUN-1001 : There are total 337 instances
RUN-0007 : 138 luts, 123 seqs, 20 mslices, 20 lslices, 29 pads, 0 brams, 0 dsps
RUN-1001 : There are total 447 nets
RUN-1001 : 255 nets have 2 pins
RUN-1001 : 150 nets have [3 - 5] pins
RUN-1001 : 30 nets have [6 - 10] pins
RUN-1001 : 6 nets have [11 - 20] pins
RUN-1001 : 4 nets have [21 - 99] pins
RUN-1001 : 2 nets have 100+ pins
RUN-1001 : Report Control nets information:
RUN-1001 : DFF Distribution
RUN-1001 : ----------------------------------
RUN-1001 :   CE   |  SSR  |  ASR  |  DFF Count  
RUN-1001 : ----------------------------------
RUN-1001 :   No   |  No   |  No   |     30      
RUN-1001 :   No   |  No   |  Yes  |     38      
RUN-1001 :   No   |  Yes  |  No   |     29      
RUN-1001 :   Yes  |  No   |  No   |      0      
RUN-1001 :   Yes  |  No   |  Yes  |     26      
RUN-1001 :   Yes  |  Yes  |  No   |      0      
RUN-1001 : ----------------------------------
RUN-0007 : Control Group Statistic
RUN-0007 : ---------------------------
RUN-0007 :   #CLK  |  #CE  |  #SSR/ASR  
RUN-0007 : ---------------------------
RUN-0007 :    4    |   2   |     5      
RUN-0007 : ---------------------------
RUN-0007 : Control Set = 10
PHY-3001 : Initial placement ...
PHY-3001 : design contains 335 instances, 138 luts, 123 seqs, 40 slices, 5 macros(40 instances: 20 mslices 20 lslices)
PHY-0007 : Cell area utilization is 1%
PHY-3001 : Global placement ...
PHY-3001 : Initial: Len = 108331
PHY-3001 : Clustering ...
PHY-3001 : Level 0 #clusters 335.
PHY-3001 : End clustering;  0.000046s wall, 0.000000s user + 0.000000s system = 0.000000s CPU (n/a%)

PHY-3001 : Run with size of 4
PHY-3001 : Cell area utilization is 1%
PHY-3001 : :::0::: Try harder cell spreading with beta_ = 0
PHY-3002 : Step(1): len = 68404.4, overlap = 0
PHY-3002 : Step(2): len = 44673.8, overlap = 0
PHY-3002 : Step(3): len = 32164, overlap = 0
PHY-3002 : Step(4): len = 25721.5, overlap = 0
PHY-3002 : Step(5): len = 21500.4, overlap = 0
PHY-3002 : Step(6): len = 20052.5, overlap = 0
PHY-3002 : Step(7): len = 20003.3, overlap = 0
PHY-3002 : Step(8): len = 18865.1, overlap = 0
PHY-3002 : Step(9): len = 18158.2, overlap = 0
PHY-3002 : Step(10): len = 17533, overlap = 0
PHY-3002 : Step(11): len = 15841.3, overlap = 0
PHY-3002 : Step(12): len = 14953.2, overlap = 0
PHY-3002 : Step(13): len = 15353.9, overlap = 0
PHY-3002 : Step(14): len = 13737, overlap = 0
PHY-3002 : Step(15): len = 13110.4, overlap = 0
PHY-3002 : Step(16): len = 13356.6, overlap = 0
PHY-3002 : Step(17): len = 12373.6, overlap = 0
PHY-3002 : Step(18): len = 11685.8, overlap = 0
PHY-3002 : Step(19): len = 11824.4, overlap = 0
PHY-3002 : Step(20): len = 11096.5, overlap = 0
PHY-3002 : Step(21): len = 10800.1, overlap = 0
PHY-3002 : Step(22): len = 11205.1, overlap = 0
PHY-3002 : Step(23): len = 10335.2, overlap = 0
PHY-3002 : Step(24): len = 9935.4, overlap = 0
PHY-3002 : Step(25): len = 8961.9, overlap = 0
PHY-3002 : Step(26): len = 8023.7, overlap = 0
PHY-3002 : Step(27): len = 7808.1, overlap = 0
PHY-3002 : Step(28): len = 7862.4, overlap = 0
PHY-3002 : Step(29): len = 7528.4, overlap = 0
PHY-3002 : Step(30): len = 7572.6, overlap = 0
PHY-3002 : Step(31): len = 7325.7, overlap = 0
PHY-3002 : Step(32): len = 6975.3, overlap = 0
PHY-3002 : Step(33): len = 6975.3, overlap = 0
PHY-3002 : Step(34): len = 6775, overlap = 0
PHY-3002 : Step(35): len = 6775, overlap = 0
PHY-3002 : Step(36): len = 6719.2, overlap = 0
PHY-3001 : Legalization ...
PHY-3001 : End legalization;  0.006268s wall, 0.000000s user + 0.000000s system = 0.000000s CPU (n/a%)

PHY-3001 : Run with size of 4
PHY-3001 : Cell area utilization is 1%
PHY-3001 : :::0::: Try harder cell spreading with beta_ = 0
PHY-3002 : Step(37): len = 6717.4, overlap = 0
PHY-3002 : Step(38): len = 6747.1, overlap = 0
PHY-3002 : Step(39): len = 6987, overlap = 0
PHY-3002 : Step(40): len = 7101.1, overlap = 0
PHY-3002 : Step(41): len = 6910, overlap = 0
PHY-3002 : Step(42): len = 7092.5, overlap = 0
PHY-3002 : Step(43): len = 7196.9, overlap = 0
PHY-3002 : Step(44): len = 7375.6, overlap = 0
PHY-3002 : Step(45): len = 7638.1, overlap = 0
PHY-3002 : Step(46): len = 8084.8, overlap = 0
PHY-3002 : Step(47): len = 7200, overlap = 0
PHY-3002 : Step(48): len = 7382.2, overlap = 0
PHY-3002 : Step(49): len = 7797.5, overlap = 0
PHY-3002 : Step(50): len = 6415.2, overlap = 0
PHY-3002 : Step(51): len = 6253, overlap = 0
PHY-3002 : Step(52): len = 6302.1, overlap = 0
PHY-3002 : Step(53): len = 5758, overlap = 0
PHY-3002 : Step(54): len = 5831.6, overlap = 0
PHY-3002 : Step(55): len = 5907, overlap = 0
PHY-3002 : Step(56): len = 5971.2, overlap = 0
PHY-3002 : Step(57): len = 5817.1, overlap = 0
PHY-3002 : Step(58): len = 5425.7, overlap = 0
PHY-3002 : Step(59): len = 5477.2, overlap = 0
PHY-3002 : Step(60): len = 5499.4, overlap = 0
PHY-3002 : Step(61): len = 5386.9, overlap = 0
PHY-3002 : Step(62): len = 5341.3, overlap = 0
PHY-3002 : Step(63): len = 5126.3, overlap = 0
PHY-3002 : Step(64): len = 5088.8, overlap = 0
PHY-3002 : Step(65): len = 4897.2, overlap = 0
PHY-3002 : Step(66): len = 4833.5, overlap = 0
PHY-3002 : Step(67): len = 4839.4, overlap = 0
PHY-3001 : Run with size of 2
PHY-3001 : Cell area utilization is 1%
PHY-3001 : :::0::: Try harder cell spreading with beta_ = 0.00864311
PHY-3002 : Step(68): len = 4688.7, overlap = 1.78125
PHY-3002 : Step(69): len = 4626.7, overlap = 1.6875
PHY-3002 : Step(70): len = 4629.4, overlap = 1.78125
OPT-1001 : Start physical optimization ...
OPT-1001 : Total overflow 12.53 peak overflow 2.50
OPT-1001 : Start high-fanout net optimization ...
OPT-1001 : Update timing in global mode
PHY-1001 : Start incremental global routing, caller is place ...
RUN-1001 : Generating global routing grids ...
RUN-1001 : Building simple global routing graph ...
PHY-1001 : Generate routing nets ...
PHY-1001 : Reuse net number 0/447.
PHY-1001 : Global iterations in 8 thread ...
PHY-1002 : len = 4760, over cnt = 26(0%), over = 67, worst = 9
PHY-1001 : End global iterations;  0.022028s wall, 0.015625s user + 0.000000s system = 0.015625s CPU (70.9%)

PHY-1001 : Congestion index: top1 = 12.18, top5 = 3.99, top10 = 1.99, top15 = 1.33.
PHY-1001 : End incremental global routing;  0.077871s wall, 0.031250s user + 0.015625s system = 0.046875s CPU (60.2%)

RUN-1002 : start command "start_timer -report"
TMR-5001 WARNING: No sdc constraints found while initiating timer.
TMR-2505 : Start building timing graph for model responder.
TMR-2506 : Build timing graph completely. Port num: 10, tpin num: 1540, tnet num: 445, tinst num: 335, tnode num: 1979, tedge num: 2488.
TMR-2508 : Levelizing timing graph completed, there are 23 levels in total.
TMR-2501 : Timing graph initialized successfully.
OPT-1001 : End timing update;  0.217852s wall, 0.171875s user + 0.000000s system = 0.171875s CPU (78.9%)

OPT-1001 : 0 high-fanout net processed.
OPT-1001 : End high-fanout net optimization;  0.300932s wall, 0.203125s user + 0.015625s system = 0.218750s CPU (72.7%)

OPT-1001 : Current memory(MB): used = 134, reserve = 106, peak = 134.
OPT-1001 : End physical optimization;  0.307806s wall, 0.203125s user + 0.015625s system = 0.218750s CPU (71.1%)

PHY-3001 : Start packing ...
SYN-4007 : Packing 0 MUX to BLE ...
SYN-4008 : Packed 0 MUX and 0 SEQ to BLE.
SYN-4007 : Packing 138 LUT to BLE ...
SYN-4008 : Packed 138 LUT and 61 SEQ to BLE.
SYN-4003 : Packing 62 remaining SEQ's ...
SYN-4005 : Packed 40 SEQ with LUT/SLICE
SYN-4006 : 42 single LUT's are left
SYN-4006 : 22 single SEQ's are left
SYN-4011 : Packing model "responder" (AL_USER_NORMAL) with 160/236 primitive instances ...
PHY-3001 : End packing;  0.011542s wall, 0.000000s user + 0.000000s system = 0.000000s CPU (n/a%)

PHY-1001 : Populate physical database on model responder.
RUN-1001 : There are total 167 instances
RUN-1001 : 66 mslices, 65 lslices, 29 pads, 0 brams, 0 dsps
RUN-1001 : There are total 394 nets
RUN-1001 : 206 nets have 2 pins
RUN-1001 : 145 nets have [3 - 5] pins
RUN-1001 : 26 nets have [6 - 10] pins
RUN-1001 : 13 nets have [11 - 20] pins
RUN-1001 : 3 nets have [21 - 99] pins
RUN-1001 : 1 nets have 100+ pins
PHY-3001 : design contains 165 instances, 131 slices, 5 macros(40 instances: 20 mslices 20 lslices)
PHY-3001 : Cell area utilization is 1%
PHY-3001 : After packing: Len = 5075.6, Over = 5.25
PHY-3001 : Run with size of 2
PHY-3001 : Cell area utilization is 1%
PHY-3001 : :::0::: Try harder cell spreading with beta_ = 0.00157389
PHY-3002 : Step(71): len = 4742, overlap = 5
PHY-3002 : Step(72): len = 4662.7, overlap = 4.75
PHY-3002 : Step(73): len = 4627.6, overlap = 4.75
PHY-3001 : Legalization ...
PHY-3001 : End legalization;  0.043749s wall, 0.000000s user + 0.000000s system = 0.000000s CPU (n/a%)

PHY-3001 : Trial Legalized: Len = 7689.1
PHY-3001 : Run with size of 2
PHY-3001 : Cell area utilization is 1%
PHY-3001 : :::0::: Try harder cell spreading with beta_ = 0
PHY-3002 : Step(74): len = 5827.9, overlap = 0.75
PHY-3002 : Step(75): len = 5091.1, overlap = 4
PHY-3002 : Step(76): len = 4780.5, overlap = 4.75
PHY-3002 : Step(77): len = 4743.3, overlap = 5.5
PHY-3002 : Step(78): len = 4667.6, overlap = 5.75
PHY-3001 : :::1::: Try harder cell spreading with beta_ = 0.00653568
PHY-3002 : Step(79): len = 4648.9, overlap = 5.75
PHY-3002 : Step(80): len = 4613.9, overlap = 5.75
PHY-3001 : Legalization ...
PHY-3001 : End legalization;  0.005325s wall, 0.000000s user + 0.000000s system = 0.000000s CPU (n/a%)

PHY-3001 : Legalized: Len = 6722.5, Over = 0
PHY-3001 : End spreading;  0.002778s wall, 0.000000s user + 0.000000s system = 0.000000s CPU (n/a%)

PHY-3001 : Final: Len = 6722.5, Over = 0
OPT-1001 : Start physical optimization ...
OPT-1001 : Total overflow 0.00 peak overflow 0.00
OPT-1001 : Start high-fanout net optimization ...
OPT-1001 : Update timing in global mode
PHY-1001 : Start incremental global routing, caller is place ...
RUN-1001 : Generating global routing grids ...
PHY-1001 : Generate routing nets ...
PHY-1001 : Reuse net number 41/394.
PHY-1001 : Global iterations in 8 thread ...
PHY-1002 : len = 7168, over cnt = 32(0%), over = 55, worst = 6
PHY-1002 : len = 7408, over cnt = 26(0%), over = 37, worst = 4
PHY-1002 : len = 7928, over cnt = 2(0%), over = 2, worst = 1
PHY-1002 : len = 7960, over cnt = 0(0%), over = 0, worst = 0
PHY-1001 : End global iterations;  0.048106s wall, 0.000000s user + 0.000000s system = 0.000000s CPU (n/a%)

PHY-1001 : Congestion index: top1 = 15.95, top5 = 6.11, top10 = 3.05, top15 = 2.03.
PHY-1001 : End incremental global routing;  0.102193s wall, 0.046875s user + 0.000000s system = 0.046875s CPU (45.9%)

RUN-1002 : start command "start_timer -report"
TMR-5001 WARNING: No sdc constraints found while initiating timer.
TMR-2505 : Start building timing graph for model responder.
TMR-2506 : Build timing graph completely. Port num: 10, tpin num: 1356, tnet num: 392, tinst num: 165, tnode num: 1693, tedge num: 2293.
TMR-2508 : Levelizing timing graph completed, there are 23 levels in total.
TMR-2501 : Timing graph initialized successfully.
OPT-1001 : End timing update;  0.191612s wall, 0.203125s user + 0.000000s system = 0.203125s CPU (106.0%)

OPT-1001 : 0 high-fanout net processed.
OPT-1001 : End high-fanout net optimization;  0.297850s wall, 0.250000s user + 0.000000s system = 0.250000s CPU (83.9%)

OPT-1001 : Current memory(MB): used = 136, reserve = 107, peak = 136.
OPT-1001 : Update timing in Manhattan mode
OPT-1001 : End timing update;  0.000257s wall, 0.000000s user + 0.000000s system = 0.000000s CPU (n/a%)

OPT-1001 : Start pin optimization...
OPT-1001 : skip pin optimization...
RUN-1001 : Generating global routing grids ...
PHY-1001 : Generate routing nets ...
PHY-1001 : Reuse net number 309/394.
PHY-1001 : Global iterations in 8 thread ...
PHY-1002 : len = 7960, over cnt = 0(0%), over = 0, worst = 0
PHY-1001 : End global iterations;  0.001579s wall, 0.000000s user + 0.000000s system = 0.000000s CPU (n/a%)

PHY-1001 : Congestion index: top1 = 15.95, top5 = 6.11, top10 = 3.05, top15 = 2.03.
OPT-1001 : Update timing in Manhattan mode
OPT-1001 : End timing update;  0.000501s wall, 0.000000s user + 0.000000s system = 0.000000s CPU (n/a%)

RUN-1001 : QoR Analysis:
OPT-0007 :   WNS 2147483647 TNS 0 NUM_FEPS 0
RUN-1001 :   No local congestion issue, and most congested 1% tile average routing util is 15.482759
RUN-1001 :   Top critical paths
OPT-1001 : End physical optimization;  0.347145s wall, 0.296875s user + 0.000000s system = 0.296875s CPU (85.5%)

RUN-1003 : finish command "place" in  2.088456s wall, 1.140625s user + 0.390625s system = 1.531250s CPU (73.3%)

RUN-1004 : used memory is 127 MB, reserved memory is 98 MB, peak memory is 136 MB
RUN-1002 : start command "export_db responder_place.db"
RUN-1001 : Exported /
RUN-1001 : Exported flow parameters
RUN-1001 : Exported libs
RUN-1001 : Exported entities
RUN-1001 : Exported ports
RUN-1001 : Exported pins
RUN-1001 : Exported instances
RUN-1001 : Exported nets
RUN-1001 : Exported buses
RUN-1001 : Exported models
RUN-1001 : Exported congestions
RUN-1001 : Exported violations
RUN-1001 : Exported IO constraints
RUN-1001 : Exported Inst constraints
RUN-1002 : start command "route"
RUN-1001 : Open license file C:/Anlogic/TD5.6.2/license/Anlogic.lic
RUN-1001 : Print Global Property
RUN-1001 : ---------------------------------------------------------------
RUN-1001 :        Parameters        |  Settings  |  Default Values  |  Note  
RUN-1001 : ---------------------------------------------------------------
RUN-1001 :          message         |  standard  |     standard     |        
RUN-1001 :   mixed_pack_place_flow  |     on     |        on        |        
RUN-1001 :        qor_monitor       |    off     |       off        |        
RUN-1001 :        syn_ip_flow       |    off     |       off        |        
RUN-1001 :          thread          |    auto    |       auto       |        
RUN-1001 : ---------------------------------------------------------------
RUN-1001 : Print Route Property
RUN-1001 : -------------------------------------------------------
RUN-1001 :    Parameters    |  Settings  |  Default Values  |  Note  
RUN-1001 : -------------------------------------------------------
RUN-1001 :      effort      |   medium   |      medium      |        
RUN-1001 :     fix_hold     |    off     |       off        |        
RUN-1001 :    opt_timing    |   medium   |      medium      |        
RUN-1001 :   phy_sim_model  |    off     |       off        |        
RUN-1001 :     priority     |   timing   |      timing      |        
RUN-1001 :     swap_pin     |     on     |        on        |        
RUN-1001 : -------------------------------------------------------
PHY-1001 : Route runs in 8 thread(s)
RUN-1001 : There are total 167 instances
RUN-1001 : 66 mslices, 65 lslices, 29 pads, 0 brams, 0 dsps
RUN-1001 : There are total 394 nets
RUN-1001 : 206 nets have 2 pins
RUN-1001 : 145 nets have [3 - 5] pins
RUN-1001 : 26 nets have [6 - 10] pins
RUN-1001 : 13 nets have [11 - 20] pins
RUN-1001 : 3 nets have [21 - 99] pins
RUN-1001 : 1 nets have 100+ pins
RUN-1002 : start command "start_timer -report"
TMR-5001 WARNING: No sdc constraints found while initiating timer.
TMR-2505 : Start building timing graph for model responder.
TMR-2506 : Build timing graph completely. Port num: 10, tpin num: 1356, tnet num: 392, tinst num: 165, tnode num: 1693, tedge num: 2293.
TMR-2508 : Levelizing timing graph completed, there are 23 levels in total.
TMR-2501 : Timing graph initialized successfully.
PHY-1001 : 66 mslices, 65 lslices, 29 pads, 0 brams, 0 dsps
TMR-2503 : Start to update net delay, extr mode = 3.
TMR-2504 : Update delay of 392 nets completely.
TMR-2502 : Annotate delay completely, extr mode = 3.
TMR-3002 : No user constraint, initiate default constraint.
TMR-1501 : Assign derive clock DeriveClock to 200 clock pins, and constraint 337 relative nodes.
TMR-3003 : Constraints initiated successfully.
TMR-3501 : Forward propagation: start to calculate arrival time...
TMR-3502 : Backward propagation: start to calculate required time...
TMR-3503 : Timing propagation completes.
PHY-1001 : Start global routing, caller is route ...
RUN-1001 : Generating global routing grids ...
PHY-1001 : Generate routing nets ...
PHY-1001 : Global iterations in 8 thread ...
PHY-1002 : len = 7120, over cnt = 29(0%), over = 50, worst = 6
PHY-1002 : len = 7360, over cnt = 24(0%), over = 32, worst = 4
PHY-1002 : len = 7792, over cnt = 2(0%), over = 2, worst = 1
PHY-1002 : len = 7824, over cnt = 0(0%), over = 0, worst = 0
PHY-1001 : End global iterations;  0.047340s wall, 0.000000s user + 0.031250s system = 0.031250s CPU (66.0%)

PHY-1001 : Congestion index: top1 = 15.99, top5 = 6.04, top10 = 3.01, top15 = 2.01.
PHY-1001 : End global routing;  0.093588s wall, 0.031250s user + 0.046875s system = 0.078125s CPU (83.5%)

PHY-1001 : Start detail routing ...
PHY-1001 : Current memory(MB): used = 152, reserve = 123, peak = 156.
PHY-1001 : Detailed router is running in normal mode.
PHY-1001 : Generate detailed routing grids ...
PHY-1001 : Processed IO instance DigitronCS_Out[3]_syn_2 with INV attribute.
PHY-1001 : Processed IO instance DigitronCS_Out[2]_syn_2 with INV attribute.
PHY-1001 : Processed IO instance DigitronCS_Out[1]_syn_2 with INV attribute.
PHY-1001 : Processed IO instance DigitronCS_Out[0]_syn_2 with INV attribute.
PHY-1001 : Processed IO instance Digitron_Out[6]_syn_2 with INV attribute.
PHY-1001 : Processed IO instance Digitron_Out[5]_syn_2 with INV attribute.
PHY-1001 : Processed IO instance Digitron_Out[4]_syn_2 with INV attribute.
PHY-1001 : Processed IO instance Digitron_Out[3]_syn_2 with INV attribute.
PHY-1001 : Processed IO instance Digitron_Out[2]_syn_2 with INV attribute.
PHY-1001 : Processed IO instance Digitron_Out[1]_syn_2 with INV attribute.
PHY-1001 : Processed IO instance Digitron_Out[0]_syn_2 with INV attribute.
PHY-1001 : Generate nets ...
PHY-1001 : net CLK_dup_1 will be routed on clock mesh
PHY-1001 : clock net U2/CLK1_syn_4 will be merged with clock U2/CLK1
PHY-1001 : clock net U4/SingleNum_b_n4_syn_10 will be merged with clock U4/SingleNum_b_n4
PHY-1001 : clock net U4/W_DigitronCS_Out_n_syn_4 will be merged with clock U4/W_DigitronCS_Out_n
PHY-1001 : clock net U4/W_Digitron_Out_n_syn_12 will be merged with clock U4/W_Digitron_Out_n
PHY-1001 : Current memory(MB): used = 418, reserve = 393, peak = 418.
PHY-1001 : End build detailed router design. 3.879930s wall, 3.578125s user + 0.046875s system = 3.625000s CPU (93.4%)

PHY-1001 : Detail Route ...
PHY-1001 : ===== Detail Route Phase 1 =====
PHY-1001 : Clock net routing.....
PHY-1001 : Routed 1% nets.
PHY-1022 : len = 13552, over cnt = 0(0%), over = 0, worst = 0, crit = 0
PHY-1001 : End initial clock net routed; 1.289667s wall, 1.234375s user + 0.031250s system = 1.265625s CPU (98.1%)

PHY-1001 : Current memory(MB): used = 447, reserve = 424, peak = 447.
PHY-1001 : End phase 1; 1.294997s wall, 1.234375s user + 0.031250s system = 1.265625s CPU (97.7%)

PHY-1001 : ===== Detail Route Phase 2 =====
PHY-1001 : Initial routing.....
PHY-1001 : Routed 30% nets.
PHY-1001 : Routed 35% nets.
PHY-1001 : Routed 44% nets.
PHY-1001 : Routed 60% nets.
PHY-1001 : Routed 82% nets.
PHY-1022 : len = 27568, over cnt = 14(0%), over = 14, worst = 1, crit = 0
PHY-1001 : Current memory(MB): used = 447, reserve = 424, peak = 448.
PHY-1001 : End initial routed; 0.082496s wall, 0.015625s user + 0.031250s system = 0.046875s CPU (56.8%)

PHY-1001 : Current memory(MB): used = 447, reserve = 424, peak = 448.
PHY-1001 : End phase 2; 0.082548s wall, 0.015625s user + 0.031250s system = 0.046875s CPU (56.8%)

PHY-1001 : ===== Detail Route Phase 3 =====
PHY-1001 : Ripup-reroute.....
PHY-1001 : ===== DR Iter 1 =====
PHY-1022 : len = 27512, over cnt = 4(0%), over = 4, worst = 1, crit = 0
PHY-1001 : End DR Iter 1; 0.015466s wall, 0.031250s user + 0.000000s system = 0.031250s CPU (202.1%)

PHY-1001 : ===== DR Iter 2 =====
PHY-1022 : len = 27576, over cnt = 0(0%), over = 0, worst = 0, crit = 0
PHY-1001 : End DR Iter 2; 0.014679s wall, 0.000000s user + 0.000000s system = 0.000000s CPU (n/a%)

PHY-1001 : Commit to database.....
PHY-1001 : 3 feed throughs used by 3 nets
PHY-1001 : End commit to database; 0.056317s wall, 0.046875s user + 0.000000s system = 0.046875s CPU (83.2%)

PHY-1001 : Current memory(MB): used = 457, reserve = 433, peak = 457.
PHY-1001 : End phase 3; 0.204485s wall, 0.187500s user + 0.000000s system = 0.187500s CPU (91.7%)

PHY-1003 : Routed, final wirelength = 27576
PHY-1001 : Current memory(MB): used = 458, reserve = 434, peak = 458.
PHY-1001 : End export database. 0.005294s wall, 0.000000s user + 0.000000s system = 0.000000s CPU (n/a%)

PHY-1001 : End detail routing;  5.684308s wall, 5.187500s user + 0.140625s system = 5.328125s CPU (93.7%)

RUN-1003 : finish command "route" in  6.026948s wall, 5.453125s user + 0.187500s system = 5.640625s CPU (93.6%)

RUN-1004 : used memory is 414 MB, reserved memory is 390 MB, peak memory is 458 MB
RUN-1002 : start command "report_area -io_info -file responder_phy.area"
RUN-1001 : standard
***Report Model: responder Device: EG4S20BG256***

IO Statistics
#IO                        29
  #input                    7
  #output                  22
  #inout                    0

Utilization Statistics
#lut                      226   out of  19600    1.15%
#reg                      144   out of  19600    0.73%
#le                       246
  #lut only               102   out of    246   41.46%
  #reg only                20   out of    246    8.13%
  #lut&reg                124   out of    246   50.41%
#dsp                        0   out of     29    0.00%
#bram                       0   out of     64    0.00%
  #bram9k                   0
  #fifo9k                   0
#bram32k                    0   out of     16    0.00%
#pad                       29   out of    188   15.43%
  #ireg                     4
  #oreg                    17
  #treg                     0
#pll                        0   out of      4    0.00%
#gclk                       4   out of     16   25.00%

Clock Resource Statistics
Index     ClockNet                 Type               DriverType         Driver                           Fanout
#1        CLK_dup_1                GCLK               io                 CLK_syn_2.di                     87
#2        U4/W_DigitronCS_Out_n    GCLK               lslice             U4/reg2_syn_27.f1                8
#3        U4/W_Digitron_Out_n      GCLK               lslice             U4/W_Digitron_Out_n_syn_31.f1    7
#4        U2/CLK1                  GCLK               mslice             U2/CLK1_reg_syn_30.q0            6
#5        U4/SingleNum_b_n4        GCLK               mslice             U4/W_Digitron_Out_n_syn_38.f0    3


Detailed IO Report

        Name           Direction    Location    IOStandard    DriveStrength    PullType    PackReg  
         CLK             INPUT         R7        LVCMOS33          N/A          PULLUP      NONE    
      Key_In[3]          INPUT        F10        LVCMOS33          N/A          PULLUP      IREG    
      Key_In[2]          INPUT        C11        LVCMOS33          N/A          PULLUP      IREG    
      Key_In[1]          INPUT        D11        LVCMOS33          N/A          PULLUP      IREG    
      Key_In[0]          INPUT        E11        LVCMOS33          N/A          PULLUP      IREG    
        RSTn             INPUT         A9        LVCMOS33          N/A          PULLUP      NONE    
        Start            INPUT        A10        LVCMOS33          N/A          PULLUP      NONE    
     Buzzer_Out         OUTPUT        H11        LVCMOS33           8            NONE       OREG    
  DigitronCS_Out[3]     OUTPUT         A3        LVCMOS33           8            NONE       OREG    
  DigitronCS_Out[2]     OUTPUT         A5        LVCMOS33           8            NONE       OREG    
  DigitronCS_Out[1]     OUTPUT         B6        LVCMOS33           8            NONE       OREG    
  DigitronCS_Out[0]     OUTPUT         C9        LVCMOS33           8            NONE       OREG    
   Digitron_Out[7]      OUTPUT         C8        LVCMOS33           8            NONE       NONE    
   Digitron_Out[6]      OUTPUT         A8        LVCMOS33           8            NONE       OREG    
   Digitron_Out[5]      OUTPUT         B5        LVCMOS33           8            NONE       OREG    
   Digitron_Out[4]      OUTPUT         A7        LVCMOS33           8            NONE       OREG    
   Digitron_Out[3]      OUTPUT         E8        LVCMOS33           8            NONE       OREG    
   Digitron_Out[2]      OUTPUT         B8        LVCMOS33           8            NONE       OREG    
   Digitron_Out[1]      OUTPUT         A6        LVCMOS33           8            NONE       OREG    
   Digitron_Out[0]      OUTPUT         A4        LVCMOS33           8            NONE       OREG    
     Key_Row[3]         OUTPUT        E10        LVCMOS33           8            NONE       NONE    
     Key_Row[2]         OUTPUT        C10        LVCMOS33           8            NONE       NONE    
     Key_Row[1]         OUTPUT         F9        LVCMOS33           8            NONE       NONE    
     Key_Row[0]         OUTPUT         D9        LVCMOS33           8            NONE       NONE    
     LED_Out[3]         OUTPUT        C15        LVCMOS33           8            NONE       OREG    
     LED_Out[2]         OUTPUT        B16        LVCMOS33           8            NONE       OREG    
     LED_Out[1]         OUTPUT        B15        LVCMOS33           8            NONE       OREG    
     LED_Out[0]         OUTPUT        B14        LVCMOS33           8            NONE       OREG    
  LED_OverTime_Out      OUTPUT        F16        LVCMOS33           8            NONE       OREG    

Report Hierarchy Area:
+-----------------------------------------------------------------------------------+
|Instance |Module              |le     |lut     |ripple  |seq     |bram    |dsp     |
+-----------------------------------------------------------------------------------+
|top      |responder           |246    |186     |40      |165     |0       |0       |
|  U1     |Sel_module          |64     |50      |7       |35      |0       |0       |
|  U2     |Timer_module        |48     |38      |7       |31      |0       |0       |
|  U3     |Buzzer_module       |40     |25      |6       |28      |0       |0       |
|  U4     |Digitron_NumDisplay |60     |51      |9       |26      |0       |0       |
|  U5     |key_filter          |34     |22      |11      |24      |0       |0       |
+-----------------------------------------------------------------------------------+


DataNet Average Fanout:

   Index     Fanout    Nets  
    #1         1       177   
    #2         2       129   
    #3         3        10   
    #4         4        5    
    #5        5-10      29   
    #6       11-50      8    
  Average     2.30           

RUN-1002 : start command "export_db responder_pr.db"
RUN-1001 : Exported /
RUN-1001 : Exported flow parameters
RUN-1001 : Exported libs
RUN-1001 : Exported entities
RUN-1001 : Exported ports
RUN-1001 : Exported pins
RUN-1001 : Exported instances
RUN-1001 : Exported nets
RUN-1001 : Exported buses
RUN-1001 : Exported models
RUN-1001 : Exported congestions
RUN-1001 : Exported violations
RUN-1001 : Exported IO constraints
RUN-1001 : Exported Inst constraints
RUN-1002 : start command "export_bid responder_inst.bid"
RUN-1002 : start command "bitgen -bit responder.bit -unused_io_status pulldown"
BIT-1003 : Start to generate bitstream. 
BIT-1002 : Bitgen processed 159 unused pads, reserve input tri_state with pulldown
BIT-1002 : Init instances with 8 threads.
BIT-1002 : Init instances completely, inst num: 324
BIT-1002 : Init pips with 8 threads.
BIT-1002 : Init pips completely, net num: 394, pip num: 2592
BIT-1002 : Init feedthrough completely, num: 3
BIT-1003 : Multithreading accelaration with 8 threads.
BIT-1003 : Generate bitstream completely, there are 521 valid insts, and 8255 bits set as '1'.
BIT-1004 : PLL setting string = 0000
BIT-1004 : Generate bits file responder.bit.
RUN-1003 : finish command "bitgen -bit responder.bit -unused_io_status pulldown" in  1.465286s wall, 2.812500s user + 0.015625s system = 2.828125s CPU (193.0%)

RUN-1004 : used memory is 423 MB, reserved memory is 397 MB, peak memory is 575 MB
RUN-1002 : start command "backup_run_log run.log ../.logs/phy_1/td_20240723_162954.log"
