============================================================
   Tang Dynasty, V5.6.71036
      Copyright (c) 2012-2023 Anlogic Inc.
   Executable = C:/Anlogic/TD5.6.2/bin/td.exe
   Built at =   20:34:38 Mar 21 2023
   Run by =     Timmy
   Run Date =   Tue Jul 23 22:16:08 2024

   Run on =     DESKTOP-A28VB3Q
============================================================
RUN-1002 : start command "open_project responder.prj"
RUN-1001 : Print Global Property
RUN-1001 : ---------------------------------------------------------------
RUN-1001 :        Parameters        |  Settings  |  Default Values  |  Note  
RUN-1001 : ---------------------------------------------------------------
RUN-1001 :          message         |  standard  |     standard     |        
RUN-1001 :   mixed_pack_place_flow  |     on     |        on        |        
RUN-1001 :        qor_monitor       |    off     |       off        |        
RUN-1001 :        syn_ip_flow       |    off     |       off        |        
RUN-1001 :          thread          |    auto    |       auto       |        
RUN-1001 : ---------------------------------------------------------------
RUN-1001 : Print Design Property
RUN-1001 : --------------------------------------------------------------
RUN-1001 :        Parameters       |  Settings  |  Default Values  |  Note  
RUN-1001 : --------------------------------------------------------------
RUN-1001 :   default_reg_initial   |    auto    |       auto       |        
RUN-1001 :        infer_add        |     on     |        on        |        
RUN-1001 :        infer_fsm        |    off     |       off        |        
RUN-1001 :        infer_mult       |     on     |        on        |        
RUN-1001 :        infer_ram        |     on     |        on        |        
RUN-1001 :        infer_reg        |     on     |        on        |        
RUN-1001 :   infer_reg_init_value  |     on     |        on        |        
RUN-1001 :        infer_rom        |     on     |        on        |        
RUN-1001 :      infer_shifter      |     on     |        on        |        
RUN-1001 : --------------------------------------------------------------
RUN-1001 : Print Rtl Property
RUN-1001 : --------------------------------------------------------------
RUN-1001 :        Parameters       |  Settings  |  Default Values  |  Note  
RUN-1001 : --------------------------------------------------------------
RUN-1001 :       compress_add      |   ripple   |      ripple      |        
RUN-1001 :        elf_sload        |    off     |       off        |        
RUN-1001 :       fix_undriven      |     0      |        0         |        
RUN-1001 :         flatten         |    off     |       off        |        
RUN-1001 :       gate_sharing      |     on     |        on        |        
RUN-1001 :    hdl_warning_level    |   normal   |      normal      |        
RUN-1001 :   impl_internal_tribuf  |     on     |        on        |        
RUN-1001 :      impl_set_reset     |     on     |        on        |        
RUN-1001 :        infer_gsr        |    off     |       off        |        
RUN-1001 :      keep_hierarchy     |    auto    |       auto       |        
RUN-1001 :        max_fanout       |    9999    |       9999       |        
RUN-1001 :      max_oh2bin_len     |     10     |        10        |        
RUN-1001 :       merge_equal       |     on     |        on        |        
RUN-1001 :       merge_equiv       |     on     |        on        |        
RUN-1001 :        merge_mux        |    off     |       off        |        
RUN-1001 :     min_control_set     |     8      |        8         |        
RUN-1001 :      min_ripple_len     |    auto    |       auto       |        
RUN-1001 :       oh2bin_ratio      |    0.08    |       0.08       |        
RUN-1001 :     opt_adder_fanout    |     on     |        on        |        
RUN-1001 :        opt_arith        |     on     |        on        |        
RUN-1001 :       opt_big_gate      |    off     |       off        |        
RUN-1001 :        opt_const        |     on     |        on        |        
RUN-1001 :      opt_const_mult     |     on     |        on        |        
RUN-1001 :       opt_lessthan      |     on     |        on        |        
RUN-1001 :         opt_mux         |    off     |       off        |        
RUN-1001 :         opt_ram         |    high    |       high       |        
RUN-1001 :      rtl_sim_model      |    off     |       off        |        
RUN-1001 :         seq_syn         |     on     |        on        |        
RUN-1001 : --------------------------------------------------------------
HDL-1007 : analyze verilog file ../../responder.v
HDL-1007 : analyze verilog file ../../Sel_module.v
HDL-1007 : analyze verilog file ../../Timer_module.v
HDL-1007 : analyze verilog file ../../Buzzer_module.v
HDL-1007 : analyze verilog file ../../Digitron_NumDisplay.v
HDL-1007 : analyze verilog file ../../key_filter.v
RUN-1001 : Project manager successfully analyzed 6 source files.
RUN-1002 : start command "import_device eagle_s20.db -package EG4S20BG256"
ARC-1001 : Device Initialization.
ARC-1001 : ------------------------------------------------------------------
ARC-1001 :            OPTION            |          IO          |   SETTING   
ARC-1001 : ------------------------------------------------------------------
ARC-1001 :   cso_b/cclk/mosi/miso/dout  |  T3/R11/T10/P10/S11  |    gpio    
ARC-1001 :             done             |         P13          |    gpio    
ARC-1001 :           program_b          |          T2          |  dedicate  
ARC-1001 :        tdi/tms/tck/tdo       |   C12/A15/C14/E14    |  dedicate  
ARC-1001 : ------------------------------------------------------------------
ARC-1004 : Device setting, marked 5 dedicate IOs in total.
RUN-1002 : start command "import_db ../syn_1/responder_gate.db"
RUN-1001 : Importing database generated by Tang Dynasty, V5.6.71036.
RUN-1001 : Database version number 46146.
RUN-1001 : Import flow parameters
RUN-1001 : Import IO constraints
RUN-1001 : Import Inst constraints
RUN-1001 : Import design success TD_VERSION=5.6.71036 , DB_VERSION=46146
RUN-1002 : start command "place"
RUN-1001 : Open license file C:/Anlogic/TD5.6.2/license/Anlogic.lic
RUN-1001 : Print Global Property
RUN-1001 : ---------------------------------------------------------------
RUN-1001 :        Parameters        |  Settings  |  Default Values  |  Note  
RUN-1001 : ---------------------------------------------------------------
RUN-1001 :          message         |  standard  |     standard     |        
RUN-1001 :   mixed_pack_place_flow  |     on     |        on        |        
RUN-1001 :        qor_monitor       |    off     |       off        |        
RUN-1001 :        syn_ip_flow       |    off     |       off        |        
RUN-1001 :          thread          |    auto    |       auto       |        
RUN-1001 : ---------------------------------------------------------------
RUN-1001 : Print Place Property
RUN-1001 : --------------------------------------------------------------
RUN-1001 :        Parameters       |  Settings  |  Default Values  |  Note  
RUN-1001 : --------------------------------------------------------------
RUN-1001 :      detailed_place     |     on     |        on        |        
RUN-1001 :          effort         |   medium   |      medium      |        
RUN-1001 :         fix_hold        |    off     |       off        |        
RUN-1001 :       legalization      |    ori     |       ori        |        
RUN-1001 :      new_spreading      |     on     |        on        |        
RUN-1001 :        opt_timing       |   medium   |      medium      |        
RUN-1001 :   post_clock_route_opt  |    off     |       off        |        
RUN-1001 :       pr_strategy       |     1      |        1         |        
RUN-1001 :        relaxation       |    1.00    |       1.00       |        
RUN-1001 :         retiming        |    off     |       off        |        
RUN-1001 : --------------------------------------------------------------
PHY-3001 : Placer runs in 8 thread(s).
RUN-1002 : start command "legalize_phy_inst"
SYN-1011 : Flatten model responder
RUN-1002 : start command "phys_opt -simplify_lut"
SYN-4024 : Net "CLK_dup_1" drives clk pins.
SYN-4024 : Net "U4/W_Digitron_Out_n" drives clk pins.
SYN-4024 : Net "U2/CLK1" drives clk pins.
SYN-4024 : Net "U4/W_DigitronCS_Out_n" drives clk pins.
SYN-4024 : Net "U4/SingleNum_b_n4" drives clk pins.
SYN-4025 : Tag rtl::Net CLK_dup_1 as clock net
SYN-4025 : Tag rtl::Net U2/CLK1 as clock net
SYN-4025 : Tag rtl::Net U4/SingleNum_b_n4 as clock net
SYN-4025 : Tag rtl::Net U4/W_DigitronCS_Out_n as clock net
SYN-4025 : Tag rtl::Net U4/W_Digitron_Out_n as clock net
SYN-4026 : Tagged 5 rtl::Net as clock net
SYN-4015 : Create BUFG instance for clk Net U2/CLK1 to drive 11 clock pins.
SYN-4015 : Create BUFG instance for clk Net U4/W_DigitronCS_Out_n to drive 8 clock pins.
SYN-4015 : Create BUFG instance for clk Net U4/W_Digitron_Out_n to drive 7 clock pins.
SYN-4015 : Create BUFG instance for clk Net U4/SingleNum_b_n4 to drive 4 clock pins.
PHY-1001 : Populate physical database on model responder.
RUN-1001 : There are total 355 instances
RUN-0007 : 149 luts, 130 seqs, 20 mslices, 20 lslices, 29 pads, 0 brams, 0 dsps
RUN-1001 : There are total 464 nets
RUN-1001 : 262 nets have 2 pins
RUN-1001 : 162 nets have [3 - 5] pins
RUN-1001 : 27 nets have [6 - 10] pins
RUN-1001 : 7 nets have [11 - 20] pins
RUN-1001 : 4 nets have [21 - 99] pins
RUN-1001 : 2 nets have 100+ pins
RUN-1001 : Report Control nets information:
RUN-1001 : DFF Distribution
RUN-1001 : ----------------------------------
RUN-1001 :   CE   |  SSR  |  ASR  |  DFF Count  
RUN-1001 : ----------------------------------
RUN-1001 :   No   |  No   |  No   |     32      
RUN-1001 :   No   |  No   |  Yes  |     35      
RUN-1001 :   No   |  Yes  |  No   |     29      
RUN-1001 :   Yes  |  No   |  No   |      0      
RUN-1001 :   Yes  |  No   |  Yes  |     34      
RUN-1001 :   Yes  |  Yes  |  No   |      0      
RUN-1001 : ----------------------------------
RUN-0007 : Control Group Statistic
RUN-0007 : ---------------------------
RUN-0007 :   #CLK  |  #CE  |  #SSR/ASR  
RUN-0007 : ---------------------------
RUN-0007 :    4    |   3   |     5      
RUN-0007 : ---------------------------
RUN-0007 : Control Set = 10
PHY-3001 : Initial placement ...
PHY-3001 : design contains 353 instances, 149 luts, 130 seqs, 40 slices, 5 macros(40 instances: 20 mslices 20 lslices)
PHY-0007 : Cell area utilization is 1%
PHY-3001 : Global placement ...
PHY-3001 : Initial: Len = 107225
PHY-3001 : Clustering ...
PHY-3001 : Level 0 #clusters 353.
PHY-3001 : End clustering;  0.000013s wall, 0.000000s user + 0.000000s system = 0.000000s CPU (n/a%)

PHY-3001 : Run with size of 4
PHY-3001 : Cell area utilization is 1%
PHY-3001 : :::0::: Try harder cell spreading with beta_ = 0
PHY-3002 : Step(1): len = 69522.1, overlap = 0
PHY-3002 : Step(2): len = 48460, overlap = 0
PHY-3002 : Step(3): len = 33615.6, overlap = 0
PHY-3002 : Step(4): len = 26987.4, overlap = 0
PHY-3002 : Step(5): len = 22605.8, overlap = 0
PHY-3002 : Step(6): len = 20762.2, overlap = 0
PHY-3002 : Step(7): len = 20578.6, overlap = 0
PHY-3002 : Step(8): len = 20687, overlap = 0
PHY-3002 : Step(9): len = 19743.9, overlap = 0
PHY-3002 : Step(10): len = 17705.5, overlap = 0
PHY-3002 : Step(11): len = 16348.6, overlap = 0
PHY-3002 : Step(12): len = 16004.6, overlap = 0
PHY-3002 : Step(13): len = 14781.4, overlap = 0
PHY-3002 : Step(14): len = 14709.6, overlap = 0
PHY-3002 : Step(15): len = 14509.7, overlap = 0
PHY-3002 : Step(16): len = 13503.4, overlap = 0
PHY-3002 : Step(17): len = 13025.7, overlap = 0
PHY-3002 : Step(18): len = 12483.8, overlap = 0
PHY-3002 : Step(19): len = 11960.9, overlap = 0
PHY-3002 : Step(20): len = 12136.8, overlap = 0
PHY-3002 : Step(21): len = 11324.7, overlap = 0
PHY-3002 : Step(22): len = 11558.9, overlap = 0
PHY-3002 : Step(23): len = 11214.7, overlap = 0
PHY-3002 : Step(24): len = 10973.2, overlap = 0
PHY-3002 : Step(25): len = 11034.7, overlap = 0
PHY-3002 : Step(26): len = 10505, overlap = 0
PHY-3002 : Step(27): len = 10241.4, overlap = 0
PHY-3002 : Step(28): len = 9384.5, overlap = 0
PHY-3002 : Step(29): len = 8820.1, overlap = 0
PHY-3002 : Step(30): len = 8997.9, overlap = 0
PHY-3002 : Step(31): len = 8674.6, overlap = 0
PHY-3002 : Step(32): len = 8194.5, overlap = 0
PHY-3002 : Step(33): len = 7892.3, overlap = 0
PHY-3002 : Step(34): len = 7733.7, overlap = 0
PHY-3002 : Step(35): len = 7454.6, overlap = 0
PHY-3001 : Legalization ...
PHY-3001 : End legalization;  0.006454s wall, 0.000000s user + 0.000000s system = 0.000000s CPU (n/a%)

PHY-3001 : Run with size of 4
PHY-3001 : Cell area utilization is 1%
PHY-3001 : :::0::: Try harder cell spreading with beta_ = 0.365121
PHY-3002 : Step(36): len = 6887.7, overlap = 0
PHY-3002 : Step(37): len = 6919.2, overlap = 0
PHY-3002 : Step(38): len = 6888.7, overlap = 0
PHY-3002 : Step(39): len = 6841.9, overlap = 0
PHY-3002 : Step(40): len = 6930.7, overlap = 0
PHY-3001 : Run with size of 2
PHY-3001 : Cell area utilization is 1%
PHY-3001 : :::0::: Try harder cell spreading with beta_ = 0
PHY-3002 : Step(41): len = 6604.4, overlap = 4.125
PHY-3002 : Step(42): len = 6634.4, overlap = 4.1875
PHY-3002 : Step(43): len = 6679.4, overlap = 4.4375
OPT-1001 : Start physical optimization ...
OPT-1001 : Total overflow 17.47 peak overflow 1.94
OPT-1001 : Start high-fanout net optimization ...
OPT-1001 : Update timing in global mode
PHY-1001 : Start incremental global routing, caller is place ...
RUN-1001 : Generating global routing grids ...
RUN-1001 : Building simple global routing graph ...
PHY-1001 : Generate routing nets ...
PHY-1001 : Reuse net number 0/464.
PHY-1001 : Global iterations in 8 thread ...
PHY-1002 : len = 6872, over cnt = 23(0%), over = 68, worst = 7
PHY-1001 : End global iterations;  0.027329s wall, 0.015625s user + 0.015625s system = 0.031250s CPU (114.3%)

PHY-1001 : Congestion index: top1 = 11.50, top5 = 4.63, top10 = 2.35, top15 = 1.57.
PHY-1001 : End incremental global routing;  0.088486s wall, 0.062500s user + 0.015625s system = 0.078125s CPU (88.3%)

RUN-1002 : start command "start_timer -report"
TMR-5001 WARNING: No sdc constraints found while initiating timer.
TMR-2505 : Start building timing graph for model responder.
TMR-2506 : Build timing graph completely. Port num: 10, tpin num: 1600, tnet num: 462, tinst num: 353, tnode num: 2066, tedge num: 2573.
TMR-2508 : Levelizing timing graph completed, there are 23 levels in total.
TMR-2501 : Timing graph initialized successfully.
OPT-1001 : End timing update;  0.229575s wall, 0.171875s user + 0.000000s system = 0.171875s CPU (74.9%)

OPT-1001 : 0 high-fanout net processed.
OPT-1001 : End high-fanout net optimization;  0.322352s wall, 0.234375s user + 0.015625s system = 0.250000s CPU (77.6%)

OPT-1001 : Current memory(MB): used = 134, reserve = 106, peak = 134.
OPT-1001 : End physical optimization;  0.329009s wall, 0.234375s user + 0.015625s system = 0.250000s CPU (76.0%)

PHY-3001 : Start packing ...
SYN-4007 : Packing 0 MUX to BLE ...
SYN-4008 : Packed 0 MUX and 0 SEQ to BLE.
SYN-4007 : Packing 149 LUT to BLE ...
SYN-4008 : Packed 149 LUT and 69 SEQ to BLE.
SYN-4003 : Packing 61 remaining SEQ's ...
SYN-4005 : Packed 39 SEQ with LUT/SLICE
SYN-4006 : 47 single LUT's are left
SYN-4006 : 22 single SEQ's are left
SYN-4011 : Packing model "responder" (AL_USER_NORMAL) with 171/247 primitive instances ...
PHY-3001 : End packing;  0.010082s wall, 0.015625s user + 0.000000s system = 0.015625s CPU (155.0%)

PHY-1001 : Populate physical database on model responder.
RUN-1001 : There are total 174 instances
RUN-1001 : 69 mslices, 69 lslices, 29 pads, 0 brams, 0 dsps
RUN-1001 : There are total 406 nets
RUN-1001 : 211 nets have 2 pins
RUN-1001 : 154 nets have [3 - 5] pins
RUN-1001 : 28 nets have [6 - 10] pins
RUN-1001 : 9 nets have [11 - 20] pins
RUN-1001 : 3 nets have [21 - 99] pins
RUN-1001 : 1 nets have 100+ pins
PHY-3001 : design contains 172 instances, 138 slices, 5 macros(40 instances: 20 mslices 20 lslices)
PHY-3001 : Cell area utilization is 1%
PHY-3001 : After packing: Len = 7081, Over = 6.5
PHY-3001 : Run with size of 2
PHY-3001 : Cell area utilization is 1%
PHY-3001 : :::0::: Try harder cell spreading with beta_ = 0.0163467
PHY-3002 : Step(44): len = 6989, overlap = 6
PHY-3002 : Step(45): len = 6849.5, overlap = 6.5
PHY-3002 : Step(46): len = 6597.5, overlap = 6.25
PHY-3002 : Step(47): len = 6595.4, overlap = 6.75
PHY-3002 : Step(48): len = 6576.5, overlap = 7
PHY-3001 : :::1::: Try harder cell spreading with beta_ = 0.0326934
PHY-3002 : Step(49): len = 6582, overlap = 7
PHY-3002 : Step(50): len = 6588.2, overlap = 6.75
PHY-3001 : Legalization ...
PHY-3001 : End legalization;  0.052236s wall, 0.000000s user + 0.000000s system = 0.000000s CPU (n/a%)

PHY-3001 : Trial Legalized: Len = 10241.5
PHY-3001 : Run with size of 2
PHY-3001 : Cell area utilization is 1%
PHY-3001 : :::0::: Try harder cell spreading with beta_ = 0
PHY-3002 : Step(51): len = 7990.2, overlap = 1.25
PHY-3002 : Step(52): len = 7082.6, overlap = 2.5
PHY-3002 : Step(53): len = 6871.9, overlap = 2.75
PHY-3002 : Step(54): len = 6680.4, overlap = 2.25
PHY-3002 : Step(55): len = 6662.4, overlap = 2.5
PHY-3001 : Legalization ...
PHY-3001 : End legalization;  0.005324s wall, 0.000000s user + 0.000000s system = 0.000000s CPU (n/a%)

PHY-3001 : Legalized: Len = 8538.7, Over = 0
PHY-3001 : Spreading special nets. 1 overflows in 2952 tiles.
PHY-3001 : End spreading;  0.002693s wall, 0.000000s user + 0.000000s system = 0.000000s CPU (n/a%)

PHY-3001 : 1 instances has been re-located, deltaX = 0, deltaY = 1, maxDist = 1.
PHY-3001 : Final: Len = 8552.7, Over = 0
OPT-1001 : Start physical optimization ...
OPT-1001 : Total overflow 0.00 peak overflow 0.00
OPT-1001 : Start high-fanout net optimization ...
OPT-1001 : Update timing in global mode
PHY-1001 : Start incremental global routing, caller is place ...
RUN-1001 : Generating global routing grids ...
PHY-1001 : Generate routing nets ...
PHY-1001 : Reuse net number 30/406.
PHY-1001 : Global iterations in 8 thread ...
PHY-1002 : len = 9168, over cnt = 28(0%), over = 45, worst = 3
PHY-1002 : len = 9440, over cnt = 14(0%), over = 19, worst = 3
PHY-1002 : len = 9624, over cnt = 5(0%), over = 7, worst = 2
PHY-1002 : len = 9736, over cnt = 0(0%), over = 0, worst = 0
PHY-1001 : End global iterations;  0.042647s wall, 0.000000s user + 0.000000s system = 0.000000s CPU (n/a%)

PHY-1001 : Congestion index: top1 = 15.19, top5 = 6.45, top10 = 3.39, top15 = 2.26.
PHY-1001 : End incremental global routing;  0.089872s wall, 0.031250s user + 0.000000s system = 0.031250s CPU (34.8%)

RUN-1002 : start command "start_timer -report"
TMR-5001 WARNING: No sdc constraints found while initiating timer.
TMR-2505 : Start building timing graph for model responder.
TMR-2506 : Build timing graph completely. Port num: 10, tpin num: 1393, tnet num: 404, tinst num: 172, tnode num: 1751, tedge num: 2355.
TMR-2508 : Levelizing timing graph completed, there are 23 levels in total.
TMR-2501 : Timing graph initialized successfully.
OPT-1001 : End timing update;  0.200878s wall, 0.156250s user + 0.000000s system = 0.156250s CPU (77.8%)

OPT-1001 : 0 high-fanout net processed.
OPT-1001 : End high-fanout net optimization;  0.294942s wall, 0.187500s user + 0.000000s system = 0.187500s CPU (63.6%)

OPT-1001 : Current memory(MB): used = 136, reserve = 107, peak = 136.
OPT-1001 : Update timing in Manhattan mode
OPT-1001 : End timing update;  0.000259s wall, 0.000000s user + 0.000000s system = 0.000000s CPU (n/a%)

OPT-1001 : Start pin optimization...
OPT-1001 : skip pin optimization...
RUN-1001 : Generating global routing grids ...
PHY-1001 : Generate routing nets ...
PHY-1001 : Reuse net number 323/406.
PHY-1001 : Global iterations in 8 thread ...
PHY-1002 : len = 9736, over cnt = 0(0%), over = 0, worst = 0
PHY-1001 : End global iterations;  0.001922s wall, 0.000000s user + 0.000000s system = 0.000000s CPU (n/a%)

PHY-1001 : Congestion index: top1 = 15.19, top5 = 6.45, top10 = 3.39, top15 = 2.26.
OPT-1001 : Update timing in Manhattan mode
OPT-1001 : End timing update;  0.000517s wall, 0.000000s user + 0.000000s system = 0.000000s CPU (n/a%)

RUN-1001 : QoR Analysis:
OPT-0007 :   WNS 2147483647 TNS 0 NUM_FEPS 0
RUN-1001 :   No local congestion issue, and most congested 1% tile average routing util is 14.724138
RUN-1001 :   Top critical paths
OPT-1001 : End physical optimization;  0.349215s wall, 0.203125s user + 0.000000s system = 0.203125s CPU (58.2%)

RUN-1003 : finish command "place" in  1.755382s wall, 0.953125s user + 0.234375s system = 1.187500s CPU (67.6%)

RUN-1004 : used memory is 128 MB, reserved memory is 99 MB, peak memory is 137 MB
RUN-1002 : start command "export_db responder_place.db"
RUN-1001 : Exported /
RUN-1001 : Exported flow parameters
RUN-1001 : Exported libs
RUN-1001 : Exported entities
RUN-1001 : Exported ports
RUN-1001 : Exported pins
RUN-1001 : Exported instances
RUN-1001 : Exported nets
RUN-1001 : Exported buses
RUN-1001 : Exported models
RUN-1001 : Exported congestions
RUN-1001 : Exported violations
RUN-1001 : Exported IO constraints
RUN-1001 : Exported Inst constraints
RUN-1002 : start command "route"
RUN-1001 : Open license file C:/Anlogic/TD5.6.2/license/Anlogic.lic
RUN-1001 : Print Global Property
RUN-1001 : ---------------------------------------------------------------
RUN-1001 :        Parameters        |  Settings  |  Default Values  |  Note  
RUN-1001 : ---------------------------------------------------------------
RUN-1001 :          message         |  standard  |     standard     |        
RUN-1001 :   mixed_pack_place_flow  |     on     |        on        |        
RUN-1001 :        qor_monitor       |    off     |       off        |        
RUN-1001 :        syn_ip_flow       |    off     |       off        |        
RUN-1001 :          thread          |    auto    |       auto       |        
RUN-1001 : ---------------------------------------------------------------
RUN-1001 : Print Route Property
RUN-1001 : -------------------------------------------------------
RUN-1001 :    Parameters    |  Settings  |  Default Values  |  Note  
RUN-1001 : -------------------------------------------------------
RUN-1001 :      effort      |   medium   |      medium      |        
RUN-1001 :     fix_hold     |    off     |       off        |        
RUN-1001 :    opt_timing    |   medium   |      medium      |        
RUN-1001 :   phy_sim_model  |    off     |       off        |        
RUN-1001 :     priority     |   timing   |      timing      |        
RUN-1001 :     swap_pin     |     on     |        on        |        
RUN-1001 : -------------------------------------------------------
PHY-1001 : Route runs in 8 thread(s)
RUN-1001 : There are total 174 instances
RUN-1001 : 69 mslices, 69 lslices, 29 pads, 0 brams, 0 dsps
RUN-1001 : There are total 406 nets
RUN-1001 : 211 nets have 2 pins
RUN-1001 : 154 nets have [3 - 5] pins
RUN-1001 : 28 nets have [6 - 10] pins
RUN-1001 : 9 nets have [11 - 20] pins
RUN-1001 : 3 nets have [21 - 99] pins
RUN-1001 : 1 nets have 100+ pins
RUN-1002 : start command "start_timer -report"
TMR-5001 WARNING: No sdc constraints found while initiating timer.
TMR-2505 : Start building timing graph for model responder.
TMR-2506 : Build timing graph completely. Port num: 10, tpin num: 1393, tnet num: 404, tinst num: 172, tnode num: 1751, tedge num: 2355.
TMR-2508 : Levelizing timing graph completed, there are 23 levels in total.
TMR-2501 : Timing graph initialized successfully.
PHY-1001 : 69 mslices, 69 lslices, 29 pads, 0 brams, 0 dsps
TMR-2503 : Start to update net delay, extr mode = 3.
TMR-2504 : Update delay of 404 nets completely.
TMR-2502 : Annotate delay completely, extr mode = 3.
TMR-3002 : No user constraint, initiate default constraint.
TMR-1501 : Assign derive clock DeriveClock to 210 clock pins, and constraint 358 relative nodes.
TMR-3003 : Constraints initiated successfully.
TMR-3501 : Forward propagation: start to calculate arrival time...
TMR-3502 : Backward propagation: start to calculate required time...
TMR-3503 : Timing propagation completes.
PHY-1001 : Start global routing, caller is route ...
RUN-1001 : Generating global routing grids ...
PHY-1001 : Generate routing nets ...
PHY-1001 : Global iterations in 8 thread ...
PHY-1002 : len = 9120, over cnt = 29(0%), over = 47, worst = 3
PHY-1002 : len = 9376, over cnt = 17(0%), over = 22, worst = 3
PHY-1002 : len = 9656, over cnt = 3(0%), over = 3, worst = 1
PHY-1002 : len = 9688, over cnt = 0(0%), over = 0, worst = 0
PHY-1001 : End global iterations;  0.042390s wall, 0.000000s user + 0.000000s system = 0.000000s CPU (n/a%)

PHY-1001 : Congestion index: top1 = 15.17, top5 = 6.43, top10 = 3.38, top15 = 2.26.
PHY-1001 : End global routing;  0.090991s wall, 0.046875s user + 0.000000s system = 0.046875s CPU (51.5%)

PHY-1001 : Start detail routing ...
PHY-1001 : Current memory(MB): used = 156, reserve = 127, peak = 157.
PHY-1001 : Detailed router is running in normal mode.
PHY-1001 : Generate detailed routing grids ...
PHY-1001 : Processed IO instance DigitronCS_Out[3]_syn_2 with INV attribute.
PHY-1001 : Processed IO instance DigitronCS_Out[2]_syn_2 with INV attribute.
PHY-1001 : Processed IO instance DigitronCS_Out[1]_syn_2 with INV attribute.
PHY-1001 : Processed IO instance DigitronCS_Out[0]_syn_2 with INV attribute.
PHY-1001 : Processed IO instance Digitron_Out[6]_syn_2 with INV attribute.
PHY-1001 : Processed IO instance Digitron_Out[5]_syn_2 with INV attribute.
PHY-1001 : Processed IO instance Digitron_Out[4]_syn_2 with INV attribute.
PHY-1001 : Processed IO instance Digitron_Out[3]_syn_2 with INV attribute.
PHY-1001 : Processed IO instance Digitron_Out[2]_syn_2 with INV attribute.
PHY-1001 : Processed IO instance Digitron_Out[1]_syn_2 with INV attribute.
PHY-1001 : Processed IO instance Digitron_Out[0]_syn_2 with INV attribute.
PHY-1001 : Generate nets ...
PHY-1001 : net CLK_dup_1 will be routed on clock mesh
PHY-1001 : clock net U2/CLK1_syn_4 will be merged with clock U2/CLK1
PHY-1001 : clock net U4/SingleNum_b_n4_syn_10 will be merged with clock U4/SingleNum_b_n4
PHY-1001 : clock net U4/W_DigitronCS_Out_n_syn_4 will be merged with clock U4/W_DigitronCS_Out_n
PHY-1001 : clock net U4/W_Digitron_Out_n_syn_2 will be merged with clock U4/W_Digitron_Out_n
PHY-1001 : Current memory(MB): used = 419, reserve = 394, peak = 419.
PHY-1001 : End build detailed router design. 3.854069s wall, 3.093750s user + 0.015625s system = 3.109375s CPU (80.7%)

PHY-1001 : Detail Route ...
PHY-1001 : ===== Detail Route Phase 1 =====
PHY-1001 : Clock net routing.....
PHY-1001 : Routed 1% nets.
PHY-1022 : len = 12568, over cnt = 0(0%), over = 0, worst = 0, crit = 0
PHY-1001 : End initial clock net routed; 1.519436s wall, 1.281250s user + 0.000000s system = 1.281250s CPU (84.3%)

PHY-1001 : Current memory(MB): used = 449, reserve = 425, peak = 449.
PHY-1001 : End phase 1; 1.525541s wall, 1.296875s user + 0.000000s system = 1.296875s CPU (85.0%)

PHY-1001 : ===== Detail Route Phase 2 =====
PHY-1001 : Initial routing.....
PHY-1001 : Routed 29% nets.
PHY-1001 : Routed 35% nets.
PHY-1001 : Routed 51% nets.
PHY-1001 : Routed 65% nets.
PHY-1001 : Routed 82% nets.
PHY-1022 : len = 31936, over cnt = 10(0%), over = 10, worst = 1, crit = 0
PHY-1001 : Current memory(MB): used = 449, reserve = 425, peak = 449.
PHY-1001 : End initial routed; 0.169657s wall, 0.046875s user + 0.000000s system = 0.046875s CPU (27.6%)

PHY-1001 : Current memory(MB): used = 449, reserve = 425, peak = 449.
PHY-1001 : End phase 2; 0.169708s wall, 0.046875s user + 0.000000s system = 0.046875s CPU (27.6%)

PHY-1001 : ===== Detail Route Phase 3 =====
PHY-1001 : Ripup-reroute.....
PHY-1001 : ===== DR Iter 1 =====
PHY-1022 : len = 31944, over cnt = 1(0%), over = 1, worst = 1, crit = 0
PHY-1001 : End DR Iter 1; 0.014186s wall, 0.000000s user + 0.000000s system = 0.000000s CPU (n/a%)

PHY-1001 : ===== DR Iter 2 =====
PHY-1022 : len = 31968, over cnt = 0(0%), over = 0, worst = 0, crit = 0
PHY-1001 : End DR Iter 2; 0.011473s wall, 0.000000s user + 0.000000s system = 0.000000s CPU (n/a%)

PHY-1001 : Commit to database.....
PHY-1001 : 2 feed throughs used by 2 nets
PHY-1001 : End commit to database; 0.065765s wall, 0.062500s user + 0.000000s system = 0.062500s CPU (95.0%)

PHY-1001 : Current memory(MB): used = 458, reserve = 434, peak = 458.
PHY-1001 : End phase 3; 0.205808s wall, 0.171875s user + 0.000000s system = 0.171875s CPU (83.5%)

PHY-1003 : Routed, final wirelength = 31968
PHY-1001 : Current memory(MB): used = 459, reserve = 434, peak = 459.
PHY-1001 : End export database. 0.005417s wall, 0.000000s user + 0.000000s system = 0.000000s CPU (n/a%)

PHY-1001 : End detail routing;  5.975169s wall, 4.750000s user + 0.031250s system = 4.781250s CPU (80.0%)

RUN-1003 : finish command "route" in  6.359313s wall, 5.000000s user + 0.031250s system = 5.031250s CPU (79.1%)

RUN-1004 : used memory is 415 MB, reserved memory is 390 MB, peak memory is 459 MB
RUN-1002 : start command "report_area -io_info -file responder_phy.area"
RUN-1001 : standard
***Report Model: responder Device: EG4S20BG256***

IO Statistics
#IO                        29
  #input                    7
  #output                  22
  #inout                    0

Utilization Statistics
#lut                      236   out of  19600    1.20%
#reg                      151   out of  19600    0.77%
#le                       258
  #lut only               107   out of    258   41.47%
  #reg only                22   out of    258    8.53%
  #lut&reg                129   out of    258   50.00%
#dsp                        0   out of     29    0.00%
#bram                       0   out of     64    0.00%
  #bram9k                   0
  #fifo9k                   0
#bram32k                    0   out of     16    0.00%
#pad                       29   out of    188   15.43%
  #ireg                     4
  #oreg                    17
  #treg                     0
#pll                        0   out of      4    0.00%
#gclk                       4   out of     16   25.00%

Clock Resource Statistics
Index     ClockNet                 Type               DriverType         Driver                   Fanout
#1        CLK_dup_1                GCLK               io                 CLK_syn_2.di             92
#2        U2/CLK1                  GCLK               mslice             U2/CLK1_reg_syn_30.q0    8
#3        U4/W_DigitronCS_Out_n    GCLK               lslice             U4/reg2_syn_25.f1        7
#4        U4/W_Digitron_Out_n      GCLK               lslice             U4/mux1_syn_5.f1         7
#5        U4/SingleNum_b_n4        GCLK               lslice             U4/sel2_syn_71.f0        2


Detailed IO Report

        Name           Direction    Location    IOStandard    DriveStrength    PullType    PackReg  
         CLK             INPUT         R7        LVCMOS33          N/A          PULLUP      NONE    
      Key_In[3]          INPUT        F10        LVCMOS33          N/A          PULLUP      IREG    
      Key_In[2]          INPUT        C11        LVCMOS33          N/A          PULLUP      IREG    
      Key_In[1]          INPUT        D11        LVCMOS33          N/A          PULLUP      IREG    
      Key_In[0]          INPUT        E11        LVCMOS33          N/A          PULLUP      IREG    
        RSTn             INPUT         A9        LVCMOS33          N/A          PULLUP      NONE    
        Start            INPUT        A10        LVCMOS33          N/A          PULLUP      NONE    
     Buzzer_Out         OUTPUT        H11        LVCMOS33           8            NONE       OREG    
  DigitronCS_Out[3]     OUTPUT         A3        LVCMOS33           8            NONE       OREG    
  DigitronCS_Out[2]     OUTPUT         A5        LVCMOS33           8            NONE       OREG    
  DigitronCS_Out[1]     OUTPUT         B6        LVCMOS33           8            NONE       OREG    
  DigitronCS_Out[0]     OUTPUT         C9        LVCMOS33           8            NONE       OREG    
   Digitron_Out[7]      OUTPUT         C8        LVCMOS33           8            NONE       NONE    
   Digitron_Out[6]      OUTPUT         A8        LVCMOS33           8            NONE       OREG    
   Digitron_Out[5]      OUTPUT         B5        LVCMOS33           8            NONE       OREG    
   Digitron_Out[4]      OUTPUT         A7        LVCMOS33           8            NONE       OREG    
   Digitron_Out[3]      OUTPUT         E8        LVCMOS33           8            NONE       OREG    
   Digitron_Out[2]      OUTPUT         B8        LVCMOS33           8            NONE       OREG    
   Digitron_Out[1]      OUTPUT         A6        LVCMOS33           8            NONE       OREG    
   Digitron_Out[0]      OUTPUT         A4        LVCMOS33           8            NONE       OREG    
     Key_Row[3]         OUTPUT        E10        LVCMOS33           8            NONE       NONE    
     Key_Row[2]         OUTPUT        C10        LVCMOS33           8            NONE       NONE    
     Key_Row[1]         OUTPUT         F9        LVCMOS33           8            NONE       NONE    
     Key_Row[0]         OUTPUT         D9        LVCMOS33           8            NONE       NONE    
     LED_Out[3]         OUTPUT        C15        LVCMOS33           8            NONE       OREG    
     LED_Out[2]         OUTPUT        B16        LVCMOS33           8            NONE       OREG    
     LED_Out[1]         OUTPUT        B15        LVCMOS33           8            NONE       OREG    
     LED_Out[0]         OUTPUT        B14        LVCMOS33           8            NONE       OREG    
  LED_OverTime_Out      OUTPUT        F16        LVCMOS33           8            NONE       OREG    

Report Hierarchy Area:
+-----------------------------------------------------------------------------------+
|Instance |Module              |le     |lut     |ripple  |seq     |bram    |dsp     |
+-----------------------------------------------------------------------------------+
|top      |responder           |258    |196     |40      |172     |0       |0       |
|  U1     |Sel_module          |62     |49      |7       |35      |0       |0       |
|  U2     |Timer_module        |55     |45      |7       |37      |0       |0       |
|  U3     |Buzzer_module       |45     |27      |6       |29      |0       |0       |
|  U4     |Digitron_NumDisplay |60     |51      |9       |26      |0       |0       |
|  U5     |key_filter          |36     |24      |11      |24      |0       |0       |
+-----------------------------------------------------------------------------------+


DataNet Average Fanout:

   Index     Fanout    Nets  
    #1         1       182   
    #2         2       130   
    #3         3        12   
    #4         4        11   
    #5        5-10      27   
    #6       11-50      8    
  Average     2.28           

RUN-1002 : start command "export_db responder_pr.db"
RUN-1001 : Exported /
RUN-1001 : Exported flow parameters
RUN-1001 : Exported libs
RUN-1001 : Exported entities
RUN-1001 : Exported ports
RUN-1001 : Exported pins
RUN-1001 : Exported instances
RUN-1001 : Exported nets
RUN-1001 : Exported buses
RUN-1001 : Exported models
RUN-1001 : Exported congestions
RUN-1001 : Exported violations
RUN-1001 : Exported IO constraints
RUN-1001 : Exported Inst constraints
RUN-1002 : start command "export_bid responder_inst.bid"
RUN-1002 : start command "bitgen -bit responder.bit -unused_io_status pulldown"
BIT-1003 : Start to generate bitstream. 
BIT-1002 : Bitgen processed 159 unused pads, reserve input tri_state with pulldown
BIT-1002 : Init instances with 8 threads.
BIT-1002 : Init instances completely, inst num: 331
BIT-1002 : Init pips with 8 threads.
BIT-1002 : Init pips completely, net num: 406, pip num: 2798
BIT-1002 : Init feedthrough completely, num: 2
BIT-1003 : Multithreading accelaration with 8 threads.
BIT-1003 : Generate bitstream completely, there are 621 valid insts, and 8759 bits set as '1'.
BIT-1004 : PLL setting string = 0000
BIT-1004 : Generate bits file responder.bit.
RUN-1003 : finish command "bitgen -bit responder.bit -unused_io_status pulldown" in  1.480011s wall, 3.000000s user + 0.015625s system = 3.015625s CPU (203.8%)

RUN-1004 : used memory is 425 MB, reserved memory is 404 MB, peak memory is 576 MB
RUN-1002 : start command "backup_run_log run.log ../.logs/phy_1/td_20240723_221608.log"
