============================================================
   Tang Dynasty, V5.6.71036
      Copyright (c) 2012-2023 Anlogic Inc.
   Executable = C:/Anlogic/TD5.6.2/bin/td.exe
   Built at =   20:34:38 Mar 21 2023
   Run by =     Timmy
   Run Date =   Sat Jul 27 11:09:32 2024

   Run on =     DESKTOP-A28VB3Q
============================================================
RUN-1002 : start command "open_project responder.prj"
RUN-1001 : Print Global Property
RUN-1001 : ---------------------------------------------------------------
RUN-1001 :        Parameters        |  Settings  |  Default Values  |  Note  
RUN-1001 : ---------------------------------------------------------------
RUN-1001 :          message         |  standard  |     standard     |        
RUN-1001 :   mixed_pack_place_flow  |     on     |        on        |        
RUN-1001 :        qor_monitor       |    off     |       off        |        
RUN-1001 :        syn_ip_flow       |    off     |       off        |        
RUN-1001 :          thread          |    auto    |       auto       |        
RUN-1001 : ---------------------------------------------------------------
RUN-1001 : Print Design Property
RUN-1001 : --------------------------------------------------------------
RUN-1001 :        Parameters       |  Settings  |  Default Values  |  Note  
RUN-1001 : --------------------------------------------------------------
RUN-1001 :   default_reg_initial   |    auto    |       auto       |        
RUN-1001 :        infer_add        |     on     |        on        |        
RUN-1001 :        infer_fsm        |    off     |       off        |        
RUN-1001 :        infer_mult       |     on     |        on        |        
RUN-1001 :        infer_ram        |     on     |        on        |        
RUN-1001 :        infer_reg        |     on     |        on        |        
RUN-1001 :   infer_reg_init_value  |     on     |        on        |        
RUN-1001 :        infer_rom        |     on     |        on        |        
RUN-1001 :      infer_shifter      |     on     |        on        |        
RUN-1001 : --------------------------------------------------------------
RUN-1001 : Print Rtl Property
RUN-1001 : --------------------------------------------------------------
RUN-1001 :        Parameters       |  Settings  |  Default Values  |  Note  
RUN-1001 : --------------------------------------------------------------
RUN-1001 :       compress_add      |   ripple   |      ripple      |        
RUN-1001 :        elf_sload        |    off     |       off        |        
RUN-1001 :       fix_undriven      |     0      |        0         |        
RUN-1001 :         flatten         |    off     |       off        |        
RUN-1001 :       gate_sharing      |     on     |        on        |        
RUN-1001 :    hdl_warning_level    |   normal   |      normal      |        
RUN-1001 :   impl_internal_tribuf  |     on     |        on        |        
RUN-1001 :      impl_set_reset     |     on     |        on        |        
RUN-1001 :        infer_gsr        |    off     |       off        |        
RUN-1001 :      keep_hierarchy     |    auto    |       auto       |        
RUN-1001 :        max_fanout       |    9999    |       9999       |        
RUN-1001 :      max_oh2bin_len     |     10     |        10        |        
RUN-1001 :       merge_equal       |     on     |        on        |        
RUN-1001 :       merge_equiv       |     on     |        on        |        
RUN-1001 :        merge_mux        |    off     |       off        |        
RUN-1001 :     min_control_set     |     8      |        8         |        
RUN-1001 :      min_ripple_len     |    auto    |       auto       |        
RUN-1001 :       oh2bin_ratio      |    0.08    |       0.08       |        
RUN-1001 :     opt_adder_fanout    |     on     |        on        |        
RUN-1001 :        opt_arith        |     on     |        on        |        
RUN-1001 :       opt_big_gate      |    off     |       off        |        
RUN-1001 :        opt_const        |     on     |        on        |        
RUN-1001 :      opt_const_mult     |     on     |        on        |        
RUN-1001 :       opt_lessthan      |     on     |        on        |        
RUN-1001 :         opt_mux         |    off     |       off        |        
RUN-1001 :         opt_ram         |    high    |       high       |        
RUN-1001 :      rtl_sim_model      |    off     |       off        |        
RUN-1001 :         seq_syn         |     on     |        on        |        
RUN-1001 : --------------------------------------------------------------
HDL-1007 : analyze verilog file ../../responder.v
HDL-1007 : analyze verilog file ../../Sel_module.v
HDL-1007 : analyze verilog file ../../Timer_module.v
HDL-1007 : analyze verilog file ../../Buzzer_module.v
HDL-1007 : analyze verilog file ../../Digitron_NumDisplay.v
HDL-1007 : analyze verilog file ../../key_filter.v
HDL-1007 : analyze verilog file ../../../../1 run_led/run_led/led8_module.v
HDL-1007 : analyze verilog file ../../countdown_module.v
RUN-1001 : Project manager successfully analyzed 8 source files.
RUN-1002 : start command "import_device eagle_s20.db -package EG4S20BG256"
ARC-1001 : Device Initialization.
ARC-1001 : ------------------------------------------------------------------
ARC-1001 :            OPTION            |          IO          |   SETTING   
ARC-1001 : ------------------------------------------------------------------
ARC-1001 :   cso_b/cclk/mosi/miso/dout  |  T3/R11/T10/P10/S11  |    gpio    
ARC-1001 :             done             |         P13          |    gpio    
ARC-1001 :           program_b          |          T2          |  dedicate  
ARC-1001 :        tdi/tms/tck/tdo       |   C12/A15/C14/E14    |  dedicate  
ARC-1001 : ------------------------------------------------------------------
ARC-1004 : Device setting, marked 5 dedicate IOs in total.
RUN-1002 : start command "import_db ../syn_1/responder_gate.db"
RUN-1001 : Importing database generated by Tang Dynasty, V5.6.71036.
RUN-1001 : Database version number 46146.
RUN-1001 : Import flow parameters
RUN-1001 : Import IO constraints
RUN-1001 : Import Inst constraints
RUN-1001 : Import design success TD_VERSION=5.6.71036 , DB_VERSION=46146
RUN-1002 : start command "place"
RUN-1001 : Open license file C:/Anlogic/TD5.6.2/license/Anlogic.lic
RUN-1001 : Print Global Property
RUN-1001 : ---------------------------------------------------------------
RUN-1001 :        Parameters        |  Settings  |  Default Values  |  Note  
RUN-1001 : ---------------------------------------------------------------
RUN-1001 :          message         |  standard  |     standard     |        
RUN-1001 :   mixed_pack_place_flow  |     on     |        on        |        
RUN-1001 :        qor_monitor       |    off     |       off        |        
RUN-1001 :        syn_ip_flow       |    off     |       off        |        
RUN-1001 :          thread          |    auto    |       auto       |        
RUN-1001 : ---------------------------------------------------------------
RUN-1001 : Print Place Property
RUN-1001 : --------------------------------------------------------------
RUN-1001 :        Parameters       |  Settings  |  Default Values  |  Note  
RUN-1001 : --------------------------------------------------------------
RUN-1001 :      detailed_place     |     on     |        on        |        
RUN-1001 :          effort         |   medium   |      medium      |        
RUN-1001 :         fix_hold        |    off     |       off        |        
RUN-1001 :       legalization      |    ori     |       ori        |        
RUN-1001 :      new_spreading      |     on     |        on        |        
RUN-1001 :        opt_timing       |   medium   |      medium      |        
RUN-1001 :   post_clock_route_opt  |    off     |       off        |        
RUN-1001 :       pr_strategy       |     1      |        1         |        
RUN-1001 :        relaxation       |    1.00    |       1.00       |        
RUN-1001 :         retiming        |    off     |       off        |        
RUN-1001 : --------------------------------------------------------------
PHY-3001 : Placer runs in 8 thread(s).
RUN-1002 : start command "legalize_phy_inst"
SYN-1011 : Flatten model responder
RUN-1002 : start command "phys_opt -simplify_lut"
SYN-4024 : Net "CLK_dup_1" drives clk pins.
SYN-4024 : Net "U4/W_DigitronCS_Out_n" drives clk pins.
SYN-4024 : Net "U1/Timer_Start" drives clk pins.
SYN-4024 : Net "U2/CLK1" drives clk pins.
SYN-4024 : Net "U4/SingleNum_b_n4" drives clk pins.
SYN-4025 : Tag rtl::Net CLK_dup_1 as clock net
SYN-4025 : Tag rtl::Net U1/Timer_Start as clock net
SYN-4025 : Tag rtl::Net U2/CLK1 as clock net
SYN-4025 : Tag rtl::Net U4/SingleNum_b_n4 as clock net
SYN-4025 : Tag rtl::Net U4/W_DigitronCS_Out_n as clock net
SYN-4026 : Tagged 5 rtl::Net as clock net
SYN-4015 : Create BUFG instance for clk Net U1/Timer_Start to drive 8 clock pins.
SYN-4015 : Create BUFG instance for clk Net U4/W_DigitronCS_Out_n to drive 8 clock pins.
SYN-4015 : Create BUFG instance for clk Net U4/SingleNum_b_n4 to drive 4 clock pins.
SYN-4015 : Create BUFG instance for clk Net U2/CLK1 to drive 3 clock pins.
PHY-1001 : Populate physical database on model responder.
RUN-1001 : There are total 401 instances
RUN-0007 : 168 luts, 141 seqs, 32 mslices, 20 lslices, 33 pads, 0 brams, 0 dsps
RUN-1001 : There are total 533 nets
RUN-1001 : 304 nets have 2 pins
RUN-1001 : 195 nets have [3 - 5] pins
RUN-1001 : 24 nets have [6 - 10] pins
RUN-1001 : 4 nets have [11 - 20] pins
RUN-1001 : 4 nets have [21 - 99] pins
RUN-1001 : 2 nets have 100+ pins
RUN-1001 : Report Control nets information:
RUN-1001 : DFF Distribution
RUN-1001 : ----------------------------------
RUN-1001 :   CE   |  SSR  |  ASR  |  DFF Count  
RUN-1001 : ----------------------------------
RUN-1001 :   No   |  No   |  No   |     28      
RUN-1001 :   No   |  No   |  Yes  |     59      
RUN-1001 :   No   |  Yes  |  No   |     29      
RUN-1001 :   Yes  |  No   |  No   |      0      
RUN-1001 :   Yes  |  No   |  Yes  |     25      
RUN-1001 :   Yes  |  Yes  |  No   |      0      
RUN-1001 : ----------------------------------
RUN-0007 : Control Group Statistic
RUN-0007 : ---------------------------
RUN-0007 :   #CLK  |  #CE  |  #SSR/ASR  
RUN-0007 : ---------------------------
RUN-0007 :    5    |   2   |     5      
RUN-0007 : ---------------------------
RUN-0007 : Control Set = 10
PHY-3001 : Initial placement ...
PHY-3001 : design contains 399 instances, 168 luts, 141 seqs, 52 slices, 6 macros(52 instances: 32 mslices 20 lslices)
PHY-0007 : Cell area utilization is 1%
PHY-3001 : Global placement ...
PHY-3001 : Initial: Len = 113224
PHY-3001 : Clustering ...
PHY-3001 : Level 0 #clusters 399.
PHY-3001 : End clustering;  0.000017s wall, 0.000000s user + 0.000000s system = 0.000000s CPU (n/a%)

PHY-3001 : Run with size of 4
PHY-3001 : Cell area utilization is 1%
PHY-3001 : :::0::: Try harder cell spreading with beta_ = 0
PHY-3002 : Step(1): len = 69281.1, overlap = 0
PHY-3002 : Step(2): len = 47201.9, overlap = 0
PHY-3002 : Step(3): len = 35760.6, overlap = 0
PHY-3002 : Step(4): len = 28030.5, overlap = 0
PHY-3002 : Step(5): len = 24569.9, overlap = 0
PHY-3002 : Step(6): len = 24122.3, overlap = 0
PHY-3002 : Step(7): len = 22705.2, overlap = 0
PHY-3002 : Step(8): len = 20574.7, overlap = 0
PHY-3002 : Step(9): len = 20669.3, overlap = 0
PHY-3002 : Step(10): len = 20116.2, overlap = 0
PHY-3002 : Step(11): len = 17495.5, overlap = 0
PHY-3002 : Step(12): len = 16710, overlap = 0
PHY-3002 : Step(13): len = 17021.7, overlap = 0
PHY-3002 : Step(14): len = 15759.1, overlap = 0
PHY-3002 : Step(15): len = 15304.6, overlap = 0
PHY-3002 : Step(16): len = 15523.8, overlap = 0
PHY-3002 : Step(17): len = 14361.7, overlap = 0
PHY-3002 : Step(18): len = 14227.7, overlap = 0
PHY-3002 : Step(19): len = 14502.6, overlap = 0
PHY-3002 : Step(20): len = 13712.8, overlap = 0
PHY-3002 : Step(21): len = 13248.7, overlap = 0
PHY-3002 : Step(22): len = 12077.9, overlap = 0
PHY-3002 : Step(23): len = 11190.8, overlap = 0
PHY-3002 : Step(24): len = 10529.9, overlap = 0
PHY-3002 : Step(25): len = 10551, overlap = 0
PHY-3002 : Step(26): len = 10346.4, overlap = 0
PHY-3002 : Step(27): len = 9961, overlap = 0
PHY-3002 : Step(28): len = 9858.5, overlap = 0
PHY-3002 : Step(29): len = 9765.2, overlap = 0
PHY-3002 : Step(30): len = 9230.9, overlap = 0
PHY-3002 : Step(31): len = 9290.5, overlap = 0
PHY-3002 : Step(32): len = 8736.5, overlap = 0
PHY-3002 : Step(33): len = 8245.4, overlap = 0
PHY-3002 : Step(34): len = 8245.4, overlap = 0
PHY-3002 : Step(35): len = 7978.6, overlap = 0
PHY-3001 : Legalization ...
PHY-3001 : End legalization;  0.012406s wall, 0.000000s user + 0.000000s system = 0.000000s CPU (n/a%)

PHY-3001 : Run with size of 4
PHY-3001 : Cell area utilization is 1%
PHY-3001 : :::0::: Try harder cell spreading with beta_ = 0
PHY-3002 : Step(36): len = 8000.9, overlap = 0
PHY-3002 : Step(37): len = 8109.7, overlap = 0
PHY-3002 : Step(38): len = 8250.5, overlap = 0
PHY-3001 : Run with size of 2
PHY-3001 : Cell area utilization is 1%
PHY-3001 : :::0::: Try harder cell spreading with beta_ = 0
PHY-3002 : Step(39): len = 7801.2, overlap = 4.625
PHY-3002 : Step(40): len = 7801.2, overlap = 4.625
PHY-3002 : Step(41): len = 8161.4, overlap = 4.8125
PHY-3002 : Step(42): len = 8161.4, overlap = 4.8125
PHY-3002 : Step(43): len = 7879.6, overlap = 4.28125
PHY-3002 : Step(44): len = 7924.3, overlap = 4.375
PHY-3002 : Step(45): len = 7955.2, overlap = 4.375
OPT-1001 : Start physical optimization ...
OPT-1001 : Total overflow 26.53 peak overflow 2.34
OPT-1001 : Start high-fanout net optimization ...
OPT-1001 : Update timing in global mode
PHY-1001 : Start incremental global routing, caller is place ...
RUN-1001 : Generating global routing grids ...
RUN-1001 : Building simple global routing graph ...
PHY-1001 : Generate routing nets ...
PHY-1001 : Reuse net number 0/533.
PHY-1001 : Global iterations in 8 thread ...
PHY-1002 : len = 8776, over cnt = 19(0%), over = 29, worst = 5
PHY-1001 : End global iterations;  0.038269s wall, 0.000000s user + 0.000000s system = 0.000000s CPU (n/a%)

PHY-1001 : Congestion index: top1 = 10.43, top5 = 4.80, top10 = 2.69, top15 = 1.80.
PHY-1001 : End incremental global routing;  0.119268s wall, 0.031250s user + 0.000000s system = 0.031250s CPU (26.2%)

RUN-1002 : start command "start_timer -report"
TMR-5001 WARNING: No sdc constraints found while initiating timer.
TMR-2505 : Start building timing graph for model responder.
TMR-2506 : Build timing graph completely. Port num: 11, tpin num: 1796, tnet num: 531, tinst num: 399, tnode num: 2342, tedge num: 2888.
TMR-2508 : Levelizing timing graph completed, there are 29 levels in total.
TMR-2501 : Timing graph initialized successfully.
OPT-1001 : End timing update;  0.325642s wall, 0.328125s user + 0.000000s system = 0.328125s CPU (100.8%)

OPT-1001 : 0 high-fanout net processed.
OPT-1001 : End high-fanout net optimization;  0.451990s wall, 0.375000s user + 0.000000s system = 0.375000s CPU (83.0%)

OPT-1001 : Current memory(MB): used = 136, reserve = 107, peak = 136.
OPT-1001 : End physical optimization;  0.461014s wall, 0.375000s user + 0.000000s system = 0.375000s CPU (81.3%)

PHY-3001 : Start packing ...
SYN-4007 : Packing 0 MUX to BLE ...
SYN-4008 : Packed 0 MUX and 0 SEQ to BLE.
SYN-4007 : Packing 168 LUT to BLE ...
SYN-4008 : Packed 168 LUT and 79 SEQ to BLE.
SYN-4003 : Packing 62 remaining SEQ's ...
SYN-4005 : Packed 40 SEQ with LUT/SLICE
SYN-4006 : 55 single LUT's are left
SYN-4006 : 22 single SEQ's are left
SYN-4011 : Packing model "responder" (AL_USER_NORMAL) with 190/282 primitive instances ...
PHY-3001 : End packing;  0.015303s wall, 0.015625s user + 0.000000s system = 0.015625s CPU (102.1%)

PHY-1001 : Populate physical database on model responder.
RUN-1001 : There are total 197 instances
RUN-1001 : 78 mslices, 79 lslices, 33 pads, 0 brams, 0 dsps
RUN-1001 : There are total 463 nets
RUN-1001 : 242 nets have 2 pins
RUN-1001 : 187 nets have [3 - 5] pins
RUN-1001 : 24 nets have [6 - 10] pins
RUN-1001 : 7 nets have [11 - 20] pins
RUN-1001 : 1 nets have [21 - 99] pins
RUN-1001 : 2 nets have 100+ pins
PHY-3001 : design contains 195 instances, 157 slices, 6 macros(52 instances: 32 mslices 20 lslices)
PHY-3001 : Cell area utilization is 2%
PHY-3001 : After packing: Len = 8332.4, Over = 8.25
PHY-3001 : Run with size of 2
PHY-3001 : Cell area utilization is 2%
PHY-3001 : :::0::: Try harder cell spreading with beta_ = 0.00152891
PHY-3002 : Step(46): len = 8073, overlap = 7.25
PHY-3002 : Step(47): len = 8043.7, overlap = 7.25
PHY-3002 : Step(48): len = 7944.5, overlap = 8
PHY-3002 : Step(49): len = 7971.3, overlap = 8.25
PHY-3002 : Step(50): len = 7970, overlap = 8.25
PHY-3001 : Legalization ...
PHY-3001 : End legalization;  0.093195s wall, 0.015625s user + 0.046875s system = 0.062500s CPU (67.1%)

PHY-3001 : Trial Legalized: Len = 11835.5
PHY-3001 : Run with size of 2
PHY-3001 : Cell area utilization is 2%
PHY-3001 : :::0::: Try harder cell spreading with beta_ = 0
PHY-3002 : Step(51): len = 9106.2, overlap = 0.25
PHY-3002 : Step(52): len = 8390, overlap = 1.25
PHY-3002 : Step(53): len = 8232.2, overlap = 1.75
PHY-3002 : Step(54): len = 8157.4, overlap = 1.75
PHY-3002 : Step(55): len = 8137.4, overlap = 2
PHY-3002 : Step(56): len = 8105.9, overlap = 2
PHY-3002 : Step(57): len = 7942.6, overlap = 1.75
PHY-3002 : Step(58): len = 7942.6, overlap = 1.75
PHY-3002 : Step(59): len = 7892.4, overlap = 2
PHY-3001 : Legalization ...
PHY-3001 : End legalization;  0.007875s wall, 0.000000s user + 0.000000s system = 0.000000s CPU (n/a%)

PHY-3001 : Legalized: Len = 9970.9, Over = 0
PHY-3001 : End spreading;  0.003940s wall, 0.000000s user + 0.000000s system = 0.000000s CPU (n/a%)

PHY-3001 : Final: Len = 9970.9, Over = 0
OPT-1001 : Start physical optimization ...
OPT-1001 : Total overflow 0.00 peak overflow 0.00
OPT-1001 : Start high-fanout net optimization ...
OPT-1001 : Update timing in global mode
PHY-1001 : Start incremental global routing, caller is place ...
RUN-1001 : Generating global routing grids ...
PHY-1001 : Generate routing nets ...
PHY-1001 : Reuse net number 31/463.
PHY-1001 : Global iterations in 8 thread ...
PHY-1002 : len = 10872, over cnt = 24(0%), over = 37, worst = 4
PHY-1002 : len = 11144, over cnt = 9(0%), over = 10, worst = 2
PHY-1002 : len = 11272, over cnt = 2(0%), over = 2, worst = 1
PHY-1002 : len = 11288, over cnt = 1(0%), over = 1, worst = 1
PHY-1002 : len = 11288, over cnt = 0(0%), over = 0, worst = 0
PHY-1001 : End global iterations;  0.066343s wall, 0.000000s user + 0.000000s system = 0.000000s CPU (n/a%)

PHY-1001 : Congestion index: top1 = 13.49, top5 = 6.44, top10 = 3.71, top15 = 2.47.
PHY-1001 : End incremental global routing;  0.129261s wall, 0.031250s user + 0.000000s system = 0.031250s CPU (24.2%)

RUN-1002 : start command "start_timer -report"
TMR-5001 WARNING: No sdc constraints found while initiating timer.
TMR-2505 : Start building timing graph for model responder.
TMR-2506 : Build timing graph completely. Port num: 11, tpin num: 1542, tnet num: 461, tinst num: 195, tnode num: 1979, tedge num: 2595.
TMR-2508 : Levelizing timing graph completed, there are 27 levels in total.
TMR-2501 : Timing graph initialized successfully.
OPT-1001 : End timing update;  0.307540s wall, 0.187500s user + 0.000000s system = 0.187500s CPU (61.0%)

OPT-1001 : 0 high-fanout net processed.
OPT-1001 : End high-fanout net optimization;  0.444139s wall, 0.234375s user + 0.000000s system = 0.234375s CPU (52.8%)

OPT-1001 : Current memory(MB): used = 137, reserve = 108, peak = 137.
OPT-1001 : Update timing in Manhattan mode
OPT-1001 : End timing update;  0.000580s wall, 0.000000s user + 0.000000s system = 0.000000s CPU (n/a%)

OPT-1001 : Start pin optimization...
OPT-1001 : skip pin optimization...
RUN-1001 : Generating global routing grids ...
PHY-1001 : Generate routing nets ...
PHY-1001 : Reuse net number 332/463.
PHY-1001 : Global iterations in 8 thread ...
PHY-1002 : len = 11288, over cnt = 0(0%), over = 0, worst = 0
PHY-1001 : End global iterations;  0.002899s wall, 0.000000s user + 0.000000s system = 0.000000s CPU (n/a%)

PHY-1001 : Congestion index: top1 = 13.49, top5 = 6.44, top10 = 3.71, top15 = 2.47.
OPT-1001 : Update timing in Manhattan mode
OPT-1001 : End timing update;  0.001004s wall, 0.000000s user + 0.000000s system = 0.000000s CPU (n/a%)

RUN-1001 : QoR Analysis:
OPT-0007 :   WNS 2147483647 TNS 0 NUM_FEPS 0
RUN-1001 :   No local congestion issue, and most congested 1% tile average routing util is 13.137931
RUN-1001 :   Top critical paths
OPT-1001 : End physical optimization;  0.518601s wall, 0.250000s user + 0.000000s system = 0.250000s CPU (48.2%)

RUN-1003 : finish command "place" in  2.580164s wall, 1.453125s user + 0.375000s system = 1.828125s CPU (70.9%)

RUN-1004 : used memory is 129 MB, reserved memory is 100 MB, peak memory is 138 MB
RUN-1002 : start command "export_db responder_place.db"
RUN-1001 : Exported /
RUN-1001 : Exported flow parameters
RUN-1001 : Exported libs
RUN-1001 : Exported entities
RUN-1001 : Exported ports
RUN-1001 : Exported pins
RUN-1001 : Exported instances
RUN-1001 : Exported nets
RUN-1001 : Exported buses
RUN-1001 : Exported models
RUN-1001 : Exported congestions
RUN-1001 : Exported violations
RUN-1001 : Exported IO constraints
RUN-1001 : Exported Inst constraints
RUN-1002 : start command "route"
RUN-1001 : Open license file C:/Anlogic/TD5.6.2/license/Anlogic.lic
RUN-1001 : Print Global Property
RUN-1001 : ---------------------------------------------------------------
RUN-1001 :        Parameters        |  Settings  |  Default Values  |  Note  
RUN-1001 : ---------------------------------------------------------------
RUN-1001 :          message         |  standard  |     standard     |        
RUN-1001 :   mixed_pack_place_flow  |     on     |        on        |        
RUN-1001 :        qor_monitor       |    off     |       off        |        
RUN-1001 :        syn_ip_flow       |    off     |       off        |        
RUN-1001 :          thread          |    auto    |       auto       |        
RUN-1001 : ---------------------------------------------------------------
RUN-1002 : start command "set_param route phy_sim_model on"
RUN-1001 : Print Route Property
RUN-1001 : -------------------------------------------------------
RUN-1001 :    Parameters    |  Settings  |  Default Values  |  Note  
RUN-1001 : -------------------------------------------------------
RUN-1001 :      effort      |   medium   |      medium      |        
RUN-1001 :     fix_hold     |    off     |       off        |        
RUN-1001 :    opt_timing    |   medium   |      medium      |        
RUN-1001 :   phy_sim_model  |     on     |       off        |   *    
RUN-1001 :     priority     |   timing   |      timing      |        
RUN-1001 :     swap_pin     |     on     |        on        |        
RUN-1001 : -------------------------------------------------------
PHY-1001 : Route runs in 8 thread(s)
RUN-1001 : There are total 197 instances
RUN-1001 : 78 mslices, 79 lslices, 33 pads, 0 brams, 0 dsps
RUN-1001 : There are total 463 nets
RUN-1001 : 242 nets have 2 pins
RUN-1001 : 187 nets have [3 - 5] pins
RUN-1001 : 24 nets have [6 - 10] pins
RUN-1001 : 7 nets have [11 - 20] pins
RUN-1001 : 1 nets have [21 - 99] pins
RUN-1001 : 2 nets have 100+ pins
RUN-1002 : start command "start_timer -report"
TMR-5001 WARNING: No sdc constraints found while initiating timer.
TMR-2505 : Start building timing graph for model responder.
TMR-2506 : Build timing graph completely. Port num: 11, tpin num: 1542, tnet num: 461, tinst num: 195, tnode num: 1979, tedge num: 2595.
TMR-2508 : Levelizing timing graph completed, there are 27 levels in total.
TMR-2501 : Timing graph initialized successfully.
PHY-1001 : 78 mslices, 79 lslices, 33 pads, 0 brams, 0 dsps
TMR-2503 : Start to update net delay, extr mode = 3.
TMR-2504 : Update delay of 461 nets completely.
TMR-2502 : Annotate delay completely, extr mode = 3.
TMR-3002 : No user constraint, initiate default constraint.
TMR-1501 : Assign derive clock DeriveClock to 260 clock pins, and constraint 437 relative nodes.
TMR-3003 : Constraints initiated successfully.
TMR-3501 : Forward propagation: start to calculate arrival time...
TMR-3502 : Backward propagation: start to calculate required time...
TMR-3503 : Timing propagation completes.
PHY-1001 : Start global routing, caller is route ...
RUN-1001 : Generating global routing grids ...
PHY-1001 : Generate routing nets ...
PHY-1001 : Global iterations in 8 thread ...
PHY-1002 : len = 10720, over cnt = 26(0%), over = 40, worst = 4
PHY-1002 : len = 11000, over cnt = 10(0%), over = 11, worst = 2
PHY-1002 : len = 11128, over cnt = 3(0%), over = 3, worst = 1
PHY-1002 : len = 11176, over cnt = 0(0%), over = 0, worst = 0
PHY-1001 : End global iterations;  0.072693s wall, 0.015625s user + 0.000000s system = 0.015625s CPU (21.5%)

PHY-1001 : Congestion index: top1 = 13.60, top5 = 6.48, top10 = 3.64, top15 = 2.43.
PHY-1001 : End global routing;  0.137355s wall, 0.062500s user + 0.015625s system = 0.078125s CPU (56.9%)

PHY-1001 : Start detail routing ...
PHY-1001 : Current memory(MB): used = 151, reserve = 122, peak = 159.
PHY-1001 : Detailed router is running in normal mode.
PHY-1001 : Generate detailed routing grids ...
PHY-1001 : Processed IO instance DigitronCS_Out[3]_syn_2 with INV attribute.
PHY-1001 : Processed IO instance DigitronCS_Out[2]_syn_2 with INV attribute.
PHY-1001 : Processed IO instance DigitronCS_Out[1]_syn_2 with INV attribute.
PHY-1001 : Processed IO instance DigitronCS_Out[0]_syn_2 with INV attribute.
PHY-1001 : Generate nets ...
PHY-1001 : net CLK_dup_1 will be routed on clock mesh
PHY-1001 : clock net U1/Timer_Start_syn_4 will be merged with clock U1/Timer_Start
PHY-1001 : clock net U2/CLK1_syn_4 will be merged with clock U2/CLK1
PHY-1001 : clock net U4/SingleNum_b_n4_syn_10 will be merged with clock U4/SingleNum_b_n4
PHY-1001 : clock net U4/W_DigitronCS_Out_n_syn_4 will be merged with clock U4/W_DigitronCS_Out_n
PHY-1001 : Current memory(MB): used = 421, reserve = 396, peak = 421.
PHY-1001 : End build detailed router design. 5.414117s wall, 4.515625s user + 0.078125s system = 4.593750s CPU (84.8%)

PHY-1001 : Detail Route ...
PHY-1001 : ===== Detail Route Phase 1 =====
PHY-1001 : Clock net routing.....
PHY-1001 : Routed 1% nets.
PHY-1022 : len = 14840, over cnt = 0(0%), over = 0, worst = 0, crit = 0
PHY-1001 : End initial clock net routed; 2.212476s wall, 1.875000s user + 0.000000s system = 1.875000s CPU (84.7%)

PHY-1001 : Current memory(MB): used = 450, reserve = 427, peak = 450.
PHY-1001 : End phase 1; 2.218515s wall, 1.875000s user + 0.000000s system = 1.875000s CPU (84.5%)

PHY-1001 : ===== Detail Route Phase 2 =====
PHY-1001 : Initial routing.....
PHY-1001 : Routed 28% nets.
PHY-1001 : Routed 39% nets.
PHY-1001 : Routed 43% nets.
PHY-1001 : Routed 62% nets.
PHY-1001 : Routed 81% nets.
PHY-1022 : len = 42544, over cnt = 5(0%), over = 5, worst = 1, crit = 0
PHY-1001 : Current memory(MB): used = 451, reserve = 427, peak = 451.
PHY-1001 : End initial routed; 0.581622s wall, 0.406250s user + 0.000000s system = 0.406250s CPU (69.8%)

PHY-1001 : Current memory(MB): used = 451, reserve = 427, peak = 451.
PHY-1001 : End phase 2; 0.581709s wall, 0.406250s user + 0.000000s system = 0.406250s CPU (69.8%)

PHY-1001 : ===== Detail Route Phase 3 =====
PHY-1001 : Ripup-reroute.....
PHY-1001 : ===== DR Iter 1 =====
PHY-1022 : len = 42528, over cnt = 2(0%), over = 2, worst = 1, crit = 0
PHY-1001 : End DR Iter 1; 0.016049s wall, 0.000000s user + 0.000000s system = 0.000000s CPU (n/a%)

PHY-1001 : ===== DR Iter 2 =====
PHY-1022 : len = 42520, over cnt = 0(0%), over = 0, worst = 0, crit = 0
PHY-1001 : End DR Iter 2; 0.012043s wall, 0.031250s user + 0.000000s system = 0.031250s CPU (259.5%)

PHY-1001 : Commit to database.....
PHY-1001 : 2 feed throughs used by 2 nets
PHY-1001 : End commit to database; 0.083052s wall, 0.046875s user + 0.000000s system = 0.046875s CPU (56.4%)

PHY-1001 : Current memory(MB): used = 461, reserve = 437, peak = 461.
PHY-1001 : End phase 3; 0.288252s wall, 0.250000s user + 0.000000s system = 0.250000s CPU (86.7%)

PHY-1003 : Routed, final wirelength = 42520
PHY-1001 : Current memory(MB): used = 461, reserve = 437, peak = 461.
PHY-1001 : End export database. 0.006686s wall, 0.000000s user + 0.000000s system = 0.000000s CPU (n/a%)

PHY-1001 : End detail routing;  8.850481s wall, 7.343750s user + 0.078125s system = 7.421875s CPU (83.9%)

RUN-1003 : finish command "route" in  9.567195s wall, 7.796875s user + 0.093750s system = 7.890625s CPU (82.5%)

RUN-1004 : used memory is 420 MB, reserved memory is 396 MB, peak memory is 461 MB
RUN-1002 : start command "report_area -io_info -file responder_phy.area"
RUN-1001 : standard
***Report Model: responder Device: EG4S20BG256***

IO Statistics
#IO                        33
  #input                    7
  #output                  26
  #inout                    0

Utilization Statistics
#lut                      273   out of  19600    1.39%
#reg                      176   out of  19600    0.90%
#le                       295
  #lut only               119   out of    295   40.34%
  #reg only                22   out of    295    7.46%
  #lut&reg                154   out of    295   52.20%
#dsp                        0   out of     29    0.00%
#bram                       0   out of     64    0.00%
  #bram9k                   0
  #fifo9k                   0
#bram32k                    0   out of     16    0.00%
#pad                       33   out of    188   17.55%
  #ireg                     4
  #oreg                    14
  #treg                     0
#pll                        0   out of      4    0.00%
#gclk                       4   out of     16   25.00%

Clock Resource Statistics
Index     ClockNet                 Type               DriverType         Driver                         Fanout
#1        CLK_dup_1                GCLK               io                 CLK_syn_2.di                   115
#2        U4/W_DigitronCS_Out_n    GCLK               lslice             U4/reg2_syn_25.f1              8
#3        U1/Timer_Start           GCLK               mslice             U1/Timer_Start_reg_syn_9.q0    6
#4        U2/CLK1                  GCLK               lslice             U2/CLK1_reg_syn_38.q0          3
#5        U4/SingleNum_b_n4        GCLK               lslice             U4/reg2_syn_27.f0              2


Detailed IO Report

        Name           Direction    Location    IOStandard    DriveStrength    PullType    PackReg  
         CLK             INPUT         R7        LVCMOS33          N/A          PULLUP      NONE    
      Key_In[3]          INPUT        F10        LVCMOS33          N/A          PULLUP      IREG    
      Key_In[2]          INPUT        C11        LVCMOS33          N/A          PULLUP      IREG    
      Key_In[1]          INPUT        D11        LVCMOS33          N/A          PULLUP      IREG    
      Key_In[0]          INPUT        E11        LVCMOS33          N/A          PULLUP      IREG    
        RSTn             INPUT         A9        LVCMOS33          N/A          PULLUP      NONE    
      Set_Time           INPUT        A10        LVCMOS33          N/A          PULLUP      NONE    
     Buzzer_Out         OUTPUT        H11        LVCMOS33           8            NONE       OREG    
  DigitronCS_Out[3]     OUTPUT         A3        LVCMOS33           8            NONE       OREG    
  DigitronCS_Out[2]     OUTPUT         A5        LVCMOS33           8            NONE       OREG    
  DigitronCS_Out[1]     OUTPUT         B6        LVCMOS33           8            NONE       OREG    
  DigitronCS_Out[0]     OUTPUT         C9        LVCMOS33           8            NONE       OREG    
   Digitron_Out[7]      OUTPUT         C8        LVCMOS33           8            NONE       NONE    
   Digitron_Out[6]      OUTPUT         A8        LVCMOS33           8            NONE       NONE    
   Digitron_Out[5]      OUTPUT         B5        LVCMOS33           8            NONE       NONE    
   Digitron_Out[4]      OUTPUT         A7        LVCMOS33           8            NONE       NONE    
   Digitron_Out[3]      OUTPUT         E8        LVCMOS33           8            NONE       NONE    
   Digitron_Out[2]      OUTPUT         B8        LVCMOS33           8            NONE       NONE    
   Digitron_Out[1]      OUTPUT         A6        LVCMOS33           8            NONE       NONE    
   Digitron_Out[0]      OUTPUT         A4        LVCMOS33           8            NONE       NONE    
     Key_Row[3]         OUTPUT        E10        LVCMOS33           8            NONE       NONE    
     Key_Row[2]         OUTPUT        C10        LVCMOS33           8            NONE       NONE    
     Key_Row[1]         OUTPUT         F9        LVCMOS33           8            NONE       NONE    
     Key_Row[0]         OUTPUT         D9        LVCMOS33           8            NONE       NONE    
     LED_Out[3]         OUTPUT         C2        LVCMOS33           8            NONE       OREG    
     LED_Out[2]         OUTPUT         C1        LVCMOS33           8            NONE       OREG    
     LED_Out[1]         OUTPUT         E4        LVCMOS33           8            NONE       OREG    
     LED_Out[0]         OUTPUT         D3        LVCMOS33           8            NONE       OREG    
  LED_OverTime_Out      OUTPUT        F16        LVCMOS33           8            NONE       OREG    
     LED_Run[3]         OUTPUT        C15        LVCMOS33           8            NONE       OREG    
     LED_Run[2]         OUTPUT        B16        LVCMOS33           8            NONE       OREG    
     LED_Run[1]         OUTPUT        B15        LVCMOS33           8            NONE       OREG    
     LED_Run[0]         OUTPUT        B14        LVCMOS33           8            NONE       OREG    

Report Hierarchy Area:
+-----------------------------------------------------------------------------------+
|Instance |Module              |le     |lut     |ripple  |seq     |bram    |dsp     |
+-----------------------------------------------------------------------------------+
|top      |responder           |295    |221     |52      |194     |0       |0       |
|  U1     |Sel_module          |66     |53      |7       |39      |0       |0       |
|  U2     |Timer_module        |54     |45      |7       |35      |0       |0       |
|  U3     |Buzzer_module       |41     |23      |6       |27      |0       |0       |
|  U4     |Digitron_NumDisplay |57     |48      |9       |27      |0       |0       |
|  U5     |key_filter          |32     |19      |11      |22      |0       |0       |
|  U6     |led8_module         |45     |33      |12      |26      |0       |0       |
+-----------------------------------------------------------------------------------+


DataNet Average Fanout:

   Index     Fanout    Nets  
    #1         1       209   
    #2         2       157   
    #3         3        15   
    #4         4        13   
    #5        5-10      22   
    #6       11-50      6    
    #7       51-100     1    
  Average     2.16           

RUN-1002 : start command "write_verilog simulation/responder_phy_sim.v"
HDL-1201 : write out verilog file simulation/responder_phy_sim.v
RUN-1002 : start command "export_db responder_pr.db"
RUN-1001 : Exported /
RUN-1001 : Exported flow parameters
RUN-1001 : Exported libs
RUN-1001 : Exported entities
RUN-1001 : Exported ports
RUN-1001 : Exported pins
RUN-1001 : Exported instances
RUN-1001 : Exported nets
RUN-1001 : Exported buses
RUN-1001 : Exported models
RUN-1001 : Exported congestions
RUN-1001 : Exported violations
RUN-1001 : Exported IO constraints
RUN-1001 : Exported Inst constraints
RUN-1002 : start command "start_timer"
TMR-5001 WARNING: No sdc constraints found while initiating timer.
TMR-2505 : Start building timing graph for model responder.
TMR-2506 : Build timing graph completely. Port num: 11, tpin num: 1542, tnet num: 461, tinst num: 195, tnode num: 1979, tedge num: 2595.
TMR-2508 : Levelizing timing graph completed, there are 27 levels in total.
TMR-2501 : Timing graph initialized successfully.
RUN-1002 : start command "report_timing -mode FINAL -net_info -rpt_autogen true -file responder_phy.timing -sdf simulation/responder.sdf"
TMR-2503 : Start to update net delay, extr mode = 6.
TMR-2504 : Update delay of 461 nets completely.
TMR-2502 : Annotate delay completely, extr mode = 6.
TMR-3002 : No user constraint, initiate default constraint.
TMR-1501 : Assign derive clock DeriveClock to 260 clock pins, and constraint 437 relative nodes.
TMR-3003 : Constraints initiated successfully.
TMR-3501 : Forward propagation: start to calculate arrival time...
TMR-3502 : Backward propagation: start to calculate required time...
TMR-3503 : Timing propagation completes.
TMR-3506 : Start to generate timing report.
TMR-1502 : Number of clock constraints = 0. Number of clock nets = 5 (5 unconstrainted).
TMR-5009 WARNING: No clock constraint on 5 clock net(s): 
		CLK_dup_1
		U1/Timer_Start_syn_4
		U2/CLK1_syn_4
		U4/SingleNum_b_n4_syn_10
		U4/W_DigitronCS_Out_n_syn_4
TMR-3508 : Export timing summary.
TMR-3507 : Timing report generated successfully in responder_phy.timing, timing summary in responder_phy.tsm.
TMR-1001 : Start to generate SDF file...
RUN-1002 : start command "write_verilog -sdf responder.sdf simulation/responder_phy_sim_sta.v"
HDL-1201 : write out verilog file simulation/responder_phy_sim_sta.v
RUN-1002 : start command "export_bid responder_inst.bid"
RUN-1002 : start command "bitgen -bit responder.bit -unused_io_status pulldown"
BIT-1003 : Start to generate bitstream. 
BIT-1002 : Bitgen processed 155 unused pads, reserve input tri_state with pulldown
BIT-1002 : Init instances with 8 threads.
BIT-1002 : Init instances completely, inst num: 350
BIT-1002 : Init pips with 8 threads.
BIT-1002 : Init pips completely, net num: 463, pip num: 3252
BIT-1002 : Init feedthrough completely, num: 2
BIT-1003 : Multithreading accelaration with 8 threads.
BIT-1003 : Generate bitstream completely, there are 741 valid insts, and 10019 bits set as '1'.
BIT-1004 : PLL setting string = 0000
BIT-1004 : Generate bits file responder.bit.
RUN-1003 : finish command "bitgen -bit responder.bit -unused_io_status pulldown" in  3.676813s wall, 9.046875s user + 0.078125s system = 9.125000s CPU (248.2%)

RUN-1004 : used memory is 432 MB, reserved memory is 407 MB, peak memory is 582 MB
RUN-1002 : start command "backup_run_log run.log ../.logs/phy_1/td_20240727_110932.log"
