============================================================
   Tang Dynasty, V5.6.71036
      Copyright (c) 2012-2023 Anlogic Inc.
   Executable = C:/Anlogic/TD5.6.2/bin/td.exe
   Built at =   20:34:38 Mar 21 2023
   Run by =     Timmy
   Run Date =   Sat Jul 27 12:48:25 2024

   Run on =     DESKTOP-A28VB3Q
============================================================
RUN-1002 : start command "open_project responder.prj"
RUN-1001 : Print Global Property
RUN-1001 : ---------------------------------------------------------------
RUN-1001 :        Parameters        |  Settings  |  Default Values  |  Note  
RUN-1001 : ---------------------------------------------------------------
RUN-1001 :          message         |  standard  |     standard     |        
RUN-1001 :   mixed_pack_place_flow  |     on     |        on        |        
RUN-1001 :        qor_monitor       |    off     |       off        |        
RUN-1001 :        syn_ip_flow       |    off     |       off        |        
RUN-1001 :          thread          |    auto    |       auto       |        
RUN-1001 : ---------------------------------------------------------------
RUN-1001 : Print Design Property
RUN-1001 : --------------------------------------------------------------
RUN-1001 :        Parameters       |  Settings  |  Default Values  |  Note  
RUN-1001 : --------------------------------------------------------------
RUN-1001 :   default_reg_initial   |    auto    |       auto       |        
RUN-1001 :        infer_add        |     on     |        on        |        
RUN-1001 :        infer_fsm        |    off     |       off        |        
RUN-1001 :        infer_mult       |     on     |        on        |        
RUN-1001 :        infer_ram        |     on     |        on        |        
RUN-1001 :        infer_reg        |     on     |        on        |        
RUN-1001 :   infer_reg_init_value  |     on     |        on        |        
RUN-1001 :        infer_rom        |     on     |        on        |        
RUN-1001 :      infer_shifter      |     on     |        on        |        
RUN-1001 : --------------------------------------------------------------
RUN-1001 : Print Rtl Property
RUN-1001 : --------------------------------------------------------------
RUN-1001 :        Parameters       |  Settings  |  Default Values  |  Note  
RUN-1001 : --------------------------------------------------------------
RUN-1001 :       compress_add      |   ripple   |      ripple      |        
RUN-1001 :        elf_sload        |    off     |       off        |        
RUN-1001 :       fix_undriven      |     0      |        0         |        
RUN-1001 :         flatten         |    off     |       off        |        
RUN-1001 :       gate_sharing      |     on     |        on        |        
RUN-1001 :    hdl_warning_level    |   normal   |      normal      |        
RUN-1001 :   impl_internal_tribuf  |     on     |        on        |        
RUN-1001 :      impl_set_reset     |     on     |        on        |        
RUN-1001 :        infer_gsr        |    off     |       off        |        
RUN-1001 :      keep_hierarchy     |    auto    |       auto       |        
RUN-1001 :        max_fanout       |    9999    |       9999       |        
RUN-1001 :      max_oh2bin_len     |     10     |        10        |        
RUN-1001 :       merge_equal       |     on     |        on        |        
RUN-1001 :       merge_equiv       |     on     |        on        |        
RUN-1001 :        merge_mux        |    off     |       off        |        
RUN-1001 :     min_control_set     |     8      |        8         |        
RUN-1001 :      min_ripple_len     |    auto    |       auto       |        
RUN-1001 :       oh2bin_ratio      |    0.08    |       0.08       |        
RUN-1001 :     opt_adder_fanout    |     on     |        on        |        
RUN-1001 :        opt_arith        |     on     |        on        |        
RUN-1001 :       opt_big_gate      |    off     |       off        |        
RUN-1001 :        opt_const        |     on     |        on        |        
RUN-1001 :      opt_const_mult     |     on     |        on        |        
RUN-1001 :       opt_lessthan      |     on     |        on        |        
RUN-1001 :         opt_mux         |    off     |       off        |        
RUN-1001 :         opt_ram         |    high    |       high       |        
RUN-1001 :      rtl_sim_model      |    off     |       off        |        
RUN-1001 :         seq_syn         |     on     |        on        |        
RUN-1001 : --------------------------------------------------------------
HDL-1007 : analyze verilog file ../../responder.v
HDL-1007 : analyze verilog file ../../Sel_module.v
HDL-1007 : analyze verilog file ../../Timer_module.v
HDL-1007 : analyze verilog file ../../Buzzer_module.v
HDL-1007 : analyze verilog file ../../Digitron_NumDisplay.v
HDL-1007 : analyze verilog file ../../key_filter.v
HDL-1007 : analyze verilog file ../../../../1 run_led/run_led/led8_module.v
HDL-1007 : analyze verilog file ../../countdown_module.v
RUN-1001 : Project manager successfully analyzed 8 source files.
RUN-1002 : start command "import_device eagle_s20.db -package EG4S20BG256"
ARC-1001 : Device Initialization.
ARC-1001 : ------------------------------------------------------------------
ARC-1001 :            OPTION            |          IO          |   SETTING   
ARC-1001 : ------------------------------------------------------------------
ARC-1001 :   cso_b/cclk/mosi/miso/dout  |  T3/R11/T10/P10/S11  |    gpio    
ARC-1001 :             done             |         P13          |    gpio    
ARC-1001 :           program_b          |          T2          |  dedicate  
ARC-1001 :        tdi/tms/tck/tdo       |   C12/A15/C14/E14    |  dedicate  
ARC-1001 : ------------------------------------------------------------------
ARC-1004 : Device setting, marked 5 dedicate IOs in total.
RUN-1002 : start command "import_db ../syn_1/responder_gate.db"
RUN-1001 : Importing database generated by Tang Dynasty, V5.6.71036.
RUN-1001 : Database version number 46146.
RUN-1001 : Import flow parameters
RUN-1001 : Import IO constraints
RUN-1001 : Import Inst constraints
RUN-1001 : Import design success TD_VERSION=5.6.71036 , DB_VERSION=46146
RUN-1002 : start command "place"
RUN-1001 : Open license file C:/Anlogic/TD5.6.2/license/Anlogic.lic
RUN-1001 : Print Global Property
RUN-1001 : ---------------------------------------------------------------
RUN-1001 :        Parameters        |  Settings  |  Default Values  |  Note  
RUN-1001 : ---------------------------------------------------------------
RUN-1001 :          message         |  standard  |     standard     |        
RUN-1001 :   mixed_pack_place_flow  |     on     |        on        |        
RUN-1001 :        qor_monitor       |    off     |       off        |        
RUN-1001 :        syn_ip_flow       |    off     |       off        |        
RUN-1001 :          thread          |    auto    |       auto       |        
RUN-1001 : ---------------------------------------------------------------
RUN-1001 : Print Place Property
RUN-1001 : --------------------------------------------------------------
RUN-1001 :        Parameters       |  Settings  |  Default Values  |  Note  
RUN-1001 : --------------------------------------------------------------
RUN-1001 :      detailed_place     |     on     |        on        |        
RUN-1001 :          effort         |   medium   |      medium      |        
RUN-1001 :         fix_hold        |    off     |       off        |        
RUN-1001 :       legalization      |    ori     |       ori        |        
RUN-1001 :      new_spreading      |     on     |        on        |        
RUN-1001 :        opt_timing       |   medium   |      medium      |        
RUN-1001 :   post_clock_route_opt  |    off     |       off        |        
RUN-1001 :       pr_strategy       |     1      |        1         |        
RUN-1001 :        relaxation       |    1.00    |       1.00       |        
RUN-1001 :         retiming        |    off     |       off        |        
RUN-1001 : --------------------------------------------------------------
PHY-3001 : Placer runs in 8 thread(s).
RUN-1002 : start command "legalize_phy_inst"
SYN-1011 : Flatten model responder
RUN-1002 : start command "phys_opt -simplify_lut"
SYN-4024 : Net "CLK_dup_1" drives clk pins.
SYN-4024 : Net "U2/CLK1" drives clk pins.
SYN-4024 : Net "U4/W_DigitronCS_Out_n" drives clk pins.
SYN-4024 : Net "U4/SingleNum_b_n4" drives clk pins.
SYN-4025 : Tag rtl::Net CLK_dup_1 as clock net
SYN-4025 : Tag rtl::Net U2/CLK1 as clock net
SYN-4025 : Tag rtl::Net U4/SingleNum_b_n4 as clock net
SYN-4025 : Tag rtl::Net U4/W_DigitronCS_Out_n as clock net
SYN-4026 : Tagged 4 rtl::Net as clock net
SYN-4015 : Create BUFG instance for clk Net U2/CLK1 to drive 11 clock pins.
SYN-4015 : Create BUFG instance for clk Net U4/W_DigitronCS_Out_n to drive 8 clock pins.
SYN-4015 : Create BUFG instance for clk Net U4/SingleNum_b_n4 to drive 4 clock pins.
PHY-1001 : Populate physical database on model responder.
RUN-1001 : There are total 405 instances
RUN-0007 : 173 luts, 141 seqs, 32 mslices, 20 lslices, 33 pads, 0 brams, 0 dsps
RUN-1001 : There are total 537 nets
RUN-1001 : 306 nets have 2 pins
RUN-1001 : 194 nets have [3 - 5] pins
RUN-1001 : 26 nets have [6 - 10] pins
RUN-1001 : 5 nets have [11 - 20] pins
RUN-1001 : 4 nets have [21 - 99] pins
RUN-1001 : 2 nets have 100+ pins
RUN-1001 : Report Control nets information:
RUN-1001 : DFF Distribution
RUN-1001 : ----------------------------------
RUN-1001 :   CE   |  SSR  |  ASR  |  DFF Count  
RUN-1001 : ----------------------------------
RUN-1001 :   No   |  No   |  No   |     28      
RUN-1001 :   No   |  No   |  Yes  |     59      
RUN-1001 :   No   |  Yes  |  No   |     29      
RUN-1001 :   Yes  |  No   |  No   |      0      
RUN-1001 :   Yes  |  No   |  Yes  |     25      
RUN-1001 :   Yes  |  Yes  |  No   |      0      
RUN-1001 : ----------------------------------
RUN-0007 : Control Group Statistic
RUN-0007 : ---------------------------
RUN-0007 :   #CLK  |  #CE  |  #SSR/ASR  
RUN-0007 : ---------------------------
RUN-0007 :    4    |   2   |     5      
RUN-0007 : ---------------------------
RUN-0007 : Control Set = 9
PHY-3001 : Initial placement ...
PHY-3001 : design contains 403 instances, 173 luts, 141 seqs, 52 slices, 6 macros(52 instances: 32 mslices 20 lslices)
PHY-0007 : Cell area utilization is 1%
PHY-3001 : Global placement ...
PHY-3001 : Initial: Len = 116603
PHY-3001 : Clustering ...
PHY-3001 : Level 0 #clusters 403.
PHY-3001 : End clustering;  0.000019s wall, 0.000000s user + 0.000000s system = 0.000000s CPU (n/a%)

PHY-3001 : Run with size of 4
PHY-3001 : Cell area utilization is 1%
PHY-3001 : :::0::: Try harder cell spreading with beta_ = 0
PHY-3002 : Step(1): len = 72569.7, overlap = 0
PHY-3002 : Step(2): len = 47852.3, overlap = 0
PHY-3002 : Step(3): len = 35493.7, overlap = 0
PHY-3002 : Step(4): len = 27754.1, overlap = 0
PHY-3002 : Step(5): len = 23909.8, overlap = 0
PHY-3002 : Step(6): len = 23604.4, overlap = 0
PHY-3002 : Step(7): len = 22682.3, overlap = 0
PHY-3002 : Step(8): len = 20486.1, overlap = 0
PHY-3002 : Step(9): len = 20572.3, overlap = 0
PHY-3002 : Step(10): len = 19610.6, overlap = 0
PHY-3002 : Step(11): len = 16819.8, overlap = 0
PHY-3002 : Step(12): len = 15716.7, overlap = 0
PHY-3002 : Step(13): len = 16234.2, overlap = 0
PHY-3002 : Step(14): len = 15669.6, overlap = 0
PHY-3002 : Step(15): len = 14631.1, overlap = 0
PHY-3002 : Step(16): len = 14527.1, overlap = 0
PHY-3002 : Step(17): len = 14356.2, overlap = 0
PHY-3002 : Step(18): len = 14526, overlap = 0
PHY-3002 : Step(19): len = 13584.2, overlap = 0
PHY-3002 : Step(20): len = 13938.2, overlap = 0
PHY-3002 : Step(21): len = 12903.3, overlap = 0
PHY-3002 : Step(22): len = 11846.1, overlap = 0
PHY-3002 : Step(23): len = 12349.8, overlap = 0
PHY-3002 : Step(24): len = 12433.7, overlap = 0
PHY-3002 : Step(25): len = 12026.9, overlap = 0
PHY-3002 : Step(26): len = 10793.3, overlap = 0
PHY-3002 : Step(27): len = 10299.9, overlap = 0
PHY-3002 : Step(28): len = 10255.2, overlap = 0
PHY-3002 : Step(29): len = 10325.6, overlap = 0
PHY-3002 : Step(30): len = 10207.5, overlap = 0
PHY-3002 : Step(31): len = 10115.5, overlap = 0
PHY-3002 : Step(32): len = 9955.2, overlap = 0
PHY-3002 : Step(33): len = 9851.4, overlap = 0
PHY-3002 : Step(34): len = 9719.3, overlap = 0
PHY-3002 : Step(35): len = 9066.8, overlap = 0
PHY-3002 : Step(36): len = 9034.9, overlap = 0
PHY-3002 : Step(37): len = 9039.4, overlap = 0
PHY-3002 : Step(38): len = 8946.6, overlap = 0
PHY-3002 : Step(39): len = 8568.5, overlap = 0
PHY-3002 : Step(40): len = 8787.1, overlap = 0
PHY-3002 : Step(41): len = 9131.4, overlap = 0
PHY-3001 : Legalization ...
PHY-3001 : End legalization;  0.006206s wall, 0.000000s user + 0.000000s system = 0.000000s CPU (n/a%)

PHY-3001 : Run with size of 4
PHY-3001 : Cell area utilization is 1%
PHY-3001 : :::0::: Try harder cell spreading with beta_ = 0
PHY-3002 : Step(42): len = 8275.3, overlap = 0
PHY-3002 : Step(43): len = 8066.1, overlap = 0
PHY-3002 : Step(44): len = 8066.1, overlap = 0
PHY-3002 : Step(45): len = 7987.1, overlap = 0
PHY-3002 : Step(46): len = 8026.4, overlap = 0
PHY-3002 : Step(47): len = 8123.1, overlap = 0
PHY-3002 : Step(48): len = 8309, overlap = 0
PHY-3002 : Step(49): len = 8571.7, overlap = 0
PHY-3002 : Step(50): len = 8618.3, overlap = 0
PHY-3002 : Step(51): len = 8592.9, overlap = 0
PHY-3002 : Step(52): len = 8403.8, overlap = 0
PHY-3002 : Step(53): len = 8601.7, overlap = 0
PHY-3002 : Step(54): len = 8823.5, overlap = 0
PHY-3002 : Step(55): len = 8558.3, overlap = 0
PHY-3002 : Step(56): len = 8693.4, overlap = 0
PHY-3002 : Step(57): len = 8580.3, overlap = 0
PHY-3002 : Step(58): len = 8618.6, overlap = 0
PHY-3002 : Step(59): len = 8936.2, overlap = 0
PHY-3002 : Step(60): len = 8286.2, overlap = 0
PHY-3002 : Step(61): len = 8375.2, overlap = 0
PHY-3002 : Step(62): len = 7924.5, overlap = 0
PHY-3002 : Step(63): len = 7559, overlap = 0
PHY-3002 : Step(64): len = 7634.9, overlap = 0
PHY-3002 : Step(65): len = 7228.5, overlap = 0
PHY-3002 : Step(66): len = 6899.1, overlap = 0
PHY-3002 : Step(67): len = 6972.9, overlap = 0
PHY-3002 : Step(68): len = 6630.8, overlap = 0
PHY-3002 : Step(69): len = 6654.2, overlap = 0
PHY-3002 : Step(70): len = 6618.1, overlap = 0
PHY-3001 : Run with size of 2
PHY-3001 : Cell area utilization is 1%
PHY-3001 : :::0::: Try harder cell spreading with beta_ = 0
PHY-3002 : Step(71): len = 6301.9, overlap = 1.5625
PHY-3002 : Step(72): len = 6338.5, overlap = 1.375
PHY-3002 : Step(73): len = 6408.8, overlap = 1.4375
PHY-3002 : Step(74): len = 6436.7, overlap = 1.25
PHY-3002 : Step(75): len = 6404, overlap = 3.125
PHY-3002 : Step(76): len = 6520.4, overlap = 3.34375
PHY-3002 : Step(77): len = 6535.9, overlap = 3.375
PHY-3002 : Step(78): len = 6258.5, overlap = 2.5625
PHY-3002 : Step(79): len = 6297.6, overlap = 2.5625
PHY-3002 : Step(80): len = 6324.6, overlap = 2
PHY-3002 : Step(81): len = 6335.2, overlap = 2
PHY-3002 : Step(82): len = 6264.8, overlap = 3.3125
PHY-3002 : Step(83): len = 6260.4, overlap = 2.9375
PHY-3002 : Step(84): len = 6142.4, overlap = 3.03125
PHY-3002 : Step(85): len = 6158.7, overlap = 2.96875
PHY-3002 : Step(86): len = 6121.4, overlap = 3.46875
PHY-3002 : Step(87): len = 6166.8, overlap = 3.46875
PHY-3002 : Step(88): len = 6261.7, overlap = 3.4375
PHY-3002 : Step(89): len = 6327.8, overlap = 3.25
PHY-3002 : Step(90): len = 6263.4, overlap = 4.28125
PHY-3002 : Step(91): len = 6075.8, overlap = 4.375
PHY-3002 : Step(92): len = 6128.2, overlap = 4.3125
PHY-3002 : Step(93): len = 6170.2, overlap = 4.1875
PHY-3002 : Step(94): len = 6022, overlap = 3.96875
PHY-3002 : Step(95): len = 5735.1, overlap = 3.28125
PHY-3002 : Step(96): len = 5735.1, overlap = 3.28125
PHY-3002 : Step(97): len = 5559, overlap = 3.34375
PHY-3002 : Step(98): len = 5560, overlap = 3.34375
PHY-3002 : Step(99): len = 5560, overlap = 3.34375
OPT-1001 : Start physical optimization ...
OPT-1001 : Total overflow 13.75 peak overflow 1.75
OPT-1001 : Start high-fanout net optimization ...
OPT-1001 : Update timing in global mode
PHY-1001 : Start incremental global routing, caller is place ...
RUN-1001 : Generating global routing grids ...
RUN-1001 : Building simple global routing graph ...
PHY-1001 : Generate routing nets ...
PHY-1001 : Reuse net number 0/537.
PHY-1001 : Global iterations in 8 thread ...
PHY-1002 : len = 6280, over cnt = 14(0%), over = 43, worst = 9
PHY-1001 : End global iterations;  0.025556s wall, 0.000000s user + 0.015625s system = 0.015625s CPU (61.1%)

PHY-1001 : Congestion index: top1 = 11.19, top5 = 4.57, top10 = 2.36, top15 = 1.58.
PHY-1001 : End incremental global routing;  0.093776s wall, 0.031250s user + 0.015625s system = 0.046875s CPU (50.0%)

RUN-1002 : start command "start_timer -report"
TMR-5001 WARNING: No sdc constraints found while initiating timer.
TMR-2505 : Start building timing graph for model responder.
TMR-2506 : Build timing graph completely. Port num: 11, tpin num: 1822, tnet num: 535, tinst num: 403, tnode num: 2368, tedge num: 2932.
TMR-2508 : Levelizing timing graph completed, there are 29 levels in total.
TMR-2501 : Timing graph initialized successfully.
OPT-1001 : End timing update;  0.239255s wall, 0.250000s user + 0.000000s system = 0.250000s CPU (104.5%)

OPT-1001 : 0 high-fanout net processed.
OPT-1001 : End high-fanout net optimization;  0.338346s wall, 0.281250s user + 0.015625s system = 0.296875s CPU (87.7%)

OPT-1001 : Current memory(MB): used = 137, reserve = 108, peak = 137.
OPT-1001 : End physical optimization;  0.346198s wall, 0.281250s user + 0.015625s system = 0.296875s CPU (85.8%)

PHY-3001 : Start packing ...
SYN-4007 : Packing 0 MUX to BLE ...
SYN-4008 : Packed 0 MUX and 0 SEQ to BLE.
SYN-4007 : Packing 173 LUT to BLE ...
SYN-4008 : Packed 173 LUT and 79 SEQ to BLE.
SYN-4003 : Packing 62 remaining SEQ's ...
SYN-4005 : Packed 45 SEQ with LUT/SLICE
SYN-4006 : 55 single LUT's are left
SYN-4006 : 17 single SEQ's are left
SYN-4011 : Packing model "responder" (AL_USER_NORMAL) with 190/281 primitive instances ...
PHY-3001 : End packing;  0.012634s wall, 0.015625s user + 0.000000s system = 0.015625s CPU (123.7%)

PHY-1001 : Populate physical database on model responder.
RUN-1001 : There are total 194 instances
RUN-1001 : 78 mslices, 77 lslices, 33 pads, 0 brams, 0 dsps
RUN-1001 : There are total 467 nets
RUN-1001 : 243 nets have 2 pins
RUN-1001 : 187 nets have [3 - 5] pins
RUN-1001 : 27 nets have [6 - 10] pins
RUN-1001 : 6 nets have [11 - 20] pins
RUN-1001 : 2 nets have [21 - 99] pins
RUN-1001 : 2 nets have 100+ pins
PHY-3001 : design contains 192 instances, 155 slices, 6 macros(52 instances: 32 mslices 20 lslices)
PHY-3001 : Cell area utilization is 2%
PHY-3001 : After packing: Len = 6315.4, Over = 7.5
PHY-3001 : Run with size of 2
PHY-3001 : Cell area utilization is 2%
PHY-3001 : :::0::: Try harder cell spreading with beta_ = 0.000390979
PHY-3002 : Step(100): len = 6041.1, overlap = 9
PHY-3002 : Step(101): len = 6001.6, overlap = 9
PHY-3002 : Step(102): len = 5877.6, overlap = 9.25
PHY-3001 : :::1::: Try harder cell spreading with beta_ = 0.000781957
PHY-3002 : Step(103): len = 5839.8, overlap = 9.25
PHY-3002 : Step(104): len = 5839.8, overlap = 9.25
PHY-3001 : :::2::: Try harder cell spreading with beta_ = 0.00156391
PHY-3002 : Step(105): len = 5811.9, overlap = 9.75
PHY-3002 : Step(106): len = 5811.9, overlap = 9.75
PHY-3001 : Legalization ...
PHY-3001 : End legalization;  0.042786s wall, 0.000000s user + 0.031250s system = 0.031250s CPU (73.0%)

PHY-3001 : Trial Legalized: Len = 11011.1
PHY-3001 : Run with size of 2
PHY-3001 : Cell area utilization is 2%
PHY-3001 : :::0::: Try harder cell spreading with beta_ = 0
PHY-3002 : Step(107): len = 7981.1, overlap = 2.5
PHY-3002 : Step(108): len = 6647.3, overlap = 3.25
PHY-3002 : Step(109): len = 6090.1, overlap = 5.25
PHY-3002 : Step(110): len = 6067.8, overlap = 5.5
PHY-3002 : Step(111): len = 5861.3, overlap = 5.5
PHY-3002 : Step(112): len = 5861.3, overlap = 5.5
PHY-3002 : Step(113): len = 5824.5, overlap = 5
PHY-3002 : Step(114): len = 5824.5, overlap = 5
PHY-3002 : Step(115): len = 5784.3, overlap = 5.25
PHY-3001 : Legalization ...
PHY-3001 : End legalization;  0.005447s wall, 0.000000s user + 0.000000s system = 0.000000s CPU (n/a%)

PHY-3001 : Legalized: Len = 8199.1, Over = 0
PHY-3001 : Spreading special nets. 2 overflows in 2952 tiles.
PHY-3001 : End spreading;  0.003198s wall, 0.000000s user + 0.000000s system = 0.000000s CPU (n/a%)

PHY-3001 : 3 instances has been re-located, deltaX = 0, deltaY = 3, maxDist = 1.
PHY-3001 : Final: Len = 8235.1, Over = 0
OPT-1001 : Start physical optimization ...
OPT-1001 : Total overflow 0.00 peak overflow 0.00
OPT-1001 : Start high-fanout net optimization ...
OPT-1001 : Update timing in global mode
PHY-1001 : Start incremental global routing, caller is place ...
RUN-1001 : Generating global routing grids ...
PHY-1001 : Generate routing nets ...
PHY-1001 : Reuse net number 33/467.
PHY-1001 : Global iterations in 8 thread ...
PHY-1002 : len = 8928, over cnt = 36(0%), over = 58, worst = 4
PHY-1002 : len = 9264, over cnt = 18(0%), over = 22, worst = 3
PHY-1002 : len = 9448, over cnt = 9(0%), over = 9, worst = 1
PHY-1002 : len = 9584, over cnt = 0(0%), over = 0, worst = 0
PHY-1001 : End global iterations;  0.055347s wall, 0.015625s user + 0.000000s system = 0.015625s CPU (28.2%)

PHY-1001 : Congestion index: top1 = 15.80, top5 = 6.62, top10 = 3.49, top15 = 2.33.
PHY-1001 : End incremental global routing;  0.115378s wall, 0.031250s user + 0.000000s system = 0.031250s CPU (27.1%)

RUN-1002 : start command "start_timer -report"
TMR-5001 WARNING: No sdc constraints found while initiating timer.
TMR-2505 : Start building timing graph for model responder.
TMR-2506 : Build timing graph completely. Port num: 11, tpin num: 1576, tnet num: 465, tinst num: 192, tnode num: 2017, tedge num: 2654.
TMR-2508 : Levelizing timing graph completed, there are 27 levels in total.
TMR-2501 : Timing graph initialized successfully.
OPT-1001 : End timing update;  0.219262s wall, 0.078125s user + 0.000000s system = 0.078125s CPU (35.6%)

OPT-1001 : 0 high-fanout net processed.
OPT-1001 : End high-fanout net optimization;  0.339637s wall, 0.109375s user + 0.000000s system = 0.109375s CPU (32.2%)

OPT-1001 : Current memory(MB): used = 138, reserve = 109, peak = 138.
OPT-1001 : Update timing in Manhattan mode
OPT-1001 : End timing update;  0.000328s wall, 0.000000s user + 0.000000s system = 0.000000s CPU (n/a%)

OPT-1001 : Start pin optimization...
OPT-1001 : skip pin optimization...
RUN-1001 : Generating global routing grids ...
PHY-1001 : Generate routing nets ...
PHY-1001 : Reuse net number 352/467.
PHY-1001 : Global iterations in 8 thread ...
PHY-1002 : len = 9584, over cnt = 0(0%), over = 0, worst = 0
PHY-1001 : End global iterations;  0.002573s wall, 0.000000s user + 0.000000s system = 0.000000s CPU (n/a%)

PHY-1001 : Congestion index: top1 = 15.80, top5 = 6.62, top10 = 3.49, top15 = 2.33.
OPT-1001 : Update timing in Manhattan mode
OPT-1001 : End timing update;  0.000571s wall, 0.000000s user + 0.000000s system = 0.000000s CPU (n/a%)

RUN-1001 : QoR Analysis:
OPT-0007 :   WNS 2147483647 TNS 0 NUM_FEPS 0
RUN-1001 :   No local congestion issue, and most congested 1% tile average routing util is 15.379310
RUN-1001 :   Top critical paths
OPT-1001 : End physical optimization;  0.394021s wall, 0.156250s user + 0.000000s system = 0.156250s CPU (39.7%)

RUN-1003 : finish command "place" in  2.905239s wall, 1.609375s user + 0.484375s system = 2.093750s CPU (72.1%)

RUN-1004 : used memory is 130 MB, reserved memory is 101 MB, peak memory is 138 MB
RUN-1002 : start command "export_db responder_place.db"
RUN-1001 : Exported /
RUN-1001 : Exported flow parameters
RUN-1001 : Exported libs
RUN-1001 : Exported entities
RUN-1001 : Exported ports
RUN-1001 : Exported pins
RUN-1001 : Exported instances
RUN-1001 : Exported nets
RUN-1001 : Exported buses
RUN-1001 : Exported models
RUN-1001 : Exported congestions
RUN-1001 : Exported violations
RUN-1001 : Exported IO constraints
RUN-1001 : Exported Inst constraints
RUN-1002 : start command "route"
RUN-1001 : Open license file C:/Anlogic/TD5.6.2/license/Anlogic.lic
RUN-1001 : Print Global Property
RUN-1001 : ---------------------------------------------------------------
RUN-1001 :        Parameters        |  Settings  |  Default Values  |  Note  
RUN-1001 : ---------------------------------------------------------------
RUN-1001 :          message         |  standard  |     standard     |        
RUN-1001 :   mixed_pack_place_flow  |     on     |        on        |        
RUN-1001 :        qor_monitor       |    off     |       off        |        
RUN-1001 :        syn_ip_flow       |    off     |       off        |        
RUN-1001 :          thread          |    auto    |       auto       |        
RUN-1001 : ---------------------------------------------------------------
RUN-1002 : start command "set_param route phy_sim_model on"
RUN-1001 : Print Route Property
RUN-1001 : -------------------------------------------------------
RUN-1001 :    Parameters    |  Settings  |  Default Values  |  Note  
RUN-1001 : -------------------------------------------------------
RUN-1001 :      effort      |   medium   |      medium      |        
RUN-1001 :     fix_hold     |    off     |       off        |        
RUN-1001 :    opt_timing    |   medium   |      medium      |        
RUN-1001 :   phy_sim_model  |     on     |       off        |   *    
RUN-1001 :     priority     |   timing   |      timing      |        
RUN-1001 :     swap_pin     |     on     |        on        |        
RUN-1001 : -------------------------------------------------------
PHY-1001 : Route runs in 8 thread(s)
RUN-1001 : There are total 194 instances
RUN-1001 : 78 mslices, 77 lslices, 33 pads, 0 brams, 0 dsps
RUN-1001 : There are total 467 nets
RUN-1001 : 243 nets have 2 pins
RUN-1001 : 187 nets have [3 - 5] pins
RUN-1001 : 27 nets have [6 - 10] pins
RUN-1001 : 6 nets have [11 - 20] pins
RUN-1001 : 2 nets have [21 - 99] pins
RUN-1001 : 2 nets have 100+ pins
RUN-1002 : start command "start_timer -report"
TMR-5001 WARNING: No sdc constraints found while initiating timer.
TMR-2505 : Start building timing graph for model responder.
TMR-2506 : Build timing graph completely. Port num: 11, tpin num: 1576, tnet num: 465, tinst num: 192, tnode num: 2017, tedge num: 2654.
TMR-2508 : Levelizing timing graph completed, there are 27 levels in total.
TMR-2501 : Timing graph initialized successfully.
PHY-1001 : 78 mslices, 77 lslices, 33 pads, 0 brams, 0 dsps
TMR-2503 : Start to update net delay, extr mode = 3.
TMR-2504 : Update delay of 465 nets completely.
TMR-2502 : Annotate delay completely, extr mode = 3.
TMR-3002 : No user constraint, initiate default constraint.
TMR-1501 : Assign derive clock DeriveClock to 262 clock pins, and constraint 441 relative nodes.
TMR-3003 : Constraints initiated successfully.
TMR-3501 : Forward propagation: start to calculate arrival time...
TMR-3502 : Backward propagation: start to calculate required time...
TMR-3503 : Timing propagation completes.
PHY-1001 : Start global routing, caller is route ...
RUN-1001 : Generating global routing grids ...
PHY-1001 : Generate routing nets ...
PHY-1001 : Global iterations in 8 thread ...
PHY-1002 : len = 8824, over cnt = 34(0%), over = 54, worst = 4
PHY-1002 : len = 9096, over cnt = 19(0%), over = 25, worst = 3
PHY-1002 : len = 9480, over cnt = 0(0%), over = 0, worst = 0
PHY-1001 : End global iterations;  0.049327s wall, 0.000000s user + 0.015625s system = 0.015625s CPU (31.7%)

PHY-1001 : Congestion index: top1 = 15.69, top5 = 6.57, top10 = 3.42, top15 = 2.28.
PHY-1001 : End global routing;  0.095691s wall, 0.031250s user + 0.015625s system = 0.046875s CPU (49.0%)

PHY-1001 : Start detail routing ...
PHY-1001 : Current memory(MB): used = 152, reserve = 122, peak = 160.
PHY-1001 : Detailed router is running in normal mode.
PHY-1001 : Generate detailed routing grids ...
PHY-1001 : Processed IO instance DigitronCS_Out[3]_syn_2 with INV attribute.
PHY-1001 : Processed IO instance DigitronCS_Out[2]_syn_2 with INV attribute.
PHY-1001 : Processed IO instance DigitronCS_Out[1]_syn_2 with INV attribute.
PHY-1001 : Processed IO instance DigitronCS_Out[0]_syn_2 with INV attribute.
PHY-1001 : Generate nets ...
PHY-1001 : net CLK_dup_1 will be routed on clock mesh
PHY-1001 : clock net U2/CLK1_syn_4 will be merged with clock U2/CLK1
PHY-1001 : clock net U4/SingleNum_b_n4_syn_10 will be merged with clock U4/SingleNum_b_n4
PHY-1001 : clock net U4/W_DigitronCS_Out_n_syn_4 will be merged with clock U4/W_DigitronCS_Out_n
PHY-1001 : Current memory(MB): used = 421, reserve = 396, peak = 421.
PHY-1001 : End build detailed router design. 3.916787s wall, 3.734375s user + 0.031250s system = 3.765625s CPU (96.1%)

PHY-1001 : Detail Route ...
PHY-1001 : ===== Detail Route Phase 1 =====
PHY-1001 : Clock net routing.....
PHY-1001 : Routed 0% nets.
PHY-1022 : len = 13320, over cnt = 0(0%), over = 0, worst = 0, crit = 0
PHY-1001 : End initial clock net routed; 1.001442s wall, 0.890625s user + 0.015625s system = 0.906250s CPU (90.5%)

PHY-1001 : Current memory(MB): used = 450, reserve = 426, peak = 450.
PHY-1001 : End phase 1; 1.006955s wall, 0.890625s user + 0.015625s system = 0.906250s CPU (90.0%)

PHY-1001 : ===== Detail Route Phase 2 =====
PHY-1001 : Initial routing.....
PHY-1001 : Routed 34% nets.
PHY-1001 : Routed 39% nets.
PHY-1001 : Routed 47% nets.
PHY-1001 : Routed 61% nets.
PHY-1001 : Routed 82% nets.
PHY-1022 : len = 32664, over cnt = 11(0%), over = 11, worst = 1, crit = 0
PHY-1001 : Current memory(MB): used = 451, reserve = 427, peak = 451.
PHY-1001 : End initial routed; 0.219460s wall, 0.078125s user + 0.000000s system = 0.078125s CPU (35.6%)

PHY-1001 : Current memory(MB): used = 451, reserve = 427, peak = 451.
PHY-1001 : End phase 2; 0.219543s wall, 0.078125s user + 0.000000s system = 0.078125s CPU (35.6%)

PHY-1001 : ===== Detail Route Phase 3 =====
PHY-1001 : Ripup-reroute.....
PHY-1001 : ===== DR Iter 1 =====
PHY-1022 : len = 32664, over cnt = 2(0%), over = 2, worst = 1, crit = 0
PHY-1001 : End DR Iter 1; 0.013478s wall, 0.000000s user + 0.000000s system = 0.000000s CPU (n/a%)

PHY-1001 : ===== DR Iter 2 =====
PHY-1022 : len = 32696, over cnt = 0(0%), over = 0, worst = 0, crit = 0
PHY-1001 : End DR Iter 2; 0.011066s wall, 0.000000s user + 0.000000s system = 0.000000s CPU (n/a%)

PHY-1001 : Commit to database.....
PHY-1001 : 1 feed throughs used by 1 nets
PHY-1001 : End commit to database; 0.051005s wall, 0.062500s user + 0.000000s system = 0.062500s CPU (122.5%)

PHY-1001 : Current memory(MB): used = 461, reserve = 437, peak = 461.
PHY-1001 : End phase 3; 0.196355s wall, 0.171875s user + 0.000000s system = 0.171875s CPU (87.5%)

PHY-1003 : Routed, final wirelength = 32696
PHY-1001 : Current memory(MB): used = 461, reserve = 437, peak = 461.
PHY-1001 : End export database. 0.006012s wall, 0.000000s user + 0.000000s system = 0.000000s CPU (n/a%)

PHY-1001 : End detail routing;  5.560186s wall, 5.062500s user + 0.062500s system = 5.125000s CPU (92.2%)

RUN-1003 : finish command "route" in  5.960509s wall, 5.390625s user + 0.078125s system = 5.468750s CPU (91.7%)

RUN-1004 : used memory is 422 MB, reserved memory is 397 MB, peak memory is 461 MB
RUN-1002 : start command "report_area -io_info -file responder_phy.area"
RUN-1001 : standard
***Report Model: responder Device: EG4S20BG256***

IO Statistics
#IO                        33
  #input                    7
  #output                  26
  #inout                    0

Utilization Statistics
#lut                      279   out of  19600    1.42%
#reg                      176   out of  19600    0.90%
#le                       296
  #lut only               120   out of    296   40.54%
  #reg only                17   out of    296    5.74%
  #lut&reg                159   out of    296   53.72%
#dsp                        0   out of     29    0.00%
#bram                       0   out of     64    0.00%
  #bram9k                   0
  #fifo9k                   0
#bram32k                    0   out of     16    0.00%
#pad                       33   out of    188   17.55%
  #ireg                     4
  #oreg                    14
  #treg                     0
#pll                        0   out of      4    0.00%
#gclk                       3   out of     16   18.75%

Clock Resource Statistics
Index     ClockNet                 Type               DriverType         Driver                   Fanout
#1        CLK_dup_1                GCLK               io                 CLK_syn_2.di             116
#2        U2/CLK1                  GCLK               lslice             U2/CLK1_reg_syn_38.q0    9
#3        U4/W_DigitronCS_Out_n    GCLK               lslice             U4/reg2_syn_29.f1        8
#4        U4/SingleNum_b_n4        GCLK               mslice             U4/reg1_syn_44.f1        2


Detailed IO Report

        Name           Direction    Location    IOStandard    DriveStrength    PullType    PackReg  
         CLK             INPUT         R7        LVCMOS33          N/A          PULLUP      NONE    
      Key_In[3]          INPUT        F10        LVCMOS33          N/A          PULLUP      IREG    
      Key_In[2]          INPUT        C11        LVCMOS33          N/A          PULLUP      IREG    
      Key_In[1]          INPUT        D11        LVCMOS33          N/A          PULLUP      IREG    
      Key_In[0]          INPUT        E11        LVCMOS33          N/A          PULLUP      IREG    
        RSTn             INPUT         A9        LVCMOS33          N/A          PULLUP      NONE    
      Set_Time           INPUT        A10        LVCMOS33          N/A          PULLUP      NONE    
     Buzzer_Out         OUTPUT        H11        LVCMOS33           8            NONE       OREG    
  DigitronCS_Out[3]     OUTPUT         A3        LVCMOS33           8            NONE       OREG    
  DigitronCS_Out[2]     OUTPUT         A5        LVCMOS33           8            NONE       OREG    
  DigitronCS_Out[1]     OUTPUT         B6        LVCMOS33           8            NONE       OREG    
  DigitronCS_Out[0]     OUTPUT         C9        LVCMOS33           8            NONE       OREG    
   Digitron_Out[7]      OUTPUT         C8        LVCMOS33           8            NONE       NONE    
   Digitron_Out[6]      OUTPUT         A8        LVCMOS33           8            NONE       NONE    
   Digitron_Out[5]      OUTPUT         B5        LVCMOS33           8            NONE       NONE    
   Digitron_Out[4]      OUTPUT         A7        LVCMOS33           8            NONE       NONE    
   Digitron_Out[3]      OUTPUT         E8        LVCMOS33           8            NONE       NONE    
   Digitron_Out[2]      OUTPUT         B8        LVCMOS33           8            NONE       NONE    
   Digitron_Out[1]      OUTPUT         A6        LVCMOS33           8            NONE       NONE    
   Digitron_Out[0]      OUTPUT         A4        LVCMOS33           8            NONE       NONE    
     Key_Row[3]         OUTPUT        E10        LVCMOS33           8            NONE       NONE    
     Key_Row[2]         OUTPUT        C10        LVCMOS33           8            NONE       NONE    
     Key_Row[1]         OUTPUT         F9        LVCMOS33           8            NONE       NONE    
     Key_Row[0]         OUTPUT         D9        LVCMOS33           8            NONE       NONE    
     LED_Out[3]         OUTPUT         C2        LVCMOS33           8            NONE       OREG    
     LED_Out[2]         OUTPUT         C1        LVCMOS33           8            NONE       OREG    
     LED_Out[1]         OUTPUT         E4        LVCMOS33           8            NONE       OREG    
     LED_Out[0]         OUTPUT         D3        LVCMOS33           8            NONE       OREG    
  LED_OverTime_Out      OUTPUT        F16        LVCMOS33           8            NONE       OREG    
     LED_Run[3]         OUTPUT        C15        LVCMOS33           8            NONE       OREG    
     LED_Run[2]         OUTPUT        B16        LVCMOS33           8            NONE       OREG    
     LED_Run[1]         OUTPUT        B15        LVCMOS33           8            NONE       OREG    
     LED_Run[0]         OUTPUT        B14        LVCMOS33           8            NONE       OREG    

Report Hierarchy Area:
+-----------------------------------------------------------------------------------+
|Instance |Module              |le     |lut     |ripple  |seq     |bram    |dsp     |
+-----------------------------------------------------------------------------------+
|top      |responder           |296    |227     |52      |194     |0       |0       |
|  U1     |Sel_module          |62     |50      |7       |37      |0       |0       |
|  U2     |Timer_module        |60     |51      |7       |37      |0       |0       |
|  U3     |Buzzer_module       |38     |24      |6       |27      |0       |0       |
|  U4     |Digitron_NumDisplay |58     |49      |9       |27      |0       |0       |
|  U5     |key_filter          |32     |19      |11      |22      |0       |0       |
|  U6     |led8_module         |46     |34      |12      |26      |0       |0       |
+-----------------------------------------------------------------------------------+


DataNet Average Fanout:

   Index     Fanout    Nets  
    #1         1       210   
    #2         2       157   
    #3         3        18   
    #4         4        11   
    #5        5-10      25   
    #6       11-50      6    
    #7       51-100     1    
  Average     2.20           

RUN-1002 : start command "write_verilog simulation/responder_phy_sim.v"
HDL-1201 : write out verilog file simulation/responder_phy_sim.v
RUN-1002 : start command "export_db responder_pr.db"
RUN-1001 : Exported /
RUN-1001 : Exported flow parameters
RUN-1001 : Exported libs
RUN-1001 : Exported entities
RUN-1001 : Exported ports
RUN-1001 : Exported pins
RUN-1001 : Exported instances
RUN-1001 : Exported nets
RUN-1001 : Exported buses
RUN-1001 : Exported models
RUN-1001 : Exported congestions
RUN-1001 : Exported violations
RUN-1001 : Exported IO constraints
RUN-1001 : Exported Inst constraints
RUN-1002 : start command "start_timer"
TMR-5001 WARNING: No sdc constraints found while initiating timer.
TMR-2505 : Start building timing graph for model responder.
TMR-2506 : Build timing graph completely. Port num: 11, tpin num: 1576, tnet num: 465, tinst num: 192, tnode num: 2017, tedge num: 2654.
TMR-2508 : Levelizing timing graph completed, there are 27 levels in total.
TMR-2501 : Timing graph initialized successfully.
RUN-1002 : start command "report_timing -mode FINAL -net_info -rpt_autogen true -file responder_phy.timing -sdf simulation/responder.sdf"
TMR-2503 : Start to update net delay, extr mode = 6.
TMR-2504 : Update delay of 465 nets completely.
TMR-2502 : Annotate delay completely, extr mode = 6.
TMR-3002 : No user constraint, initiate default constraint.
TMR-1501 : Assign derive clock DeriveClock to 262 clock pins, and constraint 441 relative nodes.
TMR-3003 : Constraints initiated successfully.
TMR-3501 : Forward propagation: start to calculate arrival time...
TMR-3502 : Backward propagation: start to calculate required time...
TMR-3503 : Timing propagation completes.
TMR-3506 : Start to generate timing report.
TMR-1502 : Number of clock constraints = 0. Number of clock nets = 4 (4 unconstrainted).
TMR-5009 WARNING: No clock constraint on 4 clock net(s): 
		CLK_dup_1
		U2/CLK1_syn_4
		U4/SingleNum_b_n4_syn_10
		U4/W_DigitronCS_Out_n_syn_4
TMR-3508 : Export timing summary.
TMR-3507 : Timing report generated successfully in responder_phy.timing, timing summary in responder_phy.tsm.
TMR-1001 : Start to generate SDF file...
RUN-1002 : start command "write_verilog -sdf responder.sdf simulation/responder_phy_sim_sta.v"
HDL-1201 : write out verilog file simulation/responder_phy_sim_sta.v
RUN-1002 : start command "export_bid responder_inst.bid"
RUN-1002 : start command "bitgen -bit responder.bit -unused_io_status pulldown"
BIT-1003 : Start to generate bitstream. 
BIT-1002 : Bitgen processed 155 unused pads, reserve input tri_state with pulldown
BIT-1002 : Init instances with 8 threads.
BIT-1002 : Init instances completely, inst num: 347
BIT-1002 : Init pips with 8 threads.
BIT-1002 : Init pips completely, net num: 467, pip num: 3036
BIT-1002 : Init feedthrough completely, num: 1
BIT-1003 : Multithreading accelaration with 8 threads.
BIT-1003 : Generate bitstream completely, there are 560 valid insts, and 9605 bits set as '1'.
BIT-1004 : PLL setting string = 0000
BIT-1004 : Generate bits file responder.bit.
RUN-1003 : finish command "bitgen -bit responder.bit -unused_io_status pulldown" in  1.747273s wall, 3.656250s user + 0.031250s system = 3.687500s CPU (211.0%)

RUN-1004 : used memory is 433 MB, reserved memory is 408 MB, peak memory is 582 MB
RUN-1002 : start command "backup_run_log run.log ../.logs/phy_1/td_20240727_124825.log"
