============================================================
   Tang Dynasty, V5.6.71036
      Copyright (c) 2012-2023 Anlogic Inc.
   Executable = C:/Anlogic/TD5.6.2/bin/td.exe
   Built at =   20:34:38 Mar 21 2023
   Run by =     Timmy
   Run Date =   Sat Jul 27 20:38:07 2024

   Run on =     DESKTOP-A28VB3Q
============================================================
RUN-1002 : start command "open_project responder.prj"
RUN-1001 : Print Global Property
RUN-1001 : ---------------------------------------------------------------
RUN-1001 :        Parameters        |  Settings  |  Default Values  |  Note  
RUN-1001 : ---------------------------------------------------------------
RUN-1001 :          message         |  standard  |     standard     |        
RUN-1001 :   mixed_pack_place_flow  |     on     |        on        |        
RUN-1001 :        qor_monitor       |    off     |       off        |        
RUN-1001 :        syn_ip_flow       |    off     |       off        |        
RUN-1001 :          thread          |    auto    |       auto       |        
RUN-1001 : ---------------------------------------------------------------
RUN-1001 : Print Design Property
RUN-1001 : --------------------------------------------------------------
RUN-1001 :        Parameters       |  Settings  |  Default Values  |  Note  
RUN-1001 : --------------------------------------------------------------
RUN-1001 :   default_reg_initial   |    auto    |       auto       |        
RUN-1001 :        infer_add        |     on     |        on        |        
RUN-1001 :        infer_fsm        |    off     |       off        |        
RUN-1001 :        infer_mult       |     on     |        on        |        
RUN-1001 :        infer_ram        |     on     |        on        |        
RUN-1001 :        infer_reg        |     on     |        on        |        
RUN-1001 :   infer_reg_init_value  |     on     |        on        |        
RUN-1001 :        infer_rom        |     on     |        on        |        
RUN-1001 :      infer_shifter      |     on     |        on        |        
RUN-1001 : --------------------------------------------------------------
RUN-1001 : Print Rtl Property
RUN-1001 : --------------------------------------------------------------
RUN-1001 :        Parameters       |  Settings  |  Default Values  |  Note  
RUN-1001 : --------------------------------------------------------------
RUN-1001 :       compress_add      |   ripple   |      ripple      |        
RUN-1001 :        elf_sload        |    off     |       off        |        
RUN-1001 :       fix_undriven      |     0      |        0         |        
RUN-1001 :         flatten         |    off     |       off        |        
RUN-1001 :       gate_sharing      |     on     |        on        |        
RUN-1001 :    hdl_warning_level    |   normal   |      normal      |        
RUN-1001 :   impl_internal_tribuf  |     on     |        on        |        
RUN-1001 :      impl_set_reset     |     on     |        on        |        
RUN-1001 :        infer_gsr        |    off     |       off        |        
RUN-1001 :      keep_hierarchy     |    auto    |       auto       |        
RUN-1001 :        max_fanout       |    9999    |       9999       |        
RUN-1001 :      max_oh2bin_len     |     10     |        10        |        
RUN-1001 :       merge_equal       |     on     |        on        |        
RUN-1001 :       merge_equiv       |     on     |        on        |        
RUN-1001 :        merge_mux        |    off     |       off        |        
RUN-1001 :     min_control_set     |     8      |        8         |        
RUN-1001 :      min_ripple_len     |    auto    |       auto       |        
RUN-1001 :       oh2bin_ratio      |    0.08    |       0.08       |        
RUN-1001 :     opt_adder_fanout    |     on     |        on        |        
RUN-1001 :        opt_arith        |     on     |        on        |        
RUN-1001 :       opt_big_gate      |    off     |       off        |        
RUN-1001 :        opt_const        |     on     |        on        |        
RUN-1001 :      opt_const_mult     |     on     |        on        |        
RUN-1001 :       opt_lessthan      |     on     |        on        |        
RUN-1001 :         opt_mux         |    off     |       off        |        
RUN-1001 :         opt_ram         |    high    |       high       |        
RUN-1001 :      rtl_sim_model      |    off     |       off        |        
RUN-1001 :         seq_syn         |     on     |        on        |        
RUN-1001 : --------------------------------------------------------------
HDL-1007 : analyze verilog file ../../responder.v
HDL-1007 : analyze verilog file ../../Sel_module.v
HDL-1007 : analyze verilog file ../../Timer_module.v
HDL-1007 : analyze verilog file ../../Buzzer_module.v
HDL-1007 : analyze verilog file ../../Digitron_NumDisplay.v
HDL-1007 : analyze verilog file ../../key_filter.v
HDL-1007 : analyze verilog file ../../../../1 run_led/run_led/led8_module.v
HDL-1007 : analyze verilog file ../../countdown_module.v
RUN-1001 : Project manager successfully analyzed 8 source files.
RUN-1002 : start command "import_device eagle_s20.db -package EG4S20BG256"
ARC-1001 : Device Initialization.
ARC-1001 : ------------------------------------------------------------------
ARC-1001 :            OPTION            |          IO          |   SETTING   
ARC-1001 : ------------------------------------------------------------------
ARC-1001 :   cso_b/cclk/mosi/miso/dout  |  T3/R11/T10/P10/S11  |    gpio    
ARC-1001 :             done             |         P13          |    gpio    
ARC-1001 :           program_b          |          T2          |  dedicate  
ARC-1001 :        tdi/tms/tck/tdo       |   C12/A15/C14/E14    |  dedicate  
ARC-1001 : ------------------------------------------------------------------
ARC-1004 : Device setting, marked 5 dedicate IOs in total.
RUN-1002 : start command "import_db ../syn_1/responder_gate.db"
RUN-1001 : Importing database generated by Tang Dynasty, V5.6.71036.
RUN-1001 : Database version number 46146.
RUN-1001 : Import flow parameters
RUN-1001 : Import IO constraints
RUN-1001 : Import Inst constraints
RUN-1001 : Import design success TD_VERSION=5.6.71036 , DB_VERSION=46146
RUN-1002 : start command "place"
RUN-1001 : Open license file C:/Anlogic/TD5.6.2/license/Anlogic.lic
RUN-1001 : Print Global Property
RUN-1001 : ---------------------------------------------------------------
RUN-1001 :        Parameters        |  Settings  |  Default Values  |  Note  
RUN-1001 : ---------------------------------------------------------------
RUN-1001 :          message         |  standard  |     standard     |        
RUN-1001 :   mixed_pack_place_flow  |     on     |        on        |        
RUN-1001 :        qor_monitor       |    off     |       off        |        
RUN-1001 :        syn_ip_flow       |    off     |       off        |        
RUN-1001 :          thread          |    auto    |       auto       |        
RUN-1001 : ---------------------------------------------------------------
RUN-1001 : Print Place Property
RUN-1001 : --------------------------------------------------------------
RUN-1001 :        Parameters       |  Settings  |  Default Values  |  Note  
RUN-1001 : --------------------------------------------------------------
RUN-1001 :      detailed_place     |     on     |        on        |        
RUN-1001 :          effort         |   medium   |      medium      |        
RUN-1001 :         fix_hold        |    off     |       off        |        
RUN-1001 :       legalization      |    ori     |       ori        |        
RUN-1001 :      new_spreading      |     on     |        on        |        
RUN-1001 :        opt_timing       |   medium   |      medium      |        
RUN-1001 :   post_clock_route_opt  |    off     |       off        |        
RUN-1001 :       pr_strategy       |     1      |        1         |        
RUN-1001 :        relaxation       |    1.00    |       1.00       |        
RUN-1001 :         retiming        |    off     |       off        |        
RUN-1001 : --------------------------------------------------------------
PHY-3001 : Placer runs in 8 thread(s).
RUN-1002 : start command "legalize_phy_inst"
SYN-1011 : Flatten model responder
RUN-1002 : start command "phys_opt -simplify_lut"
SYN-4024 : Net "CLK_dup_1" drives clk pins.
SYN-4024 : Net "U2/CLK1" drives clk pins.
SYN-4024 : Net "U4/W_DigitronCS_Out_n" drives clk pins.
SYN-4024 : Net "U4/SingleNum_b_n4" drives clk pins.
SYN-4024 : Net "Set_Time_dup_1" drives clk pins.
SYN-4025 : Tag rtl::Net CLK_dup_1 as clock net
SYN-4025 : Tag rtl::Net Set_Time_dup_1 as clock net
SYN-4025 : Tag rtl::Net U2/CLK1 as clock net
SYN-4025 : Tag rtl::Net U4/SingleNum_b_n4 as clock net
SYN-4025 : Tag rtl::Net U4/W_DigitronCS_Out_n as clock net
SYN-4026 : Tagged 5 rtl::Net as clock net
SYN-4015 : Create BUFG instance for clk Net U2/CLK1 to drive 11 clock pins.
SYN-4015 : Create BUFG instance for clk Net U4/W_DigitronCS_Out_n to drive 8 clock pins.
SYN-4015 : Create BUFG instance for clk Net U4/SingleNum_b_n4 to drive 4 clock pins.
PHY-1001 : Populate physical database on model responder.
RUN-1001 : There are total 450 instances
RUN-0007 : 197 luts, 156 seqs, 29 mslices, 26 lslices, 35 pads, 0 brams, 1 dsps
RUN-1001 : There are total 601 nets
RUN-1001 : 343 nets have 2 pins
RUN-1001 : 208 nets have [3 - 5] pins
RUN-1001 : 37 nets have [6 - 10] pins
RUN-1001 : 6 nets have [11 - 20] pins
RUN-1001 : 5 nets have [21 - 99] pins
RUN-1001 : 2 nets have 100+ pins
RUN-1001 : Report Control nets information:
RUN-1001 : DFF Distribution
RUN-1001 : ----------------------------------
RUN-1001 :   CE   |  SSR  |  ASR  |  DFF Count  
RUN-1001 : ----------------------------------
RUN-1001 :   No   |  No   |  No   |     29      
RUN-1001 :   No   |  No   |  Yes  |     65      
RUN-1001 :   No   |  Yes  |  No   |     29      
RUN-1001 :   Yes  |  No   |  No   |      0      
RUN-1001 :   Yes  |  No   |  Yes  |     33      
RUN-1001 :   Yes  |  Yes  |  No   |      0      
RUN-1001 : ----------------------------------
RUN-0007 : Control Group Statistic
RUN-0007 : ---------------------------
RUN-0007 :   #CLK  |  #CE  |  #SSR/ASR  
RUN-0007 : ---------------------------
RUN-0007 :    7    |   3   |     5      
RUN-0007 : ---------------------------
RUN-0007 : Control Set = 11
PHY-3001 : Initial placement ...
PHY-3001 : design contains 448 instances, 197 luts, 156 seqs, 55 slices, 8 macros(55 instances: 29 mslices 26 lslices)
PHY-0007 : Cell area utilization is 1%
PHY-3001 : Global placement ...
PHY-3001 : Initial: Len = 148323
PHY-3001 : Clustering ...
PHY-3001 : Level 0 #clusters 448.
PHY-3001 : End clustering;  0.000020s wall, 0.000000s user + 0.000000s system = 0.000000s CPU (n/a%)

PHY-3001 : Run with size of 4
PHY-3001 : Cell area utilization is 1%
PHY-3001 : :::0::: Try harder cell spreading with beta_ = 0
PHY-3002 : Step(1): len = 89508.8, overlap = 0
PHY-3002 : Step(2): len = 60054.6, overlap = 0
PHY-3002 : Step(3): len = 42091.5, overlap = 0
PHY-3002 : Step(4): len = 31961, overlap = 2.25
PHY-3002 : Step(5): len = 26588.3, overlap = 0
PHY-3002 : Step(6): len = 23924.8, overlap = 2.25
PHY-3002 : Step(7): len = 22800, overlap = 2.25
PHY-3002 : Step(8): len = 20738.7, overlap = 0
PHY-3002 : Step(9): len = 20666.9, overlap = 2.25
PHY-3002 : Step(10): len = 19500.4, overlap = 2.25
PHY-3002 : Step(11): len = 19048.9, overlap = 2.25
PHY-3002 : Step(12): len = 16943.4, overlap = 2.25
PHY-3002 : Step(13): len = 16690.8, overlap = 2.25
PHY-3002 : Step(14): len = 16804.7, overlap = 2.25
PHY-3001 : :::1::: Try harder cell spreading with beta_ = 0.000390056
PHY-3002 : Step(15): len = 16777.8, overlap = 0
PHY-3002 : Step(16): len = 15148.2, overlap = 0
PHY-3002 : Step(17): len = 15310, overlap = 0
PHY-3002 : Step(18): len = 14358, overlap = 0
PHY-3002 : Step(19): len = 14317.9, overlap = 0
PHY-3002 : Step(20): len = 14057.4, overlap = 0
PHY-3001 : Legalization ...
PHY-3001 : End legalization;  0.008706s wall, 0.000000s user + 0.000000s system = 0.000000s CPU (n/a%)

PHY-3001 : Run with size of 4
PHY-3001 : Cell area utilization is 2%
PHY-3001 : :::0::: Try harder cell spreading with beta_ = 0
PHY-3002 : Step(21): len = 14675.7, overlap = 0
PHY-3002 : Step(22): len = 14784.9, overlap = 0
PHY-3002 : Step(23): len = 14295, overlap = 0
PHY-3002 : Step(24): len = 14700.9, overlap = 0
PHY-3002 : Step(25): len = 14958.8, overlap = 0
PHY-3002 : Step(26): len = 14752.9, overlap = 0
PHY-3002 : Step(27): len = 14173.2, overlap = 0
PHY-3002 : Step(28): len = 14288.7, overlap = 0
PHY-3002 : Step(29): len = 13494.3, overlap = 0
PHY-3002 : Step(30): len = 12840.3, overlap = 0.0625
PHY-3002 : Step(31): len = 13146.2, overlap = 0
PHY-3002 : Step(32): len = 12991, overlap = 0
PHY-3002 : Step(33): len = 12213.3, overlap = 0
PHY-3002 : Step(34): len = 12363.9, overlap = 0
PHY-3002 : Step(35): len = 12074.7, overlap = 0
PHY-3002 : Step(36): len = 12283.4, overlap = 0
PHY-3002 : Step(37): len = 12144.1, overlap = 0
PHY-3002 : Step(38): len = 12262.7, overlap = 0
PHY-3002 : Step(39): len = 11884.1, overlap = 0
PHY-3002 : Step(40): len = 11568.6, overlap = 0
PHY-3002 : Step(41): len = 11389.1, overlap = 0
PHY-3002 : Step(42): len = 10969.1, overlap = 0
PHY-3002 : Step(43): len = 10852, overlap = 0
PHY-3002 : Step(44): len = 10916.8, overlap = 0
PHY-3002 : Step(45): len = 10949.8, overlap = 0
PHY-3002 : Step(46): len = 10910, overlap = 0
PHY-3002 : Step(47): len = 10961.8, overlap = 0
PHY-3002 : Step(48): len = 10802.1, overlap = 0
PHY-3002 : Step(49): len = 10715.4, overlap = 0
PHY-3002 : Step(50): len = 10688.2, overlap = 0
PHY-3002 : Step(51): len = 10746.7, overlap = 0
PHY-3002 : Step(52): len = 10727, overlap = 0
PHY-3002 : Step(53): len = 10813.9, overlap = 0
PHY-3002 : Step(54): len = 10810.7, overlap = 0
PHY-3002 : Step(55): len = 10746.3, overlap = 0
PHY-3002 : Step(56): len = 10314.7, overlap = 0
PHY-3002 : Step(57): len = 10274.7, overlap = 0
PHY-3002 : Step(58): len = 10084.2, overlap = 0.09375
PHY-3002 : Step(59): len = 10193, overlap = 0.625
PHY-3002 : Step(60): len = 10370.1, overlap = 3.375
PHY-3002 : Step(61): len = 10199, overlap = 3.65625
PHY-3002 : Step(62): len = 9942.3, overlap = 3.84375
PHY-3002 : Step(63): len = 9923, overlap = 3.625
PHY-3002 : Step(64): len = 9851.4, overlap = 3.875
PHY-3002 : Step(65): len = 9555.8, overlap = 5.15625
PHY-3002 : Step(66): len = 9376.6, overlap = 5.28125
PHY-3002 : Step(67): len = 9501.5, overlap = 5.21875
PHY-3002 : Step(68): len = 9225.9, overlap = 5.5625
PHY-3002 : Step(69): len = 9219.9, overlap = 4.6875
PHY-3002 : Step(70): len = 9215.5, overlap = 1.53125
PHY-3001 : :::1::: Try harder cell spreading with beta_ = 43.975
PHY-3002 : Step(71): len = 9217.1, overlap = 1.21875
PHY-3002 : Step(72): len = 9194, overlap = 1.125
PHY-3002 : Step(73): len = 8987.1, overlap = 1.25
PHY-3001 : :::2::: Try harder cell spreading with beta_ = 87.9499
PHY-3002 : Step(74): len = 8983.1, overlap = 1.15625
PHY-3002 : Step(75): len = 8983.1, overlap = 1.15625
PHY-3002 : Step(76): len = 8958.4, overlap = 1.15625
PHY-3001 : Run with size of 2
PHY-3001 : Cell area utilization is 2%
PHY-3001 : :::0::: Try harder cell spreading with beta_ = 5.95574e-05
PHY-3002 : Step(77): len = 9327.8, overlap = 3.9375
PHY-3002 : Step(78): len = 9457.3, overlap = 3.59375
PHY-3002 : Step(79): len = 9478.2, overlap = 3.21875
PHY-3001 : :::1::: Try harder cell spreading with beta_ = 0.000119115
PHY-3002 : Step(80): len = 9017.8, overlap = 2.90625
PHY-3002 : Step(81): len = 9017.8, overlap = 2.90625
PHY-3001 : :::2::: Try harder cell spreading with beta_ = 0.00023823
PHY-3002 : Step(82): len = 9173.5, overlap = 2.75
PHY-3002 : Step(83): len = 9173.5, overlap = 2.75
OPT-1001 : Start physical optimization ...
OPT-1001 : Total overflow 20.69 peak overflow 2.44
OPT-1001 : Start high-fanout net optimization ...
OPT-1001 : Update timing in global mode
PHY-1001 : Start incremental global routing, caller is place ...
RUN-1001 : Generating global routing grids ...
RUN-1001 : Building simple global routing graph ...
PHY-1001 : Generate routing nets ...
PHY-1001 : Reuse net number 0/601.
PHY-1001 : Global iterations in 8 thread ...
PHY-1002 : len = 9312, over cnt = 19(0%), over = 39, worst = 5
PHY-1001 : End global iterations;  0.027634s wall, 0.000000s user + 0.000000s system = 0.000000s CPU (n/a%)

PHY-1001 : Congestion index: top1 = 12.54, top5 = 5.79, top10 = 3.20, top15 = 2.14.
PHY-1001 : End incremental global routing;  0.081516s wall, 0.000000s user + 0.000000s system = 0.000000s CPU (n/a%)

RUN-1002 : start command "start_timer -report"
TMR-5001 WARNING: No sdc constraints found while initiating timer.
TMR-2505 : Start building timing graph for model responder.
TMR-2506 : Build timing graph completely. Port num: 13, tpin num: 2075, tnet num: 599, tinst num: 448, tnode num: 2648, tedge num: 3372.
TMR-2508 : Levelizing timing graph completed, there are 23 levels in total.
TMR-2501 : Timing graph initialized successfully.
OPT-1001 : End timing update;  0.249933s wall, 0.265625s user + 0.000000s system = 0.265625s CPU (106.3%)

OPT-1001 : 0 high-fanout net processed.
OPT-1001 : End high-fanout net optimization;  0.337713s wall, 0.265625s user + 0.000000s system = 0.265625s CPU (78.7%)

OPT-1001 : Current memory(MB): used = 138, reserve = 110, peak = 138.
OPT-1001 : End physical optimization;  0.343634s wall, 0.281250s user + 0.000000s system = 0.281250s CPU (81.8%)

PHY-3001 : Start packing ...
SYN-4007 : Packing 0 MUX to BLE ...
SYN-4008 : Packed 0 MUX and 0 SEQ to BLE.
SYN-4007 : Packing 197 LUT to BLE ...
SYN-4008 : Packed 197 LUT and 79 SEQ to BLE.
SYN-4003 : Packing 77 remaining SEQ's ...
SYN-4005 : Packed 56 SEQ with LUT/SLICE
SYN-4006 : 68 single LUT's are left
SYN-4006 : 21 single SEQ's are left
SYN-4011 : Packing model "responder" (AL_USER_NORMAL) with 218/315 primitive instances ...
PHY-3001 : End packing;  0.014702s wall, 0.015625s user + 0.000000s system = 0.015625s CPU (106.3%)

PHY-1001 : Populate physical database on model responder.
RUN-1001 : There are total 227 instances
RUN-1001 : 92 mslices, 93 lslices, 35 pads, 0 brams, 1 dsps
RUN-1001 : There are total 528 nets
RUN-1001 : 269 nets have 2 pins
RUN-1001 : 204 nets have [3 - 5] pins
RUN-1001 : 36 nets have [6 - 10] pins
RUN-1001 : 14 nets have [11 - 20] pins
RUN-1001 : 3 nets have [21 - 99] pins
RUN-1001 : 2 nets have 100+ pins
PHY-3001 : design contains 225 instances, 185 slices, 8 macros(55 instances: 29 mslices 26 lslices)
PHY-3001 : Cell area utilization is 2%
PHY-3001 : After packing: Len = 9689.8, Over = 9.25
PHY-3001 : Run with size of 2
PHY-3001 : Cell area utilization is 2%
PHY-3001 : :::0::: Try harder cell spreading with beta_ = 4.33375e-05
PHY-3002 : Step(84): len = 9477, overlap = 10
PHY-3002 : Step(85): len = 9520.1, overlap = 10
PHY-3002 : Step(86): len = 9347.4, overlap = 8.75
PHY-3002 : Step(87): len = 9365.5, overlap = 9
PHY-3002 : Step(88): len = 9352.3, overlap = 9
PHY-3001 : :::1::: Try harder cell spreading with beta_ = 8.6675e-05
PHY-3002 : Step(89): len = 9230.2, overlap = 9
PHY-3002 : Step(90): len = 9230.2, overlap = 9
PHY-3001 : :::2::: Try harder cell spreading with beta_ = 0.00017335
PHY-3002 : Step(91): len = 9235.3, overlap = 8.5
PHY-3002 : Step(92): len = 9287.3, overlap = 8.75
PHY-3001 : Legalization ...
PHY-3001 : End legalization;  0.054020s wall, 0.015625s user + 0.015625s system = 0.031250s CPU (57.8%)

PHY-3001 : Trial Legalized: Len = 13834.4
PHY-3001 : Run with size of 2
PHY-3001 : Cell area utilization is 2%
PHY-3001 : :::0::: Try harder cell spreading with beta_ = 0
PHY-3002 : Step(93): len = 11234.5, overlap = 2
PHY-3002 : Step(94): len = 9973.5, overlap = 6.25
PHY-3002 : Step(95): len = 9528.2, overlap = 7.25
PHY-3002 : Step(96): len = 9544.1, overlap = 7.5
PHY-3002 : Step(97): len = 9523.3, overlap = 7.75
PHY-3001 : :::1::: Try harder cell spreading with beta_ = 7.89764e-05
PHY-3002 : Step(98): len = 9423.8, overlap = 6.75
PHY-3002 : Step(99): len = 9491.1, overlap = 6.75
PHY-3002 : Step(100): len = 9491.1, overlap = 6.75
PHY-3001 : :::2::: Try harder cell spreading with beta_ = 0.000157953
PHY-3002 : Step(101): len = 9427.8, overlap = 6.75
PHY-3002 : Step(102): len = 9427.8, overlap = 6.75
PHY-3001 : Legalization ...
PHY-3001 : End legalization;  0.005274s wall, 0.000000s user + 0.000000s system = 0.000000s CPU (n/a%)

PHY-3001 : Legalized: Len = 12325.1, Over = 0
PHY-3001 : Spreading special nets. 2 overflows in 2952 tiles.
PHY-3001 : End spreading;  0.003032s wall, 0.000000s user + 0.000000s system = 0.000000s CPU (n/a%)

PHY-3001 : 2 instances has been re-located, deltaX = 0, deltaY = 2, maxDist = 1.
PHY-3001 : Final: Len = 12437.1, Over = 0
OPT-1001 : Start physical optimization ...
OPT-1001 : Total overflow 0.00 peak overflow 0.00
OPT-1001 : Start high-fanout net optimization ...
OPT-1001 : Update timing in global mode
PHY-1001 : Start incremental global routing, caller is place ...
RUN-1001 : Generating global routing grids ...
PHY-1001 : Generate routing nets ...
PHY-1001 : Reuse net number 33/528.
PHY-1001 : Global iterations in 8 thread ...
PHY-1002 : len = 13176, over cnt = 36(0%), over = 67, worst = 5
PHY-1002 : len = 13776, over cnt = 8(0%), over = 9, worst = 2
PHY-1002 : len = 13840, over cnt = 5(0%), over = 5, worst = 1
PHY-1002 : len = 13920, over cnt = 0(0%), over = 0, worst = 0
PHY-1001 : End global iterations;  0.061405s wall, 0.000000s user + 0.000000s system = 0.000000s CPU (n/a%)

PHY-1001 : Congestion index: top1 = 19.01, top5 = 8.67, top10 = 4.82, top15 = 3.22.
PHY-1001 : End incremental global routing;  0.113231s wall, 0.031250s user + 0.000000s system = 0.031250s CPU (27.6%)

RUN-1002 : start command "start_timer -report"
TMR-5001 WARNING: No sdc constraints found while initiating timer.
TMR-2505 : Start building timing graph for model responder.
TMR-2506 : Build timing graph completely. Port num: 13, tpin num: 1875, tnet num: 526, tinst num: 225, tnode num: 2332, tedge num: 3189.
TMR-2508 : Levelizing timing graph completed, there are 23 levels in total.
TMR-2501 : Timing graph initialized successfully.
OPT-1001 : End timing update;  0.251715s wall, 0.203125s user + 0.000000s system = 0.203125s CPU (80.7%)

OPT-1001 : 0 high-fanout net processed.
OPT-1001 : End high-fanout net optimization;  0.371513s wall, 0.234375s user + 0.000000s system = 0.234375s CPU (63.1%)

OPT-1001 : Current memory(MB): used = 140, reserve = 111, peak = 140.
OPT-1001 : Update timing in Manhattan mode
OPT-1001 : End timing update;  0.000419s wall, 0.000000s user + 0.000000s system = 0.000000s CPU (n/a%)

OPT-1001 : Start pin optimization...
OPT-1001 : skip pin optimization...
RUN-1001 : Generating global routing grids ...
PHY-1001 : Generate routing nets ...
PHY-1001 : Reuse net number 411/528.
PHY-1001 : Global iterations in 8 thread ...
PHY-1002 : len = 13920, over cnt = 0(0%), over = 0, worst = 0
PHY-1001 : End global iterations;  0.002858s wall, 0.000000s user + 0.000000s system = 0.000000s CPU (n/a%)

PHY-1001 : Congestion index: top1 = 19.01, top5 = 8.67, top10 = 4.82, top15 = 3.22.
OPT-1001 : Update timing in Manhattan mode
OPT-1001 : End timing update;  0.000632s wall, 0.000000s user + 0.000000s system = 0.000000s CPU (n/a%)

RUN-1001 : QoR Analysis:
OPT-0007 :   WNS 2147483647 TNS 0 NUM_FEPS 0
RUN-1001 :   No local congestion issue, and most congested 1% tile average routing util is 18.551724
RUN-1001 :   Top critical paths
OPT-1001 : End physical optimization;  0.424528s wall, 0.281250s user + 0.000000s system = 0.281250s CPU (66.3%)

RUN-1003 : finish command "place" in  2.637480s wall, 1.828125s user + 0.343750s system = 2.171875s CPU (82.3%)

RUN-1004 : used memory is 135 MB, reserved memory is 107 MB, peak memory is 140 MB
RUN-1002 : start command "export_db responder_place.db"
RUN-1001 : Exported /
RUN-1001 : Exported flow parameters
RUN-1001 : Exported libs
RUN-1001 : Exported entities
RUN-1001 : Exported ports
RUN-1001 : Exported pins
RUN-1001 : Exported instances
RUN-1001 : Exported nets
RUN-1001 : Exported buses
RUN-1001 : Exported models
RUN-1001 : Exported congestions
RUN-1001 : Exported violations
RUN-1001 : Exported IO constraints
RUN-1001 : Exported Inst constraints
RUN-1002 : start command "route"
RUN-1001 : Open license file C:/Anlogic/TD5.6.2/license/Anlogic.lic
RUN-1001 : Print Global Property
RUN-1001 : ---------------------------------------------------------------
RUN-1001 :        Parameters        |  Settings  |  Default Values  |  Note  
RUN-1001 : ---------------------------------------------------------------
RUN-1001 :          message         |  standard  |     standard     |        
RUN-1001 :   mixed_pack_place_flow  |     on     |        on        |        
RUN-1001 :        qor_monitor       |    off     |       off        |        
RUN-1001 :        syn_ip_flow       |    off     |       off        |        
RUN-1001 :          thread          |    auto    |       auto       |        
RUN-1001 : ---------------------------------------------------------------
RUN-1002 : start command "set_param route phy_sim_model on"
RUN-1001 : Print Route Property
RUN-1001 : -------------------------------------------------------
RUN-1001 :    Parameters    |  Settings  |  Default Values  |  Note  
RUN-1001 : -------------------------------------------------------
RUN-1001 :      effort      |   medium   |      medium      |        
RUN-1001 :     fix_hold     |    off     |       off        |        
RUN-1001 :    opt_timing    |   medium   |      medium      |        
RUN-1001 :   phy_sim_model  |     on     |       off        |   *    
RUN-1001 :     priority     |   timing   |      timing      |        
RUN-1001 :     swap_pin     |     on     |        on        |        
RUN-1001 : -------------------------------------------------------
PHY-1001 : Route runs in 8 thread(s)
RUN-1001 : There are total 227 instances
RUN-1001 : 92 mslices, 93 lslices, 35 pads, 0 brams, 1 dsps
RUN-1001 : There are total 528 nets
RUN-1001 : 269 nets have 2 pins
RUN-1001 : 204 nets have [3 - 5] pins
RUN-1001 : 36 nets have [6 - 10] pins
RUN-1001 : 14 nets have [11 - 20] pins
RUN-1001 : 3 nets have [21 - 99] pins
RUN-1001 : 2 nets have 100+ pins
RUN-1002 : start command "start_timer -report"
TMR-5001 WARNING: No sdc constraints found while initiating timer.
TMR-2505 : Start building timing graph for model responder.
TMR-2506 : Build timing graph completely. Port num: 13, tpin num: 1875, tnet num: 526, tinst num: 225, tnode num: 2332, tedge num: 3189.
TMR-2508 : Levelizing timing graph completed, there are 23 levels in total.
TMR-2501 : Timing graph initialized successfully.
PHY-1001 : 92 mslices, 93 lslices, 35 pads, 0 brams, 1 dsps
TMR-2503 : Start to update net delay, extr mode = 3.
TMR-2504 : Update delay of 526 nets completely.
TMR-2502 : Annotate delay completely, extr mode = 3.
TMR-3002 : No user constraint, initiate default constraint.
TMR-1501 : Assign derive clock DeriveClock to 270 clock pins, and constraint 457 relative nodes.
TMR-3003 : Constraints initiated successfully.
TMR-3501 : Forward propagation: start to calculate arrival time...
TMR-3502 : Backward propagation: start to calculate required time...
TMR-3503 : Timing propagation completes.
PHY-1001 : Start global routing, caller is route ...
RUN-1001 : Generating global routing grids ...
PHY-1001 : Generate routing nets ...
PHY-1001 : Global iterations in 8 thread ...
PHY-1002 : len = 13048, over cnt = 35(0%), over = 64, worst = 5
PHY-1002 : len = 13656, over cnt = 9(0%), over = 10, worst = 2
PHY-1002 : len = 13720, over cnt = 6(0%), over = 6, worst = 1
PHY-1002 : len = 13816, over cnt = 0(0%), over = 0, worst = 0
PHY-1001 : End global iterations;  0.063364s wall, 0.015625s user + 0.000000s system = 0.015625s CPU (24.7%)

PHY-1001 : Congestion index: top1 = 19.01, top5 = 8.62, top10 = 4.77, top15 = 3.18.
PHY-1001 : End global routing;  0.112952s wall, 0.046875s user + 0.000000s system = 0.046875s CPU (41.5%)

PHY-1001 : Start detail routing ...
PHY-1001 : Current memory(MB): used = 159, reserve = 131, peak = 161.
PHY-1001 : Detailed router is running in normal mode.
PHY-1001 : Generate detailed routing grids ...
PHY-1001 : Processed IO instance DigitronCS_Out[3]_syn_2 with INV attribute.
PHY-1001 : Processed IO instance DigitronCS_Out[2]_syn_2 with INV attribute.
PHY-1001 : Processed IO instance DigitronCS_Out[1]_syn_2 with INV attribute.
PHY-1001 : Processed IO instance DigitronCS_Out[0]_syn_2 with INV attribute.
PHY-1001 : Generate nets ...
PHY-1001 : net CLK_dup_1 will be routed on clock mesh
PHY-1001 : net Set_Time_dup_1 will be routed on clock mesh
PHY-1001 : clock net U2/CLK1_syn_4 will be merged with clock U2/CLK1
PHY-1001 : clock net U4/SingleNum_b_n4_syn_10 will be merged with clock U4/SingleNum_b_n4
PHY-1001 : clock net U4/W_DigitronCS_Out_n_syn_4 will be merged with clock U4/W_DigitronCS_Out_n
PHY-1001 : Current memory(MB): used = 423, reserve = 398, peak = 423.
PHY-1001 : End build detailed router design. 3.882368s wall, 3.406250s user + 0.046875s system = 3.453125s CPU (88.9%)

PHY-1001 : Detail Route ...
PHY-1001 : ===== Detail Route Phase 1 =====
PHY-1001 : Clock net routing.....
PHY-1001 : Routed 0% nets.
PHY-1022 : len = 11968, over cnt = 1(0%), over = 1, worst = 1, crit = 0
PHY-1001 : End initial clock net routed; 1.651158s wall, 1.515625s user + 0.000000s system = 1.515625s CPU (91.8%)

PHY-1001 : Ripup-reroute.....
PHY-1001 : ===== DR Iter 1 =====
PHY-1022 : len = 11936, over cnt = 0(0%), over = 0, worst = 0, crit = 0
PHY-1001 : End DR Iter 1; 0.413169s wall, 0.281250s user + 0.000000s system = 0.281250s CPU (68.1%)

PHY-1001 : Current memory(MB): used = 455, reserve = 431, peak = 455.
PHY-1001 : End phase 1; 2.076373s wall, 1.796875s user + 0.000000s system = 1.796875s CPU (86.5%)

PHY-1001 : ===== Detail Route Phase 2 =====
PHY-1001 : Initial routing.....
PHY-1001 : Routed 32% nets.
PHY-1001 : Routed 40% nets.
PHY-1001 : Routed 49% nets.
PHY-1001 : Routed 64% nets.
PHY-1001 : Routed 83% nets.
PHY-1022 : len = 42112, over cnt = 10(0%), over = 10, worst = 1, crit = 0
PHY-1001 : Current memory(MB): used = 455, reserve = 431, peak = 455.
PHY-1001 : End initial routed; 0.347040s wall, 0.187500s user + 0.015625s system = 0.203125s CPU (58.5%)

PHY-1001 : Current memory(MB): used = 455, reserve = 431, peak = 455.
PHY-1001 : End phase 2; 0.347102s wall, 0.187500s user + 0.015625s system = 0.203125s CPU (58.5%)

PHY-1001 : ===== Detail Route Phase 3 =====
PHY-1001 : Ripup-reroute.....
PHY-1001 : ===== DR Iter 1 =====
PHY-1022 : len = 42152, over cnt = 1(0%), over = 1, worst = 1, crit = 0
PHY-1001 : End DR Iter 1; 0.014190s wall, 0.000000s user + 0.000000s system = 0.000000s CPU (n/a%)

PHY-1001 : ===== DR Iter 2 =====
PHY-1022 : len = 42168, over cnt = 0(0%), over = 0, worst = 0, crit = 0
PHY-1001 : End DR Iter 2; 0.012240s wall, 0.000000s user + 0.000000s system = 0.000000s CPU (n/a%)

PHY-1001 : Commit to database.....
PHY-1001 : 1 feed throughs used by 1 nets
PHY-1001 : End commit to database; 0.079439s wall, 0.062500s user + 0.000000s system = 0.062500s CPU (78.7%)

PHY-1001 : Current memory(MB): used = 466, reserve = 442, peak = 466.
PHY-1001 : End phase 3; 0.228860s wall, 0.171875s user + 0.000000s system = 0.171875s CPU (75.1%)

PHY-1003 : Routed, final wirelength = 42168
PHY-1001 : Current memory(MB): used = 466, reserve = 442, peak = 466.
PHY-1001 : End export database. 0.005912s wall, 0.000000s user + 0.000000s system = 0.000000s CPU (n/a%)

PHY-1001 : End detail routing;  6.762067s wall, 5.765625s user + 0.078125s system = 5.843750s CPU (86.4%)

RUN-1003 : finish command "route" in  7.194301s wall, 6.093750s user + 0.078125s system = 6.171875s CPU (85.8%)

RUN-1004 : used memory is 426 MB, reserved memory is 401 MB, peak memory is 466 MB
RUN-1002 : start command "report_area -io_info -file responder_phy.area"
RUN-1001 : standard
***Report Model: responder Device: EG4S20BG256***

IO Statistics
#IO                        35
  #input                    9
  #output                  26
  #inout                    0

Utilization Statistics
#lut                      324   out of  19600    1.65%
#reg                      192   out of  19600    0.98%
#le                       345
  #lut only               153   out of    345   44.35%
  #reg only                21   out of    345    6.09%
  #lut&reg                171   out of    345   49.57%
#dsp                        1   out of     29    3.45%
#bram                       0   out of     64    0.00%
  #bram9k                   0
  #fifo9k                   0
#bram32k                    0   out of     16    0.00%
#pad                       35   out of    188   18.62%
  #ireg                     4
  #oreg                    14
  #treg                     0
#pll                        0   out of      4    0.00%
#gclk                       3   out of     16   18.75%

Clock Resource Statistics
Index     ClockNet                 Type               DriverType         Driver                   Fanout
#1        CLK_dup_1                GCLK               io                 CLK_syn_2.di             115
#2        U2/CLK1                  GCLK               mslice             U2/CLK1_reg_syn_29.q0    9
#3        U4/W_DigitronCS_Out_n    GCLK               lslice             U4/reg2_syn_30.f1        7
#4        Set_Time_dup_1           GCLK               io                 Set_Time_syn_2.di        5
#5        U4/SingleNum_b_n4        GCLK               lslice             U4/reg1_syn_138.f0       3


Detailed IO Report

        Name           Direction    Location    IOStandard    DriveStrength    PullType    PackReg  
      Add_Time           INPUT        B10        LVCMOS33          N/A          PULLUP      NONE    
         CLK             INPUT         R7        LVCMOS33          N/A          PULLUP      NONE    
      Key_In[3]          INPUT        F10        LVCMOS33          N/A          PULLUP      IREG    
      Key_In[2]          INPUT        C11        LVCMOS33          N/A          PULLUP      IREG    
      Key_In[1]          INPUT        D11        LVCMOS33          N/A          PULLUP      IREG    
      Key_In[0]          INPUT        E11        LVCMOS33          N/A          PULLUP      IREG    
     Minus_Time          INPUT        A11        LVCMOS33          N/A          PULLUP      NONE    
        RSTn             INPUT         A9        LVCMOS33          N/A          PULLUP      NONE    
      Set_Time           INPUT        A10        LVCMOS33          N/A          PULLUP      NONE    
     Buzzer_Out         OUTPUT        H11        LVCMOS33           8            NONE       OREG    
  DigitronCS_Out[3]     OUTPUT         A3        LVCMOS33           8            NONE       OREG    
  DigitronCS_Out[2]     OUTPUT         A5        LVCMOS33           8            NONE       OREG    
  DigitronCS_Out[1]     OUTPUT         B6        LVCMOS33           8            NONE       OREG    
  DigitronCS_Out[0]     OUTPUT         C9        LVCMOS33           8            NONE       OREG    
   Digitron_Out[7]      OUTPUT         C8        LVCMOS33           8            NONE       NONE    
   Digitron_Out[6]      OUTPUT         A8        LVCMOS33           8            NONE       NONE    
   Digitron_Out[5]      OUTPUT         B5        LVCMOS33           8            NONE       NONE    
   Digitron_Out[4]      OUTPUT         A7        LVCMOS33           8            NONE       NONE    
   Digitron_Out[3]      OUTPUT         E8        LVCMOS33           8            NONE       NONE    
   Digitron_Out[2]      OUTPUT         B8        LVCMOS33           8            NONE       NONE    
   Digitron_Out[1]      OUTPUT         A6        LVCMOS33           8            NONE       NONE    
   Digitron_Out[0]      OUTPUT         A4        LVCMOS33           8            NONE       NONE    
     Key_Row[3]         OUTPUT        E10        LVCMOS33           8            NONE       NONE    
     Key_Row[2]         OUTPUT        C10        LVCMOS33           8            NONE       NONE    
     Key_Row[1]         OUTPUT         F9        LVCMOS33           8            NONE       NONE    
     Key_Row[0]         OUTPUT         D9        LVCMOS33           8            NONE       NONE    
     LED_Out[3]         OUTPUT         C2        LVCMOS33           8            NONE       OREG    
     LED_Out[2]         OUTPUT         C1        LVCMOS33           8            NONE       OREG    
     LED_Out[1]         OUTPUT         E4        LVCMOS33           8            NONE       OREG    
     LED_Out[0]         OUTPUT         D3        LVCMOS33           8            NONE       OREG    
  LED_OverTime_Out      OUTPUT        F16        LVCMOS33           8            NONE       OREG    
     LED_Run[3]         OUTPUT        C15        LVCMOS33           8            NONE       OREG    
     LED_Run[2]         OUTPUT        B16        LVCMOS33           8            NONE       OREG    
     LED_Run[1]         OUTPUT        B15        LVCMOS33           8            NONE       OREG    
     LED_Run[0]         OUTPUT        B14        LVCMOS33           8            NONE       OREG    

Report Hierarchy Area:
+-----------------------------------------------------------------------------------+
|Instance |Module              |le     |lut     |ripple  |seq     |bram    |dsp     |
+-----------------------------------------------------------------------------------+
|top      |responder           |345    |269     |55      |210     |0       |1       |
|  U1     |Sel_module          |61     |52      |7       |33      |0       |0       |
|  U2     |Timer_module        |89     |75      |11      |47      |0       |0       |
|  U3     |Buzzer_module       |39     |23      |6       |28      |0       |0       |
|  U4     |Digitron_NumDisplay |77     |68      |9       |28      |0       |0       |
|  U5     |key_filter          |31     |18      |11      |21      |0       |0       |
|  U6     |led8_module         |38     |28      |6       |27      |0       |0       |
|  U7     |countdown_module    |10     |5       |5       |8       |0       |1       |
+-----------------------------------------------------------------------------------+


DataNet Average Fanout:

   Index     Fanout    Nets  
    #1         1       234   
    #2         2       166   
    #3         3        20   
    #4         4        17   
    #5        5-10      36   
    #6       11-50      12   
    #7       51-100     1    
  Average     2.40           

RUN-1002 : start command "write_verilog simulation/responder_phy_sim.v"
HDL-1201 : write out verilog file simulation/responder_phy_sim.v
RUN-1002 : start command "export_db responder_pr.db"
RUN-1001 : Exported /
RUN-1001 : Exported flow parameters
RUN-1001 : Exported libs
RUN-1001 : Exported entities
RUN-1001 : Exported ports
RUN-1001 : Exported pins
RUN-1001 : Exported instances
RUN-1001 : Exported nets
RUN-1001 : Exported buses
RUN-1001 : Exported models
RUN-1001 : Exported congestions
RUN-1001 : Exported violations
RUN-1001 : Exported IO constraints
RUN-1001 : Exported Inst constraints
RUN-1002 : start command "start_timer"
TMR-5001 WARNING: No sdc constraints found while initiating timer.
TMR-2505 : Start building timing graph for model responder.
TMR-2506 : Build timing graph completely. Port num: 13, tpin num: 1875, tnet num: 526, tinst num: 225, tnode num: 2332, tedge num: 3189.
TMR-2508 : Levelizing timing graph completed, there are 23 levels in total.
TMR-2501 : Timing graph initialized successfully.
RUN-1002 : start command "report_timing -mode FINAL -net_info -rpt_autogen true -file responder_phy.timing -sdf simulation/responder.sdf"
TMR-2503 : Start to update net delay, extr mode = 6.
TMR-2504 : Update delay of 526 nets completely.
TMR-2502 : Annotate delay completely, extr mode = 6.
TMR-3002 : No user constraint, initiate default constraint.
TMR-1501 : Assign derive clock DeriveClock to 270 clock pins, and constraint 457 relative nodes.
TMR-3003 : Constraints initiated successfully.
TMR-3501 : Forward propagation: start to calculate arrival time...
TMR-3502 : Backward propagation: start to calculate required time...
TMR-3503 : Timing propagation completes.
TMR-3506 : Start to generate timing report.
TMR-1502 : Number of clock constraints = 0. Number of clock nets = 5 (5 unconstrainted).
TMR-5009 WARNING: No clock constraint on 5 clock net(s): 
		CLK_dup_1
		Set_Time_dup_1
		U2/CLK1_syn_4
		U4/SingleNum_b_n4_syn_10
		U4/W_DigitronCS_Out_n_syn_4
TMR-3508 : Export timing summary.
TMR-3507 : Timing report generated successfully in responder_phy.timing, timing summary in responder_phy.tsm.
TMR-1001 : Start to generate SDF file...
RUN-1002 : start command "write_verilog -sdf responder.sdf simulation/responder_phy_sim_sta.v"
HDL-1201 : write out verilog file simulation/responder_phy_sim_sta.v
RUN-1002 : start command "export_bid responder_inst.bid"
RUN-1002 : start command "bitgen -bit responder.bit -unused_io_status pulldown"
BIT-1003 : Start to generate bitstream. 
BIT-1002 : Bitgen processed 153 unused pads, reserve input tri_state with pulldown
BIT-1002 : Init instances with 8 threads.
BIT-1002 : Init instances completely, inst num: 378
BIT-1002 : Init pips with 8 threads.
BIT-1002 : Init pips completely, net num: 528, pip num: 3868
BIT-1002 : Init feedthrough completely, num: 1
BIT-1003 : Multithreading accelaration with 8 threads.
BIT-1003 : Generate bitstream completely, there are 677 valid insts, and 11823 bits set as '1'.
BIT-1004 : PLL setting string = 0000
BIT-1004 : Generate bits file responder.bit.
RUN-1003 : finish command "bitgen -bit responder.bit -unused_io_status pulldown" in  1.970394s wall, 4.015625s user + 0.031250s system = 4.046875s CPU (205.4%)

RUN-1004 : used memory is 436 MB, reserved memory is 411 MB, peak memory is 585 MB
RUN-1002 : start command "backup_run_log run.log ../.logs/phy_1/td_20240727_203807.log"
