============================================================
   Tang Dynasty, V5.6.71036
      Copyright (c) 2012-2023 Anlogic Inc.
   Executable = C:/Anlogic/TD5.6.2/bin/td.exe
   Built at =   20:34:38 Mar 21 2023
   Run by =     Timmy
   Run Date =   Thu Jul 25 20:47:23 2024

   Run on =     DESKTOP-A28VB3Q
============================================================
RUN-1002 : start command "open_project responder.prj"
RUN-1001 : Print Global Property
RUN-1001 : ---------------------------------------------------------------
RUN-1001 :        Parameters        |  Settings  |  Default Values  |  Note  
RUN-1001 : ---------------------------------------------------------------
RUN-1001 :          message         |  standard  |     standard     |        
RUN-1001 :   mixed_pack_place_flow  |     on     |        on        |        
RUN-1001 :        qor_monitor       |    off     |       off        |        
RUN-1001 :        syn_ip_flow       |    off     |       off        |        
RUN-1001 :          thread          |    auto    |       auto       |        
RUN-1001 : ---------------------------------------------------------------
RUN-1001 : Print Design Property
RUN-1001 : --------------------------------------------------------------
RUN-1001 :        Parameters       |  Settings  |  Default Values  |  Note  
RUN-1001 : --------------------------------------------------------------
RUN-1001 :   default_reg_initial   |    auto    |       auto       |        
RUN-1001 :        infer_add        |     on     |        on        |        
RUN-1001 :        infer_fsm        |    off     |       off        |        
RUN-1001 :        infer_mult       |     on     |        on        |        
RUN-1001 :        infer_ram        |     on     |        on        |        
RUN-1001 :        infer_reg        |     on     |        on        |        
RUN-1001 :   infer_reg_init_value  |     on     |        on        |        
RUN-1001 :        infer_rom        |     on     |        on        |        
RUN-1001 :      infer_shifter      |     on     |        on        |        
RUN-1001 : --------------------------------------------------------------
RUN-1001 : Print Rtl Property
RUN-1001 : --------------------------------------------------------------
RUN-1001 :        Parameters       |  Settings  |  Default Values  |  Note  
RUN-1001 : --------------------------------------------------------------
RUN-1001 :       compress_add      |   ripple   |      ripple      |        
RUN-1001 :        elf_sload        |    off     |       off        |        
RUN-1001 :       fix_undriven      |     0      |        0         |        
RUN-1001 :         flatten         |    off     |       off        |        
RUN-1001 :       gate_sharing      |     on     |        on        |        
RUN-1001 :    hdl_warning_level    |   normal   |      normal      |        
RUN-1001 :   impl_internal_tribuf  |     on     |        on        |        
RUN-1001 :      impl_set_reset     |     on     |        on        |        
RUN-1001 :        infer_gsr        |    off     |       off        |        
RUN-1001 :      keep_hierarchy     |    auto    |       auto       |        
RUN-1001 :        max_fanout       |    9999    |       9999       |        
RUN-1001 :      max_oh2bin_len     |     10     |        10        |        
RUN-1001 :       merge_equal       |     on     |        on        |        
RUN-1001 :       merge_equiv       |     on     |        on        |        
RUN-1001 :        merge_mux        |    off     |       off        |        
RUN-1001 :     min_control_set     |     8      |        8         |        
RUN-1001 :      min_ripple_len     |    auto    |       auto       |        
RUN-1001 :       oh2bin_ratio      |    0.08    |       0.08       |        
RUN-1001 :     opt_adder_fanout    |     on     |        on        |        
RUN-1001 :        opt_arith        |     on     |        on        |        
RUN-1001 :       opt_big_gate      |    off     |       off        |        
RUN-1001 :        opt_const        |     on     |        on        |        
RUN-1001 :      opt_const_mult     |     on     |        on        |        
RUN-1001 :       opt_lessthan      |     on     |        on        |        
RUN-1001 :         opt_mux         |    off     |       off        |        
RUN-1001 :         opt_ram         |    high    |       high       |        
RUN-1001 :      rtl_sim_model      |    off     |       off        |        
RUN-1001 :         seq_syn         |     on     |        on        |        
RUN-1001 : --------------------------------------------------------------
HDL-1007 : analyze verilog file ../../responder.v
HDL-1007 : analyze verilog file ../../Sel_module.v
HDL-1007 : analyze verilog file ../../Timer_module.v
HDL-1007 : analyze verilog file ../../Buzzer_module.v
HDL-1007 : analyze verilog file ../../Digitron_NumDisplay.v
HDL-1007 : analyze verilog file ../../key_filter.v
HDL-1007 : analyze verilog file ../../../../1 run_led/run_led/led8_module.v
RUN-1001 : Project manager successfully analyzed 7 source files.
RUN-1002 : start command "import_device eagle_s20.db -package EG4S20BG256"
ARC-1001 : Device Initialization.
ARC-1001 : ------------------------------------------------------------------
ARC-1001 :            OPTION            |          IO          |   SETTING   
ARC-1001 : ------------------------------------------------------------------
ARC-1001 :   cso_b/cclk/mosi/miso/dout  |  T3/R11/T10/P10/S11  |    gpio    
ARC-1001 :             done             |         P13          |    gpio    
ARC-1001 :           program_b          |          T2          |  dedicate  
ARC-1001 :        tdi/tms/tck/tdo       |   C12/A15/C14/E14    |  dedicate  
ARC-1001 : ------------------------------------------------------------------
ARC-1004 : Device setting, marked 5 dedicate IOs in total.
RUN-1002 : start command "import_db ../syn_1/responder_gate.db"
RUN-1001 : Importing database generated by Tang Dynasty, V5.6.71036.
RUN-1001 : Database version number 46146.
RUN-1001 : Import flow parameters
RUN-1001 : Import IO constraints
RUN-1001 : Import Inst constraints
RUN-1001 : Import design success TD_VERSION=5.6.71036 , DB_VERSION=46146
RUN-1002 : start command "place"
RUN-1001 : Open license file C:/Anlogic/TD5.6.2/license/Anlogic.lic
RUN-1001 : Print Global Property
RUN-1001 : ---------------------------------------------------------------
RUN-1001 :        Parameters        |  Settings  |  Default Values  |  Note  
RUN-1001 : ---------------------------------------------------------------
RUN-1001 :          message         |  standard  |     standard     |        
RUN-1001 :   mixed_pack_place_flow  |     on     |        on        |        
RUN-1001 :        qor_monitor       |    off     |       off        |        
RUN-1001 :        syn_ip_flow       |    off     |       off        |        
RUN-1001 :          thread          |    auto    |       auto       |        
RUN-1001 : ---------------------------------------------------------------
RUN-1001 : Print Place Property
RUN-1001 : --------------------------------------------------------------
RUN-1001 :        Parameters       |  Settings  |  Default Values  |  Note  
RUN-1001 : --------------------------------------------------------------
RUN-1001 :      detailed_place     |     on     |        on        |        
RUN-1001 :          effort         |   medium   |      medium      |        
RUN-1001 :         fix_hold        |    off     |       off        |        
RUN-1001 :       legalization      |    ori     |       ori        |        
RUN-1001 :      new_spreading      |     on     |        on        |        
RUN-1001 :        opt_timing       |   medium   |      medium      |        
RUN-1001 :   post_clock_route_opt  |    off     |       off        |        
RUN-1001 :       pr_strategy       |     1      |        1         |        
RUN-1001 :        relaxation       |    1.00    |       1.00       |        
RUN-1001 :         retiming        |    off     |       off        |        
RUN-1001 : --------------------------------------------------------------
PHY-3001 : Placer runs in 8 thread(s).
RUN-1002 : start command "legalize_phy_inst"
SYN-1011 : Flatten model responder
RUN-1002 : start command "phys_opt -simplify_lut"
SYN-4024 : Net "CLK_dup_1" drives clk pins.
SYN-4024 : Net "U4/W_Digitron_Out_n" drives clk pins.
SYN-4024 : Net "U2/CLK1" drives clk pins.
SYN-4024 : Net "U4/W_DigitronCS_Out_n" drives clk pins.
SYN-4024 : Net "U4/SingleNum_b_n4" drives clk pins.
SYN-4025 : Tag rtl::Net CLK_dup_1 as clock net
SYN-4025 : Tag rtl::Net U2/CLK1 as clock net
SYN-4025 : Tag rtl::Net U4/SingleNum_b_n4 as clock net
SYN-4025 : Tag rtl::Net U4/W_DigitronCS_Out_n as clock net
SYN-4025 : Tag rtl::Net U4/W_Digitron_Out_n as clock net
SYN-4026 : Tagged 5 rtl::Net as clock net
SYN-4015 : Create BUFG instance for clk Net U2/CLK1 to drive 11 clock pins.
SYN-4015 : Create BUFG instance for clk Net U4/W_DigitronCS_Out_n to drive 8 clock pins.
SYN-4015 : Create BUFG instance for clk Net U4/W_Digitron_Out_n to drive 7 clock pins.
SYN-4015 : Create BUFG instance for clk Net U4/SingleNum_b_n4 to drive 4 clock pins.
PHY-1001 : Populate physical database on model responder.
RUN-1001 : There are total 436 instances
RUN-0007 : 187 luts, 157 seqs, 32 mslices, 20 lslices, 33 pads, 0 brams, 0 dsps
RUN-1001 : There are total 567 nets
RUN-1001 : 333 nets have 2 pins
RUN-1001 : 190 nets have [3 - 5] pins
RUN-1001 : 29 nets have [6 - 10] pins
RUN-1001 : 8 nets have [11 - 20] pins
RUN-1001 : 5 nets have [21 - 99] pins
RUN-1001 : 2 nets have 100+ pins
RUN-1001 : Report Control nets information:
RUN-1001 : DFF Distribution
RUN-1001 : ----------------------------------
RUN-1001 :   CE   |  SSR  |  ASR  |  DFF Count  
RUN-1001 : ----------------------------------
RUN-1001 :   No   |  No   |  No   |     30      
RUN-1001 :   No   |  No   |  Yes  |     64      
RUN-1001 :   No   |  Yes  |  No   |     29      
RUN-1001 :   Yes  |  No   |  No   |      0      
RUN-1001 :   Yes  |  No   |  Yes  |     34      
RUN-1001 :   Yes  |  Yes  |  No   |      0      
RUN-1001 : ----------------------------------
RUN-0007 : Control Group Statistic
RUN-0007 : ---------------------------
RUN-0007 :   #CLK  |  #CE  |  #SSR/ASR  
RUN-0007 : ---------------------------
RUN-0007 :    4    |   3   |     5      
RUN-0007 : ---------------------------
RUN-0007 : Control Set = 10
PHY-3001 : Initial placement ...
PHY-3001 : design contains 434 instances, 187 luts, 157 seqs, 52 slices, 6 macros(52 instances: 32 mslices 20 lslices)
PHY-0007 : Cell area utilization is 1%
PHY-3001 : Global placement ...
PHY-3001 : Initial: Len = 120593
PHY-3001 : Clustering ...
PHY-3001 : Level 0 #clusters 434.
PHY-3001 : End clustering;  0.000012s wall, 0.000000s user + 0.000000s system = 0.000000s CPU (n/a%)

PHY-3001 : Run with size of 4
PHY-3001 : Cell area utilization is 1%
PHY-3001 : :::0::: Try harder cell spreading with beta_ = 0
PHY-3002 : Step(1): len = 72528.3, overlap = 0
PHY-3002 : Step(2): len = 51010.8, overlap = 0
PHY-3002 : Step(3): len = 38210.5, overlap = 0
PHY-3002 : Step(4): len = 31501, overlap = 0
PHY-3002 : Step(5): len = 26690.3, overlap = 0
PHY-3002 : Step(6): len = 24663.2, overlap = 0
PHY-3002 : Step(7): len = 21926, overlap = 0
PHY-3002 : Step(8): len = 20038.3, overlap = 0
PHY-3002 : Step(9): len = 20373.4, overlap = 0
PHY-3002 : Step(10): len = 18438.9, overlap = 0
PHY-3002 : Step(11): len = 18092.7, overlap = 0
PHY-3002 : Step(12): len = 17281.3, overlap = 0
PHY-3002 : Step(13): len = 16047.8, overlap = 0
PHY-3002 : Step(14): len = 16215.7, overlap = 0
PHY-3002 : Step(15): len = 15561.5, overlap = 0
PHY-3002 : Step(16): len = 15387.1, overlap = 0
PHY-3002 : Step(17): len = 15147.2, overlap = 0
PHY-3002 : Step(18): len = 15057.3, overlap = 0
PHY-3002 : Step(19): len = 15036.8, overlap = 0
PHY-3002 : Step(20): len = 14401.3, overlap = 0
PHY-3002 : Step(21): len = 14632.6, overlap = 0
PHY-3002 : Step(22): len = 14473.7, overlap = 0
PHY-3002 : Step(23): len = 13470.2, overlap = 0
PHY-3002 : Step(24): len = 13571.2, overlap = 0
PHY-3002 : Step(25): len = 13632.8, overlap = 0
PHY-3002 : Step(26): len = 13603.1, overlap = 0
PHY-3002 : Step(27): len = 12776.6, overlap = 0
PHY-3002 : Step(28): len = 12406.1, overlap = 0
PHY-3002 : Step(29): len = 12155.9, overlap = 0
PHY-3002 : Step(30): len = 12234.3, overlap = 0
PHY-3002 : Step(31): len = 12298.9, overlap = 0
PHY-3002 : Step(32): len = 11606, overlap = 0
PHY-3002 : Step(33): len = 11279.9, overlap = 0
PHY-3002 : Step(34): len = 11432.2, overlap = 0
PHY-3002 : Step(35): len = 10544.6, overlap = 0
PHY-3002 : Step(36): len = 10594.5, overlap = 0
PHY-3002 : Step(37): len = 10395.9, overlap = 0
PHY-3002 : Step(38): len = 9575.2, overlap = 0
PHY-3002 : Step(39): len = 9454.6, overlap = 0
PHY-3002 : Step(40): len = 9563, overlap = 0
PHY-3002 : Step(41): len = 9061.3, overlap = 0
PHY-3002 : Step(42): len = 9172.1, overlap = 0
PHY-3002 : Step(43): len = 8868.4, overlap = 0
PHY-3002 : Step(44): len = 8963.9, overlap = 0
PHY-3002 : Step(45): len = 9095.7, overlap = 0
PHY-3002 : Step(46): len = 8707.7, overlap = 0
PHY-3002 : Step(47): len = 8757.9, overlap = 0
PHY-3002 : Step(48): len = 8925.3, overlap = 0
PHY-3002 : Step(49): len = 8896.1, overlap = 0
PHY-3002 : Step(50): len = 8406.3, overlap = 0
PHY-3002 : Step(51): len = 8610.2, overlap = 0
PHY-3002 : Step(52): len = 8730.3, overlap = 0
PHY-3001 : Legalization ...
PHY-3001 : End legalization;  0.007694s wall, 0.015625s user + 0.000000s system = 0.015625s CPU (203.1%)

PHY-3001 : Run with size of 4
PHY-3001 : Cell area utilization is 1%
PHY-3001 : :::0::: Try harder cell spreading with beta_ = 0
PHY-3002 : Step(53): len = 7861.6, overlap = 0
PHY-3002 : Step(54): len = 7770.5, overlap = 0
PHY-3002 : Step(55): len = 7807.1, overlap = 0
PHY-3002 : Step(56): len = 7842, overlap = 0
PHY-3002 : Step(57): len = 7836.8, overlap = 0
PHY-3002 : Step(58): len = 7845.8, overlap = 0
PHY-3002 : Step(59): len = 7815.1, overlap = 0
PHY-3002 : Step(60): len = 7917, overlap = 0
PHY-3002 : Step(61): len = 7824.5, overlap = 0
PHY-3002 : Step(62): len = 7887.6, overlap = 0
PHY-3002 : Step(63): len = 7943.6, overlap = 0
PHY-3002 : Step(64): len = 7572.8, overlap = 0
PHY-3002 : Step(65): len = 7601, overlap = 0
PHY-3002 : Step(66): len = 7700, overlap = 0
PHY-3002 : Step(67): len = 7796.7, overlap = 0
PHY-3002 : Step(68): len = 7661.4, overlap = 0
PHY-3002 : Step(69): len = 7809.1, overlap = 0
PHY-3002 : Step(70): len = 7969.7, overlap = 0
PHY-3002 : Step(71): len = 7858.6, overlap = 0
PHY-3002 : Step(72): len = 7727.2, overlap = 0
PHY-3002 : Step(73): len = 7774.3, overlap = 0
PHY-3002 : Step(74): len = 7561.9, overlap = 0
PHY-3002 : Step(75): len = 7593, overlap = 0
PHY-3002 : Step(76): len = 7555.1, overlap = 0
PHY-3002 : Step(77): len = 7233.8, overlap = 0.125
PHY-3002 : Step(78): len = 7306.4, overlap = 0.125
PHY-3002 : Step(79): len = 7460.3, overlap = 0.125
PHY-3001 : Run with size of 2
PHY-3001 : Cell area utilization is 1%
PHY-3001 : :::0::: Try harder cell spreading with beta_ = 0.000483706
PHY-3002 : Step(80): len = 7695.5, overlap = 2.78125
PHY-3002 : Step(81): len = 7800.2, overlap = 2.96875
PHY-3002 : Step(82): len = 7807.1, overlap = 3.25
PHY-3001 : :::1::: Try harder cell spreading with beta_ = 0.000967412
PHY-3002 : Step(83): len = 7193.6, overlap = 3.28125
PHY-3002 : Step(84): len = 7137.8, overlap = 3.28125
PHY-3002 : Step(85): len = 7204, overlap = 3.78125
PHY-3002 : Step(86): len = 7274.4, overlap = 3.90625
PHY-3002 : Step(87): len = 7046.8, overlap = 3.625
PHY-3002 : Step(88): len = 6880.5, overlap = 3.9375
PHY-3002 : Step(89): len = 6898, overlap = 4.125
OPT-1001 : Start physical optimization ...
OPT-1001 : Total overflow 15.59 peak overflow 1.62
OPT-1001 : Start high-fanout net optimization ...
OPT-1001 : Update timing in global mode
PHY-1001 : Start incremental global routing, caller is place ...
RUN-1001 : Generating global routing grids ...
RUN-1001 : Building simple global routing graph ...
PHY-1001 : Generate routing nets ...
PHY-1001 : Reuse net number 0/567.
PHY-1001 : Global iterations in 8 thread ...
PHY-1002 : len = 7496, over cnt = 25(0%), over = 67, worst = 6
PHY-1001 : End global iterations;  0.027364s wall, 0.015625s user + 0.000000s system = 0.015625s CPU (57.1%)

PHY-1001 : Congestion index: top1 = 12.91, top5 = 5.20, top10 = 2.73, top15 = 1.82.
PHY-1001 : End incremental global routing;  0.081567s wall, 0.031250s user + 0.000000s system = 0.031250s CPU (38.3%)

RUN-1002 : start command "start_timer -report"
TMR-5001 WARNING: No sdc constraints found while initiating timer.
TMR-2505 : Start building timing graph for model responder.
TMR-2506 : Build timing graph completely. Port num: 11, tpin num: 1965, tnet num: 565, tinst num: 434, tnode num: 2526, tedge num: 3146.
TMR-2508 : Levelizing timing graph completed, there are 29 levels in total.
TMR-2501 : Timing graph initialized successfully.
OPT-1001 : End timing update;  0.283516s wall, 0.171875s user + 0.000000s system = 0.171875s CPU (60.6%)

OPT-1001 : 0 high-fanout net processed.
OPT-1001 : End high-fanout net optimization;  0.370288s wall, 0.203125s user + 0.000000s system = 0.203125s CPU (54.9%)

OPT-1001 : Current memory(MB): used = 136, reserve = 107, peak = 136.
OPT-1001 : End physical optimization;  0.376918s wall, 0.203125s user + 0.015625s system = 0.218750s CPU (58.0%)

PHY-3001 : Start packing ...
SYN-4007 : Packing 0 MUX to BLE ...
SYN-4008 : Packed 0 MUX and 0 SEQ to BLE.
SYN-4007 : Packing 187 LUT to BLE ...
SYN-4008 : Packed 187 LUT and 96 SEQ to BLE.
SYN-4003 : Packing 61 remaining SEQ's ...
SYN-4005 : Packed 44 SEQ with LUT/SLICE
SYN-4006 : 53 single LUT's are left
SYN-4006 : 17 single SEQ's are left
SYN-4011 : Packing model "responder" (AL_USER_NORMAL) with 204/296 primitive instances ...
PHY-3001 : End packing;  0.012879s wall, 0.000000s user + 0.000000s system = 0.000000s CPU (n/a%)

PHY-1001 : Populate physical database on model responder.
RUN-1001 : There are total 205 instances
RUN-1001 : 82 mslices, 83 lslices, 33 pads, 0 brams, 0 dsps
RUN-1001 : There are total 485 nets
RUN-1001 : 264 nets have 2 pins
RUN-1001 : 175 nets have [3 - 5] pins
RUN-1001 : 33 nets have [6 - 10] pins
RUN-1001 : 8 nets have [11 - 20] pins
RUN-1001 : 3 nets have [21 - 99] pins
RUN-1001 : 2 nets have 100+ pins
PHY-3001 : design contains 203 instances, 165 slices, 6 macros(52 instances: 32 mslices 20 lslices)
PHY-3001 : Cell area utilization is 2%
PHY-3001 : After packing: Len = 7316.8, Over = 7.75
PHY-3001 : Run with size of 2
PHY-3001 : Cell area utilization is 2%
PHY-3001 : :::0::: Try harder cell spreading with beta_ = 0.000164267
PHY-3002 : Step(90): len = 7195.5, overlap = 7.25
PHY-3002 : Step(91): len = 7196.7, overlap = 7.5
PHY-3002 : Step(92): len = 7152.5, overlap = 7.25
PHY-3001 : :::1::: Try harder cell spreading with beta_ = 0.000328534
PHY-3002 : Step(93): len = 7047.8, overlap = 7.25
PHY-3002 : Step(94): len = 7045.5, overlap = 6.75
PHY-3001 : :::2::: Try harder cell spreading with beta_ = 0.000657068
PHY-3002 : Step(95): len = 7087.7, overlap = 7
PHY-3002 : Step(96): len = 7087.7, overlap = 7
PHY-3001 : Legalization ...
PHY-3001 : End legalization;  0.050473s wall, 0.000000s user + 0.015625s system = 0.015625s CPU (31.0%)

PHY-3001 : Trial Legalized: Len = 11103.9
PHY-3001 : Run with size of 2
PHY-3001 : Cell area utilization is 2%
PHY-3001 : :::0::: Try harder cell spreading with beta_ = 0
PHY-3002 : Step(97): len = 8470.9, overlap = 2.5
PHY-3002 : Step(98): len = 7544.8, overlap = 5
PHY-3002 : Step(99): len = 7165.8, overlap = 5.75
PHY-3002 : Step(100): len = 7119.1, overlap = 6
PHY-3002 : Step(101): len = 7140.6, overlap = 5.5
PHY-3001 : :::1::: Try harder cell spreading with beta_ = 0.00104543
PHY-3002 : Step(102): len = 7087.5, overlap = 5.5
PHY-3002 : Step(103): len = 7087.5, overlap = 5.5
PHY-3001 : :::2::: Try harder cell spreading with beta_ = 0.00209086
PHY-3002 : Step(104): len = 7005.1, overlap = 5.5
PHY-3002 : Step(105): len = 7005.1, overlap = 5.5
PHY-3001 : Legalization ...
PHY-3001 : End legalization;  0.008646s wall, 0.000000s user + 0.000000s system = 0.000000s CPU (n/a%)

PHY-3001 : Legalized: Len = 9357, Over = 0
PHY-3001 : Spreading special nets. 1 overflows in 2952 tiles.
PHY-3001 : End spreading;  0.003382s wall, 0.000000s user + 0.000000s system = 0.000000s CPU (n/a%)

PHY-3001 : 2 instances has been re-located, deltaX = 0, deltaY = 2, maxDist = 1.
PHY-3001 : Final: Len = 9377, Over = 0
OPT-1001 : Start physical optimization ...
OPT-1001 : Total overflow 0.00 peak overflow 0.00
OPT-1001 : Start high-fanout net optimization ...
OPT-1001 : Update timing in global mode
PHY-1001 : Start incremental global routing, caller is place ...
RUN-1001 : Generating global routing grids ...
PHY-1001 : Generate routing nets ...
PHY-1001 : Reuse net number 15/485.
PHY-1001 : Global iterations in 8 thread ...
PHY-1002 : len = 10648, over cnt = 32(0%), over = 56, worst = 4
PHY-1002 : len = 10960, over cnt = 18(0%), over = 25, worst = 4
PHY-1002 : len = 11304, over cnt = 2(0%), over = 2, worst = 1
PHY-1002 : len = 11336, over cnt = 0(0%), over = 0, worst = 0
PHY-1001 : End global iterations;  0.058392s wall, 0.000000s user + 0.000000s system = 0.000000s CPU (n/a%)

PHY-1001 : Congestion index: top1 = 17.05, top5 = 7.69, top10 = 4.07, top15 = 2.72.
PHY-1001 : End incremental global routing;  0.113047s wall, 0.015625s user + 0.000000s system = 0.015625s CPU (13.8%)

RUN-1002 : start command "start_timer -report"
TMR-5001 WARNING: No sdc constraints found while initiating timer.
TMR-2505 : Start building timing graph for model responder.
TMR-2506 : Build timing graph completely. Port num: 11, tpin num: 1681, tnet num: 483, tinst num: 203, tnode num: 2116, tedge num: 2847.
TMR-2508 : Levelizing timing graph completed, there are 27 levels in total.
TMR-2501 : Timing graph initialized successfully.
OPT-1001 : End timing update;  0.235395s wall, 0.140625s user + 0.000000s system = 0.140625s CPU (59.7%)

OPT-1001 : 0 high-fanout net processed.
OPT-1001 : End high-fanout net optimization;  0.353694s wall, 0.171875s user + 0.000000s system = 0.171875s CPU (48.6%)

OPT-1001 : Current memory(MB): used = 137, reserve = 108, peak = 137.
OPT-1001 : Update timing in Manhattan mode
OPT-1001 : End timing update;  0.000365s wall, 0.000000s user + 0.000000s system = 0.000000s CPU (n/a%)

OPT-1001 : Start pin optimization...
OPT-1001 : skip pin optimization...
RUN-1001 : Generating global routing grids ...
PHY-1001 : Generate routing nets ...
PHY-1001 : Reuse net number 370/485.
PHY-1001 : Global iterations in 8 thread ...
PHY-1002 : len = 11336, over cnt = 0(0%), over = 0, worst = 0
PHY-1001 : End global iterations;  0.001767s wall, 0.000000s user + 0.000000s system = 0.000000s CPU (n/a%)

PHY-1001 : Congestion index: top1 = 17.05, top5 = 7.69, top10 = 4.07, top15 = 2.72.
OPT-1001 : Update timing in Manhattan mode
OPT-1001 : End timing update;  0.000640s wall, 0.000000s user + 0.000000s system = 0.000000s CPU (n/a%)

RUN-1001 : QoR Analysis:
OPT-0007 :   WNS 2147483647 TNS 0 NUM_FEPS 0
RUN-1001 :   No local congestion issue, and most congested 1% tile average routing util is 16.655172
RUN-1001 :   Top critical paths
OPT-1001 : End physical optimization;  0.409573s wall, 0.203125s user + 0.000000s system = 0.203125s CPU (49.6%)

RUN-1003 : finish command "place" in  2.603147s wall, 1.609375s user + 0.453125s system = 2.062500s CPU (79.2%)

RUN-1004 : used memory is 129 MB, reserved memory is 101 MB, peak memory is 138 MB
RUN-1002 : start command "export_db responder_place.db"
RUN-1001 : Exported /
RUN-1001 : Exported flow parameters
RUN-1001 : Exported libs
RUN-1001 : Exported entities
RUN-1001 : Exported ports
RUN-1001 : Exported pins
RUN-1001 : Exported instances
RUN-1001 : Exported nets
RUN-1001 : Exported buses
RUN-1001 : Exported models
RUN-1001 : Exported congestions
RUN-1001 : Exported violations
RUN-1001 : Exported IO constraints
RUN-1001 : Exported Inst constraints
RUN-1002 : start command "route"
RUN-1001 : Open license file C:/Anlogic/TD5.6.2/license/Anlogic.lic
RUN-1001 : Print Global Property
RUN-1001 : ---------------------------------------------------------------
RUN-1001 :        Parameters        |  Settings  |  Default Values  |  Note  
RUN-1001 : ---------------------------------------------------------------
RUN-1001 :          message         |  standard  |     standard     |        
RUN-1001 :   mixed_pack_place_flow  |     on     |        on        |        
RUN-1001 :        qor_monitor       |    off     |       off        |        
RUN-1001 :        syn_ip_flow       |    off     |       off        |        
RUN-1001 :          thread          |    auto    |       auto       |        
RUN-1001 : ---------------------------------------------------------------
RUN-1002 : start command "set_param route phy_sim_model on"
RUN-1001 : Print Route Property
RUN-1001 : -------------------------------------------------------
RUN-1001 :    Parameters    |  Settings  |  Default Values  |  Note  
RUN-1001 : -------------------------------------------------------
RUN-1001 :      effort      |   medium   |      medium      |        
RUN-1001 :     fix_hold     |    off     |       off        |        
RUN-1001 :    opt_timing    |   medium   |      medium      |        
RUN-1001 :   phy_sim_model  |     on     |       off        |   *    
RUN-1001 :     priority     |   timing   |      timing      |        
RUN-1001 :     swap_pin     |     on     |        on        |        
RUN-1001 : -------------------------------------------------------
PHY-1001 : Route runs in 8 thread(s)
RUN-1001 : There are total 205 instances
RUN-1001 : 82 mslices, 83 lslices, 33 pads, 0 brams, 0 dsps
RUN-1001 : There are total 485 nets
RUN-1001 : 264 nets have 2 pins
RUN-1001 : 175 nets have [3 - 5] pins
RUN-1001 : 33 nets have [6 - 10] pins
RUN-1001 : 8 nets have [11 - 20] pins
RUN-1001 : 3 nets have [21 - 99] pins
RUN-1001 : 2 nets have 100+ pins
RUN-1002 : start command "start_timer -report"
TMR-5001 WARNING: No sdc constraints found while initiating timer.
TMR-2505 : Start building timing graph for model responder.
TMR-2506 : Build timing graph completely. Port num: 11, tpin num: 1681, tnet num: 483, tinst num: 203, tnode num: 2116, tedge num: 2847.
TMR-2508 : Levelizing timing graph completed, there are 27 levels in total.
TMR-2501 : Timing graph initialized successfully.
PHY-1001 : 82 mslices, 83 lslices, 33 pads, 0 brams, 0 dsps
TMR-2503 : Start to update net delay, extr mode = 3.
TMR-2504 : Update delay of 483 nets completely.
TMR-2502 : Annotate delay completely, extr mode = 3.
TMR-3002 : No user constraint, initiate default constraint.
TMR-1501 : Assign derive clock DeriveClock to 254 clock pins, and constraint 435 relative nodes.
TMR-3003 : Constraints initiated successfully.
TMR-3501 : Forward propagation: start to calculate arrival time...
TMR-3502 : Backward propagation: start to calculate required time...
TMR-3503 : Timing propagation completes.
PHY-1001 : Start global routing, caller is route ...
RUN-1001 : Generating global routing grids ...
PHY-1001 : Generate routing nets ...
PHY-1001 : Global iterations in 8 thread ...
PHY-1002 : len = 10560, over cnt = 34(0%), over = 58, worst = 4
PHY-1002 : len = 10888, over cnt = 18(0%), over = 24, worst = 4
PHY-1002 : len = 11256, over cnt = 0(0%), over = 0, worst = 0
PHY-1001 : End global iterations;  0.055541s wall, 0.015625s user + 0.000000s system = 0.015625s CPU (28.1%)

PHY-1001 : Congestion index: top1 = 17.24, top5 = 7.68, top10 = 4.04, top15 = 2.70.
PHY-1001 : End global routing;  0.104692s wall, 0.046875s user + 0.000000s system = 0.046875s CPU (44.8%)

PHY-1001 : Start detail routing ...
PHY-1001 : Current memory(MB): used = 157, reserve = 129, peak = 159.
PHY-1001 : Detailed router is running in normal mode.
PHY-1001 : Generate detailed routing grids ...
PHY-1001 : Processed IO instance DigitronCS_Out[3]_syn_2 with INV attribute.
PHY-1001 : Processed IO instance DigitronCS_Out[2]_syn_2 with INV attribute.
PHY-1001 : Processed IO instance DigitronCS_Out[1]_syn_2 with INV attribute.
PHY-1001 : Processed IO instance DigitronCS_Out[0]_syn_2 with INV attribute.
PHY-1001 : Processed IO instance Digitron_Out[6]_syn_2 with INV attribute.
PHY-1001 : Processed IO instance Digitron_Out[5]_syn_2 with INV attribute.
PHY-1001 : Processed IO instance Digitron_Out[4]_syn_2 with INV attribute.
PHY-1001 : Processed IO instance Digitron_Out[3]_syn_2 with INV attribute.
PHY-1001 : Processed IO instance Digitron_Out[2]_syn_2 with INV attribute.
PHY-1001 : Processed IO instance Digitron_Out[1]_syn_2 with INV attribute.
PHY-1001 : Processed IO instance Digitron_Out[0]_syn_2 with INV attribute.
PHY-1001 : Generate nets ...
PHY-1001 : net CLK_dup_1 will be routed on clock mesh
PHY-1001 : clock net U2/CLK1_syn_4 will be merged with clock U2/CLK1
PHY-1001 : clock net U4/SingleNum_b_n4_syn_10 will be merged with clock U4/SingleNum_b_n4
PHY-1001 : clock net U4/W_DigitronCS_Out_n_syn_4 will be merged with clock U4/W_DigitronCS_Out_n
PHY-1001 : clock net U4/W_Digitron_Out_n_syn_2 will be merged with clock U4/W_Digitron_Out_n
PHY-1001 : Current memory(MB): used = 421, reserve = 397, peak = 421.
PHY-1001 : End build detailed router design. 3.965509s wall, 3.250000s user + 0.031250s system = 3.281250s CPU (82.7%)

PHY-1001 : Detail Route ...
PHY-1001 : ===== Detail Route Phase 1 =====
PHY-1001 : Clock net routing.....
PHY-1001 : Routed 1% nets.
PHY-1022 : len = 14792, over cnt = 0(0%), over = 0, worst = 0, crit = 0
PHY-1001 : End initial clock net routed; 1.458779s wall, 1.265625s user + 0.000000s system = 1.265625s CPU (86.8%)

PHY-1001 : Current memory(MB): used = 451, reserve = 428, peak = 451.
PHY-1001 : End phase 1; 1.464617s wall, 1.265625s user + 0.000000s system = 1.265625s CPU (86.4%)

PHY-1001 : ===== Detail Route Phase 2 =====
PHY-1001 : Initial routing.....
PHY-1001 : Routed 28% nets.
PHY-1001 : Routed 36% nets.
PHY-1001 : Routed 49% nets.
PHY-1001 : Routed 66% nets.
PHY-1001 : Routed 82% nets.
PHY-1022 : len = 38952, over cnt = 7(0%), over = 7, worst = 1, crit = 0
PHY-1001 : Current memory(MB): used = 451, reserve = 428, peak = 451.
PHY-1001 : End initial routed; 0.222670s wall, 0.078125s user + 0.031250s system = 0.109375s CPU (49.1%)

PHY-1001 : Current memory(MB): used = 451, reserve = 428, peak = 451.
PHY-1001 : End phase 2; 0.222730s wall, 0.078125s user + 0.031250s system = 0.109375s CPU (49.1%)

PHY-1001 : ===== Detail Route Phase 3 =====
PHY-1001 : Ripup-reroute.....
PHY-1001 : ===== DR Iter 1 =====
PHY-1022 : len = 38960, over cnt = 3(0%), over = 3, worst = 1, crit = 0
PHY-1001 : End DR Iter 1; 0.014313s wall, 0.000000s user + 0.000000s system = 0.000000s CPU (n/a%)

PHY-1001 : ===== DR Iter 2 =====
PHY-1022 : len = 38976, over cnt = 0(0%), over = 0, worst = 0, crit = 0
PHY-1001 : End DR Iter 2; 0.014596s wall, 0.015625s user + 0.000000s system = 0.015625s CPU (107.0%)

PHY-1001 : Commit to database.....
PHY-1001 : 1 feed throughs used by 1 nets
PHY-1001 : End commit to database; 0.054275s wall, 0.046875s user + 0.000000s system = 0.046875s CPU (86.4%)

PHY-1001 : Current memory(MB): used = 461, reserve = 437, peak = 461.
PHY-1001 : End phase 3; 0.212919s wall, 0.140625s user + 0.015625s system = 0.156250s CPU (73.4%)

PHY-1003 : Routed, final wirelength = 38976
PHY-1001 : Current memory(MB): used = 461, reserve = 437, peak = 461.
PHY-1001 : End export database. 0.005474s wall, 0.000000s user + 0.000000s system = 0.000000s CPU (n/a%)

PHY-1001 : End detail routing;  6.097772s wall, 4.906250s user + 0.078125s system = 4.984375s CPU (81.7%)

RUN-1003 : finish command "route" in  6.542984s wall, 5.218750s user + 0.078125s system = 5.296875s CPU (81.0%)

RUN-1004 : used memory is 418 MB, reserved memory is 395 MB, peak memory is 461 MB
RUN-1002 : start command "report_area -io_info -file responder_phy.area"
RUN-1001 : standard
***Report Model: responder Device: EG4S20BG256***

IO Statistics
#IO                        33
  #input                    7
  #output                  26
  #inout                    0

Utilization Statistics
#lut                      296   out of  19600    1.51%
#reg                      178   out of  19600    0.91%
#le                       313
  #lut only               135   out of    313   43.13%
  #reg only                17   out of    313    5.43%
  #lut&reg                161   out of    313   51.44%
#dsp                        0   out of     29    0.00%
#bram                       0   out of     64    0.00%
  #bram9k                   0
  #fifo9k                   0
#bram32k                    0   out of     16    0.00%
#pad                       33   out of    188   17.55%
  #ireg                     4
  #oreg                    21
  #treg                     0
#pll                        0   out of      4    0.00%
#gclk                       4   out of     16   25.00%

Clock Resource Statistics
Index     ClockNet                 Type               DriverType         Driver                   Fanout
#1        CLK_dup_1                GCLK               io                 CLK_syn_2.di             112
#2        U2/CLK1                  GCLK               lslice             U2/CLK1_reg_syn_30.q0    9
#3        U4/W_DigitronCS_Out_n    GCLK               mslice             U4/reg2_syn_25.f1        8
#4        U4/W_Digitron_Out_n      GCLK               mslice             U4/mux1_syn_5.f1         7
#5        U4/SingleNum_b_n4        GCLK               mslice             U4/sel2_syn_67.f0        2


Detailed IO Report

        Name           Direction    Location    IOStandard    DriveStrength    PullType    PackReg  
         CLK             INPUT         R7        LVCMOS33          N/A          PULLUP      NONE    
      Key_In[3]          INPUT        F10        LVCMOS33          N/A          PULLUP      IREG    
      Key_In[2]          INPUT        C11        LVCMOS33          N/A          PULLUP      IREG    
      Key_In[1]          INPUT        D11        LVCMOS33          N/A          PULLUP      IREG    
      Key_In[0]          INPUT        E11        LVCMOS33          N/A          PULLUP      IREG    
        RSTn             INPUT         A9        LVCMOS33          N/A          PULLUP      NONE    
        Start            INPUT        A10        LVCMOS33          N/A          PULLUP      NONE    
     Buzzer_Out         OUTPUT        H11        LVCMOS33           8            NONE       OREG    
  DigitronCS_Out[3]     OUTPUT         A3        LVCMOS33           8            NONE       OREG    
  DigitronCS_Out[2]     OUTPUT         A5        LVCMOS33           8            NONE       OREG    
  DigitronCS_Out[1]     OUTPUT         B6        LVCMOS33           8            NONE       OREG    
  DigitronCS_Out[0]     OUTPUT         C9        LVCMOS33           8            NONE       OREG    
   Digitron_Out[7]      OUTPUT         C8        LVCMOS33           8            NONE       NONE    
   Digitron_Out[6]      OUTPUT         A8        LVCMOS33           8            NONE       OREG    
   Digitron_Out[5]      OUTPUT         B5        LVCMOS33           8            NONE       OREG    
   Digitron_Out[4]      OUTPUT         A7        LVCMOS33           8            NONE       OREG    
   Digitron_Out[3]      OUTPUT         E8        LVCMOS33           8            NONE       OREG    
   Digitron_Out[2]      OUTPUT         B8        LVCMOS33           8            NONE       OREG    
   Digitron_Out[1]      OUTPUT         A6        LVCMOS33           8            NONE       OREG    
   Digitron_Out[0]      OUTPUT         A4        LVCMOS33           8            NONE       OREG    
     Key_Row[3]         OUTPUT        E10        LVCMOS33           8            NONE       NONE    
     Key_Row[2]         OUTPUT        C10        LVCMOS33           8            NONE       NONE    
     Key_Row[1]         OUTPUT         F9        LVCMOS33           8            NONE       NONE    
     Key_Row[0]         OUTPUT         D9        LVCMOS33           8            NONE       NONE    
     LED_Out[3]         OUTPUT         C2        LVCMOS33           8            NONE       OREG    
     LED_Out[2]         OUTPUT         C1        LVCMOS33           8            NONE       OREG    
     LED_Out[1]         OUTPUT         E4        LVCMOS33           8            NONE       OREG    
     LED_Out[0]         OUTPUT         D3        LVCMOS33           8            NONE       OREG    
  LED_OverTime_Out      OUTPUT        F16        LVCMOS33           8            NONE       OREG    
     LED_Run[3]         OUTPUT        C15        LVCMOS33           8            NONE       OREG    
     LED_Run[2]         OUTPUT        B16        LVCMOS33           8            NONE       OREG    
     LED_Run[1]         OUTPUT        B15        LVCMOS33           8            NONE       OREG    
     LED_Run[0]         OUTPUT        B14        LVCMOS33           8            NONE       OREG    

Report Hierarchy Area:
+-----------------------------------------------------------------------------------+
|Instance |Module              |le     |lut     |ripple  |seq     |bram    |dsp     |
+-----------------------------------------------------------------------------------+
|top      |responder           |313    |244     |52      |203     |0       |0       |
|  U1     |Sel_module          |65     |51      |7       |39      |0       |0       |
|  U2     |Timer_module        |54     |46      |7       |35      |0       |0       |
|  U3     |Buzzer_module       |41     |26      |6       |28      |0       |0       |
|  U4     |Digitron_NumDisplay |59     |50      |9       |26      |0       |0       |
|  U5     |key_filter          |34     |23      |11      |23      |0       |0       |
|  U6     |led8_module         |60     |48      |12      |27      |0       |0       |
+-----------------------------------------------------------------------------------+


DataNet Average Fanout:

   Index     Fanout    Nets  
    #1         1       231   
    #2         2       148   
    #3         3        13   
    #4         4        13   
    #5        5-10      30   
    #6       11-50      9    
    #7       51-100     1    
  Average     2.31           

RUN-1002 : start command "write_verilog simulation/responder_phy_sim.v"
HDL-1201 : write out verilog file simulation/responder_phy_sim.v
RUN-1002 : start command "export_db responder_pr.db"
RUN-1001 : Exported /
RUN-1001 : Exported flow parameters
RUN-1001 : Exported libs
RUN-1001 : Exported entities
RUN-1001 : Exported ports
RUN-1001 : Exported pins
RUN-1001 : Exported instances
RUN-1001 : Exported nets
RUN-1001 : Exported buses
RUN-1001 : Exported models
RUN-1001 : Exported congestions
RUN-1001 : Exported violations
RUN-1001 : Exported IO constraints
RUN-1001 : Exported Inst constraints
RUN-1002 : start command "start_timer"
TMR-5001 WARNING: No sdc constraints found while initiating timer.
TMR-2505 : Start building timing graph for model responder.
TMR-2506 : Build timing graph completely. Port num: 11, tpin num: 1681, tnet num: 483, tinst num: 203, tnode num: 2116, tedge num: 2847.
TMR-2508 : Levelizing timing graph completed, there are 27 levels in total.
TMR-2501 : Timing graph initialized successfully.
RUN-1002 : start command "report_timing -mode FINAL -net_info -rpt_autogen true -file responder_phy.timing -sdf simulation/responder.sdf"
TMR-2503 : Start to update net delay, extr mode = 6.
TMR-2504 : Update delay of 483 nets completely.
TMR-2502 : Annotate delay completely, extr mode = 6.
TMR-3002 : No user constraint, initiate default constraint.
TMR-1501 : Assign derive clock DeriveClock to 254 clock pins, and constraint 435 relative nodes.
TMR-3003 : Constraints initiated successfully.
TMR-3501 : Forward propagation: start to calculate arrival time...
TMR-3502 : Backward propagation: start to calculate required time...
TMR-3503 : Timing propagation completes.
TMR-3506 : Start to generate timing report.
TMR-1502 : Number of clock constraints = 0. Number of clock nets = 5 (5 unconstrainted).
TMR-5009 WARNING: No clock constraint on 5 clock net(s): 
		CLK_dup_1
		U2/CLK1_syn_4
		U4/SingleNum_b_n4_syn_10
		U4/W_DigitronCS_Out_n_syn_4
		U4/W_Digitron_Out_n_syn_2
TMR-3508 : Export timing summary.
TMR-3507 : Timing report generated successfully in responder_phy.timing, timing summary in responder_phy.tsm.
TMR-1001 : Start to generate SDF file...
RUN-1002 : start command "write_verilog -sdf responder.sdf simulation/responder_phy_sim_sta.v"
HDL-1201 : write out verilog file simulation/responder_phy_sim_sta.v
RUN-1002 : start command "export_bid responder_inst.bid"
RUN-1002 : start command "bitgen -bit responder.bit -unused_io_status pulldown"
BIT-1003 : Start to generate bitstream. 
BIT-1002 : Bitgen processed 155 unused pads, reserve input tri_state with pulldown
BIT-1002 : Init instances with 8 threads.
BIT-1002 : Init instances completely, inst num: 358
BIT-1002 : Init pips with 8 threads.
BIT-1002 : Init pips completely, net num: 485, pip num: 3378
BIT-1002 : Init feedthrough completely, num: 1
BIT-1003 : Multithreading accelaration with 8 threads.
BIT-1003 : Generate bitstream completely, there are 618 valid insts, and 10424 bits set as '1'.
BIT-1004 : PLL setting string = 0000
BIT-1004 : Generate bits file responder.bit.
RUN-1003 : finish command "bitgen -bit responder.bit -unused_io_status pulldown" in  2.012584s wall, 3.218750s user + 0.031250s system = 3.250000s CPU (161.5%)

RUN-1004 : used memory is 431 MB, reserved memory is 408 MB, peak memory is 580 MB
RUN-1002 : start command "backup_run_log run.log ../.logs/phy_1/td_20240725_204723.log"
