============================================================
   Tang Dynasty, V5.6.71036
      Copyright (c) 2012-2023 Anlogic Inc.
   Executable = C:/Anlogic/TD5.6.2/bin/td.exe
   Built at =   20:34:38 Mar 21 2023
   Run by =     Timmy
   Run Date =   Sat Jul 27 10:38:04 2024

   Run on =     DESKTOP-A28VB3Q
============================================================
RUN-1002 : start command "open_project responder.prj"
RUN-1001 : Print Global Property
RUN-1001 : ---------------------------------------------------------------
RUN-1001 :        Parameters        |  Settings  |  Default Values  |  Note  
RUN-1001 : ---------------------------------------------------------------
RUN-1001 :          message         |  standard  |     standard     |        
RUN-1001 :   mixed_pack_place_flow  |     on     |        on        |        
RUN-1001 :        qor_monitor       |    off     |       off        |        
RUN-1001 :        syn_ip_flow       |    off     |       off        |        
RUN-1001 :          thread          |    auto    |       auto       |        
RUN-1001 : ---------------------------------------------------------------
RUN-1001 : Print Design Property
RUN-1001 : --------------------------------------------------------------
RUN-1001 :        Parameters       |  Settings  |  Default Values  |  Note  
RUN-1001 : --------------------------------------------------------------
RUN-1001 :   default_reg_initial   |    auto    |       auto       |        
RUN-1001 :        infer_add        |     on     |        on        |        
RUN-1001 :        infer_fsm        |    off     |       off        |        
RUN-1001 :        infer_mult       |     on     |        on        |        
RUN-1001 :        infer_ram        |     on     |        on        |        
RUN-1001 :        infer_reg        |     on     |        on        |        
RUN-1001 :   infer_reg_init_value  |     on     |        on        |        
RUN-1001 :        infer_rom        |     on     |        on        |        
RUN-1001 :      infer_shifter      |     on     |        on        |        
RUN-1001 : --------------------------------------------------------------
RUN-1001 : Print Rtl Property
RUN-1001 : --------------------------------------------------------------
RUN-1001 :        Parameters       |  Settings  |  Default Values  |  Note  
RUN-1001 : --------------------------------------------------------------
RUN-1001 :       compress_add      |   ripple   |      ripple      |        
RUN-1001 :        elf_sload        |    off     |       off        |        
RUN-1001 :       fix_undriven      |     0      |        0         |        
RUN-1001 :         flatten         |    off     |       off        |        
RUN-1001 :       gate_sharing      |     on     |        on        |        
RUN-1001 :    hdl_warning_level    |   normal   |      normal      |        
RUN-1001 :   impl_internal_tribuf  |     on     |        on        |        
RUN-1001 :      impl_set_reset     |     on     |        on        |        
RUN-1001 :        infer_gsr        |    off     |       off        |        
RUN-1001 :      keep_hierarchy     |    auto    |       auto       |        
RUN-1001 :        max_fanout       |    9999    |       9999       |        
RUN-1001 :      max_oh2bin_len     |     10     |        10        |        
RUN-1001 :       merge_equal       |     on     |        on        |        
RUN-1001 :       merge_equiv       |     on     |        on        |        
RUN-1001 :        merge_mux        |    off     |       off        |        
RUN-1001 :     min_control_set     |     8      |        8         |        
RUN-1001 :      min_ripple_len     |    auto    |       auto       |        
RUN-1001 :       oh2bin_ratio      |    0.08    |       0.08       |        
RUN-1001 :     opt_adder_fanout    |     on     |        on        |        
RUN-1001 :        opt_arith        |     on     |        on        |        
RUN-1001 :       opt_big_gate      |    off     |       off        |        
RUN-1001 :        opt_const        |     on     |        on        |        
RUN-1001 :      opt_const_mult     |     on     |        on        |        
RUN-1001 :       opt_lessthan      |     on     |        on        |        
RUN-1001 :         opt_mux         |    off     |       off        |        
RUN-1001 :         opt_ram         |    high    |       high       |        
RUN-1001 :      rtl_sim_model      |    off     |       off        |        
RUN-1001 :         seq_syn         |     on     |        on        |        
RUN-1001 : --------------------------------------------------------------
HDL-1007 : analyze verilog file ../../responder.v
HDL-1007 : analyze verilog file ../../Sel_module.v
HDL-1007 : analyze verilog file ../../Timer_module.v
HDL-1007 : analyze verilog file ../../Buzzer_module.v
HDL-1007 : analyze verilog file ../../Digitron_NumDisplay.v
HDL-1007 : analyze verilog file ../../key_filter.v
HDL-1007 : analyze verilog file ../../../../1 run_led/run_led/led8_module.v
HDL-1007 : analyze verilog file ../../countdown_module.v
RUN-1001 : Project manager successfully analyzed 8 source files.
RUN-1002 : start command "import_device eagle_s20.db -package EG4S20BG256"
ARC-1001 : Device Initialization.
ARC-1001 : ------------------------------------------------------------------
ARC-1001 :            OPTION            |          IO          |   SETTING   
ARC-1001 : ------------------------------------------------------------------
ARC-1001 :   cso_b/cclk/mosi/miso/dout  |  T3/R11/T10/P10/S11  |    gpio    
ARC-1001 :             done             |         P13          |    gpio    
ARC-1001 :           program_b          |          T2          |  dedicate  
ARC-1001 :        tdi/tms/tck/tdo       |   C12/A15/C14/E14    |  dedicate  
ARC-1001 : ------------------------------------------------------------------
ARC-1004 : Device setting, marked 5 dedicate IOs in total.
RUN-1002 : start command "import_db ../syn_1/responder_gate.db"
RUN-1001 : Importing database generated by Tang Dynasty, V5.6.71036.
RUN-1001 : Database version number 46146.
RUN-1001 : Import flow parameters
RUN-1001 : Import IO constraints
RUN-1001 : Import Inst constraints
RUN-1001 : Import design success TD_VERSION=5.6.71036 , DB_VERSION=46146
RUN-1002 : start command "place"
RUN-1001 : Open license file C:/Anlogic/TD5.6.2/license/Anlogic.lic
RUN-1001 : Print Global Property
RUN-1001 : ---------------------------------------------------------------
RUN-1001 :        Parameters        |  Settings  |  Default Values  |  Note  
RUN-1001 : ---------------------------------------------------------------
RUN-1001 :          message         |  standard  |     standard     |        
RUN-1001 :   mixed_pack_place_flow  |     on     |        on        |        
RUN-1001 :        qor_monitor       |    off     |       off        |        
RUN-1001 :        syn_ip_flow       |    off     |       off        |        
RUN-1001 :          thread          |    auto    |       auto       |        
RUN-1001 : ---------------------------------------------------------------
RUN-1001 : Print Place Property
RUN-1001 : --------------------------------------------------------------
RUN-1001 :        Parameters       |  Settings  |  Default Values  |  Note  
RUN-1001 : --------------------------------------------------------------
RUN-1001 :      detailed_place     |     on     |        on        |        
RUN-1001 :          effort         |   medium   |      medium      |        
RUN-1001 :         fix_hold        |    off     |       off        |        
RUN-1001 :       legalization      |    ori     |       ori        |        
RUN-1001 :      new_spreading      |     on     |        on        |        
RUN-1001 :        opt_timing       |   medium   |      medium      |        
RUN-1001 :   post_clock_route_opt  |    off     |       off        |        
RUN-1001 :       pr_strategy       |     1      |        1         |        
RUN-1001 :        relaxation       |    1.00    |       1.00       |        
RUN-1001 :         retiming        |    off     |       off        |        
RUN-1001 : --------------------------------------------------------------
PHY-3001 : Placer runs in 8 thread(s).
RUN-1002 : start command "legalize_phy_inst"
SYN-1011 : Flatten model responder
RUN-1002 : start command "phys_opt -simplify_lut"
SYN-4024 : Net "CLK_dup_1" drives clk pins.
SYN-4024 : Net "U4/W_DigitronCS_Out_n" drives clk pins.
SYN-4024 : Net "U4/SingleNum_b_n4" drives clk pins.
SYN-4024 : Net "U2/CLK1" drives clk pins.
SYN-4025 : Tag rtl::Net CLK_dup_1 as clock net
SYN-4025 : Tag rtl::Net U2/CLK1 as clock net
SYN-4025 : Tag rtl::Net U4/SingleNum_b_n4 as clock net
SYN-4025 : Tag rtl::Net U4/W_DigitronCS_Out_n as clock net
SYN-4026 : Tagged 4 rtl::Net as clock net
SYN-4015 : Create BUFG instance for clk Net U4/W_DigitronCS_Out_n to drive 8 clock pins.
SYN-4015 : Create BUFG instance for clk Net U4/SingleNum_b_n4 to drive 4 clock pins.
SYN-4015 : Create BUFG instance for clk Net U2/CLK1 to drive 2 clock pins.
PHY-1001 : Populate physical database on model responder.
RUN-1001 : There are total 370 instances
RUN-0007 : 148 luts, 131 seqs, 32 mslices, 20 lslices, 33 pads, 0 brams, 0 dsps
RUN-1001 : There are total 502 nets
RUN-1001 : 290 nets have 2 pins
RUN-1001 : 185 nets have [3 - 5] pins
RUN-1001 : 17 nets have [6 - 10] pins
RUN-1001 : 4 nets have [11 - 20] pins
RUN-1001 : 4 nets have [21 - 99] pins
RUN-1001 : 2 nets have 100+ pins
RUN-1001 : Report Control nets information:
RUN-1001 : DFF Distribution
RUN-1001 : ----------------------------------
RUN-1001 :   CE   |  SSR  |  ASR  |  DFF Count  
RUN-1001 : ----------------------------------
RUN-1001 :   No   |  No   |  No   |     26      
RUN-1001 :   No   |  No   |  Yes  |     51      
RUN-1001 :   No   |  Yes  |  No   |     29      
RUN-1001 :   Yes  |  No   |  No   |      0      
RUN-1001 :   Yes  |  No   |  Yes  |     25      
RUN-1001 :   Yes  |  Yes  |  No   |      0      
RUN-1001 : ----------------------------------
RUN-0007 : Control Group Statistic
RUN-0007 : ---------------------------
RUN-0007 :   #CLK  |  #CE  |  #SSR/ASR  
RUN-0007 : ---------------------------
RUN-0007 :    4    |   2   |     5      
RUN-0007 : ---------------------------
RUN-0007 : Control Set = 9
PHY-3001 : Initial placement ...
PHY-3001 : design contains 368 instances, 148 luts, 131 seqs, 52 slices, 6 macros(52 instances: 32 mslices 20 lslices)
PHY-0007 : Cell area utilization is 1%
PHY-3001 : Global placement ...
PHY-3001 : Initial: Len = 119524
PHY-3001 : Clustering ...
PHY-3001 : Level 0 #clusters 368.
PHY-3001 : End clustering;  0.000013s wall, 0.000000s user + 0.000000s system = 0.000000s CPU (n/a%)

PHY-3001 : Run with size of 4
PHY-3001 : Cell area utilization is 1%
PHY-3001 : :::0::: Try harder cell spreading with beta_ = 0
PHY-3002 : Step(1): len = 69130.1, overlap = 0
PHY-3002 : Step(2): len = 49245.6, overlap = 0
PHY-3002 : Step(3): len = 36131.5, overlap = 0
PHY-3002 : Step(4): len = 28322.2, overlap = 0
PHY-3002 : Step(5): len = 24138.1, overlap = 0
PHY-3002 : Step(6): len = 23424.1, overlap = 0
PHY-3002 : Step(7): len = 20848.3, overlap = 0
PHY-3002 : Step(8): len = 18280.5, overlap = 0
PHY-3002 : Step(9): len = 17963.9, overlap = 0
PHY-3002 : Step(10): len = 17266, overlap = 0
PHY-3002 : Step(11): len = 15560.8, overlap = 0
PHY-3002 : Step(12): len = 15047, overlap = 0
PHY-3002 : Step(13): len = 14532.5, overlap = 0
PHY-3002 : Step(14): len = 13155, overlap = 0
PHY-3002 : Step(15): len = 13425.5, overlap = 0
PHY-3002 : Step(16): len = 13388.4, overlap = 0
PHY-3002 : Step(17): len = 12782.3, overlap = 0
PHY-3002 : Step(18): len = 12328.9, overlap = 0
PHY-3002 : Step(19): len = 11519.1, overlap = 0
PHY-3002 : Step(20): len = 11800.7, overlap = 0
PHY-3002 : Step(21): len = 11140.6, overlap = 0
PHY-3002 : Step(22): len = 10651.2, overlap = 0
PHY-3002 : Step(23): len = 10977.8, overlap = 0
PHY-3002 : Step(24): len = 10396.2, overlap = 0
PHY-3002 : Step(25): len = 9806.4, overlap = 0
PHY-3002 : Step(26): len = 8780.3, overlap = 0
PHY-3002 : Step(27): len = 8030.5, overlap = 0
PHY-3002 : Step(28): len = 8200.3, overlap = 0
PHY-3002 : Step(29): len = 8200.3, overlap = 0
PHY-3001 : Legalization ...
PHY-3001 : End legalization;  0.006434s wall, 0.000000s user + 0.000000s system = 0.000000s CPU (n/a%)

PHY-3001 : Run with size of 4
PHY-3001 : Cell area utilization is 1%
PHY-3001 : :::0::: Try harder cell spreading with beta_ = 0
PHY-3002 : Step(30): len = 7671.8, overlap = 0
PHY-3002 : Step(31): len = 7763.1, overlap = 0
PHY-3002 : Step(32): len = 7763.1, overlap = 0
PHY-3002 : Step(33): len = 7498.9, overlap = 0
PHY-3002 : Step(34): len = 7650.9, overlap = 0
PHY-3002 : Step(35): len = 7750.5, overlap = 0
PHY-3002 : Step(36): len = 7855.7, overlap = 0
PHY-3002 : Step(37): len = 7907.1, overlap = 0
PHY-3002 : Step(38): len = 7982.5, overlap = 0
PHY-3002 : Step(39): len = 7623.4, overlap = 0
PHY-3002 : Step(40): len = 7653.8, overlap = 0
PHY-3002 : Step(41): len = 7699.3, overlap = 0
PHY-3002 : Step(42): len = 7808.2, overlap = 0
PHY-3002 : Step(43): len = 8027.5, overlap = 0
PHY-3002 : Step(44): len = 7754.7, overlap = 0
PHY-3002 : Step(45): len = 7969.7, overlap = 0
PHY-3002 : Step(46): len = 8125.7, overlap = 0
PHY-3002 : Step(47): len = 8340.8, overlap = 0
PHY-3002 : Step(48): len = 7646.4, overlap = 0
PHY-3002 : Step(49): len = 7310.6, overlap = 0
PHY-3002 : Step(50): len = 7693.6, overlap = 0
PHY-3002 : Step(51): len = 6601.3, overlap = 0
PHY-3002 : Step(52): len = 6356.2, overlap = 0
PHY-3002 : Step(53): len = 6529.6, overlap = 0
PHY-3002 : Step(54): len = 6469.1, overlap = 0
PHY-3002 : Step(55): len = 6513.8, overlap = 0
PHY-3002 : Step(56): len = 6222, overlap = 0
PHY-3002 : Step(57): len = 6166.3, overlap = 0
PHY-3002 : Step(58): len = 6161.1, overlap = 0
PHY-3002 : Step(59): len = 5975.5, overlap = 0
PHY-3002 : Step(60): len = 5806.1, overlap = 0
PHY-3002 : Step(61): len = 5765.1, overlap = 0
PHY-3002 : Step(62): len = 5451.6, overlap = 0
PHY-3002 : Step(63): len = 5388.5, overlap = 0
PHY-3002 : Step(64): len = 5400.6, overlap = 0
PHY-3002 : Step(65): len = 5358.5, overlap = 0
PHY-3002 : Step(66): len = 5419.8, overlap = 0
PHY-3002 : Step(67): len = 5324.7, overlap = 0
PHY-3002 : Step(68): len = 5252, overlap = 0
PHY-3002 : Step(69): len = 5180.6, overlap = 0
PHY-3002 : Step(70): len = 5202.4, overlap = 0
PHY-3002 : Step(71): len = 5206.3, overlap = 0
PHY-3001 : Run with size of 2
PHY-3001 : Cell area utilization is 1%
PHY-3001 : :::0::: Try harder cell spreading with beta_ = 0
PHY-3002 : Step(72): len = 5063.9, overlap = 0.625
PHY-3002 : Step(73): len = 5063.9, overlap = 0.625
PHY-3002 : Step(74): len = 4996.1, overlap = 0.625
PHY-3002 : Step(75): len = 4996.1, overlap = 0.625
PHY-3002 : Step(76): len = 4983.4, overlap = 0.4375
PHY-3002 : Step(77): len = 4983.4, overlap = 0.4375
PHY-3002 : Step(78): len = 4960.1, overlap = 0.4375
PHY-3002 : Step(79): len = 4960.1, overlap = 0.4375
PHY-3002 : Step(80): len = 4910.3, overlap = 0.4375
OPT-1001 : Start physical optimization ...
OPT-1001 : Total overflow 12.12 peak overflow 2.09
OPT-1001 : Start high-fanout net optimization ...
OPT-1001 : Update timing in global mode
PHY-1001 : Start incremental global routing, caller is place ...
RUN-1001 : Generating global routing grids ...
RUN-1001 : Building simple global routing graph ...
PHY-1001 : Generate routing nets ...
PHY-1001 : Reuse net number 0/502.
PHY-1001 : Global iterations in 8 thread ...
PHY-1002 : len = 5192, over cnt = 9(0%), over = 17, worst = 4
PHY-1001 : End global iterations;  0.019303s wall, 0.000000s user + 0.000000s system = 0.000000s CPU (n/a%)

PHY-1001 : Congestion index: top1 = 8.77, top5 = 3.74, top10 = 1.87, top15 = 1.25.
PHY-1001 : End incremental global routing;  0.074050s wall, 0.046875s user + 0.000000s system = 0.046875s CPU (63.3%)

RUN-1002 : start command "start_timer -report"
TMR-5001 WARNING: No sdc constraints found while initiating timer.
TMR-2505 : Start building timing graph for model responder.
TMR-2506 : Build timing graph completely. Port num: 11, tpin num: 1667, tnet num: 500, tinst num: 368, tnode num: 2182, tedge num: 2692.
TMR-2508 : Levelizing timing graph completed, there are 29 levels in total.
TMR-2501 : Timing graph initialized successfully.
OPT-1001 : End timing update;  0.244078s wall, 0.250000s user + 0.000000s system = 0.250000s CPU (102.4%)

OPT-1001 : 0 high-fanout net processed.
OPT-1001 : End high-fanout net optimization;  0.322662s wall, 0.296875s user + 0.000000s system = 0.296875s CPU (92.0%)

OPT-1001 : Current memory(MB): used = 135, reserve = 106, peak = 135.
OPT-1001 : End physical optimization;  0.327564s wall, 0.296875s user + 0.000000s system = 0.296875s CPU (90.6%)

PHY-3001 : Start packing ...
SYN-4007 : Packing 0 MUX to BLE ...
SYN-4008 : Packed 0 MUX and 0 SEQ to BLE.
SYN-4007 : Packing 148 LUT to BLE ...
SYN-4008 : Packed 148 LUT and 69 SEQ to BLE.
SYN-4003 : Packing 62 remaining SEQ's ...
SYN-4005 : Packed 45 SEQ with LUT/SLICE
SYN-4006 : 40 single LUT's are left
SYN-4006 : 17 single SEQ's are left
SYN-4011 : Packing model "responder" (AL_USER_NORMAL) with 165/256 primitive instances ...
PHY-3001 : End packing;  0.010503s wall, 0.015625s user + 0.000000s system = 0.015625s CPU (148.8%)

PHY-1001 : Populate physical database on model responder.
RUN-1001 : There are total 179 instances
RUN-1001 : 70 mslices, 70 lslices, 33 pads, 0 brams, 0 dsps
RUN-1001 : There are total 441 nets
RUN-1001 : 238 nets have 2 pins
RUN-1001 : 176 nets have [3 - 5] pins
RUN-1001 : 17 nets have [6 - 10] pins
RUN-1001 : 7 nets have [11 - 20] pins
RUN-1001 : 1 nets have [21 - 99] pins
RUN-1001 : 2 nets have 100+ pins
PHY-3001 : design contains 177 instances, 140 slices, 6 macros(52 instances: 32 mslices 20 lslices)
PHY-3001 : Cell area utilization is 1%
PHY-3001 : After packing: Len = 5614.2, Over = 3.75
PHY-3001 : Run with size of 2
PHY-3001 : Cell area utilization is 1%
PHY-3001 : :::0::: Try harder cell spreading with beta_ = 0.000926931
PHY-3002 : Step(81): len = 5526.1, overlap = 4
PHY-3002 : Step(82): len = 5403.1, overlap = 4.25
PHY-3002 : Step(83): len = 5268.2, overlap = 4
PHY-3001 : Legalization ...
PHY-3001 : End legalization;  0.045354s wall, 0.000000s user + 0.015625s system = 0.015625s CPU (34.5%)

PHY-3001 : Trial Legalized: Len = 9257.3
PHY-3001 : Run with size of 2
PHY-3001 : Cell area utilization is 1%
PHY-3001 : :::0::: Try harder cell spreading with beta_ = 0
PHY-3002 : Step(84): len = 6770.9, overlap = 0.5
PHY-3002 : Step(85): len = 5870, overlap = 1.25
PHY-3002 : Step(86): len = 5440, overlap = 2.25
PHY-3002 : Step(87): len = 5376.5, overlap = 2
PHY-3002 : Step(88): len = 5354.4, overlap = 1.75
PHY-3002 : Step(89): len = 5339.4, overlap = 2
PHY-3002 : Step(90): len = 5286.3, overlap = 2
PHY-3001 : Legalization ...
PHY-3001 : End legalization;  0.005227s wall, 0.000000s user + 0.000000s system = 0.000000s CPU (n/a%)

PHY-3001 : Legalized: Len = 7064, Over = 0
PHY-3001 : End spreading;  0.002786s wall, 0.000000s user + 0.000000s system = 0.000000s CPU (n/a%)

PHY-3001 : Final: Len = 7064, Over = 0
OPT-1001 : Start physical optimization ...
OPT-1001 : Total overflow 0.00 peak overflow 0.00
OPT-1001 : Start high-fanout net optimization ...
OPT-1001 : Update timing in global mode
PHY-1001 : Start incremental global routing, caller is place ...
RUN-1001 : Generating global routing grids ...
PHY-1001 : Generate routing nets ...
PHY-1001 : Reuse net number 33/441.
PHY-1001 : Global iterations in 8 thread ...
PHY-1002 : len = 7504, over cnt = 27(0%), over = 52, worst = 4
PHY-1002 : len = 7888, over cnt = 12(0%), over = 18, worst = 4
PHY-1002 : len = 8128, over cnt = 3(0%), over = 3, worst = 1
PHY-1002 : len = 8160, over cnt = 2(0%), over = 2, worst = 1
PHY-1002 : len = 8200, over cnt = 0(0%), over = 0, worst = 0
PHY-1001 : End global iterations;  0.043228s wall, 0.015625s user + 0.000000s system = 0.015625s CPU (36.1%)

PHY-1001 : Congestion index: top1 = 15.97, top5 = 6.15, top10 = 3.10, top15 = 2.07.
PHY-1001 : End incremental global routing;  0.094062s wall, 0.046875s user + 0.000000s system = 0.046875s CPU (49.8%)

RUN-1002 : start command "start_timer -report"
TMR-5001 WARNING: No sdc constraints found while initiating timer.
TMR-2505 : Start building timing graph for model responder.
TMR-2506 : Build timing graph completely. Port num: 11, tpin num: 1426, tnet num: 439, tinst num: 177, tnode num: 1830, tedge num: 2406.
TMR-2508 : Levelizing timing graph completed, there are 27 levels in total.
TMR-2501 : Timing graph initialized successfully.
OPT-1001 : End timing update;  0.203152s wall, 0.187500s user + 0.000000s system = 0.187500s CPU (92.3%)

OPT-1001 : 0 high-fanout net processed.
OPT-1001 : End high-fanout net optimization;  0.301494s wall, 0.250000s user + 0.000000s system = 0.250000s CPU (82.9%)

OPT-1001 : Current memory(MB): used = 136, reserve = 107, peak = 136.
OPT-1001 : Update timing in Manhattan mode
OPT-1001 : End timing update;  0.000265s wall, 0.000000s user + 0.000000s system = 0.000000s CPU (n/a%)

OPT-1001 : Start pin optimization...
OPT-1001 : skip pin optimization...
RUN-1001 : Generating global routing grids ...
PHY-1001 : Generate routing nets ...
PHY-1001 : Reuse net number 331/441.
PHY-1001 : Global iterations in 8 thread ...
PHY-1002 : len = 8200, over cnt = 0(0%), over = 0, worst = 0
PHY-1001 : End global iterations;  0.001783s wall, 0.000000s user + 0.000000s system = 0.000000s CPU (n/a%)

PHY-1001 : Congestion index: top1 = 15.97, top5 = 6.15, top10 = 3.10, top15 = 2.07.
OPT-1001 : Update timing in Manhattan mode
OPT-1001 : End timing update;  0.000535s wall, 0.000000s user + 0.000000s system = 0.000000s CPU (n/a%)

RUN-1001 : QoR Analysis:
OPT-0007 :   WNS 2147483647 TNS 0 NUM_FEPS 0
RUN-1001 :   No local congestion issue, and most congested 1% tile average routing util is 15.517241
RUN-1001 :   Top critical paths
OPT-1001 : End physical optimization;  0.350899s wall, 0.359375s user + 0.000000s system = 0.359375s CPU (102.4%)

RUN-1003 : finish command "place" in  2.200410s wall, 1.640625s user + 0.296875s system = 1.937500s CPU (88.1%)

RUN-1004 : used memory is 128 MB, reserved memory is 100 MB, peak memory is 137 MB
RUN-1002 : start command "export_db responder_place.db"
RUN-1001 : Exported /
RUN-1001 : Exported flow parameters
RUN-1001 : Exported libs
RUN-1001 : Exported entities
RUN-1001 : Exported ports
RUN-1001 : Exported pins
RUN-1001 : Exported instances
RUN-1001 : Exported nets
RUN-1001 : Exported buses
RUN-1001 : Exported models
RUN-1001 : Exported congestions
RUN-1001 : Exported violations
RUN-1001 : Exported IO constraints
RUN-1001 : Exported Inst constraints
RUN-1002 : start command "route"
RUN-1001 : Open license file C:/Anlogic/TD5.6.2/license/Anlogic.lic
RUN-1001 : Print Global Property
RUN-1001 : ---------------------------------------------------------------
RUN-1001 :        Parameters        |  Settings  |  Default Values  |  Note  
RUN-1001 : ---------------------------------------------------------------
RUN-1001 :          message         |  standard  |     standard     |        
RUN-1001 :   mixed_pack_place_flow  |     on     |        on        |        
RUN-1001 :        qor_monitor       |    off     |       off        |        
RUN-1001 :        syn_ip_flow       |    off     |       off        |        
RUN-1001 :          thread          |    auto    |       auto       |        
RUN-1001 : ---------------------------------------------------------------
RUN-1002 : start command "set_param route phy_sim_model on"
RUN-1001 : Print Route Property
RUN-1001 : -------------------------------------------------------
RUN-1001 :    Parameters    |  Settings  |  Default Values  |  Note  
RUN-1001 : -------------------------------------------------------
RUN-1001 :      effort      |   medium   |      medium      |        
RUN-1001 :     fix_hold     |    off     |       off        |        
RUN-1001 :    opt_timing    |   medium   |      medium      |        
RUN-1001 :   phy_sim_model  |     on     |       off        |   *    
RUN-1001 :     priority     |   timing   |      timing      |        
RUN-1001 :     swap_pin     |     on     |        on        |        
RUN-1001 : -------------------------------------------------------
PHY-1001 : Route runs in 8 thread(s)
RUN-1001 : There are total 179 instances
RUN-1001 : 70 mslices, 70 lslices, 33 pads, 0 brams, 0 dsps
RUN-1001 : There are total 441 nets
RUN-1001 : 238 nets have 2 pins
RUN-1001 : 176 nets have [3 - 5] pins
RUN-1001 : 17 nets have [6 - 10] pins
RUN-1001 : 7 nets have [11 - 20] pins
RUN-1001 : 1 nets have [21 - 99] pins
RUN-1001 : 2 nets have 100+ pins
RUN-1002 : start command "start_timer -report"
TMR-5001 WARNING: No sdc constraints found while initiating timer.
TMR-2505 : Start building timing graph for model responder.
TMR-2506 : Build timing graph completely. Port num: 11, tpin num: 1426, tnet num: 439, tinst num: 177, tnode num: 1830, tedge num: 2406.
TMR-2508 : Levelizing timing graph completed, there are 27 levels in total.
TMR-2501 : Timing graph initialized successfully.
PHY-1001 : 70 mslices, 70 lslices, 33 pads, 0 brams, 0 dsps
TMR-2503 : Start to update net delay, extr mode = 3.
TMR-2504 : Update delay of 439 nets completely.
TMR-2502 : Annotate delay completely, extr mode = 3.
TMR-3002 : No user constraint, initiate default constraint.
TMR-1501 : Assign derive clock DeriveClock to 236 clock pins, and constraint 404 relative nodes.
TMR-3003 : Constraints initiated successfully.
TMR-3501 : Forward propagation: start to calculate arrival time...
TMR-3502 : Backward propagation: start to calculate required time...
TMR-3503 : Timing propagation completes.
PHY-1001 : Start global routing, caller is route ...
RUN-1001 : Generating global routing grids ...
PHY-1001 : Generate routing nets ...
PHY-1001 : Global iterations in 8 thread ...
PHY-1002 : len = 7448, over cnt = 29(0%), over = 54, worst = 4
PHY-1002 : len = 7816, over cnt = 12(0%), over = 18, worst = 4
PHY-1002 : len = 8072, over cnt = 2(0%), over = 2, worst = 1
PHY-1002 : len = 8112, over cnt = 0(0%), over = 0, worst = 0
PHY-1001 : End global iterations;  0.046530s wall, 0.000000s user + 0.000000s system = 0.000000s CPU (n/a%)

PHY-1001 : Congestion index: top1 = 15.95, top5 = 6.06, top10 = 3.03, top15 = 2.02.
PHY-1001 : End global routing;  0.094315s wall, 0.031250s user + 0.015625s system = 0.046875s CPU (49.7%)

PHY-1001 : Start detail routing ...
PHY-1001 : Current memory(MB): used = 155, reserve = 127, peak = 158.
PHY-1001 : Detailed router is running in normal mode.
PHY-1001 : Generate detailed routing grids ...
PHY-1001 : Processed IO instance DigitronCS_Out[3]_syn_2 with INV attribute.
PHY-1001 : Processed IO instance DigitronCS_Out[2]_syn_2 with INV attribute.
PHY-1001 : Processed IO instance DigitronCS_Out[1]_syn_2 with INV attribute.
PHY-1001 : Processed IO instance DigitronCS_Out[0]_syn_2 with INV attribute.
PHY-1001 : Generate nets ...
PHY-1001 : net CLK_dup_1 will be routed on clock mesh
PHY-1001 : clock net U2/CLK1_syn_4 will be merged with clock U2/CLK1
PHY-1001 : clock net U4/SingleNum_b_n4_syn_10 will be merged with clock U4/SingleNum_b_n4
PHY-1001 : clock net U4/W_DigitronCS_Out_n_syn_4 will be merged with clock U4/W_DigitronCS_Out_n
PHY-1001 : Current memory(MB): used = 420, reserve = 395, peak = 420.
PHY-1001 : End build detailed router design. 3.841512s wall, 3.625000s user + 0.093750s system = 3.718750s CPU (96.8%)

PHY-1001 : Detail Route ...
PHY-1001 : ===== Detail Route Phase 1 =====
PHY-1001 : Clock net routing.....
PHY-1001 : Routed 0% nets.
PHY-1022 : len = 12416, over cnt = 0(0%), over = 0, worst = 0, crit = 0
PHY-1001 : End initial clock net routed; 0.998138s wall, 0.984375s user + 0.000000s system = 0.984375s CPU (98.6%)

PHY-1001 : Current memory(MB): used = 449, reserve = 426, peak = 449.
PHY-1001 : End phase 1; 1.003723s wall, 1.000000s user + 0.000000s system = 1.000000s CPU (99.6%)

PHY-1001 : ===== Detail Route Phase 2 =====
PHY-1001 : Initial routing.....
PHY-1001 : Routed 33% nets.
PHY-1001 : Routed 41% nets.
PHY-1001 : Routed 46% nets.
PHY-1001 : Routed 65% nets.
PHY-1001 : Routed 80% nets.
PHY-1022 : len = 30688, over cnt = 8(0%), over = 8, worst = 1, crit = 0
PHY-1001 : Current memory(MB): used = 449, reserve = 426, peak = 450.
PHY-1001 : End initial routed; 0.161428s wall, 0.062500s user + 0.000000s system = 0.062500s CPU (38.7%)

PHY-1001 : Current memory(MB): used = 449, reserve = 426, peak = 450.
PHY-1001 : End phase 2; 0.161481s wall, 0.062500s user + 0.000000s system = 0.062500s CPU (38.7%)

PHY-1001 : ===== Detail Route Phase 3 =====
PHY-1001 : Ripup-reroute.....
PHY-1001 : ===== DR Iter 1 =====
PHY-1022 : len = 30640, over cnt = 2(0%), over = 2, worst = 1, crit = 0
PHY-1001 : End DR Iter 1; 0.013098s wall, 0.000000s user + 0.000000s system = 0.000000s CPU (n/a%)

PHY-1001 : ===== DR Iter 2 =====
PHY-1022 : len = 30656, over cnt = 0(0%), over = 0, worst = 0, crit = 0
PHY-1001 : End DR Iter 2; 0.011056s wall, 0.000000s user + 0.000000s system = 0.000000s CPU (n/a%)

PHY-1001 : Commit to database.....
PHY-1001 : 4 feed throughs used by 4 nets
PHY-1001 : End commit to database; 0.048417s wall, 0.046875s user + 0.000000s system = 0.046875s CPU (96.8%)

PHY-1001 : Current memory(MB): used = 459, reserve = 435, peak = 459.
PHY-1001 : End phase 3; 0.189756s wall, 0.140625s user + 0.000000s system = 0.140625s CPU (74.1%)

PHY-1003 : Routed, final wirelength = 30656
PHY-1001 : Current memory(MB): used = 459, reserve = 435, peak = 459.
PHY-1001 : End export database. 0.005739s wall, 0.000000s user + 0.000000s system = 0.000000s CPU (n/a%)

PHY-1001 : End detail routing;  5.412041s wall, 5.031250s user + 0.093750s system = 5.125000s CPU (94.7%)

RUN-1003 : finish command "route" in  5.785475s wall, 5.312500s user + 0.109375s system = 5.421875s CPU (93.7%)

RUN-1004 : used memory is 417 MB, reserved memory is 394 MB, peak memory is 459 MB
RUN-1002 : start command "report_area -io_info -file responder_phy.area"
RUN-1001 : standard
***Report Model: responder Device: EG4S20BG256***

IO Statistics
#IO                        33
  #input                    7
  #output                  26
  #inout                    0

Utilization Statistics
#lut                      252   out of  19600    1.29%
#reg                      166   out of  19600    0.85%
#le                       269
  #lut only               103   out of    269   38.29%
  #reg only                17   out of    269    6.32%
  #lut&reg                149   out of    269   55.39%
#dsp                        0   out of     29    0.00%
#bram                       0   out of     64    0.00%
  #bram9k                   0
  #fifo9k                   0
#bram32k                    0   out of     16    0.00%
#pad                       33   out of    188   17.55%
  #ireg                     4
  #oreg                    13
  #treg                     0
#pll                        0   out of      4    0.00%
#gclk                       3   out of     16   18.75%

Clock Resource Statistics
Index     ClockNet                 Type               DriverType         Driver                   Fanout
#1        CLK_dup_1                GCLK               io                 CLK_syn_2.di             111
#2        U4/W_DigitronCS_Out_n    GCLK               lslice             U4/reg2_syn_29.f0        8
#3        U4/SingleNum_b_n4        GCLK               mslice             U4/sel1_syn_96.f0        2
#4        U2/CLK1                  GCLK               lslice             U2/CLK1_reg_syn_41.q0    1


Detailed IO Report

        Name           Direction    Location    IOStandard    DriveStrength    PullType    PackReg  
         CLK             INPUT         R7        LVCMOS33          N/A          PULLUP      NONE    
      Key_In[3]          INPUT        F10        LVCMOS33          N/A          PULLUP      IREG    
      Key_In[2]          INPUT        C11        LVCMOS33          N/A          PULLUP      IREG    
      Key_In[1]          INPUT        D11        LVCMOS33          N/A          PULLUP      IREG    
      Key_In[0]          INPUT        E11        LVCMOS33          N/A          PULLUP      IREG    
        RSTn             INPUT         A9        LVCMOS33          N/A          PULLUP      NONE    
      Set_Time           INPUT        A10        LVCMOS33          N/A          PULLUP      NONE    
     Buzzer_Out         OUTPUT        H11        LVCMOS33           8            NONE       OREG    
  DigitronCS_Out[3]     OUTPUT         A3        LVCMOS33           8            NONE       OREG    
  DigitronCS_Out[2]     OUTPUT         A5        LVCMOS33           8            NONE       OREG    
  DigitronCS_Out[1]     OUTPUT         B6        LVCMOS33           8            NONE       OREG    
  DigitronCS_Out[0]     OUTPUT         C9        LVCMOS33           8            NONE       OREG    
   Digitron_Out[7]      OUTPUT         C8        LVCMOS33           8            NONE       NONE    
   Digitron_Out[6]      OUTPUT         A8        LVCMOS33           8            NONE       NONE    
   Digitron_Out[5]      OUTPUT         B5        LVCMOS33           8            NONE       NONE    
   Digitron_Out[4]      OUTPUT         A7        LVCMOS33           8            NONE       NONE    
   Digitron_Out[3]      OUTPUT         E8        LVCMOS33           8            NONE       NONE    
   Digitron_Out[2]      OUTPUT         B8        LVCMOS33           8            NONE       NONE    
   Digitron_Out[1]      OUTPUT         A6        LVCMOS33           8            NONE       NONE    
   Digitron_Out[0]      OUTPUT         A4        LVCMOS33           8            NONE       NONE    
     Key_Row[3]         OUTPUT        E10        LVCMOS33           8            NONE       NONE    
     Key_Row[2]         OUTPUT        C10        LVCMOS33           8            NONE       NONE    
     Key_Row[1]         OUTPUT         F9        LVCMOS33           8            NONE       NONE    
     Key_Row[0]         OUTPUT         D9        LVCMOS33           8            NONE       NONE    
     LED_Out[3]         OUTPUT         C2        LVCMOS33           8            NONE       OREG    
     LED_Out[2]         OUTPUT         C1        LVCMOS33           8            NONE       OREG    
     LED_Out[1]         OUTPUT         E4        LVCMOS33           8            NONE       OREG    
     LED_Out[0]         OUTPUT         D3        LVCMOS33           8            NONE       OREG    
  LED_OverTime_Out      OUTPUT        F16        LVCMOS33           8            NONE       NONE    
     LED_Run[3]         OUTPUT        C15        LVCMOS33           8            NONE       OREG    
     LED_Run[2]         OUTPUT        B16        LVCMOS33           8            NONE       OREG    
     LED_Run[1]         OUTPUT        B15        LVCMOS33           8            NONE       OREG    
     LED_Run[0]         OUTPUT        B14        LVCMOS33           8            NONE       OREG    

Report Hierarchy Area:
+-----------------------------------------------------------------------------------+
|Instance |Module              |le     |lut     |ripple  |seq     |bram    |dsp     |
+-----------------------------------------------------------------------------------+
|top      |responder           |269    |200     |52      |183     |0       |0       |
|  U1     |Sel_module          |58     |48      |7       |36      |0       |0       |
|  U2     |Timer_module        |41     |32      |7       |28      |0       |0       |
|  U3     |Buzzer_module       |34     |18      |6       |24      |0       |0       |
|  U4     |Digitron_NumDisplay |57     |48      |9       |27      |0       |0       |
|  U5     |key_filter          |34     |21      |11      |24      |0       |0       |
|  U6     |led8_module         |45     |33      |12      |27      |0       |0       |
+-----------------------------------------------------------------------------------+


DataNet Average Fanout:

   Index     Fanout    Nets  
    #1         1       204   
    #2         2       161   
    #3         3        11   
    #4         4        3    
    #5        5-10      16   
    #6       11-50      6    
    #7       51-100     1    
  Average     2.07           

RUN-1002 : start command "write_verilog simulation/responder_phy_sim.v"
HDL-1201 : write out verilog file simulation/responder_phy_sim.v
RUN-1002 : start command "export_db responder_pr.db"
RUN-1001 : Exported /
RUN-1001 : Exported flow parameters
RUN-1001 : Exported libs
RUN-1001 : Exported entities
RUN-1001 : Exported ports
RUN-1001 : Exported pins
RUN-1001 : Exported instances
RUN-1001 : Exported nets
RUN-1001 : Exported buses
RUN-1001 : Exported models
RUN-1001 : Exported congestions
RUN-1001 : Exported violations
RUN-1001 : Exported IO constraints
RUN-1001 : Exported Inst constraints
RUN-1002 : start command "start_timer"
TMR-5001 WARNING: No sdc constraints found while initiating timer.
TMR-2505 : Start building timing graph for model responder.
TMR-2506 : Build timing graph completely. Port num: 11, tpin num: 1426, tnet num: 439, tinst num: 177, tnode num: 1830, tedge num: 2406.
TMR-2508 : Levelizing timing graph completed, there are 27 levels in total.
TMR-2501 : Timing graph initialized successfully.
RUN-1002 : start command "report_timing -mode FINAL -net_info -rpt_autogen true -file responder_phy.timing -sdf simulation/responder.sdf"
TMR-2503 : Start to update net delay, extr mode = 6.
TMR-2504 : Update delay of 439 nets completely.
TMR-2502 : Annotate delay completely, extr mode = 6.
TMR-3002 : No user constraint, initiate default constraint.
TMR-1501 : Assign derive clock DeriveClock to 236 clock pins, and constraint 404 relative nodes.
TMR-3003 : Constraints initiated successfully.
TMR-3501 : Forward propagation: start to calculate arrival time...
TMR-3502 : Backward propagation: start to calculate required time...
TMR-3503 : Timing propagation completes.
TMR-3506 : Start to generate timing report.
TMR-1502 : Number of clock constraints = 0. Number of clock nets = 4 (4 unconstrainted).
TMR-5009 WARNING: No clock constraint on 4 clock net(s): 
		CLK_dup_1
		U2/CLK1_syn_4
		U4/SingleNum_b_n4_syn_10
		U4/W_DigitronCS_Out_n_syn_4
TMR-3508 : Export timing summary.
TMR-3507 : Timing report generated successfully in responder_phy.timing, timing summary in responder_phy.tsm.
TMR-1001 : Start to generate SDF file...
RUN-1002 : start command "write_verilog -sdf responder.sdf simulation/responder_phy_sim_sta.v"
HDL-1201 : write out verilog file simulation/responder_phy_sim_sta.v
RUN-1002 : start command "export_bid responder_inst.bid"
RUN-1002 : start command "bitgen -bit responder.bit -unused_io_status pulldown"
BIT-1003 : Start to generate bitstream. 
BIT-1002 : Bitgen processed 155 unused pads, reserve input tri_state with pulldown
BIT-1002 : Init instances with 8 threads.
BIT-1002 : Init instances completely, inst num: 332
BIT-1002 : Init pips with 8 threads.
BIT-1002 : Init pips completely, net num: 441, pip num: 2729
BIT-1002 : Init feedthrough completely, num: 4
BIT-1003 : Multithreading accelaration with 8 threads.
BIT-1003 : Generate bitstream completely, there are 550 valid insts, and 8764 bits set as '1'.
BIT-1004 : PLL setting string = 0000
BIT-1004 : Generate bits file responder.bit.
RUN-1003 : finish command "bitgen -bit responder.bit -unused_io_status pulldown" in  1.678204s wall, 3.484375s user + 0.031250s system = 3.515625s CPU (209.5%)

RUN-1004 : used memory is 427 MB, reserved memory is 404 MB, peak memory is 580 MB
RUN-1002 : start command "backup_run_log run.log ../.logs/phy_1/td_20240727_103804.log"
