============================================================
   Tang Dynasty, V5.6.71036
      Copyright (c) 2012-2023 Anlogic Inc.
   Executable = C:/Anlogic/TD5.6.2/bin/td.exe
   Built at =   20:34:38 Mar 21 2023
   Run by =     Timmy
   Run Date =   Fri Jul 26 17:39:29 2024

   Run on =     DESKTOP-A28VB3Q
============================================================
RUN-1002 : start command "open_project responder.prj"
RUN-1001 : Print Global Property
RUN-1001 : ---------------------------------------------------------------
RUN-1001 :        Parameters        |  Settings  |  Default Values  |  Note  
RUN-1001 : ---------------------------------------------------------------
RUN-1001 :          message         |  standard  |     standard     |        
RUN-1001 :   mixed_pack_place_flow  |     on     |        on        |        
RUN-1001 :        qor_monitor       |    off     |       off        |        
RUN-1001 :        syn_ip_flow       |    off     |       off        |        
RUN-1001 :          thread          |    auto    |       auto       |        
RUN-1001 : ---------------------------------------------------------------
RUN-1001 : Print Design Property
RUN-1001 : --------------------------------------------------------------
RUN-1001 :        Parameters       |  Settings  |  Default Values  |  Note  
RUN-1001 : --------------------------------------------------------------
RUN-1001 :   default_reg_initial   |    auto    |       auto       |        
RUN-1001 :        infer_add        |     on     |        on        |        
RUN-1001 :        infer_fsm        |    off     |       off        |        
RUN-1001 :        infer_mult       |     on     |        on        |        
RUN-1001 :        infer_ram        |     on     |        on        |        
RUN-1001 :        infer_reg        |     on     |        on        |        
RUN-1001 :   infer_reg_init_value  |     on     |        on        |        
RUN-1001 :        infer_rom        |     on     |        on        |        
RUN-1001 :      infer_shifter      |     on     |        on        |        
RUN-1001 : --------------------------------------------------------------
RUN-1001 : Print Rtl Property
RUN-1001 : --------------------------------------------------------------
RUN-1001 :        Parameters       |  Settings  |  Default Values  |  Note  
RUN-1001 : --------------------------------------------------------------
RUN-1001 :       compress_add      |   ripple   |      ripple      |        
RUN-1001 :        elf_sload        |    off     |       off        |        
RUN-1001 :       fix_undriven      |     0      |        0         |        
RUN-1001 :         flatten         |    off     |       off        |        
RUN-1001 :       gate_sharing      |     on     |        on        |        
RUN-1001 :    hdl_warning_level    |   normal   |      normal      |        
RUN-1001 :   impl_internal_tribuf  |     on     |        on        |        
RUN-1001 :      impl_set_reset     |     on     |        on        |        
RUN-1001 :        infer_gsr        |    off     |       off        |        
RUN-1001 :      keep_hierarchy     |    auto    |       auto       |        
RUN-1001 :        max_fanout       |    9999    |       9999       |        
RUN-1001 :      max_oh2bin_len     |     10     |        10        |        
RUN-1001 :       merge_equal       |     on     |        on        |        
RUN-1001 :       merge_equiv       |     on     |        on        |        
RUN-1001 :        merge_mux        |    off     |       off        |        
RUN-1001 :     min_control_set     |     8      |        8         |        
RUN-1001 :      min_ripple_len     |    auto    |       auto       |        
RUN-1001 :       oh2bin_ratio      |    0.08    |       0.08       |        
RUN-1001 :     opt_adder_fanout    |     on     |        on        |        
RUN-1001 :        opt_arith        |     on     |        on        |        
RUN-1001 :       opt_big_gate      |    off     |       off        |        
RUN-1001 :        opt_const        |     on     |        on        |        
RUN-1001 :      opt_const_mult     |     on     |        on        |        
RUN-1001 :       opt_lessthan      |     on     |        on        |        
RUN-1001 :         opt_mux         |    off     |       off        |        
RUN-1001 :         opt_ram         |    high    |       high       |        
RUN-1001 :      rtl_sim_model      |    off     |       off        |        
RUN-1001 :         seq_syn         |     on     |        on        |        
RUN-1001 : --------------------------------------------------------------
HDL-1007 : analyze verilog file ../../responder.v
HDL-1007 : analyze verilog file ../../Sel_module.v
HDL-1007 : analyze verilog file ../../Timer_module.v
HDL-1007 : analyze verilog file ../../Buzzer_module.v
HDL-1007 : analyze verilog file ../../Digitron_NumDisplay.v
HDL-1007 : analyze verilog file ../../key_filter.v
HDL-1007 : analyze verilog file ../../../../1 run_led/run_led/led8_module.v
RUN-1001 : Project manager successfully analyzed 7 source files.
RUN-1002 : start command "import_device eagle_s20.db -package EG4S20BG256"
ARC-1001 : Device Initialization.
ARC-1001 : ------------------------------------------------------------------
ARC-1001 :            OPTION            |          IO          |   SETTING   
ARC-1001 : ------------------------------------------------------------------
ARC-1001 :   cso_b/cclk/mosi/miso/dout  |  T3/R11/T10/P10/S11  |    gpio    
ARC-1001 :             done             |         P13          |    gpio    
ARC-1001 :           program_b          |          T2          |  dedicate  
ARC-1001 :        tdi/tms/tck/tdo       |   C12/A15/C14/E14    |  dedicate  
ARC-1001 : ------------------------------------------------------------------
ARC-1004 : Device setting, marked 5 dedicate IOs in total.
RUN-1002 : start command "import_db ../syn_1/responder_gate.db"
RUN-1001 : Importing database generated by Tang Dynasty, V5.6.71036.
RUN-1001 : Database version number 46146.
RUN-1001 : Import flow parameters
RUN-1001 : Import IO constraints
RUN-1001 : Import Inst constraints
RUN-1001 : Import design success TD_VERSION=5.6.71036 , DB_VERSION=46146
RUN-1002 : start command "place"
RUN-1001 : Open license file C:/Anlogic/TD5.6.2/license/Anlogic.lic
RUN-1001 : Print Global Property
RUN-1001 : ---------------------------------------------------------------
RUN-1001 :        Parameters        |  Settings  |  Default Values  |  Note  
RUN-1001 : ---------------------------------------------------------------
RUN-1001 :          message         |  standard  |     standard     |        
RUN-1001 :   mixed_pack_place_flow  |     on     |        on        |        
RUN-1001 :        qor_monitor       |    off     |       off        |        
RUN-1001 :        syn_ip_flow       |    off     |       off        |        
RUN-1001 :          thread          |    auto    |       auto       |        
RUN-1001 : ---------------------------------------------------------------
RUN-1001 : Print Place Property
RUN-1001 : --------------------------------------------------------------
RUN-1001 :        Parameters       |  Settings  |  Default Values  |  Note  
RUN-1001 : --------------------------------------------------------------
RUN-1001 :      detailed_place     |     on     |        on        |        
RUN-1001 :          effort         |   medium   |      medium      |        
RUN-1001 :         fix_hold        |    off     |       off        |        
RUN-1001 :       legalization      |    ori     |       ori        |        
RUN-1001 :      new_spreading      |     on     |        on        |        
RUN-1001 :        opt_timing       |   medium   |      medium      |        
RUN-1001 :   post_clock_route_opt  |    off     |       off        |        
RUN-1001 :       pr_strategy       |     1      |        1         |        
RUN-1001 :        relaxation       |    1.00    |       1.00       |        
RUN-1001 :         retiming        |    off     |       off        |        
RUN-1001 : --------------------------------------------------------------
PHY-3001 : Placer runs in 8 thread(s).
RUN-1002 : start command "legalize_phy_inst"
SYN-1011 : Flatten model responder
RUN-1002 : start command "phys_opt -simplify_lut"
SYN-4024 : Net "CLK_dup_1" drives clk pins.
SYN-4024 : Net "U4/W_Digitron_Out_n" drives clk pins.
SYN-4024 : Net "U2/CLK1" drives clk pins.
SYN-4024 : Net "U4/W_DigitronCS_Out_n" drives clk pins.
SYN-4024 : Net "U4/SingleNum_b_n4" drives clk pins.
SYN-4025 : Tag rtl::Net CLK_dup_1 as clock net
SYN-4025 : Tag rtl::Net U2/CLK1 as clock net
SYN-4025 : Tag rtl::Net U4/SingleNum_b_n4 as clock net
SYN-4025 : Tag rtl::Net U4/W_DigitronCS_Out_n as clock net
SYN-4025 : Tag rtl::Net U4/W_Digitron_Out_n as clock net
SYN-4026 : Tagged 5 rtl::Net as clock net
SYN-4015 : Create BUFG instance for clk Net U2/CLK1 to drive 11 clock pins.
SYN-4015 : Create BUFG instance for clk Net U4/W_DigitronCS_Out_n to drive 8 clock pins.
SYN-4015 : Create BUFG instance for clk Net U4/W_Digitron_Out_n to drive 7 clock pins.
SYN-4015 : Create BUFG instance for clk Net U4/SingleNum_b_n4 to drive 4 clock pins.
PHY-1001 : Populate physical database on model responder.
RUN-1001 : There are total 406 instances
RUN-0007 : 172 luts, 142 seqs, 32 mslices, 20 lslices, 33 pads, 0 brams, 0 dsps
RUN-1001 : There are total 537 nets
RUN-1001 : 310 nets have 2 pins
RUN-1001 : 187 nets have [3 - 5] pins
RUN-1001 : 27 nets have [6 - 10] pins
RUN-1001 : 7 nets have [11 - 20] pins
RUN-1001 : 4 nets have [21 - 99] pins
RUN-1001 : 2 nets have 100+ pins
RUN-1001 : Report Control nets information:
RUN-1001 : DFF Distribution
RUN-1001 : ----------------------------------
RUN-1001 :   CE   |  SSR  |  ASR  |  DFF Count  
RUN-1001 : ----------------------------------
RUN-1001 :   No   |  No   |  No   |     28      
RUN-1001 :   No   |  No   |  Yes  |     52      
RUN-1001 :   No   |  Yes  |  No   |     29      
RUN-1001 :   Yes  |  No   |  No   |      0      
RUN-1001 :   Yes  |  No   |  Yes  |     33      
RUN-1001 :   Yes  |  Yes  |  No   |      0      
RUN-1001 : ----------------------------------
RUN-0007 : Control Group Statistic
RUN-0007 : ---------------------------
RUN-0007 :   #CLK  |  #CE  |  #SSR/ASR  
RUN-0007 : ---------------------------
RUN-0007 :    4    |   3   |     5      
RUN-0007 : ---------------------------
RUN-0007 : Control Set = 10
PHY-3001 : Initial placement ...
PHY-3001 : design contains 404 instances, 172 luts, 142 seqs, 52 slices, 6 macros(52 instances: 32 mslices 20 lslices)
PHY-0007 : Cell area utilization is 1%
PHY-3001 : Global placement ...
PHY-3001 : Initial: Len = 117013
PHY-3001 : Clustering ...
PHY-3001 : Level 0 #clusters 404.
PHY-3001 : End clustering;  0.000012s wall, 0.000000s user + 0.000000s system = 0.000000s CPU (n/a%)

PHY-3001 : Run with size of 4
PHY-3001 : Cell area utilization is 1%
PHY-3001 : :::0::: Try harder cell spreading with beta_ = 0
PHY-3002 : Step(1): len = 73799.8, overlap = 0
PHY-3002 : Step(2): len = 48379.5, overlap = 0
PHY-3002 : Step(3): len = 37366.6, overlap = 0
PHY-3002 : Step(4): len = 29109.2, overlap = 0
PHY-3002 : Step(5): len = 24334.3, overlap = 0
PHY-3002 : Step(6): len = 24089.5, overlap = 0
PHY-3002 : Step(7): len = 22072.1, overlap = 0
PHY-3002 : Step(8): len = 20452.3, overlap = 0
PHY-3002 : Step(9): len = 21104.6, overlap = 0
PHY-3002 : Step(10): len = 18372.9, overlap = 0
PHY-3002 : Step(11): len = 17521.2, overlap = 0
PHY-3002 : Step(12): len = 17435.1, overlap = 0
PHY-3002 : Step(13): len = 15909, overlap = 0
PHY-3002 : Step(14): len = 16146.5, overlap = 0
PHY-3002 : Step(15): len = 15789.7, overlap = 0
PHY-3002 : Step(16): len = 15587.3, overlap = 0
PHY-3002 : Step(17): len = 14968, overlap = 0
PHY-3002 : Step(18): len = 14582.3, overlap = 0
PHY-3002 : Step(19): len = 14282.9, overlap = 0
PHY-3002 : Step(20): len = 14060.5, overlap = 0
PHY-3002 : Step(21): len = 13906.2, overlap = 0
PHY-3002 : Step(22): len = 14056.2, overlap = 0
PHY-3002 : Step(23): len = 13403.1, overlap = 0
PHY-3002 : Step(24): len = 12782.3, overlap = 0
PHY-3002 : Step(25): len = 12909.6, overlap = 0
PHY-3002 : Step(26): len = 12080.8, overlap = 0
PHY-3002 : Step(27): len = 11345.1, overlap = 0
PHY-3002 : Step(28): len = 11359.9, overlap = 0
PHY-3002 : Step(29): len = 10832.4, overlap = 0
PHY-3002 : Step(30): len = 10274.3, overlap = 0
PHY-3002 : Step(31): len = 10195.6, overlap = 0
PHY-3002 : Step(32): len = 9611.8, overlap = 0
PHY-3002 : Step(33): len = 9842.6, overlap = 0
PHY-3002 : Step(34): len = 9302.7, overlap = 0
PHY-3002 : Step(35): len = 8935.4, overlap = 0
PHY-3002 : Step(36): len = 9047.6, overlap = 0
PHY-3002 : Step(37): len = 8588.4, overlap = 0
PHY-3002 : Step(38): len = 8589.8, overlap = 0
PHY-3002 : Step(39): len = 8779.5, overlap = 0
PHY-3002 : Step(40): len = 9070.5, overlap = 0
PHY-3002 : Step(41): len = 8337.2, overlap = 0
PHY-3002 : Step(42): len = 8459.3, overlap = 0
PHY-3002 : Step(43): len = 8251.9, overlap = 0
PHY-3002 : Step(44): len = 8689.4, overlap = 0
PHY-3002 : Step(45): len = 8123.2, overlap = 0
PHY-3002 : Step(46): len = 7564, overlap = 0
PHY-3002 : Step(47): len = 7672.2, overlap = 0
PHY-3002 : Step(48): len = 7789.9, overlap = 0
PHY-3001 : Legalization ...
PHY-3001 : End legalization;  0.006228s wall, 0.000000s user + 0.000000s system = 0.000000s CPU (n/a%)

PHY-3001 : Run with size of 4
PHY-3001 : Cell area utilization is 1%
PHY-3001 : :::0::: Try harder cell spreading with beta_ = 0
PHY-3002 : Step(49): len = 7007.3, overlap = 0
PHY-3002 : Step(50): len = 7033.8, overlap = 0
PHY-3002 : Step(51): len = 7085.4, overlap = 0
PHY-3002 : Step(52): len = 7149.3, overlap = 0
PHY-3002 : Step(53): len = 7074.1, overlap = 0
PHY-3002 : Step(54): len = 7040, overlap = 0
PHY-3002 : Step(55): len = 7061.1, overlap = 0
PHY-3002 : Step(56): len = 6946, overlap = 0
PHY-3002 : Step(57): len = 7043.3, overlap = 0
PHY-3002 : Step(58): len = 7204.9, overlap = 0
PHY-3002 : Step(59): len = 7358.4, overlap = 0
PHY-3002 : Step(60): len = 7156.1, overlap = 0
PHY-3002 : Step(61): len = 7069.6, overlap = 0
PHY-3002 : Step(62): len = 7134.6, overlap = 0
PHY-3002 : Step(63): len = 7093.9, overlap = 0
PHY-3002 : Step(64): len = 7033.8, overlap = 0
PHY-3002 : Step(65): len = 6902, overlap = 0
PHY-3002 : Step(66): len = 6987.5, overlap = 0
PHY-3002 : Step(67): len = 6834.4, overlap = 0
PHY-3002 : Step(68): len = 6943.1, overlap = 0
PHY-3002 : Step(69): len = 6961.5, overlap = 0
PHY-3002 : Step(70): len = 6664.7, overlap = 0
PHY-3002 : Step(71): len = 6699.3, overlap = 0
PHY-3002 : Step(72): len = 6792.1, overlap = 0
PHY-3002 : Step(73): len = 6803.9, overlap = 0
PHY-3002 : Step(74): len = 6676.2, overlap = 0
PHY-3002 : Step(75): len = 6701, overlap = 0
PHY-3001 : Run with size of 2
PHY-3001 : Cell area utilization is 1%
PHY-3001 : :::0::: Try harder cell spreading with beta_ = 0.0185958
PHY-3002 : Step(76): len = 6345, overlap = 1.25
PHY-3002 : Step(77): len = 6251, overlap = 1.21875
PHY-3002 : Step(78): len = 6251, overlap = 1.21875
OPT-1001 : Start physical optimization ...
OPT-1001 : Total overflow 12.59 peak overflow 1.81
OPT-1001 : Start high-fanout net optimization ...
OPT-1001 : Update timing in global mode
PHY-1001 : Start incremental global routing, caller is place ...
RUN-1001 : Generating global routing grids ...
RUN-1001 : Building simple global routing graph ...
PHY-1001 : Generate routing nets ...
PHY-1001 : Reuse net number 0/537.
PHY-1001 : Global iterations in 8 thread ...
PHY-1002 : len = 6528, over cnt = 22(0%), over = 50, worst = 7
PHY-1001 : End global iterations;  0.023312s wall, 0.000000s user + 0.000000s system = 0.000000s CPU (n/a%)

PHY-1001 : Congestion index: top1 = 11.12, top5 = 4.56, top10 = 2.31, top15 = 1.54.
PHY-1001 : End incremental global routing;  0.077638s wall, 0.000000s user + 0.000000s system = 0.000000s CPU (n/a%)

RUN-1002 : start command "start_timer -report"
TMR-5001 WARNING: No sdc constraints found while initiating timer.
TMR-2505 : Start building timing graph for model responder.
TMR-2506 : Build timing graph completely. Port num: 11, tpin num: 1850, tnet num: 535, tinst num: 404, tnode num: 2403, tedge num: 2973.
TMR-2508 : Levelizing timing graph completed, there are 29 levels in total.
TMR-2501 : Timing graph initialized successfully.
OPT-1001 : End timing update;  0.244888s wall, 0.140625s user + 0.000000s system = 0.140625s CPU (57.4%)

OPT-1001 : 0 high-fanout net processed.
OPT-1001 : End high-fanout net optimization;  0.327491s wall, 0.140625s user + 0.000000s system = 0.140625s CPU (42.9%)

OPT-1001 : Current memory(MB): used = 136, reserve = 107, peak = 136.
OPT-1001 : End physical optimization;  0.333831s wall, 0.156250s user + 0.000000s system = 0.156250s CPU (46.8%)

PHY-3001 : Start packing ...
SYN-4007 : Packing 0 MUX to BLE ...
SYN-4008 : Packed 0 MUX and 0 SEQ to BLE.
SYN-4007 : Packing 172 LUT to BLE ...
SYN-4008 : Packed 172 LUT and 80 SEQ to BLE.
SYN-4003 : Packing 62 remaining SEQ's ...
SYN-4005 : Packed 43 SEQ with LUT/SLICE
SYN-4006 : 55 single LUT's are left
SYN-4006 : 19 single SEQ's are left
SYN-4011 : Packing model "responder" (AL_USER_NORMAL) with 191/283 primitive instances ...
PHY-3001 : End packing;  0.011955s wall, 0.015625s user + 0.000000s system = 0.015625s CPU (130.7%)

PHY-1001 : Populate physical database on model responder.
RUN-1001 : There are total 196 instances
RUN-1001 : 78 mslices, 78 lslices, 33 pads, 0 brams, 0 dsps
RUN-1001 : There are total 466 nets
RUN-1001 : 245 nets have 2 pins
RUN-1001 : 181 nets have [3 - 5] pins
RUN-1001 : 29 nets have [6 - 10] pins
RUN-1001 : 7 nets have [11 - 20] pins
RUN-1001 : 2 nets have [21 - 99] pins
RUN-1001 : 2 nets have 100+ pins
PHY-3001 : design contains 194 instances, 156 slices, 6 macros(52 instances: 32 mslices 20 lslices)
PHY-3001 : Cell area utilization is 2%
PHY-3001 : After packing: Len = 6660, Over = 5.5
PHY-3001 : Run with size of 2
PHY-3001 : Cell area utilization is 2%
PHY-3001 : :::0::: Try harder cell spreading with beta_ = 0.00045382
PHY-3002 : Step(79): len = 6445.8, overlap = 5.25
PHY-3002 : Step(80): len = 6346.4, overlap = 5.25
PHY-3002 : Step(81): len = 6244.3, overlap = 5.25
PHY-3001 : Legalization ...
PHY-3001 : End legalization;  0.051996s wall, 0.015625s user + 0.000000s system = 0.015625s CPU (30.1%)

PHY-3001 : Trial Legalized: Len = 9796.2
PHY-3001 : Run with size of 2
PHY-3001 : Cell area utilization is 2%
PHY-3001 : :::0::: Try harder cell spreading with beta_ = 0
PHY-3002 : Step(82): len = 7622.2, overlap = 2.25
PHY-3002 : Step(83): len = 6866.9, overlap = 3.75
PHY-3002 : Step(84): len = 6456.6, overlap = 4.25
PHY-3002 : Step(85): len = 6380.5, overlap = 4.25
PHY-3002 : Step(86): len = 6374.5, overlap = 4.25
PHY-3002 : Step(87): len = 6394, overlap = 4.75
PHY-3002 : Step(88): len = 6382.3, overlap = 4.75
PHY-3002 : Step(89): len = 6326.3, overlap = 4.75
PHY-3002 : Step(90): len = 6286.2, overlap = 4.75
PHY-3002 : Step(91): len = 6217.9, overlap = 5
PHY-3002 : Step(92): len = 6121.1, overlap = 5.25
PHY-3002 : Step(93): len = 6121.1, overlap = 5.25
PHY-3002 : Step(94): len = 6021.6, overlap = 5.25
PHY-3002 : Step(95): len = 6041.3, overlap = 5.25
PHY-3002 : Step(96): len = 6041.3, overlap = 5.25
PHY-3001 : Legalization ...
PHY-3001 : End legalization;  0.005073s wall, 0.000000s user + 0.000000s system = 0.000000s CPU (n/a%)

PHY-3001 : Legalized: Len = 8337.1, Over = 0
PHY-3001 : End spreading;  0.003432s wall, 0.000000s user + 0.000000s system = 0.000000s CPU (n/a%)

PHY-3001 : Final: Len = 8337.1, Over = 0
OPT-1001 : Start physical optimization ...
OPT-1001 : Total overflow 0.00 peak overflow 0.00
OPT-1001 : Start high-fanout net optimization ...
OPT-1001 : Update timing in global mode
PHY-1001 : Start incremental global routing, caller is place ...
RUN-1001 : Generating global routing grids ...
PHY-1001 : Generate routing nets ...
PHY-1001 : Reuse net number 29/466.
PHY-1001 : Global iterations in 8 thread ...
PHY-1002 : len = 9400, over cnt = 32(0%), over = 58, worst = 5
PHY-1002 : len = 9696, over cnt = 24(0%), over = 33, worst = 5
PHY-1002 : len = 10104, over cnt = 6(0%), over = 6, worst = 1
PHY-1002 : len = 10176, over cnt = 0(0%), over = 0, worst = 0
PHY-1001 : End global iterations;  0.048940s wall, 0.000000s user + 0.000000s system = 0.000000s CPU (n/a%)

PHY-1001 : Congestion index: top1 = 17.31, top5 = 7.15, top10 = 3.75, top15 = 2.50.
PHY-1001 : End incremental global routing;  0.098303s wall, 0.031250s user + 0.000000s system = 0.031250s CPU (31.8%)

RUN-1002 : start command "start_timer -report"
TMR-5001 WARNING: No sdc constraints found while initiating timer.
TMR-2505 : Start building timing graph for model responder.
TMR-2506 : Build timing graph completely. Port num: 11, tpin num: 1596, tnet num: 464, tinst num: 194, tnode num: 2038, tedge num: 2682.
TMR-2508 : Levelizing timing graph completed, there are 27 levels in total.
TMR-2501 : Timing graph initialized successfully.
OPT-1001 : End timing update;  0.216395s wall, 0.125000s user + 0.000000s system = 0.125000s CPU (57.8%)

OPT-1001 : 0 high-fanout net processed.
OPT-1001 : End high-fanout net optimization;  0.319833s wall, 0.156250s user + 0.000000s system = 0.156250s CPU (48.9%)

OPT-1001 : Current memory(MB): used = 137, reserve = 109, peak = 137.
OPT-1001 : Update timing in Manhattan mode
OPT-1001 : End timing update;  0.000318s wall, 0.000000s user + 0.000000s system = 0.000000s CPU (n/a%)

OPT-1001 : Start pin optimization...
OPT-1001 : skip pin optimization...
RUN-1001 : Generating global routing grids ...
PHY-1001 : Generate routing nets ...
PHY-1001 : Reuse net number 361/466.
PHY-1001 : Global iterations in 8 thread ...
PHY-1002 : len = 10176, over cnt = 0(0%), over = 0, worst = 0
PHY-1001 : End global iterations;  0.001997s wall, 0.000000s user + 0.000000s system = 0.000000s CPU (n/a%)

PHY-1001 : Congestion index: top1 = 17.31, top5 = 7.15, top10 = 3.75, top15 = 2.50.
OPT-1001 : Update timing in Manhattan mode
OPT-1001 : End timing update;  0.000531s wall, 0.000000s user + 0.000000s system = 0.000000s CPU (n/a%)

RUN-1001 : QoR Analysis:
OPT-0007 :   WNS 2147483647 TNS 0 NUM_FEPS 0
RUN-1001 :   No local congestion issue, and most congested 1% tile average routing util is 16.758621
RUN-1001 :   Top critical paths
OPT-1001 : End physical optimization;  0.372685s wall, 0.203125s user + 0.000000s system = 0.203125s CPU (54.5%)

RUN-1003 : finish command "place" in  2.286224s wall, 0.968750s user + 0.343750s system = 1.312500s CPU (57.4%)

RUN-1004 : used memory is 129 MB, reserved memory is 100 MB, peak memory is 138 MB
RUN-1002 : start command "export_db responder_place.db"
RUN-1001 : Exported /
RUN-1001 : Exported flow parameters
RUN-1001 : Exported libs
RUN-1001 : Exported entities
RUN-1001 : Exported ports
RUN-1001 : Exported pins
RUN-1001 : Exported instances
RUN-1001 : Exported nets
RUN-1001 : Exported buses
RUN-1001 : Exported models
RUN-1001 : Exported congestions
RUN-1001 : Exported violations
RUN-1001 : Exported IO constraints
RUN-1001 : Exported Inst constraints
RUN-1002 : start command "route"
RUN-1001 : Open license file C:/Anlogic/TD5.6.2/license/Anlogic.lic
RUN-1001 : Print Global Property
RUN-1001 : ---------------------------------------------------------------
RUN-1001 :        Parameters        |  Settings  |  Default Values  |  Note  
RUN-1001 : ---------------------------------------------------------------
RUN-1001 :          message         |  standard  |     standard     |        
RUN-1001 :   mixed_pack_place_flow  |     on     |        on        |        
RUN-1001 :        qor_monitor       |    off     |       off        |        
RUN-1001 :        syn_ip_flow       |    off     |       off        |        
RUN-1001 :          thread          |    auto    |       auto       |        
RUN-1001 : ---------------------------------------------------------------
RUN-1002 : start command "set_param route phy_sim_model on"
RUN-1001 : Print Route Property
RUN-1001 : -------------------------------------------------------
RUN-1001 :    Parameters    |  Settings  |  Default Values  |  Note  
RUN-1001 : -------------------------------------------------------
RUN-1001 :      effort      |   medium   |      medium      |        
RUN-1001 :     fix_hold     |    off     |       off        |        
RUN-1001 :    opt_timing    |   medium   |      medium      |        
RUN-1001 :   phy_sim_model  |     on     |       off        |   *    
RUN-1001 :     priority     |   timing   |      timing      |        
RUN-1001 :     swap_pin     |     on     |        on        |        
RUN-1001 : -------------------------------------------------------
PHY-1001 : Route runs in 8 thread(s)
RUN-1001 : There are total 196 instances
RUN-1001 : 78 mslices, 78 lslices, 33 pads, 0 brams, 0 dsps
RUN-1001 : There are total 466 nets
RUN-1001 : 245 nets have 2 pins
RUN-1001 : 181 nets have [3 - 5] pins
RUN-1001 : 29 nets have [6 - 10] pins
RUN-1001 : 7 nets have [11 - 20] pins
RUN-1001 : 2 nets have [21 - 99] pins
RUN-1001 : 2 nets have 100+ pins
RUN-1002 : start command "start_timer -report"
TMR-5001 WARNING: No sdc constraints found while initiating timer.
TMR-2505 : Start building timing graph for model responder.
TMR-2506 : Build timing graph completely. Port num: 11, tpin num: 1596, tnet num: 464, tinst num: 194, tnode num: 2038, tedge num: 2682.
TMR-2508 : Levelizing timing graph completed, there are 27 levels in total.
TMR-2501 : Timing graph initialized successfully.
PHY-1001 : 78 mslices, 78 lslices, 33 pads, 0 brams, 0 dsps
TMR-2503 : Start to update net delay, extr mode = 3.
TMR-2504 : Update delay of 464 nets completely.
TMR-2502 : Annotate delay completely, extr mode = 3.
TMR-3002 : No user constraint, initiate default constraint.
TMR-1501 : Assign derive clock DeriveClock to 262 clock pins, and constraint 442 relative nodes.
TMR-3003 : Constraints initiated successfully.
TMR-3501 : Forward propagation: start to calculate arrival time...
TMR-3502 : Backward propagation: start to calculate required time...
TMR-3503 : Timing propagation completes.
PHY-1001 : Start global routing, caller is route ...
RUN-1001 : Generating global routing grids ...
PHY-1001 : Generate routing nets ...
PHY-1001 : Global iterations in 8 thread ...
PHY-1002 : len = 9360, over cnt = 32(0%), over = 59, worst = 5
PHY-1002 : len = 9656, over cnt = 24(0%), over = 34, worst = 5
PHY-1002 : len = 10144, over cnt = 0(0%), over = 0, worst = 0
PHY-1001 : End global iterations;  0.046530s wall, 0.000000s user + 0.000000s system = 0.000000s CPU (n/a%)

PHY-1001 : Congestion index: top1 = 17.24, top5 = 7.16, top10 = 3.74, top15 = 2.49.
PHY-1001 : End global routing;  0.092676s wall, 0.015625s user + 0.000000s system = 0.015625s CPU (16.9%)

PHY-1001 : Start detail routing ...
PHY-1001 : Current memory(MB): used = 156, reserve = 127, peak = 158.
PHY-1001 : Detailed router is running in normal mode.
PHY-1001 : Generate detailed routing grids ...
PHY-1001 : Processed IO instance DigitronCS_Out[3]_syn_2 with INV attribute.
PHY-1001 : Processed IO instance DigitronCS_Out[2]_syn_2 with INV attribute.
PHY-1001 : Processed IO instance DigitronCS_Out[1]_syn_2 with INV attribute.
PHY-1001 : Processed IO instance DigitronCS_Out[0]_syn_2 with INV attribute.
PHY-1001 : Processed IO instance Digitron_Out[6]_syn_2 with INV attribute.
PHY-1001 : Processed IO instance Digitron_Out[5]_syn_2 with INV attribute.
PHY-1001 : Processed IO instance Digitron_Out[4]_syn_2 with INV attribute.
PHY-1001 : Processed IO instance Digitron_Out[3]_syn_2 with INV attribute.
PHY-1001 : Processed IO instance Digitron_Out[2]_syn_2 with INV attribute.
PHY-1001 : Processed IO instance Digitron_Out[1]_syn_2 with INV attribute.
PHY-1001 : Processed IO instance Digitron_Out[0]_syn_2 with INV attribute.
PHY-1001 : Generate nets ...
PHY-1001 : net CLK_dup_1 will be routed on clock mesh
PHY-1001 : clock net U2/CLK1_syn_4 will be merged with clock U2/CLK1
PHY-1001 : clock net U4/SingleNum_b_n4_syn_10 will be merged with clock U4/SingleNum_b_n4
PHY-1001 : clock net U4/W_DigitronCS_Out_n_syn_4 will be merged with clock U4/W_DigitronCS_Out_n
PHY-1001 : clock net U4/W_Digitron_Out_n_syn_2 will be merged with clock U4/W_Digitron_Out_n
PHY-1001 : Current memory(MB): used = 419, reserve = 395, peak = 419.
PHY-1001 : End build detailed router design. 4.108576s wall, 2.312500s user + 0.046875s system = 2.359375s CPU (57.4%)

PHY-1001 : Detail Route ...
PHY-1001 : ===== Detail Route Phase 1 =====
PHY-1001 : Clock net routing.....
PHY-1001 : Routed 1% nets.
PHY-1022 : len = 15328, over cnt = 0(0%), over = 0, worst = 0, crit = 0
PHY-1001 : End initial clock net routed; 1.577126s wall, 0.843750s user + 0.000000s system = 0.843750s CPU (53.5%)

PHY-1001 : Current memory(MB): used = 450, reserve = 426, peak = 450.
PHY-1001 : End phase 1; 1.584067s wall, 0.859375s user + 0.000000s system = 0.859375s CPU (54.3%)

PHY-1001 : ===== Detail Route Phase 2 =====
PHY-1001 : Initial routing.....
PHY-1001 : Routed 32% nets.
PHY-1001 : Routed 37% nets.
PHY-1001 : Routed 51% nets.
PHY-1001 : Routed 63% nets.
PHY-1001 : Routed 81% nets.
PHY-1022 : len = 35264, over cnt = 13(0%), over = 13, worst = 1, crit = 0
PHY-1001 : Current memory(MB): used = 450, reserve = 426, peak = 450.
PHY-1001 : End initial routed; 0.225005s wall, 0.046875s user + 0.000000s system = 0.046875s CPU (20.8%)

PHY-1001 : Current memory(MB): used = 450, reserve = 426, peak = 450.
PHY-1001 : End phase 2; 0.225075s wall, 0.046875s user + 0.000000s system = 0.046875s CPU (20.8%)

PHY-1001 : ===== Detail Route Phase 3 =====
PHY-1001 : Ripup-reroute.....
PHY-1001 : ===== DR Iter 1 =====
PHY-1022 : len = 35264, over cnt = 3(0%), over = 3, worst = 1, crit = 0
PHY-1001 : End DR Iter 1; 0.018735s wall, 0.000000s user + 0.000000s system = 0.000000s CPU (n/a%)

PHY-1001 : ===== DR Iter 2 =====
PHY-1022 : len = 35320, over cnt = 0(0%), over = 0, worst = 0, crit = 0
PHY-1001 : End DR Iter 2; 0.012878s wall, 0.000000s user + 0.000000s system = 0.000000s CPU (n/a%)

PHY-1001 : Commit to database.....
PHY-1001 : 2 feed throughs used by 2 nets
PHY-1001 : End commit to database; 0.058839s wall, 0.015625s user + 0.000000s system = 0.015625s CPU (26.6%)

PHY-1001 : Current memory(MB): used = 460, reserve = 436, peak = 460.
PHY-1001 : End phase 3; 0.218905s wall, 0.093750s user + 0.000000s system = 0.093750s CPU (42.8%)

PHY-1003 : Routed, final wirelength = 35320
PHY-1001 : Current memory(MB): used = 460, reserve = 436, peak = 460.
PHY-1001 : End export database. 0.007085s wall, 0.015625s user + 0.000000s system = 0.015625s CPU (220.5%)

PHY-1001 : End detail routing;  6.370521s wall, 3.375000s user + 0.046875s system = 3.421875s CPU (53.7%)

RUN-1003 : finish command "route" in  6.757154s wall, 3.500000s user + 0.046875s system = 3.546875s CPU (52.5%)

RUN-1004 : used memory is 416 MB, reserved memory is 392 MB, peak memory is 460 MB
RUN-1002 : start command "report_area -io_info -file responder_phy.area"
RUN-1001 : standard
***Report Model: responder Device: EG4S20BG256***

IO Statistics
#IO                        33
  #input                    7
  #output                  26
  #inout                    0

Utilization Statistics
#lut                      278   out of  19600    1.42%
#reg                      177   out of  19600    0.90%
#le                       297
  #lut only               120   out of    297   40.40%
  #reg only                19   out of    297    6.40%
  #lut&reg                158   out of    297   53.20%
#dsp                        0   out of     29    0.00%
#bram                       0   out of     64    0.00%
  #bram9k                   0
  #fifo9k                   0
#bram32k                    0   out of     16    0.00%
#pad                       33   out of    188   17.55%
  #ireg                     4
  #oreg                    21
  #treg                     0
#pll                        0   out of      4    0.00%
#gclk                       4   out of     16   25.00%

Clock Resource Statistics
Index     ClockNet                 Type               DriverType         Driver                   Fanout
#1        CLK_dup_1                GCLK               io                 CLK_syn_2.di             116
#2        U2/CLK1                  GCLK               lslice             U2/CLK1_reg_syn_30.q0    9
#3        U4/W_DigitronCS_Out_n    GCLK               mslice             U4/reg2_syn_25.f1        8
#4        U4/W_Digitron_Out_n      GCLK               mslice             U4/mux1_syn_5.f0         7
#5        U4/SingleNum_b_n4        GCLK               mslice             U4/sel2_syn_69.f0        2


Detailed IO Report

        Name           Direction    Location    IOStandard    DriveStrength    PullType    PackReg  
         CLK             INPUT         R7        LVCMOS33          N/A          PULLUP      NONE    
      Key_In[3]          INPUT        F10        LVCMOS33          N/A          PULLUP      IREG    
      Key_In[2]          INPUT        C11        LVCMOS33          N/A          PULLUP      IREG    
      Key_In[1]          INPUT        D11        LVCMOS33          N/A          PULLUP      IREG    
      Key_In[0]          INPUT        E11        LVCMOS33          N/A          PULLUP      IREG    
        RSTn             INPUT         A9        LVCMOS33          N/A          PULLUP      NONE    
        Start            INPUT        A10        LVCMOS33          N/A          PULLUP      NONE    
     Buzzer_Out         OUTPUT        H11        LVCMOS33           8            NONE       OREG    
  DigitronCS_Out[3]     OUTPUT         A3        LVCMOS33           8            NONE       OREG    
  DigitronCS_Out[2]     OUTPUT         A5        LVCMOS33           8            NONE       OREG    
  DigitronCS_Out[1]     OUTPUT         B6        LVCMOS33           8            NONE       OREG    
  DigitronCS_Out[0]     OUTPUT         C9        LVCMOS33           8            NONE       OREG    
   Digitron_Out[7]      OUTPUT         C8        LVCMOS33           8            NONE       NONE    
   Digitron_Out[6]      OUTPUT         A8        LVCMOS33           8            NONE       OREG    
   Digitron_Out[5]      OUTPUT         B5        LVCMOS33           8            NONE       OREG    
   Digitron_Out[4]      OUTPUT         A7        LVCMOS33           8            NONE       OREG    
   Digitron_Out[3]      OUTPUT         E8        LVCMOS33           8            NONE       OREG    
   Digitron_Out[2]      OUTPUT         B8        LVCMOS33           8            NONE       OREG    
   Digitron_Out[1]      OUTPUT         A6        LVCMOS33           8            NONE       OREG    
   Digitron_Out[0]      OUTPUT         A4        LVCMOS33           8            NONE       OREG    
     Key_Row[3]         OUTPUT        E10        LVCMOS33           8            NONE       NONE    
     Key_Row[2]         OUTPUT        C10        LVCMOS33           8            NONE       NONE    
     Key_Row[1]         OUTPUT         F9        LVCMOS33           8            NONE       NONE    
     Key_Row[0]         OUTPUT         D9        LVCMOS33           8            NONE       NONE    
     LED_Out[3]         OUTPUT         C2        LVCMOS33           8            NONE       OREG    
     LED_Out[2]         OUTPUT         C1        LVCMOS33           8            NONE       OREG    
     LED_Out[1]         OUTPUT         E4        LVCMOS33           8            NONE       OREG    
     LED_Out[0]         OUTPUT         D3        LVCMOS33           8            NONE       OREG    
  LED_OverTime_Out      OUTPUT        F16        LVCMOS33           8            NONE       OREG    
     LED_Run[3]         OUTPUT        C15        LVCMOS33           8            NONE       OREG    
     LED_Run[2]         OUTPUT        B16        LVCMOS33           8            NONE       OREG    
     LED_Run[1]         OUTPUT        B15        LVCMOS33           8            NONE       OREG    
     LED_Run[0]         OUTPUT        B14        LVCMOS33           8            NONE       OREG    

Report Hierarchy Area:
+-----------------------------------------------------------------------------------+
|Instance |Module              |le     |lut     |ripple  |seq     |bram    |dsp     |
+-----------------------------------------------------------------------------------+
|top      |responder           |297    |226     |52      |202     |0       |0       |
|  U1     |Sel_module          |64     |51      |7       |38      |0       |0       |
|  U2     |Timer_module        |53     |43      |7       |36      |0       |0       |
|  U3     |Buzzer_module       |39     |24      |6       |27      |0       |0       |
|  U4     |Digitron_NumDisplay |59     |50      |9       |26      |0       |0       |
|  U5     |key_filter          |33     |21      |11      |22      |0       |0       |
|  U6     |led8_module         |49     |37      |12      |28      |0       |0       |
+-----------------------------------------------------------------------------------+


DataNet Average Fanout:

   Index     Fanout    Nets  
    #1         1       212   
    #2         2       148   
    #3         3        23   
    #4         4        9    
    #5        5-10      26   
    #6       11-50      7    
    #7       51-100     1    
  Average     2.25           

RUN-1002 : start command "write_verilog simulation/responder_phy_sim.v"
HDL-1201 : write out verilog file simulation/responder_phy_sim.v
RUN-1002 : start command "export_db responder_pr.db"
RUN-1001 : Exported /
RUN-1001 : Exported flow parameters
RUN-1001 : Exported libs
RUN-1001 : Exported entities
RUN-1001 : Exported ports
RUN-1001 : Exported pins
RUN-1001 : Exported instances
RUN-1001 : Exported nets
RUN-1001 : Exported buses
RUN-1001 : Exported models
RUN-1001 : Exported congestions
RUN-1001 : Exported violations
RUN-1001 : Exported IO constraints
RUN-1001 : Exported Inst constraints
RUN-1002 : start command "start_timer"
TMR-5001 WARNING: No sdc constraints found while initiating timer.
TMR-2505 : Start building timing graph for model responder.
TMR-2506 : Build timing graph completely. Port num: 11, tpin num: 1596, tnet num: 464, tinst num: 194, tnode num: 2038, tedge num: 2682.
TMR-2508 : Levelizing timing graph completed, there are 27 levels in total.
TMR-2501 : Timing graph initialized successfully.
RUN-1002 : start command "report_timing -mode FINAL -net_info -rpt_autogen true -file responder_phy.timing -sdf simulation/responder.sdf"
TMR-2503 : Start to update net delay, extr mode = 6.
TMR-2504 : Update delay of 464 nets completely.
TMR-2502 : Annotate delay completely, extr mode = 6.
TMR-3002 : No user constraint, initiate default constraint.
TMR-1501 : Assign derive clock DeriveClock to 262 clock pins, and constraint 442 relative nodes.
TMR-3003 : Constraints initiated successfully.
TMR-3501 : Forward propagation: start to calculate arrival time...
TMR-3502 : Backward propagation: start to calculate required time...
TMR-3503 : Timing propagation completes.
TMR-3506 : Start to generate timing report.
TMR-1502 : Number of clock constraints = 0. Number of clock nets = 5 (5 unconstrainted).
TMR-5009 WARNING: No clock constraint on 5 clock net(s): 
		CLK_dup_1
		U2/CLK1_syn_4
		U4/SingleNum_b_n4_syn_10
		U4/W_DigitronCS_Out_n_syn_4
		U4/W_Digitron_Out_n_syn_2
TMR-3508 : Export timing summary.
TMR-3507 : Timing report generated successfully in responder_phy.timing, timing summary in responder_phy.tsm.
TMR-1001 : Start to generate SDF file...
RUN-1002 : start command "write_verilog -sdf responder.sdf simulation/responder_phy_sim_sta.v"
HDL-1201 : write out verilog file simulation/responder_phy_sim_sta.v
RUN-1002 : start command "export_bid responder_inst.bid"
RUN-1002 : start command "bitgen -bit responder.bit -unused_io_status pulldown"
BIT-1003 : Start to generate bitstream. 
BIT-1002 : Bitgen processed 155 unused pads, reserve input tri_state with pulldown
BIT-1002 : Init instances with 8 threads.
BIT-1002 : Init instances completely, inst num: 349
BIT-1002 : Init pips with 8 threads.
BIT-1002 : Init pips completely, net num: 466, pip num: 3102
BIT-1002 : Init feedthrough completely, num: 2
BIT-1003 : Multithreading accelaration with 8 threads.
BIT-1003 : Generate bitstream completely, there are 569 valid insts, and 9902 bits set as '1'.
BIT-1004 : PLL setting string = 0000
BIT-1004 : Generate bits file responder.bit.
RUN-1003 : finish command "bitgen -bit responder.bit -unused_io_status pulldown" in  1.865354s wall, 2.437500s user + 0.031250s system = 2.468750s CPU (132.3%)

RUN-1004 : used memory is 431 MB, reserved memory is 405 MB, peak memory is 581 MB
RUN-1002 : start command "backup_run_log run.log ../.logs/phy_1/td_20240726_173929.log"
