============================================================
   Tang Dynasty, V5.6.71036
      Copyright (c) 2012-2023 Anlogic Inc.
   Executable = C:/Anlogic/TD5.6.2/bin/td.exe
   Built at =   20:34:38 Mar 21 2023
   Run by =     Timmy
   Run Date =   Tue Jul 23 21:47:42 2024

   Run on =     DESKTOP-A28VB3Q
============================================================
RUN-1002 : start command "open_project responder.prj"
RUN-1001 : Print Global Property
RUN-1001 : ---------------------------------------------------------------
RUN-1001 :        Parameters        |  Settings  |  Default Values  |  Note  
RUN-1001 : ---------------------------------------------------------------
RUN-1001 :          message         |  standard  |     standard     |        
RUN-1001 :   mixed_pack_place_flow  |     on     |        on        |        
RUN-1001 :        qor_monitor       |    off     |       off        |        
RUN-1001 :        syn_ip_flow       |    off     |       off        |        
RUN-1001 :          thread          |    auto    |       auto       |        
RUN-1001 : ---------------------------------------------------------------
RUN-1001 : Print Design Property
RUN-1001 : --------------------------------------------------------------
RUN-1001 :        Parameters       |  Settings  |  Default Values  |  Note  
RUN-1001 : --------------------------------------------------------------
RUN-1001 :   default_reg_initial   |    auto    |       auto       |        
RUN-1001 :        infer_add        |     on     |        on        |        
RUN-1001 :        infer_fsm        |    off     |       off        |        
RUN-1001 :        infer_mult       |     on     |        on        |        
RUN-1001 :        infer_ram        |     on     |        on        |        
RUN-1001 :        infer_reg        |     on     |        on        |        
RUN-1001 :   infer_reg_init_value  |     on     |        on        |        
RUN-1001 :        infer_rom        |     on     |        on        |        
RUN-1001 :      infer_shifter      |     on     |        on        |        
RUN-1001 : --------------------------------------------------------------
RUN-1001 : Print Rtl Property
RUN-1001 : --------------------------------------------------------------
RUN-1001 :        Parameters       |  Settings  |  Default Values  |  Note  
RUN-1001 : --------------------------------------------------------------
RUN-1001 :       compress_add      |   ripple   |      ripple      |        
RUN-1001 :        elf_sload        |    off     |       off        |        
RUN-1001 :       fix_undriven      |     0      |        0         |        
RUN-1001 :         flatten         |    off     |       off        |        
RUN-1001 :       gate_sharing      |     on     |        on        |        
RUN-1001 :    hdl_warning_level    |   normal   |      normal      |        
RUN-1001 :   impl_internal_tribuf  |     on     |        on        |        
RUN-1001 :      impl_set_reset     |     on     |        on        |        
RUN-1001 :        infer_gsr        |    off     |       off        |        
RUN-1001 :      keep_hierarchy     |    auto    |       auto       |        
RUN-1001 :        max_fanout       |    9999    |       9999       |        
RUN-1001 :      max_oh2bin_len     |     10     |        10        |        
RUN-1001 :       merge_equal       |     on     |        on        |        
RUN-1001 :       merge_equiv       |     on     |        on        |        
RUN-1001 :        merge_mux        |    off     |       off        |        
RUN-1001 :     min_control_set     |     8      |        8         |        
RUN-1001 :      min_ripple_len     |    auto    |       auto       |        
RUN-1001 :       oh2bin_ratio      |    0.08    |       0.08       |        
RUN-1001 :     opt_adder_fanout    |     on     |        on        |        
RUN-1001 :        opt_arith        |     on     |        on        |        
RUN-1001 :       opt_big_gate      |    off     |       off        |        
RUN-1001 :        opt_const        |     on     |        on        |        
RUN-1001 :      opt_const_mult     |     on     |        on        |        
RUN-1001 :       opt_lessthan      |     on     |        on        |        
RUN-1001 :         opt_mux         |    off     |       off        |        
RUN-1001 :         opt_ram         |    high    |       high       |        
RUN-1001 :      rtl_sim_model      |    off     |       off        |        
RUN-1001 :         seq_syn         |     on     |        on        |        
RUN-1001 : --------------------------------------------------------------
HDL-1007 : analyze verilog file ../../responder.v
HDL-1007 : analyze verilog file ../../Sel_module.v
HDL-1007 : analyze verilog file ../../Timer_module.v
HDL-1007 : analyze verilog file ../../Buzzer_module.v
HDL-1007 : analyze verilog file ../../Digitron_NumDisplay.v
HDL-1007 : analyze verilog file ../../key_filter.v
RUN-1001 : Project manager successfully analyzed 6 source files.
RUN-1002 : start command "import_device eagle_s20.db -package EG4S20BG256"
ARC-1001 : Device Initialization.
ARC-1001 : ------------------------------------------------------------------
ARC-1001 :            OPTION            |          IO          |   SETTING   
ARC-1001 : ------------------------------------------------------------------
ARC-1001 :   cso_b/cclk/mosi/miso/dout  |  T3/R11/T10/P10/S11  |    gpio    
ARC-1001 :             done             |         P13          |    gpio    
ARC-1001 :           program_b          |          T2          |  dedicate  
ARC-1001 :        tdi/tms/tck/tdo       |   C12/A15/C14/E14    |  dedicate  
ARC-1001 : ------------------------------------------------------------------
ARC-1004 : Device setting, marked 5 dedicate IOs in total.
RUN-1002 : start command "import_db ../syn_1/responder_gate.db"
RUN-1001 : Importing database generated by Tang Dynasty, V5.6.71036.
RUN-1001 : Database version number 46146.
RUN-1001 : Import flow parameters
RUN-1001 : Import IO constraints
RUN-1001 : Import Inst constraints
RUN-1001 : Import design success TD_VERSION=5.6.71036 , DB_VERSION=46146
RUN-1002 : start command "place"
RUN-1001 : Open license file C:/Anlogic/TD5.6.2/license/Anlogic.lic
RUN-1001 : Print Global Property
RUN-1001 : ---------------------------------------------------------------
RUN-1001 :        Parameters        |  Settings  |  Default Values  |  Note  
RUN-1001 : ---------------------------------------------------------------
RUN-1001 :          message         |  standard  |     standard     |        
RUN-1001 :   mixed_pack_place_flow  |     on     |        on        |        
RUN-1001 :        qor_monitor       |    off     |       off        |        
RUN-1001 :        syn_ip_flow       |    off     |       off        |        
RUN-1001 :          thread          |    auto    |       auto       |        
RUN-1001 : ---------------------------------------------------------------
RUN-1001 : Print Place Property
RUN-1001 : --------------------------------------------------------------
RUN-1001 :        Parameters       |  Settings  |  Default Values  |  Note  
RUN-1001 : --------------------------------------------------------------
RUN-1001 :      detailed_place     |     on     |        on        |        
RUN-1001 :          effort         |   medium   |      medium      |        
RUN-1001 :         fix_hold        |    off     |       off        |        
RUN-1001 :       legalization      |    ori     |       ori        |        
RUN-1001 :      new_spreading      |     on     |        on        |        
RUN-1001 :        opt_timing       |   medium   |      medium      |        
RUN-1001 :   post_clock_route_opt  |    off     |       off        |        
RUN-1001 :       pr_strategy       |     1      |        1         |        
RUN-1001 :        relaxation       |    1.00    |       1.00       |        
RUN-1001 :         retiming        |    off     |       off        |        
RUN-1001 : --------------------------------------------------------------
PHY-3001 : Placer runs in 8 thread(s).
RUN-1002 : start command "legalize_phy_inst"
SYN-1011 : Flatten model responder
RUN-1002 : start command "phys_opt -simplify_lut"
SYN-4024 : Net "CLK_dup_1" drives clk pins.
SYN-4024 : Net "U4/W_Digitron_Out_n" drives clk pins.
SYN-4024 : Net "U4/W_DigitronCS_Out_n" drives clk pins.
SYN-4024 : Net "U2/CLK1" drives clk pins.
SYN-4024 : Net "U4/SingleNum_b_n4" drives clk pins.
SYN-4025 : Tag rtl::Net CLK_dup_1 as clock net
SYN-4025 : Tag rtl::Net U2/CLK1 as clock net
SYN-4025 : Tag rtl::Net U4/SingleNum_b_n4 as clock net
SYN-4025 : Tag rtl::Net U4/W_DigitronCS_Out_n as clock net
SYN-4025 : Tag rtl::Net U4/W_Digitron_Out_n as clock net
SYN-4026 : Tagged 5 rtl::Net as clock net
SYN-4015 : Create BUFG instance for clk Net U2/CLK1 to drive 10 clock pins.
SYN-4015 : Create BUFG instance for clk Net U4/W_DigitronCS_Out_n to drive 8 clock pins.
SYN-4015 : Create BUFG instance for clk Net U4/W_Digitron_Out_n to drive 7 clock pins.
SYN-4015 : Create BUFG instance for clk Net U4/SingleNum_b_n4 to drive 4 clock pins.
PHY-1001 : Populate physical database on model responder.
RUN-1001 : There are total 232 instances
RUN-0007 : 93 luts, 81 seqs, 9 mslices, 13 lslices, 29 pads, 0 brams, 0 dsps
RUN-1001 : There are total 294 nets
RUN-1001 : 172 nets have 2 pins
RUN-1001 : 94 nets have [3 - 5] pins
RUN-1001 : 18 nets have [6 - 10] pins
RUN-1001 : 6 nets have [11 - 20] pins
RUN-1001 : 4 nets have [21 - 99] pins
RUN-1001 : Report Control nets information:
RUN-1001 : DFF Distribution
RUN-1001 : ----------------------------------
RUN-1001 :   CE   |  SSR  |  ASR  |  DFF Count  
RUN-1001 : ----------------------------------
RUN-1001 :   No   |  No   |  No   |     24      
RUN-1001 :   No   |  No   |  Yes  |     26      
RUN-1001 :   No   |  Yes  |  No   |     23      
RUN-1001 :   Yes  |  No   |  No   |      0      
RUN-1001 :   Yes  |  No   |  Yes  |      8      
RUN-1001 :   Yes  |  Yes  |  No   |      0      
RUN-1001 : ----------------------------------
RUN-0007 : Control Group Statistic
RUN-0007 : ---------------------------
RUN-0007 :   #CLK  |  #CE  |  #SSR/ASR  
RUN-0007 : ---------------------------
RUN-0007 :    4    |   2   |     4      
RUN-0007 : ---------------------------
RUN-0007 : Control Set = 8
PHY-3001 : Initial placement ...
PHY-3001 : design contains 230 instances, 93 luts, 81 seqs, 22 slices, 3 macros(22 instances: 9 mslices 13 lslices)
PHY-0007 : Cell area utilization is 0%
PHY-3001 : Global placement ...
PHY-3001 : Initial: Len = 73587.8
PHY-3001 : Clustering ...
PHY-3001 : Level 0 #clusters 230.
PHY-3001 : End clustering;  0.000012s wall, 0.000000s user + 0.000000s system = 0.000000s CPU (n/a%)

PHY-3001 : Run with size of 4
PHY-3001 : Cell area utilization is 0%
PHY-3001 : :::0::: Try harder cell spreading with beta_ = 0
PHY-3002 : Step(1): len = 46765.3, overlap = 0
PHY-3002 : Step(2): len = 33293.6, overlap = 0
PHY-3002 : Step(3): len = 24470.8, overlap = 0
PHY-3002 : Step(4): len = 19200.7, overlap = 0
PHY-3002 : Step(5): len = 16104.3, overlap = 0
PHY-3002 : Step(6): len = 14176.9, overlap = 0
PHY-3002 : Step(7): len = 13502.8, overlap = 0
PHY-3002 : Step(8): len = 13031.5, overlap = 0
PHY-3002 : Step(9): len = 12454.1, overlap = 0
PHY-3002 : Step(10): len = 10940.2, overlap = 0
PHY-3002 : Step(11): len = 9821.8, overlap = 0
PHY-3002 : Step(12): len = 9114.1, overlap = 0
PHY-3002 : Step(13): len = 9111.4, overlap = 0
PHY-3002 : Step(14): len = 8593.6, overlap = 0
PHY-3002 : Step(15): len = 8521.1, overlap = 0
PHY-3002 : Step(16): len = 8322, overlap = 0
PHY-3002 : Step(17): len = 7766.3, overlap = 0
PHY-3002 : Step(18): len = 7644.5, overlap = 0
PHY-3002 : Step(19): len = 7738.3, overlap = 0
PHY-3002 : Step(20): len = 7317.2, overlap = 0
PHY-3002 : Step(21): len = 7382.6, overlap = 0
PHY-3002 : Step(22): len = 7106, overlap = 0
PHY-3002 : Step(23): len = 6467.2, overlap = 0
PHY-3002 : Step(24): len = 6525, overlap = 0
PHY-3002 : Step(25): len = 6239.5, overlap = 0
PHY-3002 : Step(26): len = 5521.7, overlap = 0
PHY-3002 : Step(27): len = 5137.4, overlap = 0
PHY-3002 : Step(28): len = 5193, overlap = 0
PHY-3002 : Step(29): len = 5109.9, overlap = 0
PHY-3002 : Step(30): len = 4785.4, overlap = 0
PHY-3002 : Step(31): len = 4407.8, overlap = 0
PHY-3002 : Step(32): len = 4187.8, overlap = 0
PHY-3002 : Step(33): len = 4228.1, overlap = 0
PHY-3002 : Step(34): len = 4228.1, overlap = 0
PHY-3001 : Legalization ...
PHY-3001 : End legalization;  0.006070s wall, 0.000000s user + 0.000000s system = 0.000000s CPU (n/a%)

PHY-3001 : Run with size of 4
PHY-3001 : Cell area utilization is 0%
PHY-3001 : :::0::: Try harder cell spreading with beta_ = 0
PHY-3002 : Step(35): len = 3921.3, overlap = 0
PHY-3002 : Step(36): len = 3923.8, overlap = 0
PHY-3002 : Step(37): len = 3906, overlap = 0
PHY-3002 : Step(38): len = 3940.9, overlap = 0
PHY-3002 : Step(39): len = 3974.1, overlap = 0
PHY-3002 : Step(40): len = 3975.5, overlap = 0
PHY-3002 : Step(41): len = 4006.7, overlap = 0
PHY-3002 : Step(42): len = 3975.7, overlap = 0
PHY-3002 : Step(43): len = 4011.9, overlap = 0
PHY-3002 : Step(44): len = 3924.8, overlap = 0
PHY-3002 : Step(45): len = 3978.9, overlap = 0
PHY-3002 : Step(46): len = 3813, overlap = 0
PHY-3002 : Step(47): len = 3846.4, overlap = 0
PHY-3002 : Step(48): len = 3927.8, overlap = 0
PHY-3002 : Step(49): len = 3888, overlap = 0
PHY-3002 : Step(50): len = 3937.2, overlap = 0
PHY-3002 : Step(51): len = 4001.2, overlap = 0
PHY-3002 : Step(52): len = 3903.9, overlap = 0
PHY-3002 : Step(53): len = 3769.5, overlap = 0
PHY-3002 : Step(54): len = 3579.7, overlap = 0
PHY-3002 : Step(55): len = 3416.2, overlap = 0
PHY-3002 : Step(56): len = 3283.3, overlap = 0
PHY-3002 : Step(57): len = 3127.3, overlap = 0
PHY-3002 : Step(58): len = 3076.5, overlap = 0
PHY-3002 : Step(59): len = 3071.3, overlap = 0
PHY-3001 : Run with size of 2
PHY-3001 : Cell area utilization is 0%
PHY-3001 : :::0::: Try harder cell spreading with beta_ = 0.0094382
PHY-3002 : Step(60): len = 2969.8, overlap = 4.21875
PHY-3002 : Step(61): len = 2940.2, overlap = 3.75
PHY-3002 : Step(62): len = 2932.2, overlap = 3.9375
OPT-1001 : Start physical optimization ...
OPT-1001 : Total overflow 10.12 peak overflow 2.78
OPT-1001 : Start high-fanout net optimization ...
OPT-1001 : Update timing in global mode
PHY-1001 : Start incremental global routing, caller is place ...
RUN-1001 : Generating global routing grids ...
RUN-1001 : Building simple global routing graph ...
PHY-1001 : Generate routing nets ...
PHY-1001 : Reuse net number 0/294.
PHY-1001 : Global iterations in 8 thread ...
PHY-1002 : len = 2928, over cnt = 10(0%), over = 25, worst = 8
PHY-1001 : End global iterations;  0.017756s wall, 0.015625s user + 0.000000s system = 0.015625s CPU (88.0%)

PHY-1001 : Congestion index: top1 = 7.84, top5 = 2.33, top10 = 1.16, top15 = 0.78.
PHY-1001 : End incremental global routing;  0.082117s wall, 0.031250s user + 0.000000s system = 0.031250s CPU (38.1%)

RUN-1002 : start command "start_timer -report"
TMR-5001 WARNING: No sdc constraints found while initiating timer.
TMR-2505 : Start building timing graph for model responder.
TMR-2506 : Build timing graph completely. Port num: 10, tpin num: 987, tnet num: 292, tinst num: 230, tnode num: 1237, tedge num: 1548.
TMR-2508 : Levelizing timing graph completed, there are 23 levels in total.
TMR-2501 : Timing graph initialized successfully.
OPT-1001 : End timing update;  0.214864s wall, 0.187500s user + 0.000000s system = 0.187500s CPU (87.3%)

OPT-1001 : 0 high-fanout net processed.
OPT-1001 : End high-fanout net optimization;  0.299497s wall, 0.218750s user + 0.000000s system = 0.218750s CPU (73.0%)

OPT-1001 : Current memory(MB): used = 132, reserve = 103, peak = 132.
OPT-1001 : End physical optimization;  0.305685s wall, 0.218750s user + 0.000000s system = 0.218750s CPU (71.6%)

PHY-3001 : Start packing ...
SYN-4007 : Packing 0 MUX to BLE ...
SYN-4008 : Packed 0 MUX and 0 SEQ to BLE.
SYN-4007 : Packing 93 LUT to BLE ...
SYN-4008 : Packed 93 LUT and 44 SEQ to BLE.
SYN-4003 : Packing 37 remaining SEQ's ...
SYN-4005 : Packed 23 SEQ with LUT/SLICE
SYN-4006 : 30 single LUT's are left
SYN-4006 : 14 single SEQ's are left
SYN-4011 : Packing model "responder" (AL_USER_NORMAL) with 107/165 primitive instances ...
PHY-3001 : End packing;  0.006617s wall, 0.015625s user + 0.000000s system = 0.015625s CPU (236.1%)

PHY-1001 : Populate physical database on model responder.
RUN-1001 : There are total 119 instances
RUN-1001 : 42 mslices, 41 lslices, 29 pads, 0 brams, 0 dsps
RUN-1001 : There are total 257 nets
RUN-1001 : 138 nets have 2 pins
RUN-1001 : 88 nets have [3 - 5] pins
RUN-1001 : 23 nets have [6 - 10] pins
RUN-1001 : 5 nets have [11 - 20] pins
RUN-1001 : 3 nets have [21 - 99] pins
PHY-3001 : design contains 117 instances, 83 slices, 3 macros(22 instances: 9 mslices 13 lslices)
PHY-3001 : Cell area utilization is 1%
PHY-3001 : After packing: Len = 2985.4, Over = 6.25
PHY-3001 : Run with size of 2
PHY-3001 : Cell area utilization is 1%
PHY-3001 : :::0::: Try harder cell spreading with beta_ = 0.000734132
PHY-3002 : Step(63): len = 2943.5, overlap = 6.25
PHY-3002 : Step(64): len = 2957.3, overlap = 5.75
PHY-3002 : Step(65): len = 2948.7, overlap = 5.25
PHY-3001 : :::1::: Try harder cell spreading with beta_ = 0.00146826
PHY-3002 : Step(66): len = 2843.2, overlap = 6
PHY-3002 : Step(67): len = 2846.4, overlap = 6.25
PHY-3001 : :::2::: Try harder cell spreading with beta_ = 0.00293653
PHY-3002 : Step(68): len = 2806.7, overlap = 6.25
PHY-3002 : Step(69): len = 2806.3, overlap = 6.25
PHY-3001 : Legalization ...
PHY-3001 : End legalization;  0.034745s wall, 0.000000s user + 0.000000s system = 0.000000s CPU (n/a%)

PHY-3001 : Trial Legalized: Len = 5047.7
PHY-3001 : Run with size of 2
PHY-3001 : Cell area utilization is 1%
PHY-3001 : :::0::: Try harder cell spreading with beta_ = 0
PHY-3002 : Step(70): len = 3713.4, overlap = 1.75
PHY-3002 : Step(71): len = 3123.7, overlap = 4
PHY-3002 : Step(72): len = 2896.3, overlap = 4
PHY-3002 : Step(73): len = 2900.9, overlap = 4
PHY-3002 : Step(74): len = 2897.4, overlap = 4
PHY-3002 : Step(75): len = 2897.1, overlap = 4
PHY-3002 : Step(76): len = 2789.7, overlap = 4
PHY-3002 : Step(77): len = 2797.4, overlap = 4
PHY-3002 : Step(78): len = 2797.4, overlap = 4
PHY-3001 : Legalization ...
PHY-3001 : End legalization;  0.005472s wall, 0.000000s user + 0.000000s system = 0.000000s CPU (n/a%)

PHY-3001 : Legalized: Len = 4002.1, Over = 0
PHY-3001 : End spreading;  0.003045s wall, 0.000000s user + 0.000000s system = 0.000000s CPU (n/a%)

PHY-3001 : Final: Len = 4002.1, Over = 0
OPT-1001 : Start physical optimization ...
OPT-1001 : Total overflow 0.00 peak overflow 0.00
OPT-1001 : Start high-fanout net optimization ...
OPT-1001 : Update timing in global mode
PHY-1001 : Start incremental global routing, caller is place ...
RUN-1001 : Generating global routing grids ...
PHY-1001 : Generate routing nets ...
PHY-1001 : Reuse net number 23/257.
PHY-1001 : Global iterations in 8 thread ...
PHY-1002 : len = 4096, over cnt = 13(0%), over = 31, worst = 4
PHY-1002 : len = 4296, over cnt = 7(0%), over = 15, worst = 4
PHY-1002 : len = 4536, over cnt = 0(0%), over = 0, worst = 0
PHY-1001 : End global iterations;  0.029656s wall, 0.015625s user + 0.000000s system = 0.015625s CPU (52.7%)

PHY-1001 : Congestion index: top1 = 11.08, top5 = 3.43, top10 = 1.71, top15 = 1.14.
PHY-1001 : End incremental global routing;  0.082029s wall, 0.031250s user + 0.000000s system = 0.031250s CPU (38.1%)

RUN-1002 : start command "start_timer -report"
TMR-5001 WARNING: No sdc constraints found while initiating timer.
TMR-2505 : Start building timing graph for model responder.
TMR-2506 : Build timing graph completely. Port num: 10, tpin num: 873, tnet num: 255, tinst num: 117, tnode num: 1070, tedge num: 1440.
TMR-2508 : Levelizing timing graph completed, there are 21 levels in total.
TMR-2501 : Timing graph initialized successfully.
OPT-1001 : End timing update;  0.183426s wall, 0.093750s user + 0.000000s system = 0.093750s CPU (51.1%)

OPT-1001 : 0 high-fanout net processed.
OPT-1001 : End high-fanout net optimization;  0.268298s wall, 0.140625s user + 0.000000s system = 0.140625s CPU (52.4%)

OPT-1001 : Current memory(MB): used = 133, reserve = 104, peak = 133.
OPT-1001 : Update timing in Manhattan mode
OPT-1001 : End timing update;  0.000185s wall, 0.000000s user + 0.000000s system = 0.000000s CPU (n/a%)

OPT-1001 : Start pin optimization...
OPT-1001 : skip pin optimization...
RUN-1001 : Generating global routing grids ...
PHY-1001 : Generate routing nets ...
PHY-1001 : Reuse net number 179/257.
PHY-1001 : Global iterations in 8 thread ...
PHY-1002 : len = 4536, over cnt = 0(0%), over = 0, worst = 0
PHY-1001 : End global iterations;  0.002380s wall, 0.000000s user + 0.000000s system = 0.000000s CPU (n/a%)

PHY-1001 : Congestion index: top1 = 11.08, top5 = 3.43, top10 = 1.71, top15 = 1.14.
OPT-1001 : Update timing in Manhattan mode
OPT-1001 : End timing update;  0.000299s wall, 0.000000s user + 0.000000s system = 0.000000s CPU (n/a%)

RUN-1001 : QoR Analysis:
OPT-0007 :   WNS 2147483647 TNS 0 NUM_FEPS 0
RUN-1001 :   No local congestion issue, and most congested 1% tile average routing util is 10.724138
RUN-1001 :   Top critical paths
OPT-1001 : End physical optimization;  0.323746s wall, 0.203125s user + 0.000000s system = 0.203125s CPU (62.7%)

RUN-1003 : finish command "place" in  1.965435s wall, 1.125000s user + 0.234375s system = 1.359375s CPU (69.2%)

RUN-1004 : used memory is 126 MB, reserved memory is 97 MB, peak memory is 133 MB
RUN-1002 : start command "export_db responder_place.db"
RUN-1001 : Exported /
RUN-1001 : Exported flow parameters
RUN-1001 : Exported libs
RUN-1001 : Exported entities
RUN-1001 : Exported ports
RUN-1001 : Exported pins
RUN-1001 : Exported instances
RUN-1001 : Exported nets
RUN-1001 : Exported buses
RUN-1001 : Exported models
RUN-1001 : Exported congestions
RUN-1001 : Exported violations
RUN-1001 : Exported IO constraints
RUN-1001 : Exported Inst constraints
RUN-1002 : start command "route"
RUN-1001 : Open license file C:/Anlogic/TD5.6.2/license/Anlogic.lic
RUN-1001 : Print Global Property
RUN-1001 : ---------------------------------------------------------------
RUN-1001 :        Parameters        |  Settings  |  Default Values  |  Note  
RUN-1001 : ---------------------------------------------------------------
RUN-1001 :          message         |  standard  |     standard     |        
RUN-1001 :   mixed_pack_place_flow  |     on     |        on        |        
RUN-1001 :        qor_monitor       |    off     |       off        |        
RUN-1001 :        syn_ip_flow       |    off     |       off        |        
RUN-1001 :          thread          |    auto    |       auto       |        
RUN-1001 : ---------------------------------------------------------------
RUN-1001 : Print Route Property
RUN-1001 : -------------------------------------------------------
RUN-1001 :    Parameters    |  Settings  |  Default Values  |  Note  
RUN-1001 : -------------------------------------------------------
RUN-1001 :      effort      |   medium   |      medium      |        
RUN-1001 :     fix_hold     |    off     |       off        |        
RUN-1001 :    opt_timing    |   medium   |      medium      |        
RUN-1001 :   phy_sim_model  |    off     |       off        |        
RUN-1001 :     priority     |   timing   |      timing      |        
RUN-1001 :     swap_pin     |     on     |        on        |        
RUN-1001 : -------------------------------------------------------
PHY-1001 : Route runs in 8 thread(s)
RUN-1001 : There are total 119 instances
RUN-1001 : 42 mslices, 41 lslices, 29 pads, 0 brams, 0 dsps
RUN-1001 : There are total 257 nets
RUN-1001 : 138 nets have 2 pins
RUN-1001 : 88 nets have [3 - 5] pins
RUN-1001 : 23 nets have [6 - 10] pins
RUN-1001 : 5 nets have [11 - 20] pins
RUN-1001 : 3 nets have [21 - 99] pins
RUN-1002 : start command "start_timer -report"
TMR-5001 WARNING: No sdc constraints found while initiating timer.
TMR-2505 : Start building timing graph for model responder.
TMR-2506 : Build timing graph completely. Port num: 10, tpin num: 873, tnet num: 255, tinst num: 117, tnode num: 1070, tedge num: 1440.
TMR-2508 : Levelizing timing graph completed, there are 21 levels in total.
TMR-2501 : Timing graph initialized successfully.
PHY-1001 : 42 mslices, 41 lslices, 29 pads, 0 brams, 0 dsps
TMR-2503 : Start to update net delay, extr mode = 3.
TMR-2504 : Update delay of 255 nets completely.
TMR-2502 : Annotate delay completely, extr mode = 3.
TMR-3002 : No user constraint, initiate default constraint.
TMR-1501 : Assign derive clock DeriveClock to 122 clock pins, and constraint 197 relative nodes.
TMR-3003 : Constraints initiated successfully.
TMR-3501 : Forward propagation: start to calculate arrival time...
TMR-3502 : Backward propagation: start to calculate required time...
TMR-3503 : Timing propagation completes.
PHY-1001 : Start global routing, caller is route ...
RUN-1001 : Generating global routing grids ...
PHY-1001 : Generate routing nets ...
PHY-1001 : Global iterations in 8 thread ...
PHY-1002 : len = 4088, over cnt = 13(0%), over = 31, worst = 4
PHY-1002 : len = 4288, over cnt = 7(0%), over = 15, worst = 4
PHY-1002 : len = 4528, over cnt = 0(0%), over = 0, worst = 0
PHY-1001 : End global iterations;  0.026679s wall, 0.000000s user + 0.000000s system = 0.000000s CPU (n/a%)

PHY-1001 : Congestion index: top1 = 11.03, top5 = 3.37, top10 = 1.68, top15 = 1.12.
PHY-1001 : End global routing;  0.071937s wall, 0.046875s user + 0.000000s system = 0.046875s CPU (65.2%)

PHY-1001 : Start detail routing ...
PHY-1001 : Current memory(MB): used = 149, reserve = 120, peak = 153.
PHY-1001 : Detailed router is running in normal mode.
PHY-1001 : Generate detailed routing grids ...
PHY-1001 : Processed IO instance DigitronCS_Out[3]_syn_2 with INV attribute.
PHY-1001 : Processed IO instance DigitronCS_Out[2]_syn_2 with INV attribute.
PHY-1001 : Processed IO instance DigitronCS_Out[1]_syn_2 with INV attribute.
PHY-1001 : Processed IO instance DigitronCS_Out[0]_syn_2 with INV attribute.
PHY-1001 : Processed IO instance Digitron_Out[6]_syn_2 with INV attribute.
PHY-1001 : Processed IO instance Digitron_Out[5]_syn_2 with INV attribute.
PHY-1001 : Processed IO instance Digitron_Out[4]_syn_2 with INV attribute.
PHY-1001 : Processed IO instance Digitron_Out[3]_syn_2 with INV attribute.
PHY-1001 : Processed IO instance Digitron_Out[2]_syn_2 with INV attribute.
PHY-1001 : Processed IO instance Digitron_Out[1]_syn_2 with INV attribute.
PHY-1001 : Processed IO instance Digitron_Out[0]_syn_2 with INV attribute.
PHY-1001 : Generate nets ...
PHY-1001 : net CLK_dup_1 will be routed on clock mesh
PHY-1001 : clock net U4/W_Digitron_Out_n_syn_2 will be merged with clock U4/W_Digitron_Out_n
PHY-1001 : clock net U4/W_DigitronCS_Out_n_syn_4 will be merged with clock U4/W_DigitronCS_Out_n
PHY-1001 : clock net U4/SingleNum_b_n4_syn_10 will be merged with clock U4/SingleNum_b_n4
PHY-1001 : clock net U2/CLK1_syn_4 will be merged with clock U2/CLK1
PHY-1001 : Current memory(MB): used = 414, reserve = 389, peak = 414.
PHY-1001 : End build detailed router design. 3.846915s wall, 3.218750s user + 0.031250s system = 3.250000s CPU (84.5%)

PHY-1001 : Detail Route ...
PHY-1001 : ===== Detail Route Phase 1 =====
PHY-1001 : Clock net routing.....
PHY-1001 : Routed 1% nets.
PHY-1022 : len = 9728, over cnt = 0(0%), over = 0, worst = 0, crit = 0
PHY-1001 : End initial clock net routed; 1.357673s wall, 1.187500s user + 0.015625s system = 1.203125s CPU (88.6%)

PHY-1001 : Current memory(MB): used = 444, reserve = 420, peak = 444.
PHY-1001 : End phase 1; 1.363592s wall, 1.203125s user + 0.015625s system = 1.218750s CPU (89.4%)

PHY-1001 : ===== Detail Route Phase 2 =====
PHY-1001 : Initial routing.....
PHY-1001 : Routed 32% nets.
PHY-1001 : Routed 36% nets.
PHY-1001 : Routed 48% nets.
PHY-1001 : Routed 58% nets.
PHY-1001 : Routed 78% nets.
PHY-1022 : len = 18520, over cnt = 4(0%), over = 4, worst = 1, crit = 0
PHY-1001 : Current memory(MB): used = 444, reserve = 420, peak = 444.
PHY-1001 : End initial routed; 0.063225s wall, 0.031250s user + 0.000000s system = 0.031250s CPU (49.4%)

PHY-1001 : Current memory(MB): used = 444, reserve = 420, peak = 444.
PHY-1001 : End phase 2; 0.063274s wall, 0.031250s user + 0.000000s system = 0.031250s CPU (49.4%)

PHY-1001 : ===== Detail Route Phase 3 =====
PHY-1001 : Ripup-reroute.....
PHY-1001 : ===== DR Iter 1 =====
PHY-1022 : len = 18520, over cnt = 0(0%), over = 0, worst = 0, crit = 0
PHY-1001 : End DR Iter 1; 0.011767s wall, 0.000000s user + 0.000000s system = 0.000000s CPU (n/a%)

PHY-1001 : Commit to database.....
PHY-1001 : 0 feed throughs used by 0 nets
PHY-1001 : End commit to database; 0.034103s wall, 0.015625s user + 0.000000s system = 0.015625s CPU (45.8%)

PHY-1001 : Current memory(MB): used = 453, reserve = 429, peak = 453.
PHY-1001 : End phase 3; 0.152415s wall, 0.093750s user + 0.000000s system = 0.093750s CPU (61.5%)

PHY-1003 : Routed, final wirelength = 18520
PHY-1001 : Current memory(MB): used = 453, reserve = 429, peak = 453.
PHY-1001 : End export database. 0.005352s wall, 0.000000s user + 0.000000s system = 0.000000s CPU (n/a%)

PHY-1001 : End detail routing;  5.639899s wall, 4.718750s user + 0.046875s system = 4.765625s CPU (84.5%)

RUN-1003 : finish command "route" in  5.967130s wall, 5.000000s user + 0.046875s system = 5.046875s CPU (84.6%)

RUN-1004 : used memory is 411 MB, reserved memory is 385 MB, peak memory is 453 MB
RUN-1002 : start command "report_area -io_info -file responder_phy.area"
RUN-1001 : standard
***Report Model: responder Device: EG4S20BG256***

IO Statistics
#IO                        29
  #input                    7
  #output                  22
  #inout                    0

Utilization Statistics
#lut                      142   out of  19600    0.72%
#reg                       90   out of  19600    0.46%
#le                       156
  #lut only                66   out of    156   42.31%
  #reg only                14   out of    156    8.97%
  #lut&reg                 76   out of    156   48.72%
#dsp                        0   out of     29    0.00%
#bram                       0   out of     64    0.00%
  #bram9k                   0
  #fifo9k                   0
#bram32k                    0   out of     16    0.00%
#pad                       29   out of    188   15.43%
  #ireg                     0
  #oreg                    13
  #treg                     0
#pll                        0   out of      4    0.00%
#gclk                       4   out of     16   25.00%

Clock Resource Statistics
Index     ClockNet                 Type               DriverType         Driver                   Fanout
#1        CLK_dup_1                GCLK               io                 CLK_syn_2.di             46
#2        U2/CLK1                  GCLK               mslice             U2/CLK1_reg_syn_30.q0    9
#3        U4/W_DigitronCS_Out_n    GCLK               lslice             U4/reg2_syn_30.f0        7
#4        U4/W_Digitron_Out_n      GCLK               lslice             U4/mux1_syn_5.f1         7
#5        U4/SingleNum_b_n4        GCLK               mslice             U4/sel2_syn_68.f0        3


Detailed IO Report

        Name           Direction    Location    IOStandard    DriveStrength    PullType    PackReg  
         CLK             INPUT         R7        LVCMOS33          N/A          PULLUP      NONE    
      Key_In[3]          INPUT        F10        LVCMOS33          N/A          PULLUP      NONE    
      Key_In[2]          INPUT        C11        LVCMOS33          N/A          PULLUP      NONE    
      Key_In[1]          INPUT        D11        LVCMOS33          N/A          PULLUP      NONE    
      Key_In[0]          INPUT        E11        LVCMOS33          N/A          PULLUP      NONE    
        RSTn             INPUT         A9        LVCMOS33          N/A          PULLUP      NONE    
        Start            INPUT        A10        LVCMOS33          N/A          PULLUP      NONE    
     Buzzer_Out         OUTPUT        H11        LVCMOS33           8            NONE       OREG    
  DigitronCS_Out[3]     OUTPUT         A3        LVCMOS33           8            NONE       OREG    
  DigitronCS_Out[2]     OUTPUT         A5        LVCMOS33           8            NONE       OREG    
  DigitronCS_Out[1]     OUTPUT         B6        LVCMOS33           8            NONE       OREG    
  DigitronCS_Out[0]     OUTPUT         C9        LVCMOS33           8            NONE       OREG    
   Digitron_Out[7]      OUTPUT         C8        LVCMOS33           8            NONE       NONE    
   Digitron_Out[6]      OUTPUT         A8        LVCMOS33           8            NONE       OREG    
   Digitron_Out[5]      OUTPUT         B5        LVCMOS33           8            NONE       OREG    
   Digitron_Out[4]      OUTPUT         A7        LVCMOS33           8            NONE       OREG    
   Digitron_Out[3]      OUTPUT         E8        LVCMOS33           8            NONE       OREG    
   Digitron_Out[2]      OUTPUT         B8        LVCMOS33           8            NONE       OREG    
   Digitron_Out[1]      OUTPUT         A6        LVCMOS33           8            NONE       OREG    
   Digitron_Out[0]      OUTPUT         A4        LVCMOS33           8            NONE       OREG    
     Key_Row[3]         OUTPUT        E10        LVCMOS33           8            NONE       NONE    
     Key_Row[2]         OUTPUT        C10        LVCMOS33           8            NONE       NONE    
     Key_Row[1]         OUTPUT         F9        LVCMOS33           8            NONE       NONE    
     Key_Row[0]         OUTPUT         D9        LVCMOS33           8            NONE       NONE    
     LED_Out[3]         OUTPUT        C15        LVCMOS33           8            NONE       NONE    
     LED_Out[2]         OUTPUT        B16        LVCMOS33           8            NONE       NONE    
     LED_Out[1]         OUTPUT        B15        LVCMOS33           8            NONE       NONE    
     LED_Out[0]         OUTPUT        B14        LVCMOS33           8            NONE       NONE    
  LED_OverTime_Out      OUTPUT        F16        LVCMOS33           8            NONE       OREG    

Report Hierarchy Area:
+-----------------------------------------------------------------------------------+
|Instance |Module              |le     |lut     |ripple  |seq     |bram    |dsp     |
+-----------------------------------------------------------------------------------+
|top      |responder           |156    |120     |22      |103     |0       |0       |
|  U1     |Sel_module          |1      |1       |0       |1       |0       |0       |
|  U2     |Timer_module        |55     |45      |7       |35      |0       |0       |
|  U3     |Buzzer_module       |41     |24      |6       |28      |0       |0       |
|  U4     |Digitron_NumDisplay |59     |50      |9       |26      |0       |0       |
+-----------------------------------------------------------------------------------+


DataNet Average Fanout:

   Index     Fanout    Nets  
    #1         1       109   
    #2         2        76   
    #3         3        4    
    #4         4        7    
    #5        5-10      20   
    #6       11-50      5    
  Average     2.34           

RUN-1002 : start command "export_db responder_pr.db"
RUN-1001 : Exported /
RUN-1001 : Exported flow parameters
RUN-1001 : Exported libs
RUN-1001 : Exported entities
RUN-1001 : Exported ports
RUN-1001 : Exported pins
RUN-1001 : Exported instances
RUN-1001 : Exported nets
RUN-1001 : Exported buses
RUN-1001 : Exported models
RUN-1001 : Exported congestions
RUN-1001 : Exported violations
RUN-1001 : Exported IO constraints
RUN-1001 : Exported Inst constraints
RUN-1002 : start command "export_bid responder_inst.bid"
RUN-1002 : start command "bitgen -bit responder.bit -unused_io_status pulldown"
BIT-1003 : Start to generate bitstream. 
BIT-1002 : Bitgen processed 159 unused pads, reserve input tri_state with pulldown
BIT-1002 : Init instances with 8 threads.
BIT-1002 : Init instances completely, inst num: 276
BIT-1002 : Init pips with 8 threads.
BIT-1002 : Init pips completely, net num: 257, pip num: 1638
BIT-1003 : Multithreading accelaration with 8 threads.
BIT-1003 : Generate bitstream completely, there are 486 valid insts, and 5317 bits set as '1'.
BIT-1004 : PLL setting string = 0000
BIT-1004 : Generate bits file responder.bit.
RUN-1003 : finish command "bitgen -bit responder.bit -unused_io_status pulldown" in  1.317872s wall, 2.296875s user + 0.031250s system = 2.328125s CPU (176.7%)

RUN-1004 : used memory is 420 MB, reserved memory is 397 MB, peak memory is 572 MB
RUN-1002 : start command "backup_run_log run.log ../.logs/phy_1/td_20240723_214742.log"
