============================================================
   Tang Dynasty, V5.6.71036
      Copyright (c) 2012-2023 Anlogic Inc.
   Executable = C:/Anlogic/TD5.6.2/bin/td.exe
   Built at =   20:34:38 Mar 21 2023
   Run by =     Timmy
   Run Date =   Sat Jul 27 18:20:38 2024

   Run on =     DESKTOP-A28VB3Q
============================================================
RUN-1002 : start command "open_project responder.prj"
RUN-1001 : Print Global Property
RUN-1001 : ---------------------------------------------------------------
RUN-1001 :        Parameters        |  Settings  |  Default Values  |  Note  
RUN-1001 : ---------------------------------------------------------------
RUN-1001 :          message         |  standard  |     standard     |        
RUN-1001 :   mixed_pack_place_flow  |     on     |        on        |        
RUN-1001 :        qor_monitor       |    off     |       off        |        
RUN-1001 :        syn_ip_flow       |    off     |       off        |        
RUN-1001 :          thread          |    auto    |       auto       |        
RUN-1001 : ---------------------------------------------------------------
RUN-1001 : Print Design Property
RUN-1001 : --------------------------------------------------------------
RUN-1001 :        Parameters       |  Settings  |  Default Values  |  Note  
RUN-1001 : --------------------------------------------------------------
RUN-1001 :   default_reg_initial   |    auto    |       auto       |        
RUN-1001 :        infer_add        |     on     |        on        |        
RUN-1001 :        infer_fsm        |    off     |       off        |        
RUN-1001 :        infer_mult       |     on     |        on        |        
RUN-1001 :        infer_ram        |     on     |        on        |        
RUN-1001 :        infer_reg        |     on     |        on        |        
RUN-1001 :   infer_reg_init_value  |     on     |        on        |        
RUN-1001 :        infer_rom        |     on     |        on        |        
RUN-1001 :      infer_shifter      |     on     |        on        |        
RUN-1001 : --------------------------------------------------------------
RUN-1001 : Print Rtl Property
RUN-1001 : --------------------------------------------------------------
RUN-1001 :        Parameters       |  Settings  |  Default Values  |  Note  
RUN-1001 : --------------------------------------------------------------
RUN-1001 :       compress_add      |   ripple   |      ripple      |        
RUN-1001 :        elf_sload        |    off     |       off        |        
RUN-1001 :       fix_undriven      |     0      |        0         |        
RUN-1001 :         flatten         |    off     |       off        |        
RUN-1001 :       gate_sharing      |     on     |        on        |        
RUN-1001 :    hdl_warning_level    |   normal   |      normal      |        
RUN-1001 :   impl_internal_tribuf  |     on     |        on        |        
RUN-1001 :      impl_set_reset     |     on     |        on        |        
RUN-1001 :        infer_gsr        |    off     |       off        |        
RUN-1001 :      keep_hierarchy     |    auto    |       auto       |        
RUN-1001 :        max_fanout       |    9999    |       9999       |        
RUN-1001 :      max_oh2bin_len     |     10     |        10        |        
RUN-1001 :       merge_equal       |     on     |        on        |        
RUN-1001 :       merge_equiv       |     on     |        on        |        
RUN-1001 :        merge_mux        |    off     |       off        |        
RUN-1001 :     min_control_set     |     8      |        8         |        
RUN-1001 :      min_ripple_len     |    auto    |       auto       |        
RUN-1001 :       oh2bin_ratio      |    0.08    |       0.08       |        
RUN-1001 :     opt_adder_fanout    |     on     |        on        |        
RUN-1001 :        opt_arith        |     on     |        on        |        
RUN-1001 :       opt_big_gate      |    off     |       off        |        
RUN-1001 :        opt_const        |     on     |        on        |        
RUN-1001 :      opt_const_mult     |     on     |        on        |        
RUN-1001 :       opt_lessthan      |     on     |        on        |        
RUN-1001 :         opt_mux         |    off     |       off        |        
RUN-1001 :         opt_ram         |    high    |       high       |        
RUN-1001 :      rtl_sim_model      |    off     |       off        |        
RUN-1001 :         seq_syn         |     on     |        on        |        
RUN-1001 : --------------------------------------------------------------
HDL-1007 : analyze verilog file ../../responder.v
HDL-1007 : analyze verilog file ../../Sel_module.v
HDL-1007 : analyze verilog file ../../Timer_module.v
HDL-1007 : analyze verilog file ../../Buzzer_module.v
HDL-1007 : analyze verilog file ../../Digitron_NumDisplay.v
HDL-1007 : analyze verilog file ../../key_filter.v
HDL-1007 : analyze verilog file ../../../../1 run_led/run_led/led8_module.v
HDL-1007 : analyze verilog file ../../countdown_module.v
RUN-1001 : Project manager successfully analyzed 8 source files.
RUN-1002 : start command "import_device eagle_s20.db -package EG4S20BG256"
ARC-1001 : Device Initialization.
ARC-1001 : ------------------------------------------------------------------
ARC-1001 :            OPTION            |          IO          |   SETTING   
ARC-1001 : ------------------------------------------------------------------
ARC-1001 :   cso_b/cclk/mosi/miso/dout  |  T3/R11/T10/P10/S11  |    gpio    
ARC-1001 :             done             |         P13          |    gpio    
ARC-1001 :           program_b          |          T2          |  dedicate  
ARC-1001 :        tdi/tms/tck/tdo       |   C12/A15/C14/E14    |  dedicate  
ARC-1001 : ------------------------------------------------------------------
ARC-1004 : Device setting, marked 5 dedicate IOs in total.
RUN-1002 : start command "import_db ../syn_1/responder_gate.db"
RUN-1001 : Importing database generated by Tang Dynasty, V5.6.71036.
RUN-1001 : Database version number 46146.
RUN-1001 : Import flow parameters
RUN-1001 : Import IO constraints
RUN-1001 : Import Inst constraints
RUN-1001 : Import design success TD_VERSION=5.6.71036 , DB_VERSION=46146
RUN-1002 : start command "place"
RUN-1001 : Open license file C:/Anlogic/TD5.6.2/license/Anlogic.lic
RUN-1001 : Print Global Property
RUN-1001 : ---------------------------------------------------------------
RUN-1001 :        Parameters        |  Settings  |  Default Values  |  Note  
RUN-1001 : ---------------------------------------------------------------
RUN-1001 :          message         |  standard  |     standard     |        
RUN-1001 :   mixed_pack_place_flow  |     on     |        on        |        
RUN-1001 :        qor_monitor       |    off     |       off        |        
RUN-1001 :        syn_ip_flow       |    off     |       off        |        
RUN-1001 :          thread          |    auto    |       auto       |        
RUN-1001 : ---------------------------------------------------------------
RUN-1001 : Print Place Property
RUN-1001 : --------------------------------------------------------------
RUN-1001 :        Parameters       |  Settings  |  Default Values  |  Note  
RUN-1001 : --------------------------------------------------------------
RUN-1001 :      detailed_place     |     on     |        on        |        
RUN-1001 :          effort         |   medium   |      medium      |        
RUN-1001 :         fix_hold        |    off     |       off        |        
RUN-1001 :       legalization      |    ori     |       ori        |        
RUN-1001 :      new_spreading      |     on     |        on        |        
RUN-1001 :        opt_timing       |   medium   |      medium      |        
RUN-1001 :   post_clock_route_opt  |    off     |       off        |        
RUN-1001 :       pr_strategy       |     1      |        1         |        
RUN-1001 :        relaxation       |    1.00    |       1.00       |        
RUN-1001 :         retiming        |    off     |       off        |        
RUN-1001 : --------------------------------------------------------------
PHY-3001 : Placer runs in 8 thread(s).
RUN-1002 : start command "legalize_phy_inst"
SYN-1011 : Flatten model responder
RUN-1002 : start command "phys_opt -simplify_lut"
SYN-4024 : Net "CLK_dup_1" drives clk pins.
SYN-4024 : Net "U2/CLK1" drives clk pins.
SYN-4024 : Net "U4/W_DigitronCS_Out_n" drives clk pins.
SYN-4024 : Net "Set_Time_dup_1" drives clk pins.
SYN-4024 : Net "U7/temp_time_n" drives clk pins.
SYN-4024 : Net "U4/SingleNum_b_n4" drives clk pins.
SYN-4025 : Tag rtl::Net CLK_dup_1 as clock net
SYN-4025 : Tag rtl::Net Set_Time_dup_1 as clock net
SYN-4025 : Tag rtl::Net U2/CLK1 as clock net
SYN-4025 : Tag rtl::Net U4/SingleNum_b_n4 as clock net
SYN-4025 : Tag rtl::Net U4/W_DigitronCS_Out_n as clock net
SYN-4025 : Tag rtl::Net U7/temp_time_n as clock net
SYN-4026 : Tagged 6 rtl::Net as clock net
SYN-4015 : Create BUFG instance for clk Net U2/CLK1 to drive 11 clock pins.
SYN-4015 : Create BUFG instance for clk Net U4/W_DigitronCS_Out_n to drive 8 clock pins.
SYN-4015 : Create BUFG instance for clk Net U7/temp_time_n to drive 8 clock pins.
SYN-4015 : Create BUFG instance for clk Net U4/SingleNum_b_n4 to drive 4 clock pins.
PHY-1001 : Populate physical database on model responder.
RUN-1001 : There are total 468 instances
RUN-0007 : 195 luts, 172 seqs, 34 mslices, 26 lslices, 33 pads, 0 brams, 1 dsps
RUN-1001 : There are total 628 nets
RUN-1001 : 378 nets have 2 pins
RUN-1001 : 198 nets have [3 - 5] pins
RUN-1001 : 40 nets have [6 - 10] pins
RUN-1001 : 5 nets have [11 - 20] pins
RUN-1001 : 5 nets have [21 - 99] pins
RUN-1001 : 2 nets have 100+ pins
RUN-1001 : Report Control nets information:
RUN-1001 : DFF Distribution
RUN-1001 : ----------------------------------
RUN-1001 :   CE   |  SSR  |  ASR  |  DFF Count  
RUN-1001 : ----------------------------------
RUN-1001 :   No   |  No   |  No   |     45      
RUN-1001 :   No   |  No   |  Yes  |     65      
RUN-1001 :   No   |  Yes  |  No   |     29      
RUN-1001 :   Yes  |  No   |  No   |      0      
RUN-1001 :   Yes  |  No   |  Yes  |     33      
RUN-1001 :   Yes  |  Yes  |  No   |      0      
RUN-1001 : ----------------------------------
RUN-0007 : Control Group Statistic
RUN-0007 : ---------------------------
RUN-0007 :   #CLK  |  #CE  |  #SSR/ASR  
RUN-0007 : ---------------------------
RUN-0007 :    7    |   3   |     5      
RUN-0007 : ---------------------------
RUN-0007 : Control Set = 12
PHY-3001 : Initial placement ...
PHY-3001 : design contains 466 instances, 195 luts, 172 seqs, 60 slices, 9 macros(60 instances: 34 mslices 26 lslices)
PHY-0007 : Cell area utilization is 1%
PHY-3001 : Global placement ...
PHY-3001 : Initial: Len = 142786
PHY-3001 : Clustering ...
PHY-3001 : Level 0 #clusters 466.
PHY-3001 : End clustering;  0.000012s wall, 0.000000s user + 0.000000s system = 0.000000s CPU (n/a%)

PHY-3001 : Run with size of 4
PHY-3001 : Cell area utilization is 1%
PHY-3001 : :::0::: Try harder cell spreading with beta_ = 0
PHY-3002 : Step(1): len = 93949.8, overlap = 2.25
PHY-3002 : Step(2): len = 60714.8, overlap = 2.25
PHY-3002 : Step(3): len = 45457.2, overlap = 2.25
PHY-3002 : Step(4): len = 36477.5, overlap = 2.25
PHY-3002 : Step(5): len = 29741.8, overlap = 2.25
PHY-3002 : Step(6): len = 27188.5, overlap = 2.25
PHY-3002 : Step(7): len = 23757.9, overlap = 2.25
PHY-3002 : Step(8): len = 21616.1, overlap = 2.25
PHY-3002 : Step(9): len = 22359.5, overlap = 2.25
PHY-3002 : Step(10): len = 20470.9, overlap = 2.25
PHY-3002 : Step(11): len = 19705.4, overlap = 2.25
PHY-3002 : Step(12): len = 17367.6, overlap = 2.25
PHY-3002 : Step(13): len = 17578.6, overlap = 2.25
PHY-3002 : Step(14): len = 16841.9, overlap = 2.25
PHY-3001 : :::1::: Try harder cell spreading with beta_ = 0.000221095
PHY-3002 : Step(15): len = 17011.1, overlap = 0
PHY-3002 : Step(16): len = 16863, overlap = 0
PHY-3002 : Step(17): len = 16315.2, overlap = 0
PHY-3001 : Legalization ...
PHY-3001 : End legalization;  0.007278s wall, 0.000000s user + 0.000000s system = 0.000000s CPU (n/a%)

PHY-3001 : Run with size of 4
PHY-3001 : Cell area utilization is 2%
PHY-3001 : :::0::: Try harder cell spreading with beta_ = 0
PHY-3002 : Step(18): len = 16208.9, overlap = 0
PHY-3002 : Step(19): len = 16368.5, overlap = 0
PHY-3002 : Step(20): len = 16295.7, overlap = 0
PHY-3002 : Step(21): len = 16666.8, overlap = 0
PHY-3002 : Step(22): len = 16307.8, overlap = 0
PHY-3002 : Step(23): len = 16920.1, overlap = 0
PHY-3002 : Step(24): len = 15417.3, overlap = 0
PHY-3002 : Step(25): len = 14359.1, overlap = 0
PHY-3002 : Step(26): len = 15036.9, overlap = 0
PHY-3002 : Step(27): len = 13981.4, overlap = 0
PHY-3002 : Step(28): len = 13425.1, overlap = 0
PHY-3002 : Step(29): len = 12488.2, overlap = 0
PHY-3002 : Step(30): len = 12644.9, overlap = 0
PHY-3002 : Step(31): len = 12302.3, overlap = 0
PHY-3002 : Step(32): len = 12612.2, overlap = 0
PHY-3002 : Step(33): len = 12678.6, overlap = 0
PHY-3002 : Step(34): len = 12362.2, overlap = 0
PHY-3002 : Step(35): len = 12404.9, overlap = 0
PHY-3002 : Step(36): len = 12364, overlap = 0
PHY-3002 : Step(37): len = 12016.3, overlap = 0
PHY-3002 : Step(38): len = 11802.5, overlap = 0
PHY-3002 : Step(39): len = 11869, overlap = 0
PHY-3002 : Step(40): len = 11690.7, overlap = 0
PHY-3002 : Step(41): len = 11722, overlap = 0
PHY-3002 : Step(42): len = 11813.8, overlap = 0
PHY-3002 : Step(43): len = 11633.3, overlap = 0
PHY-3002 : Step(44): len = 11681.5, overlap = 0
PHY-3002 : Step(45): len = 11353.3, overlap = 0
PHY-3002 : Step(46): len = 11335.5, overlap = 0
PHY-3002 : Step(47): len = 11400.6, overlap = 0
PHY-3002 : Step(48): len = 11246.2, overlap = 0
PHY-3002 : Step(49): len = 11422.3, overlap = 0
PHY-3002 : Step(50): len = 11513.2, overlap = 0
PHY-3002 : Step(51): len = 11329.9, overlap = 0
PHY-3002 : Step(52): len = 10725, overlap = 0
PHY-3002 : Step(53): len = 10744.2, overlap = 0
PHY-3002 : Step(54): len = 10702.7, overlap = 0
PHY-3002 : Step(55): len = 10707.2, overlap = 0
PHY-3002 : Step(56): len = 10520.8, overlap = 0
PHY-3002 : Step(57): len = 10726.9, overlap = 0
PHY-3002 : Step(58): len = 10810.7, overlap = 0
PHY-3002 : Step(59): len = 10550.9, overlap = 0.0625
PHY-3002 : Step(60): len = 10600.4, overlap = 0.5
PHY-3002 : Step(61): len = 10537.1, overlap = 0.375
PHY-3002 : Step(62): len = 10384.5, overlap = 0.4375
PHY-3002 : Step(63): len = 10368.6, overlap = 0.3125
PHY-3002 : Step(64): len = 10439.4, overlap = 0.3125
PHY-3002 : Step(65): len = 10315.3, overlap = 0.125
PHY-3002 : Step(66): len = 10350.4, overlap = 0.125
PHY-3002 : Step(67): len = 10112.2, overlap = 0.25
PHY-3002 : Step(68): len = 10224.8, overlap = 0.3125
PHY-3002 : Step(69): len = 9938, overlap = 0.3125
PHY-3002 : Step(70): len = 9988.5, overlap = 0.375
PHY-3002 : Step(71): len = 10046, overlap = 0.375
PHY-3002 : Step(72): len = 10156.4, overlap = 0.375
PHY-3002 : Step(73): len = 9867.8, overlap = 0.4375
PHY-3002 : Step(74): len = 9912.6, overlap = 0.375
PHY-3002 : Step(75): len = 9930.1, overlap = 0.25
PHY-3002 : Step(76): len = 9708.6, overlap = 0.25
PHY-3002 : Step(77): len = 9708.6, overlap = 0.25
PHY-3001 : Run with size of 2
PHY-3001 : Cell area utilization is 2%
PHY-3001 : :::0::: Try harder cell spreading with beta_ = 0.000106145
PHY-3002 : Step(78): len = 10138.2, overlap = 9.84375
PHY-3002 : Step(79): len = 10236, overlap = 9.875
PHY-3002 : Step(80): len = 10257.1, overlap = 8.40625
PHY-3001 : :::1::: Try harder cell spreading with beta_ = 0.000212289
PHY-3002 : Step(81): len = 9993.4, overlap = 8.6875
PHY-3002 : Step(82): len = 9993.4, overlap = 8.6875
PHY-3001 : :::2::: Try harder cell spreading with beta_ = 0.000424578
PHY-3002 : Step(83): len = 10110.4, overlap = 8.6875
PHY-3002 : Step(84): len = 10177.8, overlap = 8.625
PHY-3002 : Step(85): len = 10177.8, overlap = 8.625
OPT-1001 : Start physical optimization ...
OPT-1001 : Total overflow 23.97 peak overflow 2.47
OPT-1001 : Start high-fanout net optimization ...
OPT-1001 : Update timing in global mode
PHY-1001 : Start incremental global routing, caller is place ...
RUN-1001 : Generating global routing grids ...
RUN-1001 : Building simple global routing graph ...
PHY-1001 : Generate routing nets ...
PHY-1001 : Reuse net number 0/628.
PHY-1001 : Global iterations in 8 thread ...
PHY-1002 : len = 10848, over cnt = 35(0%), over = 113, worst = 10
PHY-1001 : End global iterations;  0.029038s wall, 0.015625s user + 0.000000s system = 0.015625s CPU (53.8%)

PHY-1001 : Congestion index: top1 = 16.21, top5 = 6.66, top10 = 3.68, top15 = 2.46.
PHY-1001 : End incremental global routing;  0.083822s wall, 0.031250s user + 0.031250s system = 0.062500s CPU (74.6%)

RUN-1002 : start command "start_timer -report"
TMR-5001 WARNING: No sdc constraints found while initiating timer.
TMR-2505 : Start building timing graph for model responder.
TMR-2506 : Build timing graph completely. Port num: 11, tpin num: 2111, tnet num: 626, tinst num: 466, tnode num: 2718, tedge num: 3416.
TMR-2508 : Levelizing timing graph completed, there are 23 levels in total.
TMR-2501 : Timing graph initialized successfully.
OPT-1001 : End timing update;  0.240152s wall, 0.203125s user + 0.000000s system = 0.203125s CPU (84.6%)

OPT-1001 : 0 high-fanout net processed.
OPT-1001 : End high-fanout net optimization;  0.333444s wall, 0.250000s user + 0.031250s system = 0.281250s CPU (84.3%)

OPT-1001 : Current memory(MB): used = 138, reserve = 109, peak = 138.
OPT-1001 : End physical optimization;  0.341370s wall, 0.250000s user + 0.031250s system = 0.281250s CPU (82.4%)

PHY-3001 : Start packing ...
SYN-4007 : Packing 0 MUX to BLE ...
SYN-4008 : Packed 0 MUX and 0 SEQ to BLE.
SYN-4007 : Packing 195 LUT to BLE ...
SYN-4008 : Packed 195 LUT and 94 SEQ to BLE.
SYN-4003 : Packing 78 remaining SEQ's ...
SYN-4005 : Packed 57 SEQ with LUT/SLICE
SYN-4006 : 53 single LUT's are left
SYN-4006 : 21 single SEQ's are left
SYN-4011 : Packing model "responder" (AL_USER_NORMAL) with 216/317 primitive instances ...
PHY-3001 : End packing;  0.015785s wall, 0.000000s user + 0.000000s system = 0.000000s CPU (n/a%)

PHY-1001 : Populate physical database on model responder.
RUN-1001 : There are total 228 instances
RUN-1001 : 93 mslices, 94 lslices, 33 pads, 0 brams, 1 dsps
RUN-1001 : There are total 547 nets
RUN-1001 : 300 nets have 2 pins
RUN-1001 : 195 nets have [3 - 5] pins
RUN-1001 : 39 nets have [6 - 10] pins
RUN-1001 : 8 nets have [11 - 20] pins
RUN-1001 : 3 nets have [21 - 99] pins
RUN-1001 : 2 nets have 100+ pins
PHY-3001 : design contains 226 instances, 187 slices, 9 macros(60 instances: 34 mslices 26 lslices)
PHY-3001 : Cell area utilization is 2%
PHY-3001 : After packing: Len = 10650, Over = 14
PHY-3001 : Run with size of 2
PHY-3001 : Cell area utilization is 2%
PHY-3001 : :::0::: Try harder cell spreading with beta_ = 9.67488e-05
PHY-3002 : Step(86): len = 10432.4, overlap = 13.25
PHY-3002 : Step(87): len = 10427.5, overlap = 12.75
PHY-3002 : Step(88): len = 10392.6, overlap = 13.5
PHY-3001 : :::1::: Try harder cell spreading with beta_ = 0.000193498
PHY-3002 : Step(89): len = 10486.1, overlap = 12.75
PHY-3002 : Step(90): len = 10486.1, overlap = 12.75
PHY-3002 : Step(91): len = 10388, overlap = 13.25
PHY-3001 : :::2::: Try harder cell spreading with beta_ = 0.000386995
PHY-3002 : Step(92): len = 10546.1, overlap = 12.25
PHY-3002 : Step(93): len = 10546.1, overlap = 12.25
PHY-3001 : Legalization ...
PHY-3001 : End legalization;  0.053828s wall, 0.000000s user + 0.000000s system = 0.000000s CPU (n/a%)

PHY-3001 : Trial Legalized: Len = 15119.9
PHY-3001 : Run with size of 2
PHY-3001 : Cell area utilization is 2%
PHY-3001 : :::0::: Try harder cell spreading with beta_ = 0
PHY-3002 : Step(94): len = 12302.9, overlap = 2.25
PHY-3002 : Step(95): len = 11305.3, overlap = 5.5
PHY-3002 : Step(96): len = 10764.6, overlap = 6
PHY-3002 : Step(97): len = 10742.1, overlap = 5.75
PHY-3002 : Step(98): len = 10702.4, overlap = 5.75
PHY-3001 : :::1::: Try harder cell spreading with beta_ = 0.000204974
PHY-3002 : Step(99): len = 10577.7, overlap = 5.5
PHY-3002 : Step(100): len = 10557.2, overlap = 5.5
PHY-3002 : Step(101): len = 10557.2, overlap = 5.5
PHY-3001 : :::2::: Try harder cell spreading with beta_ = 0.000409949
PHY-3002 : Step(102): len = 10506.1, overlap = 5.5
PHY-3002 : Step(103): len = 10490, overlap = 5.5
PHY-3001 : Legalization ...
PHY-3001 : End legalization;  0.005171s wall, 0.000000s user + 0.000000s system = 0.000000s CPU (n/a%)

PHY-3001 : Legalized: Len = 13299, Over = 0
PHY-3001 : Spreading special nets. 2 overflows in 2952 tiles.
PHY-3001 : End spreading;  0.003172s wall, 0.000000s user + 0.000000s system = 0.000000s CPU (n/a%)

PHY-3001 : 3 instances has been re-located, deltaX = 1, deltaY = 2, maxDist = 1.
PHY-3001 : Final: Len = 13365, Over = 0
OPT-1001 : Start physical optimization ...
OPT-1001 : Total overflow 0.00 peak overflow 0.00
OPT-1001 : Start high-fanout net optimization ...
OPT-1001 : Update timing in global mode
PHY-1001 : Start incremental global routing, caller is place ...
RUN-1001 : Generating global routing grids ...
PHY-1001 : Generate routing nets ...
PHY-1001 : Reuse net number 47/547.
PHY-1001 : Global iterations in 8 thread ...
PHY-1002 : len = 14664, over cnt = 37(0%), over = 73, worst = 6
PHY-1002 : len = 15184, over cnt = 14(0%), over = 23, worst = 5
PHY-1002 : len = 15544, over cnt = 0(0%), over = 0, worst = 0
PHY-1001 : End global iterations;  0.049261s wall, 0.015625s user + 0.000000s system = 0.015625s CPU (31.7%)

PHY-1001 : Congestion index: top1 = 19.78, top5 = 8.95, top10 = 5.20, top15 = 3.47.
PHY-1001 : End incremental global routing;  0.099789s wall, 0.062500s user + 0.000000s system = 0.062500s CPU (62.6%)

RUN-1002 : start command "start_timer -report"
TMR-5001 WARNING: No sdc constraints found while initiating timer.
TMR-2505 : Start building timing graph for model responder.
TMR-2506 : Build timing graph completely. Port num: 11, tpin num: 1852, tnet num: 545, tinst num: 226, tnode num: 2331, tedge num: 3181.
TMR-2508 : Levelizing timing graph completed, there are 23 levels in total.
TMR-2501 : Timing graph initialized successfully.
OPT-1001 : End timing update;  0.221408s wall, 0.156250s user + 0.015625s system = 0.171875s CPU (77.6%)

OPT-1001 : 0 high-fanout net processed.
OPT-1001 : End high-fanout net optimization;  0.327728s wall, 0.234375s user + 0.015625s system = 0.250000s CPU (76.3%)

OPT-1001 : Current memory(MB): used = 140, reserve = 111, peak = 140.
OPT-1001 : Update timing in Manhattan mode
OPT-1001 : End timing update;  0.000459s wall, 0.000000s user + 0.000000s system = 0.000000s CPU (n/a%)

OPT-1001 : Start pin optimization...
OPT-1001 : skip pin optimization...
RUN-1001 : Generating global routing grids ...
PHY-1001 : Generate routing nets ...
PHY-1001 : Reuse net number 438/547.
PHY-1001 : Global iterations in 8 thread ...
PHY-1002 : len = 15544, over cnt = 0(0%), over = 0, worst = 0
PHY-1001 : End global iterations;  0.002389s wall, 0.000000s user + 0.000000s system = 0.000000s CPU (n/a%)

PHY-1001 : Congestion index: top1 = 19.78, top5 = 8.95, top10 = 5.20, top15 = 3.47.
OPT-1001 : Update timing in Manhattan mode
OPT-1001 : End timing update;  0.000704s wall, 0.000000s user + 0.000000s system = 0.000000s CPU (n/a%)

RUN-1001 : QoR Analysis:
OPT-0007 :   WNS 2147483647 TNS 0 NUM_FEPS 0
RUN-1001 :   No local congestion issue, and most congested 1% tile average routing util is 19.379310
RUN-1001 :   Top critical paths
OPT-1001 : End physical optimization;  0.379485s wall, 0.281250s user + 0.015625s system = 0.296875s CPU (78.2%)

RUN-1003 : finish command "place" in  2.438403s wall, 1.328125s user + 0.421875s system = 1.750000s CPU (71.8%)

RUN-1004 : used memory is 131 MB, reserved memory is 101 MB, peak memory is 141 MB
RUN-1002 : start command "export_db responder_place.db"
RUN-1001 : Exported /
RUN-1001 : Exported flow parameters
RUN-1001 : Exported libs
RUN-1001 : Exported entities
RUN-1001 : Exported ports
RUN-1001 : Exported pins
RUN-1001 : Exported instances
RUN-1001 : Exported nets
RUN-1001 : Exported buses
RUN-1001 : Exported models
RUN-1001 : Exported congestions
RUN-1001 : Exported violations
RUN-1001 : Exported IO constraints
RUN-1001 : Exported Inst constraints
RUN-1002 : start command "route"
RUN-1001 : Open license file C:/Anlogic/TD5.6.2/license/Anlogic.lic
RUN-1001 : Print Global Property
RUN-1001 : ---------------------------------------------------------------
RUN-1001 :        Parameters        |  Settings  |  Default Values  |  Note  
RUN-1001 : ---------------------------------------------------------------
RUN-1001 :          message         |  standard  |     standard     |        
RUN-1001 :   mixed_pack_place_flow  |     on     |        on        |        
RUN-1001 :        qor_monitor       |    off     |       off        |        
RUN-1001 :        syn_ip_flow       |    off     |       off        |        
RUN-1001 :          thread          |    auto    |       auto       |        
RUN-1001 : ---------------------------------------------------------------
RUN-1002 : start command "set_param route phy_sim_model on"
RUN-1001 : Print Route Property
RUN-1001 : -------------------------------------------------------
RUN-1001 :    Parameters    |  Settings  |  Default Values  |  Note  
RUN-1001 : -------------------------------------------------------
RUN-1001 :      effort      |   medium   |      medium      |        
RUN-1001 :     fix_hold     |    off     |       off        |        
RUN-1001 :    opt_timing    |   medium   |      medium      |        
RUN-1001 :   phy_sim_model  |     on     |       off        |   *    
RUN-1001 :     priority     |   timing   |      timing      |        
RUN-1001 :     swap_pin     |     on     |        on        |        
RUN-1001 : -------------------------------------------------------
PHY-1001 : Route runs in 8 thread(s)
RUN-1001 : There are total 228 instances
RUN-1001 : 93 mslices, 94 lslices, 33 pads, 0 brams, 1 dsps
RUN-1001 : There are total 547 nets
RUN-1001 : 300 nets have 2 pins
RUN-1001 : 195 nets have [3 - 5] pins
RUN-1001 : 39 nets have [6 - 10] pins
RUN-1001 : 8 nets have [11 - 20] pins
RUN-1001 : 3 nets have [21 - 99] pins
RUN-1001 : 2 nets have 100+ pins
RUN-1002 : start command "start_timer -report"
TMR-5001 WARNING: No sdc constraints found while initiating timer.
TMR-2505 : Start building timing graph for model responder.
TMR-2506 : Build timing graph completely. Port num: 11, tpin num: 1852, tnet num: 545, tinst num: 226, tnode num: 2331, tedge num: 3181.
TMR-2508 : Levelizing timing graph completed, there are 23 levels in total.
TMR-2501 : Timing graph initialized successfully.
PHY-1001 : 93 mslices, 94 lslices, 33 pads, 0 brams, 1 dsps
TMR-2503 : Start to update net delay, extr mode = 3.
TMR-2504 : Update delay of 545 nets completely.
TMR-2502 : Annotate delay completely, extr mode = 3.
TMR-3002 : No user constraint, initiate default constraint.
TMR-1501 : Assign derive clock DeriveClock to 286 clock pins, and constraint 479 relative nodes.
TMR-3003 : Constraints initiated successfully.
TMR-3501 : Forward propagation: start to calculate arrival time...
TMR-3502 : Backward propagation: start to calculate required time...
TMR-3503 : Timing propagation completes.
PHY-1001 : Start global routing, caller is route ...
RUN-1001 : Generating global routing grids ...
PHY-1001 : Generate routing nets ...
PHY-1001 : Global iterations in 8 thread ...
PHY-1002 : len = 14536, over cnt = 37(0%), over = 71, worst = 6
PHY-1002 : len = 15024, over cnt = 15(0%), over = 24, worst = 5
PHY-1002 : len = 15384, over cnt = 0(0%), over = 0, worst = 0
PHY-1001 : End global iterations;  0.056678s wall, 0.031250s user + 0.000000s system = 0.031250s CPU (55.1%)

PHY-1001 : Congestion index: top1 = 19.59, top5 = 8.97, top10 = 5.12, top15 = 3.41.
PHY-1001 : End global routing;  0.107947s wall, 0.078125s user + 0.000000s system = 0.078125s CPU (72.4%)

PHY-1001 : Start detail routing ...
PHY-1001 : Current memory(MB): used = 154, reserve = 125, peak = 162.
PHY-1001 : Detailed router is running in normal mode.
PHY-1001 : Generate detailed routing grids ...
PHY-1001 : Processed IO instance DigitronCS_Out[3]_syn_2 with INV attribute.
PHY-1001 : Processed IO instance DigitronCS_Out[2]_syn_2 with INV attribute.
PHY-1001 : Processed IO instance DigitronCS_Out[1]_syn_2 with INV attribute.
PHY-1001 : Processed IO instance DigitronCS_Out[0]_syn_2 with INV attribute.
PHY-1001 : Generate nets ...
PHY-1001 : net CLK_dup_1 will be routed on clock mesh
PHY-1001 : net Set_Time_dup_1 will be routed on clock mesh
PHY-1001 : clock net U7/temp_time_n_syn_3 will be merged with clock U7/temp_time_n
PHY-1001 : clock net U2/CLK1_syn_4 will be merged with clock U2/CLK1
PHY-1001 : clock net U4/SingleNum_b_n4_syn_10 will be merged with clock U4/SingleNum_b_n4
PHY-1001 : clock net U4/W_DigitronCS_Out_n_syn_4 will be merged with clock U4/W_DigitronCS_Out_n
PHY-1001 : Current memory(MB): used = 423, reserve = 397, peak = 423.
PHY-1001 : End build detailed router design. 3.893745s wall, 3.390625s user + 0.046875s system = 3.437500s CPU (88.3%)

PHY-1001 : Detail Route ...
PHY-1001 : ===== Detail Route Phase 1 =====
PHY-1001 : Clock net routing.....
PHY-1001 : Routed 1% nets.
PHY-1022 : len = 13240, over cnt = 0(0%), over = 0, worst = 0, crit = 0
PHY-1001 : End initial clock net routed; 2.100718s wall, 1.765625s user + 0.031250s system = 1.796875s CPU (85.5%)

PHY-1001 : Current memory(MB): used = 455, reserve = 430, peak = 455.
PHY-1001 : End phase 1; 2.106665s wall, 1.781250s user + 0.031250s system = 1.812500s CPU (86.0%)

PHY-1001 : ===== Detail Route Phase 2 =====
PHY-1001 : Initial routing.....
PHY-1001 : Routed 28% nets.
PHY-1001 : Routed 38% nets.
PHY-1001 : Routed 48% nets.
PHY-1001 : Routed 62% nets.
PHY-1001 : Routed 83% nets.
PHY-1022 : len = 45032, over cnt = 16(0%), over = 16, worst = 1, crit = 0
PHY-1001 : Current memory(MB): used = 455, reserve = 430, peak = 455.
PHY-1001 : End initial routed; 0.344600s wall, 0.312500s user + 0.015625s system = 0.328125s CPU (95.2%)

PHY-1001 : Current memory(MB): used = 455, reserve = 430, peak = 455.
PHY-1001 : End phase 2; 0.344680s wall, 0.312500s user + 0.015625s system = 0.328125s CPU (95.2%)

PHY-1001 : ===== Detail Route Phase 3 =====
PHY-1001 : Ripup-reroute.....
PHY-1001 : ===== DR Iter 1 =====
PHY-1022 : len = 44992, over cnt = 3(0%), over = 3, worst = 1, crit = 0
PHY-1001 : End DR Iter 1; 0.016135s wall, 0.000000s user + 0.000000s system = 0.000000s CPU (n/a%)

PHY-1001 : ===== DR Iter 2 =====
PHY-1022 : len = 45016, over cnt = 1(0%), over = 1, worst = 1, crit = 0
PHY-1001 : End DR Iter 2; 0.014103s wall, 0.015625s user + 0.000000s system = 0.015625s CPU (110.8%)

PHY-1001 : ===== DR Iter 3 =====
PHY-1022 : len = 45048, over cnt = 0(0%), over = 0, worst = 0, crit = 0
PHY-1001 : End DR Iter 3; 0.014711s wall, 0.015625s user + 0.000000s system = 0.015625s CPU (106.2%)

PHY-1001 : Commit to database.....
PHY-1001 : 3 feed throughs used by 3 nets
PHY-1001 : End commit to database; 0.073878s wall, 0.078125s user + 0.000000s system = 0.078125s CPU (105.7%)

PHY-1001 : Current memory(MB): used = 465, reserve = 441, peak = 465.
PHY-1001 : End phase 3; 0.250347s wall, 0.218750s user + 0.000000s system = 0.218750s CPU (87.4%)

PHY-1003 : Routed, final wirelength = 45048
PHY-1001 : Current memory(MB): used = 465, reserve = 441, peak = 465.
PHY-1001 : End export database. 0.006011s wall, 0.000000s user + 0.000000s system = 0.000000s CPU (n/a%)

PHY-1001 : End detail routing;  6.818862s wall, 5.796875s user + 0.093750s system = 5.890625s CPU (86.4%)

RUN-1003 : finish command "route" in  7.230542s wall, 6.156250s user + 0.109375s system = 6.265625s CPU (86.7%)

RUN-1004 : used memory is 420 MB, reserved memory is 395 MB, peak memory is 465 MB
RUN-1002 : start command "report_area -io_info -file responder_phy.area"
RUN-1001 : standard
***Report Model: responder Device: EG4S20BG256***

IO Statistics
#IO                        33
  #input                    7
  #output                  26
  #inout                    0

Utilization Statistics
#lut                      326   out of  19600    1.66%
#reg                      200   out of  19600    1.02%
#le                       347
  #lut only               147   out of    347   42.36%
  #reg only                21   out of    347    6.05%
  #lut&reg                179   out of    347   51.59%
#dsp                        1   out of     29    3.45%
#bram                       0   out of     64    0.00%
  #bram9k                   0
  #fifo9k                   0
#bram32k                    0   out of     16    0.00%
#pad                       33   out of    188   17.55%
  #ireg                     4
  #oreg                    14
  #treg                     0
#pll                        0   out of      4    0.00%
#gclk                       4   out of     16   25.00%

Clock Resource Statistics
Index     ClockNet                 Type               DriverType         Driver                      Fanout
#1        CLK_dup_1                GCLK               io                 CLK_syn_2.di                111
#2        Set_Time_dup_1           GCLK               io                 Set_Time_syn_2.di           12
#3        U2/CLK1                  GCLK               lslice             U2/TimerL_b1[2]_syn_8.q0    9
#4        U4/W_DigitronCS_Out_n    GCLK               lslice             U4/reg2_syn_29.f1           7
#5        U7/temp_time_n           GCLK               mslice             U3/reg0_syn_106.f0          5
#6        U4/SingleNum_b_n4        GCLK               mslice             U4/sel1_syn_127.f0          3


Detailed IO Report

        Name           Direction    Location    IOStandard    DriveStrength    PullType    PackReg  
         CLK             INPUT         R7        LVCMOS33          N/A          PULLUP      NONE    
      Key_In[3]          INPUT        F10        LVCMOS33          N/A          PULLUP      IREG    
      Key_In[2]          INPUT        C11        LVCMOS33          N/A          PULLUP      IREG    
      Key_In[1]          INPUT        D11        LVCMOS33          N/A          PULLUP      IREG    
      Key_In[0]          INPUT        E11        LVCMOS33          N/A          PULLUP      IREG    
        RSTn             INPUT         A9        LVCMOS33          N/A          PULLUP      NONE    
      Set_Time           INPUT        A10        LVCMOS33          N/A          PULLUP      NONE    
     Buzzer_Out         OUTPUT        H11        LVCMOS33           8            NONE       OREG    
  DigitronCS_Out[3]     OUTPUT         A3        LVCMOS33           8            NONE       OREG    
  DigitronCS_Out[2]     OUTPUT         A5        LVCMOS33           8            NONE       OREG    
  DigitronCS_Out[1]     OUTPUT         B6        LVCMOS33           8            NONE       OREG    
  DigitronCS_Out[0]     OUTPUT         C9        LVCMOS33           8            NONE       OREG    
   Digitron_Out[7]      OUTPUT         C8        LVCMOS33           8            NONE       NONE    
   Digitron_Out[6]      OUTPUT         A8        LVCMOS33           8            NONE       NONE    
   Digitron_Out[5]      OUTPUT         B5        LVCMOS33           8            NONE       NONE    
   Digitron_Out[4]      OUTPUT         A7        LVCMOS33           8            NONE       NONE    
   Digitron_Out[3]      OUTPUT         E8        LVCMOS33           8            NONE       NONE    
   Digitron_Out[2]      OUTPUT         B8        LVCMOS33           8            NONE       NONE    
   Digitron_Out[1]      OUTPUT         A6        LVCMOS33           8            NONE       NONE    
   Digitron_Out[0]      OUTPUT         A4        LVCMOS33           8            NONE       NONE    
     Key_Row[3]         OUTPUT        E10        LVCMOS33           8            NONE       NONE    
     Key_Row[2]         OUTPUT        C10        LVCMOS33           8            NONE       NONE    
     Key_Row[1]         OUTPUT         F9        LVCMOS33           8            NONE       NONE    
     Key_Row[0]         OUTPUT         D9        LVCMOS33           8            NONE       NONE    
     LED_Out[3]         OUTPUT         C2        LVCMOS33           8            NONE       OREG    
     LED_Out[2]         OUTPUT         C1        LVCMOS33           8            NONE       OREG    
     LED_Out[1]         OUTPUT         E4        LVCMOS33           8            NONE       OREG    
     LED_Out[0]         OUTPUT         D3        LVCMOS33           8            NONE       OREG    
  LED_OverTime_Out      OUTPUT        F16        LVCMOS33           8            NONE       OREG    
     LED_Run[3]         OUTPUT        C15        LVCMOS33           8            NONE       OREG    
     LED_Run[2]         OUTPUT        B16        LVCMOS33           8            NONE       OREG    
     LED_Run[1]         OUTPUT        B15        LVCMOS33           8            NONE       OREG    
     LED_Run[0]         OUTPUT        B14        LVCMOS33           8            NONE       OREG    

Report Hierarchy Area:
+-----------------------------------------------------------------------------------+
|Instance |Module              |le     |lut     |ripple  |seq     |bram    |dsp     |
+-----------------------------------------------------------------------------------+
|top      |responder           |347    |266     |60      |218     |0       |1       |
|  U1     |Sel_module          |64     |50      |7       |38      |0       |0       |
|  U2     |Timer_module        |68     |57      |11      |39      |0       |0       |
|  U3     |Buzzer_module       |40     |25      |6       |28      |0       |0       |
|  U4     |Digitron_NumDisplay |63     |54      |9       |26      |0       |0       |
|  U5     |key_filter          |31     |20      |11      |21      |0       |0       |
|  U6     |led8_module         |38     |27      |6       |27      |0       |0       |
|  U7     |countdown_module    |33     |28      |5       |19      |0       |1       |
+-----------------------------------------------------------------------------------+


DataNet Average Fanout:

   Index     Fanout    Nets  
    #1         1       267   
    #2         2       170   
    #3         3        12   
    #4         4        12   
    #5        5-10      36   
    #6       11-50      8    
    #7       51-100     1    
  Average     2.21           

RUN-1002 : start command "write_verilog simulation/responder_phy_sim.v"
HDL-1201 : write out verilog file simulation/responder_phy_sim.v
RUN-1002 : start command "export_db responder_pr.db"
RUN-1001 : Exported /
RUN-1001 : Exported flow parameters
RUN-1001 : Exported libs
RUN-1001 : Exported entities
RUN-1001 : Exported ports
RUN-1001 : Exported pins
RUN-1001 : Exported instances
RUN-1001 : Exported nets
RUN-1001 : Exported buses
RUN-1001 : Exported models
RUN-1001 : Exported congestions
RUN-1001 : Exported violations
RUN-1001 : Exported IO constraints
RUN-1001 : Exported Inst constraints
RUN-1002 : start command "start_timer"
TMR-5001 WARNING: No sdc constraints found while initiating timer.
TMR-2505 : Start building timing graph for model responder.
TMR-2506 : Build timing graph completely. Port num: 11, tpin num: 1852, tnet num: 545, tinst num: 226, tnode num: 2331, tedge num: 3181.
TMR-2508 : Levelizing timing graph completed, there are 23 levels in total.
TMR-2501 : Timing graph initialized successfully.
RUN-1002 : start command "report_timing -mode FINAL -net_info -rpt_autogen true -file responder_phy.timing -sdf simulation/responder.sdf"
TMR-2503 : Start to update net delay, extr mode = 6.
TMR-2504 : Update delay of 545 nets completely.
TMR-2502 : Annotate delay completely, extr mode = 6.
TMR-3002 : No user constraint, initiate default constraint.
TMR-1501 : Assign derive clock DeriveClock to 286 clock pins, and constraint 479 relative nodes.
TMR-3003 : Constraints initiated successfully.
TMR-3501 : Forward propagation: start to calculate arrival time...
TMR-3502 : Backward propagation: start to calculate required time...
TMR-3503 : Timing propagation completes.
TMR-3506 : Start to generate timing report.
TMR-1502 : Number of clock constraints = 0. Number of clock nets = 6 (6 unconstrainted).
TMR-5009 WARNING: No clock constraint on 6 clock net(s): 
		CLK_dup_1
		Set_Time_dup_1
		U2/CLK1_syn_4
		U4/SingleNum_b_n4_syn_10
		U4/W_DigitronCS_Out_n_syn_4
		U7/temp_time_n_syn_3
TMR-3508 : Export timing summary.
TMR-3507 : Timing report generated successfully in responder_phy.timing, timing summary in responder_phy.tsm.
TMR-1001 : Start to generate SDF file...
RUN-1002 : start command "write_verilog -sdf responder.sdf simulation/responder_phy_sim_sta.v"
HDL-1201 : write out verilog file simulation/responder_phy_sim_sta.v
RUN-1002 : start command "export_bid responder_inst.bid"
RUN-1002 : start command "bitgen -bit responder.bit -unused_io_status pulldown"
BIT-1003 : Start to generate bitstream. 
BIT-1002 : Bitgen processed 155 unused pads, reserve input tri_state with pulldown
BIT-1002 : Init instances with 8 threads.
BIT-1002 : Init instances completely, inst num: 381
BIT-1002 : Init pips with 8 threads.
BIT-1002 : Init pips completely, net num: 547, pip num: 3902
BIT-1002 : Init feedthrough completely, num: 3
BIT-1003 : Multithreading accelaration with 8 threads.
BIT-1003 : Generate bitstream completely, there are 685 valid insts, and 11928 bits set as '1'.
BIT-1004 : PLL setting string = 0000
BIT-1004 : Generate bits file responder.bit.
RUN-1003 : finish command "bitgen -bit responder.bit -unused_io_status pulldown" in  1.959758s wall, 3.593750s user + 0.031250s system = 3.625000s CPU (185.0%)

RUN-1004 : used memory is 433 MB, reserved memory is 408 MB, peak memory is 584 MB
RUN-1002 : start command "backup_run_log run.log ../.logs/phy_1/td_20240727_182038.log"
