============================================================
   Tang Dynasty, V5.6.71036
      Copyright (c) 2012-2023 Anlogic Inc.
   Executable = C:/Anlogic/TD5.6.2/bin/td.exe
   Built at =   20:34:38 Mar 21 2023
   Run by =     Timmy
   Run Date =   Sat Jul 27 18:01:55 2024

   Run on =     DESKTOP-A28VB3Q
============================================================
RUN-1002 : start command "open_project responder.prj"
RUN-1001 : Print Global Property
RUN-1001 : ---------------------------------------------------------------
RUN-1001 :        Parameters        |  Settings  |  Default Values  |  Note  
RUN-1001 : ---------------------------------------------------------------
RUN-1001 :          message         |  standard  |     standard     |        
RUN-1001 :   mixed_pack_place_flow  |     on     |        on        |        
RUN-1001 :        qor_monitor       |    off     |       off        |        
RUN-1001 :        syn_ip_flow       |    off     |       off        |        
RUN-1001 :          thread          |    auto    |       auto       |        
RUN-1001 : ---------------------------------------------------------------
RUN-1001 : Print Design Property
RUN-1001 : --------------------------------------------------------------
RUN-1001 :        Parameters       |  Settings  |  Default Values  |  Note  
RUN-1001 : --------------------------------------------------------------
RUN-1001 :   default_reg_initial   |    auto    |       auto       |        
RUN-1001 :        infer_add        |     on     |        on        |        
RUN-1001 :        infer_fsm        |    off     |       off        |        
RUN-1001 :        infer_mult       |     on     |        on        |        
RUN-1001 :        infer_ram        |     on     |        on        |        
RUN-1001 :        infer_reg        |     on     |        on        |        
RUN-1001 :   infer_reg_init_value  |     on     |        on        |        
RUN-1001 :        infer_rom        |     on     |        on        |        
RUN-1001 :      infer_shifter      |     on     |        on        |        
RUN-1001 : --------------------------------------------------------------
RUN-1001 : Print Rtl Property
RUN-1001 : --------------------------------------------------------------
RUN-1001 :        Parameters       |  Settings  |  Default Values  |  Note  
RUN-1001 : --------------------------------------------------------------
RUN-1001 :       compress_add      |   ripple   |      ripple      |        
RUN-1001 :        elf_sload        |    off     |       off        |        
RUN-1001 :       fix_undriven      |     0      |        0         |        
RUN-1001 :         flatten         |    off     |       off        |        
RUN-1001 :       gate_sharing      |     on     |        on        |        
RUN-1001 :    hdl_warning_level    |   normal   |      normal      |        
RUN-1001 :   impl_internal_tribuf  |     on     |        on        |        
RUN-1001 :      impl_set_reset     |     on     |        on        |        
RUN-1001 :        infer_gsr        |    off     |       off        |        
RUN-1001 :      keep_hierarchy     |    auto    |       auto       |        
RUN-1001 :        max_fanout       |    9999    |       9999       |        
RUN-1001 :      max_oh2bin_len     |     10     |        10        |        
RUN-1001 :       merge_equal       |     on     |        on        |        
RUN-1001 :       merge_equiv       |     on     |        on        |        
RUN-1001 :        merge_mux        |    off     |       off        |        
RUN-1001 :     min_control_set     |     8      |        8         |        
RUN-1001 :      min_ripple_len     |    auto    |       auto       |        
RUN-1001 :       oh2bin_ratio      |    0.08    |       0.08       |        
RUN-1001 :     opt_adder_fanout    |     on     |        on        |        
RUN-1001 :        opt_arith        |     on     |        on        |        
RUN-1001 :       opt_big_gate      |    off     |       off        |        
RUN-1001 :        opt_const        |     on     |        on        |        
RUN-1001 :      opt_const_mult     |     on     |        on        |        
RUN-1001 :       opt_lessthan      |     on     |        on        |        
RUN-1001 :         opt_mux         |    off     |       off        |        
RUN-1001 :         opt_ram         |    high    |       high       |        
RUN-1001 :      rtl_sim_model      |    off     |       off        |        
RUN-1001 :         seq_syn         |     on     |        on        |        
RUN-1001 : --------------------------------------------------------------
HDL-1007 : analyze verilog file ../../responder.v
HDL-1007 : analyze verilog file ../../Sel_module.v
HDL-1007 : analyze verilog file ../../Timer_module.v
HDL-1007 : analyze verilog file ../../Buzzer_module.v
HDL-1007 : analyze verilog file ../../Digitron_NumDisplay.v
HDL-1007 : analyze verilog file ../../key_filter.v
HDL-1007 : analyze verilog file ../../../../1 run_led/run_led/led8_module.v
HDL-1007 : analyze verilog file ../../countdown_module.v
RUN-1001 : Project manager successfully analyzed 8 source files.
RUN-1002 : start command "import_device eagle_s20.db -package EG4S20BG256"
ARC-1001 : Device Initialization.
ARC-1001 : ------------------------------------------------------------------
ARC-1001 :            OPTION            |          IO          |   SETTING   
ARC-1001 : ------------------------------------------------------------------
ARC-1001 :   cso_b/cclk/mosi/miso/dout  |  T3/R11/T10/P10/S11  |    gpio    
ARC-1001 :             done             |         P13          |    gpio    
ARC-1001 :           program_b          |          T2          |  dedicate  
ARC-1001 :        tdi/tms/tck/tdo       |   C12/A15/C14/E14    |  dedicate  
ARC-1001 : ------------------------------------------------------------------
ARC-1004 : Device setting, marked 5 dedicate IOs in total.
RUN-1002 : start command "import_db ../syn_1/responder_gate.db"
RUN-1001 : Importing database generated by Tang Dynasty, V5.6.71036.
RUN-1001 : Database version number 46146.
RUN-1001 : Import flow parameters
RUN-1001 : Import IO constraints
RUN-1001 : Import Inst constraints
RUN-1001 : Import design success TD_VERSION=5.6.71036 , DB_VERSION=46146
RUN-1002 : start command "place"
RUN-1001 : Open license file C:/Anlogic/TD5.6.2/license/Anlogic.lic
RUN-1001 : Print Global Property
RUN-1001 : ---------------------------------------------------------------
RUN-1001 :        Parameters        |  Settings  |  Default Values  |  Note  
RUN-1001 : ---------------------------------------------------------------
RUN-1001 :          message         |  standard  |     standard     |        
RUN-1001 :   mixed_pack_place_flow  |     on     |        on        |        
RUN-1001 :        qor_monitor       |    off     |       off        |        
RUN-1001 :        syn_ip_flow       |    off     |       off        |        
RUN-1001 :          thread          |    auto    |       auto       |        
RUN-1001 : ---------------------------------------------------------------
RUN-1001 : Print Place Property
RUN-1001 : --------------------------------------------------------------
RUN-1001 :        Parameters       |  Settings  |  Default Values  |  Note  
RUN-1001 : --------------------------------------------------------------
RUN-1001 :      detailed_place     |     on     |        on        |        
RUN-1001 :          effort         |   medium   |      medium      |        
RUN-1001 :         fix_hold        |    off     |       off        |        
RUN-1001 :       legalization      |    ori     |       ori        |        
RUN-1001 :      new_spreading      |     on     |        on        |        
RUN-1001 :        opt_timing       |   medium   |      medium      |        
RUN-1001 :   post_clock_route_opt  |    off     |       off        |        
RUN-1001 :       pr_strategy       |     1      |        1         |        
RUN-1001 :        relaxation       |    1.00    |       1.00       |        
RUN-1001 :         retiming        |    off     |       off        |        
RUN-1001 : --------------------------------------------------------------
PHY-3001 : Placer runs in 8 thread(s).
RUN-1002 : start command "legalize_phy_inst"
SYN-1011 : Flatten model responder
RUN-1002 : start command "phys_opt -simplify_lut"
SYN-4024 : Net "CLK_dup_1" drives clk pins.
SYN-4024 : Net "U2/CLK1" drives clk pins.
SYN-4024 : Net "U4/W_DigitronCS_Out_n" drives clk pins.
SYN-4024 : Net "Set_Time_dup_1" drives clk pins.
SYN-4024 : Net "U4/SingleNum_b_n4" drives clk pins.
SYN-4024 : Net "U7/temp_time_n" drives clk pins.
SYN-4025 : Tag rtl::Net CLK_dup_1 as clock net
SYN-4025 : Tag rtl::Net Set_Time_dup_1 as clock net
SYN-4025 : Tag rtl::Net U2/CLK1 as clock net
SYN-4025 : Tag rtl::Net U4/SingleNum_b_n4 as clock net
SYN-4025 : Tag rtl::Net U4/W_DigitronCS_Out_n as clock net
SYN-4025 : Tag rtl::Net U7/temp_time_n as clock net
SYN-4026 : Tagged 6 rtl::Net as clock net
SYN-4015 : Create BUFG instance for clk Net U2/CLK1 to drive 11 clock pins.
SYN-4015 : Create BUFG instance for clk Net U4/W_DigitronCS_Out_n to drive 8 clock pins.
SYN-4015 : Create BUFG instance for clk Net U4/SingleNum_b_n4 to drive 4 clock pins.
SYN-4015 : Create BUFG instance for clk Net U7/temp_time_n to drive 3 clock pins.
PHY-1001 : Populate physical database on model responder.
RUN-1001 : There are total 421 instances
RUN-0007 : 175 luts, 150 seqs, 35 mslices, 20 lslices, 33 pads, 0 brams, 1 dsps
RUN-1001 : There are total 560 nets
RUN-1001 : 328 nets have 2 pins
RUN-1001 : 190 nets have [3 - 5] pins
RUN-1001 : 29 nets have [6 - 10] pins
RUN-1001 : 7 nets have [11 - 20] pins
RUN-1001 : 4 nets have [21 - 99] pins
RUN-1001 : 2 nets have 100+ pins
RUN-1001 : Report Control nets information:
RUN-1001 : DFF Distribution
RUN-1001 : ----------------------------------
RUN-1001 :   CE   |  SSR  |  ASR  |  DFF Count  
RUN-1001 : ----------------------------------
RUN-1001 :   No   |  No   |  No   |     37      
RUN-1001 :   No   |  No   |  Yes  |     51      
RUN-1001 :   No   |  Yes  |  No   |     29      
RUN-1001 :   Yes  |  No   |  No   |      0      
RUN-1001 :   Yes  |  No   |  Yes  |     33      
RUN-1001 :   Yes  |  Yes  |  No   |      0      
RUN-1001 : ----------------------------------
RUN-0007 : Control Group Statistic
RUN-0007 : ---------------------------
RUN-0007 :   #CLK  |  #CE  |  #SSR/ASR  
RUN-0007 : ---------------------------
RUN-0007 :    7    |   3   |     5      
RUN-0007 : ---------------------------
RUN-0007 : Control Set = 12
PHY-3001 : Initial placement ...
PHY-3001 : design contains 419 instances, 175 luts, 150 seqs, 55 slices, 7 macros(55 instances: 35 mslices 20 lslices)
PHY-0007 : Cell area utilization is 1%
PHY-3001 : Global placement ...
PHY-3001 : Initial: Len = 139714
PHY-3001 : Clustering ...
PHY-3001 : Level 0 #clusters 419.
PHY-3001 : End clustering;  0.000012s wall, 0.000000s user + 0.000000s system = 0.000000s CPU (n/a%)

PHY-3001 : Run with size of 4
PHY-3001 : Cell area utilization is 1%
PHY-3001 : :::0::: Try harder cell spreading with beta_ = 0
PHY-3002 : Step(1): len = 88973.8, overlap = 2.25
PHY-3002 : Step(2): len = 59278.6, overlap = 2.25
PHY-3002 : Step(3): len = 44081.8, overlap = 0
PHY-3002 : Step(4): len = 33305.3, overlap = 2.25
PHY-3002 : Step(5): len = 27766.4, overlap = 2.25
PHY-3002 : Step(6): len = 25853.2, overlap = 2.25
PHY-3002 : Step(7): len = 23231.6, overlap = 2.25
PHY-3002 : Step(8): len = 20622.9, overlap = 2.25
PHY-3002 : Step(9): len = 20504.6, overlap = 2.25
PHY-3002 : Step(10): len = 18860.2, overlap = 2.25
PHY-3002 : Step(11): len = 17582.5, overlap = 2.25
PHY-3002 : Step(12): len = 17944.6, overlap = 2.25
PHY-3002 : Step(13): len = 16172.3, overlap = 2.25
PHY-3002 : Step(14): len = 16319.3, overlap = 2.25
PHY-3002 : Step(15): len = 16677.5, overlap = 2.25
PHY-3001 : :::1::: Try harder cell spreading with beta_ = 0.000279372
PHY-3002 : Step(16): len = 16654.3, overlap = 0
PHY-3002 : Step(17): len = 14552.6, overlap = 2.25
PHY-3002 : Step(18): len = 14805.9, overlap = 0
PHY-3002 : Step(19): len = 14813, overlap = 0
PHY-3002 : Step(20): len = 14668.3, overlap = 0
PHY-3001 : Legalization ...
PHY-3001 : End legalization;  0.008033s wall, 0.000000s user + 0.000000s system = 0.000000s CPU (n/a%)

PHY-3001 : Run with size of 4
PHY-3001 : Cell area utilization is 1%
PHY-3001 : :::0::: Try harder cell spreading with beta_ = 0
PHY-3002 : Step(21): len = 14269.1, overlap = 0
PHY-3002 : Step(22): len = 14379.9, overlap = 0
PHY-3002 : Step(23): len = 15264.8, overlap = 0
PHY-3002 : Step(24): len = 15815.2, overlap = 0
PHY-3002 : Step(25): len = 13777.3, overlap = 0
PHY-3002 : Step(26): len = 14296.7, overlap = 0
PHY-3002 : Step(27): len = 14193.9, overlap = 0
PHY-3002 : Step(28): len = 12966.1, overlap = 0
PHY-3002 : Step(29): len = 13178, overlap = 0
PHY-3002 : Step(30): len = 12823.5, overlap = 0
PHY-3002 : Step(31): len = 11882.2, overlap = 0
PHY-3002 : Step(32): len = 11883.6, overlap = 0
PHY-3002 : Step(33): len = 11972.7, overlap = 0
PHY-3002 : Step(34): len = 11797.9, overlap = 0
PHY-3002 : Step(35): len = 11371.1, overlap = 0
PHY-3002 : Step(36): len = 10966, overlap = 0
PHY-3002 : Step(37): len = 10881, overlap = 0
PHY-3002 : Step(38): len = 11017.4, overlap = 0
PHY-3002 : Step(39): len = 10707.9, overlap = 0
PHY-3002 : Step(40): len = 10321.7, overlap = 0
PHY-3002 : Step(41): len = 10055.9, overlap = 0
PHY-3002 : Step(42): len = 10088.6, overlap = 0
PHY-3002 : Step(43): len = 9945.7, overlap = 0
PHY-3002 : Step(44): len = 10022, overlap = 0
PHY-3002 : Step(45): len = 9903.9, overlap = 0
PHY-3002 : Step(46): len = 9899.5, overlap = 0
PHY-3002 : Step(47): len = 9798, overlap = 0
PHY-3002 : Step(48): len = 9881, overlap = 0
PHY-3002 : Step(49): len = 9713.5, overlap = 0
PHY-3002 : Step(50): len = 9803.8, overlap = 0
PHY-3002 : Step(51): len = 9618, overlap = 0
PHY-3002 : Step(52): len = 9552.3, overlap = 0
PHY-3002 : Step(53): len = 9624.1, overlap = 0
PHY-3002 : Step(54): len = 8765.3, overlap = 0.75
PHY-3002 : Step(55): len = 8633.9, overlap = 0.9375
PHY-3002 : Step(56): len = 8557.3, overlap = 0.9375
PHY-3002 : Step(57): len = 8415, overlap = 0.9375
PHY-3002 : Step(58): len = 8127.2, overlap = 0
PHY-3002 : Step(59): len = 8146.4, overlap = 0
PHY-3002 : Step(60): len = 7945.5, overlap = 0
PHY-3002 : Step(61): len = 7809.8, overlap = 0
PHY-3002 : Step(62): len = 7871.1, overlap = 0
PHY-3001 : Run with size of 2
PHY-3001 : Cell area utilization is 1%
PHY-3001 : :::0::: Try harder cell spreading with beta_ = 0
PHY-3002 : Step(63): len = 7721.4, overlap = 4.46875
PHY-3002 : Step(64): len = 7758, overlap = 4.46875
PHY-3002 : Step(65): len = 7818.6, overlap = 4.59375
OPT-1001 : Start physical optimization ...
OPT-1001 : Total overflow 31.22 peak overflow 2.19
OPT-1001 : Start high-fanout net optimization ...
OPT-1001 : Update timing in global mode
PHY-1001 : Start incremental global routing, caller is place ...
RUN-1001 : Generating global routing grids ...
RUN-1001 : Building simple global routing graph ...
PHY-1001 : Generate routing nets ...
PHY-1001 : Reuse net number 0/560.
PHY-1001 : Global iterations in 8 thread ...
PHY-1002 : len = 8216, over cnt = 15(0%), over = 48, worst = 7
PHY-1001 : End global iterations;  0.026838s wall, 0.000000s user + 0.000000s system = 0.000000s CPU (n/a%)

PHY-1001 : Congestion index: top1 = 11.83, top5 = 5.00, top10 = 2.72, top15 = 1.82.
PHY-1001 : End incremental global routing;  0.092891s wall, 0.000000s user + 0.000000s system = 0.000000s CPU (n/a%)

RUN-1002 : start command "start_timer -report"
TMR-5001 WARNING: No sdc constraints found while initiating timer.
TMR-2505 : Start building timing graph for model responder.
TMR-2506 : Build timing graph completely. Port num: 11, tpin num: 1902, tnet num: 558, tinst num: 419, tnode num: 2484, tedge num: 3060.
TMR-2508 : Levelizing timing graph completed, there are 29 levels in total.
TMR-2501 : Timing graph initialized successfully.
OPT-1001 : End timing update;  0.251169s wall, 0.156250s user + 0.000000s system = 0.156250s CPU (62.2%)

OPT-1001 : 0 high-fanout net processed.
OPT-1001 : End high-fanout net optimization;  0.349480s wall, 0.156250s user + 0.000000s system = 0.156250s CPU (44.7%)

OPT-1001 : Current memory(MB): used = 138, reserve = 109, peak = 138.
OPT-1001 : End physical optimization;  0.356386s wall, 0.156250s user + 0.000000s system = 0.156250s CPU (43.8%)

PHY-3001 : Start packing ...
SYN-4007 : Packing 0 MUX to BLE ...
SYN-4008 : Packed 0 MUX and 0 SEQ to BLE.
SYN-4007 : Packing 175 LUT to BLE ...
SYN-4008 : Packed 175 LUT and 84 SEQ to BLE.
SYN-4003 : Packing 66 remaining SEQ's ...
SYN-4005 : Packed 49 SEQ with LUT/SLICE
SYN-4006 : 48 single LUT's are left
SYN-4006 : 17 single SEQ's are left
SYN-4011 : Packing model "responder" (AL_USER_NORMAL) with 192/288 primitive instances ...
PHY-3001 : End packing;  0.013898s wall, 0.000000s user + 0.000000s system = 0.000000s CPU (n/a%)

PHY-1001 : Populate physical database on model responder.
RUN-1001 : There are total 205 instances
RUN-1001 : 82 mslices, 82 lslices, 33 pads, 0 brams, 1 dsps
RUN-1001 : There are total 487 nets
RUN-1001 : 263 nets have 2 pins
RUN-1001 : 182 nets have [3 - 5] pins
RUN-1001 : 30 nets have [6 - 10] pins
RUN-1001 : 8 nets have [11 - 20] pins
RUN-1001 : 2 nets have [21 - 99] pins
RUN-1001 : 2 nets have 100+ pins
PHY-3001 : design contains 203 instances, 164 slices, 7 macros(55 instances: 35 mslices 20 lslices)
PHY-3001 : Cell area utilization is 2%
PHY-3001 : After packing: Len = 8620.6, Over = 10.25
PHY-3001 : Run with size of 2
PHY-3001 : Cell area utilization is 2%
PHY-3001 : :::0::: Try harder cell spreading with beta_ = 9.29496e-05
PHY-3002 : Step(66): len = 8564.1, overlap = 10.25
PHY-3002 : Step(67): len = 8619.2, overlap = 9.75
PHY-3002 : Step(68): len = 8572.8, overlap = 9.25
PHY-3001 : :::1::: Try harder cell spreading with beta_ = 0.000185899
PHY-3002 : Step(69): len = 8406.8, overlap = 9.75
PHY-3002 : Step(70): len = 8412.4, overlap = 9.5
PHY-3002 : Step(71): len = 8426.4, overlap = 9.75
PHY-3001 : :::2::: Try harder cell spreading with beta_ = 0.000371798
PHY-3002 : Step(72): len = 8495.2, overlap = 9.5
PHY-3002 : Step(73): len = 8505.1, overlap = 9.5
PHY-3002 : Step(74): len = 8440.9, overlap = 9.5
PHY-3001 : Legalization ...
PHY-3001 : End legalization;  0.056887s wall, 0.031250s user + 0.031250s system = 0.062500s CPU (109.9%)

PHY-3001 : Trial Legalized: Len = 12481
PHY-3001 : Run with size of 2
PHY-3001 : Cell area utilization is 2%
PHY-3001 : :::0::: Try harder cell spreading with beta_ = 0
PHY-3002 : Step(75): len = 9925.8, overlap = 1.75
PHY-3002 : Step(76): len = 9071.4, overlap = 2.25
PHY-3002 : Step(77): len = 8701.1, overlap = 3.25
PHY-3002 : Step(78): len = 8704.2, overlap = 4
PHY-3002 : Step(79): len = 8584.4, overlap = 4
PHY-3002 : Step(80): len = 8584.4, overlap = 4
PHY-3001 : :::1::: Try harder cell spreading with beta_ = 0.00572872
PHY-3002 : Step(81): len = 8569.7, overlap = 4
PHY-3002 : Step(82): len = 8569.7, overlap = 4
PHY-3001 : Legalization ...
PHY-3001 : End legalization;  0.005697s wall, 0.000000s user + 0.000000s system = 0.000000s CPU (n/a%)

PHY-3001 : Legalized: Len = 10484.1, Over = 0
PHY-3001 : Spreading special nets. 2 overflows in 2952 tiles.
PHY-3001 : End spreading;  0.003224s wall, 0.000000s user + 0.000000s system = 0.000000s CPU (n/a%)

PHY-3001 : 3 instances has been re-located, deltaX = 1, deltaY = 0, maxDist = 1.
PHY-3001 : Final: Len = 10526.1, Over = 0
OPT-1001 : Start physical optimization ...
OPT-1001 : Total overflow 0.00 peak overflow 0.00
OPT-1001 : Start high-fanout net optimization ...
OPT-1001 : Update timing in global mode
PHY-1001 : Start incremental global routing, caller is place ...
RUN-1001 : Generating global routing grids ...
PHY-1001 : Generate routing nets ...
PHY-1001 : Reuse net number 24/487.
PHY-1001 : Global iterations in 8 thread ...
PHY-1002 : len = 11360, over cnt = 26(0%), over = 39, worst = 4
PHY-1002 : len = 11640, over cnt = 11(0%), over = 11, worst = 1
PHY-1002 : len = 11736, over cnt = 5(0%), over = 5, worst = 1
PHY-1002 : len = 11816, over cnt = 0(0%), over = 0, worst = 0
PHY-1001 : End global iterations;  0.056251s wall, 0.000000s user + 0.000000s system = 0.000000s CPU (n/a%)

PHY-1001 : Congestion index: top1 = 16.27, top5 = 7.55, top10 = 4.13, top15 = 2.75.
PHY-1001 : End incremental global routing;  0.110345s wall, 0.046875s user + 0.015625s system = 0.062500s CPU (56.6%)

RUN-1002 : start command "start_timer -report"
TMR-5001 WARNING: No sdc constraints found while initiating timer.
TMR-2505 : Start building timing graph for model responder.
TMR-2506 : Build timing graph completely. Port num: 11, tpin num: 1640, tnet num: 485, tinst num: 203, tnode num: 2105, tedge num: 2767.
TMR-2508 : Levelizing timing graph completed, there are 27 levels in total.
TMR-2501 : Timing graph initialized successfully.
OPT-1001 : End timing update;  0.234925s wall, 0.187500s user + 0.000000s system = 0.187500s CPU (79.8%)

OPT-1001 : 0 high-fanout net processed.
OPT-1001 : End high-fanout net optimization;  0.350802s wall, 0.234375s user + 0.015625s system = 0.250000s CPU (71.3%)

OPT-1001 : Current memory(MB): used = 139, reserve = 110, peak = 139.
OPT-1001 : Update timing in Manhattan mode
OPT-1001 : End timing update;  0.000452s wall, 0.000000s user + 0.000000s system = 0.000000s CPU (n/a%)

OPT-1001 : Start pin optimization...
OPT-1001 : skip pin optimization...
RUN-1001 : Generating global routing grids ...
PHY-1001 : Generate routing nets ...
PHY-1001 : Reuse net number 375/487.
PHY-1001 : Global iterations in 8 thread ...
PHY-1002 : len = 11816, over cnt = 0(0%), over = 0, worst = 0
PHY-1001 : End global iterations;  0.002490s wall, 0.000000s user + 0.000000s system = 0.000000s CPU (n/a%)

PHY-1001 : Congestion index: top1 = 16.27, top5 = 7.55, top10 = 4.13, top15 = 2.75.
OPT-1001 : Update timing in Manhattan mode
OPT-1001 : End timing update;  0.000605s wall, 0.000000s user + 0.000000s system = 0.000000s CPU (n/a%)

RUN-1001 : QoR Analysis:
OPT-0007 :   WNS 2147483647 TNS 0 NUM_FEPS 0
RUN-1001 :   No local congestion issue, and most congested 1% tile average routing util is 15.862069
RUN-1001 :   Top critical paths
OPT-1001 : End physical optimization;  0.409475s wall, 0.281250s user + 0.015625s system = 0.296875s CPU (72.5%)

RUN-1003 : finish command "place" in  2.225129s wall, 1.156250s user + 0.296875s system = 1.453125s CPU (65.3%)

RUN-1004 : used memory is 131 MB, reserved memory is 101 MB, peak memory is 139 MB
RUN-1002 : start command "export_db responder_place.db"
RUN-1001 : Exported /
RUN-1001 : Exported flow parameters
RUN-1001 : Exported libs
RUN-1001 : Exported entities
RUN-1001 : Exported ports
RUN-1001 : Exported pins
RUN-1001 : Exported instances
RUN-1001 : Exported nets
RUN-1001 : Exported buses
RUN-1001 : Exported models
RUN-1001 : Exported congestions
RUN-1001 : Exported violations
RUN-1001 : Exported IO constraints
RUN-1001 : Exported Inst constraints
RUN-1002 : start command "route"
RUN-1001 : Open license file C:/Anlogic/TD5.6.2/license/Anlogic.lic
RUN-1001 : Print Global Property
RUN-1001 : ---------------------------------------------------------------
RUN-1001 :        Parameters        |  Settings  |  Default Values  |  Note  
RUN-1001 : ---------------------------------------------------------------
RUN-1001 :          message         |  standard  |     standard     |        
RUN-1001 :   mixed_pack_place_flow  |     on     |        on        |        
RUN-1001 :        qor_monitor       |    off     |       off        |        
RUN-1001 :        syn_ip_flow       |    off     |       off        |        
RUN-1001 :          thread          |    auto    |       auto       |        
RUN-1001 : ---------------------------------------------------------------
RUN-1002 : start command "set_param route phy_sim_model on"
RUN-1001 : Print Route Property
RUN-1001 : -------------------------------------------------------
RUN-1001 :    Parameters    |  Settings  |  Default Values  |  Note  
RUN-1001 : -------------------------------------------------------
RUN-1001 :      effort      |   medium   |      medium      |        
RUN-1001 :     fix_hold     |    off     |       off        |        
RUN-1001 :    opt_timing    |   medium   |      medium      |        
RUN-1001 :   phy_sim_model  |     on     |       off        |   *    
RUN-1001 :     priority     |   timing   |      timing      |        
RUN-1001 :     swap_pin     |     on     |        on        |        
RUN-1001 : -------------------------------------------------------
PHY-1001 : Route runs in 8 thread(s)
RUN-1001 : There are total 205 instances
RUN-1001 : 82 mslices, 82 lslices, 33 pads, 0 brams, 1 dsps
RUN-1001 : There are total 487 nets
RUN-1001 : 263 nets have 2 pins
RUN-1001 : 182 nets have [3 - 5] pins
RUN-1001 : 30 nets have [6 - 10] pins
RUN-1001 : 8 nets have [11 - 20] pins
RUN-1001 : 2 nets have [21 - 99] pins
RUN-1001 : 2 nets have 100+ pins
RUN-1002 : start command "start_timer -report"
TMR-5001 WARNING: No sdc constraints found while initiating timer.
TMR-2505 : Start building timing graph for model responder.
TMR-2506 : Build timing graph completely. Port num: 11, tpin num: 1640, tnet num: 485, tinst num: 203, tnode num: 2105, tedge num: 2767.
TMR-2508 : Levelizing timing graph completed, there are 27 levels in total.
TMR-2501 : Timing graph initialized successfully.
PHY-1001 : 82 mslices, 82 lslices, 33 pads, 0 brams, 1 dsps
TMR-2503 : Start to update net delay, extr mode = 3.
TMR-2504 : Update delay of 485 nets completely.
TMR-2502 : Annotate delay completely, extr mode = 3.
TMR-3002 : No user constraint, initiate default constraint.
TMR-1501 : Assign derive clock DeriveClock to 276 clock pins, and constraint 465 relative nodes.
TMR-3003 : Constraints initiated successfully.
TMR-3501 : Forward propagation: start to calculate arrival time...
TMR-3502 : Backward propagation: start to calculate required time...
TMR-3503 : Timing propagation completes.
PHY-1001 : Start global routing, caller is route ...
RUN-1001 : Generating global routing grids ...
PHY-1001 : Generate routing nets ...
PHY-1001 : Global iterations in 8 thread ...
PHY-1002 : len = 11296, over cnt = 26(0%), over = 38, worst = 4
PHY-1002 : len = 11544, over cnt = 11(0%), over = 11, worst = 1
PHY-1002 : len = 11656, over cnt = 4(0%), over = 4, worst = 1
PHY-1002 : len = 11720, over cnt = 0(0%), over = 0, worst = 0
PHY-1001 : End global iterations;  0.056705s wall, 0.015625s user + 0.000000s system = 0.015625s CPU (27.6%)

PHY-1001 : Congestion index: top1 = 16.08, top5 = 7.50, top10 = 4.08, top15 = 2.72.
PHY-1001 : End global routing;  0.107506s wall, 0.046875s user + 0.000000s system = 0.046875s CPU (43.6%)

PHY-1001 : Start detail routing ...
PHY-1001 : Current memory(MB): used = 158, reserve = 129, peak = 161.
PHY-1001 : Detailed router is running in normal mode.
PHY-1001 : Generate detailed routing grids ...
PHY-1001 : Processed IO instance DigitronCS_Out[3]_syn_2 with INV attribute.
PHY-1001 : Processed IO instance DigitronCS_Out[2]_syn_2 with INV attribute.
PHY-1001 : Processed IO instance DigitronCS_Out[1]_syn_2 with INV attribute.
PHY-1001 : Processed IO instance DigitronCS_Out[0]_syn_2 with INV attribute.
PHY-1001 : Generate nets ...
PHY-1001 : net CLK_dup_1 will be routed on clock mesh
PHY-1001 : net Set_Time_dup_1 will be routed on clock mesh
PHY-1001 : clock net U7/temp_time_n_syn_3 will be merged with clock U7/temp_time_n
PHY-1001 : clock net U2/CLK1_syn_4 will be merged with clock U2/CLK1
PHY-1001 : clock net U4/SingleNum_b_n4_syn_10 will be merged with clock U4/SingleNum_b_n4
PHY-1001 : clock net U4/W_DigitronCS_Out_n_syn_4 will be merged with clock U4/W_DigitronCS_Out_n
PHY-1001 : Current memory(MB): used = 422, reserve = 397, peak = 422.
PHY-1001 : End build detailed router design. 4.247081s wall, 2.859375s user + 0.031250s system = 2.890625s CPU (68.1%)

PHY-1001 : Detail Route ...
PHY-1001 : ===== Detail Route Phase 1 =====
PHY-1001 : Clock net routing.....
PHY-1001 : Routed 1% nets.
PHY-1022 : len = 13856, over cnt = 0(0%), over = 0, worst = 0, crit = 0
PHY-1001 : End initial clock net routed; 2.034881s wall, 1.546875s user + 0.015625s system = 1.562500s CPU (76.8%)

PHY-1001 : Current memory(MB): used = 454, reserve = 430, peak = 454.
PHY-1001 : End phase 1; 2.040612s wall, 1.546875s user + 0.015625s system = 1.562500s CPU (76.6%)

PHY-1001 : ===== Detail Route Phase 2 =====
PHY-1001 : Initial routing.....
PHY-1001 : Routed 30% nets.
PHY-1001 : Routed 39% nets.
PHY-1001 : Routed 50% nets.
PHY-1001 : Routed 63% nets.
PHY-1001 : Routed 82% nets.
PHY-1022 : len = 38008, over cnt = 4(0%), over = 4, worst = 1, crit = 0
PHY-1001 : Current memory(MB): used = 454, reserve = 430, peak = 454.
PHY-1001 : End initial routed; 0.280549s wall, 0.125000s user + 0.015625s system = 0.140625s CPU (50.1%)

PHY-1001 : Current memory(MB): used = 454, reserve = 430, peak = 454.
PHY-1001 : End phase 2; 0.280608s wall, 0.125000s user + 0.015625s system = 0.140625s CPU (50.1%)

PHY-1001 : ===== Detail Route Phase 3 =====
PHY-1001 : Ripup-reroute.....
PHY-1001 : ===== DR Iter 1 =====
PHY-1022 : len = 38024, over cnt = 2(0%), over = 2, worst = 1, crit = 0
PHY-1001 : End DR Iter 1; 0.015859s wall, 0.000000s user + 0.000000s system = 0.000000s CPU (n/a%)

PHY-1001 : ===== DR Iter 2 =====
PHY-1022 : len = 38024, over cnt = 0(0%), over = 0, worst = 0, crit = 0
PHY-1001 : End DR Iter 2; 0.015946s wall, 0.015625s user + 0.000000s system = 0.015625s CPU (98.0%)

PHY-1001 : Commit to database.....
PHY-1001 : 1 feed throughs used by 1 nets
PHY-1001 : End commit to database; 0.058974s wall, 0.031250s user + 0.000000s system = 0.031250s CPU (53.0%)

PHY-1001 : Current memory(MB): used = 464, reserve = 440, peak = 464.
PHY-1001 : End phase 3; 0.223485s wall, 0.156250s user + 0.000000s system = 0.156250s CPU (69.9%)

PHY-1003 : Routed, final wirelength = 38024
PHY-1001 : Current memory(MB): used = 464, reserve = 440, peak = 464.
PHY-1001 : End export database. 0.005798s wall, 0.000000s user + 0.000000s system = 0.000000s CPU (n/a%)

PHY-1001 : End detail routing;  7.027946s wall, 4.875000s user + 0.062500s system = 4.937500s CPU (70.3%)

RUN-1003 : finish command "route" in  7.450904s wall, 5.140625s user + 0.062500s system = 5.203125s CPU (69.8%)

RUN-1004 : used memory is 419 MB, reserved memory is 394 MB, peak memory is 464 MB
RUN-1002 : start command "report_area -io_info -file responder_phy.area"
RUN-1001 : standard
***Report Model: responder Device: EG4S20BG256***

IO Statistics
#IO                        33
  #input                    7
  #output                  26
  #inout                    0

Utilization Statistics
#lut                      288   out of  19600    1.47%
#reg                      190   out of  19600    0.97%
#le                       305
  #lut only               115   out of    305   37.70%
  #reg only                17   out of    305    5.57%
  #lut&reg                173   out of    305   56.72%
#dsp                        1   out of     29    3.45%
#bram                       0   out of     64    0.00%
  #bram9k                   0
  #fifo9k                   0
#bram32k                    0   out of     16    0.00%
#pad                       33   out of    188   17.55%
  #ireg                     4
  #oreg                    14
  #treg                     0
#pll                        0   out of      4    0.00%
#gclk                       4   out of     16   25.00%

Clock Resource Statistics
Index     ClockNet                 Type               DriverType         Driver                   Fanout
#1        CLK_dup_1                GCLK               io                 CLK_syn_2.di             114
#2        Set_Time_dup_1           GCLK               io                 Set_Time_syn_2.di        9
#3        U2/CLK1                  GCLK               lslice             U2/CLK1_reg_syn_35.q0    8
#4        U4/W_DigitronCS_Out_n    GCLK               lslice             U4/reg2_syn_25.f1        7
#5        U4/SingleNum_b_n4        GCLK               lslice             U4/sel1_syn_118.f0       2
#6        U7/temp_time_n           GCLK               mslice             U1/reg2_syn_65.f0        2


Detailed IO Report

        Name           Direction    Location    IOStandard    DriveStrength    PullType    PackReg  
         CLK             INPUT         R7        LVCMOS33          N/A          PULLUP      NONE    
      Key_In[3]          INPUT        F10        LVCMOS33          N/A          PULLUP      IREG    
      Key_In[2]          INPUT        C11        LVCMOS33          N/A          PULLUP      IREG    
      Key_In[1]          INPUT        D11        LVCMOS33          N/A          PULLUP      IREG    
      Key_In[0]          INPUT        E11        LVCMOS33          N/A          PULLUP      IREG    
        RSTn             INPUT         A9        LVCMOS33          N/A          PULLUP      NONE    
      Set_Time           INPUT        A10        LVCMOS33          N/A          PULLUP      NONE    
     Buzzer_Out         OUTPUT        H11        LVCMOS33           8            NONE       OREG    
  DigitronCS_Out[3]     OUTPUT         A3        LVCMOS33           8            NONE       OREG    
  DigitronCS_Out[2]     OUTPUT         A5        LVCMOS33           8            NONE       OREG    
  DigitronCS_Out[1]     OUTPUT         B6        LVCMOS33           8            NONE       OREG    
  DigitronCS_Out[0]     OUTPUT         C9        LVCMOS33           8            NONE       OREG    
   Digitron_Out[7]      OUTPUT         C8        LVCMOS33           8            NONE       NONE    
   Digitron_Out[6]      OUTPUT         A8        LVCMOS33           8            NONE       NONE    
   Digitron_Out[5]      OUTPUT         B5        LVCMOS33           8            NONE       NONE    
   Digitron_Out[4]      OUTPUT         A7        LVCMOS33           8            NONE       NONE    
   Digitron_Out[3]      OUTPUT         E8        LVCMOS33           8            NONE       NONE    
   Digitron_Out[2]      OUTPUT         B8        LVCMOS33           8            NONE       NONE    
   Digitron_Out[1]      OUTPUT         A6        LVCMOS33           8            NONE       NONE    
   Digitron_Out[0]      OUTPUT         A4        LVCMOS33           8            NONE       NONE    
     Key_Row[3]         OUTPUT        E10        LVCMOS33           8            NONE       NONE    
     Key_Row[2]         OUTPUT        C10        LVCMOS33           8            NONE       NONE    
     Key_Row[1]         OUTPUT         F9        LVCMOS33           8            NONE       NONE    
     Key_Row[0]         OUTPUT         D9        LVCMOS33           8            NONE       NONE    
     LED_Out[3]         OUTPUT         C2        LVCMOS33           8            NONE       OREG    
     LED_Out[2]         OUTPUT         C1        LVCMOS33           8            NONE       OREG    
     LED_Out[1]         OUTPUT         E4        LVCMOS33           8            NONE       OREG    
     LED_Out[0]         OUTPUT         D3        LVCMOS33           8            NONE       OREG    
  LED_OverTime_Out      OUTPUT        F16        LVCMOS33           8            NONE       OREG    
     LED_Run[3]         OUTPUT        C15        LVCMOS33           8            NONE       OREG    
     LED_Run[2]         OUTPUT        B16        LVCMOS33           8            NONE       OREG    
     LED_Run[1]         OUTPUT        B15        LVCMOS33           8            NONE       OREG    
     LED_Run[0]         OUTPUT        B14        LVCMOS33           8            NONE       OREG    

Report Hierarchy Area:
+-----------------------------------------------------------------------------------+
|Instance |Module              |le     |lut     |ripple  |seq     |bram    |dsp     |
+-----------------------------------------------------------------------------------+
|top      |responder           |305    |233     |55      |208     |0       |1       |
|  U1     |Sel_module          |56     |42      |7       |35      |0       |0       |
|  U2     |Timer_module        |66     |56      |10      |44      |0       |0       |
|  U3     |Buzzer_module       |37     |23      |6       |27      |0       |0       |
|  U4     |Digitron_NumDisplay |61     |52      |9       |27      |0       |0       |
|  U5     |key_filter          |34     |21      |11      |24      |0       |0       |
|  U6     |led8_module         |45     |33      |12      |27      |0       |0       |
|  U7     |countdown_module    |6      |6       |0       |6       |0       |1       |
+-----------------------------------------------------------------------------------+


DataNet Average Fanout:

   Index     Fanout    Nets  
    #1         1       230   
    #2         2       159   
    #3         3        12   
    #4         4        9    
    #5        5-10      28   
    #6       11-50      7    
    #7       51-100     1    
  Average     2.18           

RUN-1002 : start command "write_verilog simulation/responder_phy_sim.v"
HDL-1201 : write out verilog file simulation/responder_phy_sim.v
RUN-1002 : start command "export_db responder_pr.db"
RUN-1001 : Exported /
RUN-1001 : Exported flow parameters
RUN-1001 : Exported libs
RUN-1001 : Exported entities
RUN-1001 : Exported ports
RUN-1001 : Exported pins
RUN-1001 : Exported instances
RUN-1001 : Exported nets
RUN-1001 : Exported buses
RUN-1001 : Exported models
RUN-1001 : Exported congestions
RUN-1001 : Exported violations
RUN-1001 : Exported IO constraints
RUN-1001 : Exported Inst constraints
RUN-1002 : start command "start_timer"
TMR-5001 WARNING: No sdc constraints found while initiating timer.
TMR-2505 : Start building timing graph for model responder.
TMR-2506 : Build timing graph completely. Port num: 11, tpin num: 1640, tnet num: 485, tinst num: 203, tnode num: 2105, tedge num: 2767.
TMR-2508 : Levelizing timing graph completed, there are 27 levels in total.
TMR-2501 : Timing graph initialized successfully.
RUN-1002 : start command "report_timing -mode FINAL -net_info -rpt_autogen true -file responder_phy.timing -sdf simulation/responder.sdf"
TMR-2503 : Start to update net delay, extr mode = 6.
TMR-2504 : Update delay of 485 nets completely.
TMR-2502 : Annotate delay completely, extr mode = 6.
TMR-3002 : No user constraint, initiate default constraint.
TMR-1501 : Assign derive clock DeriveClock to 276 clock pins, and constraint 465 relative nodes.
TMR-3003 : Constraints initiated successfully.
TMR-3501 : Forward propagation: start to calculate arrival time...
TMR-3502 : Backward propagation: start to calculate required time...
TMR-3503 : Timing propagation completes.
TMR-3506 : Start to generate timing report.
TMR-1502 : Number of clock constraints = 0. Number of clock nets = 6 (6 unconstrainted).
TMR-5009 WARNING: No clock constraint on 6 clock net(s): 
		CLK_dup_1
		Set_Time_dup_1
		U2/CLK1_syn_4
		U4/SingleNum_b_n4_syn_10
		U4/W_DigitronCS_Out_n_syn_4
		U7/temp_time_n_syn_3
TMR-3508 : Export timing summary.
TMR-3507 : Timing report generated successfully in responder_phy.timing, timing summary in responder_phy.tsm.
TMR-1001 : Start to generate SDF file...
RUN-1002 : start command "write_verilog -sdf responder.sdf simulation/responder_phy_sim_sta.v"
HDL-1201 : write out verilog file simulation/responder_phy_sim_sta.v
RUN-1002 : start command "export_bid responder_inst.bid"
RUN-1002 : start command "bitgen -bit responder.bit -unused_io_status pulldown"
BIT-1003 : Start to generate bitstream. 
BIT-1002 : Bitgen processed 155 unused pads, reserve input tri_state with pulldown
BIT-1002 : Init instances with 8 threads.
BIT-1002 : Init instances completely, inst num: 358
BIT-1002 : Init pips with 8 threads.
BIT-1002 : Init pips completely, net num: 487, pip num: 3326
BIT-1002 : Init feedthrough completely, num: 1
BIT-1003 : Multithreading accelaration with 8 threads.
BIT-1003 : Generate bitstream completely, there are 646 valid insts, and 10285 bits set as '1'.
BIT-1004 : PLL setting string = 0000
BIT-1004 : Generate bits file responder.bit.
RUN-1003 : finish command "bitgen -bit responder.bit -unused_io_status pulldown" in  2.207109s wall, 3.718750s user + 0.015625s system = 3.734375s CPU (169.2%)

RUN-1004 : used memory is 432 MB, reserved memory is 408 MB, peak memory is 583 MB
RUN-1002 : start command "backup_run_log run.log ../.logs/phy_1/td_20240727_180155.log"
