============================================================
   Tang Dynasty, V5.6.71036
      Copyright (c) 2012-2023 Anlogic Inc.
   Executable = C:/Anlogic/TD5.6.2/bin/td.exe
   Built at =   20:34:38 Mar 21 2023
   Run by =     Timmy
   Run Date =   Tue Jul 23 21:59:57 2024

   Run on =     DESKTOP-A28VB3Q
============================================================
RUN-1002 : start command "open_project responder.prj"
RUN-1001 : Print Global Property
RUN-1001 : ---------------------------------------------------------------
RUN-1001 :        Parameters        |  Settings  |  Default Values  |  Note  
RUN-1001 : ---------------------------------------------------------------
RUN-1001 :          message         |  standard  |     standard     |        
RUN-1001 :   mixed_pack_place_flow  |     on     |        on        |        
RUN-1001 :        qor_monitor       |    off     |       off        |        
RUN-1001 :        syn_ip_flow       |    off     |       off        |        
RUN-1001 :          thread          |    auto    |       auto       |        
RUN-1001 : ---------------------------------------------------------------
RUN-1001 : Print Design Property
RUN-1001 : --------------------------------------------------------------
RUN-1001 :        Parameters       |  Settings  |  Default Values  |  Note  
RUN-1001 : --------------------------------------------------------------
RUN-1001 :   default_reg_initial   |    auto    |       auto       |        
RUN-1001 :        infer_add        |     on     |        on        |        
RUN-1001 :        infer_fsm        |    off     |       off        |        
RUN-1001 :        infer_mult       |     on     |        on        |        
RUN-1001 :        infer_ram        |     on     |        on        |        
RUN-1001 :        infer_reg        |     on     |        on        |        
RUN-1001 :   infer_reg_init_value  |     on     |        on        |        
RUN-1001 :        infer_rom        |     on     |        on        |        
RUN-1001 :      infer_shifter      |     on     |        on        |        
RUN-1001 : --------------------------------------------------------------
RUN-1001 : Print Rtl Property
RUN-1001 : --------------------------------------------------------------
RUN-1001 :        Parameters       |  Settings  |  Default Values  |  Note  
RUN-1001 : --------------------------------------------------------------
RUN-1001 :       compress_add      |   ripple   |      ripple      |        
RUN-1001 :        elf_sload        |    off     |       off        |        
RUN-1001 :       fix_undriven      |     0      |        0         |        
RUN-1001 :         flatten         |    off     |       off        |        
RUN-1001 :       gate_sharing      |     on     |        on        |        
RUN-1001 :    hdl_warning_level    |   normal   |      normal      |        
RUN-1001 :   impl_internal_tribuf  |     on     |        on        |        
RUN-1001 :      impl_set_reset     |     on     |        on        |        
RUN-1001 :        infer_gsr        |    off     |       off        |        
RUN-1001 :      keep_hierarchy     |    auto    |       auto       |        
RUN-1001 :        max_fanout       |    9999    |       9999       |        
RUN-1001 :      max_oh2bin_len     |     10     |        10        |        
RUN-1001 :       merge_equal       |     on     |        on        |        
RUN-1001 :       merge_equiv       |     on     |        on        |        
RUN-1001 :        merge_mux        |    off     |       off        |        
RUN-1001 :     min_control_set     |     8      |        8         |        
RUN-1001 :      min_ripple_len     |    auto    |       auto       |        
RUN-1001 :       oh2bin_ratio      |    0.08    |       0.08       |        
RUN-1001 :     opt_adder_fanout    |     on     |        on        |        
RUN-1001 :        opt_arith        |     on     |        on        |        
RUN-1001 :       opt_big_gate      |    off     |       off        |        
RUN-1001 :        opt_const        |     on     |        on        |        
RUN-1001 :      opt_const_mult     |     on     |        on        |        
RUN-1001 :       opt_lessthan      |     on     |        on        |        
RUN-1001 :         opt_mux         |    off     |       off        |        
RUN-1001 :         opt_ram         |    high    |       high       |        
RUN-1001 :      rtl_sim_model      |    off     |       off        |        
RUN-1001 :         seq_syn         |     on     |        on        |        
RUN-1001 : --------------------------------------------------------------
HDL-1007 : analyze verilog file ../../responder.v
HDL-1007 : analyze verilog file ../../Sel_module.v
HDL-1007 : analyze verilog file ../../Timer_module.v
HDL-1007 : analyze verilog file ../../Buzzer_module.v
HDL-1007 : analyze verilog file ../../Digitron_NumDisplay.v
HDL-1007 : analyze verilog file ../../key_filter.v
RUN-1001 : Project manager successfully analyzed 6 source files.
RUN-1002 : start command "import_device eagle_s20.db -package EG4S20BG256"
ARC-1001 : Device Initialization.
ARC-1001 : ------------------------------------------------------------------
ARC-1001 :            OPTION            |          IO          |   SETTING   
ARC-1001 : ------------------------------------------------------------------
ARC-1001 :   cso_b/cclk/mosi/miso/dout  |  T3/R11/T10/P10/S11  |    gpio    
ARC-1001 :             done             |         P13          |    gpio    
ARC-1001 :           program_b          |          T2          |  dedicate  
ARC-1001 :        tdi/tms/tck/tdo       |   C12/A15/C14/E14    |  dedicate  
ARC-1001 : ------------------------------------------------------------------
ARC-1004 : Device setting, marked 5 dedicate IOs in total.
RUN-1002 : start command "import_db ../syn_1/responder_gate.db"
RUN-1001 : Importing database generated by Tang Dynasty, V5.6.71036.
RUN-1001 : Database version number 46146.
RUN-1001 : Import flow parameters
RUN-1001 : Import IO constraints
RUN-1001 : Import Inst constraints
RUN-1001 : Import design success TD_VERSION=5.6.71036 , DB_VERSION=46146
RUN-1002 : start command "place"
RUN-1001 : Open license file C:/Anlogic/TD5.6.2/license/Anlogic.lic
RUN-1001 : Print Global Property
RUN-1001 : ---------------------------------------------------------------
RUN-1001 :        Parameters        |  Settings  |  Default Values  |  Note  
RUN-1001 : ---------------------------------------------------------------
RUN-1001 :          message         |  standard  |     standard     |        
RUN-1001 :   mixed_pack_place_flow  |     on     |        on        |        
RUN-1001 :        qor_monitor       |    off     |       off        |        
RUN-1001 :        syn_ip_flow       |    off     |       off        |        
RUN-1001 :          thread          |    auto    |       auto       |        
RUN-1001 : ---------------------------------------------------------------
RUN-1001 : Print Place Property
RUN-1001 : --------------------------------------------------------------
RUN-1001 :        Parameters       |  Settings  |  Default Values  |  Note  
RUN-1001 : --------------------------------------------------------------
RUN-1001 :      detailed_place     |     on     |        on        |        
RUN-1001 :          effort         |   medium   |      medium      |        
RUN-1001 :         fix_hold        |    off     |       off        |        
RUN-1001 :       legalization      |    ori     |       ori        |        
RUN-1001 :      new_spreading      |     on     |        on        |        
RUN-1001 :        opt_timing       |   medium   |      medium      |        
RUN-1001 :   post_clock_route_opt  |    off     |       off        |        
RUN-1001 :       pr_strategy       |     1      |        1         |        
RUN-1001 :        relaxation       |    1.00    |       1.00       |        
RUN-1001 :         retiming        |    off     |       off        |        
RUN-1001 : --------------------------------------------------------------
PHY-3001 : Placer runs in 8 thread(s).
RUN-1002 : start command "legalize_phy_inst"
SYN-1011 : Flatten model responder
RUN-1002 : start command "phys_opt -simplify_lut"
SYN-4024 : Net "CLK_dup_1" drives clk pins.
SYN-4024 : Net "U4/W_Digitron_Out_n" drives clk pins.
SYN-4024 : Net "U2/CLK1" drives clk pins.
SYN-4024 : Net "U4/W_DigitronCS_Out_n" drives clk pins.
SYN-4024 : Net "U4/SingleNum_b_n4" drives clk pins.
SYN-4025 : Tag rtl::Net CLK_dup_1 as clock net
SYN-4025 : Tag rtl::Net U2/CLK1 as clock net
SYN-4025 : Tag rtl::Net U4/SingleNum_b_n4 as clock net
SYN-4025 : Tag rtl::Net U4/W_DigitronCS_Out_n as clock net
SYN-4025 : Tag rtl::Net U4/W_Digitron_Out_n as clock net
SYN-4026 : Tagged 5 rtl::Net as clock net
SYN-4015 : Create BUFG instance for clk Net U2/CLK1 to drive 11 clock pins.
SYN-4015 : Create BUFG instance for clk Net U4/W_DigitronCS_Out_n to drive 8 clock pins.
SYN-4015 : Create BUFG instance for clk Net U4/W_Digitron_Out_n to drive 7 clock pins.
SYN-4015 : Create BUFG instance for clk Net U4/SingleNum_b_n4 to drive 4 clock pins.
PHY-1001 : Populate physical database on model responder.
RUN-1001 : There are total 356 instances
RUN-0007 : 150 luts, 130 seqs, 20 mslices, 20 lslices, 29 pads, 0 brams, 0 dsps
RUN-1001 : There are total 465 nets
RUN-1001 : 263 nets have 2 pins
RUN-1001 : 162 nets have [3 - 5] pins
RUN-1001 : 27 nets have [6 - 10] pins
RUN-1001 : 7 nets have [11 - 20] pins
RUN-1001 : 4 nets have [21 - 99] pins
RUN-1001 : 2 nets have 100+ pins
RUN-1001 : Report Control nets information:
RUN-1001 : DFF Distribution
RUN-1001 : ----------------------------------
RUN-1001 :   CE   |  SSR  |  ASR  |  DFF Count  
RUN-1001 : ----------------------------------
RUN-1001 :   No   |  No   |  No   |     32      
RUN-1001 :   No   |  No   |  Yes  |     35      
RUN-1001 :   No   |  Yes  |  No   |     29      
RUN-1001 :   Yes  |  No   |  No   |      0      
RUN-1001 :   Yes  |  No   |  Yes  |     34      
RUN-1001 :   Yes  |  Yes  |  No   |      0      
RUN-1001 : ----------------------------------
RUN-0007 : Control Group Statistic
RUN-0007 : ---------------------------
RUN-0007 :   #CLK  |  #CE  |  #SSR/ASR  
RUN-0007 : ---------------------------
RUN-0007 :    4    |   3   |     5      
RUN-0007 : ---------------------------
RUN-0007 : Control Set = 10
PHY-3001 : Initial placement ...
PHY-3001 : design contains 354 instances, 150 luts, 130 seqs, 40 slices, 5 macros(40 instances: 20 mslices 20 lslices)
PHY-0007 : Cell area utilization is 1%
PHY-3001 : Global placement ...
PHY-3001 : Initial: Len = 109198
PHY-3001 : Clustering ...
PHY-3001 : Level 0 #clusters 354.
PHY-3001 : End clustering;  0.000012s wall, 0.000000s user + 0.000000s system = 0.000000s CPU (n/a%)

PHY-3001 : Run with size of 4
PHY-3001 : Cell area utilization is 1%
PHY-3001 : :::0::: Try harder cell spreading with beta_ = 0
PHY-3002 : Step(1): len = 70008.1, overlap = 0
PHY-3002 : Step(2): len = 49291.6, overlap = 0
PHY-3002 : Step(3): len = 34616.5, overlap = 0
PHY-3002 : Step(4): len = 27534.1, overlap = 0
PHY-3002 : Step(5): len = 23507.2, overlap = 0
PHY-3002 : Step(6): len = 22022.6, overlap = 0
PHY-3002 : Step(7): len = 21331.6, overlap = 0
PHY-3002 : Step(8): len = 21353.7, overlap = 0
PHY-3002 : Step(9): len = 20403.9, overlap = 0
PHY-3002 : Step(10): len = 17848.4, overlap = 0
PHY-3002 : Step(11): len = 16840.2, overlap = 0
PHY-3002 : Step(12): len = 16903.2, overlap = 0
PHY-3002 : Step(13): len = 15484, overlap = 0
PHY-3002 : Step(14): len = 14828.1, overlap = 0
PHY-3002 : Step(15): len = 15074.7, overlap = 0
PHY-3002 : Step(16): len = 13652.7, overlap = 0
PHY-3002 : Step(17): len = 12935.6, overlap = 0
PHY-3002 : Step(18): len = 13071.1, overlap = 0
PHY-3002 : Step(19): len = 12386.9, overlap = 0
PHY-3002 : Step(20): len = 12608, overlap = 0
PHY-3002 : Step(21): len = 12308.9, overlap = 0
PHY-3002 : Step(22): len = 11510.2, overlap = 0
PHY-3002 : Step(23): len = 11237.4, overlap = 0
PHY-3002 : Step(24): len = 11112.3, overlap = 0
PHY-3002 : Step(25): len = 11068.9, overlap = 0
PHY-3002 : Step(26): len = 10191.9, overlap = 0
PHY-3002 : Step(27): len = 9483.2, overlap = 0
PHY-3002 : Step(28): len = 9534.9, overlap = 0
PHY-3002 : Step(29): len = 8730, overlap = 0
PHY-3002 : Step(30): len = 8356.7, overlap = 0
PHY-3002 : Step(31): len = 8422.9, overlap = 0
PHY-3002 : Step(32): len = 7989.9, overlap = 0
PHY-3002 : Step(33): len = 7982.4, overlap = 0
PHY-3002 : Step(34): len = 7676.3, overlap = 0
PHY-3002 : Step(35): len = 7892.2, overlap = 0
PHY-3002 : Step(36): len = 7980.1, overlap = 0
PHY-3001 : Legalization ...
PHY-3001 : End legalization;  0.006665s wall, 0.000000s user + 0.000000s system = 0.000000s CPU (n/a%)

PHY-3001 : Run with size of 4
PHY-3001 : Cell area utilization is 1%
PHY-3001 : :::0::: Try harder cell spreading with beta_ = 0
PHY-3002 : Step(37): len = 7219.5, overlap = 0
PHY-3002 : Step(38): len = 7248.9, overlap = 0
PHY-3002 : Step(39): len = 7273.7, overlap = 0
PHY-3001 : Run with size of 2
PHY-3001 : Cell area utilization is 1%
PHY-3001 : :::0::: Try harder cell spreading with beta_ = 0
PHY-3002 : Step(40): len = 6957.6, overlap = 4.25
PHY-3002 : Step(41): len = 6957.6, overlap = 4.25
PHY-3002 : Step(42): len = 6976.3, overlap = 3.375
PHY-3002 : Step(43): len = 7046, overlap = 3.4375
PHY-3002 : Step(44): len = 7132, overlap = 3.5
OPT-1001 : Start physical optimization ...
OPT-1001 : Total overflow 12.94 peak overflow 1.84
OPT-1001 : Start high-fanout net optimization ...
OPT-1001 : Update timing in global mode
PHY-1001 : Start incremental global routing, caller is place ...
RUN-1001 : Generating global routing grids ...
RUN-1001 : Building simple global routing graph ...
PHY-1001 : Generate routing nets ...
PHY-1001 : Reuse net number 0/465.
PHY-1001 : Global iterations in 8 thread ...
PHY-1002 : len = 7328, over cnt = 19(0%), over = 46, worst = 6
PHY-1001 : End global iterations;  0.019838s wall, 0.000000s user + 0.000000s system = 0.000000s CPU (n/a%)

PHY-1001 : Congestion index: top1 = 10.47, top5 = 4.68, top10 = 2.50, top15 = 1.67.
PHY-1001 : End incremental global routing;  0.074524s wall, 0.031250s user + 0.000000s system = 0.031250s CPU (41.9%)

RUN-1002 : start command "start_timer -report"
TMR-5001 WARNING: No sdc constraints found while initiating timer.
TMR-2505 : Start building timing graph for model responder.
TMR-2506 : Build timing graph completely. Port num: 10, tpin num: 1604, tnet num: 463, tinst num: 354, tnode num: 2070, tedge num: 2579.
TMR-2508 : Levelizing timing graph completed, there are 23 levels in total.
TMR-2501 : Timing graph initialized successfully.
OPT-1001 : End timing update;  0.231726s wall, 0.156250s user + 0.000000s system = 0.156250s CPU (67.4%)

OPT-1001 : 0 high-fanout net processed.
OPT-1001 : End high-fanout net optimization;  0.310809s wall, 0.187500s user + 0.000000s system = 0.187500s CPU (60.3%)

OPT-1001 : Current memory(MB): used = 134, reserve = 106, peak = 134.
OPT-1001 : End physical optimization;  0.315891s wall, 0.187500s user + 0.000000s system = 0.187500s CPU (59.4%)

PHY-3001 : Start packing ...
SYN-4007 : Packing 0 MUX to BLE ...
SYN-4008 : Packed 0 MUX and 0 SEQ to BLE.
SYN-4007 : Packing 150 LUT to BLE ...
SYN-4008 : Packed 150 LUT and 69 SEQ to BLE.
SYN-4003 : Packing 61 remaining SEQ's ...
SYN-4005 : Packed 38 SEQ with LUT/SLICE
SYN-4006 : 49 single LUT's are left
SYN-4006 : 23 single SEQ's are left
SYN-4011 : Packing model "responder" (AL_USER_NORMAL) with 173/249 primitive instances ...
PHY-3001 : End packing;  0.011494s wall, 0.000000s user + 0.000000s system = 0.000000s CPU (n/a%)

PHY-1001 : Populate physical database on model responder.
RUN-1001 : There are total 176 instances
RUN-1001 : 70 mslices, 70 lslices, 29 pads, 0 brams, 0 dsps
RUN-1001 : There are total 407 nets
RUN-1001 : 212 nets have 2 pins
RUN-1001 : 154 nets have [3 - 5] pins
RUN-1001 : 28 nets have [6 - 10] pins
RUN-1001 : 9 nets have [11 - 20] pins
RUN-1001 : 3 nets have [21 - 99] pins
RUN-1001 : 1 nets have 100+ pins
PHY-3001 : design contains 174 instances, 140 slices, 5 macros(40 instances: 20 mslices 20 lslices)
PHY-3001 : Cell area utilization is 1%
PHY-3001 : After packing: Len = 7469.2, Over = 5
PHY-3001 : Run with size of 2
PHY-3001 : Cell area utilization is 1%
PHY-3001 : :::0::: Try harder cell spreading with beta_ = 0
PHY-3002 : Step(45): len = 6986.3, overlap = 6
PHY-3002 : Step(46): len = 7060.6, overlap = 5.75
PHY-3002 : Step(47): len = 7103.9, overlap = 5.5
PHY-3002 : Step(48): len = 6873.5, overlap = 5
PHY-3002 : Step(49): len = 6893.7, overlap = 5.25
PHY-3002 : Step(50): len = 6968, overlap = 5.5
PHY-3002 : Step(51): len = 7042.1, overlap = 5.75
PHY-3002 : Step(52): len = 6971, overlap = 5.25
PHY-3002 : Step(53): len = 7085.7, overlap = 5
PHY-3002 : Step(54): len = 6687.7, overlap = 7.75
PHY-3002 : Step(55): len = 6763.1, overlap = 6.5
PHY-3002 : Step(56): len = 7018.6, overlap = 5.5
PHY-3002 : Step(57): len = 6929.4, overlap = 4.75
PHY-3002 : Step(58): len = 6784.4, overlap = 5.25
PHY-3002 : Step(59): len = 6650.1, overlap = 5.5
PHY-3002 : Step(60): len = 6324.3, overlap = 6
PHY-3002 : Step(61): len = 6128.3, overlap = 5.75
PHY-3002 : Step(62): len = 5994.2, overlap = 5.25
PHY-3002 : Step(63): len = 5693.2, overlap = 5.75
PHY-3002 : Step(64): len = 5640.4, overlap = 5.25
PHY-3002 : Step(65): len = 5500.9, overlap = 6
PHY-3002 : Step(66): len = 5602.6, overlap = 5.75
PHY-3002 : Step(67): len = 5604.8, overlap = 5.75
PHY-3002 : Step(68): len = 5397.1, overlap = 5.75
PHY-3002 : Step(69): len = 5333.1, overlap = 5.25
PHY-3002 : Step(70): len = 5201.8, overlap = 5.5
PHY-3002 : Step(71): len = 4925.4, overlap = 5.5
PHY-3002 : Step(72): len = 4969.3, overlap = 6
PHY-3002 : Step(73): len = 4946, overlap = 5.5
PHY-3002 : Step(74): len = 4730.1, overlap = 5.75
PHY-3002 : Step(75): len = 4714.8, overlap = 5.5
PHY-3002 : Step(76): len = 4763.7, overlap = 5.25
PHY-3001 : :::1::: Try harder cell spreading with beta_ = 0.00252034
PHY-3002 : Step(77): len = 4636.6, overlap = 6
PHY-3002 : Step(78): len = 4590, overlap = 5.75
PHY-3002 : Step(79): len = 4590, overlap = 5.75
PHY-3001 : Legalization ...
PHY-3001 : End legalization;  0.044649s wall, 0.015625s user + 0.000000s system = 0.015625s CPU (35.0%)

PHY-3001 : Trial Legalized: Len = 7890
PHY-3001 : Run with size of 2
PHY-3001 : Cell area utilization is 1%
PHY-3001 : :::0::: Try harder cell spreading with beta_ = 0
PHY-3002 : Step(80): len = 5889.4, overlap = 1.25
PHY-3002 : Step(81): len = 5181.5, overlap = 3.75
PHY-3002 : Step(82): len = 4787.3, overlap = 5
PHY-3002 : Step(83): len = 4796.2, overlap = 4.75
PHY-3002 : Step(84): len = 4651.9, overlap = 5
PHY-3001 : :::1::: Try harder cell spreading with beta_ = 0.0739522
PHY-3002 : Step(85): len = 4621.5, overlap = 5
PHY-3002 : Step(86): len = 4550.7, overlap = 5.5
PHY-3001 : Legalization ...
PHY-3001 : End legalization;  0.005246s wall, 0.000000s user + 0.000000s system = 0.000000s CPU (n/a%)

PHY-3001 : Legalized: Len = 6437.3, Over = 0
PHY-3001 : Spreading special nets. 2 overflows in 2952 tiles.
PHY-3001 : End spreading;  0.002663s wall, 0.000000s user + 0.000000s system = 0.000000s CPU (n/a%)

PHY-3001 : 2 instances has been re-located, deltaX = 1, deltaY = 1, maxDist = 1.
PHY-3001 : Final: Len = 6465.6, Over = 0
OPT-1001 : Start physical optimization ...
OPT-1001 : Total overflow 0.00 peak overflow 0.00
OPT-1001 : Start high-fanout net optimization ...
OPT-1001 : Update timing in global mode
PHY-1001 : Start incremental global routing, caller is place ...
RUN-1001 : Generating global routing grids ...
PHY-1001 : Generate routing nets ...
PHY-1001 : Reuse net number 8/407.
PHY-1001 : Global iterations in 8 thread ...
PHY-1002 : len = 6896, over cnt = 26(0%), over = 43, worst = 4
PHY-1002 : len = 7064, over cnt = 20(0%), over = 28, worst = 3
PHY-1002 : len = 7344, over cnt = 7(0%), over = 9, worst = 3
PHY-1002 : len = 7488, over cnt = 0(0%), over = 0, worst = 0
PHY-1001 : End global iterations;  0.040245s wall, 0.015625s user + 0.000000s system = 0.015625s CPU (38.8%)

PHY-1001 : Congestion index: top1 = 15.32, top5 = 5.91, top10 = 2.95, top15 = 1.97.
PHY-1001 : End incremental global routing;  0.087095s wall, 0.046875s user + 0.000000s system = 0.046875s CPU (53.8%)

RUN-1002 : start command "start_timer -report"
TMR-5001 WARNING: No sdc constraints found while initiating timer.
TMR-2505 : Start building timing graph for model responder.
TMR-2506 : Build timing graph completely. Port num: 10, tpin num: 1400, tnet num: 405, tinst num: 174, tnode num: 1761, tedge num: 2365.
TMR-2508 : Levelizing timing graph completed, there are 23 levels in total.
TMR-2501 : Timing graph initialized successfully.
OPT-1001 : End timing update;  0.177577s wall, 0.156250s user + 0.000000s system = 0.156250s CPU (88.0%)

OPT-1001 : 0 high-fanout net processed.
OPT-1001 : End high-fanout net optimization;  0.269761s wall, 0.203125s user + 0.000000s system = 0.203125s CPU (75.3%)

OPT-1001 : Current memory(MB): used = 136, reserve = 107, peak = 136.
OPT-1001 : Update timing in Manhattan mode
OPT-1001 : End timing update;  0.000337s wall, 0.015625s user + 0.000000s system = 0.015625s CPU (n/a%)

OPT-1001 : Start pin optimization...
OPT-1001 : skip pin optimization...
RUN-1001 : Generating global routing grids ...
PHY-1001 : Generate routing nets ...
PHY-1001 : Reuse net number 310/407.
PHY-1001 : Global iterations in 8 thread ...
PHY-1002 : len = 7488, over cnt = 0(0%), over = 0, worst = 0
PHY-1001 : End global iterations;  0.001854s wall, 0.000000s user + 0.000000s system = 0.000000s CPU (n/a%)

PHY-1001 : Congestion index: top1 = 15.32, top5 = 5.91, top10 = 2.95, top15 = 1.97.
OPT-1001 : Update timing in Manhattan mode
OPT-1001 : End timing update;  0.000527s wall, 0.000000s user + 0.000000s system = 0.000000s CPU (n/a%)

RUN-1001 : QoR Analysis:
OPT-0007 :   WNS 2147483647 TNS 0 NUM_FEPS 0
RUN-1001 :   No local congestion issue, and most congested 1% tile average routing util is 14.965517
RUN-1001 :   Top critical paths
OPT-1001 : End physical optimization;  0.322089s wall, 0.250000s user + 0.000000s system = 0.250000s CPU (77.6%)

RUN-1003 : finish command "place" in  2.110903s wall, 1.078125s user + 0.343750s system = 1.421875s CPU (67.4%)

RUN-1004 : used memory is 127 MB, reserved memory is 98 MB, peak memory is 136 MB
RUN-1002 : start command "export_db responder_place.db"
RUN-1001 : Exported /
RUN-1001 : Exported flow parameters
RUN-1001 : Exported libs
RUN-1001 : Exported entities
RUN-1001 : Exported ports
RUN-1001 : Exported pins
RUN-1001 : Exported instances
RUN-1001 : Exported nets
RUN-1001 : Exported buses
RUN-1001 : Exported models
RUN-1001 : Exported congestions
RUN-1001 : Exported violations
RUN-1001 : Exported IO constraints
RUN-1001 : Exported Inst constraints
RUN-1002 : start command "route"
RUN-1001 : Open license file C:/Anlogic/TD5.6.2/license/Anlogic.lic
RUN-1001 : Print Global Property
RUN-1001 : ---------------------------------------------------------------
RUN-1001 :        Parameters        |  Settings  |  Default Values  |  Note  
RUN-1001 : ---------------------------------------------------------------
RUN-1001 :          message         |  standard  |     standard     |        
RUN-1001 :   mixed_pack_place_flow  |     on     |        on        |        
RUN-1001 :        qor_monitor       |    off     |       off        |        
RUN-1001 :        syn_ip_flow       |    off     |       off        |        
RUN-1001 :          thread          |    auto    |       auto       |        
RUN-1001 : ---------------------------------------------------------------
RUN-1001 : Print Route Property
RUN-1001 : -------------------------------------------------------
RUN-1001 :    Parameters    |  Settings  |  Default Values  |  Note  
RUN-1001 : -------------------------------------------------------
RUN-1001 :      effort      |   medium   |      medium      |        
RUN-1001 :     fix_hold     |    off     |       off        |        
RUN-1001 :    opt_timing    |   medium   |      medium      |        
RUN-1001 :   phy_sim_model  |    off     |       off        |        
RUN-1001 :     priority     |   timing   |      timing      |        
RUN-1001 :     swap_pin     |     on     |        on        |        
RUN-1001 : -------------------------------------------------------
PHY-1001 : Route runs in 8 thread(s)
RUN-1001 : There are total 176 instances
RUN-1001 : 70 mslices, 70 lslices, 29 pads, 0 brams, 0 dsps
RUN-1001 : There are total 407 nets
RUN-1001 : 212 nets have 2 pins
RUN-1001 : 154 nets have [3 - 5] pins
RUN-1001 : 28 nets have [6 - 10] pins
RUN-1001 : 9 nets have [11 - 20] pins
RUN-1001 : 3 nets have [21 - 99] pins
RUN-1001 : 1 nets have 100+ pins
RUN-1002 : start command "start_timer -report"
TMR-5001 WARNING: No sdc constraints found while initiating timer.
TMR-2505 : Start building timing graph for model responder.
TMR-2506 : Build timing graph completely. Port num: 10, tpin num: 1400, tnet num: 405, tinst num: 174, tnode num: 1761, tedge num: 2365.
TMR-2508 : Levelizing timing graph completed, there are 23 levels in total.
TMR-2501 : Timing graph initialized successfully.
PHY-1001 : 70 mslices, 70 lslices, 29 pads, 0 brams, 0 dsps
TMR-2503 : Start to update net delay, extr mode = 3.
TMR-2504 : Update delay of 405 nets completely.
TMR-2502 : Annotate delay completely, extr mode = 3.
TMR-3002 : No user constraint, initiate default constraint.
TMR-1501 : Assign derive clock DeriveClock to 214 clock pins, and constraint 361 relative nodes.
TMR-3003 : Constraints initiated successfully.
TMR-3501 : Forward propagation: start to calculate arrival time...
TMR-3502 : Backward propagation: start to calculate required time...
TMR-3503 : Timing propagation completes.
PHY-1001 : Start global routing, caller is route ...
RUN-1001 : Generating global routing grids ...
PHY-1001 : Generate routing nets ...
PHY-1001 : Global iterations in 8 thread ...
PHY-1002 : len = 6840, over cnt = 27(0%), over = 44, worst = 4
PHY-1002 : len = 7008, over cnt = 21(0%), over = 29, worst = 3
PHY-1002 : len = 7392, over cnt = 3(0%), over = 3, worst = 1
PHY-1002 : len = 7432, over cnt = 0(0%), over = 0, worst = 0
PHY-1001 : End global iterations;  0.043704s wall, 0.031250s user + 0.000000s system = 0.031250s CPU (71.5%)

PHY-1001 : Congestion index: top1 = 15.39, top5 = 5.84, top10 = 2.91, top15 = 1.95.
PHY-1001 : End global routing;  0.090916s wall, 0.062500s user + 0.000000s system = 0.062500s CPU (68.7%)

PHY-1001 : Start detail routing ...
PHY-1001 : Current memory(MB): used = 153, reserve = 124, peak = 157.
PHY-1001 : Detailed router is running in normal mode.
PHY-1001 : Generate detailed routing grids ...
PHY-1001 : Processed IO instance DigitronCS_Out[3]_syn_2 with INV attribute.
PHY-1001 : Processed IO instance DigitronCS_Out[2]_syn_2 with INV attribute.
PHY-1001 : Processed IO instance DigitronCS_Out[1]_syn_2 with INV attribute.
PHY-1001 : Processed IO instance DigitronCS_Out[0]_syn_2 with INV attribute.
PHY-1001 : Processed IO instance Digitron_Out[6]_syn_2 with INV attribute.
PHY-1001 : Processed IO instance Digitron_Out[5]_syn_2 with INV attribute.
PHY-1001 : Processed IO instance Digitron_Out[4]_syn_2 with INV attribute.
PHY-1001 : Processed IO instance Digitron_Out[3]_syn_2 with INV attribute.
PHY-1001 : Processed IO instance Digitron_Out[2]_syn_2 with INV attribute.
PHY-1001 : Processed IO instance Digitron_Out[1]_syn_2 with INV attribute.
PHY-1001 : Processed IO instance Digitron_Out[0]_syn_2 with INV attribute.
PHY-1001 : Generate nets ...
PHY-1001 : net CLK_dup_1 will be routed on clock mesh
PHY-1001 : clock net U2/CLK1_syn_4 will be merged with clock U2/CLK1
PHY-1001 : clock net U4/SingleNum_b_n4_syn_10 will be merged with clock U4/SingleNum_b_n4
PHY-1001 : clock net U4/W_DigitronCS_Out_n_syn_4 will be merged with clock U4/W_DigitronCS_Out_n
PHY-1001 : clock net U4/W_Digitron_Out_n_syn_2 will be merged with clock U4/W_Digitron_Out_n
PHY-1001 : Current memory(MB): used = 418, reserve = 393, peak = 418.
PHY-1001 : End build detailed router design. 3.814923s wall, 3.203125s user + 0.031250s system = 3.234375s CPU (84.8%)

PHY-1001 : Detail Route ...
PHY-1001 : ===== Detail Route Phase 1 =====
PHY-1001 : Clock net routing.....
PHY-1001 : Routed 1% nets.
PHY-1022 : len = 13456, over cnt = 0(0%), over = 0, worst = 0, crit = 0
PHY-1001 : End initial clock net routed; 1.402787s wall, 1.109375s user + 0.000000s system = 1.109375s CPU (79.1%)

PHY-1001 : Current memory(MB): used = 448, reserve = 424, peak = 448.
PHY-1001 : End phase 1; 1.408536s wall, 1.109375s user + 0.000000s system = 1.109375s CPU (78.8%)

PHY-1001 : ===== Detail Route Phase 2 =====
PHY-1001 : Initial routing.....
PHY-1001 : Routed 32% nets.
PHY-1001 : Routed 38% nets.
PHY-1001 : Routed 48% nets.
PHY-1001 : Routed 63% nets.
PHY-1001 : Routed 82% nets.
PHY-1022 : len = 27576, over cnt = 7(0%), over = 7, worst = 1, crit = 0
PHY-1001 : Current memory(MB): used = 448, reserve = 424, peak = 448.
PHY-1001 : End initial routed; 0.084474s wall, 0.031250s user + 0.015625s system = 0.046875s CPU (55.5%)

PHY-1001 : Current memory(MB): used = 448, reserve = 424, peak = 448.
PHY-1001 : End phase 2; 0.084520s wall, 0.031250s user + 0.015625s system = 0.046875s CPU (55.5%)

PHY-1001 : ===== Detail Route Phase 3 =====
PHY-1001 : Ripup-reroute.....
PHY-1001 : ===== DR Iter 1 =====
PHY-1022 : len = 27552, over cnt = 1(0%), over = 1, worst = 1, crit = 0
PHY-1001 : End DR Iter 1; 0.012451s wall, 0.000000s user + 0.000000s system = 0.000000s CPU (n/a%)

PHY-1001 : ===== DR Iter 2 =====
PHY-1022 : len = 27552, over cnt = 0(0%), over = 0, worst = 0, crit = 0
PHY-1001 : End DR Iter 2; 0.010919s wall, 0.000000s user + 0.000000s system = 0.000000s CPU (n/a%)

PHY-1001 : Commit to database.....
PHY-1001 : 5 feed throughs used by 5 nets
PHY-1001 : End commit to database; 0.044647s wall, 0.031250s user + 0.000000s system = 0.031250s CPU (70.0%)

PHY-1001 : Current memory(MB): used = 458, reserve = 434, peak = 458.
PHY-1001 : End phase 3; 0.188734s wall, 0.125000s user + 0.000000s system = 0.125000s CPU (66.2%)

PHY-1003 : Routed, final wirelength = 27552
PHY-1001 : Current memory(MB): used = 458, reserve = 434, peak = 458.
PHY-1001 : End export database. 0.005417s wall, 0.000000s user + 0.000000s system = 0.000000s CPU (n/a%)

PHY-1001 : End detail routing;  5.716740s wall, 4.703125s user + 0.046875s system = 4.750000s CPU (83.1%)

RUN-1003 : finish command "route" in  6.064684s wall, 4.921875s user + 0.046875s system = 4.968750s CPU (81.9%)

RUN-1004 : used memory is 415 MB, reserved memory is 391 MB, peak memory is 458 MB
RUN-1002 : start command "report_area -io_info -file responder_phy.area"
RUN-1001 : standard
***Report Model: responder Device: EG4S20BG256***

IO Statistics
#IO                        29
  #input                    7
  #output                  22
  #inout                    0

Utilization Statistics
#lut                      237   out of  19600    1.21%
#reg                      151   out of  19600    0.77%
#le                       260
  #lut only               109   out of    260   41.92%
  #reg only                23   out of    260    8.85%
  #lut&reg                128   out of    260   49.23%
#dsp                        0   out of     29    0.00%
#bram                       0   out of     64    0.00%
  #bram9k                   0
  #fifo9k                   0
#bram32k                    0   out of     16    0.00%
#pad                       29   out of    188   15.43%
  #ireg                     4
  #oreg                    17
  #treg                     0
#pll                        0   out of      4    0.00%
#gclk                       4   out of     16   25.00%

Clock Resource Statistics
Index     ClockNet                 Type               DriverType         Driver                   Fanout
#1        CLK_dup_1                GCLK               io                 CLK_syn_2.di             92
#2        U2/CLK1                  GCLK               mslice             U2/CLK1_reg_syn_30.q0    9
#3        U4/W_DigitronCS_Out_n    GCLK               lslice             U4/reg2_syn_25.f1        8
#4        U4/W_Digitron_Out_n      GCLK               mslice             U4/mux1_syn_5.f1         7
#5        U4/SingleNum_b_n4        GCLK               lslice             U4/sel2_syn_73.f0        2


Detailed IO Report

        Name           Direction    Location    IOStandard    DriveStrength    PullType    PackReg  
         CLK             INPUT         R7        LVCMOS33          N/A          PULLUP      NONE    
      Key_In[3]          INPUT        F10        LVCMOS33          N/A          PULLUP      IREG    
      Key_In[2]          INPUT        C11        LVCMOS33          N/A          PULLUP      IREG    
      Key_In[1]          INPUT        D11        LVCMOS33          N/A          PULLUP      IREG    
      Key_In[0]          INPUT        E11        LVCMOS33          N/A          PULLUP      IREG    
        RSTn             INPUT         A9        LVCMOS33          N/A          PULLUP      NONE    
        Start            INPUT        A10        LVCMOS33          N/A          PULLUP      NONE    
     Buzzer_Out         OUTPUT        H11        LVCMOS33           8            NONE       OREG    
  DigitronCS_Out[3]     OUTPUT         A3        LVCMOS33           8            NONE       OREG    
  DigitronCS_Out[2]     OUTPUT         A5        LVCMOS33           8            NONE       OREG    
  DigitronCS_Out[1]     OUTPUT         B6        LVCMOS33           8            NONE       OREG    
  DigitronCS_Out[0]     OUTPUT         C9        LVCMOS33           8            NONE       OREG    
   Digitron_Out[7]      OUTPUT         C8        LVCMOS33           8            NONE       NONE    
   Digitron_Out[6]      OUTPUT         A8        LVCMOS33           8            NONE       OREG    
   Digitron_Out[5]      OUTPUT         B5        LVCMOS33           8            NONE       OREG    
   Digitron_Out[4]      OUTPUT         A7        LVCMOS33           8            NONE       OREG    
   Digitron_Out[3]      OUTPUT         E8        LVCMOS33           8            NONE       OREG    
   Digitron_Out[2]      OUTPUT         B8        LVCMOS33           8            NONE       OREG    
   Digitron_Out[1]      OUTPUT         A6        LVCMOS33           8            NONE       OREG    
   Digitron_Out[0]      OUTPUT         A4        LVCMOS33           8            NONE       OREG    
     Key_Row[3]         OUTPUT        E10        LVCMOS33           8            NONE       NONE    
     Key_Row[2]         OUTPUT        C10        LVCMOS33           8            NONE       NONE    
     Key_Row[1]         OUTPUT         F9        LVCMOS33           8            NONE       NONE    
     Key_Row[0]         OUTPUT         D9        LVCMOS33           8            NONE       NONE    
     LED_Out[3]         OUTPUT        C15        LVCMOS33           8            NONE       OREG    
     LED_Out[2]         OUTPUT        B16        LVCMOS33           8            NONE       OREG    
     LED_Out[1]         OUTPUT        B15        LVCMOS33           8            NONE       OREG    
     LED_Out[0]         OUTPUT        B14        LVCMOS33           8            NONE       OREG    
  LED_OverTime_Out      OUTPUT        F16        LVCMOS33           8            NONE       OREG    

Report Hierarchy Area:
+-----------------------------------------------------------------------------------+
|Instance |Module              |le     |lut     |ripple  |seq     |bram    |dsp     |
+-----------------------------------------------------------------------------------+
|top      |responder           |260    |197     |40      |172     |0       |0       |
|  U1     |Sel_module          |64     |50      |7       |35      |0       |0       |
|  U2     |Timer_module        |54     |44      |7       |36      |0       |0       |
|  U3     |Buzzer_module       |45     |27      |6       |29      |0       |0       |
|  U4     |Digitron_NumDisplay |61     |52      |9       |27      |0       |0       |
|  U5     |key_filter          |36     |24      |11      |24      |0       |0       |
+-----------------------------------------------------------------------------------+


DataNet Average Fanout:

   Index     Fanout    Nets  
    #1         1       183   
    #2         2       129   
    #3         3        12   
    #4         4        12   
    #5        5-10      27   
    #6       11-50      8    
  Average     2.29           

RUN-1002 : start command "export_db responder_pr.db"
RUN-1001 : Exported /
RUN-1001 : Exported flow parameters
RUN-1001 : Exported libs
RUN-1001 : Exported entities
RUN-1001 : Exported ports
RUN-1001 : Exported pins
RUN-1001 : Exported instances
RUN-1001 : Exported nets
RUN-1001 : Exported buses
RUN-1001 : Exported models
RUN-1001 : Exported congestions
RUN-1001 : Exported violations
RUN-1001 : Exported IO constraints
RUN-1001 : Exported Inst constraints
RUN-1002 : start command "export_bid responder_inst.bid"
RUN-1002 : start command "bitgen -bit responder.bit -unused_io_status pulldown"
BIT-1003 : Start to generate bitstream. 
BIT-1002 : Bitgen processed 159 unused pads, reserve input tri_state with pulldown
BIT-1002 : Init instances with 8 threads.
BIT-1002 : Init instances completely, inst num: 333
BIT-1002 : Init pips with 8 threads.
BIT-1002 : Init pips completely, net num: 407, pip num: 2619
BIT-1002 : Init feedthrough completely, num: 5
BIT-1003 : Multithreading accelaration with 8 threads.
BIT-1003 : Generate bitstream completely, there are 519 valid insts, and 8440 bits set as '1'.
BIT-1004 : PLL setting string = 0000
BIT-1004 : Generate bits file responder.bit.
RUN-1003 : finish command "bitgen -bit responder.bit -unused_io_status pulldown" in  1.504103s wall, 2.609375s user + 0.015625s system = 2.625000s CPU (174.5%)

RUN-1004 : used memory is 424 MB, reserved memory is 401 MB, peak memory is 575 MB
RUN-1002 : start command "backup_run_log run.log ../.logs/phy_1/td_20240723_215957.log"
