============================================================
   Tang Dynasty, V5.6.71036
      Copyright (c) 2012-2023 Anlogic Inc.
   Executable = C:/Anlogic/TD5.6.2/bin/td.exe
   Built at =   20:34:38 Mar 21 2023
   Run by =     Timmy
   Run Date =   Sat Jul 27 17:09:00 2024

   Run on =     DESKTOP-A28VB3Q
============================================================
RUN-1002 : start command "open_project responder.prj"
RUN-1001 : Print Global Property
RUN-1001 : ---------------------------------------------------------------
RUN-1001 :        Parameters        |  Settings  |  Default Values  |  Note  
RUN-1001 : ---------------------------------------------------------------
RUN-1001 :          message         |  standard  |     standard     |        
RUN-1001 :   mixed_pack_place_flow  |     on     |        on        |        
RUN-1001 :        qor_monitor       |    off     |       off        |        
RUN-1001 :        syn_ip_flow       |    off     |       off        |        
RUN-1001 :          thread          |    auto    |       auto       |        
RUN-1001 : ---------------------------------------------------------------
RUN-1001 : Print Design Property
RUN-1001 : --------------------------------------------------------------
RUN-1001 :        Parameters       |  Settings  |  Default Values  |  Note  
RUN-1001 : --------------------------------------------------------------
RUN-1001 :   default_reg_initial   |    auto    |       auto       |        
RUN-1001 :        infer_add        |     on     |        on        |        
RUN-1001 :        infer_fsm        |    off     |       off        |        
RUN-1001 :        infer_mult       |     on     |        on        |        
RUN-1001 :        infer_ram        |     on     |        on        |        
RUN-1001 :        infer_reg        |     on     |        on        |        
RUN-1001 :   infer_reg_init_value  |     on     |        on        |        
RUN-1001 :        infer_rom        |     on     |        on        |        
RUN-1001 :      infer_shifter      |     on     |        on        |        
RUN-1001 : --------------------------------------------------------------
RUN-1001 : Print Rtl Property
RUN-1001 : --------------------------------------------------------------
RUN-1001 :        Parameters       |  Settings  |  Default Values  |  Note  
RUN-1001 : --------------------------------------------------------------
RUN-1001 :       compress_add      |   ripple   |      ripple      |        
RUN-1001 :        elf_sload        |    off     |       off        |        
RUN-1001 :       fix_undriven      |     0      |        0         |        
RUN-1001 :         flatten         |    off     |       off        |        
RUN-1001 :       gate_sharing      |     on     |        on        |        
RUN-1001 :    hdl_warning_level    |   normal   |      normal      |        
RUN-1001 :   impl_internal_tribuf  |     on     |        on        |        
RUN-1001 :      impl_set_reset     |     on     |        on        |        
RUN-1001 :        infer_gsr        |    off     |       off        |        
RUN-1001 :      keep_hierarchy     |    auto    |       auto       |        
RUN-1001 :        max_fanout       |    9999    |       9999       |        
RUN-1001 :      max_oh2bin_len     |     10     |        10        |        
RUN-1001 :       merge_equal       |     on     |        on        |        
RUN-1001 :       merge_equiv       |     on     |        on        |        
RUN-1001 :        merge_mux        |    off     |       off        |        
RUN-1001 :     min_control_set     |     8      |        8         |        
RUN-1001 :      min_ripple_len     |    auto    |       auto       |        
RUN-1001 :       oh2bin_ratio      |    0.08    |       0.08       |        
RUN-1001 :     opt_adder_fanout    |     on     |        on        |        
RUN-1001 :        opt_arith        |     on     |        on        |        
RUN-1001 :       opt_big_gate      |    off     |       off        |        
RUN-1001 :        opt_const        |     on     |        on        |        
RUN-1001 :      opt_const_mult     |     on     |        on        |        
RUN-1001 :       opt_lessthan      |     on     |        on        |        
RUN-1001 :         opt_mux         |    off     |       off        |        
RUN-1001 :         opt_ram         |    high    |       high       |        
RUN-1001 :      rtl_sim_model      |    off     |       off        |        
RUN-1001 :         seq_syn         |     on     |        on        |        
RUN-1001 : --------------------------------------------------------------
HDL-1007 : analyze verilog file ../../responder.v
HDL-1007 : analyze verilog file ../../Sel_module.v
HDL-1007 : analyze verilog file ../../Timer_module.v
HDL-1007 : analyze verilog file ../../Buzzer_module.v
HDL-1007 : analyze verilog file ../../Digitron_NumDisplay.v
HDL-1007 : analyze verilog file ../../key_filter.v
HDL-1007 : analyze verilog file ../../../../1 run_led/run_led/led8_module.v
HDL-1007 : analyze verilog file ../../countdown_module.v
RUN-1001 : Project manager successfully analyzed 8 source files.
RUN-1002 : start command "import_device eagle_s20.db -package EG4S20BG256"
ARC-1001 : Device Initialization.
ARC-1001 : ------------------------------------------------------------------
ARC-1001 :            OPTION            |          IO          |   SETTING   
ARC-1001 : ------------------------------------------------------------------
ARC-1001 :   cso_b/cclk/mosi/miso/dout  |  T3/R11/T10/P10/S11  |    gpio    
ARC-1001 :             done             |         P13          |    gpio    
ARC-1001 :           program_b          |          T2          |  dedicate  
ARC-1001 :        tdi/tms/tck/tdo       |   C12/A15/C14/E14    |  dedicate  
ARC-1001 : ------------------------------------------------------------------
ARC-1004 : Device setting, marked 5 dedicate IOs in total.
RUN-1002 : start command "import_db ../syn_1/responder_gate.db"
RUN-1001 : Importing database generated by Tang Dynasty, V5.6.71036.
RUN-1001 : Database version number 46146.
RUN-1001 : Import flow parameters
RUN-1001 : Import IO constraints
RUN-1001 : Import Inst constraints
RUN-1001 : Import design success TD_VERSION=5.6.71036 , DB_VERSION=46146
RUN-1002 : start command "place"
RUN-1001 : Open license file C:/Anlogic/TD5.6.2/license/Anlogic.lic
RUN-1001 : Print Global Property
RUN-1001 : ---------------------------------------------------------------
RUN-1001 :        Parameters        |  Settings  |  Default Values  |  Note  
RUN-1001 : ---------------------------------------------------------------
RUN-1001 :          message         |  standard  |     standard     |        
RUN-1001 :   mixed_pack_place_flow  |     on     |        on        |        
RUN-1001 :        qor_monitor       |    off     |       off        |        
RUN-1001 :        syn_ip_flow       |    off     |       off        |        
RUN-1001 :          thread          |    auto    |       auto       |        
RUN-1001 : ---------------------------------------------------------------
RUN-1001 : Print Place Property
RUN-1001 : --------------------------------------------------------------
RUN-1001 :        Parameters       |  Settings  |  Default Values  |  Note  
RUN-1001 : --------------------------------------------------------------
RUN-1001 :      detailed_place     |     on     |        on        |        
RUN-1001 :          effort         |   medium   |      medium      |        
RUN-1001 :         fix_hold        |    off     |       off        |        
RUN-1001 :       legalization      |    ori     |       ori        |        
RUN-1001 :      new_spreading      |     on     |        on        |        
RUN-1001 :        opt_timing       |   medium   |      medium      |        
RUN-1001 :   post_clock_route_opt  |    off     |       off        |        
RUN-1001 :       pr_strategy       |     1      |        1         |        
RUN-1001 :        relaxation       |    1.00    |       1.00       |        
RUN-1001 :         retiming        |    off     |       off        |        
RUN-1001 : --------------------------------------------------------------
PHY-3001 : Placer runs in 8 thread(s).
RUN-1002 : start command "legalize_phy_inst"
SYN-1011 : Flatten model responder
SYN-5055 WARNING: The kept net U5/cnt[19] will be merged to another kept net U5/cnt_b[19]
SYN-5055 WARNING: The kept net U5/cnt[18] will be merged to another kept net U5/cnt_b[18]
SYN-5055 WARNING: The kept net U5/cnt[17] will be merged to another kept net U5/cnt_b[17]
SYN-5055 WARNING: The kept net U5/cnt[16] will be merged to another kept net U5/cnt_b[16]
SYN-5055 WARNING: The kept net U5/cnt[15] will be merged to another kept net U5/cnt_b1[15]
SYN-5055 WARNING: The kept net U5/cnt[14] will be merged to another kept net U5/cnt_b[14]
SYN-5055 WARNING: The kept net U5/cnt[13] will be merged to another kept net U5/cnt_b1[13]
SYN-5055 WARNING: The kept net U5/cnt[12] will be merged to another kept net U5/cnt_b1[12]
SYN-5055 WARNING: The kept net U5/cnt[11] will be merged to another kept net U5/cnt_b1[11]
SYN-5055 WARNING: The kept net U5/cnt[10] will be merged to another kept net U5/cnt_b1[10]
SYN-5055 Similar messages will be suppressed.
RUN-1002 : start command "phys_opt -simplify_lut"
SYN-4024 : Net "CLK_dup_1" drives clk pins.
SYN-4024 : Net "U2/CLK1" drives clk pins.
SYN-4024 : Net "U4/W_DigitronCS_Out_n" drives clk pins.
SYN-4024 : Net "Set_Time_dup_1" drives clk pins.
SYN-4024 : Net "U4/SingleNum_b_n4" drives clk pins.
SYN-4025 : Tag rtl::Net CLK_dup_1 as clock net
SYN-4025 : Tag rtl::Net Set_Time_dup_1 as clock net
SYN-4025 : Tag rtl::Net U2/CLK1 as clock net
SYN-4025 : Tag rtl::Net U4/SingleNum_b_n4 as clock net
SYN-4025 : Tag rtl::Net U4/W_DigitronCS_Out_n as clock net
SYN-4026 : Tagged 5 rtl::Net as clock net
SYN-4015 : Create BUFG instance for clk Net U2/CLK1 to drive 11 clock pins.
SYN-4015 : Create BUFG instance for clk Net U4/W_DigitronCS_Out_n to drive 8 clock pins.
SYN-4015 : Create BUFG instance for clk Net U4/SingleNum_b_n4 to drive 4 clock pins.
PHY-1001 : Populate physical database on model responder.
RUN-1001 : There are total 421 instances
RUN-0007 : 186 luts, 144 seqs, 32 mslices, 20 lslices, 33 pads, 0 brams, 0 dsps
RUN-1001 : There are total 553 nets
RUN-1001 : 322 nets have 2 pins
RUN-1001 : 190 nets have [3 - 5] pins
RUN-1001 : 29 nets have [6 - 10] pins
RUN-1001 : 6 nets have [11 - 20] pins
RUN-1001 : 4 nets have [21 - 99] pins
RUN-1001 : 2 nets have 100+ pins
RUN-1001 : Report Control nets information:
RUN-1001 : DFF Distribution
RUN-1001 : ----------------------------------
RUN-1001 :   CE   |  SSR  |  ASR  |  DFF Count  
RUN-1001 : ----------------------------------
RUN-1001 :   No   |  No   |  No   |     37      
RUN-1001 :   No   |  No   |  Yes  |     51      
RUN-1001 :   No   |  Yes  |  No   |     23      
RUN-1001 :   Yes  |  No   |  No   |      0      
RUN-1001 :   Yes  |  No   |  Yes  |     33      
RUN-1001 :   Yes  |  Yes  |  No   |      0      
RUN-1001 : ----------------------------------
RUN-0007 : Control Group Statistic
RUN-0007 : ---------------------------
RUN-0007 :   #CLK  |  #CE  |  #SSR/ASR  
RUN-0007 : ---------------------------
RUN-0007 :    5    |   3   |     4      
RUN-0007 : ---------------------------
RUN-0007 : Control Set = 10
PHY-3001 : Initial placement ...
PHY-3001 : design contains 419 instances, 186 luts, 144 seqs, 52 slices, 6 macros(52 instances: 32 mslices 20 lslices)
PHY-0007 : Cell area utilization is 1%
PHY-3001 : Global placement ...
PHY-3001 : Initial: Len = 121945
PHY-3001 : Clustering ...
PHY-3001 : Level 0 #clusters 419.
PHY-3001 : End clustering;  0.000028s wall, 0.000000s user + 0.000000s system = 0.000000s CPU (n/a%)

PHY-3001 : Run with size of 4
PHY-3001 : Cell area utilization is 1%
PHY-3001 : :::0::: Try harder cell spreading with beta_ = 0
PHY-3002 : Step(1): len = 76699.7, overlap = 0
PHY-3002 : Step(2): len = 52334.1, overlap = 0
PHY-3002 : Step(3): len = 37313.9, overlap = 0
PHY-3002 : Step(4): len = 29517.2, overlap = 0
PHY-3002 : Step(5): len = 24916.2, overlap = 0
PHY-3002 : Step(6): len = 23703.2, overlap = 0
PHY-3002 : Step(7): len = 23195.4, overlap = 0
PHY-3002 : Step(8): len = 20985.7, overlap = 0
PHY-3002 : Step(9): len = 19251.5, overlap = 0
PHY-3002 : Step(10): len = 18577.4, overlap = 0
PHY-3002 : Step(11): len = 18283.2, overlap = 0
PHY-3002 : Step(12): len = 16763.9, overlap = 0
PHY-3002 : Step(13): len = 16859.4, overlap = 0
PHY-3002 : Step(14): len = 16874.2, overlap = 0
PHY-3002 : Step(15): len = 15815.3, overlap = 0
PHY-3002 : Step(16): len = 15726.4, overlap = 0
PHY-3002 : Step(17): len = 15286.4, overlap = 0
PHY-3002 : Step(18): len = 14703, overlap = 0
PHY-3002 : Step(19): len = 14841.1, overlap = 0
PHY-3002 : Step(20): len = 13848, overlap = 0
PHY-3002 : Step(21): len = 13718.8, overlap = 0
PHY-3002 : Step(22): len = 14064.2, overlap = 0
PHY-3002 : Step(23): len = 12283.1, overlap = 0
PHY-3002 : Step(24): len = 12512.7, overlap = 0
PHY-3002 : Step(25): len = 12823.6, overlap = 0
PHY-3002 : Step(26): len = 11239.6, overlap = 0
PHY-3002 : Step(27): len = 11302.5, overlap = 0
PHY-3002 : Step(28): len = 11286.1, overlap = 0
PHY-3002 : Step(29): len = 10335.8, overlap = 0
PHY-3002 : Step(30): len = 10464.3, overlap = 0
PHY-3002 : Step(31): len = 10464.3, overlap = 0
PHY-3002 : Step(32): len = 9819.9, overlap = 0
PHY-3002 : Step(33): len = 9819.9, overlap = 0
PHY-3002 : Step(34): len = 9704, overlap = 0
PHY-3001 : Legalization ...
PHY-3001 : End legalization;  0.006154s wall, 0.000000s user + 0.000000s system = 0.000000s CPU (n/a%)

PHY-3001 : Run with size of 4
PHY-3001 : Cell area utilization is 1%
PHY-3001 : :::0::: Try harder cell spreading with beta_ = 0
PHY-3002 : Step(35): len = 9744.7, overlap = 0
PHY-3002 : Step(36): len = 9874.2, overlap = 0
PHY-3002 : Step(37): len = 10057.6, overlap = 0
PHY-3001 : Run with size of 2
PHY-3001 : Cell area utilization is 1%
PHY-3001 : :::0::: Try harder cell spreading with beta_ = 0
PHY-3002 : Step(38): len = 9562.9, overlap = 2.84375
PHY-3002 : Step(39): len = 9610, overlap = 2.75
PHY-3002 : Step(40): len = 9708.8, overlap = 2.71875
OPT-1001 : Start physical optimization ...
OPT-1001 : Total overflow 17.88 peak overflow 2.16
OPT-1001 : Start high-fanout net optimization ...
OPT-1001 : Update timing in global mode
PHY-1001 : Start incremental global routing, caller is place ...
RUN-1001 : Generating global routing grids ...
RUN-1001 : Building simple global routing graph ...
PHY-1001 : Generate routing nets ...
PHY-1001 : Reuse net number 0/553.
PHY-1001 : Global iterations in 8 thread ...
PHY-1002 : len = 10184, over cnt = 15(0%), over = 42, worst = 7
PHY-1001 : End global iterations;  0.023585s wall, 0.000000s user + 0.000000s system = 0.000000s CPU (n/a%)

PHY-1001 : Congestion index: top1 = 10.88, top5 = 5.03, top10 = 3.01, top15 = 2.01.
PHY-1001 : End incremental global routing;  0.077825s wall, 0.031250s user + 0.000000s system = 0.031250s CPU (40.2%)

RUN-1002 : start command "start_timer -report"
TMR-5001 WARNING: No sdc constraints found while initiating timer.
TMR-2505 : Start building timing graph for model responder.
TMR-2506 : Build timing graph completely. Port num: 11, tpin num: 1862, tnet num: 551, tinst num: 419, tnode num: 2393, tedge num: 2981.
TMR-2509 : Cut connection from U5/reg1_syn_14.a to U5/reg1_syn_14.o.
TMR-2509 : Cut connection from U5/reg1_syn_17.a to U5/reg1_syn_17.o.
TMR-2509 : Cut connection from U5/reg1_syn_16.a to U5/reg1_syn_16.o.
TMR-2509 : Cut connection from U5/reg1_syn_15.a to U5/reg1_syn_15.o.
TMR-2509 : Cut connection from U5/add0_syn_181.fci to U5/add0_syn_181.fco.
TMR-2509 : Cut connection from U5/add0_syn_181.a[0] to U5/add0_syn_181.fco.
TMR-2509 : Cut connection from U5/add0_syn_181.a[1] to U5/add0_syn_181.fco.
TMR-2509 : Cut connection from U5/add0_syn_184.a[0] to U5/add0_syn_184.f[0].
TMR-2509 : Cut connection from U5/add0_syn_184.a[1] to U5/add0_syn_184.f[1].
TMR-2509 : Cut connection from U5/add0_syn_187.a[0] to U5/add0_syn_187.f[0].
TMR-2509 : Cut connection from U5/add0_syn_187.a[1] to U5/add0_syn_187.f[1].
TMR-2509 : Cut connection from U5/cnt_b[14]_syn_1.a to U5/cnt_b[14]_syn_1.o.
TMR-2509 : Cut connection from U5/add0_syn_190.a[0] to U5/add0_syn_190.f[0].
TMR-2509 : Cut connection from U5/cnt_b[16]_syn_11.c to U5/cnt_b[16]_syn_11.o.
TMR-2509 : Cut connection from U5/cnt_b[16]_syn_11.d to U5/cnt_b[16]_syn_11.o.
TMR-2509 : Cut connection from U5/cnt_b[16]_syn_11.a to U5/cnt_b[16]_syn_11.o.
TMR-2509 : Cut connection from U5/cnt_b[18]_syn_1.b to U5/cnt_b[18]_syn_1.o.
TMR-2509 : Cut connection from U5/add0_syn_193.fci to U5/add0_syn_193.f[1].
TMR-2509 : Cut connection from U5/add0_syn_193.a[0] to U5/add0_syn_193.f[1].
TMR-2509 : Cut connection from U5/add0_syn_193.fci to U5/add0_syn_193.fco.
TMR-2509 : Cut connection from U5/add0_syn_193.a[0] to U5/add0_syn_193.fco.
TMR-2509 : Cut connection from U5/add0_syn_195.a[0] to U5/add0_syn_195.f[0].
TMR-2509 : Cut connection from U5/cnt_b[16]_syn_3.c to U5/cnt_b[16]_syn_3.o.
TMR-2509 : Cut connection from U5/cnt_b[16]_syn_3.d to U5/cnt_b[16]_syn_3.o.
TMR-2509 : Cut connection from U5/cnt_b[17]_syn_1.b to U5/cnt_b[17]_syn_1.o.
TMR-2509 : Cut connection from U5/add0_syn_193.fci to U5/add0_syn_193.f[0].
TMR-2509 : Cut connection from U5/cnt_b[16]_syn_12.b to U5/cnt_b[16]_syn_12.o.
TMR-2509 : Cut connection from U5/cnt_b[6]_syn_1.b to U5/cnt_b[6]_syn_1.o.
TMR-2509 : Cut connection from U5/add0_syn_175.fci to U5/add0_syn_175.f[1].
TMR-2509 : Cut connection from U5/add0_syn_175.a[0] to U5/add0_syn_175.f[1].
TMR-2509 : Cut connection from U5/add0_syn_175.fci to U5/add0_syn_175.fco.
TMR-2509 : Cut connection from U5/add0_syn_175.a[0] to U5/add0_syn_175.fco.
TMR-2509 : Cut connection from U5/add0_syn_178.a[0] to U5/add0_syn_178.f[0].
TMR-2509 : Cut connection from U5/add0_syn_178.a[1] to U5/add0_syn_178.f[1].
TMR-2509 : Cut connection from U5/add0_syn_181.a[0] to U5/add0_syn_181.f[0].
TMR-2509 : Cut connection from U5/add0_syn_181.a[1] to U5/add0_syn_181.f[1].
TMR-2509 : Cut connection from U5/cnt_b[16]_syn_9.d to U5/cnt_b[16]_syn_9.o.
TMR-2509 : Cut connection from U5/cnt_b[16]_syn_9.e to U5/cnt_b[16]_syn_9.o.
TMR-2509 : Cut connection from U5/cnt_b[0]_syn_1.b to U5/cnt_b[0]_syn_1.o.
TMR-2509 : Cut connection from U5/add0_syn_169.a[0] to U5/add0_syn_169.f[0].
TMR-2509 : Cut connection from U5/add0_syn_169.a[1] to U5/add0_syn_169.f[1].
TMR-2509 : Cut connection from U5/add0_syn_172.a[0] to U5/add0_syn_172.f[0].
TMR-2509 : Cut connection from U5/add0_syn_172.a[1] to U5/add0_syn_172.f[1].
TMR-2509 : Cut connection from U5/add0_syn_175.a[0] to U5/add0_syn_175.f[0].
TMR-2507 : Eliminate loop in the timing graph, delete 44 tedges.
TMR-2508 : Levelizing timing graph completed, there are 41 levels in total.
TMR-2501 : Timing graph initialized successfully.
OPT-1001 : End timing update;  0.239054s wall, 0.187500s user + 0.000000s system = 0.187500s CPU (78.4%)

OPT-1001 : 0 high-fanout net processed.
OPT-1001 : End high-fanout net optimization;  0.322278s wall, 0.265625s user + 0.000000s system = 0.265625s CPU (82.4%)

OPT-1001 : Current memory(MB): used = 137, reserve = 108, peak = 137.
OPT-1001 : End physical optimization;  0.330858s wall, 0.265625s user + 0.000000s system = 0.265625s CPU (80.3%)

PHY-3001 : Start packing ...
SYN-4007 : Packing 0 MUX to BLE ...
SYN-4008 : Packed 0 MUX and 0 SEQ to BLE.
SYN-4007 : Packing 186 LUT to BLE ...
SYN-4008 : Packed 186 LUT and 85 SEQ to BLE.
SYN-4003 : Packing 59 remaining SEQ's ...
SYN-4005 : Packed 38 SEQ with LUT/SLICE
SYN-4006 : 69 single LUT's are left
SYN-4006 : 21 single SEQ's are left
SYN-4011 : Packing model "responder" (AL_USER_NORMAL) with 207/338 primitive instances ...
PHY-3001 : End packing;  0.012963s wall, 0.015625s user + 0.000000s system = 0.015625s CPU (120.5%)

PHY-1001 : Populate physical database on model responder.
RUN-1001 : There are total 204 instances
RUN-1001 : 82 mslices, 83 lslices, 33 pads, 0 brams, 0 dsps
RUN-1001 : There are total 479 nets
RUN-1001 : 254 nets have 2 pins
RUN-1001 : 184 nets have [3 - 5] pins
RUN-1001 : 28 nets have [6 - 10] pins
RUN-1001 : 9 nets have [11 - 20] pins
RUN-1001 : 2 nets have [21 - 99] pins
RUN-1001 : 2 nets have 100+ pins
PHY-3001 : design contains 202 instances, 165 slices, 6 macros(52 instances: 32 mslices 20 lslices)
PHY-3001 : Cell area utilization is 2%
PHY-3001 : After packing: Len = 10041.6, Over = 6.75
PHY-3001 : Run with size of 2
PHY-3001 : Cell area utilization is 2%
PHY-3001 : :::0::: Try harder cell spreading with beta_ = 0
PHY-3002 : Step(41): len = 9685.2, overlap = 7.25
PHY-3002 : Step(42): len = 9685.5, overlap = 7
PHY-3002 : Step(43): len = 9420.8, overlap = 6.75
PHY-3002 : Step(44): len = 9469.5, overlap = 6.25
PHY-3002 : Step(45): len = 9484.3, overlap = 6
PHY-3002 : Step(46): len = 9528.2, overlap = 6.75
PHY-3002 : Step(47): len = 9314.2, overlap = 7.5
PHY-3002 : Step(48): len = 9141.8, overlap = 7
PHY-3002 : Step(49): len = 8878.7, overlap = 5.75
PHY-3002 : Step(50): len = 8411.9, overlap = 7.75
PHY-3002 : Step(51): len = 8198.2, overlap = 8.75
PHY-3002 : Step(52): len = 7965.1, overlap = 10
PHY-3002 : Step(53): len = 7930.9, overlap = 10.25
PHY-3002 : Step(54): len = 8003.5, overlap = 10.5
PHY-3002 : Step(55): len = 7479.5, overlap = 10.5
PHY-3002 : Step(56): len = 7371, overlap = 10.25
PHY-3002 : Step(57): len = 7185.7, overlap = 12.5
PHY-3002 : Step(58): len = 6577.3, overlap = 11
PHY-3002 : Step(59): len = 6551.6, overlap = 14
PHY-3002 : Step(60): len = 6456.3, overlap = 13
PHY-3002 : Step(61): len = 6413.2, overlap = 13.75
PHY-3002 : Step(62): len = 6313, overlap = 11.5
PHY-3002 : Step(63): len = 6301.5, overlap = 10.75
PHY-3002 : Step(64): len = 6182.4, overlap = 9.5
PHY-3002 : Step(65): len = 6252.6, overlap = 8.5
PHY-3002 : Step(66): len = 6422.4, overlap = 9
PHY-3002 : Step(67): len = 6397.6, overlap = 10
PHY-3002 : Step(68): len = 6259.7, overlap = 9.5
PHY-3002 : Step(69): len = 6242.4, overlap = 8.5
PHY-3002 : Step(70): len = 6278.9, overlap = 8.75
PHY-3002 : Step(71): len = 6112.9, overlap = 9
PHY-3002 : Step(72): len = 6181.6, overlap = 8.5
PHY-3002 : Step(73): len = 6179.9, overlap = 8.5
PHY-3002 : Step(74): len = 6097.9, overlap = 8.75
PHY-3002 : Step(75): len = 6190.6, overlap = 8.75
PHY-3002 : Step(76): len = 6198.2, overlap = 8.75
PHY-3002 : Step(77): len = 6224.5, overlap = 8.75
PHY-3002 : Step(78): len = 6065.7, overlap = 8.75
PHY-3002 : Step(79): len = 6068.9, overlap = 8.75
PHY-3002 : Step(80): len = 6111.3, overlap = 9.25
PHY-3002 : Step(81): len = 6004.1, overlap = 9.25
PHY-3002 : Step(82): len = 5874.3, overlap = 10.5
PHY-3002 : Step(83): len = 5928.7, overlap = 10.75
PHY-3002 : Step(84): len = 5766.5, overlap = 10.5
PHY-3002 : Step(85): len = 5715.6, overlap = 11.25
PHY-3002 : Step(86): len = 5616.6, overlap = 11
PHY-3001 : :::1::: Try harder cell spreading with beta_ = 1.14278e-05
PHY-3002 : Step(87): len = 5521.2, overlap = 10.75
PHY-3002 : Step(88): len = 5632.9, overlap = 10
PHY-3002 : Step(89): len = 5761.4, overlap = 9
PHY-3001 : :::2::: Try harder cell spreading with beta_ = 2.28557e-05
PHY-3002 : Step(90): len = 5541.3, overlap = 9.5
PHY-3002 : Step(91): len = 5595.2, overlap = 9.5
PHY-3002 : Step(92): len = 5627.7, overlap = 8.75
PHY-3001 : Legalization ...
PHY-3001 : End legalization;  0.025428s wall, 0.000000s user + 0.000000s system = 0.000000s CPU (n/a%)

PHY-3001 : Trial Legalized: Len = 9327.9
PHY-3001 : Run with size of 2
PHY-3001 : Cell area utilization is 2%
PHY-3001 : :::0::: Try harder cell spreading with beta_ = 0.000902023
PHY-3002 : Step(93): len = 7431.8, overlap = 2.5
PHY-3002 : Step(94): len = 6769, overlap = 5
PHY-3002 : Step(95): len = 6387.2, overlap = 5.75
PHY-3002 : Step(96): len = 5933, overlap = 6.75
PHY-3002 : Step(97): len = 5808.4, overlap = 6.5
PHY-3002 : Step(98): len = 5808.4, overlap = 6.5
PHY-3001 : :::1::: Try harder cell spreading with beta_ = 0.00180405
PHY-3002 : Step(99): len = 5782.5, overlap = 6.5
PHY-3002 : Step(100): len = 5782.5, overlap = 6.5
PHY-3001 : :::2::: Try harder cell spreading with beta_ = 0.00291895
PHY-3002 : Step(101): len = 5792.9, overlap = 6.5
PHY-3002 : Step(102): len = 5792.9, overlap = 6.5
PHY-3001 : Legalization ...
PHY-3001 : End legalization;  0.005134s wall, 0.000000s user + 0.000000s system = 0.000000s CPU (n/a%)

PHY-3001 : Legalized: Len = 7996.8, Over = 0
PHY-3001 : Spreading special nets. 8 overflows in 2952 tiles.
PHY-3001 : End spreading;  0.003096s wall, 0.000000s user + 0.000000s system = 0.000000s CPU (n/a%)

PHY-3001 : 10 instances has been re-located, deltaX = 4, deltaY = 6, maxDist = 1.
PHY-3001 : Final: Len = 8290.8, Over = 0
OPT-1001 : Start physical optimization ...
OPT-1001 : Total overflow 0.00 peak overflow 0.00
OPT-1001 : Start high-fanout net optimization ...
OPT-1001 : Update timing in global mode
PHY-1001 : Start incremental global routing, caller is place ...
RUN-1001 : Generating global routing grids ...
PHY-1001 : Generate routing nets ...
PHY-1001 : Reuse net number 3/479.
PHY-1001 : Global iterations in 8 thread ...
PHY-1002 : len = 8976, over cnt = 34(0%), over = 69, worst = 5
PHY-1002 : len = 9496, over cnt = 17(0%), over = 24, worst = 3
PHY-1002 : len = 9728, over cnt = 7(0%), over = 9, worst = 2
PHY-1002 : len = 9864, over cnt = 0(0%), over = 0, worst = 0
PHY-1001 : End global iterations;  0.048367s wall, 0.000000s user + 0.015625s system = 0.015625s CPU (32.3%)

PHY-1001 : Congestion index: top1 = 18.97, top5 = 7.09, top10 = 3.58, top15 = 2.39.
PHY-1001 : End incremental global routing;  0.097646s wall, 0.015625s user + 0.031250s system = 0.046875s CPU (48.0%)

RUN-1002 : start command "start_timer -report"
TMR-5001 WARNING: No sdc constraints found while initiating timer.
TMR-2505 : Start building timing graph for model responder.
TMR-2506 : Build timing graph completely. Port num: 11, tpin num: 1610, tnet num: 477, tinst num: 202, tnode num: 2036, tedge num: 2708.
TMR-2509 : Cut connection from U5/reg1_syn_42.d[1] to U5/reg1_syn_42.Q_q[1]_D.
TMR-2509 : Cut connection from U5/reg1_syn_42.d[0] to U5/reg1_syn_42.Q_q[0]_D.
TMR-2509 : Cut connection from U1/reg2_syn_73.d[0] to U1/reg2_syn_73.Q_q[0]_D.
TMR-2509 : Cut connection from U1/reg1_syn_70.d[0] to U1/reg1_syn_70.Q_q[0]_D.
TMR-2509 : Cut connection from U5/add0_syn_172.fci to U5/add0_syn_172.f[0].
TMR-2509 : Cut connection from U5/add0_syn_172.a[0] to U5/add0_syn_172.f[0].
TMR-2509 : Cut connection from U5/cnt_b[16]_syn_37.d[1] to U5/cnt_b[16]_syn_37.f[1].
TMR-2509 : Cut connection from U5/cnt_b[16]_syn_37.b[1] to U5/cnt_b[16]_syn_37.f[1].
TMR-2509 : Cut connection from U5/cnt_b[16]_syn_37.c[1] to U5/cnt_b[16]_syn_37.f[1].
TMR-2509 : Cut connection from U5/cnt_b[16]_syn_35.b[0] to U5/cnt_b[16]_syn_35.f[0].
TMR-2509 : Cut connection from U5/cnt_b[16]_syn_35.c[0] to U5/cnt_b[16]_syn_35.f[0].
TMR-2509 : Cut connection from U5/cnt_b[16]_syn_35.a[0] to U5/cnt_b[16]_syn_35.f[0].
TMR-2509 : Cut connection from U5/cnt_b[18]_syn_9.c[0] to U5/cnt_b[18]_syn_9.f[0].
TMR-2509 : Cut connection from U5/cnt_b[16]_syn_39.b[1] to U5/cnt_b[16]_syn_39.f[1].
TMR-2509 : Cut connection from U5/cnt_b[16]_syn_39.c[1] to U5/cnt_b[16]_syn_39.f[1].
TMR-2509 : Cut connection from U5/cnt_b[16]_syn_39.d[1] to U5/cnt_b[16]_syn_39.f[1].
TMR-2509 : Cut connection from U5/add0_syn_195.fci to U5/add0_syn_195.f[0].
TMR-2509 : Cut connection from U5/cnt_b[18]_syn_9.c[1] to U5/cnt_b[18]_syn_9.f[1].
TMR-2509 : Cut connection from U5/add0_syn_193.fci to U5/add0_syn_193.f[1].
TMR-2509 : Cut connection from U5/add0_syn_193.a[0] to U5/add0_syn_193.f[1].
TMR-2509 : Cut connection from U5/add0_syn_193.fci to U5/add0_syn_193.fco.
TMR-2509 : Cut connection from U5/add0_syn_193.a[0] to U5/add0_syn_193.fco.
TMR-2509 : Cut connection from U5/cnt_b[16]_syn_39.c[0] to U5/cnt_b[16]_syn_39.f[0].
TMR-2509 : Cut connection from U5/add0_syn_193.fci to U5/add0_syn_193.f[0].
TMR-2509 : Cut connection from U5/cnt_b[16]_syn_42.c[0] to U5/cnt_b[16]_syn_42.f[0].
TMR-2509 : Cut connection from U5/add0_syn_190.fci to U5/add0_syn_190.f[1].
TMR-2509 : Cut connection from U5/add0_syn_190.a[0] to U5/add0_syn_190.f[1].
TMR-2509 : Cut connection from U5/add0_syn_190.fci to U5/add0_syn_190.fco.
TMR-2509 : Cut connection from U5/add0_syn_190.a[0] to U5/add0_syn_190.fco.
TMR-2509 : Cut connection from U5/cnt_b[14]_syn_9.c[0] to U5/cnt_b[14]_syn_9.f[0].
TMR-2509 : Cut connection from U5/cnt_b[16]_syn_35.a[1] to U5/cnt_b[16]_syn_35.f[1].
TMR-2509 : Cut connection from U5/cnt_b[16]_syn_35.b[1] to U5/cnt_b[16]_syn_35.f[1].
TMR-2509 : Cut connection from U5/cnt_b[16]_syn_35.d[1] to U5/cnt_b[16]_syn_35.f[1].
TMR-2509 : Cut connection from U5/cnt_b[16]_syn_32.c[0] to U5/cnt_b[16]_syn_32.fx[0].
TMR-2509 : Cut connection from U5/cnt_b[16]_syn_32.c[1] to U5/cnt_b[16]_syn_32.fx[0].
TMR-2509 : Cut connection from U5/cnt_b[16]_syn_32.b[0] to U5/cnt_b[16]_syn_32.fx[0].
TMR-2509 : Cut connection from U5/cnt_b[16]_syn_32.b[1] to U5/cnt_b[16]_syn_32.fx[0].
TMR-2509 : Cut connection from U5/cnt_b[16]_syn_32.d[0] to U5/cnt_b[16]_syn_32.fx[0].
TMR-2509 : Cut connection from U5/cnt_b[16]_syn_32.d[1] to U5/cnt_b[16]_syn_32.fx[0].
TMR-2509 : Cut connection from U5/cnt_b[16]_syn_32.mi[0] to U5/cnt_b[16]_syn_32.fx[0].
TMR-2509 : Cut connection from U5/add0_syn_181.fci to U5/add0_syn_181.f[0].
TMR-2509 : Cut connection from U5/add0_syn_181.fci to U5/add0_syn_181.f[1].
TMR-2509 : Cut connection from U5/add0_syn_181.a[1] to U5/add0_syn_181.f[1].
TMR-2509 : Cut connection from U5/add0_syn_181.fci to U5/add0_syn_181.fco.
TMR-2509 : Cut connection from U5/add0_syn_184.a[0] to U5/add0_syn_184.f[0].
TMR-2509 : Cut connection from U5/add0_syn_184.a[1] to U5/add0_syn_184.f[1].
TMR-2509 : Cut connection from U5/add0_syn_187.a[0] to U5/add0_syn_187.f[0].
TMR-2509 : Cut connection from U5/cnt_b[16]_syn_42.b[1] to U5/cnt_b[16]_syn_42.f[1].
TMR-2509 : Cut connection from U5/cnt_b[16]_syn_42.a[1] to U5/cnt_b[16]_syn_42.f[1].
TMR-2509 : Cut connection from U5/add0_syn_187.a[1] to U5/add0_syn_187.f[1].
TMR-2509 : Cut connection from U5/add0_syn_190.a[0] to U5/add0_syn_190.f[0].
TMR-2509 : Cut connection from U5/cnt_b[16]_syn_37.c[0] to U5/cnt_b[16]_syn_37.f[0].
TMR-2509 : Cut connection from U5/add0_syn_175.fci to U5/add0_syn_175.f[1].
TMR-2509 : Cut connection from U5/add0_syn_175.a[0] to U5/add0_syn_175.f[1].
TMR-2509 : Cut connection from U5/add0_syn_175.fci to U5/add0_syn_175.fco.
TMR-2509 : Cut connection from U5/add0_syn_175.a[0] to U5/add0_syn_175.fco.
TMR-2509 : Cut connection from U5/add0_syn_178.a[0] to U5/add0_syn_178.f[0].
TMR-2509 : Cut connection from U5/add0_syn_178.a[1] to U5/add0_syn_178.f[1].
TMR-2509 : Cut connection from U5/cnt_b[0]_syn_9.c[0] to U5/cnt_b[0]_syn_9.f[0].
TMR-2509 : Cut connection from U5/add0_syn_169.a[0] to U5/add0_syn_169.f[0].
TMR-2509 : Cut connection from U5/add0_syn_169.a[1] to U5/add0_syn_169.f[1].
TMR-2509 : Cut connection from U5/add0_syn_172.a[1] to U5/add0_syn_172.f[1].
TMR-2509 : Cut connection from U5/add0_syn_175.a[0] to U5/add0_syn_175.f[0].
TMR-2507 : Eliminate loop in the timing graph, delete 63 tedges.
TMR-2508 : Levelizing timing graph completed, there are 27 levels in total.
TMR-2501 : Timing graph initialized successfully.
OPT-1001 : End timing update;  0.227315s wall, 0.234375s user + 0.000000s system = 0.234375s CPU (103.1%)

OPT-1001 : 0 high-fanout net processed.
OPT-1001 : End high-fanout net optimization;  0.330563s wall, 0.265625s user + 0.031250s system = 0.296875s CPU (89.8%)

OPT-1001 : Current memory(MB): used = 138, reserve = 109, peak = 138.
OPT-1001 : Update timing in Manhattan mode
OPT-1001 : End timing update;  0.000420s wall, 0.000000s user + 0.000000s system = 0.000000s CPU (n/a%)

OPT-1001 : Start pin optimization...
OPT-1001 : skip pin optimization...
RUN-1001 : Generating global routing grids ...
PHY-1001 : Generate routing nets ...
PHY-1001 : Reuse net number 356/479.
PHY-1001 : Global iterations in 8 thread ...
PHY-1002 : len = 9864, over cnt = 0(0%), over = 0, worst = 0
PHY-1001 : End global iterations;  0.002085s wall, 0.000000s user + 0.000000s system = 0.000000s CPU (n/a%)

PHY-1001 : Congestion index: top1 = 18.97, top5 = 7.09, top10 = 3.58, top15 = 2.39.
OPT-1001 : Update timing in Manhattan mode
OPT-1001 : End timing update;  0.000612s wall, 0.000000s user + 0.000000s system = 0.000000s CPU (n/a%)

RUN-1001 : QoR Analysis:
OPT-0007 :   WNS 2147483647 TNS 0 NUM_FEPS 0
RUN-1001 :   No local congestion issue, and most congested 1% tile average routing util is 18.482759
RUN-1001 :   Top critical paths
OPT-1001 : End physical optimization;  0.386275s wall, 0.328125s user + 0.031250s system = 0.359375s CPU (93.0%)

RUN-1003 : finish command "place" in  2.341042s wall, 1.359375s user + 0.359375s system = 1.718750s CPU (73.4%)

RUN-1004 : used memory is 129 MB, reserved memory is 99 MB, peak memory is 138 MB
RUN-1002 : start command "export_db responder_place.db"
RUN-1001 : Exported /
RUN-1001 : Exported flow parameters
RUN-1001 : Exported libs
RUN-1001 : Exported entities
RUN-1001 : Exported ports
RUN-1001 : Exported pins
RUN-1001 : Exported instances
RUN-1001 : Exported nets
RUN-1001 : Exported buses
RUN-1001 : Exported models
RUN-1001 : Exported congestions
RUN-1001 : Exported violations
RUN-1001 : Exported IO constraints
RUN-1001 : Exported Inst constraints
RUN-1002 : start command "route"
RUN-1001 : Open license file C:/Anlogic/TD5.6.2/license/Anlogic.lic
RUN-1001 : Print Global Property
RUN-1001 : ---------------------------------------------------------------
RUN-1001 :        Parameters        |  Settings  |  Default Values  |  Note  
RUN-1001 : ---------------------------------------------------------------
RUN-1001 :          message         |  standard  |     standard     |        
RUN-1001 :   mixed_pack_place_flow  |     on     |        on        |        
RUN-1001 :        qor_monitor       |    off     |       off        |        
RUN-1001 :        syn_ip_flow       |    off     |       off        |        
RUN-1001 :          thread          |    auto    |       auto       |        
RUN-1001 : ---------------------------------------------------------------
RUN-1002 : start command "set_param route phy_sim_model on"
RUN-1001 : Print Route Property
RUN-1001 : -------------------------------------------------------
RUN-1001 :    Parameters    |  Settings  |  Default Values  |  Note  
RUN-1001 : -------------------------------------------------------
RUN-1001 :      effort      |   medium   |      medium      |        
RUN-1001 :     fix_hold     |    off     |       off        |        
RUN-1001 :    opt_timing    |   medium   |      medium      |        
RUN-1001 :   phy_sim_model  |     on     |       off        |   *    
RUN-1001 :     priority     |   timing   |      timing      |        
RUN-1001 :     swap_pin     |     on     |        on        |        
RUN-1001 : -------------------------------------------------------
PHY-1001 : Route runs in 8 thread(s)
RUN-1001 : There are total 204 instances
RUN-1001 : 82 mslices, 83 lslices, 33 pads, 0 brams, 0 dsps
RUN-1001 : There are total 479 nets
RUN-1001 : 254 nets have 2 pins
RUN-1001 : 184 nets have [3 - 5] pins
RUN-1001 : 28 nets have [6 - 10] pins
RUN-1001 : 9 nets have [11 - 20] pins
RUN-1001 : 2 nets have [21 - 99] pins
RUN-1001 : 2 nets have 100+ pins
RUN-1002 : start command "start_timer -report"
TMR-5001 WARNING: No sdc constraints found while initiating timer.
TMR-2505 : Start building timing graph for model responder.
TMR-2506 : Build timing graph completely. Port num: 11, tpin num: 1610, tnet num: 477, tinst num: 202, tnode num: 2036, tedge num: 2708.
TMR-2509 : Cut connection from U5/reg1_syn_42.d[1] to U5/reg1_syn_42.Q_q[1]_D.
TMR-2509 : Cut connection from U5/reg1_syn_42.d[0] to U5/reg1_syn_42.Q_q[0]_D.
TMR-2509 : Cut connection from U1/reg2_syn_73.d[0] to U1/reg2_syn_73.Q_q[0]_D.
TMR-2509 : Cut connection from U1/reg1_syn_70.d[0] to U1/reg1_syn_70.Q_q[0]_D.
TMR-2509 : Cut connection from Key_In[1]_syn_4.ce to Key_In[1]_syn_4.Q_ce_D.
TMR-2509 : Cut connection from Key_In[3]_syn_4.ce to Key_In[3]_syn_4.Q_ce_D.
TMR-2509 : Cut connection from Key_In[2]_syn_4.ce to Key_In[2]_syn_4.Q_ce_D.
TMR-2509 : Cut connection from Key_In[0]_syn_4.ce to Key_In[0]_syn_4.Q_ce_D.
TMR-2509 : Cut connection from U5/add0_syn_166.a[1] to U5/add0_syn_166.fco.
TMR-2509 : Cut connection from U5/add0_syn_169.a[0] to U5/add0_syn_169.f[0].
TMR-2509 : Cut connection from U5/cnt_b[16]_syn_37.d[1] to U5/cnt_b[16]_syn_37.f[1].
TMR-2509 : Cut connection from U5/cnt_b[16]_syn_37.a[1] to U5/cnt_b[16]_syn_37.f[1].
TMR-2509 : Cut connection from U5/cnt_b[16]_syn_37.b[1] to U5/cnt_b[16]_syn_37.f[1].
TMR-2509 : Cut connection from U5/cnt_b[16]_syn_35.b[0] to U5/cnt_b[16]_syn_35.f[0].
TMR-2509 : Cut connection from U5/cnt_b[16]_syn_35.c[0] to U5/cnt_b[16]_syn_35.f[0].
TMR-2509 : Cut connection from U5/cnt_b[16]_syn_35.a[0] to U5/cnt_b[16]_syn_35.f[0].
TMR-2509 : Cut connection from U5/cnt_b[18]_syn_9.c[0] to U5/cnt_b[18]_syn_9.f[0].
TMR-2509 : Cut connection from U5/cnt_b[16]_syn_39.b[1] to U5/cnt_b[16]_syn_39.f[1].
TMR-2509 : Cut connection from U5/cnt_b[16]_syn_39.c[1] to U5/cnt_b[16]_syn_39.f[1].
TMR-2509 : Cut connection from U5/cnt_b[16]_syn_39.d[1] to U5/cnt_b[16]_syn_39.f[1].
TMR-2509 : Cut connection from U5/add0_syn_195.fci to U5/add0_syn_195.f[0].
TMR-2509 : Cut connection from U5/cnt_b[18]_syn_9.c[1] to U5/cnt_b[18]_syn_9.f[1].
TMR-2509 : Cut connection from U5/add0_syn_193.fci to U5/add0_syn_193.f[1].
TMR-2509 : Cut connection from U5/add0_syn_193.a[0] to U5/add0_syn_193.f[1].
TMR-2509 : Cut connection from U5/add0_syn_193.fci to U5/add0_syn_193.fco.
TMR-2509 : Cut connection from U5/add0_syn_193.a[0] to U5/add0_syn_193.fco.
TMR-2509 : Cut connection from U5/cnt_b[16]_syn_39.c[0] to U5/cnt_b[16]_syn_39.f[0].
TMR-2509 : Cut connection from U5/add0_syn_193.fci to U5/add0_syn_193.f[0].
TMR-2509 : Cut connection from U5/cnt_b[16]_syn_42.c[0] to U5/cnt_b[16]_syn_42.f[0].
TMR-2509 : Cut connection from U5/add0_syn_190.fci to U5/add0_syn_190.f[1].
TMR-2509 : Cut connection from U5/add0_syn_190.a[0] to U5/add0_syn_190.f[1].
TMR-2509 : Cut connection from U5/add0_syn_190.fci to U5/add0_syn_190.fco.
TMR-2509 : Cut connection from U5/add0_syn_190.a[0] to U5/add0_syn_190.fco.
TMR-2509 : Cut connection from U5/cnt_b[14]_syn_9.c[0] to U5/cnt_b[14]_syn_9.f[0].
TMR-2509 : Cut connection from U5/cnt_b[16]_syn_35.a[1] to U5/cnt_b[16]_syn_35.f[1].
TMR-2509 : Cut connection from U5/cnt_b[16]_syn_35.b[1] to U5/cnt_b[16]_syn_35.f[1].
TMR-2509 : Cut connection from U5/cnt_b[16]_syn_35.d[1] to U5/cnt_b[16]_syn_35.f[1].
TMR-2509 : Cut connection from U5/cnt_b[16]_syn_32.c[0] to U5/cnt_b[16]_syn_32.fx[0].
TMR-2509 : Cut connection from U5/cnt_b[16]_syn_32.c[1] to U5/cnt_b[16]_syn_32.fx[0].
TMR-2509 : Cut connection from U5/cnt_b[16]_syn_32.b[0] to U5/cnt_b[16]_syn_32.fx[0].
TMR-2509 : Cut connection from U5/cnt_b[16]_syn_32.b[1] to U5/cnt_b[16]_syn_32.fx[0].
TMR-2509 : Cut connection from U5/cnt_b[16]_syn_32.d[0] to U5/cnt_b[16]_syn_32.fx[0].
TMR-2509 : Cut connection from U5/cnt_b[16]_syn_32.d[1] to U5/cnt_b[16]_syn_32.fx[0].
TMR-2509 : Cut connection from U5/cnt_b[16]_syn_32.mi[0] to U5/cnt_b[16]_syn_32.fx[0].
TMR-2509 : Cut connection from U5/add0_syn_181.fci to U5/add0_syn_181.f[0].
TMR-2509 : Cut connection from U5/add0_syn_181.fci to U5/add0_syn_181.f[1].
TMR-2509 : Cut connection from U5/add0_syn_181.a[1] to U5/add0_syn_181.f[1].
TMR-2509 : Cut connection from U5/add0_syn_181.fci to U5/add0_syn_181.fco.
TMR-2509 : Cut connection from U5/add0_syn_184.a[0] to U5/add0_syn_184.f[0].
TMR-2509 : Cut connection from U5/add0_syn_184.a[1] to U5/add0_syn_184.f[1].
TMR-2509 : Cut connection from U5/add0_syn_187.a[0] to U5/add0_syn_187.f[0].
TMR-2509 : Cut connection from U5/cnt_b[16]_syn_42.b[1] to U5/cnt_b[16]_syn_42.f[1].
TMR-2509 : Cut connection from U5/cnt_b[16]_syn_42.a[1] to U5/cnt_b[16]_syn_42.f[1].
TMR-2509 : Cut connection from U5/add0_syn_187.a[1] to U5/add0_syn_187.f[1].
TMR-2509 : Cut connection from U5/add0_syn_190.a[0] to U5/add0_syn_190.f[0].
TMR-2509 : Cut connection from U5/cnt_b[16]_syn_37.c[0] to U5/cnt_b[16]_syn_37.f[0].
TMR-2509 : Cut connection from U5/add0_syn_175.fci to U5/add0_syn_175.f[1].
TMR-2509 : Cut connection from U5/add0_syn_175.a[0] to U5/add0_syn_175.f[1].
TMR-2509 : Cut connection from U5/add0_syn_175.fci to U5/add0_syn_175.fco.
TMR-2509 : Cut connection from U5/add0_syn_175.a[0] to U5/add0_syn_175.fco.
TMR-2509 : Cut connection from U5/add0_syn_178.a[0] to U5/add0_syn_178.f[0].
TMR-2509 : Cut connection from U5/add0_syn_178.a[1] to U5/add0_syn_178.f[1].
TMR-2509 : Cut connection from U5/cnt_b[0]_syn_9.c[0] to U5/cnt_b[0]_syn_9.f[0].
TMR-2509 : Cut connection from U5/add0_syn_169.a[1] to U5/add0_syn_169.f[1].
TMR-2509 : Cut connection from U5/add0_syn_172.a[0] to U5/add0_syn_172.f[0].
TMR-2509 : Cut connection from U5/add0_syn_172.a[1] to U5/add0_syn_172.f[1].
TMR-2509 : Cut connection from U5/add0_syn_175.a[0] to U5/add0_syn_175.f[0].
TMR-2507 : Eliminate loop in the timing graph, delete 67 tedges.
TMR-2508 : Levelizing timing graph completed, there are 29 levels in total.
TMR-2501 : Timing graph initialized successfully.
PHY-1001 : 82 mslices, 83 lslices, 33 pads, 0 brams, 0 dsps
TMR-2503 : Start to update net delay, extr mode = 3.
TMR-2504 : Update delay of 477 nets completely.
TMR-2502 : Annotate delay completely, extr mode = 3.
TMR-3002 : No user constraint, initiate default constraint.
TMR-1501 : Assign derive clock DeriveClock to 250 clock pins, and constraint 426 relative nodes.
TMR-3003 : Constraints initiated successfully.
TMR-3501 : Forward propagation: start to calculate arrival time...
TMR-3502 : Backward propagation: start to calculate required time...
TMR-3503 : Timing propagation completes.
PHY-1001 : Start global routing, caller is route ...
RUN-1001 : Generating global routing grids ...
PHY-1001 : Generate routing nets ...
PHY-1001 : Global iterations in 8 thread ...
PHY-1002 : len = 8936, over cnt = 33(0%), over = 68, worst = 5
PHY-1002 : len = 9456, over cnt = 17(0%), over = 24, worst = 3
PHY-1002 : len = 9712, over cnt = 5(0%), over = 7, worst = 2
PHY-1002 : len = 9816, over cnt = 0(0%), over = 0, worst = 0
PHY-1001 : End global iterations;  0.052732s wall, 0.000000s user + 0.000000s system = 0.000000s CPU (n/a%)

PHY-1001 : Congestion index: top1 = 19.03, top5 = 7.09, top10 = 3.58, top15 = 2.39.
PHY-1001 : End global routing;  0.099875s wall, 0.031250s user + 0.000000s system = 0.031250s CPU (31.3%)

PHY-1001 : Start detail routing ...
PHY-1001 : Current memory(MB): used = 152, reserve = 122, peak = 160.
PHY-1001 : Detailed router is running in normal mode.
PHY-1001 : Generate detailed routing grids ...
PHY-1001 : Processed IO instance DigitronCS_Out[3]_syn_2 with INV attribute.
PHY-1001 : Processed IO instance DigitronCS_Out[2]_syn_2 with INV attribute.
PHY-1001 : Processed IO instance DigitronCS_Out[1]_syn_2 with INV attribute.
PHY-1001 : Processed IO instance DigitronCS_Out[0]_syn_2 with INV attribute.
PHY-1001 : Generate nets ...
PHY-1001 : net CLK_dup_1 will be routed on clock mesh
PHY-1001 : net Set_Time_dup_1 will be routed on clock mesh
PHY-1001 : clock net U2/CLK1_syn_4 will be merged with clock U2/CLK1
PHY-1001 : clock net U4/SingleNum_b_n4_syn_10 will be merged with clock U4/SingleNum_b_n4
PHY-1001 : clock net U4/W_DigitronCS_Out_n_syn_4 will be merged with clock U4/W_DigitronCS_Out_n
PHY-1001 : Current memory(MB): used = 421, reserve = 396, peak = 421.
PHY-1001 : End build detailed router design. 3.906143s wall, 3.406250s user + 0.046875s system = 3.453125s CPU (88.4%)

PHY-1001 : Detail Route ...
PHY-1001 : ===== Detail Route Phase 1 =====
PHY-1001 : Clock net routing.....
PHY-1001 : Routed 1% nets.
PHY-1022 : len = 15136, over cnt = 2(0%), over = 2, worst = 1, crit = 0
PHY-1001 : End initial clock net routed; 1.373484s wall, 1.281250s user + 0.015625s system = 1.296875s CPU (94.4%)

PHY-1001 : Ripup-reroute.....
PHY-1001 : ===== DR Iter 1 =====
PHY-1022 : len = 15248, over cnt = 0(0%), over = 0, worst = 0, crit = 0
PHY-1001 : End DR Iter 1; 0.350475s wall, 0.328125s user + 0.000000s system = 0.328125s CPU (93.6%)

PHY-1001 : Current memory(MB): used = 453, reserve = 429, peak = 453.
PHY-1001 : End phase 1; 1.734731s wall, 1.609375s user + 0.015625s system = 1.625000s CPU (93.7%)

PHY-1001 : ===== Detail Route Phase 2 =====
PHY-1001 : Initial routing.....
PHY-1001 : Routed 34% nets.
PHY-1001 : Routed 41% nets.
PHY-1001 : Routed 51% nets.
PHY-1001 : Routed 67% nets.
PHY-1001 : Routed 82% nets.
PHY-1022 : len = 35208, over cnt = 12(0%), over = 12, worst = 1, crit = 0
PHY-1001 : Current memory(MB): used = 453, reserve = 429, peak = 453.
PHY-1001 : End initial routed; 0.228846s wall, 0.125000s user + 0.000000s system = 0.125000s CPU (54.6%)

PHY-1001 : Current memory(MB): used = 453, reserve = 429, peak = 453.
PHY-1001 : End phase 2; 0.228925s wall, 0.125000s user + 0.000000s system = 0.125000s CPU (54.6%)

PHY-1001 : ===== Detail Route Phase 3 =====
PHY-1001 : Ripup-reroute.....
PHY-1001 : ===== DR Iter 1 =====
PHY-1022 : len = 35208, over cnt = 4(0%), over = 4, worst = 1, crit = 0
PHY-1001 : End DR Iter 1; 0.017836s wall, 0.000000s user + 0.000000s system = 0.000000s CPU (n/a%)

PHY-1001 : ===== DR Iter 2 =====
PHY-1022 : len = 35216, over cnt = 0(0%), over = 0, worst = 0, crit = 0
PHY-1001 : End DR Iter 2; 0.014562s wall, 0.000000s user + 0.000000s system = 0.000000s CPU (n/a%)

PHY-1001 : Commit to database.....
PHY-1001 : 4 feed throughs used by 3 nets
PHY-1001 : End commit to database; 0.060536s wall, 0.062500s user + 0.000000s system = 0.062500s CPU (103.2%)

PHY-1001 : Current memory(MB): used = 463, reserve = 439, peak = 463.
PHY-1001 : End phase 3; 0.235732s wall, 0.171875s user + 0.000000s system = 0.171875s CPU (72.9%)

PHY-1003 : Routed, final wirelength = 35216
PHY-1001 : Current memory(MB): used = 463, reserve = 439, peak = 463.
PHY-1001 : End export database. 0.006096s wall, 0.015625s user + 0.000000s system = 0.015625s CPU (256.3%)

PHY-1001 : End detail routing;  6.326466s wall, 5.453125s user + 0.062500s system = 5.515625s CPU (87.2%)

RUN-1003 : finish command "route" in  6.718385s wall, 5.750000s user + 0.062500s system = 5.812500s CPU (86.5%)

RUN-1004 : used memory is 419 MB, reserved memory is 395 MB, peak memory is 463 MB
RUN-1002 : start command "report_area -io_info -file responder_phy.area"
RUN-1001 : standard
***Report Model: responder Device: EG4S20BG256***

IO Statistics
#IO                        33
  #input                    7
  #output                  26
  #inout                    0

Utilization Statistics
#lut                      293   out of  19600    1.49%
#reg                      167   out of  19600    0.85%
#le                       314
  #lut only               147   out of    314   46.82%
  #reg only                21   out of    314    6.69%
  #lut&reg                146   out of    314   46.50%
#dsp                        0   out of     29    0.00%
#bram                       0   out of     64    0.00%
  #bram9k                   0
  #fifo9k                   0
#bram32k                    0   out of     16    0.00%
#pad                       33   out of    188   17.55%
  #ireg                     4
  #oreg                    14
  #treg                     0
#pll                        0   out of      4    0.00%
#gclk                       3   out of     16   18.75%

Clock Resource Statistics
Index     ClockNet                 Type               DriverType         Driver                   Fanout
#1        CLK_dup_1                GCLK               io                 CLK_syn_2.di             102
#2        U2/CLK1                  GCLK               mslice             U2/CLK1_reg_syn_37.q0    10
#3        U4/W_DigitronCS_Out_n    GCLK               lslice             U4/reg2_syn_29.f0        8
#4        Set_Time_dup_1           GCLK               io                 Set_Time_syn_2.di        6
#5        U4/SingleNum_b_n4        GCLK               mslice             U4/reg2_syn_25.f0        3


Detailed IO Report

        Name           Direction    Location    IOStandard    DriveStrength    PullType    PackReg  
         CLK             INPUT         R7        LVCMOS33          N/A          PULLUP      NONE    
      Key_In[3]          INPUT        F10        LVCMOS33          N/A          PULLUP      IREG    
      Key_In[2]          INPUT        C11        LVCMOS33          N/A          PULLUP      IREG    
      Key_In[1]          INPUT        D11        LVCMOS33          N/A          PULLUP      IREG    
      Key_In[0]          INPUT        E11        LVCMOS33          N/A          PULLUP      IREG    
        RSTn             INPUT         A9        LVCMOS33          N/A          PULLUP      NONE    
      Set_Time           INPUT        A10        LVCMOS33          N/A          PULLUP      NONE    
     Buzzer_Out         OUTPUT        H11        LVCMOS33           8            NONE       OREG    
  DigitronCS_Out[3]     OUTPUT         A3        LVCMOS33           8            NONE       OREG    
  DigitronCS_Out[2]     OUTPUT         A5        LVCMOS33           8            NONE       OREG    
  DigitronCS_Out[1]     OUTPUT         B6        LVCMOS33           8            NONE       OREG    
  DigitronCS_Out[0]     OUTPUT         C9        LVCMOS33           8            NONE       OREG    
   Digitron_Out[7]      OUTPUT         C8        LVCMOS33           8            NONE       NONE    
   Digitron_Out[6]      OUTPUT         A8        LVCMOS33           8            NONE       NONE    
   Digitron_Out[5]      OUTPUT         B5        LVCMOS33           8            NONE       NONE    
   Digitron_Out[4]      OUTPUT         A7        LVCMOS33           8            NONE       NONE    
   Digitron_Out[3]      OUTPUT         E8        LVCMOS33           8            NONE       NONE    
   Digitron_Out[2]      OUTPUT         B8        LVCMOS33           8            NONE       NONE    
   Digitron_Out[1]      OUTPUT         A6        LVCMOS33           8            NONE       NONE    
   Digitron_Out[0]      OUTPUT         A4        LVCMOS33           8            NONE       NONE    
     Key_Row[3]         OUTPUT        E10        LVCMOS33           8            NONE       NONE    
     Key_Row[2]         OUTPUT        C10        LVCMOS33           8            NONE       NONE    
     Key_Row[1]         OUTPUT         F9        LVCMOS33           8            NONE       NONE    
     Key_Row[0]         OUTPUT         D9        LVCMOS33           8            NONE       NONE    
     LED_Out[3]         OUTPUT         C2        LVCMOS33           8            NONE       OREG    
     LED_Out[2]         OUTPUT         C1        LVCMOS33           8            NONE       OREG    
     LED_Out[1]         OUTPUT         E4        LVCMOS33           8            NONE       OREG    
     LED_Out[0]         OUTPUT         D3        LVCMOS33           8            NONE       OREG    
  LED_OverTime_Out      OUTPUT        F16        LVCMOS33           8            NONE       OREG    
     LED_Run[3]         OUTPUT        C15        LVCMOS33           8            NONE       OREG    
     LED_Run[2]         OUTPUT        B16        LVCMOS33           8            NONE       OREG    
     LED_Run[1]         OUTPUT        B15        LVCMOS33           8            NONE       OREG    
     LED_Run[0]         OUTPUT        B14        LVCMOS33           8            NONE       OREG    

Report Hierarchy Area:
+-----------------------------------------------------------------------------------+
|Instance |Module              |le     |lut     |ripple  |seq     |bram    |dsp     |
+-----------------------------------------------------------------------------------+
|top      |responder           |314    |241     |52      |185     |0       |0       |
|  U1     |Sel_module          |68     |54      |7       |41      |0       |0       |
|  U2     |Timer_module        |57     |48      |7       |37      |0       |0       |
|  U3     |Buzzer_module       |41     |23      |6       |27      |0       |0       |
|  U4     |Digitron_NumDisplay |54     |45      |9       |24      |0       |0       |
|  U5     |key_filter          |39     |28      |11      |2       |0       |0       |
|  U6     |led8_module         |45     |33      |12      |27      |0       |0       |
|  U7     |countdown_module    |10     |10      |0       |9       |0       |0       |
+-----------------------------------------------------------------------------------+


DataNet Average Fanout:

   Index     Fanout    Nets  
    #1         1       221   
    #2         2       158   
    #3         3        16   
    #4         4        9    
    #5        5-10      28   
    #6       11-50      6    
    #7       51-100     1    
  Average     2.20           

RUN-1002 : start command "write_verilog simulation/responder_phy_sim.v"
HDL-1201 : write out verilog file simulation/responder_phy_sim.v
RUN-1002 : start command "export_db responder_pr.db"
RUN-1001 : Exported /
RUN-1001 : Exported flow parameters
RUN-1001 : Exported libs
RUN-1001 : Exported entities
RUN-1001 : Exported ports
RUN-1001 : Exported pins
RUN-1001 : Exported instances
RUN-1001 : Exported nets
RUN-1001 : Exported buses
RUN-1001 : Exported models
RUN-1001 : Exported congestions
RUN-1001 : Exported violations
RUN-1001 : Exported IO constraints
RUN-1001 : Exported Inst constraints
RUN-1002 : start command "start_timer"
TMR-5001 WARNING: No sdc constraints found while initiating timer.
TMR-2505 : Start building timing graph for model responder.
TMR-2506 : Build timing graph completely. Port num: 11, tpin num: 1610, tnet num: 477, tinst num: 202, tnode num: 2036, tedge num: 2708.
TMR-2509 : Cut connection from U5/reg1_syn_42.d[1] to U5/reg1_syn_42.Q_q[1]_D.
TMR-2509 : Cut connection from U5/reg1_syn_42.d[0] to U5/reg1_syn_42.Q_q[0]_D.
TMR-2509 : Cut connection from U1/reg2_syn_73.d[0] to U1/reg2_syn_73.Q_q[0]_D.
TMR-2509 : Cut connection from U1/reg1_syn_70.d[0] to U1/reg1_syn_70.Q_q[0]_D.
TMR-2509 : Cut connection from U5/add0_syn_184.fci to U5/add0_syn_184.f[1].
TMR-2509 : Cut connection from U5/add0_syn_184.a[1] to U5/add0_syn_184.f[1].
TMR-2509 : Cut connection from U5/add0_syn_184.a[0] to U5/add0_syn_184.f[1].
TMR-2509 : Cut connection from U5/cnt_b[16]_syn_42.b[1] to U5/cnt_b[16]_syn_42.f[1].
TMR-2509 : Cut connection from U5/cnt_b[16]_syn_42.a[1] to U5/cnt_b[16]_syn_42.f[1].
TMR-2509 : Cut connection from U5/cnt_b[16]_syn_42.c[1] to U5/cnt_b[16]_syn_42.f[1].
TMR-2509 : Cut connection from U5/cnt_b[16]_syn_35.c[0] to U5/cnt_b[16]_syn_35.f[0].
TMR-2509 : Cut connection from U5/cnt_b[16]_syn_35.d[0] to U5/cnt_b[16]_syn_35.f[0].
TMR-2509 : Cut connection from U5/cnt_b[16]_syn_35.a[0] to U5/cnt_b[16]_syn_35.f[0].
TMR-2509 : Cut connection from U5/cnt_b[18]_syn_9.c[0] to U5/cnt_b[18]_syn_9.f[0].
TMR-2509 : Cut connection from U5/cnt_b[16]_syn_39.b[1] to U5/cnt_b[16]_syn_39.f[1].
TMR-2509 : Cut connection from U5/cnt_b[16]_syn_39.c[1] to U5/cnt_b[16]_syn_39.f[1].
TMR-2509 : Cut connection from U5/cnt_b[16]_syn_39.d[1] to U5/cnt_b[16]_syn_39.f[1].
TMR-2509 : Cut connection from U5/add0_syn_195.fci to U5/add0_syn_195.f[0].
TMR-2509 : Cut connection from U5/cnt_b[18]_syn_9.c[1] to U5/cnt_b[18]_syn_9.f[1].
TMR-2509 : Cut connection from U5/add0_syn_193.fci to U5/add0_syn_193.f[1].
TMR-2509 : Cut connection from U5/add0_syn_193.a[0] to U5/add0_syn_193.f[1].
TMR-2509 : Cut connection from U5/add0_syn_193.fci to U5/add0_syn_193.fco.
TMR-2509 : Cut connection from U5/add0_syn_193.a[0] to U5/add0_syn_193.fco.
TMR-2509 : Cut connection from U5/cnt_b[16]_syn_39.c[0] to U5/cnt_b[16]_syn_39.f[0].
TMR-2509 : Cut connection from U5/add0_syn_193.fci to U5/add0_syn_193.f[0].
TMR-2509 : Cut connection from U5/cnt_b[16]_syn_42.c[0] to U5/cnt_b[16]_syn_42.f[0].
TMR-2509 : Cut connection from U5/add0_syn_190.fci to U5/add0_syn_190.f[1].
TMR-2509 : Cut connection from U5/add0_syn_190.a[0] to U5/add0_syn_190.f[1].
TMR-2509 : Cut connection from U5/add0_syn_190.fci to U5/add0_syn_190.fco.
TMR-2509 : Cut connection from U5/add0_syn_190.a[0] to U5/add0_syn_190.fco.
TMR-2509 : Cut connection from U5/cnt_b[14]_syn_9.c[0] to U5/cnt_b[14]_syn_9.f[0].
TMR-2509 : Cut connection from U5/cnt_b[16]_syn_35.a[1] to U5/cnt_b[16]_syn_35.f[1].
TMR-2509 : Cut connection from U5/cnt_b[16]_syn_35.b[1] to U5/cnt_b[16]_syn_35.f[1].
TMR-2509 : Cut connection from U5/cnt_b[16]_syn_35.d[1] to U5/cnt_b[16]_syn_35.f[1].
TMR-2509 : Cut connection from U5/cnt_b[16]_syn_32.c[0] to U5/cnt_b[16]_syn_32.fx[0].
TMR-2509 : Cut connection from U5/cnt_b[16]_syn_32.c[1] to U5/cnt_b[16]_syn_32.fx[0].
TMR-2509 : Cut connection from U5/cnt_b[16]_syn_32.b[0] to U5/cnt_b[16]_syn_32.fx[0].
TMR-2509 : Cut connection from U5/cnt_b[16]_syn_32.b[1] to U5/cnt_b[16]_syn_32.fx[0].
TMR-2509 : Cut connection from U5/cnt_b[16]_syn_32.d[0] to U5/cnt_b[16]_syn_32.fx[0].
TMR-2509 : Cut connection from U5/cnt_b[16]_syn_32.d[1] to U5/cnt_b[16]_syn_32.fx[0].
TMR-2509 : Cut connection from U5/cnt_b[16]_syn_32.mi[0] to U5/cnt_b[16]_syn_32.fx[0].
TMR-2509 : Cut connection from U5/add0_syn_181.fci to U5/add0_syn_181.f[0].
TMR-2509 : Cut connection from U5/add0_syn_181.fci to U5/add0_syn_181.f[1].
TMR-2509 : Cut connection from U5/add0_syn_181.a[1] to U5/add0_syn_181.f[1].
TMR-2509 : Cut connection from U5/add0_syn_181.fci to U5/add0_syn_181.fco.
TMR-2509 : Cut connection from U5/add0_syn_184.a[0] to U5/add0_syn_184.f[0].
TMR-2509 : Cut connection from U5/add0_syn_187.a[0] to U5/add0_syn_187.f[0].
TMR-2509 : Cut connection from U5/add0_syn_187.a[1] to U5/add0_syn_187.f[1].
TMR-2509 : Cut connection from U5/add0_syn_190.a[0] to U5/add0_syn_190.f[0].
TMR-2509 : Cut connection from U5/cnt_b[16]_syn_37.c[0] to U5/cnt_b[16]_syn_37.f[0].
TMR-2509 : Cut connection from U5/add0_syn_175.fci to U5/add0_syn_175.f[1].
TMR-2509 : Cut connection from U5/add0_syn_175.a[0] to U5/add0_syn_175.f[1].
TMR-2509 : Cut connection from U5/add0_syn_175.fci to U5/add0_syn_175.fco.
TMR-2509 : Cut connection from U5/add0_syn_175.a[0] to U5/add0_syn_175.fco.
TMR-2509 : Cut connection from U5/add0_syn_178.a[0] to U5/add0_syn_178.f[0].
TMR-2509 : Cut connection from U5/add0_syn_178.a[1] to U5/add0_syn_178.f[1].
TMR-2509 : Cut connection from U5/cnt_b[0]_syn_9.c[0] to U5/cnt_b[0]_syn_9.f[0].
TMR-2509 : Cut connection from U5/add0_syn_169.a[0] to U5/add0_syn_169.f[0].
TMR-2509 : Cut connection from U5/cnt_b[16]_syn_37.a[1] to U5/cnt_b[16]_syn_37.f[1].
TMR-2509 : Cut connection from U5/cnt_b[16]_syn_37.b[1] to U5/cnt_b[16]_syn_37.f[1].
TMR-2509 : Cut connection from U5/add0_syn_169.a[1] to U5/add0_syn_169.f[1].
TMR-2509 : Cut connection from U5/add0_syn_172.a[0] to U5/add0_syn_172.f[0].
TMR-2509 : Cut connection from U5/add0_syn_172.a[1] to U5/add0_syn_172.f[1].
TMR-2509 : Cut connection from U5/add0_syn_175.a[0] to U5/add0_syn_175.f[0].
TMR-2507 : Eliminate loop in the timing graph, delete 64 tedges.
TMR-2508 : Levelizing timing graph completed, there are 27 levels in total.
TMR-2501 : Timing graph initialized successfully.
RUN-1002 : start command "report_timing -mode FINAL -net_info -rpt_autogen true -file responder_phy.timing -sdf simulation/responder.sdf"
TMR-2503 : Start to update net delay, extr mode = 6.
TMR-2504 : Update delay of 477 nets completely.
TMR-2502 : Annotate delay completely, extr mode = 6.
TMR-3002 : No user constraint, initiate default constraint.
TMR-1501 : Assign derive clock DeriveClock to 250 clock pins, and constraint 426 relative nodes.
TMR-3003 : Constraints initiated successfully.
TMR-3501 : Forward propagation: start to calculate arrival time...
TMR-3502 : Backward propagation: start to calculate required time...
TMR-3503 : Timing propagation completes.
TMR-3506 : Start to generate timing report.
TMR-1502 : Number of clock constraints = 0. Number of clock nets = 5 (5 unconstrainted).
TMR-5009 WARNING: No clock constraint on 5 clock net(s): 
		CLK_dup_1
		Set_Time_dup_1
		U2/CLK1_syn_4
		U4/SingleNum_b_n4_syn_10
		U4/W_DigitronCS_Out_n_syn_4
TMR-3508 : Export timing summary.
TMR-3507 : Timing report generated successfully in responder_phy.timing, timing summary in responder_phy.tsm.
TMR-1001 : Start to generate SDF file...
RUN-1002 : start command "write_verilog -sdf responder.sdf simulation/responder_phy_sim_sta.v"
HDL-1201 : write out verilog file simulation/responder_phy_sim_sta.v
RUN-1002 : start command "export_bid responder_inst.bid"
RUN-1002 : start command "bitgen -bit responder.bit -unused_io_status pulldown"
BIT-1003 : Start to generate bitstream. 
BIT-1002 : Bitgen processed 155 unused pads, reserve input tri_state with pulldown
BIT-1002 : Init instances with 8 threads.
BIT-1002 : Init instances completely, inst num: 357
BIT-1002 : Init pips with 8 threads.
BIT-1002 : Init pips completely, net num: 479, pip num: 3139
BIT-1002 : Init feedthrough completely, num: 4
BIT-1003 : Multithreading accelaration with 8 threads.
BIT-1003 : Generate bitstream completely, there are 540 valid insts, and 9944 bits set as '1'.
BIT-1004 : PLL setting string = 0000
BIT-1004 : Generate bits file responder.bit.
RUN-1003 : finish command "bitgen -bit responder.bit -unused_io_status pulldown" in  1.753725s wall, 2.562500s user + 0.046875s system = 2.609375s CPU (148.8%)

RUN-1004 : used memory is 432 MB, reserved memory is 406 MB, peak memory is 583 MB
RUN-1002 : start command "backup_run_log run.log ../.logs/phy_1/td_20240727_170900.log"
