============================================================
   Tang Dynasty, V5.6.71036
      Copyright (c) 2012-2023 Anlogic Inc.
   Executable = C:/Anlogic/TD5.6.2/bin/td.exe
   Built at =   20:34:38 Mar 21 2023
   Run by =     Timmy
   Run Date =   Sat Jul 27 18:12:03 2024

   Run on =     DESKTOP-A28VB3Q
============================================================
RUN-1002 : start command "open_project responder.prj"
RUN-1001 : Print Global Property
RUN-1001 : ---------------------------------------------------------------
RUN-1001 :        Parameters        |  Settings  |  Default Values  |  Note  
RUN-1001 : ---------------------------------------------------------------
RUN-1001 :          message         |  standard  |     standard     |        
RUN-1001 :   mixed_pack_place_flow  |     on     |        on        |        
RUN-1001 :        qor_monitor       |    off     |       off        |        
RUN-1001 :        syn_ip_flow       |    off     |       off        |        
RUN-1001 :          thread          |    auto    |       auto       |        
RUN-1001 : ---------------------------------------------------------------
RUN-1001 : Print Design Property
RUN-1001 : --------------------------------------------------------------
RUN-1001 :        Parameters       |  Settings  |  Default Values  |  Note  
RUN-1001 : --------------------------------------------------------------
RUN-1001 :   default_reg_initial   |    auto    |       auto       |        
RUN-1001 :        infer_add        |     on     |        on        |        
RUN-1001 :        infer_fsm        |    off     |       off        |        
RUN-1001 :        infer_mult       |     on     |        on        |        
RUN-1001 :        infer_ram        |     on     |        on        |        
RUN-1001 :        infer_reg        |     on     |        on        |        
RUN-1001 :   infer_reg_init_value  |     on     |        on        |        
RUN-1001 :        infer_rom        |     on     |        on        |        
RUN-1001 :      infer_shifter      |     on     |        on        |        
RUN-1001 : --------------------------------------------------------------
RUN-1001 : Print Rtl Property
RUN-1001 : --------------------------------------------------------------
RUN-1001 :        Parameters       |  Settings  |  Default Values  |  Note  
RUN-1001 : --------------------------------------------------------------
RUN-1001 :       compress_add      |   ripple   |      ripple      |        
RUN-1001 :        elf_sload        |    off     |       off        |        
RUN-1001 :       fix_undriven      |     0      |        0         |        
RUN-1001 :         flatten         |    off     |       off        |        
RUN-1001 :       gate_sharing      |     on     |        on        |        
RUN-1001 :    hdl_warning_level    |   normal   |      normal      |        
RUN-1001 :   impl_internal_tribuf  |     on     |        on        |        
RUN-1001 :      impl_set_reset     |     on     |        on        |        
RUN-1001 :        infer_gsr        |    off     |       off        |        
RUN-1001 :      keep_hierarchy     |    auto    |       auto       |        
RUN-1001 :        max_fanout       |    9999    |       9999       |        
RUN-1001 :      max_oh2bin_len     |     10     |        10        |        
RUN-1001 :       merge_equal       |     on     |        on        |        
RUN-1001 :       merge_equiv       |     on     |        on        |        
RUN-1001 :        merge_mux        |    off     |       off        |        
RUN-1001 :     min_control_set     |     8      |        8         |        
RUN-1001 :      min_ripple_len     |    auto    |       auto       |        
RUN-1001 :       oh2bin_ratio      |    0.08    |       0.08       |        
RUN-1001 :     opt_adder_fanout    |     on     |        on        |        
RUN-1001 :        opt_arith        |     on     |        on        |        
RUN-1001 :       opt_big_gate      |    off     |       off        |        
RUN-1001 :        opt_const        |     on     |        on        |        
RUN-1001 :      opt_const_mult     |     on     |        on        |        
RUN-1001 :       opt_lessthan      |     on     |        on        |        
RUN-1001 :         opt_mux         |    off     |       off        |        
RUN-1001 :         opt_ram         |    high    |       high       |        
RUN-1001 :      rtl_sim_model      |    off     |       off        |        
RUN-1001 :         seq_syn         |     on     |        on        |        
RUN-1001 : --------------------------------------------------------------
HDL-1007 : analyze verilog file ../../responder.v
HDL-1007 : analyze verilog file ../../Sel_module.v
HDL-1007 : analyze verilog file ../../Timer_module.v
HDL-1007 : analyze verilog file ../../Buzzer_module.v
HDL-1007 : analyze verilog file ../../Digitron_NumDisplay.v
HDL-1007 : analyze verilog file ../../key_filter.v
HDL-1007 : analyze verilog file ../../../../1 run_led/run_led/led8_module.v
HDL-1007 : analyze verilog file ../../countdown_module.v
RUN-1001 : Project manager successfully analyzed 8 source files.
RUN-1002 : start command "import_device eagle_s20.db -package EG4S20BG256"
ARC-1001 : Device Initialization.
ARC-1001 : ------------------------------------------------------------------
ARC-1001 :            OPTION            |          IO          |   SETTING   
ARC-1001 : ------------------------------------------------------------------
ARC-1001 :   cso_b/cclk/mosi/miso/dout  |  T3/R11/T10/P10/S11  |    gpio    
ARC-1001 :             done             |         P13          |    gpio    
ARC-1001 :           program_b          |          T2          |  dedicate  
ARC-1001 :        tdi/tms/tck/tdo       |   C12/A15/C14/E14    |  dedicate  
ARC-1001 : ------------------------------------------------------------------
ARC-1004 : Device setting, marked 5 dedicate IOs in total.
RUN-1002 : start command "import_db ../syn_1/responder_gate.db"
RUN-1001 : Importing database generated by Tang Dynasty, V5.6.71036.
RUN-1001 : Database version number 46146.
RUN-1001 : Import flow parameters
RUN-1001 : Import IO constraints
RUN-1001 : Import Inst constraints
RUN-1001 : Import design success TD_VERSION=5.6.71036 , DB_VERSION=46146
RUN-1002 : start command "place"
RUN-1001 : Open license file C:/Anlogic/TD5.6.2/license/Anlogic.lic
RUN-1001 : Print Global Property
RUN-1001 : ---------------------------------------------------------------
RUN-1001 :        Parameters        |  Settings  |  Default Values  |  Note  
RUN-1001 : ---------------------------------------------------------------
RUN-1001 :          message         |  standard  |     standard     |        
RUN-1001 :   mixed_pack_place_flow  |     on     |        on        |        
RUN-1001 :        qor_monitor       |    off     |       off        |        
RUN-1001 :        syn_ip_flow       |    off     |       off        |        
RUN-1001 :          thread          |    auto    |       auto       |        
RUN-1001 : ---------------------------------------------------------------
RUN-1001 : Print Place Property
RUN-1001 : --------------------------------------------------------------
RUN-1001 :        Parameters       |  Settings  |  Default Values  |  Note  
RUN-1001 : --------------------------------------------------------------
RUN-1001 :      detailed_place     |     on     |        on        |        
RUN-1001 :          effort         |   medium   |      medium      |        
RUN-1001 :         fix_hold        |    off     |       off        |        
RUN-1001 :       legalization      |    ori     |       ori        |        
RUN-1001 :      new_spreading      |     on     |        on        |        
RUN-1001 :        opt_timing       |   medium   |      medium      |        
RUN-1001 :   post_clock_route_opt  |    off     |       off        |        
RUN-1001 :       pr_strategy       |     1      |        1         |        
RUN-1001 :        relaxation       |    1.00    |       1.00       |        
RUN-1001 :         retiming        |    off     |       off        |        
RUN-1001 : --------------------------------------------------------------
PHY-3001 : Placer runs in 8 thread(s).
RUN-1002 : start command "legalize_phy_inst"
SYN-1011 : Flatten model responder
RUN-1002 : start command "phys_opt -simplify_lut"
SYN-4024 : Net "CLK_dup_1" drives clk pins.
SYN-4024 : Net "U2/CLK1" drives clk pins.
SYN-4024 : Net "U4/W_DigitronCS_Out_n" drives clk pins.
SYN-4024 : Net "Set_Time_dup_1" drives clk pins.
SYN-4024 : Net "U7/temp_time_n" drives clk pins.
SYN-4024 : Net "U4/SingleNum_b_n4" drives clk pins.
SYN-4025 : Tag rtl::Net CLK_dup_1 as clock net
SYN-4025 : Tag rtl::Net Set_Time_dup_1 as clock net
SYN-4025 : Tag rtl::Net U2/CLK1 as clock net
SYN-4025 : Tag rtl::Net U4/SingleNum_b_n4 as clock net
SYN-4025 : Tag rtl::Net U4/W_DigitronCS_Out_n as clock net
SYN-4025 : Tag rtl::Net U7/temp_time_n as clock net
SYN-4026 : Tagged 6 rtl::Net as clock net
SYN-4015 : Create BUFG instance for clk Net U2/CLK1 to drive 11 clock pins.
SYN-4015 : Create BUFG instance for clk Net U4/W_DigitronCS_Out_n to drive 8 clock pins.
SYN-4015 : Create BUFG instance for clk Net U7/temp_time_n to drive 8 clock pins.
SYN-4015 : Create BUFG instance for clk Net U4/SingleNum_b_n4 to drive 4 clock pins.
PHY-1001 : Populate physical database on model responder.
RUN-1001 : There are total 465 instances
RUN-0007 : 192 luts, 172 seqs, 34 mslices, 26 lslices, 33 pads, 0 brams, 1 dsps
RUN-1001 : There are total 623 nets
RUN-1001 : 380 nets have 2 pins
RUN-1001 : 192 nets have [3 - 5] pins
RUN-1001 : 38 nets have [6 - 10] pins
RUN-1001 : 6 nets have [11 - 20] pins
RUN-1001 : 5 nets have [21 - 99] pins
RUN-1001 : 2 nets have 100+ pins
RUN-1001 : Report Control nets information:
RUN-1001 : DFF Distribution
RUN-1001 : ----------------------------------
RUN-1001 :   CE   |  SSR  |  ASR  |  DFF Count  
RUN-1001 : ----------------------------------
RUN-1001 :   No   |  No   |  No   |     45      
RUN-1001 :   No   |  No   |  Yes  |     65      
RUN-1001 :   No   |  Yes  |  No   |     29      
RUN-1001 :   Yes  |  No   |  No   |      0      
RUN-1001 :   Yes  |  No   |  Yes  |     33      
RUN-1001 :   Yes  |  Yes  |  No   |      0      
RUN-1001 : ----------------------------------
RUN-0007 : Control Group Statistic
RUN-0007 : ---------------------------
RUN-0007 :   #CLK  |  #CE  |  #SSR/ASR  
RUN-0007 : ---------------------------
RUN-0007 :    7    |   3   |     5      
RUN-0007 : ---------------------------
RUN-0007 : Control Set = 12
PHY-3001 : Initial placement ...
PHY-3001 : design contains 463 instances, 192 luts, 172 seqs, 60 slices, 9 macros(60 instances: 34 mslices 26 lslices)
PHY-0007 : Cell area utilization is 1%
PHY-3001 : Global placement ...
PHY-3001 : Initial: Len = 145674
PHY-3001 : Clustering ...
PHY-3001 : Level 0 #clusters 463.
PHY-3001 : End clustering;  0.000012s wall, 0.000000s user + 0.000000s system = 0.000000s CPU (n/a%)

PHY-3001 : Run with size of 4
PHY-3001 : Cell area utilization is 1%
PHY-3001 : :::0::: Try harder cell spreading with beta_ = 0
PHY-3002 : Step(1): len = 91263.2, overlap = 2.25
PHY-3002 : Step(2): len = 62918.9, overlap = 2.25
PHY-3002 : Step(3): len = 46699.1, overlap = 2.25
PHY-3002 : Step(4): len = 34914.8, overlap = 2.25
PHY-3002 : Step(5): len = 28414, overlap = 2.25
PHY-3002 : Step(6): len = 27034.6, overlap = 2.25
PHY-3002 : Step(7): len = 23186.6, overlap = 2.25
PHY-3002 : Step(8): len = 20909.9, overlap = 2.25
PHY-3002 : Step(9): len = 20735.6, overlap = 2.25
PHY-3002 : Step(10): len = 19098.4, overlap = 2.25
PHY-3002 : Step(11): len = 19081.8, overlap = 2.25
PHY-3002 : Step(12): len = 16847.2, overlap = 2.25
PHY-3002 : Step(13): len = 16719.2, overlap = 2.25
PHY-3002 : Step(14): len = 16381.2, overlap = 2.25
PHY-3001 : :::1::: Try harder cell spreading with beta_ = 0.000281993
PHY-3002 : Step(15): len = 16641.4, overlap = 0
PHY-3002 : Step(16): len = 15615.1, overlap = 0
PHY-3002 : Step(17): len = 15682.4, overlap = 0
PHY-3002 : Step(18): len = 15318.8, overlap = 0
PHY-3002 : Step(19): len = 15275.6, overlap = 0
PHY-3002 : Step(20): len = 15237.4, overlap = 0
PHY-3001 : Legalization ...
PHY-3001 : End legalization;  0.008007s wall, 0.000000s user + 0.000000s system = 0.000000s CPU (n/a%)

PHY-3001 : Run with size of 4
PHY-3001 : Cell area utilization is 2%
PHY-3001 : :::0::: Try harder cell spreading with beta_ = 0
PHY-3002 : Step(21): len = 16111.2, overlap = 0
PHY-3002 : Step(22): len = 16233.3, overlap = 0
PHY-3002 : Step(23): len = 15310.7, overlap = 0
PHY-3002 : Step(24): len = 15464.2, overlap = 0
PHY-3002 : Step(25): len = 15623.8, overlap = 0
PHY-3002 : Step(26): len = 16247.5, overlap = 0
PHY-3002 : Step(27): len = 14878.7, overlap = 0
PHY-3002 : Step(28): len = 15409.2, overlap = 0
PHY-3002 : Step(29): len = 14821.3, overlap = 0
PHY-3002 : Step(30): len = 13817.7, overlap = 0
PHY-3002 : Step(31): len = 13933.6, overlap = 0
PHY-3002 : Step(32): len = 13298.1, overlap = 0
PHY-3002 : Step(33): len = 12811.3, overlap = 0
PHY-3002 : Step(34): len = 13128.5, overlap = 0
PHY-3002 : Step(35): len = 13111.1, overlap = 0.25
PHY-3002 : Step(36): len = 12354.7, overlap = 0.25
PHY-3002 : Step(37): len = 12546.8, overlap = 0
PHY-3002 : Step(38): len = 12283.8, overlap = 0
PHY-3002 : Step(39): len = 11918.6, overlap = 0
PHY-3002 : Step(40): len = 12027.8, overlap = 0
PHY-3002 : Step(41): len = 12039.1, overlap = 0.3125
PHY-3002 : Step(42): len = 11599.2, overlap = 0.9375
PHY-3002 : Step(43): len = 11842.3, overlap = 0.5
PHY-3002 : Step(44): len = 11896.5, overlap = 0.3125
PHY-3002 : Step(45): len = 11880.8, overlap = 0
PHY-3002 : Step(46): len = 11430.3, overlap = 0
PHY-3002 : Step(47): len = 11565, overlap = 0
PHY-3002 : Step(48): len = 11534.3, overlap = 0
PHY-3002 : Step(49): len = 11217, overlap = 0
PHY-3002 : Step(50): len = 11378.5, overlap = 0
PHY-3002 : Step(51): len = 11324.3, overlap = 0.125
PHY-3002 : Step(52): len = 10735.1, overlap = 0
PHY-3002 : Step(53): len = 10845.2, overlap = 0
PHY-3002 : Step(54): len = 10975.2, overlap = 0
PHY-3002 : Step(55): len = 10584.4, overlap = 0
PHY-3002 : Step(56): len = 10712.1, overlap = 0
PHY-3002 : Step(57): len = 10756.8, overlap = 0
PHY-3002 : Step(58): len = 10462.2, overlap = 0
PHY-3002 : Step(59): len = 10414.9, overlap = 0
PHY-3002 : Step(60): len = 10497.1, overlap = 0.25
PHY-3002 : Step(61): len = 10270.4, overlap = 1.875
PHY-3002 : Step(62): len = 10363.4, overlap = 2.28125
PHY-3002 : Step(63): len = 10390.4, overlap = 2.40625
PHY-3002 : Step(64): len = 10059.1, overlap = 2.8125
PHY-3002 : Step(65): len = 10016.8, overlap = 2.8125
PHY-3002 : Step(66): len = 9986.3, overlap = 2.8125
PHY-3002 : Step(67): len = 9864.4, overlap = 2.75
PHY-3002 : Step(68): len = 9842.8, overlap = 2.75
PHY-3002 : Step(69): len = 9793.3, overlap = 2.75
PHY-3002 : Step(70): len = 9552, overlap = 3
PHY-3001 : :::1::: Try harder cell spreading with beta_ = 34.6107
PHY-3002 : Step(71): len = 9561.7, overlap = 3
PHY-3002 : Step(72): len = 9561.7, overlap = 3
PHY-3001 : Run with size of 2
PHY-3001 : Cell area utilization is 2%
PHY-3001 : :::0::: Try harder cell spreading with beta_ = 0.000120102
PHY-3002 : Step(73): len = 9988, overlap = 11.0625
PHY-3002 : Step(74): len = 10091.3, overlap = 10.7812
PHY-3002 : Step(75): len = 10010.1, overlap = 10.4375
PHY-3001 : :::1::: Try harder cell spreading with beta_ = 0.000240203
PHY-3002 : Step(76): len = 9660.3, overlap = 10.7812
PHY-3002 : Step(77): len = 9660.3, overlap = 10.7812
PHY-3001 : :::2::: Try harder cell spreading with beta_ = 0.000480406
PHY-3002 : Step(78): len = 9764.7, overlap = 10.3438
PHY-3002 : Step(79): len = 9764.7, overlap = 10.3438
OPT-1001 : Start physical optimization ...
OPT-1001 : Total overflow 24.75 peak overflow 2.28
OPT-1001 : Start high-fanout net optimization ...
OPT-1001 : Update timing in global mode
PHY-1001 : Start incremental global routing, caller is place ...
RUN-1001 : Generating global routing grids ...
RUN-1001 : Building simple global routing graph ...
PHY-1001 : Generate routing nets ...
PHY-1001 : Reuse net number 0/623.
PHY-1001 : Global iterations in 8 thread ...
PHY-1002 : len = 10568, over cnt = 31(0%), over = 99, worst = 8
PHY-1001 : End global iterations;  0.029653s wall, 0.015625s user + 0.000000s system = 0.015625s CPU (52.7%)

PHY-1001 : Congestion index: top1 = 15.11, top5 = 6.34, top10 = 3.52, top15 = 2.35.
PHY-1001 : End incremental global routing;  0.084079s wall, 0.046875s user + 0.000000s system = 0.046875s CPU (55.8%)

RUN-1002 : start command "start_timer -report"
TMR-5001 WARNING: No sdc constraints found while initiating timer.
TMR-2505 : Start building timing graph for model responder.
TMR-2506 : Build timing graph completely. Port num: 11, tpin num: 2093, tnet num: 621, tinst num: 463, tnode num: 2700, tedge num: 3388.
TMR-2508 : Levelizing timing graph completed, there are 23 levels in total.
TMR-2501 : Timing graph initialized successfully.
OPT-1001 : End timing update;  0.240438s wall, 0.250000s user + 0.000000s system = 0.250000s CPU (104.0%)

OPT-1001 : 0 high-fanout net processed.
OPT-1001 : End high-fanout net optimization;  0.330647s wall, 0.296875s user + 0.000000s system = 0.296875s CPU (89.8%)

OPT-1001 : Current memory(MB): used = 139, reserve = 109, peak = 139.
OPT-1001 : End physical optimization;  0.336571s wall, 0.312500s user + 0.000000s system = 0.312500s CPU (92.8%)

PHY-3001 : Start packing ...
SYN-4007 : Packing 0 MUX to BLE ...
SYN-4008 : Packed 0 MUX and 0 SEQ to BLE.
SYN-4007 : Packing 192 LUT to BLE ...
SYN-4008 : Packed 192 LUT and 94 SEQ to BLE.
SYN-4003 : Packing 78 remaining SEQ's ...
SYN-4005 : Packed 61 SEQ with LUT/SLICE
SYN-4006 : 45 single LUT's are left
SYN-4006 : 17 single SEQ's are left
SYN-4011 : Packing model "responder" (AL_USER_NORMAL) with 209/310 primitive instances ...
PHY-3001 : End packing;  0.014859s wall, 0.015625s user + 0.000000s system = 0.015625s CPU (105.2%)

PHY-1001 : Populate physical database on model responder.
RUN-1001 : There are total 222 instances
RUN-1001 : 90 mslices, 91 lslices, 33 pads, 0 brams, 1 dsps
RUN-1001 : There are total 542 nets
RUN-1001 : 303 nets have 2 pins
RUN-1001 : 188 nets have [3 - 5] pins
RUN-1001 : 36 nets have [6 - 10] pins
RUN-1001 : 10 nets have [11 - 20] pins
RUN-1001 : 3 nets have [21 - 99] pins
RUN-1001 : 2 nets have 100+ pins
PHY-3001 : design contains 220 instances, 181 slices, 9 macros(60 instances: 34 mslices 26 lslices)
PHY-3001 : Cell area utilization is 2%
PHY-3001 : After packing: Len = 10459, Over = 13.25
PHY-3001 : Run with size of 2
PHY-3001 : Cell area utilization is 2%
PHY-3001 : :::0::: Try harder cell spreading with beta_ = 6.06725e-05
PHY-3002 : Step(80): len = 10204.8, overlap = 13.25
PHY-3002 : Step(81): len = 10200.1, overlap = 13.5
PHY-3002 : Step(82): len = 10103.3, overlap = 13
PHY-3001 : :::1::: Try harder cell spreading with beta_ = 0.000121345
PHY-3002 : Step(83): len = 10139.8, overlap = 12.75
PHY-3002 : Step(84): len = 10179.1, overlap = 12.75
PHY-3002 : Step(85): len = 10179.1, overlap = 12.75
PHY-3001 : :::2::: Try harder cell spreading with beta_ = 0.00024269
PHY-3002 : Step(86): len = 10277.4, overlap = 12.5
PHY-3002 : Step(87): len = 10292.4, overlap = 12.5
PHY-3001 : Legalization ...
PHY-3001 : End legalization;  0.054208s wall, 0.015625s user + 0.015625s system = 0.031250s CPU (57.6%)

PHY-3001 : Trial Legalized: Len = 15414.1
PHY-3001 : Run with size of 2
PHY-3001 : Cell area utilization is 2%
PHY-3001 : :::0::: Try harder cell spreading with beta_ = 0
PHY-3002 : Step(88): len = 11938.8, overlap = 4
PHY-3002 : Step(89): len = 10769.1, overlap = 5.75
PHY-3002 : Step(90): len = 10401.5, overlap = 7
PHY-3002 : Step(91): len = 10392, overlap = 8
PHY-3002 : Step(92): len = 10390, overlap = 8.75
PHY-3001 : :::1::: Try harder cell spreading with beta_ = 7.49233e-05
PHY-3002 : Step(93): len = 10252.4, overlap = 8.25
PHY-3002 : Step(94): len = 10282, overlap = 8
PHY-3002 : Step(95): len = 10282, overlap = 8
PHY-3001 : :::2::: Try harder cell spreading with beta_ = 0.000149847
PHY-3002 : Step(96): len = 10313.5, overlap = 7.75
PHY-3002 : Step(97): len = 10313.5, overlap = 7.75
PHY-3001 : Legalization ...
PHY-3001 : End legalization;  0.005493s wall, 0.000000s user + 0.000000s system = 0.000000s CPU (n/a%)

PHY-3001 : Legalized: Len = 12969.2, Over = 0
PHY-3001 : Spreading special nets. 2 overflows in 2952 tiles.
PHY-3001 : End spreading;  0.003956s wall, 0.000000s user + 0.000000s system = 0.000000s CPU (n/a%)

PHY-3001 : 3 instances has been re-located, deltaX = 0, deltaY = 5, maxDist = 2.
PHY-3001 : Final: Len = 13001.2, Over = 0
OPT-1001 : Start physical optimization ...
OPT-1001 : Total overflow 0.00 peak overflow 0.00
OPT-1001 : Start high-fanout net optimization ...
OPT-1001 : Update timing in global mode
PHY-1001 : Start incremental global routing, caller is place ...
RUN-1001 : Generating global routing grids ...
PHY-1001 : Generate routing nets ...
PHY-1001 : Reuse net number 29/542.
PHY-1001 : Global iterations in 8 thread ...
PHY-1002 : len = 14176, over cnt = 41(0%), over = 68, worst = 5
PHY-1002 : len = 14664, over cnt = 18(0%), over = 21, worst = 3
PHY-1002 : len = 14928, over cnt = 3(0%), over = 3, worst = 1
PHY-1002 : len = 14952, over cnt = 2(0%), over = 2, worst = 1
PHY-1002 : len = 14976, over cnt = 0(0%), over = 0, worst = 0
PHY-1001 : End global iterations;  0.067267s wall, 0.015625s user + 0.000000s system = 0.015625s CPU (23.2%)

PHY-1001 : Congestion index: top1 = 20.37, top5 = 8.86, top10 = 4.98, top15 = 3.32.
PHY-1001 : End incremental global routing;  0.118008s wall, 0.015625s user + 0.000000s system = 0.015625s CPU (13.2%)

RUN-1002 : start command "start_timer -report"
TMR-5001 WARNING: No sdc constraints found while initiating timer.
TMR-2505 : Start building timing graph for model responder.
TMR-2506 : Build timing graph completely. Port num: 11, tpin num: 1833, tnet num: 540, tinst num: 220, tnode num: 2315, tedge num: 3153.
TMR-2508 : Levelizing timing graph completed, there are 23 levels in total.
TMR-2501 : Timing graph initialized successfully.
OPT-1001 : End timing update;  0.215593s wall, 0.234375s user + 0.000000s system = 0.234375s CPU (108.7%)

OPT-1001 : 0 high-fanout net processed.
OPT-1001 : End high-fanout net optimization;  0.340091s wall, 0.265625s user + 0.000000s system = 0.265625s CPU (78.1%)

OPT-1001 : Current memory(MB): used = 140, reserve = 111, peak = 140.
OPT-1001 : Update timing in Manhattan mode
OPT-1001 : End timing update;  0.000441s wall, 0.000000s user + 0.000000s system = 0.000000s CPU (n/a%)

OPT-1001 : Start pin optimization...
OPT-1001 : skip pin optimization...
RUN-1001 : Generating global routing grids ...
PHY-1001 : Generate routing nets ...
PHY-1001 : Reuse net number 422/542.
PHY-1001 : Global iterations in 8 thread ...
PHY-1002 : len = 14976, over cnt = 0(0%), over = 0, worst = 0
PHY-1001 : End global iterations;  0.002286s wall, 0.000000s user + 0.000000s system = 0.000000s CPU (n/a%)

PHY-1001 : Congestion index: top1 = 20.37, top5 = 8.86, top10 = 4.98, top15 = 3.32.
OPT-1001 : Update timing in Manhattan mode
OPT-1001 : End timing update;  0.000659s wall, 0.000000s user + 0.000000s system = 0.000000s CPU (n/a%)

RUN-1001 : QoR Analysis:
OPT-0007 :   WNS 2147483647 TNS 0 NUM_FEPS 0
RUN-1001 :   No local congestion issue, and most congested 1% tile average routing util is 19.931034
RUN-1001 :   Top critical paths
OPT-1001 : End physical optimization;  0.395085s wall, 0.312500s user + 0.000000s system = 0.312500s CPU (79.1%)

RUN-1003 : finish command "place" in  2.406987s wall, 1.734375s user + 0.468750s system = 2.203125s CPU (91.5%)

RUN-1004 : used memory is 131 MB, reserved memory is 102 MB, peak memory is 141 MB
RUN-1002 : start command "export_db responder_place.db"
RUN-1001 : Exported /
RUN-1001 : Exported flow parameters
RUN-1001 : Exported libs
RUN-1001 : Exported entities
RUN-1001 : Exported ports
RUN-1001 : Exported pins
RUN-1001 : Exported instances
RUN-1001 : Exported nets
RUN-1001 : Exported buses
RUN-1001 : Exported models
RUN-1001 : Exported congestions
RUN-1001 : Exported violations
RUN-1001 : Exported IO constraints
RUN-1001 : Exported Inst constraints
RUN-1002 : start command "route"
RUN-1001 : Open license file C:/Anlogic/TD5.6.2/license/Anlogic.lic
RUN-1001 : Print Global Property
RUN-1001 : ---------------------------------------------------------------
RUN-1001 :        Parameters        |  Settings  |  Default Values  |  Note  
RUN-1001 : ---------------------------------------------------------------
RUN-1001 :          message         |  standard  |     standard     |        
RUN-1001 :   mixed_pack_place_flow  |     on     |        on        |        
RUN-1001 :        qor_monitor       |    off     |       off        |        
RUN-1001 :        syn_ip_flow       |    off     |       off        |        
RUN-1001 :          thread          |    auto    |       auto       |        
RUN-1001 : ---------------------------------------------------------------
RUN-1002 : start command "set_param route phy_sim_model on"
RUN-1001 : Print Route Property
RUN-1001 : -------------------------------------------------------
RUN-1001 :    Parameters    |  Settings  |  Default Values  |  Note  
RUN-1001 : -------------------------------------------------------
RUN-1001 :      effort      |   medium   |      medium      |        
RUN-1001 :     fix_hold     |    off     |       off        |        
RUN-1001 :    opt_timing    |   medium   |      medium      |        
RUN-1001 :   phy_sim_model  |     on     |       off        |   *    
RUN-1001 :     priority     |   timing   |      timing      |        
RUN-1001 :     swap_pin     |     on     |        on        |        
RUN-1001 : -------------------------------------------------------
PHY-1001 : Route runs in 8 thread(s)
RUN-1001 : There are total 222 instances
RUN-1001 : 90 mslices, 91 lslices, 33 pads, 0 brams, 1 dsps
RUN-1001 : There are total 542 nets
RUN-1001 : 303 nets have 2 pins
RUN-1001 : 188 nets have [3 - 5] pins
RUN-1001 : 36 nets have [6 - 10] pins
RUN-1001 : 10 nets have [11 - 20] pins
RUN-1001 : 3 nets have [21 - 99] pins
RUN-1001 : 2 nets have 100+ pins
RUN-1002 : start command "start_timer -report"
TMR-5001 WARNING: No sdc constraints found while initiating timer.
TMR-2505 : Start building timing graph for model responder.
TMR-2506 : Build timing graph completely. Port num: 11, tpin num: 1833, tnet num: 540, tinst num: 220, tnode num: 2315, tedge num: 3153.
TMR-2508 : Levelizing timing graph completed, there are 23 levels in total.
TMR-2501 : Timing graph initialized successfully.
PHY-1001 : 90 mslices, 91 lslices, 33 pads, 0 brams, 1 dsps
TMR-2503 : Start to update net delay, extr mode = 3.
TMR-2504 : Update delay of 540 nets completely.
TMR-2502 : Annotate delay completely, extr mode = 3.
TMR-3002 : No user constraint, initiate default constraint.
TMR-1501 : Assign derive clock DeriveClock to 290 clock pins, and constraint 482 relative nodes.
TMR-3003 : Constraints initiated successfully.
TMR-3501 : Forward propagation: start to calculate arrival time...
TMR-3502 : Backward propagation: start to calculate required time...
TMR-3503 : Timing propagation completes.
PHY-1001 : Start global routing, caller is route ...
RUN-1001 : Generating global routing grids ...
PHY-1001 : Generate routing nets ...
PHY-1001 : Global iterations in 8 thread ...
PHY-1002 : len = 14080, over cnt = 41(0%), over = 66, worst = 5
PHY-1002 : len = 14544, over cnt = 18(0%), over = 21, worst = 3
PHY-1002 : len = 14784, over cnt = 5(0%), over = 5, worst = 1
PHY-1002 : len = 14864, over cnt = 0(0%), over = 0, worst = 0
PHY-1001 : End global iterations;  0.065386s wall, 0.062500s user + 0.000000s system = 0.062500s CPU (95.6%)

PHY-1001 : Congestion index: top1 = 20.19, top5 = 8.80, top10 = 4.90, top15 = 3.27.
PHY-1001 : End global routing;  0.117307s wall, 0.093750s user + 0.000000s system = 0.093750s CPU (79.9%)

PHY-1001 : Start detail routing ...
PHY-1001 : Current memory(MB): used = 159, reserve = 130, peak = 162.
PHY-1001 : Detailed router is running in normal mode.
PHY-1001 : Generate detailed routing grids ...
PHY-1001 : Processed IO instance DigitronCS_Out[3]_syn_2 with INV attribute.
PHY-1001 : Processed IO instance DigitronCS_Out[2]_syn_2 with INV attribute.
PHY-1001 : Processed IO instance DigitronCS_Out[1]_syn_2 with INV attribute.
PHY-1001 : Processed IO instance DigitronCS_Out[0]_syn_2 with INV attribute.
PHY-1001 : Generate nets ...
PHY-1001 : net CLK_dup_1 will be routed on clock mesh
PHY-1001 : net Set_Time_dup_1 will be routed on clock mesh
PHY-1001 : clock net U7/temp_time_n_syn_3 will be merged with clock U7/temp_time_n
PHY-1001 : clock net U2/CLK1_syn_4 will be merged with clock U2/CLK1
PHY-1001 : clock net U4/SingleNum_b_n4_syn_10 will be merged with clock U4/SingleNum_b_n4
PHY-1001 : clock net U4/W_DigitronCS_Out_n_syn_4 will be merged with clock U4/W_DigitronCS_Out_n
PHY-1001 : Current memory(MB): used = 424, reserve = 399, peak = 424.
PHY-1001 : End build detailed router design. 3.922368s wall, 3.281250s user + 0.046875s system = 3.328125s CPU (84.8%)

PHY-1001 : Detail Route ...
PHY-1001 : ===== Detail Route Phase 1 =====
PHY-1001 : Clock net routing.....
PHY-1001 : Routed 1% nets.
PHY-1022 : len = 13304, over cnt = 0(0%), over = 0, worst = 0, crit = 0
PHY-1001 : End initial clock net routed; 1.977502s wall, 1.796875s user + 0.000000s system = 1.796875s CPU (90.9%)

PHY-1001 : Current memory(MB): used = 456, reserve = 432, peak = 456.
PHY-1001 : End phase 1; 1.982844s wall, 1.796875s user + 0.000000s system = 1.796875s CPU (90.6%)

PHY-1001 : ===== Detail Route Phase 2 =====
PHY-1001 : Initial routing.....
PHY-1001 : Routed 31% nets.
PHY-1001 : Routed 42% nets.
PHY-1001 : Routed 51% nets.
PHY-1001 : Routed 66% nets.
PHY-1001 : Routed 83% nets.
PHY-1022 : len = 44632, over cnt = 13(0%), over = 13, worst = 1, crit = 0
PHY-1001 : Current memory(MB): used = 456, reserve = 432, peak = 456.
PHY-1001 : End initial routed; 0.354535s wall, 0.171875s user + 0.015625s system = 0.187500s CPU (52.9%)

PHY-1001 : Current memory(MB): used = 456, reserve = 432, peak = 456.
PHY-1001 : End phase 2; 0.354590s wall, 0.171875s user + 0.015625s system = 0.187500s CPU (52.9%)

PHY-1001 : ===== Detail Route Phase 3 =====
PHY-1001 : Ripup-reroute.....
PHY-1001 : ===== DR Iter 1 =====
PHY-1022 : len = 44536, over cnt = 5(0%), over = 5, worst = 1, crit = 0
PHY-1001 : End DR Iter 1; 0.014871s wall, 0.000000s user + 0.000000s system = 0.000000s CPU (n/a%)

PHY-1001 : ===== DR Iter 2 =====
PHY-1022 : len = 44584, over cnt = 0(0%), over = 0, worst = 0, crit = 0
PHY-1001 : End DR Iter 2; 0.014694s wall, 0.000000s user + 0.000000s system = 0.000000s CPU (n/a%)

PHY-1001 : Commit to database.....
PHY-1001 : 2 feed throughs used by 2 nets
PHY-1001 : End commit to database; 0.072149s wall, 0.062500s user + 0.000000s system = 0.062500s CPU (86.6%)

PHY-1001 : Current memory(MB): used = 466, reserve = 442, peak = 466.
PHY-1001 : End phase 3; 0.229179s wall, 0.156250s user + 0.000000s system = 0.156250s CPU (68.2%)

PHY-1003 : Routed, final wirelength = 44584
PHY-1001 : Current memory(MB): used = 466, reserve = 442, peak = 466.
PHY-1001 : End export database. 0.005602s wall, 0.031250s user + 0.000000s system = 0.031250s CPU (557.8%)

PHY-1001 : End detail routing;  6.708788s wall, 5.578125s user + 0.093750s system = 5.671875s CPU (84.5%)

RUN-1003 : finish command "route" in  7.127020s wall, 5.843750s user + 0.093750s system = 5.937500s CPU (83.3%)

RUN-1004 : used memory is 422 MB, reserved memory is 397 MB, peak memory is 466 MB
RUN-1002 : start command "report_area -io_info -file responder_phy.area"
RUN-1001 : standard
***Report Model: responder Device: EG4S20BG256***

IO Statistics
#IO                        33
  #input                    7
  #output                  26
  #inout                    0

Utilization Statistics
#lut                      322   out of  19600    1.64%
#reg                      200   out of  19600    1.02%
#le                       339
  #lut only               139   out of    339   41.00%
  #reg only                17   out of    339    5.01%
  #lut&reg                183   out of    339   53.98%
#dsp                        1   out of     29    3.45%
#bram                       0   out of     64    0.00%
  #bram9k                   0
  #fifo9k                   0
#bram32k                    0   out of     16    0.00%
#pad                       33   out of    188   17.55%
  #ireg                     4
  #oreg                    14
  #treg                     0
#pll                        0   out of      4    0.00%
#gclk                       4   out of     16   25.00%

Clock Resource Statistics
Index     ClockNet                 Type               DriverType         Driver                   Fanout
#1        CLK_dup_1                GCLK               io                 CLK_syn_2.di             112
#2        Set_Time_dup_1           GCLK               io                 Set_Time_syn_2.di        13
#3        U2/CLK1                  GCLK               lslice             U2/CLK1_reg_syn_38.q0    9
#4        U4/W_DigitronCS_Out_n    GCLK               lslice             U4/reg2_syn_28.f1        7
#5        U7/temp_time_n           GCLK               lslice             U1/reg2_syn_82.f0        5
#6        U4/SingleNum_b_n4        GCLK               mslice             U4/reg1_syn_61.f1        3


Detailed IO Report

        Name           Direction    Location    IOStandard    DriveStrength    PullType    PackReg  
         CLK             INPUT         R7        LVCMOS33          N/A          PULLUP      NONE    
      Key_In[3]          INPUT        F10        LVCMOS33          N/A          PULLUP      IREG    
      Key_In[2]          INPUT        C11        LVCMOS33          N/A          PULLUP      IREG    
      Key_In[1]          INPUT        D11        LVCMOS33          N/A          PULLUP      IREG    
      Key_In[0]          INPUT        E11        LVCMOS33          N/A          PULLUP      IREG    
        RSTn             INPUT         A9        LVCMOS33          N/A          PULLUP      NONE    
      Set_Time           INPUT        A10        LVCMOS33          N/A          PULLUP      NONE    
     Buzzer_Out         OUTPUT        H11        LVCMOS33           8            NONE       OREG    
  DigitronCS_Out[3]     OUTPUT         A3        LVCMOS33           8            NONE       OREG    
  DigitronCS_Out[2]     OUTPUT         A5        LVCMOS33           8            NONE       OREG    
  DigitronCS_Out[1]     OUTPUT         B6        LVCMOS33           8            NONE       OREG    
  DigitronCS_Out[0]     OUTPUT         C9        LVCMOS33           8            NONE       OREG    
   Digitron_Out[7]      OUTPUT         C8        LVCMOS33           8            NONE       NONE    
   Digitron_Out[6]      OUTPUT         A8        LVCMOS33           8            NONE       NONE    
   Digitron_Out[5]      OUTPUT         B5        LVCMOS33           8            NONE       NONE    
   Digitron_Out[4]      OUTPUT         A7        LVCMOS33           8            NONE       NONE    
   Digitron_Out[3]      OUTPUT         E8        LVCMOS33           8            NONE       NONE    
   Digitron_Out[2]      OUTPUT         B8        LVCMOS33           8            NONE       NONE    
   Digitron_Out[1]      OUTPUT         A6        LVCMOS33           8            NONE       NONE    
   Digitron_Out[0]      OUTPUT         A4        LVCMOS33           8            NONE       NONE    
     Key_Row[3]         OUTPUT        E10        LVCMOS33           8            NONE       NONE    
     Key_Row[2]         OUTPUT        C10        LVCMOS33           8            NONE       NONE    
     Key_Row[1]         OUTPUT         F9        LVCMOS33           8            NONE       NONE    
     Key_Row[0]         OUTPUT         D9        LVCMOS33           8            NONE       NONE    
     LED_Out[3]         OUTPUT         C2        LVCMOS33           8            NONE       OREG    
     LED_Out[2]         OUTPUT         C1        LVCMOS33           8            NONE       OREG    
     LED_Out[1]         OUTPUT         E4        LVCMOS33           8            NONE       OREG    
     LED_Out[0]         OUTPUT         D3        LVCMOS33           8            NONE       OREG    
  LED_OverTime_Out      OUTPUT        F16        LVCMOS33           8            NONE       OREG    
     LED_Run[3]         OUTPUT        C15        LVCMOS33           8            NONE       OREG    
     LED_Run[2]         OUTPUT        B16        LVCMOS33           8            NONE       OREG    
     LED_Run[1]         OUTPUT        B15        LVCMOS33           8            NONE       OREG    
     LED_Run[0]         OUTPUT        B14        LVCMOS33           8            NONE       OREG    

Report Hierarchy Area:
+-----------------------------------------------------------------------------------+
|Instance |Module              |le     |lut     |ripple  |seq     |bram    |dsp     |
+-----------------------------------------------------------------------------------+
|top      |responder           |339    |262     |60      |218     |0       |1       |
|  U1     |Sel_module          |60     |52      |7       |35      |0       |0       |
|  U2     |Timer_module        |67     |56      |11      |45      |0       |0       |
|  U3     |Buzzer_module       |36     |21      |6       |26      |0       |0       |
|  U4     |Digitron_NumDisplay |65     |56      |9       |30      |0       |0       |
|  U5     |key_filter          |33     |20      |11      |23      |0       |0       |
|  U6     |led8_module         |37     |26      |6       |26      |0       |0       |
|  U7     |countdown_module    |31     |26      |5       |15      |0       |1       |
+-----------------------------------------------------------------------------------+


DataNet Average Fanout:

   Index     Fanout    Nets  
    #1         1       270   
    #2         2       168   
    #3         3        12   
    #4         4        7    
    #5        5-10      34   
    #6       11-50      9    
    #7       51-100     1    
  Average     2.20           

RUN-1002 : start command "write_verilog simulation/responder_phy_sim.v"
HDL-1201 : write out verilog file simulation/responder_phy_sim.v
RUN-1002 : start command "export_db responder_pr.db"
RUN-1001 : Exported /
RUN-1001 : Exported flow parameters
RUN-1001 : Exported libs
RUN-1001 : Exported entities
RUN-1001 : Exported ports
RUN-1001 : Exported pins
RUN-1001 : Exported instances
RUN-1001 : Exported nets
RUN-1001 : Exported buses
RUN-1001 : Exported models
RUN-1001 : Exported congestions
RUN-1001 : Exported violations
RUN-1001 : Exported IO constraints
RUN-1001 : Exported Inst constraints
RUN-1002 : start command "start_timer"
TMR-5001 WARNING: No sdc constraints found while initiating timer.
TMR-2505 : Start building timing graph for model responder.
TMR-2506 : Build timing graph completely. Port num: 11, tpin num: 1833, tnet num: 540, tinst num: 220, tnode num: 2315, tedge num: 3153.
TMR-2508 : Levelizing timing graph completed, there are 23 levels in total.
TMR-2501 : Timing graph initialized successfully.
RUN-1002 : start command "report_timing -mode FINAL -net_info -rpt_autogen true -file responder_phy.timing -sdf simulation/responder.sdf"
TMR-2503 : Start to update net delay, extr mode = 6.
TMR-2504 : Update delay of 540 nets completely.
TMR-2502 : Annotate delay completely, extr mode = 6.
TMR-3002 : No user constraint, initiate default constraint.
TMR-1501 : Assign derive clock DeriveClock to 290 clock pins, and constraint 482 relative nodes.
TMR-3003 : Constraints initiated successfully.
TMR-3501 : Forward propagation: start to calculate arrival time...
TMR-3502 : Backward propagation: start to calculate required time...
TMR-3503 : Timing propagation completes.
TMR-3506 : Start to generate timing report.
TMR-1502 : Number of clock constraints = 0. Number of clock nets = 6 (6 unconstrainted).
TMR-5009 WARNING: No clock constraint on 6 clock net(s): 
		CLK_dup_1
		Set_Time_dup_1
		U2/CLK1_syn_4
		U4/SingleNum_b_n4_syn_10
		U4/W_DigitronCS_Out_n_syn_4
		U7/temp_time_n_syn_3
TMR-3508 : Export timing summary.
TMR-3507 : Timing report generated successfully in responder_phy.timing, timing summary in responder_phy.tsm.
TMR-1001 : Start to generate SDF file...
RUN-1002 : start command "write_verilog -sdf responder.sdf simulation/responder_phy_sim_sta.v"
HDL-1201 : write out verilog file simulation/responder_phy_sim_sta.v
RUN-1002 : start command "export_bid responder_inst.bid"
RUN-1002 : start command "bitgen -bit responder.bit -unused_io_status pulldown"
BIT-1003 : Start to generate bitstream. 
BIT-1002 : Bitgen processed 155 unused pads, reserve input tri_state with pulldown
BIT-1002 : Init instances with 8 threads.
BIT-1002 : Init instances completely, inst num: 375
BIT-1002 : Init pips with 8 threads.
BIT-1002 : Init pips completely, net num: 542, pip num: 3896
BIT-1002 : Init feedthrough completely, num: 2
BIT-1003 : Multithreading accelaration with 8 threads.
BIT-1003 : Generate bitstream completely, there are 682 valid insts, and 11951 bits set as '1'.
BIT-1004 : PLL setting string = 0000
BIT-1004 : Generate bits file responder.bit.
RUN-1003 : finish command "bitgen -bit responder.bit -unused_io_status pulldown" in  2.033283s wall, 3.687500s user + 0.031250s system = 3.718750s CPU (182.9%)

RUN-1004 : used memory is 436 MB, reserved memory is 416 MB, peak memory is 585 MB
RUN-1002 : start command "backup_run_log run.log ../.logs/phy_1/td_20240727_181203.log"
