============================================================
   Tang Dynasty, V5.6.71036
      Copyright (c) 2012-2023 Anlogic Inc.
   Executable = C:/Anlogic/TD5.6.2/bin/td.exe
   Built at =   20:34:38 Mar 21 2023
   Run by =     Timmy
   Run Date =   Tue Jul 23 20:31:50 2024

   Run on =     DESKTOP-A28VB3Q
============================================================
RUN-1002 : start command "open_project responder.prj"
RUN-1001 : Print Global Property
RUN-1001 : ---------------------------------------------------------------
RUN-1001 :        Parameters        |  Settings  |  Default Values  |  Note  
RUN-1001 : ---------------------------------------------------------------
RUN-1001 :          message         |  standard  |     standard     |        
RUN-1001 :   mixed_pack_place_flow  |     on     |        on        |        
RUN-1001 :        qor_monitor       |    off     |       off        |        
RUN-1001 :        syn_ip_flow       |    off     |       off        |        
RUN-1001 :          thread          |    auto    |       auto       |        
RUN-1001 : ---------------------------------------------------------------
RUN-1001 : Print Design Property
RUN-1001 : --------------------------------------------------------------
RUN-1001 :        Parameters       |  Settings  |  Default Values  |  Note  
RUN-1001 : --------------------------------------------------------------
RUN-1001 :   default_reg_initial   |    auto    |       auto       |        
RUN-1001 :        infer_add        |     on     |        on        |        
RUN-1001 :        infer_fsm        |    off     |       off        |        
RUN-1001 :        infer_mult       |     on     |        on        |        
RUN-1001 :        infer_ram        |     on     |        on        |        
RUN-1001 :        infer_reg        |     on     |        on        |        
RUN-1001 :   infer_reg_init_value  |     on     |        on        |        
RUN-1001 :        infer_rom        |     on     |        on        |        
RUN-1001 :      infer_shifter      |     on     |        on        |        
RUN-1001 : --------------------------------------------------------------
RUN-1001 : Print Rtl Property
RUN-1001 : --------------------------------------------------------------
RUN-1001 :        Parameters       |  Settings  |  Default Values  |  Note  
RUN-1001 : --------------------------------------------------------------
RUN-1001 :       compress_add      |   ripple   |      ripple      |        
RUN-1001 :        elf_sload        |    off     |       off        |        
RUN-1001 :       fix_undriven      |     0      |        0         |        
RUN-1001 :         flatten         |    off     |       off        |        
RUN-1001 :       gate_sharing      |     on     |        on        |        
RUN-1001 :    hdl_warning_level    |   normal   |      normal      |        
RUN-1001 :   impl_internal_tribuf  |     on     |        on        |        
RUN-1001 :      impl_set_reset     |     on     |        on        |        
RUN-1001 :        infer_gsr        |    off     |       off        |        
RUN-1001 :      keep_hierarchy     |    auto    |       auto       |        
RUN-1001 :        max_fanout       |    9999    |       9999       |        
RUN-1001 :      max_oh2bin_len     |     10     |        10        |        
RUN-1001 :       merge_equal       |     on     |        on        |        
RUN-1001 :       merge_equiv       |     on     |        on        |        
RUN-1001 :        merge_mux        |    off     |       off        |        
RUN-1001 :     min_control_set     |     8      |        8         |        
RUN-1001 :      min_ripple_len     |    auto    |       auto       |        
RUN-1001 :       oh2bin_ratio      |    0.08    |       0.08       |        
RUN-1001 :     opt_adder_fanout    |     on     |        on        |        
RUN-1001 :        opt_arith        |     on     |        on        |        
RUN-1001 :       opt_big_gate      |    off     |       off        |        
RUN-1001 :        opt_const        |     on     |        on        |        
RUN-1001 :      opt_const_mult     |     on     |        on        |        
RUN-1001 :       opt_lessthan      |     on     |        on        |        
RUN-1001 :         opt_mux         |    off     |       off        |        
RUN-1001 :         opt_ram         |    high    |       high       |        
RUN-1001 :      rtl_sim_model      |    off     |       off        |        
RUN-1001 :         seq_syn         |     on     |        on        |        
RUN-1001 : --------------------------------------------------------------
HDL-1007 : analyze verilog file ../../responder.v
HDL-1007 : analyze verilog file ../../Sel_module.v
HDL-1007 : analyze verilog file ../../Timer_module.v
HDL-1007 : analyze verilog file ../../Buzzer_module.v
HDL-1007 : analyze verilog file ../../Digitron_NumDisplay.v
HDL-1007 : analyze verilog file ../../key_filter.v
RUN-1001 : Project manager successfully analyzed 6 source files.
RUN-1002 : start command "import_device eagle_s20.db -package EG4S20BG256"
ARC-1001 : Device Initialization.
ARC-1001 : ------------------------------------------------------------------
ARC-1001 :            OPTION            |          IO          |   SETTING   
ARC-1001 : ------------------------------------------------------------------
ARC-1001 :   cso_b/cclk/mosi/miso/dout  |  T3/R11/T10/P10/S11  |    gpio    
ARC-1001 :             done             |         P13          |    gpio    
ARC-1001 :           program_b          |          T2          |  dedicate  
ARC-1001 :        tdi/tms/tck/tdo       |   C12/A15/C14/E14    |  dedicate  
ARC-1001 : ------------------------------------------------------------------
ARC-1004 : Device setting, marked 5 dedicate IOs in total.
RUN-1002 : start command "import_db ../syn_1/responder_gate.db"
RUN-1001 : Importing database generated by Tang Dynasty, V5.6.71036.
RUN-1001 : Database version number 46146.
RUN-1001 : Import flow parameters
RUN-1001 : Import IO constraints
RUN-1001 : Import Inst constraints
RUN-1001 : Import design success TD_VERSION=5.6.71036 , DB_VERSION=46146
RUN-1002 : start command "place"
RUN-1001 : Open license file C:/Anlogic/TD5.6.2/license/Anlogic.lic
RUN-1001 : Print Global Property
RUN-1001 : ---------------------------------------------------------------
RUN-1001 :        Parameters        |  Settings  |  Default Values  |  Note  
RUN-1001 : ---------------------------------------------------------------
RUN-1001 :          message         |  standard  |     standard     |        
RUN-1001 :   mixed_pack_place_flow  |     on     |        on        |        
RUN-1001 :        qor_monitor       |    off     |       off        |        
RUN-1001 :        syn_ip_flow       |    off     |       off        |        
RUN-1001 :          thread          |    auto    |       auto       |        
RUN-1001 : ---------------------------------------------------------------
RUN-1001 : Print Place Property
RUN-1001 : --------------------------------------------------------------
RUN-1001 :        Parameters       |  Settings  |  Default Values  |  Note  
RUN-1001 : --------------------------------------------------------------
RUN-1001 :      detailed_place     |     on     |        on        |        
RUN-1001 :          effort         |   medium   |      medium      |        
RUN-1001 :         fix_hold        |    off     |       off        |        
RUN-1001 :       legalization      |    ori     |       ori        |        
RUN-1001 :      new_spreading      |     on     |        on        |        
RUN-1001 :        opt_timing       |   medium   |      medium      |        
RUN-1001 :   post_clock_route_opt  |    off     |       off        |        
RUN-1001 :       pr_strategy       |     1      |        1         |        
RUN-1001 :        relaxation       |    1.00    |       1.00       |        
RUN-1001 :         retiming        |    off     |       off        |        
RUN-1001 : --------------------------------------------------------------
PHY-3001 : Placer runs in 8 thread(s).
RUN-1002 : start command "legalize_phy_inst"
SYN-1011 : Flatten model responder
RUN-1002 : start command "phys_opt -simplify_lut"
SYN-4024 : Net "CLK_dup_1" drives clk pins.
SYN-4024 : Net "U4/W_DigitronCS_Out_n" drives clk pins.
SYN-4025 : Tag rtl::Net CLK_dup_1 as clock net
SYN-4025 : Tag rtl::Net U4/W_DigitronCS_Out_n as clock net
SYN-4026 : Tagged 2 rtl::Net as clock net
SYN-4015 : Create BUFG instance for clk Net U4/W_DigitronCS_Out_n to drive 8 clock pins.
PHY-1001 : Populate physical database on model responder.
RUN-1001 : There are total 177 instances
RUN-0007 : 54 luts, 67 seqs, 9 mslices, 13 lslices, 29 pads, 0 brams, 0 dsps
RUN-1001 : There are total 239 nets
RUN-1001 : 148 nets have 2 pins
RUN-1001 : 80 nets have [3 - 5] pins
RUN-1001 : 6 nets have [6 - 10] pins
RUN-1001 : 5 nets have [21 - 99] pins
RUN-1001 : Report Control nets information:
RUN-1001 : DFF Distribution
RUN-1001 : ----------------------------------
RUN-1001 :   CE   |  SSR  |  ASR  |  DFF Count  
RUN-1001 : ----------------------------------
RUN-1001 :   No   |  No   |  No   |     18      
RUN-1001 :   No   |  No   |  Yes  |      0      
RUN-1001 :   No   |  Yes  |  No   |     23      
RUN-1001 :   Yes  |  No   |  No   |      0      
RUN-1001 :   Yes  |  No   |  Yes  |     26      
RUN-1001 :   Yes  |  Yes  |  No   |      0      
RUN-1001 : ----------------------------------
RUN-0007 : Control Group Statistic
RUN-0007 : ---------------------------
RUN-0007 :   #CLK  |  #CE  |  #SSR/ASR  
RUN-0007 : ---------------------------
RUN-0007 :    3    |   2   |     3      
RUN-0007 : ---------------------------
RUN-0007 : Control Set = 5
PHY-3001 : Initial placement ...
PHY-3001 : design contains 174 instances, 54 luts, 67 seqs, 22 slices, 3 macros(22 instances: 9 mslices 13 lslices)
PHY-0007 : Cell area utilization is 0%
PHY-3001 : Global placement ...
PHY-3001 : Initial: Len = 58394.2
PHY-3001 : Clustering ...
PHY-3001 : Level 0 #clusters 174.
PHY-3001 : End clustering;  0.000026s wall, 0.000000s user + 0.000000s system = 0.000000s CPU (n/a%)

PHY-3001 : Run with size of 4
PHY-3001 : Cell area utilization is 0%
PHY-3001 : :::0::: Try harder cell spreading with beta_ = 0
PHY-3002 : Step(1): len = 35135.3, overlap = 0
PHY-3002 : Step(2): len = 22636.5, overlap = 0
PHY-3002 : Step(3): len = 15004.1, overlap = 0
PHY-3002 : Step(4): len = 11481.2, overlap = 0
PHY-3002 : Step(5): len = 9737.3, overlap = 0
PHY-3002 : Step(6): len = 8558.9, overlap = 0
PHY-3002 : Step(7): len = 7838.4, overlap = 0
PHY-3002 : Step(8): len = 7508.5, overlap = 0
PHY-3002 : Step(9): len = 6698.8, overlap = 0
PHY-3002 : Step(10): len = 6501.5, overlap = 0
PHY-3002 : Step(11): len = 6661.3, overlap = 0
PHY-3002 : Step(12): len = 6190, overlap = 0
PHY-3002 : Step(13): len = 6020, overlap = 0
PHY-3002 : Step(14): len = 5724.9, overlap = 0
PHY-3002 : Step(15): len = 5329.1, overlap = 0
PHY-3002 : Step(16): len = 5525.6, overlap = 0
PHY-3002 : Step(17): len = 5212.4, overlap = 0
PHY-3002 : Step(18): len = 4733.5, overlap = 0
PHY-3002 : Step(19): len = 4945.2, overlap = 0
PHY-3002 : Step(20): len = 4931.5, overlap = 0
PHY-3002 : Step(21): len = 4738.7, overlap = 0
PHY-3002 : Step(22): len = 4900.3, overlap = 0
PHY-3002 : Step(23): len = 4765.9, overlap = 0
PHY-3002 : Step(24): len = 4162.2, overlap = 0
PHY-3002 : Step(25): len = 4223.8, overlap = 0
PHY-3002 : Step(26): len = 4276.9, overlap = 0
PHY-3002 : Step(27): len = 3634.6, overlap = 0
PHY-3002 : Step(28): len = 3330.9, overlap = 0
PHY-3002 : Step(29): len = 3156, overlap = 0
PHY-3002 : Step(30): len = 3168, overlap = 0
PHY-3002 : Step(31): len = 3148.6, overlap = 0
PHY-3002 : Step(32): len = 2710.9, overlap = 0
PHY-3002 : Step(33): len = 2716.2, overlap = 0
PHY-3002 : Step(34): len = 2739.6, overlap = 0
PHY-3001 : Legalization ...
PHY-3001 : End legalization;  0.006072s wall, 0.000000s user + 0.000000s system = 0.000000s CPU (n/a%)

PHY-3001 : Run with size of 4
PHY-3001 : Cell area utilization is 0%
PHY-3001 : :::0::: Try harder cell spreading with beta_ = 0
PHY-3002 : Step(35): len = 2530.2, overlap = 0
PHY-3002 : Step(36): len = 2545.1, overlap = 0
PHY-3002 : Step(37): len = 2556.5, overlap = 0
PHY-3001 : Run with size of 2
PHY-3001 : Cell area utilization is 0%
PHY-3001 : :::0::: Try harder cell spreading with beta_ = 0
PHY-3002 : Step(38): len = 2486.1, overlap = 1.8125
PHY-3002 : Step(39): len = 2521.5, overlap = 2.0625
PHY-3002 : Step(40): len = 2556.5, overlap = 2.0625
OPT-1001 : Start physical optimization ...
OPT-1001 : Total overflow 10.66 peak overflow 2.31
OPT-1001 : Start high-fanout net optimization ...
OPT-1001 : Update timing in global mode
PHY-1001 : Start incremental global routing, caller is place ...
RUN-1001 : Generating global routing grids ...
RUN-1001 : Building simple global routing graph ...
PHY-1001 : Generate routing nets ...
PHY-1001 : Reuse net number 0/239.
PHY-1001 : Global iterations in 8 thread ...
PHY-1002 : len = 2640, over cnt = 7(0%), over = 21, worst = 7
PHY-1001 : End global iterations;  0.008278s wall, 0.000000s user + 0.000000s system = 0.000000s CPU (n/a%)

PHY-1001 : Congestion index: top1 = 6.38, top5 = 1.79, top10 = 0.89, top15 = 0.59.
PHY-1001 : End incremental global routing;  0.057977s wall, 0.015625s user + 0.000000s system = 0.015625s CPU (27.0%)

RUN-1002 : start command "start_timer -report"
TMR-5001 WARNING: No sdc constraints found while initiating timer.
TMR-2505 : Start building timing graph for model responder.
TMR-2506 : Build timing graph completely. Port num: 10, tpin num: 740, tnet num: 236, tinst num: 174, tnode num: 969, tedge num: 1174.
TMR-2508 : Levelizing timing graph completed, there are 23 levels in total.
TMR-2501 : Timing graph initialized successfully.
OPT-1001 : End timing update;  0.211677s wall, 0.125000s user + 0.015625s system = 0.140625s CPU (66.4%)

OPT-1001 : 0 high-fanout net processed.
OPT-1001 : End high-fanout net optimization;  0.271653s wall, 0.140625s user + 0.015625s system = 0.156250s CPU (57.5%)

OPT-1001 : Current memory(MB): used = 131, reserve = 102, peak = 131.
OPT-1001 : End physical optimization;  0.276202s wall, 0.171875s user + 0.015625s system = 0.187500s CPU (67.9%)

PHY-3001 : Start packing ...
SYN-4007 : Packing 0 MUX to BLE ...
SYN-4008 : Packed 0 MUX and 0 SEQ to BLE.
SYN-4007 : Packing 54 LUT to BLE ...
SYN-4008 : Packed 54 LUT and 24 SEQ to BLE.
SYN-4003 : Packing 43 remaining SEQ's ...
SYN-4005 : Packed 22 SEQ with LUT/SLICE
SYN-4006 : 12 single LUT's are left
SYN-4006 : 21 single SEQ's are left
SYN-4011 : Packing model "responder" (AL_USER_NORMAL) with 75/131 primitive instances ...
PHY-3001 : End packing;  0.004937s wall, 0.000000s user + 0.000000s system = 0.000000s CPU (n/a%)

PHY-1001 : Populate physical database on model responder.
RUN-1001 : There are total 99 instances
RUN-1001 : 32 mslices, 33 lslices, 29 pads, 0 brams, 0 dsps
RUN-1001 : There are total 220 nets
RUN-1001 : 129 nets have 2 pins
RUN-1001 : 80 nets have [3 - 5] pins
RUN-1001 : 6 nets have [6 - 10] pins
RUN-1001 : 1 nets have [11 - 20] pins
RUN-1001 : 4 nets have [21 - 99] pins
PHY-3001 : design contains 96 instances, 65 slices, 3 macros(22 instances: 9 mslices 13 lslices)
PHY-3001 : Cell area utilization is 0%
PHY-3001 : After packing: Len = 2734.4, Over = 3.5
PHY-3001 : Run with size of 2
PHY-3001 : Cell area utilization is 0%
PHY-3001 : :::0::: Try harder cell spreading with beta_ = 0
PHY-3002 : Step(41): len = 2599, overlap = 3.5
PHY-3002 : Step(42): len = 2612.3, overlap = 3.5
PHY-3002 : Step(43): len = 2611.6, overlap = 3.75
PHY-3002 : Step(44): len = 2580.1, overlap = 3.75
PHY-3002 : Step(45): len = 2630.5, overlap = 3.5
PHY-3002 : Step(46): len = 2685.7, overlap = 3.5
PHY-3002 : Step(47): len = 2647.2, overlap = 3.75
PHY-3002 : Step(48): len = 2691.6, overlap = 3.5
PHY-3002 : Step(49): len = 2770.5, overlap = 4
PHY-3002 : Step(50): len = 2594.5, overlap = 4
PHY-3002 : Step(51): len = 2681.4, overlap = 3.25
PHY-3002 : Step(52): len = 2692.7, overlap = 4
PHY-3002 : Step(53): len = 2466.8, overlap = 4.5
PHY-3002 : Step(54): len = 2490.9, overlap = 5
PHY-3002 : Step(55): len = 2427.4, overlap = 5.75
PHY-3002 : Step(56): len = 2470, overlap = 5.75
PHY-3002 : Step(57): len = 2473.9, overlap = 5.75
PHY-3002 : Step(58): len = 2291.1, overlap = 5.5
PHY-3002 : Step(59): len = 2309.6, overlap = 5.5
PHY-3002 : Step(60): len = 2318.9, overlap = 6.25
PHY-3002 : Step(61): len = 2212.7, overlap = 6
PHY-3002 : Step(62): len = 2144.5, overlap = 5.75
PHY-3002 : Step(63): len = 2150.8, overlap = 6.5
PHY-3002 : Step(64): len = 2072.3, overlap = 6.5
PHY-3002 : Step(65): len = 2138.6, overlap = 6.25
PHY-3002 : Step(66): len = 2190.3, overlap = 6.5
PHY-3002 : Step(67): len = 2007.2, overlap = 7
PHY-3002 : Step(68): len = 1961.9, overlap = 6.75
PHY-3002 : Step(69): len = 2007.6, overlap = 5.75
PHY-3002 : Step(70): len = 1962, overlap = 4
PHY-3002 : Step(71): len = 1873, overlap = 4
PHY-3002 : Step(72): len = 1873.9, overlap = 4
PHY-3002 : Step(73): len = 1850.5, overlap = 4
PHY-3002 : Step(74): len = 1875.9, overlap = 4.25
PHY-3002 : Step(75): len = 1885.8, overlap = 3.75
PHY-3002 : Step(76): len = 1901, overlap = 3.75
PHY-3002 : Step(77): len = 1869.4, overlap = 4.25
PHY-3002 : Step(78): len = 1883.9, overlap = 4
PHY-3002 : Step(79): len = 1886, overlap = 4
PHY-3002 : Step(80): len = 1865.7, overlap = 4.5
PHY-3002 : Step(81): len = 1838.4, overlap = 4.5
PHY-3002 : Step(82): len = 1864.4, overlap = 3.5
PHY-3002 : Step(83): len = 1865.7, overlap = 3.75
PHY-3002 : Step(84): len = 1805.8, overlap = 4
PHY-3002 : Step(85): len = 1756, overlap = 4
PHY-3001 : :::1::: Try harder cell spreading with beta_ = 0.000127491
PHY-3002 : Step(86): len = 1777.5, overlap = 3.5
PHY-3002 : Step(87): len = 1793.6, overlap = 3.5
PHY-3002 : Step(88): len = 1721.9, overlap = 3.5
PHY-3001 : Legalization ...
PHY-3001 : End legalization;  0.021483s wall, 0.031250s user + 0.000000s system = 0.031250s CPU (145.5%)

PHY-3001 : Trial Legalized: Len = 3607.8
PHY-3001 : Run with size of 2
PHY-3001 : Cell area utilization is 0%
PHY-3001 : :::0::: Try harder cell spreading with beta_ = 0
PHY-3002 : Step(89): len = 2527, overlap = 0.25
PHY-3002 : Step(90): len = 2092.9, overlap = 0.25
PHY-3002 : Step(91): len = 1906.7, overlap = 1
PHY-3002 : Step(92): len = 1779.1, overlap = 1.25
PHY-3002 : Step(93): len = 1779.1, overlap = 1.25
PHY-3002 : Step(94): len = 1717.6, overlap = 1
PHY-3001 : Legalization ...
PHY-3001 : End legalization;  0.005059s wall, 0.000000s user + 0.000000s system = 0.000000s CPU (n/a%)

PHY-3001 : Legalized: Len = 2995.7, Over = 0
PHY-3001 : End spreading;  0.002467s wall, 0.000000s user + 0.000000s system = 0.000000s CPU (n/a%)

PHY-3001 : Final: Len = 2995.7, Over = 0
OPT-1001 : Start physical optimization ...
OPT-1001 : Total overflow 0.00 peak overflow 0.00
OPT-1001 : Start high-fanout net optimization ...
OPT-1001 : Update timing in global mode
PHY-1001 : Start incremental global routing, caller is place ...
RUN-1001 : Generating global routing grids ...
PHY-1001 : Generate routing nets ...
PHY-1001 : Reuse net number 2/220.
PHY-1001 : Global iterations in 8 thread ...
PHY-1002 : len = 3000, over cnt = 13(0%), over = 22, worst = 4
PHY-1002 : len = 3176, over cnt = 8(0%), over = 8, worst = 1
PHY-1002 : len = 3304, over cnt = 0(0%), over = 0, worst = 0
PHY-1001 : End global iterations;  0.022902s wall, 0.000000s user + 0.000000s system = 0.000000s CPU (n/a%)

PHY-1001 : Congestion index: top1 = 9.97, top5 = 2.51, top10 = 1.25, top15 = 0.83.
PHY-1001 : End incremental global routing;  0.066217s wall, 0.031250s user + 0.000000s system = 0.031250s CPU (47.2%)

RUN-1002 : start command "start_timer -report"
TMR-5001 WARNING: No sdc constraints found while initiating timer.
TMR-2505 : Start building timing graph for model responder.
TMR-2506 : Build timing graph completely. Port num: 10, tpin num: 639, tnet num: 217, tinst num: 96, tnode num: 806, tedge num: 1046.
TMR-2508 : Levelizing timing graph completed, there are 21 levels in total.
TMR-2501 : Timing graph initialized successfully.
OPT-1001 : End timing update;  0.169850s wall, 0.156250s user + 0.000000s system = 0.156250s CPU (92.0%)

OPT-1001 : 0 high-fanout net processed.
OPT-1001 : End high-fanout net optimization;  0.237928s wall, 0.187500s user + 0.000000s system = 0.187500s CPU (78.8%)

OPT-1001 : Current memory(MB): used = 132, reserve = 104, peak = 132.
OPT-1001 : Update timing in Manhattan mode
OPT-1001 : End timing update;  0.000118s wall, 0.000000s user + 0.000000s system = 0.000000s CPU (n/a%)

OPT-1001 : Start pin optimization...
OPT-1001 : skip pin optimization...
RUN-1001 : Generating global routing grids ...
PHY-1001 : Generate routing nets ...
PHY-1001 : Reuse net number 145/220.
PHY-1001 : Global iterations in 8 thread ...
PHY-1002 : len = 3304, over cnt = 0(0%), over = 0, worst = 0
PHY-1001 : End global iterations;  0.001533s wall, 0.000000s user + 0.000000s system = 0.000000s CPU (n/a%)

PHY-1001 : Congestion index: top1 = 9.97, top5 = 2.51, top10 = 1.25, top15 = 0.83.
OPT-1001 : Update timing in Manhattan mode
OPT-1001 : End timing update;  0.000249s wall, 0.000000s user + 0.000000s system = 0.000000s CPU (n/a%)

RUN-1001 : QoR Analysis:
OPT-0007 :   WNS 2147483647 TNS 0 NUM_FEPS 0
RUN-1001 :   No local congestion issue, and most congested 1% tile average routing util is 9.620690
RUN-1001 :   Top critical paths
OPT-1001 : End physical optimization;  0.285534s wall, 0.234375s user + 0.000000s system = 0.234375s CPU (82.1%)

RUN-1003 : finish command "place" in  2.097003s wall, 1.109375s user + 0.328125s system = 1.437500s CPU (68.6%)

RUN-1004 : used memory is 126 MB, reserved memory is 97 MB, peak memory is 133 MB
RUN-1002 : start command "export_db responder_place.db"
RUN-1001 : Exported /
RUN-1001 : Exported flow parameters
RUN-1001 : Exported libs
RUN-1001 : Exported entities
RUN-1001 : Exported ports
RUN-1001 : Exported pins
RUN-1001 : Exported instances
RUN-1001 : Exported nets
RUN-1001 : Exported buses
RUN-1001 : Exported models
RUN-1001 : Exported congestions
RUN-1001 : Exported violations
RUN-1001 : Exported IO constraints
RUN-1001 : Exported Inst constraints
RUN-1002 : start command "route"
RUN-1001 : Open license file C:/Anlogic/TD5.6.2/license/Anlogic.lic
RUN-1001 : Print Global Property
RUN-1001 : ---------------------------------------------------------------
RUN-1001 :        Parameters        |  Settings  |  Default Values  |  Note  
RUN-1001 : ---------------------------------------------------------------
RUN-1001 :          message         |  standard  |     standard     |        
RUN-1001 :   mixed_pack_place_flow  |     on     |        on        |        
RUN-1001 :        qor_monitor       |    off     |       off        |        
RUN-1001 :        syn_ip_flow       |    off     |       off        |        
RUN-1001 :          thread          |    auto    |       auto       |        
RUN-1001 : ---------------------------------------------------------------
RUN-1001 : Print Route Property
RUN-1001 : -------------------------------------------------------
RUN-1001 :    Parameters    |  Settings  |  Default Values  |  Note  
RUN-1001 : -------------------------------------------------------
RUN-1001 :      effort      |   medium   |      medium      |        
RUN-1001 :     fix_hold     |    off     |       off        |        
RUN-1001 :    opt_timing    |   medium   |      medium      |        
RUN-1001 :   phy_sim_model  |    off     |       off        |        
RUN-1001 :     priority     |   timing   |      timing      |        
RUN-1001 :     swap_pin     |     on     |        on        |        
RUN-1001 : -------------------------------------------------------
PHY-1001 : Route runs in 8 thread(s)
RUN-1001 : There are total 99 instances
RUN-1001 : 32 mslices, 33 lslices, 29 pads, 0 brams, 0 dsps
RUN-1001 : There are total 220 nets
RUN-1001 : 129 nets have 2 pins
RUN-1001 : 80 nets have [3 - 5] pins
RUN-1001 : 6 nets have [6 - 10] pins
RUN-1001 : 1 nets have [11 - 20] pins
RUN-1001 : 4 nets have [21 - 99] pins
RUN-1002 : start command "start_timer -report"
TMR-5001 WARNING: No sdc constraints found while initiating timer.
TMR-2505 : Start building timing graph for model responder.
TMR-2506 : Build timing graph completely. Port num: 10, tpin num: 639, tnet num: 217, tinst num: 96, tnode num: 806, tedge num: 1046.
TMR-2508 : Levelizing timing graph completed, there are 21 levels in total.
TMR-2501 : Timing graph initialized successfully.
PHY-1001 : 32 mslices, 33 lslices, 29 pads, 0 brams, 0 dsps
TMR-2503 : Start to update net delay, extr mode = 3.
TMR-2504 : Update delay of 217 nets completely.
TMR-2502 : Annotate delay completely, extr mode = 3.
TMR-3002 : No user constraint, initiate default constraint.
TMR-1501 : Assign derive clock DeriveClock to 96 clock pins, and constraint 167 relative nodes.
TMR-3003 : Constraints initiated successfully.
TMR-3501 : Forward propagation: start to calculate arrival time...
TMR-3502 : Backward propagation: start to calculate required time...
TMR-3503 : Timing propagation completes.
PHY-1001 : Start global routing, caller is route ...
RUN-1001 : Generating global routing grids ...
PHY-1001 : Generate routing nets ...
PHY-1001 : Global iterations in 8 thread ...
PHY-1002 : len = 2992, over cnt = 13(0%), over = 22, worst = 4
PHY-1002 : len = 3168, over cnt = 8(0%), over = 8, worst = 1
PHY-1002 : len = 3296, over cnt = 0(0%), over = 0, worst = 0
PHY-1001 : End global iterations;  0.026813s wall, 0.015625s user + 0.015625s system = 0.031250s CPU (116.5%)

PHY-1001 : Congestion index: top1 = 9.86, top5 = 2.49, top10 = 1.24, top15 = 0.83.
PHY-1001 : End global routing;  0.070411s wall, 0.031250s user + 0.015625s system = 0.046875s CPU (66.6%)

PHY-1001 : Start detail routing ...
PHY-1001 : Current memory(MB): used = 145, reserve = 116, peak = 153.
PHY-1001 : Detailed router is running in normal mode.
PHY-1001 : Generate detailed routing grids ...
PHY-1001 : Processed IO instance DigitronCS_Out[3]_syn_2 with INV attribute.
PHY-1001 : Processed IO instance DigitronCS_Out[2]_syn_2 with INV attribute.
PHY-1001 : Processed IO instance DigitronCS_Out[1]_syn_2 with INV attribute.
PHY-1001 : Processed IO instance DigitronCS_Out[0]_syn_2 with INV attribute.
PHY-1001 : Processed IO instance Digitron_Out[6]_syn_2 with INV attribute.
PHY-1001 : Processed IO instance Digitron_Out[5]_syn_1 with INV attribute.
PHY-1001 : Processed IO instance Digitron_Out[4]_syn_1 with INV attribute.
PHY-1001 : Processed IO instance Digitron_Out[3]_syn_1 with INV attribute.
PHY-1001 : Processed IO instance Digitron_Out[2]_syn_2 with INV attribute.
PHY-1001 : Processed IO instance Digitron_Out[1]_syn_1 with INV attribute.
PHY-1001 : Processed IO instance Digitron_Out[0]_syn_2 with INV attribute.
PHY-1001 : Generate nets ...
PHY-1001 : net CLK_dup_1 will be routed on clock mesh
PHY-1001 : clock net U4/W_DigitronCS_Out_n_syn_4 will be merged with clock U4/W_DigitronCS_Out_n
PHY-1001 : Current memory(MB): used = 415, reserve = 390, peak = 415.
PHY-1001 : End build detailed router design. 3.858640s wall, 3.468750s user + 0.031250s system = 3.500000s CPU (90.7%)

PHY-1001 : Detail Route ...
PHY-1001 : ===== Detail Route Phase 1 =====
PHY-1001 : Clock net routing.....
PHY-1001 : Routed 0% nets.
PHY-1022 : len = 6368, over cnt = 0(0%), over = 0, worst = 0, crit = 0
PHY-1001 : End initial clock net routed; 0.333873s wall, 0.265625s user + 0.000000s system = 0.265625s CPU (79.6%)

PHY-1001 : Current memory(MB): used = 444, reserve = 420, peak = 444.
PHY-1001 : End phase 1; 0.340049s wall, 0.281250s user + 0.000000s system = 0.281250s CPU (82.7%)

PHY-1001 : ===== Detail Route Phase 2 =====
PHY-1001 : Initial routing.....
PHY-1001 : Routed 26% nets.
PHY-1001 : Routed 33% nets.
PHY-1001 : Routed 44% nets.
PHY-1001 : Routed 56% nets.
PHY-1001 : Routed 76% nets.
PHY-1022 : len = 12072, over cnt = 2(0%), over = 2, worst = 1, crit = 0
PHY-1001 : Current memory(MB): used = 444, reserve = 420, peak = 444.
PHY-1001 : End initial routed; 0.052648s wall, 0.015625s user + 0.000000s system = 0.015625s CPU (29.7%)

PHY-1001 : Current memory(MB): used = 444, reserve = 420, peak = 444.
PHY-1001 : End phase 2; 0.052707s wall, 0.015625s user + 0.000000s system = 0.015625s CPU (29.6%)

PHY-1001 : ===== Detail Route Phase 3 =====
PHY-1001 : Ripup-reroute.....
PHY-1001 : ===== DR Iter 1 =====
PHY-1022 : len = 12088, over cnt = 0(0%), over = 0, worst = 0, crit = 0
PHY-1001 : End DR Iter 1; 0.010938s wall, 0.000000s user + 0.000000s system = 0.000000s CPU (n/a%)

PHY-1001 : Commit to database.....
PHY-1001 : 0 feed throughs used by 0 nets
PHY-1001 : End commit to database; 0.029676s wall, 0.031250s user + 0.000000s system = 0.031250s CPU (105.3%)

PHY-1001 : Current memory(MB): used = 453, reserve = 429, peak = 453.
PHY-1001 : End phase 3; 0.157979s wall, 0.109375s user + 0.000000s system = 0.109375s CPU (69.2%)

PHY-1003 : Routed, final wirelength = 12088
PHY-1001 : Current memory(MB): used = 453, reserve = 429, peak = 453.
PHY-1001 : End export database. 0.004849s wall, 0.000000s user + 0.000000s system = 0.000000s CPU (n/a%)

PHY-1001 : End detail routing;  4.620640s wall, 4.062500s user + 0.031250s system = 4.093750s CPU (88.6%)

RUN-1003 : finish command "route" in  4.935098s wall, 4.312500s user + 0.062500s system = 4.375000s CPU (88.7%)

RUN-1004 : used memory is 410 MB, reserved memory is 385 MB, peak memory is 453 MB
RUN-1002 : start command "report_area -io_info -file responder_phy.area"
RUN-1001 : standard
***Report Model: responder Device: EG4S20BG256***

IO Statistics
#IO                        29
  #input                    7
  #output                  22
  #inout                    0

Utilization Statistics
#lut                       99   out of  19600    0.51%
#reg                       76   out of  19600    0.39%
#le                       120
  #lut only                44   out of    120   36.67%
  #reg only                21   out of    120   17.50%
  #lut&reg                 55   out of    120   45.83%
#dsp                        0   out of     29    0.00%
#bram                       0   out of     64    0.00%
  #bram9k                   0
  #fifo9k                   0
#bram32k                    0   out of     16    0.00%
#pad                       29   out of    188   15.43%
  #ireg                     0
  #oreg                    12
  #treg                     0
#pll                        0   out of      4    0.00%
#gclk                       1   out of     16    6.25%

Clock Resource Statistics
Index     ClockNet                 Type               DriverType         Driver                Fanout
#1        CLK_dup_1                GCLK               io                 CLK_syn_2.di          43
#2        U4/W_DigitronCS_Out_n    GCLK               lslice             U4/sel2_syn_118.f0    8


Detailed IO Report

        Name           Direction    Location    IOStandard    DriveStrength    PullType    PackReg  
         CLK             INPUT         R7        LVCMOS33          N/A          PULLUP      NONE    
      Key_In[3]          INPUT        F10        LVCMOS33          N/A          PULLUP      NONE    
      Key_In[2]          INPUT        C11        LVCMOS33          N/A          PULLUP      NONE    
      Key_In[1]          INPUT        D11        LVCMOS33          N/A          PULLUP      NONE    
      Key_In[0]          INPUT        E11        LVCMOS33          N/A          PULLUP      NONE    
        RSTn             INPUT         A9        LVCMOS33          N/A          PULLUP      NONE    
        Start            INPUT        A10        LVCMOS33          N/A          PULLUP      NONE    
     Buzzer_Out         OUTPUT        H11        LVCMOS33           8            NONE       OREG    
  DigitronCS_Out[3]     OUTPUT         A3        LVCMOS33           8            NONE       OREG    
  DigitronCS_Out[2]     OUTPUT         A5        LVCMOS33           8            NONE       OREG    
  DigitronCS_Out[1]     OUTPUT         B6        LVCMOS33           8            NONE       OREG    
  DigitronCS_Out[0]     OUTPUT         C9        LVCMOS33           8            NONE       OREG    
   Digitron_Out[7]      OUTPUT         C8        LVCMOS33           8            NONE       NONE    
   Digitron_Out[6]      OUTPUT         A8        LVCMOS33           8            NONE       OREG    
   Digitron_Out[5]      OUTPUT         B5        LVCMOS33           8            NONE       OREG    
   Digitron_Out[4]      OUTPUT         A7        LVCMOS33           8            NONE       OREG    
   Digitron_Out[3]      OUTPUT         E8        LVCMOS33           8            NONE       OREG    
   Digitron_Out[2]      OUTPUT         B8        LVCMOS33           8            NONE       OREG    
   Digitron_Out[1]      OUTPUT         A6        LVCMOS33           8            NONE       OREG    
   Digitron_Out[0]      OUTPUT         A4        LVCMOS33           8            NONE       OREG    
     Key_Row[3]         OUTPUT        E10        LVCMOS33           8            NONE       NONE    
     Key_Row[2]         OUTPUT        C10        LVCMOS33           8            NONE       NONE    
     Key_Row[1]         OUTPUT         F9        LVCMOS33           8            NONE       NONE    
     Key_Row[0]         OUTPUT         D9        LVCMOS33           8            NONE       NONE    
     LED_Out[3]         OUTPUT        C15        LVCMOS33           8            NONE       NONE    
     LED_Out[2]         OUTPUT        B16        LVCMOS33           8            NONE       NONE    
     LED_Out[1]         OUTPUT        B15        LVCMOS33           8            NONE       NONE    
     LED_Out[0]         OUTPUT        B14        LVCMOS33           8            NONE       NONE    
  LED_OverTime_Out      OUTPUT        F16        LVCMOS33           8            NONE       NONE    

Report Hierarchy Area:
+-----------------------------------------------------------------------------------+
|Instance |Module              |le     |lut     |ripple  |seq     |bram    |dsp     |
+-----------------------------------------------------------------------------------+
|top      |responder           |120    |77      |22      |88      |0       |0       |
|  U1     |Sel_module          |38     |24      |7       |26      |0       |0       |
|  U3     |Buzzer_module       |40     |20      |6       |27      |0       |0       |
|  U4     |Digitron_NumDisplay |42     |33      |9       |23      |0       |0       |
+-----------------------------------------------------------------------------------+


DataNet Average Fanout:

   Index     Fanout    Nets  
    #1         1        99   
    #2         2        72   
    #3         3        6    
    #4         4        1    
    #5        5-10      5    
    #6       11-50      2    
  Average     1.84           

RUN-1002 : start command "export_db responder_pr.db"
RUN-1001 : Exported /
RUN-1001 : Exported flow parameters
RUN-1001 : Exported libs
RUN-1001 : Exported entities
RUN-1001 : Exported ports
RUN-1001 : Exported pins
RUN-1001 : Exported instances
RUN-1001 : Exported nets
RUN-1001 : Exported buses
RUN-1001 : Exported models
RUN-1001 : Exported congestions
RUN-1001 : Exported violations
RUN-1001 : Exported IO constraints
RUN-1001 : Exported Inst constraints
RUN-1002 : start command "export_bid responder_inst.bid"
RUN-1002 : start command "bitgen -bit responder.bit -unused_io_status pulldown"
BIT-1003 : Start to generate bitstream. 
BIT-1002 : Bitgen processed 159 unused pads, reserve input tri_state with pulldown
BIT-1002 : Init instances with 8 threads.
BIT-1002 : Init instances completely, inst num: 255
BIT-1002 : Init pips with 8 threads.
BIT-1002 : Init pips completely, net num: 220, pip num: 1141
BIT-1003 : Multithreading accelaration with 8 threads.
BIT-1003 : Generate bitstream completely, there are 442 valid insts, and 3940 bits set as '1'.
BIT-1004 : PLL setting string = 0000
BIT-1004 : Generate bits file responder.bit.
RUN-1003 : finish command "bitgen -bit responder.bit -unused_io_status pulldown" in  1.080460s wall, 2.187500s user + 0.031250s system = 2.218750s CPU (205.4%)

RUN-1004 : used memory is 420 MB, reserved memory is 395 MB, peak memory is 572 MB
RUN-1002 : start command "backup_run_log run.log ../.logs/phy_1/td_20240723_203150.log"
