============================================================
   Tang Dynasty, V5.6.71036
      Copyright (c) 2012-2023 Anlogic Inc.
   Executable = C:/Anlogic/TD5.6.2/bin/td.exe
   Built at =   20:34:38 Mar 21 2023
   Run by =     Timmy
   Run Date =   Sat Jul 27 16:59:50 2024

   Run on =     DESKTOP-A28VB3Q
============================================================
RUN-1002 : start command "open_project responder.prj"
RUN-1001 : Print Global Property
RUN-1001 : ---------------------------------------------------------------
RUN-1001 :        Parameters        |  Settings  |  Default Values  |  Note  
RUN-1001 : ---------------------------------------------------------------
RUN-1001 :          message         |  standard  |     standard     |        
RUN-1001 :   mixed_pack_place_flow  |     on     |        on        |        
RUN-1001 :        qor_monitor       |    off     |       off        |        
RUN-1001 :        syn_ip_flow       |    off     |       off        |        
RUN-1001 :          thread          |    auto    |       auto       |        
RUN-1001 : ---------------------------------------------------------------
RUN-1001 : Print Design Property
RUN-1001 : --------------------------------------------------------------
RUN-1001 :        Parameters       |  Settings  |  Default Values  |  Note  
RUN-1001 : --------------------------------------------------------------
RUN-1001 :   default_reg_initial   |    auto    |       auto       |        
RUN-1001 :        infer_add        |     on     |        on        |        
RUN-1001 :        infer_fsm        |    off     |       off        |        
RUN-1001 :        infer_mult       |     on     |        on        |        
RUN-1001 :        infer_ram        |     on     |        on        |        
RUN-1001 :        infer_reg        |     on     |        on        |        
RUN-1001 :   infer_reg_init_value  |     on     |        on        |        
RUN-1001 :        infer_rom        |     on     |        on        |        
RUN-1001 :      infer_shifter      |     on     |        on        |        
RUN-1001 : --------------------------------------------------------------
RUN-1001 : Print Rtl Property
RUN-1001 : --------------------------------------------------------------
RUN-1001 :        Parameters       |  Settings  |  Default Values  |  Note  
RUN-1001 : --------------------------------------------------------------
RUN-1001 :       compress_add      |   ripple   |      ripple      |        
RUN-1001 :        elf_sload        |    off     |       off        |        
RUN-1001 :       fix_undriven      |     0      |        0         |        
RUN-1001 :         flatten         |    off     |       off        |        
RUN-1001 :       gate_sharing      |     on     |        on        |        
RUN-1001 :    hdl_warning_level    |   normal   |      normal      |        
RUN-1001 :   impl_internal_tribuf  |     on     |        on        |        
RUN-1001 :      impl_set_reset     |     on     |        on        |        
RUN-1001 :        infer_gsr        |    off     |       off        |        
RUN-1001 :      keep_hierarchy     |    auto    |       auto       |        
RUN-1001 :        max_fanout       |    9999    |       9999       |        
RUN-1001 :      max_oh2bin_len     |     10     |        10        |        
RUN-1001 :       merge_equal       |     on     |        on        |        
RUN-1001 :       merge_equiv       |     on     |        on        |        
RUN-1001 :        merge_mux        |    off     |       off        |        
RUN-1001 :     min_control_set     |     8      |        8         |        
RUN-1001 :      min_ripple_len     |    auto    |       auto       |        
RUN-1001 :       oh2bin_ratio      |    0.08    |       0.08       |        
RUN-1001 :     opt_adder_fanout    |     on     |        on        |        
RUN-1001 :        opt_arith        |     on     |        on        |        
RUN-1001 :       opt_big_gate      |    off     |       off        |        
RUN-1001 :        opt_const        |     on     |        on        |        
RUN-1001 :      opt_const_mult     |     on     |        on        |        
RUN-1001 :       opt_lessthan      |     on     |        on        |        
RUN-1001 :         opt_mux         |    off     |       off        |        
RUN-1001 :         opt_ram         |    high    |       high       |        
RUN-1001 :      rtl_sim_model      |    off     |       off        |        
RUN-1001 :         seq_syn         |     on     |        on        |        
RUN-1001 : --------------------------------------------------------------
HDL-1007 : analyze verilog file ../../responder.v
HDL-1007 : analyze verilog file ../../Sel_module.v
HDL-1007 : analyze verilog file ../../Timer_module.v
HDL-1007 : analyze verilog file ../../Buzzer_module.v
HDL-1007 : analyze verilog file ../../Digitron_NumDisplay.v
HDL-1007 : analyze verilog file ../../key_filter.v
HDL-1007 : analyze verilog file ../../../../1 run_led/run_led/led8_module.v
HDL-1007 : analyze verilog file ../../countdown_module.v
RUN-1001 : Project manager successfully analyzed 8 source files.
RUN-1002 : start command "import_device eagle_s20.db -package EG4S20BG256"
ARC-1001 : Device Initialization.
ARC-1001 : ------------------------------------------------------------------
ARC-1001 :            OPTION            |          IO          |   SETTING   
ARC-1001 : ------------------------------------------------------------------
ARC-1001 :   cso_b/cclk/mosi/miso/dout  |  T3/R11/T10/P10/S11  |    gpio    
ARC-1001 :             done             |         P13          |    gpio    
ARC-1001 :           program_b          |          T2          |  dedicate  
ARC-1001 :        tdi/tms/tck/tdo       |   C12/A15/C14/E14    |  dedicate  
ARC-1001 : ------------------------------------------------------------------
ARC-1004 : Device setting, marked 5 dedicate IOs in total.
RUN-1002 : start command "import_db ../syn_1/responder_gate.db"
RUN-1001 : Importing database generated by Tang Dynasty, V5.6.71036.
RUN-1001 : Database version number 46146.
RUN-1001 : Import flow parameters
RUN-1001 : Import IO constraints
RUN-1001 : Import Inst constraints
RUN-1001 : Import design success TD_VERSION=5.6.71036 , DB_VERSION=46146
RUN-1002 : start command "place"
RUN-1001 : Open license file C:/Anlogic/TD5.6.2/license/Anlogic.lic
RUN-1001 : Print Global Property
RUN-1001 : ---------------------------------------------------------------
RUN-1001 :        Parameters        |  Settings  |  Default Values  |  Note  
RUN-1001 : ---------------------------------------------------------------
RUN-1001 :          message         |  standard  |     standard     |        
RUN-1001 :   mixed_pack_place_flow  |     on     |        on        |        
RUN-1001 :        qor_monitor       |    off     |       off        |        
RUN-1001 :        syn_ip_flow       |    off     |       off        |        
RUN-1001 :          thread          |    auto    |       auto       |        
RUN-1001 : ---------------------------------------------------------------
RUN-1001 : Print Place Property
RUN-1001 : --------------------------------------------------------------
RUN-1001 :        Parameters       |  Settings  |  Default Values  |  Note  
RUN-1001 : --------------------------------------------------------------
RUN-1001 :      detailed_place     |     on     |        on        |        
RUN-1001 :          effort         |   medium   |      medium      |        
RUN-1001 :         fix_hold        |    off     |       off        |        
RUN-1001 :       legalization      |    ori     |       ori        |        
RUN-1001 :      new_spreading      |     on     |        on        |        
RUN-1001 :        opt_timing       |   medium   |      medium      |        
RUN-1001 :   post_clock_route_opt  |    off     |       off        |        
RUN-1001 :       pr_strategy       |     1      |        1         |        
RUN-1001 :        relaxation       |    1.00    |       1.00       |        
RUN-1001 :         retiming        |    off     |       off        |        
RUN-1001 : --------------------------------------------------------------
PHY-3001 : Placer runs in 8 thread(s).
RUN-1002 : start command "legalize_phy_inst"
SYN-1011 : Flatten model responder
SYN-5055 WARNING: The kept net U5/cnt[19] will be merged to another kept net U5/cnt_b[19]
SYN-5055 WARNING: The kept net U5/cnt[18] will be merged to another kept net U5/cnt_b[18]
SYN-5055 WARNING: The kept net U5/cnt[17] will be merged to another kept net U5/cnt_b[17]
SYN-5055 WARNING: The kept net U5/cnt[16] will be merged to another kept net U5/cnt_b[16]
SYN-5055 WARNING: The kept net U5/cnt[15] will be merged to another kept net U5/cnt_b1[15]
SYN-5055 WARNING: The kept net U5/cnt[14] will be merged to another kept net U5/cnt_b[14]
SYN-5055 WARNING: The kept net U5/cnt[13] will be merged to another kept net U5/cnt_b1[13]
SYN-5055 WARNING: The kept net U5/cnt[12] will be merged to another kept net U5/cnt_b1[12]
SYN-5055 WARNING: The kept net U5/cnt[11] will be merged to another kept net U5/cnt_b1[11]
SYN-5055 WARNING: The kept net U5/cnt[10] will be merged to another kept net U5/cnt_b1[10]
SYN-5055 Similar messages will be suppressed.
RUN-1002 : start command "phys_opt -simplify_lut"
SYN-4024 : Net "CLK_dup_1" drives clk pins.
SYN-4024 : Net "U2/CLK1" drives clk pins.
SYN-4024 : Net "U4/W_DigitronCS_Out_n" drives clk pins.
SYN-4024 : Net "U4/SingleNum_b_n4" drives clk pins.
SYN-4025 : Tag rtl::Net CLK_dup_1 as clock net
SYN-4025 : Tag rtl::Net U2/CLK1 as clock net
SYN-4025 : Tag rtl::Net U4/SingleNum_b_n4 as clock net
SYN-4025 : Tag rtl::Net U4/W_DigitronCS_Out_n as clock net
SYN-4026 : Tagged 4 rtl::Net as clock net
SYN-4015 : Create BUFG instance for clk Net U2/CLK1 to drive 11 clock pins.
SYN-4015 : Create BUFG instance for clk Net U4/W_DigitronCS_Out_n to drive 8 clock pins.
SYN-4015 : Create BUFG instance for clk Net U4/SingleNum_b_n4 to drive 4 clock pins.
PHY-1001 : Populate physical database on model responder.
RUN-1001 : There are total 406 instances
RUN-0007 : 179 luts, 136 seqs, 32 mslices, 20 lslices, 33 pads, 0 brams, 0 dsps
RUN-1001 : There are total 538 nets
RUN-1001 : 306 nets have 2 pins
RUN-1001 : 193 nets have [3 - 5] pins
RUN-1001 : 28 nets have [6 - 10] pins
RUN-1001 : 5 nets have [11 - 20] pins
RUN-1001 : 4 nets have [21 - 99] pins
RUN-1001 : 2 nets have 100+ pins
RUN-1001 : Report Control nets information:
RUN-1001 : DFF Distribution
RUN-1001 : ----------------------------------
RUN-1001 :   CE   |  SSR  |  ASR  |  DFF Count  
RUN-1001 : ----------------------------------
RUN-1001 :   No   |  No   |  No   |     28      
RUN-1001 :   No   |  No   |  Yes  |     52      
RUN-1001 :   No   |  Yes  |  No   |     23      
RUN-1001 :   Yes  |  No   |  No   |      0      
RUN-1001 :   Yes  |  No   |  Yes  |     33      
RUN-1001 :   Yes  |  Yes  |  No   |      0      
RUN-1001 : ----------------------------------
RUN-0007 : Control Group Statistic
RUN-0007 : ---------------------------
RUN-0007 :   #CLK  |  #CE  |  #SSR/ASR  
RUN-0007 : ---------------------------
RUN-0007 :    7    |   3   |     5      
RUN-0007 : ---------------------------
RUN-0007 : Control Set = 12
PHY-3001 : Initial placement ...
PHY-3001 : design contains 404 instances, 179 luts, 136 seqs, 52 slices, 6 macros(52 instances: 32 mslices 20 lslices)
PHY-0007 : Cell area utilization is 1%
PHY-3001 : Global placement ...
PHY-3001 : Initial: Len = 120687
PHY-3001 : Clustering ...
PHY-3001 : Level 0 #clusters 404.
PHY-3001 : End clustering;  0.000013s wall, 0.000000s user + 0.000000s system = 0.000000s CPU (n/a%)

PHY-3001 : Run with size of 4
PHY-3001 : Cell area utilization is 1%
PHY-3001 : :::0::: Try harder cell spreading with beta_ = 0
PHY-3002 : Step(1): len = 75261.1, overlap = 0
PHY-3002 : Step(2): len = 49882.8, overlap = 0
PHY-3002 : Step(3): len = 36400.2, overlap = 0
PHY-3002 : Step(4): len = 28536.5, overlap = 0
PHY-3002 : Step(5): len = 24606.4, overlap = 0
PHY-3002 : Step(6): len = 22856.1, overlap = 0
PHY-3002 : Step(7): len = 22193, overlap = 0
PHY-3002 : Step(8): len = 20399.9, overlap = 0
PHY-3002 : Step(9): len = 19892.6, overlap = 0
PHY-3002 : Step(10): len = 19613.8, overlap = 0
PHY-3002 : Step(11): len = 17079.4, overlap = 0
PHY-3002 : Step(12): len = 16851.8, overlap = 0
PHY-3002 : Step(13): len = 16637.3, overlap = 0
PHY-3002 : Step(14): len = 15324, overlap = 0
PHY-3002 : Step(15): len = 15479.4, overlap = 0
PHY-3002 : Step(16): len = 15188.2, overlap = 0
PHY-3002 : Step(17): len = 15179.5, overlap = 0
PHY-3002 : Step(18): len = 15416.3, overlap = 0
PHY-3002 : Step(19): len = 14330.1, overlap = 0
PHY-3002 : Step(20): len = 14007.4, overlap = 0
PHY-3002 : Step(21): len = 14324.7, overlap = 0
PHY-3002 : Step(22): len = 13194.1, overlap = 0
PHY-3002 : Step(23): len = 12869.6, overlap = 0
PHY-3002 : Step(24): len = 12072.3, overlap = 0
PHY-3002 : Step(25): len = 11055.8, overlap = 0
PHY-3002 : Step(26): len = 10848.8, overlap = 0
PHY-3002 : Step(27): len = 10805.7, overlap = 0
PHY-3002 : Step(28): len = 10489.7, overlap = 0
PHY-3002 : Step(29): len = 10040.8, overlap = 0
PHY-3002 : Step(30): len = 9919.8, overlap = 0
PHY-3002 : Step(31): len = 9604, overlap = 0
PHY-3002 : Step(32): len = 9300.5, overlap = 0
PHY-3002 : Step(33): len = 9402.4, overlap = 0
PHY-3002 : Step(34): len = 8869.8, overlap = 0
PHY-3002 : Step(35): len = 8502.4, overlap = 0
PHY-3002 : Step(36): len = 8472.4, overlap = 0
PHY-3002 : Step(37): len = 8416.9, overlap = 0
PHY-3002 : Step(38): len = 8416.9, overlap = 0
PHY-3002 : Step(39): len = 8054.9, overlap = 0
PHY-3002 : Step(40): len = 8100.1, overlap = 0
PHY-3002 : Step(41): len = 8100.1, overlap = 0
PHY-3001 : Legalization ...
PHY-3001 : End legalization;  0.006493s wall, 0.000000s user + 0.000000s system = 0.000000s CPU (n/a%)

PHY-3001 : Run with size of 4
PHY-3001 : Cell area utilization is 1%
PHY-3001 : :::0::: Try harder cell spreading with beta_ = 0
PHY-3002 : Step(42): len = 7927.3, overlap = 0
PHY-3002 : Step(43): len = 7927.3, overlap = 0
PHY-3002 : Step(44): len = 7919.8, overlap = 0
PHY-3002 : Step(45): len = 7919.8, overlap = 0
PHY-3002 : Step(46): len = 7900.4, overlap = 0
PHY-3002 : Step(47): len = 7900.4, overlap = 0
PHY-3002 : Step(48): len = 7929.5, overlap = 0
PHY-3002 : Step(49): len = 7929.5, overlap = 0
PHY-3002 : Step(50): len = 7868.7, overlap = 0
PHY-3002 : Step(51): len = 7910.3, overlap = 0
PHY-3002 : Step(52): len = 7948.3, overlap = 0
PHY-3001 : Run with size of 2
PHY-3001 : Cell area utilization is 1%
PHY-3001 : :::0::: Try harder cell spreading with beta_ = 0
PHY-3002 : Step(53): len = 7887.1, overlap = 3.71875
PHY-3002 : Step(54): len = 7937.9, overlap = 3.90625
PHY-3002 : Step(55): len = 7937.9, overlap = 3.90625
OPT-1001 : Start physical optimization ...
OPT-1001 : Total overflow 23.62 peak overflow 2.56
OPT-1001 : Start high-fanout net optimization ...
OPT-1001 : Update timing in global mode
PHY-1001 : Start incremental global routing, caller is place ...
RUN-1001 : Generating global routing grids ...
RUN-1001 : Building simple global routing graph ...
PHY-1001 : Generate routing nets ...
PHY-1001 : Reuse net number 0/538.
PHY-1001 : Global iterations in 8 thread ...
PHY-1002 : len = 8400, over cnt = 13(0%), over = 34, worst = 6
PHY-1001 : End global iterations;  0.023040s wall, 0.000000s user + 0.000000s system = 0.000000s CPU (n/a%)

PHY-1001 : Congestion index: top1 = 10.22, top5 = 4.45, top10 = 2.54, top15 = 1.70.
PHY-1001 : End incremental global routing;  0.077255s wall, 0.015625s user + 0.015625s system = 0.031250s CPU (40.5%)

RUN-1002 : start command "start_timer -report"
TMR-5001 WARNING: No sdc constraints found while initiating timer.
TMR-2505 : Start building timing graph for model responder.
TMR-2506 : Build timing graph completely. Port num: 11, tpin num: 1817, tnet num: 536, tinst num: 404, tnode num: 2330, tedge num: 2920.
TMR-2509 : Cut connection from U5/reg1_syn_14.a to U5/reg1_syn_14.o.
TMR-2509 : Cut connection from U5/reg1_syn_17.a to U5/reg1_syn_17.o.
TMR-2509 : Cut connection from U5/reg1_syn_16.a to U5/reg1_syn_16.o.
TMR-2509 : Cut connection from U5/reg1_syn_15.a to U5/reg1_syn_15.o.
TMR-2509 : Cut connection from Key_In[1]_syn_4.ce to Key_In[1]_syn_4.Q_ce_D.
TMR-2509 : Cut connection from Key_In[3]_syn_4.ce to Key_In[3]_syn_4.Q_ce_D.
TMR-2509 : Cut connection from Key_In[0]_syn_4.ce to Key_In[0]_syn_4.Q_ce_D.
TMR-2509 : Cut connection from Key_In[2]_syn_4.ce to Key_In[2]_syn_4.Q_ce_D.
TMR-2509 : Cut connection from U5/add0_syn_190.fci to U5/add0_syn_190.fco.
TMR-2509 : Cut connection from U5/add0_syn_190.a[1] to U5/add0_syn_190.fco.
TMR-2509 : Cut connection from U5/add0_syn_190.a[0] to U5/add0_syn_190.fco.
TMR-2509 : Cut connection from U5/add0_syn_193.a[0] to U5/add0_syn_193.f[0].
TMR-2509 : Cut connection from U5/cnt_b[17]_syn_1.a to U5/cnt_b[17]_syn_1.o.
TMR-2509 : Cut connection from U5/add0_syn_193.a[1] to U5/add0_syn_193.f[1].
TMR-2509 : Cut connection from U5/cnt_b[18]_syn_1.a to U5/cnt_b[18]_syn_1.o.
TMR-2509 : Cut connection from U5/add0_syn_195.a[0] to U5/add0_syn_195.f[0].
TMR-2509 : Cut connection from U5/cnt_b[19]_syn_1.a to U5/cnt_b[19]_syn_1.o.
TMR-2509 : Cut connection from U5/cnt_b[16]_syn_3.d to U5/cnt_b[16]_syn_3.o.
TMR-2509 : Cut connection from U5/cnt_b[16]_syn_11.b to U5/cnt_b[16]_syn_11.o.
TMR-2509 : Cut connection from U5/cnt_b[16]_syn_11.d to U5/cnt_b[16]_syn_11.o.
TMR-2509 : Cut connection from U5/cnt_b[16]_syn_11.a to U5/cnt_b[16]_syn_11.o.
TMR-2509 : Cut connection from U5/cnt_b[16]_syn_12.b to U5/cnt_b[16]_syn_12.o.
TMR-2509 : Cut connection from U5/add0_syn_190.fci to U5/add0_syn_190.f[1].
TMR-2509 : Cut connection from U5/add0_syn_190.a[0] to U5/add0_syn_190.f[1].
TMR-2509 : Cut connection from U5/cnt_b[14]_syn_1.b to U5/cnt_b[14]_syn_1.o.
TMR-2509 : Cut connection from U5/add0_syn_187.fci to U5/add0_syn_187.f[1].
TMR-2509 : Cut connection from U5/add0_syn_187.a[0] to U5/add0_syn_187.f[1].
TMR-2509 : Cut connection from U5/add0_syn_187.fci to U5/add0_syn_187.fco.
TMR-2509 : Cut connection from U5/add0_syn_187.a[0] to U5/add0_syn_187.fco.
TMR-2509 : Cut connection from U5/add0_syn_190.a[0] to U5/add0_syn_190.f[0].
TMR-2509 : Cut connection from U5/cnt_b[16]_syn_1.c to U5/cnt_b[16]_syn_1.o.
TMR-2509 : Cut connection from U5/cnt_b[16]_syn_1.d to U5/cnt_b[16]_syn_1.o.
TMR-2509 : Cut connection from U5/cnt_b[6]_syn_1.b to U5/cnt_b[6]_syn_1.o.
TMR-2509 : Cut connection from U5/add0_syn_175.fci to U5/add0_syn_175.f[1].
TMR-2509 : Cut connection from U5/add0_syn_175.a[0] to U5/add0_syn_175.f[1].
TMR-2509 : Cut connection from U5/add0_syn_175.fci to U5/add0_syn_175.fco.
TMR-2509 : Cut connection from U5/add0_syn_175.a[0] to U5/add0_syn_175.fco.
TMR-2509 : Cut connection from U5/add0_syn_178.a[0] to U5/add0_syn_178.f[0].
TMR-2509 : Cut connection from U5/add0_syn_178.a[1] to U5/add0_syn_178.f[1].
TMR-2509 : Cut connection from U5/add0_syn_181.a[0] to U5/add0_syn_181.f[0].
TMR-2509 : Cut connection from U5/add0_syn_181.a[1] to U5/add0_syn_181.f[1].
TMR-2509 : Cut connection from U5/add0_syn_184.a[0] to U5/add0_syn_184.f[0].
TMR-2509 : Cut connection from U5/cnt_b[16]_syn_9.d to U5/cnt_b[16]_syn_9.o.
TMR-2509 : Cut connection from U5/cnt_b[16]_syn_9.e to U5/cnt_b[16]_syn_9.o.
TMR-2509 : Cut connection from U5/add0_syn_184.a[1] to U5/add0_syn_184.f[1].
TMR-2509 : Cut connection from U5/add0_syn_187.a[0] to U5/add0_syn_187.f[0].
TMR-2509 : Cut connection from U5/cnt_b[0]_syn_1.b to U5/cnt_b[0]_syn_1.o.
TMR-2509 : Cut connection from U5/add0_syn_169.a[0] to U5/add0_syn_169.f[0].
TMR-2509 : Cut connection from U5/add0_syn_169.a[1] to U5/add0_syn_169.f[1].
TMR-2509 : Cut connection from U5/add0_syn_172.a[0] to U5/add0_syn_172.f[0].
TMR-2509 : Cut connection from U5/add0_syn_172.a[1] to U5/add0_syn_172.f[1].
TMR-2509 : Cut connection from U5/add0_syn_175.a[0] to U5/add0_syn_175.f[0].
TMR-2507 : Eliminate loop in the timing graph, delete 52 tedges.
TMR-2508 : Levelizing timing graph completed, there are 45 levels in total.
TMR-2501 : Timing graph initialized successfully.
OPT-1001 : End timing update;  0.241126s wall, 0.109375s user + 0.000000s system = 0.109375s CPU (45.4%)

OPT-1001 : 0 high-fanout net processed.
OPT-1001 : End high-fanout net optimization;  0.324068s wall, 0.140625s user + 0.015625s system = 0.156250s CPU (48.2%)

OPT-1001 : Current memory(MB): used = 137, reserve = 108, peak = 137.
OPT-1001 : End physical optimization;  0.330235s wall, 0.171875s user + 0.015625s system = 0.187500s CPU (56.8%)

PHY-3001 : Start packing ...
SYN-4007 : Packing 0 MUX to BLE ...
SYN-4008 : Packed 0 MUX and 0 SEQ to BLE.
SYN-4007 : Packing 179 LUT to BLE ...
SYN-4008 : Packed 179 LUT and 79 SEQ to BLE.
SYN-4003 : Packing 57 remaining SEQ's ...
SYN-4005 : Packed 37 SEQ with LUT/SLICE
SYN-4006 : 69 single LUT's are left
SYN-4006 : 20 single SEQ's are left
SYN-4011 : Packing model "responder" (AL_USER_NORMAL) with 199/330 primitive instances ...
PHY-3001 : End packing;  0.012819s wall, 0.015625s user + 0.000000s system = 0.015625s CPU (121.9%)

PHY-1001 : Populate physical database on model responder.
RUN-1001 : There are total 204 instances
RUN-1001 : 83 mslices, 82 lslices, 33 pads, 0 brams, 0 dsps
RUN-1001 : There are total 468 nets
RUN-1001 : 244 nets have 2 pins
RUN-1001 : 185 nets have [3 - 5] pins
RUN-1001 : 29 nets have [6 - 10] pins
RUN-1001 : 6 nets have [11 - 20] pins
RUN-1001 : 2 nets have [21 - 99] pins
RUN-1001 : 2 nets have 100+ pins
PHY-3001 : design contains 202 instances, 165 slices, 6 macros(52 instances: 32 mslices 20 lslices)
PHY-3001 : Cell area utilization is 2%
PHY-3001 : After packing: Len = 8312.6, Over = 6
PHY-3001 : Run with size of 2
PHY-3001 : Cell area utilization is 2%
PHY-3001 : :::0::: Try harder cell spreading with beta_ = 0
PHY-3002 : Step(56): len = 7980.3, overlap = 7.25
PHY-3002 : Step(57): len = 7991.5, overlap = 7.25
PHY-3002 : Step(58): len = 7965, overlap = 7.25
PHY-3002 : Step(59): len = 7835.4, overlap = 7.25
PHY-3002 : Step(60): len = 7876.8, overlap = 7.5
PHY-3002 : Step(61): len = 7952.7, overlap = 7.25
PHY-3002 : Step(62): len = 7967.3, overlap = 7.5
PHY-3002 : Step(63): len = 7884, overlap = 7.25
PHY-3002 : Step(64): len = 7867.5, overlap = 7.25
PHY-3002 : Step(65): len = 7975.2, overlap = 8
PHY-3002 : Step(66): len = 8071.5, overlap = 7.5
PHY-3002 : Step(67): len = 7691, overlap = 8.5
PHY-3002 : Step(68): len = 7722.7, overlap = 7
PHY-3002 : Step(69): len = 7468.4, overlap = 5
PHY-3002 : Step(70): len = 7291.7, overlap = 4.75
PHY-3002 : Step(71): len = 6982.8, overlap = 5.75
PHY-3002 : Step(72): len = 6852.6, overlap = 5.75
PHY-3002 : Step(73): len = 6591.2, overlap = 6
PHY-3002 : Step(74): len = 6660.3, overlap = 6.75
PHY-3002 : Step(75): len = 6699.8, overlap = 6.5
PHY-3001 : :::1::: Try harder cell spreading with beta_ = 0.000532181
PHY-3002 : Step(76): len = 6571.4, overlap = 6.5
PHY-3002 : Step(77): len = 6414.1, overlap = 7
PHY-3002 : Step(78): len = 6436.1, overlap = 7
PHY-3002 : Step(79): len = 6445, overlap = 7
PHY-3001 : :::2::: Try harder cell spreading with beta_ = 0.00106436
PHY-3002 : Step(80): len = 6258.5, overlap = 7.25
PHY-3002 : Step(81): len = 6258.5, overlap = 7.25
PHY-3001 : Legalization ...
PHY-3001 : End legalization;  0.051713s wall, 0.000000s user + 0.000000s system = 0.000000s CPU (n/a%)

PHY-3001 : Trial Legalized: Len = 9766.7
PHY-3001 : Run with size of 2
PHY-3001 : Cell area utilization is 2%
PHY-3001 : :::0::: Try harder cell spreading with beta_ = 0
PHY-3002 : Step(82): len = 7711.2, overlap = 2.75
PHY-3002 : Step(83): len = 6865.3, overlap = 4.5
PHY-3002 : Step(84): len = 6467.3, overlap = 4.75
PHY-3002 : Step(85): len = 6473.4, overlap = 4.5
PHY-3002 : Step(86): len = 6475.6, overlap = 4.25
PHY-3001 : Legalization ...
PHY-3001 : End legalization;  0.005281s wall, 0.000000s user + 0.000000s system = 0.000000s CPU (n/a%)

PHY-3001 : Legalized: Len = 8294.8, Over = 0
PHY-3001 : Spreading special nets. 3 overflows in 2952 tiles.
PHY-3001 : End spreading;  0.003403s wall, 0.000000s user + 0.000000s system = 0.000000s CPU (n/a%)

PHY-3001 : 3 instances has been re-located, deltaX = 0, deltaY = 3, maxDist = 1.
PHY-3001 : Final: Len = 8336.8, Over = 0
OPT-1001 : Start physical optimization ...
OPT-1001 : Total overflow 0.00 peak overflow 0.00
OPT-1001 : Start high-fanout net optimization ...
OPT-1001 : Update timing in global mode
PHY-1001 : Start incremental global routing, caller is place ...
RUN-1001 : Generating global routing grids ...
PHY-1001 : Generate routing nets ...
PHY-1001 : Reuse net number 19/468.
PHY-1001 : Global iterations in 8 thread ...
PHY-1002 : len = 9216, over cnt = 26(0%), over = 40, worst = 3
PHY-1002 : len = 9384, over cnt = 12(0%), over = 17, worst = 2
PHY-1002 : len = 9640, over cnt = 0(0%), over = 0, worst = 0
PHY-1001 : End global iterations;  0.044680s wall, 0.000000s user + 0.000000s system = 0.000000s CPU (n/a%)

PHY-1001 : Congestion index: top1 = 15.02, top5 = 6.46, top10 = 3.47, top15 = 2.32.
PHY-1001 : End incremental global routing;  0.093700s wall, 0.000000s user + 0.000000s system = 0.000000s CPU (n/a%)

RUN-1002 : start command "start_timer -report"
TMR-5001 WARNING: No sdc constraints found while initiating timer.
TMR-2505 : Start building timing graph for model responder.
TMR-2506 : Build timing graph completely. Port num: 11, tpin num: 1577, tnet num: 466, tinst num: 202, tnode num: 1987, tedge num: 2650.
TMR-2509 : Cut connection from U5/reg1_syn_42.d[0] to U5/reg1_syn_42.Q_q[0]_D.
TMR-2509 : Cut connection from U1/reg2_syn_76.d[0] to U1/reg2_syn_76.Q_q[0]_D.
TMR-2509 : Cut connection from U1/reg2_syn_74.d[0] to U1/reg2_syn_74.Q_q[0]_D.
TMR-2509 : Cut connection from U5/reg1_syn_42.d[1] to U5/reg1_syn_42.Q_q[1]_D.
TMR-2509 : Cut connection from U5/add0_syn_175.fci to U5/add0_syn_175.f[1].
TMR-2509 : Cut connection from U5/add0_syn_175.a[1] to U5/add0_syn_175.f[1].
TMR-2509 : Cut connection from U5/add0_syn_175.a[0] to U5/add0_syn_175.f[1].
TMR-2509 : Cut connection from U5/cnt_b[16]_syn_36.d[0] to U5/cnt_b[16]_syn_36.f[0].
TMR-2509 : Cut connection from U5/cnt_b[16]_syn_33.a[0] to U5/cnt_b[16]_syn_33.f[0].
TMR-2509 : Cut connection from U5/cnt_b[16]_syn_33.b[0] to U5/cnt_b[16]_syn_33.f[0].
TMR-2509 : Cut connection from U5/cnt_b[16]_syn_33.d[0] to U5/cnt_b[16]_syn_33.f[0].
TMR-2509 : Cut connection from U5/cnt_b[16]_syn_33.e[0] to U5/cnt_b[16]_syn_33.f[0].
TMR-2509 : Cut connection from U5/cnt_b[9]_syn_9.b[0] to U5/cnt_b[9]_syn_9.f[0].
TMR-2509 : Cut connection from U5/cnt_b[9]_syn_9.c[0] to U5/cnt_b[9]_syn_9.f[0].
TMR-2509 : Cut connection from U5/cnt_b[9]_syn_9.d[0] to U5/cnt_b[9]_syn_9.f[0].
TMR-2509 : Cut connection from U5/cnt_b[18]_syn_9.c[0] to U5/cnt_b[18]_syn_9.f[0].
TMR-2509 : Cut connection from U5/cnt_b[16]_syn_38.b[1] to U5/cnt_b[16]_syn_38.f[1].
TMR-2509 : Cut connection from U5/cnt_b[16]_syn_38.c[1] to U5/cnt_b[16]_syn_38.f[1].
TMR-2509 : Cut connection from U5/cnt_b[16]_syn_38.d[1] to U5/cnt_b[16]_syn_38.f[1].
TMR-2509 : Cut connection from U5/add0_syn_195.fci to U5/add0_syn_195.f[0].
TMR-2509 : Cut connection from U5/cnt_b[18]_syn_9.c[1] to U5/cnt_b[18]_syn_9.f[1].
TMR-2509 : Cut connection from U5/add0_syn_193.fci to U5/add0_syn_193.f[1].
TMR-2509 : Cut connection from U5/add0_syn_193.a[0] to U5/add0_syn_193.f[1].
TMR-2509 : Cut connection from U5/add0_syn_193.fci to U5/add0_syn_193.fco.
TMR-2509 : Cut connection from U5/add0_syn_193.a[0] to U5/add0_syn_193.fco.
TMR-2509 : Cut connection from U5/cnt_b[16]_syn_38.c[0] to U5/cnt_b[16]_syn_38.f[0].
TMR-2509 : Cut connection from U5/add0_syn_193.fci to U5/add0_syn_193.f[0].
TMR-2509 : Cut connection from U5/cnt_b[16]_syn_41.c[0] to U5/cnt_b[16]_syn_41.f[0].
TMR-2509 : Cut connection from U5/add0_syn_190.fci to U5/add0_syn_190.f[1].
TMR-2509 : Cut connection from U5/add0_syn_190.a[0] to U5/add0_syn_190.f[1].
TMR-2509 : Cut connection from U5/add0_syn_190.fci to U5/add0_syn_190.fco.
TMR-2509 : Cut connection from U5/add0_syn_190.a[0] to U5/add0_syn_190.fco.
TMR-2509 : Cut connection from U5/cnt_b[14]_syn_9.c[0] to U5/cnt_b[14]_syn_9.f[0].
TMR-2509 : Cut connection from U5/cnt_b[16]_syn_41.a[1] to U5/cnt_b[16]_syn_41.f[1].
TMR-2509 : Cut connection from U5/cnt_b[16]_syn_41.c[1] to U5/cnt_b[16]_syn_41.f[1].
TMR-2509 : Cut connection from U5/cnt_b[16]_syn_41.d[1] to U5/cnt_b[16]_syn_41.f[1].
TMR-2509 : Cut connection from U5/add0_syn_187.fci to U5/add0_syn_187.f[1].
TMR-2509 : Cut connection from U5/add0_syn_187.a[0] to U5/add0_syn_187.f[1].
TMR-2509 : Cut connection from U5/add0_syn_187.fci to U5/add0_syn_187.fco.
TMR-2509 : Cut connection from U5/add0_syn_187.a[0] to U5/add0_syn_187.fco.
TMR-2509 : Cut connection from U5/add0_syn_190.a[0] to U5/add0_syn_190.f[0].
TMR-2509 : Cut connection from U5/cnt_b[9]_syn_9.c[1] to U5/cnt_b[9]_syn_9.f[1].
TMR-2509 : Cut connection from U5/cnt_b[16]_syn_33.a[1] to U5/cnt_b[16]_syn_33.f[1].
TMR-2509 : Cut connection from U5/cnt_b[16]_syn_33.b[1] to U5/cnt_b[16]_syn_33.f[1].
TMR-2509 : Cut connection from U5/cnt_b[16]_syn_33.d[1] to U5/cnt_b[16]_syn_33.f[1].
TMR-2509 : Cut connection from U5/add0_syn_181.fci to U5/add0_syn_181.f[0].
TMR-2509 : Cut connection from U5/add0_syn_181.fci to U5/add0_syn_181.f[1].
TMR-2509 : Cut connection from U5/add0_syn_181.a[1] to U5/add0_syn_181.f[1].
TMR-2509 : Cut connection from U5/add0_syn_181.fci to U5/add0_syn_181.fco.
TMR-2509 : Cut connection from U5/add0_syn_184.a[0] to U5/add0_syn_184.f[0].
TMR-2509 : Cut connection from U5/add0_syn_184.a[1] to U5/add0_syn_184.f[1].
TMR-2509 : Cut connection from U5/add0_syn_187.a[0] to U5/add0_syn_187.f[0].
TMR-2509 : Cut connection from U5/cnt_b[0]_syn_9.c[0] to U5/cnt_b[0]_syn_9.f[0].
TMR-2509 : Cut connection from U5/add0_syn_169.a[0] to U5/add0_syn_169.f[0].
TMR-2509 : Cut connection from U5/cnt_b[16]_syn_36.a[1] to U5/cnt_b[16]_syn_36.f[1].
TMR-2509 : Cut connection from U5/cnt_b[16]_syn_36.b[1] to U5/cnt_b[16]_syn_36.f[1].
TMR-2509 : Cut connection from U5/add0_syn_169.a[1] to U5/add0_syn_169.f[1].
TMR-2509 : Cut connection from U5/add0_syn_172.a[0] to U5/add0_syn_172.f[0].
TMR-2509 : Cut connection from U5/add0_syn_172.a[1] to U5/add0_syn_172.f[1].
TMR-2509 : Cut connection from U5/add0_syn_175.a[0] to U5/add0_syn_175.f[0].
TMR-2509 : Cut connection from U5/add0_syn_178.a[0] to U5/add0_syn_178.f[0].
TMR-2509 : Cut connection from U5/add0_syn_178.a[1] to U5/add0_syn_178.f[1].
TMR-2507 : Eliminate loop in the timing graph, delete 62 tedges.
TMR-2508 : Levelizing timing graph completed, there are 33 levels in total.
TMR-2501 : Timing graph initialized successfully.
OPT-1001 : End timing update;  0.212157s wall, 0.062500s user + 0.000000s system = 0.062500s CPU (29.5%)

OPT-1001 : 0 high-fanout net processed.
OPT-1001 : End high-fanout net optimization;  0.311043s wall, 0.078125s user + 0.000000s system = 0.078125s CPU (25.1%)

OPT-1001 : Current memory(MB): used = 139, reserve = 110, peak = 139.
OPT-1001 : Update timing in Manhattan mode
OPT-1001 : End timing update;  0.000338s wall, 0.000000s user + 0.000000s system = 0.000000s CPU (n/a%)

OPT-1001 : Start pin optimization...
OPT-1001 : skip pin optimization...
RUN-1001 : Generating global routing grids ...
PHY-1001 : Generate routing nets ...
PHY-1001 : Reuse net number 347/468.
PHY-1001 : Global iterations in 8 thread ...
PHY-1002 : len = 9640, over cnt = 0(0%), over = 0, worst = 0
PHY-1001 : End global iterations;  0.001744s wall, 0.000000s user + 0.000000s system = 0.000000s CPU (n/a%)

PHY-1001 : Congestion index: top1 = 15.02, top5 = 6.46, top10 = 3.47, top15 = 2.32.
OPT-1001 : Update timing in Manhattan mode
OPT-1001 : End timing update;  0.000567s wall, 0.000000s user + 0.000000s system = 0.000000s CPU (n/a%)

RUN-1001 : QoR Analysis:
OPT-0007 :   WNS 2147483647 TNS 0 NUM_FEPS 0
RUN-1001 :   No local congestion issue, and most congested 1% tile average routing util is 14.551724
RUN-1001 :   Top critical paths
OPT-1001 : End physical optimization;  0.360680s wall, 0.125000s user + 0.000000s system = 0.125000s CPU (34.7%)

RUN-1003 : finish command "place" in  2.123974s wall, 1.000000s user + 0.218750s system = 1.218750s CPU (57.4%)

RUN-1004 : used memory is 133 MB, reserved memory is 104 MB, peak memory is 139 MB
RUN-1002 : start command "export_db responder_place.db"
RUN-1001 : Exported /
RUN-1001 : Exported flow parameters
RUN-1001 : Exported libs
RUN-1001 : Exported entities
RUN-1001 : Exported ports
RUN-1001 : Exported pins
RUN-1001 : Exported instances
RUN-1001 : Exported nets
RUN-1001 : Exported buses
RUN-1001 : Exported models
RUN-1001 : Exported congestions
RUN-1001 : Exported violations
RUN-1001 : Exported IO constraints
RUN-1001 : Exported Inst constraints
RUN-1002 : start command "route"
RUN-1001 : Open license file C:/Anlogic/TD5.6.2/license/Anlogic.lic
RUN-1001 : Print Global Property
RUN-1001 : ---------------------------------------------------------------
RUN-1001 :        Parameters        |  Settings  |  Default Values  |  Note  
RUN-1001 : ---------------------------------------------------------------
RUN-1001 :          message         |  standard  |     standard     |        
RUN-1001 :   mixed_pack_place_flow  |     on     |        on        |        
RUN-1001 :        qor_monitor       |    off     |       off        |        
RUN-1001 :        syn_ip_flow       |    off     |       off        |        
RUN-1001 :          thread          |    auto    |       auto       |        
RUN-1001 : ---------------------------------------------------------------
RUN-1002 : start command "set_param route phy_sim_model on"
RUN-1001 : Print Route Property
RUN-1001 : -------------------------------------------------------
RUN-1001 :    Parameters    |  Settings  |  Default Values  |  Note  
RUN-1001 : -------------------------------------------------------
RUN-1001 :      effort      |   medium   |      medium      |        
RUN-1001 :     fix_hold     |    off     |       off        |        
RUN-1001 :    opt_timing    |   medium   |      medium      |        
RUN-1001 :   phy_sim_model  |     on     |       off        |   *    
RUN-1001 :     priority     |   timing   |      timing      |        
RUN-1001 :     swap_pin     |     on     |        on        |        
RUN-1001 : -------------------------------------------------------
PHY-1001 : Route runs in 8 thread(s)
RUN-1001 : There are total 204 instances
RUN-1001 : 83 mslices, 82 lslices, 33 pads, 0 brams, 0 dsps
RUN-1001 : There are total 468 nets
RUN-1001 : 244 nets have 2 pins
RUN-1001 : 185 nets have [3 - 5] pins
RUN-1001 : 29 nets have [6 - 10] pins
RUN-1001 : 6 nets have [11 - 20] pins
RUN-1001 : 2 nets have [21 - 99] pins
RUN-1001 : 2 nets have 100+ pins
RUN-1002 : start command "start_timer -report"
TMR-5001 WARNING: No sdc constraints found while initiating timer.
TMR-2505 : Start building timing graph for model responder.
TMR-2506 : Build timing graph completely. Port num: 11, tpin num: 1577, tnet num: 466, tinst num: 202, tnode num: 1987, tedge num: 2650.
TMR-2509 : Cut connection from U5/reg1_syn_42.d[0] to U5/reg1_syn_42.Q_q[0]_D.
TMR-2509 : Cut connection from U1/reg2_syn_76.d[0] to U1/reg2_syn_76.Q_q[0]_D.
TMR-2509 : Cut connection from U1/reg2_syn_74.d[0] to U1/reg2_syn_74.Q_q[0]_D.
TMR-2509 : Cut connection from U5/reg1_syn_42.d[1] to U5/reg1_syn_42.Q_q[1]_D.
TMR-2509 : Cut connection from U5/add0_syn_181.fci to U5/add0_syn_181.fco.
TMR-2509 : Cut connection from U5/add0_syn_181.a[0] to U5/add0_syn_181.fco.
TMR-2509 : Cut connection from U5/add0_syn_181.a[1] to U5/add0_syn_181.fco.
TMR-2509 : Cut connection from U5/add0_syn_184.a[0] to U5/add0_syn_184.f[0].
TMR-2509 : Cut connection from U5/cnt_b[16]_syn_33.c[1] to U5/cnt_b[16]_syn_33.f[1].
TMR-2509 : Cut connection from U5/cnt_b[16]_syn_33.b[1] to U5/cnt_b[16]_syn_33.f[1].
TMR-2509 : Cut connection from U5/cnt_b[16]_syn_33.d[1] to U5/cnt_b[16]_syn_33.f[1].
TMR-2509 : Cut connection from U5/cnt_b[16]_syn_33.c[0] to U5/cnt_b[16]_syn_33.f[0].
TMR-2509 : Cut connection from U5/cnt_b[16]_syn_33.b[0] to U5/cnt_b[16]_syn_33.f[0].
TMR-2509 : Cut connection from U5/cnt_b[16]_syn_33.d[0] to U5/cnt_b[16]_syn_33.f[0].
TMR-2509 : Cut connection from U5/cnt_b[16]_syn_33.e[0] to U5/cnt_b[16]_syn_33.f[0].
TMR-2509 : Cut connection from U5/cnt_b[9]_syn_9.b[0] to U5/cnt_b[9]_syn_9.f[0].
TMR-2509 : Cut connection from U5/cnt_b[9]_syn_9.c[0] to U5/cnt_b[9]_syn_9.f[0].
TMR-2509 : Cut connection from U5/cnt_b[9]_syn_9.d[0] to U5/cnt_b[9]_syn_9.f[0].
TMR-2509 : Cut connection from U5/cnt_b[18]_syn_9.c[0] to U5/cnt_b[18]_syn_9.f[0].
TMR-2509 : Cut connection from U5/cnt_b[16]_syn_38.b[1] to U5/cnt_b[16]_syn_38.f[1].
TMR-2509 : Cut connection from U5/cnt_b[16]_syn_38.c[1] to U5/cnt_b[16]_syn_38.f[1].
TMR-2509 : Cut connection from U5/cnt_b[16]_syn_38.d[1] to U5/cnt_b[16]_syn_38.f[1].
TMR-2509 : Cut connection from U5/add0_syn_195.fci to U5/add0_syn_195.f[0].
TMR-2509 : Cut connection from U5/cnt_b[18]_syn_9.c[1] to U5/cnt_b[18]_syn_9.f[1].
TMR-2509 : Cut connection from U5/add0_syn_193.fci to U5/add0_syn_193.f[1].
TMR-2509 : Cut connection from U5/add0_syn_193.a[0] to U5/add0_syn_193.f[1].
TMR-2509 : Cut connection from U5/add0_syn_193.fci to U5/add0_syn_193.fco.
TMR-2509 : Cut connection from U5/add0_syn_193.a[0] to U5/add0_syn_193.fco.
TMR-2509 : Cut connection from U5/cnt_b[16]_syn_38.c[0] to U5/cnt_b[16]_syn_38.f[0].
TMR-2509 : Cut connection from U5/add0_syn_193.fci to U5/add0_syn_193.f[0].
TMR-2509 : Cut connection from U5/cnt_b[16]_syn_41.c[0] to U5/cnt_b[16]_syn_41.f[0].
TMR-2509 : Cut connection from U5/add0_syn_190.fci to U5/add0_syn_190.f[1].
TMR-2509 : Cut connection from U5/add0_syn_190.a[0] to U5/add0_syn_190.f[1].
TMR-2509 : Cut connection from U5/add0_syn_190.fci to U5/add0_syn_190.fco.
TMR-2509 : Cut connection from U5/add0_syn_190.a[0] to U5/add0_syn_190.fco.
TMR-2509 : Cut connection from U5/cnt_b[14]_syn_9.c[0] to U5/cnt_b[14]_syn_9.f[0].
TMR-2509 : Cut connection from U5/cnt_b[16]_syn_41.a[1] to U5/cnt_b[16]_syn_41.f[1].
TMR-2509 : Cut connection from U5/cnt_b[16]_syn_41.c[1] to U5/cnt_b[16]_syn_41.f[1].
TMR-2509 : Cut connection from U5/cnt_b[16]_syn_41.d[1] to U5/cnt_b[16]_syn_41.f[1].
TMR-2509 : Cut connection from U5/add0_syn_187.fci to U5/add0_syn_187.f[1].
TMR-2509 : Cut connection from U5/add0_syn_187.a[0] to U5/add0_syn_187.f[1].
TMR-2509 : Cut connection from U5/add0_syn_187.fci to U5/add0_syn_187.fco.
TMR-2509 : Cut connection from U5/add0_syn_187.a[0] to U5/add0_syn_187.fco.
TMR-2509 : Cut connection from U5/add0_syn_190.a[0] to U5/add0_syn_190.f[0].
TMR-2509 : Cut connection from U5/cnt_b[16]_syn_36.c[0] to U5/cnt_b[16]_syn_36.f[0].
TMR-2509 : Cut connection from U5/add0_syn_175.fci to U5/add0_syn_175.f[1].
TMR-2509 : Cut connection from U5/add0_syn_175.a[0] to U5/add0_syn_175.f[1].
TMR-2509 : Cut connection from U5/add0_syn_175.fci to U5/add0_syn_175.fco.
TMR-2509 : Cut connection from U5/add0_syn_175.a[0] to U5/add0_syn_175.fco.
TMR-2509 : Cut connection from U5/add0_syn_178.a[0] to U5/add0_syn_178.f[0].
TMR-2509 : Cut connection from U5/add0_syn_178.a[1] to U5/add0_syn_178.f[1].
TMR-2509 : Cut connection from U5/add0_syn_181.a[0] to U5/add0_syn_181.f[0].
TMR-2509 : Cut connection from U5/add0_syn_181.a[1] to U5/add0_syn_181.f[1].
TMR-2509 : Cut connection from U5/cnt_b[0]_syn_9.c[0] to U5/cnt_b[0]_syn_9.f[0].
TMR-2509 : Cut connection from U5/add0_syn_169.a[0] to U5/add0_syn_169.f[0].
TMR-2509 : Cut connection from U5/cnt_b[16]_syn_36.a[1] to U5/cnt_b[16]_syn_36.f[1].
TMR-2509 : Cut connection from U5/cnt_b[16]_syn_36.b[1] to U5/cnt_b[16]_syn_36.f[1].
TMR-2509 : Cut connection from U5/add0_syn_169.a[1] to U5/add0_syn_169.f[1].
TMR-2509 : Cut connection from U5/add0_syn_172.a[0] to U5/add0_syn_172.f[0].
TMR-2509 : Cut connection from U5/add0_syn_172.a[1] to U5/add0_syn_172.f[1].
TMR-2509 : Cut connection from U5/add0_syn_175.a[0] to U5/add0_syn_175.f[0].
TMR-2509 : Cut connection from U5/add0_syn_184.a[1] to U5/add0_syn_184.f[1].
TMR-2509 : Cut connection from U5/add0_syn_187.a[0] to U5/add0_syn_187.f[0].
TMR-2507 : Eliminate loop in the timing graph, delete 63 tedges.
TMR-2508 : Levelizing timing graph completed, there are 27 levels in total.
TMR-2501 : Timing graph initialized successfully.
PHY-1001 : 83 mslices, 82 lslices, 33 pads, 0 brams, 0 dsps
TMR-2503 : Start to update net delay, extr mode = 3.
TMR-2504 : Update delay of 466 nets completely.
TMR-2502 : Annotate delay completely, extr mode = 3.
TMR-3002 : No user constraint, initiate default constraint.
TMR-1501 : Assign derive clock DeriveClock to 240 clock pins, and constraint 410 relative nodes.
TMR-3003 : Constraints initiated successfully.
TMR-3501 : Forward propagation: start to calculate arrival time...
TMR-3502 : Backward propagation: start to calculate required time...
TMR-3503 : Timing propagation completes.
PHY-1001 : Start global routing, caller is route ...
RUN-1001 : Generating global routing grids ...
PHY-1001 : Generate routing nets ...
PHY-1001 : Global iterations in 8 thread ...
PHY-1002 : len = 9144, over cnt = 23(0%), over = 35, worst = 2
PHY-1002 : len = 9272, over cnt = 14(0%), over = 21, worst = 2
PHY-1002 : len = 9520, over cnt = 3(0%), over = 4, worst = 2
PHY-1002 : len = 9552, over cnt = 0(0%), over = 0, worst = 0
PHY-1001 : End global iterations;  0.048812s wall, 0.000000s user + 0.000000s system = 0.000000s CPU (n/a%)

PHY-1001 : Congestion index: top1 = 14.94, top5 = 6.37, top10 = 3.43, top15 = 2.29.
PHY-1001 : End global routing;  0.098559s wall, 0.046875s user + 0.000000s system = 0.046875s CPU (47.6%)

PHY-1001 : Start detail routing ...
PHY-1001 : Current memory(MB): used = 152, reserve = 123, peak = 160.
PHY-1001 : Detailed router is running in normal mode.
PHY-1001 : Generate detailed routing grids ...
PHY-1001 : Processed IO instance DigitronCS_Out[3]_syn_2 with INV attribute.
PHY-1001 : Processed IO instance DigitronCS_Out[2]_syn_2 with INV attribute.
PHY-1001 : Processed IO instance DigitronCS_Out[1]_syn_2 with INV attribute.
PHY-1001 : Processed IO instance DigitronCS_Out[0]_syn_2 with INV attribute.
PHY-1001 : Generate nets ...
PHY-1001 : net CLK_dup_1 will be routed on clock mesh
PHY-1001 : clock net U2/CLK1_syn_4 will be merged with clock U2/CLK1
PHY-1001 : clock net U4/SingleNum_b_n4_syn_10 will be merged with clock U4/SingleNum_b_n4
PHY-1001 : clock net U4/W_DigitronCS_Out_n_syn_4 will be merged with clock U4/W_DigitronCS_Out_n
PHY-1001 : Current memory(MB): used = 422, reserve = 397, peak = 422.
PHY-1001 : End build detailed router design. 3.989559s wall, 2.812500s user + 0.078125s system = 2.890625s CPU (72.5%)

PHY-1001 : Detail Route ...
PHY-1001 : ===== Detail Route Phase 1 =====
PHY-1001 : Clock net routing.....
PHY-1001 : Routed 0% nets.
PHY-1022 : len = 12232, over cnt = 0(0%), over = 0, worst = 0, crit = 0
PHY-1001 : End initial clock net routed; 1.152296s wall, 0.984375s user + 0.000000s system = 0.984375s CPU (85.4%)

PHY-1001 : Current memory(MB): used = 452, reserve = 427, peak = 452.
PHY-1001 : End phase 1; 1.157864s wall, 0.984375s user + 0.000000s system = 0.984375s CPU (85.0%)

PHY-1001 : ===== Detail Route Phase 2 =====
PHY-1001 : Initial routing.....
PHY-1001 : Routed 33% nets.
PHY-1001 : Routed 39% nets.
PHY-1001 : Routed 49% nets.
PHY-1001 : Routed 65% nets.
PHY-1001 : Routed 82% nets.
PHY-1022 : len = 36080, over cnt = 7(0%), over = 7, worst = 1, crit = 0
PHY-1001 : Current memory(MB): used = 452, reserve = 427, peak = 452.
PHY-1001 : End initial routed; 0.315468s wall, 0.343750s user + 0.000000s system = 0.343750s CPU (109.0%)

PHY-1001 : Current memory(MB): used = 452, reserve = 427, peak = 452.
PHY-1001 : End phase 2; 0.315527s wall, 0.343750s user + 0.000000s system = 0.343750s CPU (108.9%)

PHY-1001 : ===== Detail Route Phase 3 =====
PHY-1001 : Ripup-reroute.....
PHY-1001 : ===== DR Iter 1 =====
PHY-1022 : len = 36120, over cnt = 2(0%), over = 2, worst = 1, crit = 0
PHY-1001 : End DR Iter 1; 0.014845s wall, 0.000000s user + 0.000000s system = 0.000000s CPU (n/a%)

PHY-1001 : ===== DR Iter 2 =====
PHY-1022 : len = 36112, over cnt = 0(0%), over = 0, worst = 0, crit = 0
PHY-1001 : End DR Iter 2; 0.011294s wall, 0.000000s user + 0.000000s system = 0.000000s CPU (n/a%)

PHY-1001 : Commit to database.....
PHY-1001 : 3 feed throughs used by 2 nets
PHY-1001 : End commit to database; 0.055176s wall, 0.031250s user + 0.000000s system = 0.031250s CPU (56.6%)

PHY-1001 : Current memory(MB): used = 461, reserve = 437, peak = 461.
PHY-1001 : End phase 3; 0.209995s wall, 0.109375s user + 0.000000s system = 0.109375s CPU (52.1%)

PHY-1003 : Routed, final wirelength = 36112
PHY-1001 : Current memory(MB): used = 462, reserve = 437, peak = 462.
PHY-1001 : End export database. 0.005435s wall, 0.000000s user + 0.000000s system = 0.000000s CPU (n/a%)

PHY-1001 : End detail routing;  5.896609s wall, 4.453125s user + 0.078125s system = 4.531250s CPU (76.8%)

RUN-1003 : finish command "route" in  6.284563s wall, 4.703125s user + 0.078125s system = 4.781250s CPU (76.1%)

RUN-1004 : used memory is 419 MB, reserved memory is 395 MB, peak memory is 462 MB
RUN-1002 : start command "report_area -io_info -file responder_phy.area"
RUN-1001 : standard
***Report Model: responder Device: EG4S20BG256***

IO Statistics
#IO                        33
  #input                    7
  #output                  26
  #inout                    0

Utilization Statistics
#lut                      286   out of  19600    1.46%
#reg                      159   out of  19600    0.81%
#le                       306
  #lut only               147   out of    306   48.04%
  #reg only                20   out of    306    6.54%
  #lut&reg                139   out of    306   45.42%
#dsp                        0   out of     29    0.00%
#bram                       0   out of     64    0.00%
  #bram9k                   0
  #fifo9k                   0
#bram32k                    0   out of     16    0.00%
#pad                       33   out of    188   17.55%
  #ireg                     4
  #oreg                    14
  #treg                     0
#pll                        0   out of      4    0.00%
#gclk                       3   out of     16   18.75%

Clock Resource Statistics
Index     ClockNet                 Type               DriverType         Driver                   Fanout
#1        CLK_dup_1                GCLK               io                 CLK_syn_2.di             104
#2        U2/CLK1                  GCLK               lslice             U2/CLK1_reg_syn_38.q0    8
#3        U4/W_DigitronCS_Out_n    GCLK               lslice             U4/reg2_syn_25.f1        8
#4        U4/SingleNum_b_n4        GCLK               lslice             U4/sel1_syn_113.f0       2


Detailed IO Report

        Name           Direction    Location    IOStandard    DriveStrength    PullType    PackReg  
         CLK             INPUT         R7        LVCMOS33          N/A          PULLUP      NONE    
      Key_In[3]          INPUT        F10        LVCMOS33          N/A          PULLUP      IREG    
      Key_In[2]          INPUT        C11        LVCMOS33          N/A          PULLUP      IREG    
      Key_In[1]          INPUT        D11        LVCMOS33          N/A          PULLUP      IREG    
      Key_In[0]          INPUT        E11        LVCMOS33          N/A          PULLUP      IREG    
        RSTn             INPUT         A9        LVCMOS33          N/A          PULLUP      NONE    
      Set_Time           INPUT        A10        LVCMOS33          N/A          PULLUP      NONE    
     Buzzer_Out         OUTPUT        H11        LVCMOS33           8            NONE       OREG    
  DigitronCS_Out[3]     OUTPUT         A3        LVCMOS33           8            NONE       OREG    
  DigitronCS_Out[2]     OUTPUT         A5        LVCMOS33           8            NONE       OREG    
  DigitronCS_Out[1]     OUTPUT         B6        LVCMOS33           8            NONE       OREG    
  DigitronCS_Out[0]     OUTPUT         C9        LVCMOS33           8            NONE       OREG    
   Digitron_Out[7]      OUTPUT         C8        LVCMOS33           8            NONE       NONE    
   Digitron_Out[6]      OUTPUT         A8        LVCMOS33           8            NONE       NONE    
   Digitron_Out[5]      OUTPUT         B5        LVCMOS33           8            NONE       NONE    
   Digitron_Out[4]      OUTPUT         A7        LVCMOS33           8            NONE       NONE    
   Digitron_Out[3]      OUTPUT         E8        LVCMOS33           8            NONE       NONE    
   Digitron_Out[2]      OUTPUT         B8        LVCMOS33           8            NONE       NONE    
   Digitron_Out[1]      OUTPUT         A6        LVCMOS33           8            NONE       NONE    
   Digitron_Out[0]      OUTPUT         A4        LVCMOS33           8            NONE       NONE    
     Key_Row[3]         OUTPUT        E10        LVCMOS33           8            NONE       NONE    
     Key_Row[2]         OUTPUT        C10        LVCMOS33           8            NONE       NONE    
     Key_Row[1]         OUTPUT         F9        LVCMOS33           8            NONE       NONE    
     Key_Row[0]         OUTPUT         D9        LVCMOS33           8            NONE       NONE    
     LED_Out[3]         OUTPUT         C2        LVCMOS33           8            NONE       OREG    
     LED_Out[2]         OUTPUT         C1        LVCMOS33           8            NONE       OREG    
     LED_Out[1]         OUTPUT         E4        LVCMOS33           8            NONE       OREG    
     LED_Out[0]         OUTPUT         D3        LVCMOS33           8            NONE       OREG    
  LED_OverTime_Out      OUTPUT        F16        LVCMOS33           8            NONE       OREG    
     LED_Run[3]         OUTPUT        C15        LVCMOS33           8            NONE       OREG    
     LED_Run[2]         OUTPUT        B16        LVCMOS33           8            NONE       OREG    
     LED_Run[1]         OUTPUT        B15        LVCMOS33           8            NONE       OREG    
     LED_Run[0]         OUTPUT        B14        LVCMOS33           8            NONE       OREG    

Report Hierarchy Area:
+-----------------------------------------------------------------------------------+
|Instance |Module              |le     |lut     |ripple  |seq     |bram    |dsp     |
+-----------------------------------------------------------------------------------+
|top      |responder           |306    |234     |52      |177     |0       |0       |
|  U1     |Sel_module          |64     |51      |7       |37      |0       |0       |
|  U2     |Timer_module        |60     |51      |7       |38      |0       |0       |
|  U3     |Buzzer_module       |41     |23      |6       |27      |0       |0       |
|  U4     |Digitron_NumDisplay |57     |48      |9       |28      |0       |0       |
|  U5     |key_filter          |38     |27      |11      |2       |0       |0       |
|  U6     |led8_module         |46     |34      |12      |27      |0       |0       |
+-----------------------------------------------------------------------------------+


DataNet Average Fanout:

   Index     Fanout    Nets  
    #1         1       211   
    #2         2       160   
    #3         3        14   
    #4         4        9    
    #5        5-10      26   
    #6       11-50      6    
    #7       51-100     1    
  Average     2.22           

RUN-1002 : start command "write_verilog simulation/responder_phy_sim.v"
HDL-1201 : write out verilog file simulation/responder_phy_sim.v
RUN-1002 : start command "export_db responder_pr.db"
RUN-1001 : Exported /
RUN-1001 : Exported flow parameters
RUN-1001 : Exported libs
RUN-1001 : Exported entities
RUN-1001 : Exported ports
RUN-1001 : Exported pins
RUN-1001 : Exported instances
RUN-1001 : Exported nets
RUN-1001 : Exported buses
RUN-1001 : Exported models
RUN-1001 : Exported congestions
RUN-1001 : Exported violations
RUN-1001 : Exported IO constraints
RUN-1001 : Exported Inst constraints
RUN-1002 : start command "start_timer"
TMR-5001 WARNING: No sdc constraints found while initiating timer.
TMR-2505 : Start building timing graph for model responder.
TMR-2506 : Build timing graph completely. Port num: 11, tpin num: 1577, tnet num: 466, tinst num: 202, tnode num: 1987, tedge num: 2650.
TMR-2509 : Cut connection from U5/reg1_syn_42.d[0] to U5/reg1_syn_42.Q_q[0]_D.
TMR-2509 : Cut connection from U1/reg2_syn_76.d[0] to U1/reg2_syn_76.Q_q[0]_D.
TMR-2509 : Cut connection from U1/reg2_syn_74.d[0] to U1/reg2_syn_74.Q_q[0]_D.
TMR-2509 : Cut connection from U5/reg1_syn_42.d[1] to U5/reg1_syn_42.Q_q[1]_D.
TMR-2509 : Cut connection from U5/cnt_b[18]_syn_9.c[0] to U5/cnt_b[18]_syn_9.f[0].
TMR-2509 : Cut connection from U5/cnt_b[18]_syn_9.d[0] to U5/cnt_b[18]_syn_9.f[0].
TMR-2509 : Cut connection from U5/cnt_b[16]_syn_38.b[1] to U5/cnt_b[16]_syn_38.f[1].
TMR-2509 : Cut connection from U5/cnt_b[16]_syn_38.c[1] to U5/cnt_b[16]_syn_38.f[1].
TMR-2509 : Cut connection from U5/cnt_b[16]_syn_38.d[1] to U5/cnt_b[16]_syn_38.f[1].
TMR-2509 : Cut connection from U5/cnt_b[9]_syn_9.b[0] to U5/cnt_b[9]_syn_9.f[0].
TMR-2509 : Cut connection from U5/cnt_b[9]_syn_9.d[0] to U5/cnt_b[9]_syn_9.f[0].
TMR-2509 : Cut connection from U5/cnt_b[9]_syn_9.a[0] to U5/cnt_b[9]_syn_9.f[0].
TMR-2509 : Cut connection from U5/cnt_b[18]_syn_9.c[1] to U5/cnt_b[18]_syn_9.f[1].
TMR-2509 : Cut connection from U5/add0_syn_193.fci to U5/add0_syn_193.f[1].
TMR-2509 : Cut connection from U5/add0_syn_193.a[0] to U5/add0_syn_193.f[1].
TMR-2509 : Cut connection from U5/add0_syn_193.fci to U5/add0_syn_193.fco.
TMR-2509 : Cut connection from U5/add0_syn_193.a[0] to U5/add0_syn_193.fco.
TMR-2509 : Cut connection from U5/cnt_b[16]_syn_38.c[0] to U5/cnt_b[16]_syn_38.f[0].
TMR-2509 : Cut connection from U5/add0_syn_193.fci to U5/add0_syn_193.f[0].
TMR-2509 : Cut connection from U5/cnt_b[16]_syn_41.c[0] to U5/cnt_b[16]_syn_41.f[0].
TMR-2509 : Cut connection from U5/add0_syn_190.fci to U5/add0_syn_190.f[1].
TMR-2509 : Cut connection from U5/add0_syn_190.a[0] to U5/add0_syn_190.f[1].
TMR-2509 : Cut connection from U5/add0_syn_190.fci to U5/add0_syn_190.fco.
TMR-2509 : Cut connection from U5/add0_syn_190.a[0] to U5/add0_syn_190.fco.
TMR-2509 : Cut connection from U5/cnt_b[14]_syn_9.c[0] to U5/cnt_b[14]_syn_9.f[0].
TMR-2509 : Cut connection from U5/cnt_b[16]_syn_41.a[1] to U5/cnt_b[16]_syn_41.f[1].
TMR-2509 : Cut connection from U5/cnt_b[16]_syn_41.c[1] to U5/cnt_b[16]_syn_41.f[1].
TMR-2509 : Cut connection from U5/cnt_b[16]_syn_41.d[1] to U5/cnt_b[16]_syn_41.f[1].
TMR-2509 : Cut connection from U5/add0_syn_187.fci to U5/add0_syn_187.f[1].
TMR-2509 : Cut connection from U5/add0_syn_187.a[0] to U5/add0_syn_187.f[1].
TMR-2509 : Cut connection from U5/add0_syn_187.fci to U5/add0_syn_187.fco.
TMR-2509 : Cut connection from U5/add0_syn_187.a[0] to U5/add0_syn_187.fco.
TMR-2509 : Cut connection from U5/add0_syn_190.a[0] to U5/add0_syn_190.f[0].
TMR-2509 : Cut connection from U5/cnt_b[16]_syn_36.c[0] to U5/cnt_b[16]_syn_36.f[0].
TMR-2509 : Cut connection from U5/cnt_b[16]_syn_33.a[0] to U5/cnt_b[16]_syn_33.f[0].
TMR-2509 : Cut connection from U5/cnt_b[16]_syn_33.b[0] to U5/cnt_b[16]_syn_33.f[0].
TMR-2509 : Cut connection from U5/cnt_b[16]_syn_33.d[0] to U5/cnt_b[16]_syn_33.f[0].
TMR-2509 : Cut connection from U5/cnt_b[16]_syn_33.e[0] to U5/cnt_b[16]_syn_33.f[0].
TMR-2509 : Cut connection from U5/add0_syn_175.fci to U5/add0_syn_175.f[1].
TMR-2509 : Cut connection from U5/add0_syn_175.a[0] to U5/add0_syn_175.f[1].
TMR-2509 : Cut connection from U5/add0_syn_175.fci to U5/add0_syn_175.fco.
TMR-2509 : Cut connection from U5/add0_syn_175.a[0] to U5/add0_syn_175.fco.
TMR-2509 : Cut connection from U5/add0_syn_178.a[0] to U5/add0_syn_178.f[0].
TMR-2509 : Cut connection from U5/add0_syn_178.a[1] to U5/add0_syn_178.f[1].
TMR-2509 : Cut connection from U5/add0_syn_181.a[0] to U5/add0_syn_181.f[0].
TMR-2509 : Cut connection from U5/cnt_b[16]_syn_33.a[1] to U5/cnt_b[16]_syn_33.f[1].
TMR-2509 : Cut connection from U5/cnt_b[16]_syn_33.b[1] to U5/cnt_b[16]_syn_33.f[1].
TMR-2509 : Cut connection from U5/add0_syn_181.a[1] to U5/add0_syn_181.f[1].
TMR-2509 : Cut connection from U5/add0_syn_184.a[0] to U5/add0_syn_184.f[0].
TMR-2509 : Cut connection from U5/add0_syn_184.a[1] to U5/add0_syn_184.f[1].
TMR-2509 : Cut connection from U5/add0_syn_187.a[0] to U5/add0_syn_187.f[0].
TMR-2509 : Cut connection from U5/cnt_b[0]_syn_9.c[0] to U5/cnt_b[0]_syn_9.f[0].
TMR-2509 : Cut connection from U5/add0_syn_169.a[0] to U5/add0_syn_169.f[0].
TMR-2509 : Cut connection from U5/cnt_b[16]_syn_36.a[1] to U5/cnt_b[16]_syn_36.f[1].
TMR-2509 : Cut connection from U5/cnt_b[16]_syn_36.b[1] to U5/cnt_b[16]_syn_36.f[1].
TMR-2509 : Cut connection from U5/add0_syn_169.a[1] to U5/add0_syn_169.f[1].
TMR-2509 : Cut connection from U5/add0_syn_172.a[0] to U5/add0_syn_172.f[0].
TMR-2509 : Cut connection from U5/add0_syn_172.a[1] to U5/add0_syn_172.f[1].
TMR-2509 : Cut connection from U5/add0_syn_175.a[0] to U5/add0_syn_175.f[0].
TMR-2507 : Eliminate loop in the timing graph, delete 59 tedges.
TMR-2508 : Levelizing timing graph completed, there are 31 levels in total.
TMR-2501 : Timing graph initialized successfully.
RUN-1002 : start command "report_timing -mode FINAL -net_info -rpt_autogen true -file responder_phy.timing -sdf simulation/responder.sdf"
TMR-2503 : Start to update net delay, extr mode = 6.
TMR-2504 : Update delay of 466 nets completely.
TMR-2502 : Annotate delay completely, extr mode = 6.
TMR-3002 : No user constraint, initiate default constraint.
TMR-1501 : Assign derive clock DeriveClock to 240 clock pins, and constraint 410 relative nodes.
TMR-3003 : Constraints initiated successfully.
TMR-3501 : Forward propagation: start to calculate arrival time...
TMR-3502 : Backward propagation: start to calculate required time...
TMR-3503 : Timing propagation completes.
TMR-3506 : Start to generate timing report.
TMR-1502 : Number of clock constraints = 0. Number of clock nets = 4 (4 unconstrainted).
TMR-5009 WARNING: No clock constraint on 4 clock net(s): 
		CLK_dup_1
		U2/CLK1_syn_4
		U4/SingleNum_b_n4_syn_10
		U4/W_DigitronCS_Out_n_syn_4
TMR-3508 : Export timing summary.
TMR-3507 : Timing report generated successfully in responder_phy.timing, timing summary in responder_phy.tsm.
TMR-1001 : Start to generate SDF file...
RUN-1002 : start command "write_verilog -sdf responder.sdf simulation/responder_phy_sim_sta.v"
HDL-1201 : write out verilog file simulation/responder_phy_sim_sta.v
RUN-1002 : start command "export_bid responder_inst.bid"
RUN-1002 : start command "bitgen -bit responder.bit -unused_io_status pulldown"
BIT-1003 : Start to generate bitstream. 
BIT-1002 : Bitgen processed 155 unused pads, reserve input tri_state with pulldown
BIT-1002 : Init instances with 8 threads.
BIT-1002 : Init instances completely, inst num: 357
BIT-1002 : Init pips with 8 threads.
BIT-1002 : Init pips completely, net num: 468, pip num: 3159
BIT-1002 : Init feedthrough completely, num: 3
BIT-1003 : Multithreading accelaration with 8 threads.
BIT-1003 : Generate bitstream completely, there are 644 valid insts, and 9840 bits set as '1'.
BIT-1004 : PLL setting string = 0000
BIT-1004 : Generate bits file responder.bit.
RUN-1003 : finish command "bitgen -bit responder.bit -unused_io_status pulldown" in  1.916749s wall, 4.218750s user + 0.000000s system = 4.218750s CPU (220.1%)

RUN-1004 : used memory is 432 MB, reserved memory is 405 MB, peak memory is 582 MB
RUN-1002 : start command "backup_run_log run.log ../.logs/phy_1/td_20240727_165950.log"
