============================================================
   Tang Dynasty, V5.6.71036
      Copyright (c) 2012-2023 Anlogic Inc.
   Executable = C:/Anlogic/TD5.6.2/bin/td.exe
   Built at =   20:34:38 Mar 21 2023
   Run by =     Timmy
   Run Date =   Tue Jul 23 21:27:50 2024

   Run on =     DESKTOP-A28VB3Q
============================================================
RUN-1002 : start command "open_project responder.prj"
RUN-1001 : Print Global Property
RUN-1001 : ---------------------------------------------------------------
RUN-1001 :        Parameters        |  Settings  |  Default Values  |  Note  
RUN-1001 : ---------------------------------------------------------------
RUN-1001 :          message         |  standard  |     standard     |        
RUN-1001 :   mixed_pack_place_flow  |     on     |        on        |        
RUN-1001 :        qor_monitor       |    off     |       off        |        
RUN-1001 :        syn_ip_flow       |    off     |       off        |        
RUN-1001 :          thread          |    auto    |       auto       |        
RUN-1001 : ---------------------------------------------------------------
RUN-1001 : Print Design Property
RUN-1001 : --------------------------------------------------------------
RUN-1001 :        Parameters       |  Settings  |  Default Values  |  Note  
RUN-1001 : --------------------------------------------------------------
RUN-1001 :   default_reg_initial   |    auto    |       auto       |        
RUN-1001 :        infer_add        |     on     |        on        |        
RUN-1001 :        infer_fsm        |    off     |       off        |        
RUN-1001 :        infer_mult       |     on     |        on        |        
RUN-1001 :        infer_ram        |     on     |        on        |        
RUN-1001 :        infer_reg        |     on     |        on        |        
RUN-1001 :   infer_reg_init_value  |     on     |        on        |        
RUN-1001 :        infer_rom        |     on     |        on        |        
RUN-1001 :      infer_shifter      |     on     |        on        |        
RUN-1001 : --------------------------------------------------------------
RUN-1001 : Print Rtl Property
RUN-1001 : --------------------------------------------------------------
RUN-1001 :        Parameters       |  Settings  |  Default Values  |  Note  
RUN-1001 : --------------------------------------------------------------
RUN-1001 :       compress_add      |   ripple   |      ripple      |        
RUN-1001 :        elf_sload        |    off     |       off        |        
RUN-1001 :       fix_undriven      |     0      |        0         |        
RUN-1001 :         flatten         |    off     |       off        |        
RUN-1001 :       gate_sharing      |     on     |        on        |        
RUN-1001 :    hdl_warning_level    |   normal   |      normal      |        
RUN-1001 :   impl_internal_tribuf  |     on     |        on        |        
RUN-1001 :      impl_set_reset     |     on     |        on        |        
RUN-1001 :        infer_gsr        |    off     |       off        |        
RUN-1001 :      keep_hierarchy     |    auto    |       auto       |        
RUN-1001 :        max_fanout       |    9999    |       9999       |        
RUN-1001 :      max_oh2bin_len     |     10     |        10        |        
RUN-1001 :       merge_equal       |     on     |        on        |        
RUN-1001 :       merge_equiv       |     on     |        on        |        
RUN-1001 :        merge_mux        |    off     |       off        |        
RUN-1001 :     min_control_set     |     8      |        8         |        
RUN-1001 :      min_ripple_len     |    auto    |       auto       |        
RUN-1001 :       oh2bin_ratio      |    0.08    |       0.08       |        
RUN-1001 :     opt_adder_fanout    |     on     |        on        |        
RUN-1001 :        opt_arith        |     on     |        on        |        
RUN-1001 :       opt_big_gate      |    off     |       off        |        
RUN-1001 :        opt_const        |     on     |        on        |        
RUN-1001 :      opt_const_mult     |     on     |        on        |        
RUN-1001 :       opt_lessthan      |     on     |        on        |        
RUN-1001 :         opt_mux         |    off     |       off        |        
RUN-1001 :         opt_ram         |    high    |       high       |        
RUN-1001 :      rtl_sim_model      |    off     |       off        |        
RUN-1001 :         seq_syn         |     on     |        on        |        
RUN-1001 : --------------------------------------------------------------
HDL-1007 : analyze verilog file ../../responder.v
HDL-1007 : analyze verilog file ../../Sel_module.v
HDL-1007 : analyze verilog file ../../Timer_module.v
HDL-1007 : analyze verilog file ../../Buzzer_module.v
HDL-1007 : analyze verilog file ../../Digitron_NumDisplay.v
HDL-1007 : analyze verilog file ../../key_filter.v
RUN-1001 : Project manager successfully analyzed 6 source files.
RUN-1002 : start command "import_device eagle_s20.db -package EG4S20BG256"
ARC-1001 : Device Initialization.
ARC-1001 : ------------------------------------------------------------------
ARC-1001 :            OPTION            |          IO          |   SETTING   
ARC-1001 : ------------------------------------------------------------------
ARC-1001 :   cso_b/cclk/mosi/miso/dout  |  T3/R11/T10/P10/S11  |    gpio    
ARC-1001 :             done             |         P13          |    gpio    
ARC-1001 :           program_b          |          T2          |  dedicate  
ARC-1001 :        tdi/tms/tck/tdo       |   C12/A15/C14/E14    |  dedicate  
ARC-1001 : ------------------------------------------------------------------
ARC-1004 : Device setting, marked 5 dedicate IOs in total.
RUN-1002 : start command "import_db ../syn_1/responder_gate.db"
RUN-1001 : Importing database generated by Tang Dynasty, V5.6.71036.
RUN-1001 : Database version number 46146.
RUN-1001 : Import flow parameters
RUN-1001 : Import IO constraints
RUN-1001 : Import Inst constraints
RUN-1001 : Import design success TD_VERSION=5.6.71036 , DB_VERSION=46146
RUN-1002 : start command "place"
RUN-1001 : Open license file C:/Anlogic/TD5.6.2/license/Anlogic.lic
RUN-1001 : Print Global Property
RUN-1001 : ---------------------------------------------------------------
RUN-1001 :        Parameters        |  Settings  |  Default Values  |  Note  
RUN-1001 : ---------------------------------------------------------------
RUN-1001 :          message         |  standard  |     standard     |        
RUN-1001 :   mixed_pack_place_flow  |     on     |        on        |        
RUN-1001 :        qor_monitor       |    off     |       off        |        
RUN-1001 :        syn_ip_flow       |    off     |       off        |        
RUN-1001 :          thread          |    auto    |       auto       |        
RUN-1001 : ---------------------------------------------------------------
RUN-1001 : Print Place Property
RUN-1001 : --------------------------------------------------------------
RUN-1001 :        Parameters       |  Settings  |  Default Values  |  Note  
RUN-1001 : --------------------------------------------------------------
RUN-1001 :      detailed_place     |     on     |        on        |        
RUN-1001 :          effort         |   medium   |      medium      |        
RUN-1001 :         fix_hold        |    off     |       off        |        
RUN-1001 :       legalization      |    ori     |       ori        |        
RUN-1001 :      new_spreading      |     on     |        on        |        
RUN-1001 :        opt_timing       |   medium   |      medium      |        
RUN-1001 :   post_clock_route_opt  |    off     |       off        |        
RUN-1001 :       pr_strategy       |     1      |        1         |        
RUN-1001 :        relaxation       |    1.00    |       1.00       |        
RUN-1001 :         retiming        |    off     |       off        |        
RUN-1001 : --------------------------------------------------------------
PHY-3001 : Placer runs in 8 thread(s).
RUN-1002 : start command "legalize_phy_inst"
SYN-1011 : Flatten model responder
RUN-1002 : start command "phys_opt -simplify_lut"
SYN-4024 : Net "CLK_dup_1" drives clk pins.
SYN-4024 : Net "U4/W_Digitron_Out_n" drives clk pins.
SYN-4024 : Net "U4/W_DigitronCS_Out_n" drives clk pins.
SYN-4024 : Net "U2/CLK1" drives clk pins.
SYN-4024 : Net "U4/SingleNum_b_n4" drives clk pins.
SYN-4025 : Tag rtl::Net CLK_dup_1 as clock net
SYN-4025 : Tag rtl::Net U2/CLK1 as clock net
SYN-4025 : Tag rtl::Net U4/SingleNum_b_n4 as clock net
SYN-4025 : Tag rtl::Net U4/W_DigitronCS_Out_n as clock net
SYN-4025 : Tag rtl::Net U4/W_Digitron_Out_n as clock net
SYN-4026 : Tagged 5 rtl::Net as clock net
SYN-4015 : Create BUFG instance for clk Net U2/CLK1 to drive 10 clock pins.
SYN-4015 : Create BUFG instance for clk Net U4/W_DigitronCS_Out_n to drive 8 clock pins.
SYN-4015 : Create BUFG instance for clk Net U4/W_Digitron_Out_n to drive 7 clock pins.
SYN-4015 : Create BUFG instance for clk Net U4/SingleNum_b_n4 to drive 4 clock pins.
PHY-1001 : Populate physical database on model responder.
RUN-1001 : There are total 355 instances
RUN-0007 : 150 luts, 129 seqs, 20 mslices, 20 lslices, 29 pads, 0 brams, 0 dsps
RUN-1001 : There are total 464 nets
RUN-1001 : 264 nets have 2 pins
RUN-1001 : 159 nets have [3 - 5] pins
RUN-1001 : 28 nets have [6 - 10] pins
RUN-1001 : 7 nets have [11 - 20] pins
RUN-1001 : 4 nets have [21 - 99] pins
RUN-1001 : 2 nets have 100+ pins
RUN-1001 : Report Control nets information:
RUN-1001 : DFF Distribution
RUN-1001 : ----------------------------------
RUN-1001 :   CE   |  SSR  |  ASR  |  DFF Count  
RUN-1001 : ----------------------------------
RUN-1001 :   No   |  No   |  No   |     31      
RUN-1001 :   No   |  No   |  Yes  |     35      
RUN-1001 :   No   |  Yes  |  No   |     29      
RUN-1001 :   Yes  |  No   |  No   |      0      
RUN-1001 :   Yes  |  No   |  Yes  |     34      
RUN-1001 :   Yes  |  Yes  |  No   |      0      
RUN-1001 : ----------------------------------
RUN-0007 : Control Group Statistic
RUN-0007 : ---------------------------
RUN-0007 :   #CLK  |  #CE  |  #SSR/ASR  
RUN-0007 : ---------------------------
RUN-0007 :    4    |   3   |     5      
RUN-0007 : ---------------------------
RUN-0007 : Control Set = 10
PHY-3001 : Initial placement ...
PHY-3001 : design contains 353 instances, 150 luts, 129 seqs, 40 slices, 5 macros(40 instances: 20 mslices 20 lslices)
PHY-0007 : Cell area utilization is 1%
PHY-3001 : Global placement ...
PHY-3001 : Initial: Len = 105757
PHY-3001 : Clustering ...
PHY-3001 : Level 0 #clusters 353.
PHY-3001 : End clustering;  0.000015s wall, 0.000000s user + 0.000000s system = 0.000000s CPU (n/a%)

PHY-3001 : Run with size of 4
PHY-3001 : Cell area utilization is 1%
PHY-3001 : :::0::: Try harder cell spreading with beta_ = 0
PHY-3002 : Step(1): len = 68972.2, overlap = 0
PHY-3002 : Step(2): len = 49143.2, overlap = 0
PHY-3002 : Step(3): len = 33801, overlap = 0
PHY-3002 : Step(4): len = 27380.3, overlap = 0
PHY-3002 : Step(5): len = 23300.4, overlap = 0
PHY-3002 : Step(6): len = 21609.6, overlap = 0
PHY-3002 : Step(7): len = 20928.5, overlap = 0
PHY-3002 : Step(8): len = 20831, overlap = 0
PHY-3002 : Step(9): len = 19813.8, overlap = 0
PHY-3002 : Step(10): len = 18053.7, overlap = 0
PHY-3002 : Step(11): len = 17296.7, overlap = 0
PHY-3002 : Step(12): len = 16100.2, overlap = 0
PHY-3002 : Step(13): len = 14752, overlap = 0
PHY-3002 : Step(14): len = 14982.6, overlap = 0
PHY-3002 : Step(15): len = 14368.1, overlap = 0
PHY-3002 : Step(16): len = 13505.1, overlap = 0
PHY-3002 : Step(17): len = 13683, overlap = 0
PHY-3002 : Step(18): len = 12646, overlap = 0
PHY-3002 : Step(19): len = 12547.9, overlap = 0
PHY-3002 : Step(20): len = 12663.5, overlap = 0
PHY-3002 : Step(21): len = 11785.9, overlap = 0
PHY-3002 : Step(22): len = 11371.9, overlap = 0
PHY-3002 : Step(23): len = 11252, overlap = 0
PHY-3002 : Step(24): len = 11431.2, overlap = 0
PHY-3002 : Step(25): len = 10506.5, overlap = 0
PHY-3002 : Step(26): len = 10676.6, overlap = 0
PHY-3002 : Step(27): len = 9646.4, overlap = 0
PHY-3002 : Step(28): len = 9518.9, overlap = 0
PHY-3002 : Step(29): len = 9526, overlap = 0
PHY-3002 : Step(30): len = 8517.1, overlap = 0
PHY-3002 : Step(31): len = 8648.7, overlap = 0
PHY-3002 : Step(32): len = 8648.7, overlap = 0
PHY-3001 : Legalization ...
PHY-3001 : End legalization;  0.006288s wall, 0.000000s user + 0.000000s system = 0.000000s CPU (n/a%)

PHY-3001 : Run with size of 4
PHY-3001 : Cell area utilization is 1%
PHY-3001 : :::0::: Try harder cell spreading with beta_ = 0
PHY-3002 : Step(33): len = 8143.2, overlap = 0
PHY-3002 : Step(34): len = 8192.8, overlap = 0
PHY-3002 : Step(35): len = 8280.3, overlap = 0
PHY-3001 : Run with size of 2
PHY-3001 : Cell area utilization is 1%
PHY-3001 : :::0::: Try harder cell spreading with beta_ = 0
PHY-3002 : Step(36): len = 8079.8, overlap = 0.75
PHY-3002 : Step(37): len = 8108.9, overlap = 0.8125
PHY-3002 : Step(38): len = 8164.1, overlap = 0.6875
PHY-3002 : Step(39): len = 8253.4, overlap = 0.65625
PHY-3002 : Step(40): len = 8543.3, overlap = 0.59375
PHY-3002 : Step(41): len = 8865.9, overlap = 0.125
PHY-3002 : Step(42): len = 8081.6, overlap = 0.1875
PHY-3002 : Step(43): len = 8125.4, overlap = 0.53125
PHY-3002 : Step(44): len = 8181.6, overlap = 0.71875
PHY-3002 : Step(45): len = 7690.4, overlap = 0.75
PHY-3002 : Step(46): len = 7817.7, overlap = 0.75
PHY-3002 : Step(47): len = 7952.7, overlap = 0.75
PHY-3002 : Step(48): len = 7850.7, overlap = 0.125
PHY-3002 : Step(49): len = 8071.1, overlap = 0
PHY-3002 : Step(50): len = 8058.7, overlap = 1.84375
PHY-3002 : Step(51): len = 7790, overlap = 2.25
PHY-3002 : Step(52): len = 6799.4, overlap = 2.78125
PHY-3002 : Step(53): len = 6416.5, overlap = 0.78125
PHY-3002 : Step(54): len = 5870.9, overlap = 1.34375
PHY-3002 : Step(55): len = 5376, overlap = 1.125
PHY-3002 : Step(56): len = 5272.6, overlap = 1.59375
PHY-3002 : Step(57): len = 5047.5, overlap = 1.625
PHY-3002 : Step(58): len = 5141.6, overlap = 1.84375
PHY-3002 : Step(59): len = 5245.9, overlap = 1.875
PHY-3001 : :::1::: Try harder cell spreading with beta_ = 0.000623056
PHY-3002 : Step(60): len = 4891.7, overlap = 1.6875
PHY-3002 : Step(61): len = 4987.1, overlap = 1.9375
PHY-3002 : Step(62): len = 5029.8, overlap = 1.5
PHY-3001 : :::2::: Try harder cell spreading with beta_ = 0.00124611
PHY-3002 : Step(63): len = 4732.5, overlap = 1.875
PHY-3002 : Step(64): len = 4775.7, overlap = 1.875
PHY-3002 : Step(65): len = 4842.9, overlap = 1.75
OPT-1001 : Start physical optimization ...
OPT-1001 : Total overflow 9.84 peak overflow 1.56
OPT-1001 : Start high-fanout net optimization ...
OPT-1001 : Update timing in global mode
PHY-1001 : Start incremental global routing, caller is place ...
RUN-1001 : Generating global routing grids ...
RUN-1001 : Building simple global routing graph ...
PHY-1001 : Generate routing nets ...
PHY-1001 : Reuse net number 0/464.
PHY-1001 : Global iterations in 8 thread ...
PHY-1002 : len = 4984, over cnt = 27(0%), over = 98, worst = 14
PHY-1001 : End global iterations;  0.020557s wall, 0.000000s user + 0.015625s system = 0.015625s CPU (76.0%)

PHY-1001 : Congestion index: top1 = 14.17, top5 = 4.19, top10 = 2.09, top15 = 1.39.
PHY-1001 : End incremental global routing;  0.075538s wall, 0.031250s user + 0.015625s system = 0.046875s CPU (62.1%)

RUN-1002 : start command "start_timer -report"
TMR-5001 WARNING: No sdc constraints found while initiating timer.
TMR-2505 : Start building timing graph for model responder.
TMR-2506 : Build timing graph completely. Port num: 10, tpin num: 1607, tnet num: 462, tinst num: 353, tnode num: 2071, tedge num: 2587.
TMR-2508 : Levelizing timing graph completed, there are 23 levels in total.
TMR-2501 : Timing graph initialized successfully.
OPT-1001 : End timing update;  0.209141s wall, 0.203125s user + 0.000000s system = 0.203125s CPU (97.1%)

OPT-1001 : 0 high-fanout net processed.
OPT-1001 : End high-fanout net optimization;  0.288939s wall, 0.234375s user + 0.015625s system = 0.250000s CPU (86.5%)

OPT-1001 : Current memory(MB): used = 134, reserve = 106, peak = 134.
OPT-1001 : End physical optimization;  0.294355s wall, 0.234375s user + 0.015625s system = 0.250000s CPU (84.9%)

PHY-3001 : Start packing ...
SYN-4007 : Packing 0 MUX to BLE ...
SYN-4008 : Packed 0 MUX and 0 SEQ to BLE.
SYN-4007 : Packing 150 LUT to BLE ...
SYN-4008 : Packed 150 LUT and 68 SEQ to BLE.
SYN-4003 : Packing 61 remaining SEQ's ...
SYN-4005 : Packed 43 SEQ with LUT/SLICE
SYN-4006 : 44 single LUT's are left
SYN-4006 : 18 single SEQ's are left
SYN-4011 : Packing model "responder" (AL_USER_NORMAL) with 168/244 primitive instances ...
PHY-3001 : End packing;  0.010202s wall, 0.015625s user + 0.000000s system = 0.015625s CPU (153.2%)

PHY-1001 : Populate physical database on model responder.
RUN-1001 : There are total 170 instances
RUN-1001 : 67 mslices, 67 lslices, 29 pads, 0 brams, 0 dsps
RUN-1001 : There are total 406 nets
RUN-1001 : 212 nets have 2 pins
RUN-1001 : 150 nets have [3 - 5] pins
RUN-1001 : 31 nets have [6 - 10] pins
RUN-1001 : 9 nets have [11 - 20] pins
RUN-1001 : 3 nets have [21 - 99] pins
RUN-1001 : 1 nets have 100+ pins
PHY-3001 : design contains 168 instances, 134 slices, 5 macros(40 instances: 20 mslices 20 lslices)
PHY-3001 : Cell area utilization is 1%
PHY-3001 : After packing: Len = 5201, Over = 5.75
PHY-3001 : Run with size of 2
PHY-3001 : Cell area utilization is 1%
PHY-3001 : :::0::: Try harder cell spreading with beta_ = 0.000101742
PHY-3002 : Step(66): len = 5056.2, overlap = 6.25
PHY-3002 : Step(67): len = 5101.6, overlap = 6
PHY-3002 : Step(68): len = 5062, overlap = 5.5
PHY-3001 : :::1::: Try harder cell spreading with beta_ = 0.000203484
PHY-3002 : Step(69): len = 4951.6, overlap = 5.5
PHY-3002 : Step(70): len = 4951.6, overlap = 5.5
PHY-3002 : Step(71): len = 4945.6, overlap = 5.5
PHY-3001 : :::2::: Try harder cell spreading with beta_ = 0.000406968
PHY-3002 : Step(72): len = 4945.1, overlap = 5.25
PHY-3002 : Step(73): len = 4945.1, overlap = 5.25
PHY-3001 : Legalization ...
PHY-3001 : End legalization;  0.045334s wall, 0.000000s user + 0.000000s system = 0.000000s CPU (n/a%)

PHY-3001 : Trial Legalized: Len = 8016
PHY-3001 : Run with size of 2
PHY-3001 : Cell area utilization is 1%
PHY-3001 : :::0::: Try harder cell spreading with beta_ = 0.017827
PHY-3002 : Step(74): len = 6989.6, overlap = 0
PHY-3002 : Step(75): len = 6136, overlap = 2.5
PHY-3002 : Step(76): len = 5390.2, overlap = 3.25
PHY-3002 : Step(77): len = 5295.2, overlap = 4.5
PHY-3002 : Step(78): len = 5295.2, overlap = 4.5
PHY-3002 : Step(79): len = 5092.2, overlap = 4.5
PHY-3001 : Legalization ...
PHY-3001 : End legalization;  0.005053s wall, 0.000000s user + 0.000000s system = 0.000000s CPU (n/a%)

PHY-3001 : Legalized: Len = 6731.6, Over = 0
PHY-3001 : Spreading special nets. 2 overflows in 2952 tiles.
PHY-3001 : End spreading;  0.002701s wall, 0.000000s user + 0.000000s system = 0.000000s CPU (n/a%)

PHY-3001 : 4 instances has been re-located, deltaX = 2, deltaY = 2, maxDist = 1.
PHY-3001 : Final: Len = 6799.6, Over = 0
OPT-1001 : Start physical optimization ...
OPT-1001 : Total overflow 0.00 peak overflow 0.00
OPT-1001 : Start high-fanout net optimization ...
OPT-1001 : Update timing in global mode
PHY-1001 : Start incremental global routing, caller is place ...
RUN-1001 : Generating global routing grids ...
PHY-1001 : Generate routing nets ...
PHY-1001 : Reuse net number 42/406.
PHY-1001 : Global iterations in 8 thread ...
PHY-1002 : len = 7224, over cnt = 25(0%), over = 45, worst = 3
PHY-1002 : len = 7384, over cnt = 16(0%), over = 29, worst = 3
PHY-1002 : len = 7760, over cnt = 2(0%), over = 4, worst = 3
PHY-1002 : len = 7808, over cnt = 0(0%), over = 0, worst = 0
PHY-1001 : End global iterations;  0.043640s wall, 0.000000s user + 0.000000s system = 0.000000s CPU (n/a%)

PHY-1001 : Congestion index: top1 = 16.51, top5 = 6.09, top10 = 3.04, top15 = 2.03.
PHY-1001 : End incremental global routing;  0.088938s wall, 0.031250s user + 0.000000s system = 0.031250s CPU (35.1%)

RUN-1002 : start command "start_timer -report"
TMR-5001 WARNING: No sdc constraints found while initiating timer.
TMR-2505 : Start building timing graph for model responder.
TMR-2506 : Build timing graph completely. Port num: 10, tpin num: 1412, tnet num: 404, tinst num: 168, tnode num: 1779, tedge num: 2386.
TMR-2508 : Levelizing timing graph completed, there are 23 levels in total.
TMR-2501 : Timing graph initialized successfully.
OPT-1001 : End timing update;  0.176065s wall, 0.156250s user + 0.000000s system = 0.156250s CPU (88.7%)

OPT-1001 : 0 high-fanout net processed.
OPT-1001 : End high-fanout net optimization;  0.271682s wall, 0.187500s user + 0.000000s system = 0.187500s CPU (69.0%)

OPT-1001 : Current memory(MB): used = 135, reserve = 106, peak = 135.
OPT-1001 : Update timing in Manhattan mode
OPT-1001 : End timing update;  0.000289s wall, 0.000000s user + 0.000000s system = 0.000000s CPU (n/a%)

OPT-1001 : Start pin optimization...
OPT-1001 : skip pin optimization...
RUN-1001 : Generating global routing grids ...
PHY-1001 : Generate routing nets ...
PHY-1001 : Reuse net number 308/406.
PHY-1001 : Global iterations in 8 thread ...
PHY-1002 : len = 7808, over cnt = 0(0%), over = 0, worst = 0
PHY-1001 : End global iterations;  0.001676s wall, 0.000000s user + 0.000000s system = 0.000000s CPU (n/a%)

PHY-1001 : Congestion index: top1 = 16.51, top5 = 6.09, top10 = 3.04, top15 = 2.03.
OPT-1001 : Update timing in Manhattan mode
OPT-1001 : End timing update;  0.000471s wall, 0.000000s user + 0.000000s system = 0.000000s CPU (n/a%)

RUN-1001 : QoR Analysis:
OPT-0007 :   WNS 2147483647 TNS 0 NUM_FEPS 0
RUN-1001 :   No local congestion issue, and most congested 1% tile average routing util is 16.137931
RUN-1001 :   Top critical paths
OPT-1001 : End physical optimization;  0.320359s wall, 0.234375s user + 0.000000s system = 0.234375s CPU (73.2%)

RUN-1003 : finish command "place" in  2.194808s wall, 1.187500s user + 0.406250s system = 1.593750s CPU (72.6%)

RUN-1004 : used memory is 130 MB, reserved memory is 101 MB, peak memory is 135 MB
RUN-1002 : start command "export_db responder_place.db"
RUN-1001 : Exported /
RUN-1001 : Exported flow parameters
RUN-1001 : Exported libs
RUN-1001 : Exported entities
RUN-1001 : Exported ports
RUN-1001 : Exported pins
RUN-1001 : Exported instances
RUN-1001 : Exported nets
RUN-1001 : Exported buses
RUN-1001 : Exported models
RUN-1001 : Exported congestions
RUN-1001 : Exported violations
RUN-1001 : Exported IO constraints
RUN-1001 : Exported Inst constraints
RUN-1002 : start command "route"
RUN-1001 : Open license file C:/Anlogic/TD5.6.2/license/Anlogic.lic
RUN-1001 : Print Global Property
RUN-1001 : ---------------------------------------------------------------
RUN-1001 :        Parameters        |  Settings  |  Default Values  |  Note  
RUN-1001 : ---------------------------------------------------------------
RUN-1001 :          message         |  standard  |     standard     |        
RUN-1001 :   mixed_pack_place_flow  |     on     |        on        |        
RUN-1001 :        qor_monitor       |    off     |       off        |        
RUN-1001 :        syn_ip_flow       |    off     |       off        |        
RUN-1001 :          thread          |    auto    |       auto       |        
RUN-1001 : ---------------------------------------------------------------
RUN-1001 : Print Route Property
RUN-1001 : -------------------------------------------------------
RUN-1001 :    Parameters    |  Settings  |  Default Values  |  Note  
RUN-1001 : -------------------------------------------------------
RUN-1001 :      effort      |   medium   |      medium      |        
RUN-1001 :     fix_hold     |    off     |       off        |        
RUN-1001 :    opt_timing    |   medium   |      medium      |        
RUN-1001 :   phy_sim_model  |    off     |       off        |        
RUN-1001 :     priority     |   timing   |      timing      |        
RUN-1001 :     swap_pin     |     on     |        on        |        
RUN-1001 : -------------------------------------------------------
PHY-1001 : Route runs in 8 thread(s)
RUN-1001 : There are total 170 instances
RUN-1001 : 67 mslices, 67 lslices, 29 pads, 0 brams, 0 dsps
RUN-1001 : There are total 406 nets
RUN-1001 : 212 nets have 2 pins
RUN-1001 : 150 nets have [3 - 5] pins
RUN-1001 : 31 nets have [6 - 10] pins
RUN-1001 : 9 nets have [11 - 20] pins
RUN-1001 : 3 nets have [21 - 99] pins
RUN-1001 : 1 nets have 100+ pins
RUN-1002 : start command "start_timer -report"
TMR-5001 WARNING: No sdc constraints found while initiating timer.
TMR-2505 : Start building timing graph for model responder.
TMR-2506 : Build timing graph completely. Port num: 10, tpin num: 1412, tnet num: 404, tinst num: 168, tnode num: 1779, tedge num: 2386.
TMR-2508 : Levelizing timing graph completed, there are 23 levels in total.
TMR-2501 : Timing graph initialized successfully.
PHY-1001 : 67 mslices, 67 lslices, 29 pads, 0 brams, 0 dsps
TMR-2503 : Start to update net delay, extr mode = 3.
TMR-2504 : Update delay of 404 nets completely.
TMR-2502 : Annotate delay completely, extr mode = 3.
TMR-3002 : No user constraint, initiate default constraint.
TMR-1501 : Assign derive clock DeriveClock to 218 clock pins, and constraint 367 relative nodes.
TMR-3003 : Constraints initiated successfully.
TMR-3501 : Forward propagation: start to calculate arrival time...
TMR-3502 : Backward propagation: start to calculate required time...
TMR-3503 : Timing propagation completes.
PHY-1001 : Start global routing, caller is route ...
RUN-1001 : Generating global routing grids ...
PHY-1001 : Generate routing nets ...
PHY-1001 : Global iterations in 8 thread ...
PHY-1002 : len = 7200, over cnt = 27(0%), over = 48, worst = 4
PHY-1002 : len = 7456, over cnt = 12(0%), over = 17, worst = 2
PHY-1002 : len = 7680, over cnt = 1(0%), over = 2, worst = 2
PHY-1002 : len = 7712, over cnt = 0(0%), over = 0, worst = 0
PHY-1001 : End global iterations;  0.046437s wall, 0.000000s user + 0.015625s system = 0.015625s CPU (33.6%)

PHY-1001 : Congestion index: top1 = 16.38, top5 = 6.00, top10 = 2.99, top15 = 2.00.
PHY-1001 : End global routing;  0.092411s wall, 0.031250s user + 0.015625s system = 0.046875s CPU (50.7%)

PHY-1001 : Start detail routing ...
PHY-1001 : Current memory(MB): used = 148, reserve = 119, peak = 156.
PHY-1001 : Detailed router is running in normal mode.
PHY-1001 : Generate detailed routing grids ...
PHY-1001 : Processed IO instance DigitronCS_Out[3]_syn_2 with INV attribute.
PHY-1001 : Processed IO instance DigitronCS_Out[2]_syn_2 with INV attribute.
PHY-1001 : Processed IO instance DigitronCS_Out[1]_syn_2 with INV attribute.
PHY-1001 : Processed IO instance DigitronCS_Out[0]_syn_2 with INV attribute.
PHY-1001 : Processed IO instance Digitron_Out[6]_syn_2 with INV attribute.
PHY-1001 : Processed IO instance Digitron_Out[5]_syn_2 with INV attribute.
PHY-1001 : Processed IO instance Digitron_Out[4]_syn_2 with INV attribute.
PHY-1001 : Processed IO instance Digitron_Out[3]_syn_2 with INV attribute.
PHY-1001 : Processed IO instance Digitron_Out[2]_syn_2 with INV attribute.
PHY-1001 : Processed IO instance Digitron_Out[1]_syn_2 with INV attribute.
PHY-1001 : Processed IO instance Digitron_Out[0]_syn_2 with INV attribute.
PHY-1001 : Generate nets ...
PHY-1001 : net CLK_dup_1 will be routed on clock mesh
PHY-1001 : clock net U2/CLK1_syn_4 will be merged with clock U2/CLK1
PHY-1001 : clock net U4/SingleNum_b_n4_syn_10 will be merged with clock U4/SingleNum_b_n4
PHY-1001 : clock net U4/W_DigitronCS_Out_n_syn_4 will be merged with clock U4/W_DigitronCS_Out_n
PHY-1001 : clock net U4/W_Digitron_Out_n_syn_2 will be merged with clock U4/W_Digitron_Out_n
PHY-1001 : Current memory(MB): used = 418, reserve = 393, peak = 418.
PHY-1001 : End build detailed router design. 3.891944s wall, 3.218750s user + 0.015625s system = 3.234375s CPU (83.1%)

PHY-1001 : Detail Route ...
PHY-1001 : ===== Detail Route Phase 1 =====
PHY-1001 : Clock net routing.....
PHY-1001 : Routed 1% nets.
PHY-1022 : len = 13608, over cnt = 0(0%), over = 0, worst = 0, crit = 0
PHY-1001 : End initial clock net routed; 1.345408s wall, 1.125000s user + 0.015625s system = 1.140625s CPU (84.8%)

PHY-1001 : Current memory(MB): used = 447, reserve = 424, peak = 447.
PHY-1001 : End phase 1; 1.351254s wall, 1.125000s user + 0.015625s system = 1.140625s CPU (84.4%)

PHY-1001 : ===== Detail Route Phase 2 =====
PHY-1001 : Initial routing.....
PHY-1001 : Routed 32% nets.
PHY-1001 : Routed 43% nets.
PHY-1001 : Routed 51% nets.
PHY-1001 : Routed 62% nets.
PHY-1001 : Routed 82% nets.
PHY-1022 : len = 29784, over cnt = 6(0%), over = 6, worst = 1, crit = 0
PHY-1001 : Current memory(MB): used = 447, reserve = 424, peak = 448.
PHY-1001 : End initial routed; 0.099514s wall, 0.062500s user + 0.031250s system = 0.093750s CPU (94.2%)

PHY-1001 : Current memory(MB): used = 447, reserve = 424, peak = 448.
PHY-1001 : End phase 2; 0.099559s wall, 0.062500s user + 0.031250s system = 0.093750s CPU (94.2%)

PHY-1001 : ===== Detail Route Phase 3 =====
PHY-1001 : Ripup-reroute.....
PHY-1001 : ===== DR Iter 1 =====
PHY-1022 : len = 29776, over cnt = 1(0%), over = 1, worst = 1, crit = 0
PHY-1001 : End DR Iter 1; 0.012980s wall, 0.015625s user + 0.000000s system = 0.015625s CPU (120.4%)

PHY-1001 : ===== DR Iter 2 =====
PHY-1022 : len = 29776, over cnt = 0(0%), over = 0, worst = 0, crit = 0
PHY-1001 : End DR Iter 2; 0.011279s wall, 0.000000s user + 0.000000s system = 0.000000s CPU (n/a%)

PHY-1001 : Commit to database.....
PHY-1001 : 2 feed throughs used by 2 nets
PHY-1001 : End commit to database; 0.055092s wall, 0.031250s user + 0.000000s system = 0.031250s CPU (56.7%)

PHY-1001 : Current memory(MB): used = 457, reserve = 433, peak = 457.
PHY-1001 : End phase 3; 0.192930s wall, 0.140625s user + 0.000000s system = 0.140625s CPU (72.9%)

PHY-1003 : Routed, final wirelength = 29776
PHY-1001 : Current memory(MB): used = 457, reserve = 433, peak = 457.
PHY-1001 : End export database. 0.006011s wall, 0.000000s user + 0.000000s system = 0.000000s CPU (n/a%)

PHY-1001 : End detail routing;  5.754525s wall, 4.750000s user + 0.062500s system = 4.812500s CPU (83.6%)

RUN-1003 : finish command "route" in  6.102742s wall, 4.984375s user + 0.078125s system = 5.062500s CPU (83.0%)

RUN-1004 : used memory is 414 MB, reserved memory is 389 MB, peak memory is 457 MB
RUN-1002 : start command "report_area -io_info -file responder_phy.area"
RUN-1001 : standard
***Report Model: responder Device: EG4S20BG256***

IO Statistics
#IO                        29
  #input                    7
  #output                  22
  #inout                    0

Utilization Statistics
#lut                      237   out of  19600    1.21%
#reg                      150   out of  19600    0.77%
#le                       255
  #lut only               105   out of    255   41.18%
  #reg only                18   out of    255    7.06%
  #lut&reg                132   out of    255   51.76%
#dsp                        0   out of     29    0.00%
#bram                       0   out of     64    0.00%
  #bram9k                   0
  #fifo9k                   0
#bram32k                    0   out of     16    0.00%
#pad                       29   out of    188   15.43%
  #ireg                     4
  #oreg                    17
  #treg                     0
#pll                        0   out of      4    0.00%
#gclk                       4   out of     16   25.00%

Clock Resource Statistics
Index     ClockNet                 Type               DriverType         Driver                   Fanout
#1        CLK_dup_1                GCLK               io                 CLK_syn_2.di             95
#2        U2/CLK1                  GCLK               mslice             U2/CLK1_reg_syn_30.q0    8
#3        U4/W_DigitronCS_Out_n    GCLK               mslice             U4/reg2_syn_27.f1        8
#4        U4/W_Digitron_Out_n      GCLK               lslice             U4/reg2_syn_31.f0        7
#5        U4/SingleNum_b_n4        GCLK               mslice             U4/sel2_syn_69.f0        2


Detailed IO Report

        Name           Direction    Location    IOStandard    DriveStrength    PullType    PackReg  
         CLK             INPUT         R7        LVCMOS33          N/A          PULLUP      NONE    
      Key_In[3]          INPUT        F10        LVCMOS33          N/A          PULLUP      IREG    
      Key_In[2]          INPUT        C11        LVCMOS33          N/A          PULLUP      IREG    
      Key_In[1]          INPUT        D11        LVCMOS33          N/A          PULLUP      IREG    
      Key_In[0]          INPUT        E11        LVCMOS33          N/A          PULLUP      IREG    
        RSTn             INPUT         A9        LVCMOS33          N/A          PULLUP      NONE    
        Start            INPUT        A10        LVCMOS33          N/A          PULLUP      NONE    
     Buzzer_Out         OUTPUT        H11        LVCMOS33           8            NONE       OREG    
  DigitronCS_Out[3]     OUTPUT         A3        LVCMOS33           8            NONE       OREG    
  DigitronCS_Out[2]     OUTPUT         A5        LVCMOS33           8            NONE       OREG    
  DigitronCS_Out[1]     OUTPUT         B6        LVCMOS33           8            NONE       OREG    
  DigitronCS_Out[0]     OUTPUT         C9        LVCMOS33           8            NONE       OREG    
   Digitron_Out[7]      OUTPUT         C8        LVCMOS33           8            NONE       NONE    
   Digitron_Out[6]      OUTPUT         A8        LVCMOS33           8            NONE       OREG    
   Digitron_Out[5]      OUTPUT         B5        LVCMOS33           8            NONE       OREG    
   Digitron_Out[4]      OUTPUT         A7        LVCMOS33           8            NONE       OREG    
   Digitron_Out[3]      OUTPUT         E8        LVCMOS33           8            NONE       OREG    
   Digitron_Out[2]      OUTPUT         B8        LVCMOS33           8            NONE       OREG    
   Digitron_Out[1]      OUTPUT         A6        LVCMOS33           8            NONE       OREG    
   Digitron_Out[0]      OUTPUT         A4        LVCMOS33           8            NONE       OREG    
     Key_Row[3]         OUTPUT        E10        LVCMOS33           8            NONE       NONE    
     Key_Row[2]         OUTPUT        C10        LVCMOS33           8            NONE       NONE    
     Key_Row[1]         OUTPUT         F9        LVCMOS33           8            NONE       NONE    
     Key_Row[0]         OUTPUT         D9        LVCMOS33           8            NONE       NONE    
     LED_Out[3]         OUTPUT        C15        LVCMOS33           8            NONE       OREG    
     LED_Out[2]         OUTPUT        B16        LVCMOS33           8            NONE       OREG    
     LED_Out[1]         OUTPUT        B15        LVCMOS33           8            NONE       OREG    
     LED_Out[0]         OUTPUT        B14        LVCMOS33           8            NONE       OREG    
  LED_OverTime_Out      OUTPUT        F16        LVCMOS33           8            NONE       OREG    

Report Hierarchy Area:
+-----------------------------------------------------------------------------------+
|Instance |Module              |le     |lut     |ripple  |seq     |bram    |dsp     |
+-----------------------------------------------------------------------------------+
|top      |responder           |255    |197     |40      |171     |0       |0       |
|  U1     |Sel_module          |62     |48      |7       |36      |0       |0       |
|  U2     |Timer_module        |57     |47      |7       |36      |0       |0       |
|  U3     |Buzzer_module       |40     |26      |6       |27      |0       |0       |
|  U4     |Digitron_NumDisplay |62     |53      |9       |28      |0       |0       |
|  U5     |key_filter          |34     |23      |11      |23      |0       |0       |
+-----------------------------------------------------------------------------------+


DataNet Average Fanout:

   Index     Fanout    Nets  
    #1         1       183   
    #2         2       128   
    #3         3        13   
    #4         4        8    
    #5        5-10      30   
    #6       11-50      8    
  Average     2.32           

RUN-1002 : start command "export_db responder_pr.db"
RUN-1001 : Exported /
RUN-1001 : Exported flow parameters
RUN-1001 : Exported libs
RUN-1001 : Exported entities
RUN-1001 : Exported ports
RUN-1001 : Exported pins
RUN-1001 : Exported instances
RUN-1001 : Exported nets
RUN-1001 : Exported buses
RUN-1001 : Exported models
RUN-1001 : Exported congestions
RUN-1001 : Exported violations
RUN-1001 : Exported IO constraints
RUN-1001 : Exported Inst constraints
RUN-1002 : start command "export_bid responder_inst.bid"
RUN-1002 : start command "bitgen -bit responder.bit -unused_io_status pulldown"
BIT-1003 : Start to generate bitstream. 
BIT-1002 : Bitgen processed 159 unused pads, reserve input tri_state with pulldown
BIT-1002 : Init instances with 8 threads.
BIT-1002 : Init instances completely, inst num: 327
BIT-1002 : Init pips with 8 threads.
BIT-1002 : Init pips completely, net num: 406, pip num: 2749
BIT-1002 : Init feedthrough completely, num: 2
BIT-1003 : Multithreading accelaration with 8 threads.
BIT-1003 : Generate bitstream completely, there are 535 valid insts, and 8634 bits set as '1'.
BIT-1004 : PLL setting string = 0000
BIT-1004 : Generate bits file responder.bit.
RUN-1003 : finish command "bitgen -bit responder.bit -unused_io_status pulldown" in  1.612580s wall, 2.906250s user + 0.000000s system = 2.906250s CPU (180.2%)

RUN-1004 : used memory is 424 MB, reserved memory is 400 MB, peak memory is 576 MB
RUN-1002 : start command "backup_run_log run.log ../.logs/phy_1/td_20240723_212750.log"
