============================================================
   Tang Dynasty, V5.6.71036
      Copyright (c) 2012-2023 Anlogic Inc.
   Executable = C:/Anlogic/TD5.6.2/bin/td.exe
   Built at =   20:34:38 Mar 21 2023
   Run by =     Timmy
   Run Date =   Sat Jul 27 14:59:53 2024

   Run on =     DESKTOP-A28VB3Q
============================================================
RUN-1002 : start command "open_project responder.prj"
RUN-1001 : Print Global Property
RUN-1001 : ---------------------------------------------------------------
RUN-1001 :        Parameters        |  Settings  |  Default Values  |  Note  
RUN-1001 : ---------------------------------------------------------------
RUN-1001 :          message         |  standard  |     standard     |        
RUN-1001 :   mixed_pack_place_flow  |     on     |        on        |        
RUN-1001 :        qor_monitor       |    off     |       off        |        
RUN-1001 :        syn_ip_flow       |    off     |       off        |        
RUN-1001 :          thread          |    auto    |       auto       |        
RUN-1001 : ---------------------------------------------------------------
RUN-1001 : Print Design Property
RUN-1001 : --------------------------------------------------------------
RUN-1001 :        Parameters       |  Settings  |  Default Values  |  Note  
RUN-1001 : --------------------------------------------------------------
RUN-1001 :   default_reg_initial   |    auto    |       auto       |        
RUN-1001 :        infer_add        |     on     |        on        |        
RUN-1001 :        infer_fsm        |    off     |       off        |        
RUN-1001 :        infer_mult       |     on     |        on        |        
RUN-1001 :        infer_ram        |     on     |        on        |        
RUN-1001 :        infer_reg        |     on     |        on        |        
RUN-1001 :   infer_reg_init_value  |     on     |        on        |        
RUN-1001 :        infer_rom        |     on     |        on        |        
RUN-1001 :      infer_shifter      |     on     |        on        |        
RUN-1001 : --------------------------------------------------------------
RUN-1001 : Print Rtl Property
RUN-1001 : --------------------------------------------------------------
RUN-1001 :        Parameters       |  Settings  |  Default Values  |  Note  
RUN-1001 : --------------------------------------------------------------
RUN-1001 :       compress_add      |   ripple   |      ripple      |        
RUN-1001 :        elf_sload        |    off     |       off        |        
RUN-1001 :       fix_undriven      |     0      |        0         |        
RUN-1001 :         flatten         |    off     |       off        |        
RUN-1001 :       gate_sharing      |     on     |        on        |        
RUN-1001 :    hdl_warning_level    |   normal   |      normal      |        
RUN-1001 :   impl_internal_tribuf  |     on     |        on        |        
RUN-1001 :      impl_set_reset     |     on     |        on        |        
RUN-1001 :        infer_gsr        |    off     |       off        |        
RUN-1001 :      keep_hierarchy     |    auto    |       auto       |        
RUN-1001 :        max_fanout       |    9999    |       9999       |        
RUN-1001 :      max_oh2bin_len     |     10     |        10        |        
RUN-1001 :       merge_equal       |     on     |        on        |        
RUN-1001 :       merge_equiv       |     on     |        on        |        
RUN-1001 :        merge_mux        |    off     |       off        |        
RUN-1001 :     min_control_set     |     8      |        8         |        
RUN-1001 :      min_ripple_len     |    auto    |       auto       |        
RUN-1001 :       oh2bin_ratio      |    0.08    |       0.08       |        
RUN-1001 :     opt_adder_fanout    |     on     |        on        |        
RUN-1001 :        opt_arith        |     on     |        on        |        
RUN-1001 :       opt_big_gate      |    off     |       off        |        
RUN-1001 :        opt_const        |     on     |        on        |        
RUN-1001 :      opt_const_mult     |     on     |        on        |        
RUN-1001 :       opt_lessthan      |     on     |        on        |        
RUN-1001 :         opt_mux         |    off     |       off        |        
RUN-1001 :         opt_ram         |    high    |       high       |        
RUN-1001 :      rtl_sim_model      |    off     |       off        |        
RUN-1001 :         seq_syn         |     on     |        on        |        
RUN-1001 : --------------------------------------------------------------
HDL-1007 : analyze verilog file ../../responder.v
HDL-1007 : analyze verilog file ../../Sel_module.v
HDL-1007 : analyze verilog file ../../Timer_module.v
HDL-1007 : analyze verilog file ../../Buzzer_module.v
HDL-1007 : analyze verilog file ../../Digitron_NumDisplay.v
HDL-1007 : analyze verilog file ../../key_filter.v
HDL-1007 : analyze verilog file ../../../../1 run_led/run_led/led8_module.v
HDL-1007 : analyze verilog file ../../countdown_module.v
RUN-1001 : Project manager successfully analyzed 8 source files.
RUN-1002 : start command "import_device eagle_s20.db -package EG4S20BG256"
ARC-1001 : Device Initialization.
ARC-1001 : ------------------------------------------------------------------
ARC-1001 :            OPTION            |          IO          |   SETTING   
ARC-1001 : ------------------------------------------------------------------
ARC-1001 :   cso_b/cclk/mosi/miso/dout  |  T3/R11/T10/P10/S11  |    gpio    
ARC-1001 :             done             |         P13          |    gpio    
ARC-1001 :           program_b          |          T2          |  dedicate  
ARC-1001 :        tdi/tms/tck/tdo       |   C12/A15/C14/E14    |  dedicate  
ARC-1001 : ------------------------------------------------------------------
ARC-1004 : Device setting, marked 5 dedicate IOs in total.
RUN-1002 : start command "import_db ../syn_1/responder_gate.db"
RUN-1001 : Importing database generated by Tang Dynasty, V5.6.71036.
RUN-1001 : Database version number 46146.
RUN-1001 : Import flow parameters
RUN-1001 : Import IO constraints
RUN-1001 : Import Inst constraints
RUN-1001 : Import design success TD_VERSION=5.6.71036 , DB_VERSION=46146
RUN-1002 : start command "place"
RUN-1001 : Open license file C:/Anlogic/TD5.6.2/license/Anlogic.lic
RUN-1001 : Print Global Property
RUN-1001 : ---------------------------------------------------------------
RUN-1001 :        Parameters        |  Settings  |  Default Values  |  Note  
RUN-1001 : ---------------------------------------------------------------
RUN-1001 :          message         |  standard  |     standard     |        
RUN-1001 :   mixed_pack_place_flow  |     on     |        on        |        
RUN-1001 :        qor_monitor       |    off     |       off        |        
RUN-1001 :        syn_ip_flow       |    off     |       off        |        
RUN-1001 :          thread          |    auto    |       auto       |        
RUN-1001 : ---------------------------------------------------------------
RUN-1001 : Print Place Property
RUN-1001 : --------------------------------------------------------------
RUN-1001 :        Parameters       |  Settings  |  Default Values  |  Note  
RUN-1001 : --------------------------------------------------------------
RUN-1001 :      detailed_place     |     on     |        on        |        
RUN-1001 :          effort         |   medium   |      medium      |        
RUN-1001 :         fix_hold        |    off     |       off        |        
RUN-1001 :       legalization      |    ori     |       ori        |        
RUN-1001 :      new_spreading      |     on     |        on        |        
RUN-1001 :        opt_timing       |   medium   |      medium      |        
RUN-1001 :   post_clock_route_opt  |    off     |       off        |        
RUN-1001 :       pr_strategy       |     1      |        1         |        
RUN-1001 :        relaxation       |    1.00    |       1.00       |        
RUN-1001 :         retiming        |    off     |       off        |        
RUN-1001 : --------------------------------------------------------------
PHY-3001 : Placer runs in 8 thread(s).
RUN-1002 : start command "legalize_phy_inst"
SYN-1011 : Flatten model responder
RUN-1002 : start command "phys_opt -simplify_lut"
SYN-4024 : Net "CLK_dup_1" drives clk pins.
SYN-4024 : Net "U2/CLK1" drives clk pins.
SYN-4024 : Net "U4/W_DigitronCS_Out_n" drives clk pins.
SYN-4024 : Net "Set_Time_dup_1" drives clk pins.
SYN-4024 : Net "U7/temp_time_n" drives clk pins.
SYN-4024 : Net "U4/SingleNum_b_n4" drives clk pins.
SYN-4025 : Tag rtl::Net CLK_dup_1 as clock net
SYN-4025 : Tag rtl::Net Set_Time_dup_1 as clock net
SYN-4025 : Tag rtl::Net U2/CLK1 as clock net
SYN-4025 : Tag rtl::Net U4/SingleNum_b_n4 as clock net
SYN-4025 : Tag rtl::Net U4/W_DigitronCS_Out_n as clock net
SYN-4025 : Tag rtl::Net U7/temp_time_n as clock net
SYN-4026 : Tagged 6 rtl::Net as clock net
SYN-4015 : Create BUFG instance for clk Net U2/CLK1 to drive 11 clock pins.
SYN-4015 : Create BUFG instance for clk Net U4/W_DigitronCS_Out_n to drive 8 clock pins.
SYN-4015 : Create BUFG instance for clk Net U7/temp_time_n to drive 8 clock pins.
SYN-4015 : Create BUFG instance for clk Net U4/SingleNum_b_n4 to drive 4 clock pins.
PHY-1001 : Populate physical database on model responder.
RUN-1001 : There are total 473 instances
RUN-0007 : 206 luts, 171 seqs, 30 mslices, 26 lslices, 33 pads, 0 brams, 0 dsps
RUN-1001 : There are total 621 nets
RUN-1001 : 375 nets have 2 pins
RUN-1001 : 195 nets have [3 - 5] pins
RUN-1001 : 31 nets have [6 - 10] pins
RUN-1001 : 13 nets have [11 - 20] pins
RUN-1001 : 5 nets have [21 - 99] pins
RUN-1001 : 2 nets have 100+ pins
RUN-1001 : Report Control nets information:
RUN-1001 : DFF Distribution
RUN-1001 : ----------------------------------
RUN-1001 :   CE   |  SSR  |  ASR  |  DFF Count  
RUN-1001 : ----------------------------------
RUN-1001 :   No   |  No   |  No   |     44      
RUN-1001 :   No   |  No   |  Yes  |     65      
RUN-1001 :   No   |  Yes  |  No   |     29      
RUN-1001 :   Yes  |  No   |  No   |      0      
RUN-1001 :   Yes  |  No   |  Yes  |     33      
RUN-1001 :   Yes  |  Yes  |  No   |      0      
RUN-1001 : ----------------------------------
RUN-0007 : Control Group Statistic
RUN-0007 : ---------------------------
RUN-0007 :   #CLK  |  #CE  |  #SSR/ASR  
RUN-0007 : ---------------------------
RUN-0007 :    6    |   3   |     5      
RUN-0007 : ---------------------------
RUN-0007 : Control Set = 12
PHY-3001 : Initial placement ...
PHY-3001 : design contains 471 instances, 206 luts, 171 seqs, 56 slices, 8 macros(56 instances: 30 mslices 26 lslices)
PHY-0007 : Cell area utilization is 1%
PHY-3001 : Global placement ...
PHY-3001 : Initial: Len = 151309
PHY-3001 : Clustering ...
PHY-3001 : Level 0 #clusters 471.
PHY-3001 : End clustering;  0.000025s wall, 0.000000s user + 0.000000s system = 0.000000s CPU (n/a%)

PHY-3001 : Run with size of 4
PHY-3001 : Cell area utilization is 1%
PHY-3001 : :::0::: Try harder cell spreading with beta_ = 0
PHY-3002 : Step(1): len = 94400, overlap = 0
PHY-3002 : Step(2): len = 63215.1, overlap = 0
PHY-3002 : Step(3): len = 47035, overlap = 0
PHY-3002 : Step(4): len = 36067.7, overlap = 0
PHY-3002 : Step(5): len = 30815.2, overlap = 0
PHY-3002 : Step(6): len = 28768.1, overlap = 0
PHY-3002 : Step(7): len = 25164.2, overlap = 0
PHY-3002 : Step(8): len = 22703.4, overlap = 0
PHY-3002 : Step(9): len = 21530.4, overlap = 0
PHY-3002 : Step(10): len = 19426.7, overlap = 0
PHY-3002 : Step(11): len = 19712.6, overlap = 0
PHY-3002 : Step(12): len = 18918.9, overlap = 0
PHY-3002 : Step(13): len = 17070.2, overlap = 0
PHY-3002 : Step(14): len = 17281.1, overlap = 0
PHY-3002 : Step(15): len = 17370.6, overlap = 0
PHY-3002 : Step(16): len = 17403.7, overlap = 0
PHY-3002 : Step(17): len = 16970.8, overlap = 0
PHY-3002 : Step(18): len = 16569.7, overlap = 0
PHY-3002 : Step(19): len = 16354.9, overlap = 0
PHY-3002 : Step(20): len = 15821.5, overlap = 0
PHY-3002 : Step(21): len = 15264.8, overlap = 0
PHY-3002 : Step(22): len = 15678.1, overlap = 0
PHY-3002 : Step(23): len = 14441.9, overlap = 0
PHY-3002 : Step(24): len = 13564, overlap = 0
PHY-3002 : Step(25): len = 13443.2, overlap = 0
PHY-3002 : Step(26): len = 12717.6, overlap = 0
PHY-3002 : Step(27): len = 12790.7, overlap = 0
PHY-3002 : Step(28): len = 11773.7, overlap = 0
PHY-3002 : Step(29): len = 11801.8, overlap = 0
PHY-3002 : Step(30): len = 11925.4, overlap = 0
PHY-3002 : Step(31): len = 11460.3, overlap = 0
PHY-3002 : Step(32): len = 11221.9, overlap = 0
PHY-3002 : Step(33): len = 11155.2, overlap = 0
PHY-3002 : Step(34): len = 10988.1, overlap = 0
PHY-3002 : Step(35): len = 10122.7, overlap = 0
PHY-3002 : Step(36): len = 10261.7, overlap = 0
PHY-3002 : Step(37): len = 10445.2, overlap = 0
PHY-3002 : Step(38): len = 9968, overlap = 0
PHY-3002 : Step(39): len = 10031.5, overlap = 0
PHY-3002 : Step(40): len = 10003.2, overlap = 0
PHY-3002 : Step(41): len = 9212.9, overlap = 0
PHY-3002 : Step(42): len = 9239.9, overlap = 0
PHY-3002 : Step(43): len = 9152.5, overlap = 0
PHY-3002 : Step(44): len = 9044.9, overlap = 0
PHY-3002 : Step(45): len = 8503.5, overlap = 0
PHY-3002 : Step(46): len = 8697.5, overlap = 0
PHY-3002 : Step(47): len = 8867.8, overlap = 0
PHY-3001 : Legalization ...
PHY-3001 : End legalization;  0.006068s wall, 0.000000s user + 0.000000s system = 0.000000s CPU (n/a%)

PHY-3001 : Run with size of 4
PHY-3001 : Cell area utilization is 2%
PHY-3001 : :::0::: Try harder cell spreading with beta_ = 0
PHY-3002 : Step(48): len = 7905.2, overlap = 0.1875
PHY-3002 : Step(49): len = 7960.4, overlap = 0.25
PHY-3002 : Step(50): len = 7960.4, overlap = 0.25
PHY-3001 : Run with size of 2
PHY-3001 : Cell area utilization is 2%
PHY-3001 : :::0::: Try harder cell spreading with beta_ = 0.000119368
PHY-3002 : Step(51): len = 8094.4, overlap = 4.09375
PHY-3002 : Step(52): len = 8194.3, overlap = 4.40625
PHY-3002 : Step(53): len = 8264.2, overlap = 4.34375
PHY-3001 : :::1::: Try harder cell spreading with beta_ = 0.000238737
PHY-3002 : Step(54): len = 8037.5, overlap = 5.6875
PHY-3002 : Step(55): len = 8071.4, overlap = 5.84375
PHY-3001 : :::2::: Try harder cell spreading with beta_ = 0.000477473
PHY-3002 : Step(56): len = 7983.3, overlap = 6.125
PHY-3002 : Step(57): len = 7983.3, overlap = 6.125
OPT-1001 : Start physical optimization ...
OPT-1001 : Total overflow 29.50 peak overflow 2.09
OPT-1001 : Start high-fanout net optimization ...
OPT-1001 : Update timing in global mode
PHY-1001 : Start incremental global routing, caller is place ...
RUN-1001 : Generating global routing grids ...
RUN-1001 : Building simple global routing graph ...
PHY-1001 : Generate routing nets ...
PHY-1001 : Reuse net number 0/621.
PHY-1001 : Global iterations in 8 thread ...
PHY-1002 : len = 8848, over cnt = 27(0%), over = 69, worst = 7
PHY-1001 : End global iterations;  0.027037s wall, 0.015625s user + 0.000000s system = 0.015625s CPU (57.8%)

PHY-1001 : Congestion index: top1 = 14.29, top5 = 5.57, top10 = 3.03, top15 = 2.02.
PHY-1001 : End incremental global routing;  0.080446s wall, 0.031250s user + 0.000000s system = 0.031250s CPU (38.8%)

RUN-1002 : start command "start_timer -report"
TMR-5001 WARNING: No sdc constraints found while initiating timer.
TMR-2505 : Start building timing graph for model responder.
TMR-2506 : Build timing graph completely. Port num: 11, tpin num: 2126, tnet num: 619, tinst num: 471, tnode num: 2718, tedge num: 3438.
TMR-2508 : Levelizing timing graph completed, there are 23 levels in total.
TMR-2501 : Timing graph initialized successfully.
OPT-1001 : End timing update;  0.232793s wall, 0.234375s user + 0.000000s system = 0.234375s CPU (100.7%)

OPT-1001 : 0 high-fanout net processed.
OPT-1001 : End high-fanout net optimization;  0.319352s wall, 0.265625s user + 0.000000s system = 0.265625s CPU (83.2%)

OPT-1001 : Current memory(MB): used = 138, reserve = 109, peak = 138.
OPT-1001 : End physical optimization;  0.326170s wall, 0.312500s user + 0.000000s system = 0.312500s CPU (95.8%)

PHY-3001 : Start packing ...
SYN-4007 : Packing 0 MUX to BLE ...
SYN-4008 : Packed 0 MUX and 0 SEQ to BLE.
SYN-4007 : Packing 206 LUT to BLE ...
SYN-4008 : Packed 206 LUT and 87 SEQ to BLE.
SYN-4003 : Packing 84 remaining SEQ's ...
SYN-4005 : Packed 54 SEQ with LUT/SLICE
SYN-4006 : 73 single LUT's are left
SYN-4006 : 30 single SEQ's are left
SYN-4011 : Packing model "responder" (AL_USER_NORMAL) with 236/332 primitive instances ...
PHY-3001 : End packing;  0.015776s wall, 0.015625s user + 0.000000s system = 0.015625s CPU (99.0%)

PHY-1001 : Populate physical database on model responder.
RUN-1001 : There are total 235 instances
RUN-1001 : 97 mslices, 98 lslices, 33 pads, 0 brams, 0 dsps
RUN-1001 : There are total 539 nets
RUN-1001 : 285 nets have 2 pins
RUN-1001 : 203 nets have [3 - 5] pins
RUN-1001 : 27 nets have [6 - 10] pins
RUN-1001 : 19 nets have [11 - 20] pins
RUN-1001 : 3 nets have [21 - 99] pins
RUN-1001 : 2 nets have 100+ pins
PHY-3001 : design contains 233 instances, 195 slices, 8 macros(56 instances: 30 mslices 26 lslices)
PHY-3001 : Cell area utilization is 2%
PHY-3001 : After packing: Len = 8477, Over = 12.25
PHY-3001 : Run with size of 2
PHY-3001 : Cell area utilization is 2%
PHY-3001 : :::0::: Try harder cell spreading with beta_ = 3.23292e-05
PHY-3002 : Step(58): len = 8318.6, overlap = 12
PHY-3002 : Step(59): len = 8368.6, overlap = 12
PHY-3002 : Step(60): len = 8338.7, overlap = 11.75
PHY-3001 : :::1::: Try harder cell spreading with beta_ = 6.46585e-05
PHY-3002 : Step(61): len = 8248.2, overlap = 12.25
PHY-3002 : Step(62): len = 8273.7, overlap = 12.25
PHY-3002 : Step(63): len = 8318.6, overlap = 12
PHY-3001 : :::2::: Try harder cell spreading with beta_ = 0.000129317
PHY-3002 : Step(64): len = 8241.3, overlap = 12
PHY-3002 : Step(65): len = 8249.9, overlap = 12
PHY-3001 : Legalization ...
PHY-3001 : End legalization;  0.046313s wall, 0.031250s user + 0.015625s system = 0.046875s CPU (101.2%)

PHY-3001 : Trial Legalized: Len = 13830.1
PHY-3001 : Run with size of 2
PHY-3001 : Cell area utilization is 2%
PHY-3001 : :::0::: Try harder cell spreading with beta_ = 0
PHY-3002 : Step(66): len = 10190.7, overlap = 1.75
PHY-3002 : Step(67): len = 9007.7, overlap = 5.75
PHY-3002 : Step(68): len = 8553.1, overlap = 6.75
PHY-3002 : Step(69): len = 8553.5, overlap = 7
PHY-3002 : Step(70): len = 8487.2, overlap = 7.25
PHY-3001 : :::1::: Try harder cell spreading with beta_ = 9.2112e-05
PHY-3002 : Step(71): len = 8272.4, overlap = 7.5
PHY-3002 : Step(72): len = 8264.9, overlap = 7.5
PHY-3002 : Step(73): len = 8255.2, overlap = 7.5
PHY-3001 : :::2::: Try harder cell spreading with beta_ = 0.000184224
PHY-3002 : Step(74): len = 8205.9, overlap = 7.25
PHY-3002 : Step(75): len = 8205.9, overlap = 7.25
PHY-3001 : Legalization ...
PHY-3001 : End legalization;  0.005580s wall, 0.000000s user + 0.000000s system = 0.000000s CPU (n/a%)

PHY-3001 : Legalized: Len = 11046.3, Over = 0
PHY-3001 : Spreading special nets. 1 overflows in 2952 tiles.
PHY-3001 : End spreading;  0.003054s wall, 0.015625s user + 0.000000s system = 0.015625s CPU (511.6%)

PHY-3001 : 2 instances has been re-located, deltaX = 0, deltaY = 2, maxDist = 1.
PHY-3001 : Final: Len = 11060.3, Over = 0
OPT-1001 : Start physical optimization ...
OPT-1001 : Total overflow 0.00 peak overflow 0.00
OPT-1001 : Start high-fanout net optimization ...
OPT-1001 : Update timing in global mode
PHY-1001 : Start incremental global routing, caller is place ...
RUN-1001 : Generating global routing grids ...
PHY-1001 : Generate routing nets ...
PHY-1001 : Reuse net number 21/539.
PHY-1001 : Global iterations in 8 thread ...
PHY-1002 : len = 12072, over cnt = 35(0%), over = 51, worst = 4
PHY-1002 : len = 12384, over cnt = 14(0%), over = 17, worst = 3
PHY-1002 : len = 12552, over cnt = 5(0%), over = 5, worst = 1
PHY-1002 : len = 12616, over cnt = 1(0%), over = 1, worst = 1
PHY-1002 : len = 12632, over cnt = 0(0%), over = 0, worst = 0
PHY-1001 : End global iterations;  0.058410s wall, 0.015625s user + 0.015625s system = 0.031250s CPU (53.5%)

PHY-1001 : Congestion index: top1 = 16.94, top5 = 8.08, top10 = 4.44, top15 = 2.96.
PHY-1001 : End incremental global routing;  0.108369s wall, 0.046875s user + 0.015625s system = 0.062500s CPU (57.7%)

RUN-1002 : start command "start_timer -report"
TMR-5001 WARNING: No sdc constraints found while initiating timer.
TMR-2505 : Start building timing graph for model responder.
TMR-2506 : Build timing graph completely. Port num: 11, tpin num: 1903, tnet num: 537, tinst num: 233, tnode num: 2373, tedge num: 3224.
TMR-2508 : Levelizing timing graph completed, there are 23 levels in total.
TMR-2501 : Timing graph initialized successfully.
OPT-1001 : End timing update;  0.209096s wall, 0.203125s user + 0.000000s system = 0.203125s CPU (97.1%)

OPT-1001 : 0 high-fanout net processed.
OPT-1001 : End high-fanout net optimization;  0.323461s wall, 0.250000s user + 0.015625s system = 0.265625s CPU (82.1%)

OPT-1001 : Current memory(MB): used = 139, reserve = 110, peak = 139.
OPT-1001 : Update timing in Manhattan mode
OPT-1001 : End timing update;  0.000398s wall, 0.000000s user + 0.000000s system = 0.000000s CPU (n/a%)

OPT-1001 : Start pin optimization...
OPT-1001 : skip pin optimization...
RUN-1001 : Generating global routing grids ...
PHY-1001 : Generate routing nets ...
PHY-1001 : Reuse net number 407/539.
PHY-1001 : Global iterations in 8 thread ...
PHY-1002 : len = 12632, over cnt = 0(0%), over = 0, worst = 0
PHY-1001 : End global iterations;  0.002037s wall, 0.000000s user + 0.000000s system = 0.000000s CPU (n/a%)

PHY-1001 : Congestion index: top1 = 16.94, top5 = 8.08, top10 = 4.44, top15 = 2.96.
OPT-1001 : Update timing in Manhattan mode
OPT-1001 : End timing update;  0.000686s wall, 0.000000s user + 0.000000s system = 0.000000s CPU (n/a%)

RUN-1001 : QoR Analysis:
OPT-0007 :   WNS 2147483647 TNS 0 NUM_FEPS 0
RUN-1001 :   No local congestion issue, and most congested 1% tile average routing util is 16.517241
RUN-1001 :   Top critical paths
OPT-1001 : End physical optimization;  0.375041s wall, 0.281250s user + 0.031250s system = 0.312500s CPU (83.3%)

RUN-1003 : finish command "place" in  2.008867s wall, 1.281250s user + 0.328125s system = 1.609375s CPU (80.1%)

RUN-1004 : used memory is 130 MB, reserved memory is 102 MB, peak memory is 140 MB
RUN-1002 : start command "export_db responder_place.db"
RUN-1001 : Exported /
RUN-1001 : Exported flow parameters
RUN-1001 : Exported libs
RUN-1001 : Exported entities
RUN-1001 : Exported ports
RUN-1001 : Exported pins
RUN-1001 : Exported instances
RUN-1001 : Exported nets
RUN-1001 : Exported buses
RUN-1001 : Exported models
RUN-1001 : Exported congestions
RUN-1001 : Exported violations
RUN-1001 : Exported IO constraints
RUN-1001 : Exported Inst constraints
RUN-1002 : start command "route"
RUN-1001 : Open license file C:/Anlogic/TD5.6.2/license/Anlogic.lic
RUN-1001 : Print Global Property
RUN-1001 : ---------------------------------------------------------------
RUN-1001 :        Parameters        |  Settings  |  Default Values  |  Note  
RUN-1001 : ---------------------------------------------------------------
RUN-1001 :          message         |  standard  |     standard     |        
RUN-1001 :   mixed_pack_place_flow  |     on     |        on        |        
RUN-1001 :        qor_monitor       |    off     |       off        |        
RUN-1001 :        syn_ip_flow       |    off     |       off        |        
RUN-1001 :          thread          |    auto    |       auto       |        
RUN-1001 : ---------------------------------------------------------------
RUN-1002 : start command "set_param route phy_sim_model on"
RUN-1001 : Print Route Property
RUN-1001 : -------------------------------------------------------
RUN-1001 :    Parameters    |  Settings  |  Default Values  |  Note  
RUN-1001 : -------------------------------------------------------
RUN-1001 :      effort      |   medium   |      medium      |        
RUN-1001 :     fix_hold     |    off     |       off        |        
RUN-1001 :    opt_timing    |   medium   |      medium      |        
RUN-1001 :   phy_sim_model  |     on     |       off        |   *    
RUN-1001 :     priority     |   timing   |      timing      |        
RUN-1001 :     swap_pin     |     on     |        on        |        
RUN-1001 : -------------------------------------------------------
PHY-1001 : Route runs in 8 thread(s)
RUN-1001 : There are total 235 instances
RUN-1001 : 97 mslices, 98 lslices, 33 pads, 0 brams, 0 dsps
RUN-1001 : There are total 539 nets
RUN-1001 : 285 nets have 2 pins
RUN-1001 : 203 nets have [3 - 5] pins
RUN-1001 : 27 nets have [6 - 10] pins
RUN-1001 : 19 nets have [11 - 20] pins
RUN-1001 : 3 nets have [21 - 99] pins
RUN-1001 : 2 nets have 100+ pins
RUN-1002 : start command "start_timer -report"
TMR-5001 WARNING: No sdc constraints found while initiating timer.
TMR-2505 : Start building timing graph for model responder.
TMR-2506 : Build timing graph completely. Port num: 11, tpin num: 1903, tnet num: 537, tinst num: 233, tnode num: 2373, tedge num: 3224.
TMR-2508 : Levelizing timing graph completed, there are 23 levels in total.
TMR-2501 : Timing graph initialized successfully.
PHY-1001 : 97 mslices, 98 lslices, 33 pads, 0 brams, 0 dsps
TMR-2503 : Start to update net delay, extr mode = 3.
TMR-2504 : Update delay of 537 nets completely.
TMR-2502 : Annotate delay completely, extr mode = 3.
TMR-3002 : No user constraint, initiate default constraint.
TMR-1501 : Assign derive clock DeriveClock to 280 clock pins, and constraint 470 relative nodes.
TMR-3003 : Constraints initiated successfully.
TMR-3501 : Forward propagation: start to calculate arrival time...
TMR-3502 : Backward propagation: start to calculate required time...
TMR-3503 : Timing propagation completes.
PHY-1001 : Start global routing, caller is route ...
RUN-1001 : Generating global routing grids ...
PHY-1001 : Generate routing nets ...
PHY-1001 : Global iterations in 8 thread ...
PHY-1002 : len = 12000, over cnt = 39(0%), over = 54, worst = 4
PHY-1002 : len = 12280, over cnt = 13(0%), over = 16, worst = 3
PHY-1002 : len = 12472, over cnt = 2(0%), over = 2, worst = 1
PHY-1002 : len = 12504, over cnt = 0(0%), over = 0, worst = 0
PHY-1001 : End global iterations;  0.056369s wall, 0.015625s user + 0.000000s system = 0.015625s CPU (27.7%)

PHY-1001 : Congestion index: top1 = 17.00, top5 = 8.05, top10 = 4.37, top15 = 2.92.
PHY-1001 : End global routing;  0.103669s wall, 0.062500s user + 0.000000s system = 0.062500s CPU (60.3%)

PHY-1001 : Start detail routing ...
PHY-1001 : Current memory(MB): used = 158, reserve = 129, peak = 161.
PHY-1001 : Detailed router is running in normal mode.
PHY-1001 : Generate detailed routing grids ...
PHY-1001 : Processed IO instance DigitronCS_Out[3]_syn_2 with INV attribute.
PHY-1001 : Processed IO instance DigitronCS_Out[2]_syn_2 with INV attribute.
PHY-1001 : Processed IO instance DigitronCS_Out[1]_syn_2 with INV attribute.
PHY-1001 : Processed IO instance DigitronCS_Out[0]_syn_2 with INV attribute.
PHY-1001 : Generate nets ...
PHY-1001 : net CLK_dup_1 will be routed on clock mesh
PHY-1001 : net Set_Time_dup_1 will be routed on clock mesh
PHY-1001 : clock net U7/temp_time_n_syn_3 will be merged with clock U7/temp_time_n
PHY-1001 : clock net U2/CLK1_syn_4 will be merged with clock U2/CLK1
PHY-1001 : clock net U4/SingleNum_b_n4_syn_10 will be merged with clock U4/SingleNum_b_n4
PHY-1001 : clock net U4/W_DigitronCS_Out_n_syn_4 will be merged with clock U4/W_DigitronCS_Out_n
PHY-1001 : Current memory(MB): used = 423, reserve = 398, peak = 423.
PHY-1001 : End build detailed router design. 3.807303s wall, 3.640625s user + 0.000000s system = 3.640625s CPU (95.6%)

PHY-1001 : Detail Route ...
PHY-1001 : ===== Detail Route Phase 1 =====
PHY-1001 : Clock net routing.....
PHY-1001 : Routed 1% nets.
PHY-1022 : len = 16128, over cnt = 1(0%), over = 1, worst = 1, crit = 0
PHY-1001 : End initial clock net routed; 1.812497s wall, 1.765625s user + 0.000000s system = 1.765625s CPU (97.4%)

PHY-1001 : Ripup-reroute.....
PHY-1001 : ===== DR Iter 1 =====
PHY-1022 : len = 16256, over cnt = 0(0%), over = 0, worst = 0, crit = 0
PHY-1001 : End DR Iter 1; 0.344386s wall, 0.343750s user + 0.000000s system = 0.343750s CPU (99.8%)

PHY-1001 : Current memory(MB): used = 454, reserve = 430, peak = 454.
PHY-1001 : End phase 1; 2.167569s wall, 2.125000s user + 0.000000s system = 2.125000s CPU (98.0%)

PHY-1001 : ===== Detail Route Phase 2 =====
PHY-1001 : Initial routing.....
PHY-1001 : Routed 31% nets.
PHY-1001 : Routed 41% nets.
PHY-1001 : Routed 50% nets.
PHY-1001 : Routed 66% nets.
PHY-1001 : Routed 83% nets.
PHY-1022 : len = 46656, over cnt = 14(0%), over = 14, worst = 1, crit = 0
PHY-1001 : Current memory(MB): used = 455, reserve = 430, peak = 455.
PHY-1001 : End initial routed; 0.410328s wall, 0.296875s user + 0.000000s system = 0.296875s CPU (72.4%)

PHY-1001 : Current memory(MB): used = 455, reserve = 430, peak = 455.
PHY-1001 : End phase 2; 0.410379s wall, 0.296875s user + 0.000000s system = 0.296875s CPU (72.3%)

PHY-1001 : ===== Detail Route Phase 3 =====
PHY-1001 : Ripup-reroute.....
PHY-1001 : ===== DR Iter 1 =====
PHY-1022 : len = 46544, over cnt = 3(0%), over = 3, worst = 1, crit = 0
PHY-1001 : End DR Iter 1; 0.015287s wall, 0.031250s user + 0.000000s system = 0.031250s CPU (204.4%)

PHY-1001 : ===== DR Iter 2 =====
PHY-1022 : len = 46528, over cnt = 0(0%), over = 0, worst = 0, crit = 0
PHY-1001 : End DR Iter 2; 0.015932s wall, 0.000000s user + 0.000000s system = 0.000000s CPU (n/a%)

PHY-1001 : Commit to database.....
PHY-1001 : 6 feed throughs used by 6 nets
PHY-1001 : End commit to database; 0.070304s wall, 0.062500s user + 0.015625s system = 0.078125s CPU (111.1%)

PHY-1001 : Current memory(MB): used = 465, reserve = 441, peak = 465.
PHY-1001 : End phase 3; 0.219900s wall, 0.218750s user + 0.015625s system = 0.234375s CPU (106.6%)

PHY-1003 : Routed, final wirelength = 46528
PHY-1001 : Current memory(MB): used = 465, reserve = 441, peak = 465.
PHY-1001 : End export database. 0.005555s wall, 0.000000s user + 0.000000s system = 0.000000s CPU (n/a%)

PHY-1001 : End detail routing;  6.821911s wall, 6.500000s user + 0.015625s system = 6.515625s CPU (95.5%)

RUN-1003 : finish command "route" in  7.220445s wall, 6.875000s user + 0.015625s system = 6.890625s CPU (95.4%)

RUN-1004 : used memory is 421 MB, reserved memory is 396 MB, peak memory is 465 MB
RUN-1002 : start command "report_area -io_info -file responder_phy.area"
RUN-1001 : standard
***Report Model: responder Device: EG4S20BG256***

IO Statistics
#IO                        33
  #input                    7
  #output                  26
  #inout                    0

Utilization Statistics
#lut                      335   out of  19600    1.71%
#reg                      192   out of  19600    0.98%
#le                       365
  #lut only               173   out of    365   47.40%
  #reg only                30   out of    365    8.22%
  #lut&reg                162   out of    365   44.38%
#dsp                        0   out of     29    0.00%
#bram                       0   out of     64    0.00%
  #bram9k                   0
  #fifo9k                   0
#bram32k                    0   out of     16    0.00%
#pad                       33   out of    188   17.55%
  #ireg                     4
  #oreg                    14
  #treg                     0
#pll                        0   out of      4    0.00%
#gclk                       4   out of     16   25.00%

Clock Resource Statistics
Index     ClockNet                 Type               DriverType         Driver                     Fanout
#1        CLK_dup_1                GCLK               io                 CLK_syn_2.di               112
#2        U2/CLK1                  GCLK               mslice             U2/CLK1_reg_syn_29.q0      11
#3        U4/W_DigitronCS_Out_n    GCLK               lslice             U4/reg2_syn_29.f1          8
#4        Set_Time_dup_1           GCLK               io                 Set_Time_syn_2.di          5
#5        U7/temp_time_n           GCLK               lslice             U7/temp_time_n_syn_7.f0    5
#6        U4/SingleNum_b_n4        GCLK               mslice             U4/sel1_syn_139.f0         3


Detailed IO Report

        Name           Direction    Location    IOStandard    DriveStrength    PullType    PackReg  
         CLK             INPUT         R7        LVCMOS33          N/A          PULLUP      NONE    
      Key_In[3]          INPUT        F10        LVCMOS33          N/A          PULLUP      IREG    
      Key_In[2]          INPUT        C11        LVCMOS33          N/A          PULLUP      IREG    
      Key_In[1]          INPUT        D11        LVCMOS33          N/A          PULLUP      IREG    
      Key_In[0]          INPUT        E11        LVCMOS33          N/A          PULLUP      IREG    
        RSTn             INPUT         A9        LVCMOS33          N/A          PULLUP      NONE    
      Set_Time           INPUT        A10        LVCMOS33          N/A          PULLUP      NONE    
     Buzzer_Out         OUTPUT        H11        LVCMOS33           8            NONE       OREG    
  DigitronCS_Out[3]     OUTPUT         A3        LVCMOS33           8            NONE       OREG    
  DigitronCS_Out[2]     OUTPUT         A5        LVCMOS33           8            NONE       OREG    
  DigitronCS_Out[1]     OUTPUT         B6        LVCMOS33           8            NONE       OREG    
  DigitronCS_Out[0]     OUTPUT         C9        LVCMOS33           8            NONE       OREG    
   Digitron_Out[7]      OUTPUT         C8        LVCMOS33           8            NONE       NONE    
   Digitron_Out[6]      OUTPUT         A8        LVCMOS33           8            NONE       NONE    
   Digitron_Out[5]      OUTPUT         B5        LVCMOS33           8            NONE       NONE    
   Digitron_Out[4]      OUTPUT         A7        LVCMOS33           8            NONE       NONE    
   Digitron_Out[3]      OUTPUT         E8        LVCMOS33           8            NONE       NONE    
   Digitron_Out[2]      OUTPUT         B8        LVCMOS33           8            NONE       NONE    
   Digitron_Out[1]      OUTPUT         A6        LVCMOS33           8            NONE       NONE    
   Digitron_Out[0]      OUTPUT         A4        LVCMOS33           8            NONE       NONE    
     Key_Row[3]         OUTPUT        E10        LVCMOS33           8            NONE       NONE    
     Key_Row[2]         OUTPUT        C10        LVCMOS33           8            NONE       NONE    
     Key_Row[1]         OUTPUT         F9        LVCMOS33           8            NONE       NONE    
     Key_Row[0]         OUTPUT         D9        LVCMOS33           8            NONE       NONE    
     LED_Out[3]         OUTPUT         C2        LVCMOS33           8            NONE       OREG    
     LED_Out[2]         OUTPUT         C1        LVCMOS33           8            NONE       OREG    
     LED_Out[1]         OUTPUT         E4        LVCMOS33           8            NONE       OREG    
     LED_Out[0]         OUTPUT         D3        LVCMOS33           8            NONE       OREG    
  LED_OverTime_Out      OUTPUT        F16        LVCMOS33           8            NONE       OREG    
     LED_Run[3]         OUTPUT        C15        LVCMOS33           8            NONE       OREG    
     LED_Run[2]         OUTPUT        B16        LVCMOS33           8            NONE       OREG    
     LED_Run[1]         OUTPUT        B15        LVCMOS33           8            NONE       OREG    
     LED_Run[0]         OUTPUT        B14        LVCMOS33           8            NONE       OREG    

Report Hierarchy Area:
+-----------------------------------------------------------------------------------+
|Instance |Module              |le     |lut     |ripple  |seq     |bram    |dsp     |
+-----------------------------------------------------------------------------------+
|top      |responder           |365    |279     |56      |210     |0       |0       |
|  U1     |Sel_module          |62     |48      |7       |38      |0       |0       |
|  U2     |Timer_module        |65     |55      |7       |43      |0       |0       |
|  U3     |Buzzer_module       |40     |21      |6       |27      |0       |0       |
|  U4     |Digitron_NumDisplay |100    |91      |9       |28      |0       |0       |
|  U5     |key_filter          |32     |19      |11      |22      |0       |0       |
|  U6     |led8_module         |38     |27      |6       |27      |0       |0       |
|  U7     |countdown_module    |18     |13      |5       |7       |0       |0       |
+-----------------------------------------------------------------------------------+


DataNet Average Fanout:

   Index     Fanout    Nets  
    #1         1       252   
    #2         2       170   
    #3         3        21   
    #4         4        11   
    #5        5-10      28   
    #6       11-50      15   
    #7       51-100     1    
  Average     2.35           

RUN-1002 : start command "write_verilog simulation/responder_phy_sim.v"
HDL-1201 : write out verilog file simulation/responder_phy_sim.v
RUN-1002 : start command "export_db responder_pr.db"
RUN-1001 : Exported /
RUN-1001 : Exported flow parameters
RUN-1001 : Exported libs
RUN-1001 : Exported entities
RUN-1001 : Exported ports
RUN-1001 : Exported pins
RUN-1001 : Exported instances
RUN-1001 : Exported nets
RUN-1001 : Exported buses
RUN-1001 : Exported models
RUN-1001 : Exported congestions
RUN-1001 : Exported violations
RUN-1001 : Exported IO constraints
RUN-1001 : Exported Inst constraints
RUN-1002 : start command "start_timer"
TMR-5001 WARNING: No sdc constraints found while initiating timer.
TMR-2505 : Start building timing graph for model responder.
TMR-2506 : Build timing graph completely. Port num: 11, tpin num: 1903, tnet num: 537, tinst num: 233, tnode num: 2373, tedge num: 3224.
TMR-2508 : Levelizing timing graph completed, there are 23 levels in total.
TMR-2501 : Timing graph initialized successfully.
RUN-1002 : start command "report_timing -mode FINAL -net_info -rpt_autogen true -file responder_phy.timing -sdf simulation/responder.sdf"
TMR-2503 : Start to update net delay, extr mode = 6.
TMR-2504 : Update delay of 537 nets completely.
TMR-2502 : Annotate delay completely, extr mode = 6.
TMR-3002 : No user constraint, initiate default constraint.
TMR-1501 : Assign derive clock DeriveClock to 280 clock pins, and constraint 470 relative nodes.
TMR-3003 : Constraints initiated successfully.
TMR-3501 : Forward propagation: start to calculate arrival time...
TMR-3502 : Backward propagation: start to calculate required time...
TMR-3503 : Timing propagation completes.
TMR-3506 : Start to generate timing report.
TMR-1502 : Number of clock constraints = 0. Number of clock nets = 6 (6 unconstrainted).
TMR-5009 WARNING: No clock constraint on 6 clock net(s): 
		CLK_dup_1
		Set_Time_dup_1
		U2/CLK1_syn_4
		U4/SingleNum_b_n4_syn_10
		U4/W_DigitronCS_Out_n_syn_4
		U7/temp_time_n_syn_3
TMR-3508 : Export timing summary.
TMR-3507 : Timing report generated successfully in responder_phy.timing, timing summary in responder_phy.tsm.
TMR-1001 : Start to generate SDF file...
RUN-1002 : start command "write_verilog -sdf responder.sdf simulation/responder_phy_sim_sta.v"
HDL-1201 : write out verilog file simulation/responder_phy_sim_sta.v
RUN-1002 : start command "export_bid responder_inst.bid"
RUN-1002 : start command "bitgen -bit responder.bit -unused_io_status pulldown"
BIT-1003 : Start to generate bitstream. 
BIT-1002 : Bitgen processed 155 unused pads, reserve input tri_state with pulldown
BIT-1002 : Init instances with 8 threads.
BIT-1002 : Init instances completely, inst num: 388
BIT-1002 : Init pips with 8 threads.
BIT-1002 : Init pips completely, net num: 539, pip num: 3925
BIT-1002 : Init feedthrough completely, num: 6
BIT-1003 : Multithreading accelaration with 8 threads.
BIT-1003 : Generate bitstream completely, there are 694 valid insts, and 12026 bits set as '1'.
BIT-1004 : PLL setting string = 0000
BIT-1004 : Generate bits file responder.bit.
RUN-1003 : finish command "bitgen -bit responder.bit -unused_io_status pulldown" in  1.899998s wall, 4.453125s user + 0.015625s system = 4.468750s CPU (235.2%)

RUN-1004 : used memory is 436 MB, reserved memory is 413 MB, peak memory is 585 MB
RUN-1002 : start command "backup_run_log run.log ../.logs/phy_1/td_20240727_145953.log"
