============================================================
   Tang Dynasty, V5.6.71036
      Copyright (c) 2012-2023 Anlogic Inc.
   Executable = C:/Anlogic/TD5.6.2/bin/td.exe
   Built at =   20:34:38 Mar 21 2023
   Run by =     Timmy
   Run Date =   Sat Jul 27 15:06:03 2024

   Run on =     DESKTOP-A28VB3Q
============================================================
RUN-1002 : start command "open_project responder.prj"
RUN-1001 : Print Global Property
RUN-1001 : ---------------------------------------------------------------
RUN-1001 :        Parameters        |  Settings  |  Default Values  |  Note  
RUN-1001 : ---------------------------------------------------------------
RUN-1001 :          message         |  standard  |     standard     |        
RUN-1001 :   mixed_pack_place_flow  |     on     |        on        |        
RUN-1001 :        qor_monitor       |    off     |       off        |        
RUN-1001 :        syn_ip_flow       |    off     |       off        |        
RUN-1001 :          thread          |    auto    |       auto       |        
RUN-1001 : ---------------------------------------------------------------
RUN-1001 : Print Design Property
RUN-1001 : --------------------------------------------------------------
RUN-1001 :        Parameters       |  Settings  |  Default Values  |  Note  
RUN-1001 : --------------------------------------------------------------
RUN-1001 :   default_reg_initial   |    auto    |       auto       |        
RUN-1001 :        infer_add        |     on     |        on        |        
RUN-1001 :        infer_fsm        |    off     |       off        |        
RUN-1001 :        infer_mult       |     on     |        on        |        
RUN-1001 :        infer_ram        |     on     |        on        |        
RUN-1001 :        infer_reg        |     on     |        on        |        
RUN-1001 :   infer_reg_init_value  |     on     |        on        |        
RUN-1001 :        infer_rom        |     on     |        on        |        
RUN-1001 :      infer_shifter      |     on     |        on        |        
RUN-1001 : --------------------------------------------------------------
RUN-1001 : Print Rtl Property
RUN-1001 : --------------------------------------------------------------
RUN-1001 :        Parameters       |  Settings  |  Default Values  |  Note  
RUN-1001 : --------------------------------------------------------------
RUN-1001 :       compress_add      |   ripple   |      ripple      |        
RUN-1001 :        elf_sload        |    off     |       off        |        
RUN-1001 :       fix_undriven      |     0      |        0         |        
RUN-1001 :         flatten         |    off     |       off        |        
RUN-1001 :       gate_sharing      |     on     |        on        |        
RUN-1001 :    hdl_warning_level    |   normal   |      normal      |        
RUN-1001 :   impl_internal_tribuf  |     on     |        on        |        
RUN-1001 :      impl_set_reset     |     on     |        on        |        
RUN-1001 :        infer_gsr        |    off     |       off        |        
RUN-1001 :      keep_hierarchy     |    auto    |       auto       |        
RUN-1001 :        max_fanout       |    9999    |       9999       |        
RUN-1001 :      max_oh2bin_len     |     10     |        10        |        
RUN-1001 :       merge_equal       |     on     |        on        |        
RUN-1001 :       merge_equiv       |     on     |        on        |        
RUN-1001 :        merge_mux        |    off     |       off        |        
RUN-1001 :     min_control_set     |     8      |        8         |        
RUN-1001 :      min_ripple_len     |    auto    |       auto       |        
RUN-1001 :       oh2bin_ratio      |    0.08    |       0.08       |        
RUN-1001 :     opt_adder_fanout    |     on     |        on        |        
RUN-1001 :        opt_arith        |     on     |        on        |        
RUN-1001 :       opt_big_gate      |    off     |       off        |        
RUN-1001 :        opt_const        |     on     |        on        |        
RUN-1001 :      opt_const_mult     |     on     |        on        |        
RUN-1001 :       opt_lessthan      |     on     |        on        |        
RUN-1001 :         opt_mux         |    off     |       off        |        
RUN-1001 :         opt_ram         |    high    |       high       |        
RUN-1001 :      rtl_sim_model      |    off     |       off        |        
RUN-1001 :         seq_syn         |     on     |        on        |        
RUN-1001 : --------------------------------------------------------------
HDL-1007 : analyze verilog file ../../responder.v
HDL-1007 : analyze verilog file ../../Sel_module.v
HDL-1007 : analyze verilog file ../../Timer_module.v
HDL-1007 : analyze verilog file ../../Buzzer_module.v
HDL-1007 : analyze verilog file ../../Digitron_NumDisplay.v
HDL-1007 : analyze verilog file ../../key_filter.v
HDL-1007 : analyze verilog file ../../../../1 run_led/run_led/led8_module.v
HDL-1007 : analyze verilog file ../../countdown_module.v
RUN-1001 : Project manager successfully analyzed 8 source files.
RUN-1002 : start command "import_device eagle_s20.db -package EG4S20BG256"
ARC-1001 : Device Initialization.
ARC-1001 : ------------------------------------------------------------------
ARC-1001 :            OPTION            |          IO          |   SETTING   
ARC-1001 : ------------------------------------------------------------------
ARC-1001 :   cso_b/cclk/mosi/miso/dout  |  T3/R11/T10/P10/S11  |    gpio    
ARC-1001 :             done             |         P13          |    gpio    
ARC-1001 :           program_b          |          T2          |  dedicate  
ARC-1001 :        tdi/tms/tck/tdo       |   C12/A15/C14/E14    |  dedicate  
ARC-1001 : ------------------------------------------------------------------
ARC-1004 : Device setting, marked 5 dedicate IOs in total.
RUN-1002 : start command "import_db ../syn_1/responder_gate.db"
RUN-1001 : Importing database generated by Tang Dynasty, V5.6.71036.
RUN-1001 : Database version number 46146.
RUN-1001 : Import flow parameters
RUN-1001 : Import IO constraints
RUN-1001 : Import Inst constraints
RUN-1001 : Import design success TD_VERSION=5.6.71036 , DB_VERSION=46146
RUN-1002 : start command "place"
RUN-1001 : Open license file C:/Anlogic/TD5.6.2/license/Anlogic.lic
RUN-1001 : Print Global Property
RUN-1001 : ---------------------------------------------------------------
RUN-1001 :        Parameters        |  Settings  |  Default Values  |  Note  
RUN-1001 : ---------------------------------------------------------------
RUN-1001 :          message         |  standard  |     standard     |        
RUN-1001 :   mixed_pack_place_flow  |     on     |        on        |        
RUN-1001 :        qor_monitor       |    off     |       off        |        
RUN-1001 :        syn_ip_flow       |    off     |       off        |        
RUN-1001 :          thread          |    auto    |       auto       |        
RUN-1001 : ---------------------------------------------------------------
RUN-1001 : Print Place Property
RUN-1001 : --------------------------------------------------------------
RUN-1001 :        Parameters       |  Settings  |  Default Values  |  Note  
RUN-1001 : --------------------------------------------------------------
RUN-1001 :      detailed_place     |     on     |        on        |        
RUN-1001 :          effort         |   medium   |      medium      |        
RUN-1001 :         fix_hold        |    off     |       off        |        
RUN-1001 :       legalization      |    ori     |       ori        |        
RUN-1001 :      new_spreading      |     on     |        on        |        
RUN-1001 :        opt_timing       |   medium   |      medium      |        
RUN-1001 :   post_clock_route_opt  |    off     |       off        |        
RUN-1001 :       pr_strategy       |     1      |        1         |        
RUN-1001 :        relaxation       |    1.00    |       1.00       |        
RUN-1001 :         retiming        |    off     |       off        |        
RUN-1001 : --------------------------------------------------------------
PHY-3001 : Placer runs in 8 thread(s).
RUN-1002 : start command "legalize_phy_inst"
SYN-1011 : Flatten model responder
RUN-1002 : start command "phys_opt -simplify_lut"
SYN-4024 : Net "CLK_dup_1" drives clk pins.
SYN-4024 : Net "Set_Time_dup_1" drives clk pins.
SYN-4024 : Net "U2/CLK1" drives clk pins.
SYN-4024 : Net "U4/W_DigitronCS_Out_n" drives clk pins.
SYN-4024 : Net "U7/temp_time_n" drives clk pins.
SYN-4024 : Net "U4/SingleNum_b_n4" drives clk pins.
SYN-4025 : Tag rtl::Net CLK_dup_1 as clock net
SYN-4025 : Tag rtl::Net Set_Time_dup_1 as clock net
SYN-4025 : Tag rtl::Net U2/CLK1 as clock net
SYN-4025 : Tag rtl::Net U4/SingleNum_b_n4 as clock net
SYN-4025 : Tag rtl::Net U4/W_DigitronCS_Out_n as clock net
SYN-4025 : Tag rtl::Net U7/temp_time_n as clock net
SYN-4026 : Tagged 6 rtl::Net as clock net
SYN-4015 : Create BUFG instance for clk Net U2/CLK1 to drive 11 clock pins.
SYN-4015 : Create BUFG instance for clk Net U4/W_DigitronCS_Out_n to drive 8 clock pins.
SYN-4015 : Create BUFG instance for clk Net U7/temp_time_n to drive 8 clock pins.
SYN-4015 : Create BUFG instance for clk Net U4/SingleNum_b_n4 to drive 4 clock pins.
PHY-1001 : Populate physical database on model responder.
RUN-1001 : There are total 470 instances
RUN-0007 : 195 luts, 179 seqs, 30 mslices, 26 lslices, 33 pads, 0 brams, 0 dsps
RUN-1001 : There are total 618 nets
RUN-1001 : 374 nets have 2 pins
RUN-1001 : 192 nets have [3 - 5] pins
RUN-1001 : 40 nets have [6 - 10] pins
RUN-1001 : 5 nets have [11 - 20] pins
RUN-1001 : 5 nets have [21 - 99] pins
RUN-1001 : 2 nets have 100+ pins
RUN-1001 : Report Control nets information:
RUN-1001 : DFF Distribution
RUN-1001 : ----------------------------------
RUN-1001 :   CE   |  SSR  |  ASR  |  DFF Count  
RUN-1001 : ----------------------------------
RUN-1001 :   No   |  No   |  No   |     52      
RUN-1001 :   No   |  No   |  Yes  |     65      
RUN-1001 :   No   |  Yes  |  No   |     29      
RUN-1001 :   Yes  |  No   |  No   |      0      
RUN-1001 :   Yes  |  No   |  Yes  |     33      
RUN-1001 :   Yes  |  Yes  |  No   |      0      
RUN-1001 : ----------------------------------
RUN-0007 : Control Group Statistic
RUN-0007 : ---------------------------
RUN-0007 :   #CLK  |  #CE  |  #SSR/ASR  
RUN-0007 : ---------------------------
RUN-0007 :    6    |   3   |     5      
RUN-0007 : ---------------------------
RUN-0007 : Control Set = 12
PHY-3001 : Initial placement ...
PHY-3001 : design contains 468 instances, 195 luts, 179 seqs, 56 slices, 8 macros(56 instances: 30 mslices 26 lslices)
PHY-0007 : Cell area utilization is 1%
PHY-3001 : Global placement ...
PHY-3001 : Initial: Len = 139811
PHY-3001 : Clustering ...
PHY-3001 : Level 0 #clusters 468.
PHY-3001 : End clustering;  0.000013s wall, 0.000000s user + 0.000000s system = 0.000000s CPU (n/a%)

PHY-3001 : Run with size of 4
PHY-3001 : Cell area utilization is 1%
PHY-3001 : :::0::: Try harder cell spreading with beta_ = 0
PHY-3002 : Step(1): len = 93899.8, overlap = 0
PHY-3002 : Step(2): len = 60220.7, overlap = 0
PHY-3002 : Step(3): len = 45884.2, overlap = 0
PHY-3002 : Step(4): len = 36030.6, overlap = 0
PHY-3002 : Step(5): len = 30381.1, overlap = 0
PHY-3002 : Step(6): len = 27343.4, overlap = 0
PHY-3002 : Step(7): len = 24226.4, overlap = 0
PHY-3002 : Step(8): len = 21747, overlap = 0
PHY-3002 : Step(9): len = 20610.4, overlap = 0
PHY-3002 : Step(10): len = 19394.9, overlap = 0
PHY-3002 : Step(11): len = 18787.5, overlap = 0
PHY-3002 : Step(12): len = 17304.4, overlap = 0
PHY-3002 : Step(13): len = 16883.3, overlap = 0
PHY-3002 : Step(14): len = 16922.8, overlap = 0
PHY-3002 : Step(15): len = 15873.7, overlap = 0
PHY-3002 : Step(16): len = 16135.9, overlap = 0
PHY-3002 : Step(17): len = 15957, overlap = 0
PHY-3002 : Step(18): len = 16123.8, overlap = 0
PHY-3002 : Step(19): len = 15927.1, overlap = 0
PHY-3002 : Step(20): len = 14950.6, overlap = 0
PHY-3002 : Step(21): len = 14260.6, overlap = 0
PHY-3002 : Step(22): len = 14042.2, overlap = 0
PHY-3002 : Step(23): len = 13475.4, overlap = 0
PHY-3002 : Step(24): len = 12629.9, overlap = 0
PHY-3002 : Step(25): len = 12010.4, overlap = 0
PHY-3002 : Step(26): len = 12357.9, overlap = 0
PHY-3002 : Step(27): len = 12560.4, overlap = 0
PHY-3002 : Step(28): len = 12350.8, overlap = 0
PHY-3002 : Step(29): len = 11928.9, overlap = 0
PHY-3002 : Step(30): len = 12115.4, overlap = 0
PHY-3002 : Step(31): len = 11178, overlap = 0
PHY-3002 : Step(32): len = 11611.1, overlap = 0
PHY-3002 : Step(33): len = 11775.9, overlap = 0
PHY-3001 : Legalization ...
PHY-3001 : End legalization;  0.006251s wall, 0.000000s user + 0.000000s system = 0.000000s CPU (n/a%)

PHY-3001 : Run with size of 4
PHY-3001 : Cell area utilization is 2%
PHY-3001 : :::0::: Try harder cell spreading with beta_ = 0
PHY-3002 : Step(34): len = 10701.2, overlap = 0
PHY-3002 : Step(35): len = 10789.6, overlap = 0
PHY-3002 : Step(36): len = 10863.4, overlap = 0
PHY-3002 : Step(37): len = 10861.5, overlap = 0
PHY-3002 : Step(38): len = 10817.1, overlap = 0
PHY-3002 : Step(39): len = 10441.6, overlap = 0
PHY-3002 : Step(40): len = 10553.7, overlap = 0
PHY-3002 : Step(41): len = 10692.7, overlap = 0
PHY-3002 : Step(42): len = 10923.2, overlap = 0
PHY-3002 : Step(43): len = 11118.3, overlap = 0
PHY-3002 : Step(44): len = 10439.1, overlap = 0
PHY-3002 : Step(45): len = 10574, overlap = 0
PHY-3002 : Step(46): len = 10772.7, overlap = 0.5625
PHY-3002 : Step(47): len = 10011.2, overlap = 0.125
PHY-3002 : Step(48): len = 10293.9, overlap = 0
PHY-3002 : Step(49): len = 10324.9, overlap = 0
PHY-3002 : Step(50): len = 9421.9, overlap = 0
PHY-3002 : Step(51): len = 9355.4, overlap = 0.0625
PHY-3002 : Step(52): len = 9036.5, overlap = 0
PHY-3002 : Step(53): len = 8708.4, overlap = 0
PHY-3002 : Step(54): len = 8682, overlap = 0
PHY-3002 : Step(55): len = 8373.7, overlap = 0
PHY-3002 : Step(56): len = 7980.5, overlap = 0
PHY-3002 : Step(57): len = 7976.9, overlap = 0
PHY-3002 : Step(58): len = 7300.1, overlap = 0
PHY-3002 : Step(59): len = 7361.5, overlap = 0
PHY-3002 : Step(60): len = 7453.2, overlap = 0
PHY-3002 : Step(61): len = 7214.5, overlap = 0
PHY-3002 : Step(62): len = 7068.4, overlap = 0
PHY-3002 : Step(63): len = 7093, overlap = 0
PHY-3002 : Step(64): len = 6671.1, overlap = 0
PHY-3002 : Step(65): len = 6739.1, overlap = 0
PHY-3002 : Step(66): len = 6873.3, overlap = 0
PHY-3001 : Run with size of 2
PHY-3001 : Cell area utilization is 2%
PHY-3001 : :::0::: Try harder cell spreading with beta_ = 0.000271906
PHY-3002 : Step(67): len = 6734.8, overlap = 9.65625
PHY-3002 : Step(68): len = 6827.4, overlap = 7.53125
PHY-3002 : Step(69): len = 6916.4, overlap = 7.84375
OPT-1001 : Start physical optimization ...
OPT-1001 : Total overflow 21.62 peak overflow 2.78
OPT-1001 : Start high-fanout net optimization ...
OPT-1001 : Update timing in global mode
PHY-1001 : Start incremental global routing, caller is place ...
RUN-1001 : Generating global routing grids ...
RUN-1001 : Building simple global routing graph ...
PHY-1001 : Generate routing nets ...
PHY-1001 : Reuse net number 0/618.
PHY-1001 : Global iterations in 8 thread ...
PHY-1002 : len = 7952, over cnt = 33(0%), over = 118, worst = 9
PHY-1001 : End global iterations;  0.031190s wall, 0.015625s user + 0.000000s system = 0.015625s CPU (50.1%)

PHY-1001 : Congestion index: top1 = 15.56, top5 = 5.58, top10 = 2.98, top15 = 1.99.
PHY-1001 : End incremental global routing;  0.088487s wall, 0.031250s user + 0.000000s system = 0.031250s CPU (35.3%)

RUN-1002 : start command "start_timer -report"
TMR-5001 WARNING: No sdc constraints found while initiating timer.
TMR-2505 : Start building timing graph for model responder.
TMR-2506 : Build timing graph completely. Port num: 11, tpin num: 2093, tnet num: 616, tinst num: 468, tnode num: 2701, tedge num: 3378.
TMR-2508 : Levelizing timing graph completed, there are 23 levels in total.
TMR-2501 : Timing graph initialized successfully.
OPT-1001 : End timing update;  0.258982s wall, 0.203125s user + 0.000000s system = 0.203125s CPU (78.4%)

OPT-1001 : 0 high-fanout net processed.
OPT-1001 : End high-fanout net optimization;  0.354392s wall, 0.234375s user + 0.000000s system = 0.234375s CPU (66.1%)

OPT-1001 : Current memory(MB): used = 138, reserve = 109, peak = 138.
OPT-1001 : End physical optimization;  0.362037s wall, 0.234375s user + 0.000000s system = 0.234375s CPU (64.7%)

PHY-3001 : Start packing ...
SYN-4007 : Packing 0 MUX to BLE ...
SYN-4008 : Packed 0 MUX and 0 SEQ to BLE.
SYN-4007 : Packing 195 LUT to BLE ...
SYN-4008 : Packed 195 LUT and 94 SEQ to BLE.
SYN-4003 : Packing 85 remaining SEQ's ...
SYN-4005 : Packed 62 SEQ with LUT/SLICE
SYN-4006 : 47 single LUT's are left
SYN-4006 : 23 single SEQ's are left
SYN-4011 : Packing model "responder" (AL_USER_NORMAL) with 218/314 primitive instances ...
PHY-3001 : End packing;  0.016958s wall, 0.000000s user + 0.000000s system = 0.000000s CPU (n/a%)

PHY-1001 : Populate physical database on model responder.
RUN-1001 : There are total 218 instances
RUN-1001 : 89 mslices, 89 lslices, 33 pads, 0 brams, 0 dsps
RUN-1001 : There are total 535 nets
RUN-1001 : 292 nets have 2 pins
RUN-1001 : 190 nets have [3 - 5] pins
RUN-1001 : 39 nets have [6 - 10] pins
RUN-1001 : 10 nets have [11 - 20] pins
RUN-1001 : 2 nets have [21 - 99] pins
RUN-1001 : 2 nets have 100+ pins
PHY-3001 : design contains 216 instances, 178 slices, 8 macros(56 instances: 30 mslices 26 lslices)
PHY-3001 : Cell area utilization is 2%
PHY-3001 : After packing: Len = 7460.2, Over = 13.25
PHY-3001 : Run with size of 2
PHY-3001 : Cell area utilization is 2%
PHY-3001 : :::0::: Try harder cell spreading with beta_ = 0.000411846
PHY-3002 : Step(70): len = 7039.7, overlap = 10.75
PHY-3002 : Step(71): len = 6935.7, overlap = 11
PHY-3002 : Step(72): len = 6887.9, overlap = 11.25
PHY-3001 : Legalization ...
PHY-3001 : End legalization;  0.040158s wall, 0.000000s user + 0.015625s system = 0.015625s CPU (38.9%)

PHY-3001 : Trial Legalized: Len = 12811
PHY-3001 : Run with size of 2
PHY-3001 : Cell area utilization is 2%
PHY-3001 : :::0::: Try harder cell spreading with beta_ = 0.295313
PHY-3002 : Step(73): len = 10544.3, overlap = 2.25
PHY-3002 : Step(74): len = 8769.3, overlap = 3.75
PHY-3002 : Step(75): len = 7873.8, overlap = 5
PHY-3002 : Step(76): len = 7532, overlap = 5.25
PHY-3002 : Step(77): len = 7511.6, overlap = 5.5
PHY-3002 : Step(78): len = 7416.9, overlap = 5
PHY-3001 : Legalization ...
PHY-3001 : End legalization;  0.005237s wall, 0.015625s user + 0.000000s system = 0.015625s CPU (298.3%)

PHY-3001 : Legalized: Len = 9673.5, Over = 0
PHY-3001 : Spreading special nets. 5 overflows in 2952 tiles.
PHY-3001 : End spreading;  0.004305s wall, 0.000000s user + 0.000000s system = 0.000000s CPU (n/a%)

PHY-3001 : 9 instances has been re-located, deltaX = 4, deltaY = 5, maxDist = 1.
PHY-3001 : Final: Len = 9729.5, Over = 0
OPT-1001 : Start physical optimization ...
OPT-1001 : Total overflow 0.00 peak overflow 0.00
OPT-1001 : Start high-fanout net optimization ...
OPT-1001 : Update timing in global mode
PHY-1001 : Start incremental global routing, caller is place ...
RUN-1001 : Generating global routing grids ...
PHY-1001 : Generate routing nets ...
PHY-1001 : Reuse net number 36/535.
PHY-1001 : Global iterations in 8 thread ...
PHY-1002 : len = 10864, over cnt = 37(0%), over = 66, worst = 5
PHY-1002 : len = 11408, over cnt = 8(0%), over = 8, worst = 1
PHY-1002 : len = 11464, over cnt = 4(0%), over = 4, worst = 1
PHY-1002 : len = 11528, over cnt = 0(0%), over = 0, worst = 0
PHY-1001 : End global iterations;  0.057945s wall, 0.015625s user + 0.000000s system = 0.015625s CPU (27.0%)

PHY-1001 : Congestion index: top1 = 18.49, top5 = 7.97, top10 = 4.29, top15 = 2.87.
PHY-1001 : End incremental global routing;  0.113517s wall, 0.046875s user + 0.015625s system = 0.062500s CPU (55.1%)

RUN-1002 : start command "start_timer -report"
TMR-5001 WARNING: No sdc constraints found while initiating timer.
TMR-2505 : Start building timing graph for model responder.
TMR-2506 : Build timing graph completely. Port num: 11, tpin num: 1833, tnet num: 533, tinst num: 216, tnode num: 2310, tedge num: 3139.
TMR-2508 : Levelizing timing graph completed, there are 23 levels in total.
TMR-2501 : Timing graph initialized successfully.
OPT-1001 : End timing update;  0.228334s wall, 0.218750s user + 0.000000s system = 0.218750s CPU (95.8%)

OPT-1001 : 0 high-fanout net processed.
OPT-1001 : End high-fanout net optimization;  0.348206s wall, 0.265625s user + 0.015625s system = 0.281250s CPU (80.8%)

OPT-1001 : Current memory(MB): used = 140, reserve = 110, peak = 140.
OPT-1001 : Update timing in Manhattan mode
OPT-1001 : End timing update;  0.000414s wall, 0.000000s user + 0.000000s system = 0.000000s CPU (n/a%)

OPT-1001 : Start pin optimization...
OPT-1001 : skip pin optimization...
RUN-1001 : Generating global routing grids ...
PHY-1001 : Generate routing nets ...
PHY-1001 : Reuse net number 402/535.
PHY-1001 : Global iterations in 8 thread ...
PHY-1002 : len = 11528, over cnt = 0(0%), over = 0, worst = 0
PHY-1001 : End global iterations;  0.004232s wall, 0.000000s user + 0.000000s system = 0.000000s CPU (n/a%)

PHY-1001 : Congestion index: top1 = 18.49, top5 = 7.97, top10 = 4.29, top15 = 2.87.
OPT-1001 : Update timing in Manhattan mode
OPT-1001 : End timing update;  0.000691s wall, 0.015625s user + 0.000000s system = 0.015625s CPU (n/a%)

RUN-1001 : QoR Analysis:
OPT-0007 :   WNS 2147483647 TNS 0 NUM_FEPS 0
RUN-1001 :   No local congestion issue, and most congested 1% tile average routing util is 18.103448
RUN-1001 :   Top critical paths
OPT-1001 : End physical optimization;  0.407671s wall, 0.359375s user + 0.015625s system = 0.375000s CPU (92.0%)

RUN-1003 : finish command "place" in  2.091616s wall, 1.484375s user + 0.218750s system = 1.703125s CPU (81.4%)

RUN-1004 : used memory is 130 MB, reserved memory is 101 MB, peak memory is 140 MB
RUN-1002 : start command "export_db responder_place.db"
RUN-1001 : Exported /
RUN-1001 : Exported flow parameters
RUN-1001 : Exported libs
RUN-1001 : Exported entities
RUN-1001 : Exported ports
RUN-1001 : Exported pins
RUN-1001 : Exported instances
RUN-1001 : Exported nets
RUN-1001 : Exported buses
RUN-1001 : Exported models
RUN-1001 : Exported congestions
RUN-1001 : Exported violations
RUN-1001 : Exported IO constraints
RUN-1001 : Exported Inst constraints
RUN-1002 : start command "route"
RUN-1001 : Open license file C:/Anlogic/TD5.6.2/license/Anlogic.lic
RUN-1001 : Print Global Property
RUN-1001 : ---------------------------------------------------------------
RUN-1001 :        Parameters        |  Settings  |  Default Values  |  Note  
RUN-1001 : ---------------------------------------------------------------
RUN-1001 :          message         |  standard  |     standard     |        
RUN-1001 :   mixed_pack_place_flow  |     on     |        on        |        
RUN-1001 :        qor_monitor       |    off     |       off        |        
RUN-1001 :        syn_ip_flow       |    off     |       off        |        
RUN-1001 :          thread          |    auto    |       auto       |        
RUN-1001 : ---------------------------------------------------------------
RUN-1002 : start command "set_param route phy_sim_model on"
RUN-1001 : Print Route Property
RUN-1001 : -------------------------------------------------------
RUN-1001 :    Parameters    |  Settings  |  Default Values  |  Note  
RUN-1001 : -------------------------------------------------------
RUN-1001 :      effort      |   medium   |      medium      |        
RUN-1001 :     fix_hold     |    off     |       off        |        
RUN-1001 :    opt_timing    |   medium   |      medium      |        
RUN-1001 :   phy_sim_model  |     on     |       off        |   *    
RUN-1001 :     priority     |   timing   |      timing      |        
RUN-1001 :     swap_pin     |     on     |        on        |        
RUN-1001 : -------------------------------------------------------
PHY-1001 : Route runs in 8 thread(s)
RUN-1001 : There are total 218 instances
RUN-1001 : 89 mslices, 89 lslices, 33 pads, 0 brams, 0 dsps
RUN-1001 : There are total 535 nets
RUN-1001 : 292 nets have 2 pins
RUN-1001 : 190 nets have [3 - 5] pins
RUN-1001 : 39 nets have [6 - 10] pins
RUN-1001 : 10 nets have [11 - 20] pins
RUN-1001 : 2 nets have [21 - 99] pins
RUN-1001 : 2 nets have 100+ pins
RUN-1002 : start command "start_timer -report"
TMR-5001 WARNING: No sdc constraints found while initiating timer.
TMR-2505 : Start building timing graph for model responder.
TMR-2506 : Build timing graph completely. Port num: 11, tpin num: 1833, tnet num: 533, tinst num: 216, tnode num: 2310, tedge num: 3139.
TMR-2508 : Levelizing timing graph completed, there are 23 levels in total.
TMR-2501 : Timing graph initialized successfully.
PHY-1001 : 89 mslices, 89 lslices, 33 pads, 0 brams, 0 dsps
TMR-2503 : Start to update net delay, extr mode = 3.
TMR-2504 : Update delay of 533 nets completely.
TMR-2502 : Annotate delay completely, extr mode = 3.
TMR-3002 : No user constraint, initiate default constraint.
TMR-1501 : Assign derive clock DeriveClock to 284 clock pins, and constraint 477 relative nodes.
TMR-3003 : Constraints initiated successfully.
TMR-3501 : Forward propagation: start to calculate arrival time...
TMR-3502 : Backward propagation: start to calculate required time...
TMR-3503 : Timing propagation completes.
PHY-1001 : Start global routing, caller is route ...
RUN-1001 : Generating global routing grids ...
PHY-1001 : Generate routing nets ...
PHY-1001 : Global iterations in 8 thread ...
PHY-1002 : len = 10816, over cnt = 38(0%), over = 65, worst = 5
PHY-1002 : len = 11264, over cnt = 11(0%), over = 11, worst = 1
PHY-1002 : len = 11368, over cnt = 4(0%), over = 4, worst = 1
PHY-1002 : len = 11424, over cnt = 0(0%), over = 0, worst = 0
PHY-1001 : End global iterations;  0.059358s wall, 0.015625s user + 0.000000s system = 0.015625s CPU (26.3%)

PHY-1001 : Congestion index: top1 = 18.36, top5 = 7.88, top10 = 4.23, top15 = 2.82.
PHY-1001 : End global routing;  0.111983s wall, 0.093750s user + 0.000000s system = 0.093750s CPU (83.7%)

PHY-1001 : Start detail routing ...
PHY-1001 : Current memory(MB): used = 154, reserve = 125, peak = 162.
PHY-1001 : Detailed router is running in normal mode.
PHY-1001 : Generate detailed routing grids ...
PHY-1001 : Processed IO instance DigitronCS_Out[3]_syn_2 with INV attribute.
PHY-1001 : Processed IO instance DigitronCS_Out[2]_syn_2 with INV attribute.
PHY-1001 : Processed IO instance DigitronCS_Out[1]_syn_2 with INV attribute.
PHY-1001 : Processed IO instance DigitronCS_Out[0]_syn_2 with INV attribute.
PHY-1001 : Generate nets ...
PHY-1001 : net CLK_dup_1 will be routed on clock mesh
PHY-1001 : net Set_Time_dup_1 will be routed on clock mesh
PHY-1001 : clock net U7/temp_time_n_syn_3 will be merged with clock U7/temp_time_n
PHY-1001 : clock net U2/CLK1_syn_4 will be merged with clock U2/CLK1
PHY-1001 : clock net U4/SingleNum_b_n4_syn_10 will be merged with clock U4/SingleNum_b_n4
PHY-1001 : clock net U4/W_DigitronCS_Out_n_syn_4 will be merged with clock U4/W_DigitronCS_Out_n
PHY-1001 : Current memory(MB): used = 423, reserve = 399, peak = 423.
PHY-1001 : End build detailed router design. 3.818282s wall, 3.718750s user + 0.078125s system = 3.796875s CPU (99.4%)

PHY-1001 : Detail Route ...
PHY-1001 : ===== Detail Route Phase 1 =====
PHY-1001 : Clock net routing.....
PHY-1001 : Routed 1% nets.
PHY-1022 : len = 15032, over cnt = 0(0%), over = 0, worst = 0, crit = 0
PHY-1001 : End initial clock net routed; 1.760648s wall, 1.718750s user + 0.031250s system = 1.750000s CPU (99.4%)

PHY-1001 : Current memory(MB): used = 455, reserve = 432, peak = 455.
PHY-1001 : End phase 1; 1.766050s wall, 1.734375s user + 0.031250s system = 1.765625s CPU (100.0%)

PHY-1001 : ===== Detail Route Phase 2 =====
PHY-1001 : Initial routing.....
PHY-1001 : Routed 36% nets.
PHY-1001 : Routed 46% nets.
PHY-1001 : Routed 54% nets.
PHY-1001 : Routed 67% nets.
PHY-1001 : Routed 83% nets.
PHY-1022 : len = 39648, over cnt = 12(0%), over = 12, worst = 1, crit = 0
PHY-1001 : Current memory(MB): used = 455, reserve = 432, peak = 456.
PHY-1001 : End initial routed; 0.291177s wall, 0.171875s user + 0.000000s system = 0.171875s CPU (59.0%)

PHY-1001 : Current memory(MB): used = 455, reserve = 432, peak = 456.
PHY-1001 : End phase 2; 0.291238s wall, 0.171875s user + 0.000000s system = 0.171875s CPU (59.0%)

PHY-1001 : ===== Detail Route Phase 3 =====
PHY-1001 : Ripup-reroute.....
PHY-1001 : ===== DR Iter 1 =====
PHY-1022 : len = 39680, over cnt = 2(0%), over = 2, worst = 1, crit = 0
PHY-1001 : End DR Iter 1; 0.014745s wall, 0.000000s user + 0.000000s system = 0.000000s CPU (n/a%)

PHY-1001 : ===== DR Iter 2 =====
PHY-1022 : len = 39712, over cnt = 0(0%), over = 0, worst = 0, crit = 0
PHY-1001 : End DR Iter 2; 0.011439s wall, 0.000000s user + 0.000000s system = 0.000000s CPU (n/a%)

PHY-1001 : Commit to database.....
PHY-1001 : 4 feed throughs used by 4 nets
PHY-1001 : End commit to database; 0.057705s wall, 0.078125s user + 0.000000s system = 0.078125s CPU (135.4%)

PHY-1001 : Current memory(MB): used = 466, reserve = 442, peak = 466.
PHY-1001 : End phase 3; 0.207255s wall, 0.187500s user + 0.000000s system = 0.187500s CPU (90.5%)

PHY-1003 : Routed, final wirelength = 39712
PHY-1001 : Current memory(MB): used = 466, reserve = 442, peak = 466.
PHY-1001 : End export database. 0.005879s wall, 0.000000s user + 0.000000s system = 0.000000s CPU (n/a%)

PHY-1001 : End detail routing;  6.306084s wall, 6.015625s user + 0.125000s system = 6.140625s CPU (97.4%)

RUN-1003 : finish command "route" in  6.714455s wall, 6.390625s user + 0.125000s system = 6.515625s CPU (97.0%)

RUN-1004 : used memory is 421 MB, reserved memory is 396 MB, peak memory is 466 MB
RUN-1002 : start command "report_area -io_info -file responder_phy.area"
RUN-1001 : standard
***Report Model: responder Device: EG4S20BG256***

IO Statistics
#IO                        33
  #input                    7
  #output                  26
  #inout                    0

Utilization Statistics
#lut                      319   out of  19600    1.63%
#reg                      200   out of  19600    1.02%
#le                       342
  #lut only               142   out of    342   41.52%
  #reg only                23   out of    342    6.73%
  #lut&reg                177   out of    342   51.75%
#dsp                        0   out of     29    0.00%
#bram                       0   out of     64    0.00%
  #bram9k                   0
  #fifo9k                   0
#bram32k                    0   out of     16    0.00%
#pad                       33   out of    188   17.55%
  #ireg                     4
  #oreg                    14
  #treg                     0
#pll                        0   out of      4    0.00%
#gclk                       4   out of     16   25.00%

Clock Resource Statistics
Index     ClockNet                 Type               DriverType         Driver                   Fanout
#1        CLK_dup_1                GCLK               io                 CLK_syn_2.di             111
#2        U2/CLK1                  GCLK               mslice             U2/CLK1_reg_syn_37.q0    10
#3        Set_Time_dup_1           GCLK               io                 Set_Time_syn_2.di        9
#4        U4/W_DigitronCS_Out_n    GCLK               mslice             U4/reg2_syn_27.f1        8
#5        U7/temp_time_n           GCLK               lslice             U5/reg0_syn_127.f0       5
#6        U4/SingleNum_b_n4        GCLK               mslice             U4/reg1_syn_61.f1        3


Detailed IO Report

        Name           Direction    Location    IOStandard    DriveStrength    PullType    PackReg  
         CLK             INPUT         R7        LVCMOS33          N/A          PULLUP      NONE    
      Key_In[3]          INPUT        F10        LVCMOS33          N/A          PULLUP      IREG    
      Key_In[2]          INPUT        C11        LVCMOS33          N/A          PULLUP      IREG    
      Key_In[1]          INPUT        D11        LVCMOS33          N/A          PULLUP      IREG    
      Key_In[0]          INPUT        E11        LVCMOS33          N/A          PULLUP      IREG    
        RSTn             INPUT         A9        LVCMOS33          N/A          PULLUP      NONE    
      Set_Time           INPUT        A10        LVCMOS33          N/A          PULLUP      NONE    
     Buzzer_Out         OUTPUT        H11        LVCMOS33           8            NONE       OREG    
  DigitronCS_Out[3]     OUTPUT         A3        LVCMOS33           8            NONE       OREG    
  DigitronCS_Out[2]     OUTPUT         A5        LVCMOS33           8            NONE       OREG    
  DigitronCS_Out[1]     OUTPUT         B6        LVCMOS33           8            NONE       OREG    
  DigitronCS_Out[0]     OUTPUT         C9        LVCMOS33           8            NONE       OREG    
   Digitron_Out[7]      OUTPUT         C8        LVCMOS33           8            NONE       NONE    
   Digitron_Out[6]      OUTPUT         A8        LVCMOS33           8            NONE       NONE    
   Digitron_Out[5]      OUTPUT         B5        LVCMOS33           8            NONE       NONE    
   Digitron_Out[4]      OUTPUT         A7        LVCMOS33           8            NONE       NONE    
   Digitron_Out[3]      OUTPUT         E8        LVCMOS33           8            NONE       NONE    
   Digitron_Out[2]      OUTPUT         B8        LVCMOS33           8            NONE       NONE    
   Digitron_Out[1]      OUTPUT         A6        LVCMOS33           8            NONE       NONE    
   Digitron_Out[0]      OUTPUT         A4        LVCMOS33           8            NONE       NONE    
     Key_Row[3]         OUTPUT        E10        LVCMOS33           8            NONE       NONE    
     Key_Row[2]         OUTPUT        C10        LVCMOS33           8            NONE       NONE    
     Key_Row[1]         OUTPUT         F9        LVCMOS33           8            NONE       NONE    
     Key_Row[0]         OUTPUT         D9        LVCMOS33           8            NONE       NONE    
     LED_Out[3]         OUTPUT         C2        LVCMOS33           8            NONE       OREG    
     LED_Out[2]         OUTPUT         C1        LVCMOS33           8            NONE       OREG    
     LED_Out[1]         OUTPUT         E4        LVCMOS33           8            NONE       OREG    
     LED_Out[0]         OUTPUT         D3        LVCMOS33           8            NONE       OREG    
  LED_OverTime_Out      OUTPUT        F16        LVCMOS33           8            NONE       OREG    
     LED_Run[3]         OUTPUT        C15        LVCMOS33           8            NONE       OREG    
     LED_Run[2]         OUTPUT        B16        LVCMOS33           8            NONE       OREG    
     LED_Run[1]         OUTPUT        B15        LVCMOS33           8            NONE       OREG    
     LED_Run[0]         OUTPUT        B14        LVCMOS33           8            NONE       OREG    

Report Hierarchy Area:
+-----------------------------------------------------------------------------------+
|Instance |Module              |le     |lut     |ripple  |seq     |bram    |dsp     |
+-----------------------------------------------------------------------------------+
|top      |responder           |342    |263     |56      |218     |0       |0       |
|  U1     |Sel_module          |67     |55      |7       |40      |0       |0       |
|  U2     |Timer_module        |61     |52      |7       |42      |0       |0       |
|  U3     |Buzzer_module       |40     |23      |6       |27      |0       |0       |
|  U4     |Digitron_NumDisplay |64     |55      |9       |27      |0       |0       |
|  U5     |key_filter          |32     |21      |11      |22      |0       |0       |
|  U6     |led8_module         |37     |26      |6       |26      |0       |0       |
|  U7     |countdown_module    |31     |26      |5       |16      |0       |0       |
+-----------------------------------------------------------------------------------+


DataNet Average Fanout:

   Index     Fanout    Nets  
    #1         1       259   
    #2         2       167   
    #3         3        9    
    #4         4        13   
    #5        5-10      37   
    #6       11-50      8    
    #7       51-100     1    
  Average     2.25           

RUN-1002 : start command "write_verilog simulation/responder_phy_sim.v"
HDL-1201 : write out verilog file simulation/responder_phy_sim.v
RUN-1002 : start command "export_db responder_pr.db"
RUN-1001 : Exported /
RUN-1001 : Exported flow parameters
RUN-1001 : Exported libs
RUN-1001 : Exported entities
RUN-1001 : Exported ports
RUN-1001 : Exported pins
RUN-1001 : Exported instances
RUN-1001 : Exported nets
RUN-1001 : Exported buses
RUN-1001 : Exported models
RUN-1001 : Exported congestions
RUN-1001 : Exported violations
RUN-1001 : Exported IO constraints
RUN-1001 : Exported Inst constraints
RUN-1002 : start command "start_timer"
TMR-5001 WARNING: No sdc constraints found while initiating timer.
TMR-2505 : Start building timing graph for model responder.
TMR-2506 : Build timing graph completely. Port num: 11, tpin num: 1833, tnet num: 533, tinst num: 216, tnode num: 2310, tedge num: 3139.
TMR-2508 : Levelizing timing graph completed, there are 23 levels in total.
TMR-2501 : Timing graph initialized successfully.
RUN-1002 : start command "report_timing -mode FINAL -net_info -rpt_autogen true -file responder_phy.timing -sdf simulation/responder.sdf"
TMR-2503 : Start to update net delay, extr mode = 6.
TMR-2504 : Update delay of 533 nets completely.
TMR-2502 : Annotate delay completely, extr mode = 6.
TMR-3002 : No user constraint, initiate default constraint.
TMR-1501 : Assign derive clock DeriveClock to 284 clock pins, and constraint 477 relative nodes.
TMR-3003 : Constraints initiated successfully.
TMR-3501 : Forward propagation: start to calculate arrival time...
TMR-3502 : Backward propagation: start to calculate required time...
TMR-3503 : Timing propagation completes.
TMR-3506 : Start to generate timing report.
TMR-1502 : Number of clock constraints = 0. Number of clock nets = 6 (6 unconstrainted).
TMR-5009 WARNING: No clock constraint on 6 clock net(s): 
		CLK_dup_1
		Set_Time_dup_1
		U2/CLK1_syn_4
		U4/SingleNum_b_n4_syn_10
		U4/W_DigitronCS_Out_n_syn_4
		U7/temp_time_n_syn_3
TMR-3508 : Export timing summary.
TMR-3507 : Timing report generated successfully in responder_phy.timing, timing summary in responder_phy.tsm.
TMR-1001 : Start to generate SDF file...
RUN-1002 : start command "write_verilog -sdf responder.sdf simulation/responder_phy_sim_sta.v"
HDL-1201 : write out verilog file simulation/responder_phy_sim_sta.v
RUN-1002 : start command "export_bid responder_inst.bid"
RUN-1002 : start command "bitgen -bit responder.bit -unused_io_status pulldown"
BIT-1003 : Start to generate bitstream. 
BIT-1002 : Bitgen processed 155 unused pads, reserve input tri_state with pulldown
BIT-1002 : Init instances with 8 threads.
BIT-1002 : Init instances completely, inst num: 371
BIT-1002 : Init pips with 8 threads.
BIT-1002 : Init pips completely, net num: 535, pip num: 3661
BIT-1002 : Init feedthrough completely, num: 4
BIT-1003 : Multithreading accelaration with 8 threads.
BIT-1003 : Generate bitstream completely, there are 600 valid insts, and 11438 bits set as '1'.
BIT-1004 : PLL setting string = 0000
BIT-1004 : Generate bits file responder.bit.
RUN-1003 : finish command "bitgen -bit responder.bit -unused_io_status pulldown" in  1.786553s wall, 4.093750s user + 0.015625s system = 4.109375s CPU (230.0%)

RUN-1004 : used memory is 434 MB, reserved memory is 410 MB, peak memory is 584 MB
RUN-1002 : start command "backup_run_log run.log ../.logs/phy_1/td_20240727_150603.log"
