============================================================
   Tang Dynasty, V5.6.71036
      Copyright (c) 2012-2023 Anlogic Inc.
   Executable = C:/Anlogic/TD5.6.2/bin/td.exe
   Built at =   20:34:38 Mar 21 2023
   Run by =     Timmy
   Run Date =   Tue Jul 23 21:56:20 2024

   Run on =     DESKTOP-A28VB3Q
============================================================
RUN-1002 : start command "open_project responder.prj"
RUN-1001 : Print Global Property
RUN-1001 : ---------------------------------------------------------------
RUN-1001 :        Parameters        |  Settings  |  Default Values  |  Note  
RUN-1001 : ---------------------------------------------------------------
RUN-1001 :          message         |  standard  |     standard     |        
RUN-1001 :   mixed_pack_place_flow  |     on     |        on        |        
RUN-1001 :        qor_monitor       |    off     |       off        |        
RUN-1001 :        syn_ip_flow       |    off     |       off        |        
RUN-1001 :          thread          |    auto    |       auto       |        
RUN-1001 : ---------------------------------------------------------------
RUN-1001 : Print Design Property
RUN-1001 : --------------------------------------------------------------
RUN-1001 :        Parameters       |  Settings  |  Default Values  |  Note  
RUN-1001 : --------------------------------------------------------------
RUN-1001 :   default_reg_initial   |    auto    |       auto       |        
RUN-1001 :        infer_add        |     on     |        on        |        
RUN-1001 :        infer_fsm        |    off     |       off        |        
RUN-1001 :        infer_mult       |     on     |        on        |        
RUN-1001 :        infer_ram        |     on     |        on        |        
RUN-1001 :        infer_reg        |     on     |        on        |        
RUN-1001 :   infer_reg_init_value  |     on     |        on        |        
RUN-1001 :        infer_rom        |     on     |        on        |        
RUN-1001 :      infer_shifter      |     on     |        on        |        
RUN-1001 : --------------------------------------------------------------
RUN-1001 : Print Rtl Property
RUN-1001 : --------------------------------------------------------------
RUN-1001 :        Parameters       |  Settings  |  Default Values  |  Note  
RUN-1001 : --------------------------------------------------------------
RUN-1001 :       compress_add      |   ripple   |      ripple      |        
RUN-1001 :        elf_sload        |    off     |       off        |        
RUN-1001 :       fix_undriven      |     0      |        0         |        
RUN-1001 :         flatten         |    off     |       off        |        
RUN-1001 :       gate_sharing      |     on     |        on        |        
RUN-1001 :    hdl_warning_level    |   normal   |      normal      |        
RUN-1001 :   impl_internal_tribuf  |     on     |        on        |        
RUN-1001 :      impl_set_reset     |     on     |        on        |        
RUN-1001 :        infer_gsr        |    off     |       off        |        
RUN-1001 :      keep_hierarchy     |    auto    |       auto       |        
RUN-1001 :        max_fanout       |    9999    |       9999       |        
RUN-1001 :      max_oh2bin_len     |     10     |        10        |        
RUN-1001 :       merge_equal       |     on     |        on        |        
RUN-1001 :       merge_equiv       |     on     |        on        |        
RUN-1001 :        merge_mux        |    off     |       off        |        
RUN-1001 :     min_control_set     |     8      |        8         |        
RUN-1001 :      min_ripple_len     |    auto    |       auto       |        
RUN-1001 :       oh2bin_ratio      |    0.08    |       0.08       |        
RUN-1001 :     opt_adder_fanout    |     on     |        on        |        
RUN-1001 :        opt_arith        |     on     |        on        |        
RUN-1001 :       opt_big_gate      |    off     |       off        |        
RUN-1001 :        opt_const        |     on     |        on        |        
RUN-1001 :      opt_const_mult     |     on     |        on        |        
RUN-1001 :       opt_lessthan      |     on     |        on        |        
RUN-1001 :         opt_mux         |    off     |       off        |        
RUN-1001 :         opt_ram         |    high    |       high       |        
RUN-1001 :      rtl_sim_model      |    off     |       off        |        
RUN-1001 :         seq_syn         |     on     |        on        |        
RUN-1001 : --------------------------------------------------------------
HDL-1007 : analyze verilog file ../../responder.v
HDL-1007 : analyze verilog file ../../Sel_module.v
HDL-1007 : analyze verilog file ../../Timer_module.v
HDL-1007 : analyze verilog file ../../Buzzer_module.v
HDL-1007 : analyze verilog file ../../Digitron_NumDisplay.v
HDL-1007 : analyze verilog file ../../key_filter.v
RUN-1001 : Project manager successfully analyzed 6 source files.
RUN-1002 : start command "import_device eagle_s20.db -package EG4S20BG256"
ARC-1001 : Device Initialization.
ARC-1001 : ------------------------------------------------------------------
ARC-1001 :            OPTION            |          IO          |   SETTING   
ARC-1001 : ------------------------------------------------------------------
ARC-1001 :   cso_b/cclk/mosi/miso/dout  |  T3/R11/T10/P10/S11  |    gpio    
ARC-1001 :             done             |         P13          |    gpio    
ARC-1001 :           program_b          |          T2          |  dedicate  
ARC-1001 :        tdi/tms/tck/tdo       |   C12/A15/C14/E14    |  dedicate  
ARC-1001 : ------------------------------------------------------------------
ARC-1004 : Device setting, marked 5 dedicate IOs in total.
RUN-1002 : start command "import_db ../syn_1/responder_gate.db"
RUN-1001 : Importing database generated by Tang Dynasty, V5.6.71036.
RUN-1001 : Database version number 46146.
RUN-1001 : Import flow parameters
RUN-1001 : Import IO constraints
RUN-1001 : Import Inst constraints
RUN-1001 : Import design success TD_VERSION=5.6.71036 , DB_VERSION=46146
RUN-1002 : start command "place"
RUN-1001 : Open license file C:/Anlogic/TD5.6.2/license/Anlogic.lic
RUN-1001 : Print Global Property
RUN-1001 : ---------------------------------------------------------------
RUN-1001 :        Parameters        |  Settings  |  Default Values  |  Note  
RUN-1001 : ---------------------------------------------------------------
RUN-1001 :          message         |  standard  |     standard     |        
RUN-1001 :   mixed_pack_place_flow  |     on     |        on        |        
RUN-1001 :        qor_monitor       |    off     |       off        |        
RUN-1001 :        syn_ip_flow       |    off     |       off        |        
RUN-1001 :          thread          |    auto    |       auto       |        
RUN-1001 : ---------------------------------------------------------------
RUN-1001 : Print Place Property
RUN-1001 : --------------------------------------------------------------
RUN-1001 :        Parameters       |  Settings  |  Default Values  |  Note  
RUN-1001 : --------------------------------------------------------------
RUN-1001 :      detailed_place     |     on     |        on        |        
RUN-1001 :          effort         |   medium   |      medium      |        
RUN-1001 :         fix_hold        |    off     |       off        |        
RUN-1001 :       legalization      |    ori     |       ori        |        
RUN-1001 :      new_spreading      |     on     |        on        |        
RUN-1001 :        opt_timing       |   medium   |      medium      |        
RUN-1001 :   post_clock_route_opt  |    off     |       off        |        
RUN-1001 :       pr_strategy       |     1      |        1         |        
RUN-1001 :        relaxation       |    1.00    |       1.00       |        
RUN-1001 :         retiming        |    off     |       off        |        
RUN-1001 : --------------------------------------------------------------
PHY-3001 : Placer runs in 8 thread(s).
RUN-1002 : start command "legalize_phy_inst"
SYN-1011 : Flatten model responder
RUN-1002 : start command "phys_opt -simplify_lut"
SYN-4024 : Net "CLK_dup_1" drives clk pins.
SYN-4024 : Net "U4/W_Digitron_Out_n" drives clk pins.
SYN-4024 : Net "U2/CLK1" drives clk pins.
SYN-4024 : Net "U4/W_DigitronCS_Out_n" drives clk pins.
SYN-4024 : Net "U4/SingleNum_b_n4" drives clk pins.
SYN-4025 : Tag rtl::Net CLK_dup_1 as clock net
SYN-4025 : Tag rtl::Net U2/CLK1 as clock net
SYN-4025 : Tag rtl::Net U4/SingleNum_b_n4 as clock net
SYN-4025 : Tag rtl::Net U4/W_DigitronCS_Out_n as clock net
SYN-4025 : Tag rtl::Net U4/W_Digitron_Out_n as clock net
SYN-4026 : Tagged 5 rtl::Net as clock net
SYN-4015 : Create BUFG instance for clk Net U2/CLK1 to drive 11 clock pins.
SYN-4015 : Create BUFG instance for clk Net U4/W_DigitronCS_Out_n to drive 8 clock pins.
SYN-4015 : Create BUFG instance for clk Net U4/W_Digitron_Out_n to drive 7 clock pins.
SYN-4015 : Create BUFG instance for clk Net U4/SingleNum_b_n4 to drive 4 clock pins.
PHY-1001 : Populate physical database on model responder.
RUN-1001 : There are total 357 instances
RUN-0007 : 151 luts, 130 seqs, 20 mslices, 20 lslices, 29 pads, 0 brams, 0 dsps
RUN-1001 : There are total 466 nets
RUN-1001 : 265 nets have 2 pins
RUN-1001 : 161 nets have [3 - 5] pins
RUN-1001 : 26 nets have [6 - 10] pins
RUN-1001 : 8 nets have [11 - 20] pins
RUN-1001 : 4 nets have [21 - 99] pins
RUN-1001 : 2 nets have 100+ pins
RUN-1001 : Report Control nets information:
RUN-1001 : DFF Distribution
RUN-1001 : ----------------------------------
RUN-1001 :   CE   |  SSR  |  ASR  |  DFF Count  
RUN-1001 : ----------------------------------
RUN-1001 :   No   |  No   |  No   |     32      
RUN-1001 :   No   |  No   |  Yes  |     35      
RUN-1001 :   No   |  Yes  |  No   |     29      
RUN-1001 :   Yes  |  No   |  No   |      0      
RUN-1001 :   Yes  |  No   |  Yes  |     34      
RUN-1001 :   Yes  |  Yes  |  No   |      0      
RUN-1001 : ----------------------------------
RUN-0007 : Control Group Statistic
RUN-0007 : ---------------------------
RUN-0007 :   #CLK  |  #CE  |  #SSR/ASR  
RUN-0007 : ---------------------------
RUN-0007 :    4    |   3   |     5      
RUN-0007 : ---------------------------
RUN-0007 : Control Set = 10
PHY-3001 : Initial placement ...
PHY-3001 : design contains 355 instances, 151 luts, 130 seqs, 40 slices, 5 macros(40 instances: 20 mslices 20 lslices)
PHY-0007 : Cell area utilization is 1%
PHY-3001 : Global placement ...
PHY-3001 : Initial: Len = 108168
PHY-3001 : Clustering ...
PHY-3001 : Level 0 #clusters 355.
PHY-3001 : End clustering;  0.000026s wall, 0.000000s user + 0.000000s system = 0.000000s CPU (n/a%)

PHY-3001 : Run with size of 4
PHY-3001 : Cell area utilization is 1%
PHY-3001 : :::0::: Try harder cell spreading with beta_ = 0
PHY-3002 : Step(1): len = 67839.7, overlap = 0
PHY-3002 : Step(2): len = 48205.5, overlap = 0
PHY-3002 : Step(3): len = 33447.5, overlap = 0
PHY-3002 : Step(4): len = 27523.5, overlap = 0
PHY-3002 : Step(5): len = 23210, overlap = 0
PHY-3002 : Step(6): len = 21294.7, overlap = 0
PHY-3002 : Step(7): len = 21940.4, overlap = 0
PHY-3002 : Step(8): len = 20858.5, overlap = 0
PHY-3002 : Step(9): len = 19159.9, overlap = 0
PHY-3002 : Step(10): len = 18390.4, overlap = 0
PHY-3002 : Step(11): len = 17746.5, overlap = 0
PHY-3002 : Step(12): len = 16396.4, overlap = 0
PHY-3002 : Step(13): len = 16028.7, overlap = 0
PHY-3002 : Step(14): len = 15688.6, overlap = 0
PHY-3002 : Step(15): len = 14289.3, overlap = 0
PHY-3002 : Step(16): len = 14547.4, overlap = 0
PHY-3002 : Step(17): len = 14128.1, overlap = 0
PHY-3002 : Step(18): len = 13128.6, overlap = 0
PHY-3002 : Step(19): len = 12553.7, overlap = 0
PHY-3002 : Step(20): len = 11838.2, overlap = 0
PHY-3002 : Step(21): len = 11816.9, overlap = 0
PHY-3002 : Step(22): len = 11999.2, overlap = 0
PHY-3002 : Step(23): len = 11049.3, overlap = 0
PHY-3002 : Step(24): len = 10829.2, overlap = 0
PHY-3002 : Step(25): len = 10466.7, overlap = 0
PHY-3002 : Step(26): len = 9998, overlap = 0
PHY-3002 : Step(27): len = 10148.2, overlap = 0
PHY-3002 : Step(28): len = 9104.7, overlap = 0
PHY-3002 : Step(29): len = 9132.9, overlap = 0
PHY-3002 : Step(30): len = 8391.4, overlap = 0
PHY-3002 : Step(31): len = 8467.3, overlap = 0
PHY-3002 : Step(32): len = 8540.3, overlap = 0
PHY-3001 : Legalization ...
PHY-3001 : End legalization;  0.006327s wall, 0.000000s user + 0.000000s system = 0.000000s CPU (n/a%)

PHY-3001 : Run with size of 4
PHY-3001 : Cell area utilization is 1%
PHY-3001 : :::0::: Try harder cell spreading with beta_ = 0
PHY-3002 : Step(33): len = 7992.5, overlap = 0
PHY-3002 : Step(34): len = 8041.8, overlap = 0
PHY-3002 : Step(35): len = 8041.8, overlap = 0
PHY-3001 : Run with size of 2
PHY-3001 : Cell area utilization is 1%
PHY-3001 : :::0::: Try harder cell spreading with beta_ = 0
PHY-3002 : Step(36): len = 7875.8, overlap = 1.6875
PHY-3002 : Step(37): len = 7921.3, overlap = 1.65625
PHY-3002 : Step(38): len = 8004.8, overlap = 1.65625
OPT-1001 : Start physical optimization ...
OPT-1001 : Total overflow 14.94 peak overflow 2.28
OPT-1001 : Start high-fanout net optimization ...
OPT-1001 : Update timing in global mode
PHY-1001 : Start incremental global routing, caller is place ...
RUN-1001 : Generating global routing grids ...
RUN-1001 : Building simple global routing graph ...
PHY-1001 : Generate routing nets ...
PHY-1001 : Reuse net number 0/466.
PHY-1001 : Global iterations in 8 thread ...
PHY-1002 : len = 8120, over cnt = 14(0%), over = 32, worst = 6
PHY-1001 : End global iterations;  0.023848s wall, 0.000000s user + 0.015625s system = 0.015625s CPU (65.5%)

PHY-1001 : Congestion index: top1 = 9.97, top5 = 4.57, top10 = 2.54, top15 = 1.70.
PHY-1001 : End incremental global routing;  0.076786s wall, 0.031250s user + 0.031250s system = 0.062500s CPU (81.4%)

RUN-1002 : start command "start_timer -report"
TMR-5001 WARNING: No sdc constraints found while initiating timer.
TMR-2505 : Start building timing graph for model responder.
TMR-2506 : Build timing graph completely. Port num: 10, tpin num: 1611, tnet num: 464, tinst num: 355, tnode num: 2077, tedge num: 2591.
TMR-2508 : Levelizing timing graph completed, there are 23 levels in total.
TMR-2501 : Timing graph initialized successfully.
OPT-1001 : End timing update;  0.207742s wall, 0.171875s user + 0.015625s system = 0.187500s CPU (90.3%)

OPT-1001 : 0 high-fanout net processed.
OPT-1001 : End high-fanout net optimization;  0.288527s wall, 0.203125s user + 0.046875s system = 0.250000s CPU (86.6%)

OPT-1001 : Current memory(MB): used = 134, reserve = 106, peak = 134.
OPT-1001 : End physical optimization;  0.293679s wall, 0.203125s user + 0.046875s system = 0.250000s CPU (85.1%)

PHY-3001 : Start packing ...
SYN-4007 : Packing 0 MUX to BLE ...
SYN-4008 : Packed 0 MUX and 0 SEQ to BLE.
SYN-4007 : Packing 151 LUT to BLE ...
SYN-4008 : Packed 151 LUT and 69 SEQ to BLE.
SYN-4003 : Packing 61 remaining SEQ's ...
SYN-4005 : Packed 36 SEQ with LUT/SLICE
SYN-4006 : 50 single LUT's are left
SYN-4006 : 25 single SEQ's are left
SYN-4011 : Packing model "responder" (AL_USER_NORMAL) with 176/252 primitive instances ...
PHY-3001 : End packing;  0.010260s wall, 0.015625s user + 0.000000s system = 0.015625s CPU (152.3%)

PHY-1001 : Populate physical database on model responder.
RUN-1001 : There are total 179 instances
RUN-1001 : 71 mslices, 72 lslices, 29 pads, 0 brams, 0 dsps
RUN-1001 : There are total 408 nets
RUN-1001 : 213 nets have 2 pins
RUN-1001 : 152 nets have [3 - 5] pins
RUN-1001 : 29 nets have [6 - 10] pins
RUN-1001 : 10 nets have [11 - 20] pins
RUN-1001 : 3 nets have [21 - 99] pins
RUN-1001 : 1 nets have 100+ pins
PHY-3001 : design contains 177 instances, 143 slices, 5 macros(40 instances: 20 mslices 20 lslices)
PHY-3001 : Cell area utilization is 1%
PHY-3001 : After packing: Len = 8236.4, Over = 5.5
PHY-3001 : Run with size of 2
PHY-3001 : Cell area utilization is 1%
PHY-3001 : :::0::: Try harder cell spreading with beta_ = 0.00922003
PHY-3002 : Step(39): len = 8023.1, overlap = 6.75
PHY-3002 : Step(40): len = 8070.4, overlap = 6.5
PHY-3002 : Step(41): len = 7877.8, overlap = 5.25
PHY-3002 : Step(42): len = 7917.6, overlap = 4.25
PHY-3002 : Step(43): len = 7915.8, overlap = 4.25
PHY-3002 : Step(44): len = 7913.6, overlap = 4.75
PHY-3002 : Step(45): len = 7774.5, overlap = 4.5
PHY-3002 : Step(46): len = 7653.4, overlap = 4.25
PHY-3002 : Step(47): len = 7615.4, overlap = 4.75
PHY-3002 : Step(48): len = 7707.1, overlap = 6
PHY-3002 : Step(49): len = 7724.6, overlap = 5.75
PHY-3002 : Step(50): len = 7111, overlap = 6
PHY-3002 : Step(51): len = 7089.8, overlap = 6.5
PHY-3002 : Step(52): len = 6986.8, overlap = 6.75
PHY-3002 : Step(53): len = 7078.5, overlap = 6.75
PHY-3002 : Step(54): len = 7192.6, overlap = 6.75
PHY-3001 : Legalization ...
PHY-3001 : End legalization;  0.053564s wall, 0.000000s user + 0.015625s system = 0.015625s CPU (29.2%)

PHY-3001 : Trial Legalized: Len = 11259.6
PHY-3001 : Run with size of 2
PHY-3001 : Cell area utilization is 1%
PHY-3001 : :::0::: Try harder cell spreading with beta_ = 0
PHY-3002 : Step(55): len = 8635.6, overlap = 0.5
PHY-3002 : Step(56): len = 7484.6, overlap = 3.5
PHY-3002 : Step(57): len = 7135.8, overlap = 4.25
PHY-3002 : Step(58): len = 7107.5, overlap = 4.25
PHY-3002 : Step(59): len = 7104.2, overlap = 4.25
PHY-3001 : :::1::: Try harder cell spreading with beta_ = 0.00611778
PHY-3002 : Step(60): len = 7068.1, overlap = 3.75
PHY-3002 : Step(61): len = 7018.2, overlap = 3.75
PHY-3001 : Legalization ...
PHY-3001 : End legalization;  0.005411s wall, 0.000000s user + 0.000000s system = 0.000000s CPU (n/a%)

PHY-3001 : Legalized: Len = 8920.7, Over = 0
PHY-3001 : End spreading;  0.004317s wall, 0.000000s user + 0.000000s system = 0.000000s CPU (n/a%)

PHY-3001 : Final: Len = 8920.7, Over = 0
OPT-1001 : Start physical optimization ...
OPT-1001 : Total overflow 0.00 peak overflow 0.00
OPT-1001 : Start high-fanout net optimization ...
OPT-1001 : Update timing in global mode
PHY-1001 : Start incremental global routing, caller is place ...
RUN-1001 : Generating global routing grids ...
PHY-1001 : Generate routing nets ...
PHY-1001 : Reuse net number 3/408.
PHY-1001 : Global iterations in 8 thread ...
PHY-1002 : len = 9568, over cnt = 32(0%), over = 47, worst = 3
PHY-1002 : len = 9808, over cnt = 19(0%), over = 25, worst = 3
PHY-1002 : len = 9984, over cnt = 10(0%), over = 13, worst = 2
PHY-1002 : len = 10192, over cnt = 0(0%), over = 0, worst = 0
PHY-1001 : End global iterations;  0.038604s wall, 0.015625s user + 0.000000s system = 0.015625s CPU (40.5%)

PHY-1001 : Congestion index: top1 = 15.00, top5 = 6.53, top10 = 3.46, top15 = 2.31.
PHY-1001 : End incremental global routing;  0.083044s wall, 0.015625s user + 0.000000s system = 0.015625s CPU (18.8%)

RUN-1002 : start command "start_timer -report"
TMR-5001 WARNING: No sdc constraints found while initiating timer.
TMR-2505 : Start building timing graph for model responder.
TMR-2506 : Build timing graph completely. Port num: 10, tpin num: 1411, tnet num: 406, tinst num: 177, tnode num: 1772, tedge num: 2392.
TMR-2508 : Levelizing timing graph completed, there are 23 levels in total.
TMR-2501 : Timing graph initialized successfully.
OPT-1001 : End timing update;  0.181093s wall, 0.156250s user + 0.000000s system = 0.156250s CPU (86.3%)

OPT-1001 : 0 high-fanout net processed.
OPT-1001 : End high-fanout net optimization;  0.268659s wall, 0.171875s user + 0.000000s system = 0.171875s CPU (64.0%)

OPT-1001 : Current memory(MB): used = 136, reserve = 107, peak = 136.
OPT-1001 : Update timing in Manhattan mode
OPT-1001 : End timing update;  0.000322s wall, 0.000000s user + 0.000000s system = 0.000000s CPU (n/a%)

OPT-1001 : Start pin optimization...
OPT-1001 : skip pin optimization...
RUN-1001 : Generating global routing grids ...
PHY-1001 : Generate routing nets ...
PHY-1001 : Reuse net number 317/408.
PHY-1001 : Global iterations in 8 thread ...
PHY-1002 : len = 10192, over cnt = 0(0%), over = 0, worst = 0
PHY-1001 : End global iterations;  0.002708s wall, 0.000000s user + 0.000000s system = 0.000000s CPU (n/a%)

PHY-1001 : Congestion index: top1 = 15.00, top5 = 6.53, top10 = 3.46, top15 = 2.31.
OPT-1001 : Update timing in Manhattan mode
OPT-1001 : End timing update;  0.000539s wall, 0.000000s user + 0.000000s system = 0.000000s CPU (n/a%)

RUN-1001 : QoR Analysis:
OPT-0007 :   WNS 2147483647 TNS 0 NUM_FEPS 0
RUN-1001 :   No local congestion issue, and most congested 1% tile average routing util is 14.551724
RUN-1001 :   Top critical paths
OPT-1001 : End physical optimization;  0.320310s wall, 0.218750s user + 0.000000s system = 0.218750s CPU (68.3%)

RUN-1003 : finish command "place" in  1.773590s wall, 1.234375s user + 0.453125s system = 1.687500s CPU (95.1%)

RUN-1004 : used memory is 127 MB, reserved memory is 99 MB, peak memory is 136 MB
RUN-1002 : start command "export_db responder_place.db"
RUN-1001 : Exported /
RUN-1001 : Exported flow parameters
RUN-1001 : Exported libs
RUN-1001 : Exported entities
RUN-1001 : Exported ports
RUN-1001 : Exported pins
RUN-1001 : Exported instances
RUN-1001 : Exported nets
RUN-1001 : Exported buses
RUN-1001 : Exported models
RUN-1001 : Exported congestions
RUN-1001 : Exported violations
RUN-1001 : Exported IO constraints
RUN-1001 : Exported Inst constraints
RUN-1002 : start command "route"
RUN-1001 : Open license file C:/Anlogic/TD5.6.2/license/Anlogic.lic
RUN-1001 : Print Global Property
RUN-1001 : ---------------------------------------------------------------
RUN-1001 :        Parameters        |  Settings  |  Default Values  |  Note  
RUN-1001 : ---------------------------------------------------------------
RUN-1001 :          message         |  standard  |     standard     |        
RUN-1001 :   mixed_pack_place_flow  |     on     |        on        |        
RUN-1001 :        qor_monitor       |    off     |       off        |        
RUN-1001 :        syn_ip_flow       |    off     |       off        |        
RUN-1001 :          thread          |    auto    |       auto       |        
RUN-1001 : ---------------------------------------------------------------
RUN-1001 : Print Route Property
RUN-1001 : -------------------------------------------------------
RUN-1001 :    Parameters    |  Settings  |  Default Values  |  Note  
RUN-1001 : -------------------------------------------------------
RUN-1001 :      effort      |   medium   |      medium      |        
RUN-1001 :     fix_hold     |    off     |       off        |        
RUN-1001 :    opt_timing    |   medium   |      medium      |        
RUN-1001 :   phy_sim_model  |    off     |       off        |        
RUN-1001 :     priority     |   timing   |      timing      |        
RUN-1001 :     swap_pin     |     on     |        on        |        
RUN-1001 : -------------------------------------------------------
PHY-1001 : Route runs in 8 thread(s)
RUN-1001 : There are total 179 instances
RUN-1001 : 71 mslices, 72 lslices, 29 pads, 0 brams, 0 dsps
RUN-1001 : There are total 408 nets
RUN-1001 : 213 nets have 2 pins
RUN-1001 : 152 nets have [3 - 5] pins
RUN-1001 : 29 nets have [6 - 10] pins
RUN-1001 : 10 nets have [11 - 20] pins
RUN-1001 : 3 nets have [21 - 99] pins
RUN-1001 : 1 nets have 100+ pins
RUN-1002 : start command "start_timer -report"
TMR-5001 WARNING: No sdc constraints found while initiating timer.
TMR-2505 : Start building timing graph for model responder.
TMR-2506 : Build timing graph completely. Port num: 10, tpin num: 1411, tnet num: 406, tinst num: 177, tnode num: 1772, tedge num: 2392.
TMR-2508 : Levelizing timing graph completed, there are 23 levels in total.
TMR-2501 : Timing graph initialized successfully.
PHY-1001 : 71 mslices, 72 lslices, 29 pads, 0 brams, 0 dsps
TMR-2503 : Start to update net delay, extr mode = 3.
TMR-2504 : Update delay of 406 nets completely.
TMR-2502 : Annotate delay completely, extr mode = 3.
TMR-3002 : No user constraint, initiate default constraint.
TMR-1501 : Assign derive clock DeriveClock to 210 clock pins, and constraint 361 relative nodes.
TMR-3003 : Constraints initiated successfully.
TMR-3501 : Forward propagation: start to calculate arrival time...
TMR-3502 : Backward propagation: start to calculate required time...
TMR-3503 : Timing propagation completes.
PHY-1001 : Start global routing, caller is route ...
RUN-1001 : Generating global routing grids ...
PHY-1001 : Generate routing nets ...
PHY-1001 : Global iterations in 8 thread ...
PHY-1002 : len = 9504, over cnt = 31(0%), over = 47, worst = 3
PHY-1002 : len = 9712, over cnt = 21(0%), over = 27, worst = 3
PHY-1002 : len = 10056, over cnt = 4(0%), over = 4, worst = 1
PHY-1002 : len = 10120, over cnt = 0(0%), over = 0, worst = 0
PHY-1001 : End global iterations;  0.047866s wall, 0.000000s user + 0.000000s system = 0.000000s CPU (n/a%)

PHY-1001 : Congestion index: top1 = 14.94, top5 = 6.48, top10 = 3.44, top15 = 2.30.
PHY-1001 : End global routing;  0.094294s wall, 0.046875s user + 0.000000s system = 0.046875s CPU (49.7%)

PHY-1001 : Start detail routing ...
PHY-1001 : Current memory(MB): used = 152, reserve = 124, peak = 156.
PHY-1001 : Detailed router is running in normal mode.
PHY-1001 : Generate detailed routing grids ...
PHY-1001 : Processed IO instance DigitronCS_Out[3]_syn_2 with INV attribute.
PHY-1001 : Processed IO instance DigitronCS_Out[2]_syn_2 with INV attribute.
PHY-1001 : Processed IO instance DigitronCS_Out[1]_syn_2 with INV attribute.
PHY-1001 : Processed IO instance DigitronCS_Out[0]_syn_2 with INV attribute.
PHY-1001 : Processed IO instance Digitron_Out[6]_syn_2 with INV attribute.
PHY-1001 : Processed IO instance Digitron_Out[5]_syn_2 with INV attribute.
PHY-1001 : Processed IO instance Digitron_Out[4]_syn_2 with INV attribute.
PHY-1001 : Processed IO instance Digitron_Out[3]_syn_2 with INV attribute.
PHY-1001 : Processed IO instance Digitron_Out[2]_syn_2 with INV attribute.
PHY-1001 : Processed IO instance Digitron_Out[1]_syn_2 with INV attribute.
PHY-1001 : Processed IO instance Digitron_Out[0]_syn_2 with INV attribute.
PHY-1001 : Generate nets ...
PHY-1001 : net CLK_dup_1 will be routed on clock mesh
PHY-1001 : clock net U2/CLK1_syn_4 will be merged with clock U2/CLK1
PHY-1001 : clock net U4/SingleNum_b_n4_syn_10 will be merged with clock U4/SingleNum_b_n4
PHY-1001 : clock net U4/W_DigitronCS_Out_n_syn_4 will be merged with clock U4/W_DigitronCS_Out_n
PHY-1001 : clock net U4/W_Digitron_Out_n_syn_2 will be merged with clock U4/W_Digitron_Out_n
PHY-1001 : Current memory(MB): used = 418, reserve = 393, peak = 418.
PHY-1001 : End build detailed router design. 3.811567s wall, 3.265625s user + 0.015625s system = 3.281250s CPU (86.1%)

PHY-1001 : Detail Route ...
PHY-1001 : ===== Detail Route Phase 1 =====
PHY-1001 : Clock net routing.....
PHY-1001 : Routed 1% nets.
PHY-1022 : len = 13600, over cnt = 0(0%), over = 0, worst = 0, crit = 0
PHY-1001 : End initial clock net routed; 1.569718s wall, 1.250000s user + 0.000000s system = 1.250000s CPU (79.6%)

PHY-1001 : Current memory(MB): used = 448, reserve = 424, peak = 448.
PHY-1001 : End phase 1; 1.575084s wall, 1.250000s user + 0.000000s system = 1.250000s CPU (79.4%)

PHY-1001 : ===== Detail Route Phase 2 =====
PHY-1001 : Initial routing.....
PHY-1001 : Routed 27% nets.
PHY-1001 : Routed 31% nets.
PHY-1001 : Routed 46% nets.
PHY-1001 : Routed 64% nets.
PHY-1001 : Routed 82% nets.
PHY-1022 : len = 33976, over cnt = 3(0%), over = 3, worst = 1, crit = 0
PHY-1001 : Current memory(MB): used = 448, reserve = 424, peak = 448.
PHY-1001 : End initial routed; 0.194898s wall, 0.046875s user + 0.000000s system = 0.046875s CPU (24.1%)

PHY-1001 : Current memory(MB): used = 448, reserve = 424, peak = 448.
PHY-1001 : End phase 2; 0.194957s wall, 0.046875s user + 0.000000s system = 0.046875s CPU (24.0%)

PHY-1001 : ===== Detail Route Phase 3 =====
PHY-1001 : Ripup-reroute.....
PHY-1001 : ===== DR Iter 1 =====
PHY-1022 : len = 33968, over cnt = 1(0%), over = 1, worst = 1, crit = 0
PHY-1001 : End DR Iter 1; 0.013246s wall, 0.000000s user + 0.000000s system = 0.000000s CPU (n/a%)

PHY-1001 : ===== DR Iter 2 =====
PHY-1022 : len = 33968, over cnt = 0(0%), over = 0, worst = 0, crit = 0
PHY-1001 : End DR Iter 2; 0.013006s wall, 0.000000s user + 0.000000s system = 0.000000s CPU (n/a%)

PHY-1001 : Commit to database.....
PHY-1001 : 1 feed throughs used by 1 nets
PHY-1001 : End commit to database; 0.061642s wall, 0.062500s user + 0.000000s system = 0.062500s CPU (101.4%)

PHY-1001 : Current memory(MB): used = 458, reserve = 434, peak = 458.
PHY-1001 : End phase 3; 0.204726s wall, 0.171875s user + 0.000000s system = 0.171875s CPU (84.0%)

PHY-1003 : Routed, final wirelength = 33968
PHY-1001 : Current memory(MB): used = 458, reserve = 434, peak = 458.
PHY-1001 : End export database. 0.005400s wall, 0.000000s user + 0.000000s system = 0.000000s CPU (n/a%)

PHY-1001 : End detail routing;  6.002843s wall, 4.937500s user + 0.015625s system = 4.953125s CPU (82.5%)

RUN-1003 : finish command "route" in  6.346828s wall, 5.187500s user + 0.015625s system = 5.203125s CPU (82.0%)

RUN-1004 : used memory is 415 MB, reserved memory is 390 MB, peak memory is 458 MB
RUN-1002 : start command "report_area -io_info -file responder_phy.area"
RUN-1001 : standard
***Report Model: responder Device: EG4S20BG256***

IO Statistics
#IO                        29
  #input                    7
  #output                  22
  #inout                    0

Utilization Statistics
#lut                      239   out of  19600    1.22%
#reg                      151   out of  19600    0.77%
#le                       264
  #lut only               113   out of    264   42.80%
  #reg only                25   out of    264    9.47%
  #lut&reg                126   out of    264   47.73%
#dsp                        0   out of     29    0.00%
#bram                       0   out of     64    0.00%
  #bram9k                   0
  #fifo9k                   0
#bram32k                    0   out of     16    0.00%
#pad                       29   out of    188   15.43%
  #ireg                     4
  #oreg                    17
  #treg                     0
#pll                        0   out of      4    0.00%
#gclk                       4   out of     16   25.00%

Clock Resource Statistics
Index     ClockNet                 Type               DriverType         Driver                   Fanout
#1        CLK_dup_1                GCLK               io                 CLK_syn_2.di             89
#2        U2/CLK1                  GCLK               mslice             U2/CLK1_reg_syn_30.q0    10
#3        U4/W_DigitronCS_Out_n    GCLK               mslice             U4/reg2_syn_25.f1        8
#4        U4/W_Digitron_Out_n      GCLK               mslice             U4/mux1_syn_5.f0         7
#5        U4/SingleNum_b_n4        GCLK               mslice             U4/reg2_syn_27.f0        2


Detailed IO Report

        Name           Direction    Location    IOStandard    DriveStrength    PullType    PackReg  
         CLK             INPUT         R7        LVCMOS33          N/A          PULLUP      NONE    
      Key_In[3]          INPUT        F10        LVCMOS33          N/A          PULLUP      IREG    
      Key_In[2]          INPUT        C11        LVCMOS33          N/A          PULLUP      IREG    
      Key_In[1]          INPUT        D11        LVCMOS33          N/A          PULLUP      IREG    
      Key_In[0]          INPUT        E11        LVCMOS33          N/A          PULLUP      IREG    
        RSTn             INPUT         A9        LVCMOS33          N/A          PULLUP      NONE    
        Start            INPUT        A10        LVCMOS33          N/A          PULLUP      NONE    
     Buzzer_Out         OUTPUT        H11        LVCMOS33           8            NONE       OREG    
  DigitronCS_Out[3]     OUTPUT         A3        LVCMOS33           8            NONE       OREG    
  DigitronCS_Out[2]     OUTPUT         A5        LVCMOS33           8            NONE       OREG    
  DigitronCS_Out[1]     OUTPUT         B6        LVCMOS33           8            NONE       OREG    
  DigitronCS_Out[0]     OUTPUT         C9        LVCMOS33           8            NONE       OREG    
   Digitron_Out[7]      OUTPUT         C8        LVCMOS33           8            NONE       NONE    
   Digitron_Out[6]      OUTPUT         A8        LVCMOS33           8            NONE       OREG    
   Digitron_Out[5]      OUTPUT         B5        LVCMOS33           8            NONE       OREG    
   Digitron_Out[4]      OUTPUT         A7        LVCMOS33           8            NONE       OREG    
   Digitron_Out[3]      OUTPUT         E8        LVCMOS33           8            NONE       OREG    
   Digitron_Out[2]      OUTPUT         B8        LVCMOS33           8            NONE       OREG    
   Digitron_Out[1]      OUTPUT         A6        LVCMOS33           8            NONE       OREG    
   Digitron_Out[0]      OUTPUT         A4        LVCMOS33           8            NONE       OREG    
     Key_Row[3]         OUTPUT        E10        LVCMOS33           8            NONE       NONE    
     Key_Row[2]         OUTPUT        C10        LVCMOS33           8            NONE       NONE    
     Key_Row[1]         OUTPUT         F9        LVCMOS33           8            NONE       NONE    
     Key_Row[0]         OUTPUT         D9        LVCMOS33           8            NONE       NONE    
     LED_Out[3]         OUTPUT        C15        LVCMOS33           8            NONE       OREG    
     LED_Out[2]         OUTPUT        B16        LVCMOS33           8            NONE       OREG    
     LED_Out[1]         OUTPUT        B15        LVCMOS33           8            NONE       OREG    
     LED_Out[0]         OUTPUT        B14        LVCMOS33           8            NONE       OREG    
  LED_OverTime_Out      OUTPUT        F16        LVCMOS33           8            NONE       OREG    

Report Hierarchy Area:
+-----------------------------------------------------------------------------------+
|Instance |Module              |le     |lut     |ripple  |seq     |bram    |dsp     |
+-----------------------------------------------------------------------------------+
|top      |responder           |264    |199     |40      |172     |0       |0       |
|  U1     |Sel_module          |67     |51      |7       |36      |0       |0       |
|  U2     |Timer_module        |56     |46      |7       |36      |0       |0       |
|  U3     |Buzzer_module       |44     |27      |6       |29      |0       |0       |
|  U4     |Digitron_NumDisplay |59     |50      |9       |26      |0       |0       |
|  U5     |key_filter          |38     |25      |11      |24      |0       |0       |
+-----------------------------------------------------------------------------------+


DataNet Average Fanout:

   Index     Fanout    Nets  
    #1         1       184   
    #2         2       133   
    #3         3        8    
    #4         4        10   
    #5        5-10      28   
    #6       11-50      9    
  Average     2.31           

RUN-1002 : start command "export_db responder_pr.db"
RUN-1001 : Exported /
RUN-1001 : Exported flow parameters
RUN-1001 : Exported libs
RUN-1001 : Exported entities
RUN-1001 : Exported ports
RUN-1001 : Exported pins
RUN-1001 : Exported instances
RUN-1001 : Exported nets
RUN-1001 : Exported buses
RUN-1001 : Exported models
RUN-1001 : Exported congestions
RUN-1001 : Exported violations
RUN-1001 : Exported IO constraints
RUN-1001 : Exported Inst constraints
RUN-1002 : start command "export_bid responder_inst.bid"
RUN-1002 : start command "bitgen -bit responder.bit -unused_io_status pulldown"
BIT-1003 : Start to generate bitstream. 
BIT-1002 : Bitgen processed 159 unused pads, reserve input tri_state with pulldown
BIT-1002 : Init instances with 8 threads.
BIT-1002 : Init instances completely, inst num: 336
BIT-1002 : Init pips with 8 threads.
BIT-1002 : Init pips completely, net num: 408, pip num: 2848
BIT-1002 : Init feedthrough completely, num: 1
BIT-1003 : Multithreading accelaration with 8 threads.
BIT-1003 : Generate bitstream completely, there are 640 valid insts, and 8848 bits set as '1'.
BIT-1004 : PLL setting string = 0000
BIT-1004 : Generate bits file responder.bit.
RUN-1003 : finish command "bitgen -bit responder.bit -unused_io_status pulldown" in  1.615359s wall, 3.328125s user + 0.015625s system = 3.343750s CPU (207.0%)

RUN-1004 : used memory is 425 MB, reserved memory is 402 MB, peak memory is 575 MB
RUN-1002 : start command "backup_run_log run.log ../.logs/phy_1/td_20240723_215620.log"
