============================================================
   Tang Dynasty, V5.6.71036
      Copyright (c) 2012-2023 Anlogic Inc.
   Executable = C:/Anlogic/TD5.6.2/bin/td.exe
   Built at =   20:34:38 Mar 21 2023
   Run by =     Timmy
   Run Date =   Fri Jul 26 17:35:00 2024

   Run on =     DESKTOP-A28VB3Q
============================================================
RUN-1002 : start command "open_project responder.prj"
RUN-1001 : Print Global Property
RUN-1001 : ---------------------------------------------------------------
RUN-1001 :        Parameters        |  Settings  |  Default Values  |  Note  
RUN-1001 : ---------------------------------------------------------------
RUN-1001 :          message         |  standard  |     standard     |        
RUN-1001 :   mixed_pack_place_flow  |     on     |        on        |        
RUN-1001 :        qor_monitor       |    off     |       off        |        
RUN-1001 :        syn_ip_flow       |    off     |       off        |        
RUN-1001 :          thread          |    auto    |       auto       |        
RUN-1001 : ---------------------------------------------------------------
RUN-1001 : Print Design Property
RUN-1001 : --------------------------------------------------------------
RUN-1001 :        Parameters       |  Settings  |  Default Values  |  Note  
RUN-1001 : --------------------------------------------------------------
RUN-1001 :   default_reg_initial   |    auto    |       auto       |        
RUN-1001 :        infer_add        |     on     |        on        |        
RUN-1001 :        infer_fsm        |    off     |       off        |        
RUN-1001 :        infer_mult       |     on     |        on        |        
RUN-1001 :        infer_ram        |     on     |        on        |        
RUN-1001 :        infer_reg        |     on     |        on        |        
RUN-1001 :   infer_reg_init_value  |     on     |        on        |        
RUN-1001 :        infer_rom        |     on     |        on        |        
RUN-1001 :      infer_shifter      |     on     |        on        |        
RUN-1001 : --------------------------------------------------------------
RUN-1001 : Print Rtl Property
RUN-1001 : --------------------------------------------------------------
RUN-1001 :        Parameters       |  Settings  |  Default Values  |  Note  
RUN-1001 : --------------------------------------------------------------
RUN-1001 :       compress_add      |   ripple   |      ripple      |        
RUN-1001 :        elf_sload        |    off     |       off        |        
RUN-1001 :       fix_undriven      |     0      |        0         |        
RUN-1001 :         flatten         |    off     |       off        |        
RUN-1001 :       gate_sharing      |     on     |        on        |        
RUN-1001 :    hdl_warning_level    |   normal   |      normal      |        
RUN-1001 :   impl_internal_tribuf  |     on     |        on        |        
RUN-1001 :      impl_set_reset     |     on     |        on        |        
RUN-1001 :        infer_gsr        |    off     |       off        |        
RUN-1001 :      keep_hierarchy     |    auto    |       auto       |        
RUN-1001 :        max_fanout       |    9999    |       9999       |        
RUN-1001 :      max_oh2bin_len     |     10     |        10        |        
RUN-1001 :       merge_equal       |     on     |        on        |        
RUN-1001 :       merge_equiv       |     on     |        on        |        
RUN-1001 :        merge_mux        |    off     |       off        |        
RUN-1001 :     min_control_set     |     8      |        8         |        
RUN-1001 :      min_ripple_len     |    auto    |       auto       |        
RUN-1001 :       oh2bin_ratio      |    0.08    |       0.08       |        
RUN-1001 :     opt_adder_fanout    |     on     |        on        |        
RUN-1001 :        opt_arith        |     on     |        on        |        
RUN-1001 :       opt_big_gate      |    off     |       off        |        
RUN-1001 :        opt_const        |     on     |        on        |        
RUN-1001 :      opt_const_mult     |     on     |        on        |        
RUN-1001 :       opt_lessthan      |     on     |        on        |        
RUN-1001 :         opt_mux         |    off     |       off        |        
RUN-1001 :         opt_ram         |    high    |       high       |        
RUN-1001 :      rtl_sim_model      |    off     |       off        |        
RUN-1001 :         seq_syn         |     on     |        on        |        
RUN-1001 : --------------------------------------------------------------
HDL-1007 : analyze verilog file ../../responder.v
HDL-1007 : analyze verilog file ../../Sel_module.v
HDL-1007 : analyze verilog file ../../Timer_module.v
HDL-1007 : analyze verilog file ../../Buzzer_module.v
HDL-1007 : analyze verilog file ../../Digitron_NumDisplay.v
HDL-1007 : analyze verilog file ../../key_filter.v
HDL-1007 : analyze verilog file ../../../../1 run_led/run_led/led8_module.v
RUN-1001 : Project manager successfully analyzed 7 source files.
RUN-1002 : start command "import_device eagle_s20.db -package EG4S20BG256"
ARC-1001 : Device Initialization.
ARC-1001 : ------------------------------------------------------------------
ARC-1001 :            OPTION            |          IO          |   SETTING   
ARC-1001 : ------------------------------------------------------------------
ARC-1001 :   cso_b/cclk/mosi/miso/dout  |  T3/R11/T10/P10/S11  |    gpio    
ARC-1001 :             done             |         P13          |    gpio    
ARC-1001 :           program_b          |          T2          |  dedicate  
ARC-1001 :        tdi/tms/tck/tdo       |   C12/A15/C14/E14    |  dedicate  
ARC-1001 : ------------------------------------------------------------------
ARC-1004 : Device setting, marked 5 dedicate IOs in total.
RUN-1002 : start command "import_db ../syn_1/responder_gate.db"
RUN-1001 : Importing database generated by Tang Dynasty, V5.6.71036.
RUN-1001 : Database version number 46146.
RUN-1001 : Import flow parameters
RUN-1001 : Import IO constraints
RUN-1001 : Import Inst constraints
RUN-1001 : Import design success TD_VERSION=5.6.71036 , DB_VERSION=46146
RUN-1002 : start command "place"
RUN-1001 : Open license file C:/Anlogic/TD5.6.2/license/Anlogic.lic
RUN-1001 : Print Global Property
RUN-1001 : ---------------------------------------------------------------
RUN-1001 :        Parameters        |  Settings  |  Default Values  |  Note  
RUN-1001 : ---------------------------------------------------------------
RUN-1001 :          message         |  standard  |     standard     |        
RUN-1001 :   mixed_pack_place_flow  |     on     |        on        |        
RUN-1001 :        qor_monitor       |    off     |       off        |        
RUN-1001 :        syn_ip_flow       |    off     |       off        |        
RUN-1001 :          thread          |    auto    |       auto       |        
RUN-1001 : ---------------------------------------------------------------
RUN-1001 : Print Place Property
RUN-1001 : --------------------------------------------------------------
RUN-1001 :        Parameters       |  Settings  |  Default Values  |  Note  
RUN-1001 : --------------------------------------------------------------
RUN-1001 :      detailed_place     |     on     |        on        |        
RUN-1001 :          effort         |   medium   |      medium      |        
RUN-1001 :         fix_hold        |    off     |       off        |        
RUN-1001 :       legalization      |    ori     |       ori        |        
RUN-1001 :      new_spreading      |     on     |        on        |        
RUN-1001 :        opt_timing       |   medium   |      medium      |        
RUN-1001 :   post_clock_route_opt  |    off     |       off        |        
RUN-1001 :       pr_strategy       |     1      |        1         |        
RUN-1001 :        relaxation       |    1.00    |       1.00       |        
RUN-1001 :         retiming        |    off     |       off        |        
RUN-1001 : --------------------------------------------------------------
PHY-3001 : Placer runs in 8 thread(s).
RUN-1002 : start command "legalize_phy_inst"
SYN-1011 : Flatten model responder
RUN-1002 : start command "phys_opt -simplify_lut"
SYN-4024 : Net "CLK_dup_1" drives clk pins.
SYN-4024 : Net "U4/W_Digitron_Out_n" drives clk pins.
SYN-4024 : Net "U2/CLK1" drives clk pins.
SYN-4024 : Net "U4/W_DigitronCS_Out_n" drives clk pins.
SYN-4024 : Net "U4/SingleNum_b_n4" drives clk pins.
SYN-4025 : Tag rtl::Net CLK_dup_1 as clock net
SYN-4025 : Tag rtl::Net U2/CLK1 as clock net
SYN-4025 : Tag rtl::Net U4/SingleNum_b_n4 as clock net
SYN-4025 : Tag rtl::Net U4/W_DigitronCS_Out_n as clock net
SYN-4025 : Tag rtl::Net U4/W_Digitron_Out_n as clock net
SYN-4026 : Tagged 5 rtl::Net as clock net
SYN-4015 : Create BUFG instance for clk Net U2/CLK1 to drive 11 clock pins.
SYN-4015 : Create BUFG instance for clk Net U4/W_DigitronCS_Out_n to drive 8 clock pins.
SYN-4015 : Create BUFG instance for clk Net U4/W_Digitron_Out_n to drive 7 clock pins.
SYN-4015 : Create BUFG instance for clk Net U4/SingleNum_b_n4 to drive 4 clock pins.
PHY-1001 : Populate physical database on model responder.
RUN-1001 : There are total 409 instances
RUN-0007 : 175 luts, 142 seqs, 32 mslices, 20 lslices, 33 pads, 0 brams, 0 dsps
RUN-1001 : There are total 540 nets
RUN-1001 : 312 nets have 2 pins
RUN-1001 : 192 nets have [3 - 5] pins
RUN-1001 : 25 nets have [6 - 10] pins
RUN-1001 : 5 nets have [11 - 20] pins
RUN-1001 : 4 nets have [21 - 99] pins
RUN-1001 : 2 nets have 100+ pins
RUN-1001 : Report Control nets information:
RUN-1001 : DFF Distribution
RUN-1001 : ----------------------------------
RUN-1001 :   CE   |  SSR  |  ASR  |  DFF Count  
RUN-1001 : ----------------------------------
RUN-1001 :   No   |  No   |  No   |     28      
RUN-1001 :   No   |  No   |  Yes  |     52      
RUN-1001 :   No   |  Yes  |  No   |     29      
RUN-1001 :   Yes  |  No   |  No   |      0      
RUN-1001 :   Yes  |  No   |  Yes  |     33      
RUN-1001 :   Yes  |  Yes  |  No   |      0      
RUN-1001 : ----------------------------------
RUN-0007 : Control Group Statistic
RUN-0007 : ---------------------------
RUN-0007 :   #CLK  |  #CE  |  #SSR/ASR  
RUN-0007 : ---------------------------
RUN-0007 :    4    |   3   |     5      
RUN-0007 : ---------------------------
RUN-0007 : Control Set = 10
PHY-3001 : Initial placement ...
PHY-3001 : design contains 407 instances, 175 luts, 142 seqs, 52 slices, 6 macros(52 instances: 32 mslices 20 lslices)
PHY-0007 : Cell area utilization is 1%
PHY-3001 : Global placement ...
PHY-3001 : Initial: Len = 115532
PHY-3001 : Clustering ...
PHY-3001 : Level 0 #clusters 407.
PHY-3001 : End clustering;  0.000013s wall, 0.000000s user + 0.000000s system = 0.000000s CPU (n/a%)

PHY-3001 : Run with size of 4
PHY-3001 : Cell area utilization is 1%
PHY-3001 : :::0::: Try harder cell spreading with beta_ = 0
PHY-3002 : Step(1): len = 71441.4, overlap = 0
PHY-3002 : Step(2): len = 48602.7, overlap = 0
PHY-3002 : Step(3): len = 35854.2, overlap = 0
PHY-3002 : Step(4): len = 28305.7, overlap = 0
PHY-3002 : Step(5): len = 23830.5, overlap = 0
PHY-3002 : Step(6): len = 22994.9, overlap = 0
PHY-3002 : Step(7): len = 21487.1, overlap = 0
PHY-3002 : Step(8): len = 21517.6, overlap = 0
PHY-3002 : Step(9): len = 20214.7, overlap = 0
PHY-3002 : Step(10): len = 17683.4, overlap = 0
PHY-3002 : Step(11): len = 17506.3, overlap = 0
PHY-3002 : Step(12): len = 17492.1, overlap = 0
PHY-3002 : Step(13): len = 15239.2, overlap = 0
PHY-3002 : Step(14): len = 15265.6, overlap = 0
PHY-3002 : Step(15): len = 15560.8, overlap = 0
PHY-3002 : Step(16): len = 14843.9, overlap = 0
PHY-3002 : Step(17): len = 14495.6, overlap = 0
PHY-3002 : Step(18): len = 14372.7, overlap = 0
PHY-3002 : Step(19): len = 13380.2, overlap = 0
PHY-3002 : Step(20): len = 13348, overlap = 0
PHY-3002 : Step(21): len = 13478.9, overlap = 0
PHY-3002 : Step(22): len = 13359.3, overlap = 0
PHY-3002 : Step(23): len = 13182.5, overlap = 0
PHY-3002 : Step(24): len = 11552.4, overlap = 0
PHY-3002 : Step(25): len = 11399.6, overlap = 0
PHY-3002 : Step(26): len = 11676.9, overlap = 0
PHY-3002 : Step(27): len = 11141.3, overlap = 0
PHY-3002 : Step(28): len = 10816.6, overlap = 0
PHY-3002 : Step(29): len = 10272.9, overlap = 0
PHY-3002 : Step(30): len = 10019.1, overlap = 0
PHY-3002 : Step(31): len = 9905.4, overlap = 0
PHY-3002 : Step(32): len = 9468, overlap = 0
PHY-3002 : Step(33): len = 8765.7, overlap = 0
PHY-3002 : Step(34): len = 8866.7, overlap = 0
PHY-3002 : Step(35): len = 8406.8, overlap = 0
PHY-3002 : Step(36): len = 8493.7, overlap = 0
PHY-3002 : Step(37): len = 8529.3, overlap = 0
PHY-3001 : Legalization ...
PHY-3001 : End legalization;  0.006030s wall, 0.000000s user + 0.000000s system = 0.000000s CPU (n/a%)

PHY-3001 : Run with size of 4
PHY-3001 : Cell area utilization is 1%
PHY-3001 : :::0::: Try harder cell spreading with beta_ = 0
PHY-3002 : Step(38): len = 8236.4, overlap = 0
PHY-3002 : Step(39): len = 8261.7, overlap = 0
PHY-3002 : Step(40): len = 8252.7, overlap = 0
PHY-3002 : Step(41): len = 8243.4, overlap = 0
PHY-3002 : Step(42): len = 8155.1, overlap = 0
PHY-3002 : Step(43): len = 8309.3, overlap = 0
PHY-3002 : Step(44): len = 8340.3, overlap = 0
PHY-3002 : Step(45): len = 8368.1, overlap = 0
PHY-3002 : Step(46): len = 8281.8, overlap = 0
PHY-3002 : Step(47): len = 8599.5, overlap = 0
PHY-3002 : Step(48): len = 8735.6, overlap = 0
PHY-3002 : Step(49): len = 8527.9, overlap = 0
PHY-3002 : Step(50): len = 8460.3, overlap = 0
PHY-3002 : Step(51): len = 8459.3, overlap = 0
PHY-3002 : Step(52): len = 8700.9, overlap = 0
PHY-3002 : Step(53): len = 8020.7, overlap = 0
PHY-3002 : Step(54): len = 8069.4, overlap = 0
PHY-3002 : Step(55): len = 8099.3, overlap = 0
PHY-3002 : Step(56): len = 8193.2, overlap = 0
PHY-3002 : Step(57): len = 8202.5, overlap = 0
PHY-3002 : Step(58): len = 8340.6, overlap = 0
PHY-3002 : Step(59): len = 7940.7, overlap = 0
PHY-3002 : Step(60): len = 7788, overlap = 0
PHY-3002 : Step(61): len = 7606.4, overlap = 0
PHY-3002 : Step(62): len = 7324.2, overlap = 0
PHY-3002 : Step(63): len = 7185.2, overlap = 0
PHY-3002 : Step(64): len = 7293.6, overlap = 0
PHY-3002 : Step(65): len = 7096.2, overlap = 0
PHY-3002 : Step(66): len = 6926.7, overlap = 0
PHY-3002 : Step(67): len = 6752.1, overlap = 0
PHY-3002 : Step(68): len = 6751.4, overlap = 0
PHY-3002 : Step(69): len = 6817, overlap = 0
PHY-3001 : Run with size of 2
PHY-3001 : Cell area utilization is 1%
PHY-3001 : :::0::: Try harder cell spreading with beta_ = 0.00928869
PHY-3002 : Step(70): len = 6534.6, overlap = 0.59375
PHY-3002 : Step(71): len = 6454.5, overlap = 0.6875
PHY-3002 : Step(72): len = 6458.6, overlap = 0.6875
OPT-1001 : Start physical optimization ...
OPT-1001 : Total overflow 14.44 peak overflow 1.53
OPT-1001 : Start high-fanout net optimization ...
OPT-1001 : Update timing in global mode
PHY-1001 : Start incremental global routing, caller is place ...
RUN-1001 : Generating global routing grids ...
RUN-1001 : Building simple global routing graph ...
PHY-1001 : Generate routing nets ...
PHY-1001 : Reuse net number 0/540.
PHY-1001 : Global iterations in 8 thread ...
PHY-1002 : len = 7120, over cnt = 12(0%), over = 29, worst = 14
PHY-1001 : End global iterations;  0.027579s wall, 0.031250s user + 0.000000s system = 0.031250s CPU (113.3%)

PHY-1001 : Congestion index: top1 = 10.58, top5 = 4.77, top10 = 2.56, top15 = 1.71.
PHY-1001 : End incremental global routing;  0.081466s wall, 0.062500s user + 0.000000s system = 0.062500s CPU (76.7%)

RUN-1002 : start command "start_timer -report"
TMR-5001 WARNING: No sdc constraints found while initiating timer.
TMR-2505 : Start building timing graph for model responder.
TMR-2506 : Build timing graph completely. Port num: 11, tpin num: 1833, tnet num: 538, tinst num: 407, tnode num: 2386, tedge num: 2933.
TMR-2508 : Levelizing timing graph completed, there are 29 levels in total.
TMR-2501 : Timing graph initialized successfully.
OPT-1001 : End timing update;  0.241381s wall, 0.187500s user + 0.000000s system = 0.187500s CPU (77.7%)

OPT-1001 : 0 high-fanout net processed.
OPT-1001 : End high-fanout net optimization;  0.327965s wall, 0.250000s user + 0.000000s system = 0.250000s CPU (76.2%)

OPT-1001 : Current memory(MB): used = 136, reserve = 107, peak = 136.
OPT-1001 : End physical optimization;  0.334916s wall, 0.250000s user + 0.000000s system = 0.250000s CPU (74.6%)

PHY-3001 : Start packing ...
SYN-4007 : Packing 0 MUX to BLE ...
SYN-4008 : Packed 0 MUX and 0 SEQ to BLE.
SYN-4007 : Packing 175 LUT to BLE ...
SYN-4008 : Packed 175 LUT and 80 SEQ to BLE.
SYN-4003 : Packing 62 remaining SEQ's ...
SYN-4005 : Packed 44 SEQ with LUT/SLICE
SYN-4006 : 57 single LUT's are left
SYN-4006 : 18 single SEQ's are left
SYN-4011 : Packing model "responder" (AL_USER_NORMAL) with 193/285 primitive instances ...
PHY-3001 : End packing;  0.012894s wall, 0.015625s user + 0.000000s system = 0.015625s CPU (121.2%)

PHY-1001 : Populate physical database on model responder.
RUN-1001 : There are total 199 instances
RUN-1001 : 80 mslices, 79 lslices, 33 pads, 0 brams, 0 dsps
RUN-1001 : There are total 469 nets
RUN-1001 : 246 nets have 2 pins
RUN-1001 : 187 nets have [3 - 5] pins
RUN-1001 : 26 nets have [6 - 10] pins
RUN-1001 : 6 nets have [11 - 20] pins
RUN-1001 : 2 nets have [21 - 99] pins
RUN-1001 : 2 nets have 100+ pins
PHY-3001 : design contains 197 instances, 159 slices, 6 macros(52 instances: 32 mslices 20 lslices)
PHY-3001 : Cell area utilization is 2%
PHY-3001 : After packing: Len = 6812.6, Over = 4.25
PHY-3001 : Run with size of 2
PHY-3001 : Cell area utilization is 2%
PHY-3001 : :::0::: Try harder cell spreading with beta_ = 0
PHY-3002 : Step(73): len = 6391, overlap = 4.5
PHY-3002 : Step(74): len = 6371.7, overlap = 4.75
PHY-3002 : Step(75): len = 6316.6, overlap = 4.5
PHY-3002 : Step(76): len = 6320.1, overlap = 4.25
PHY-3002 : Step(77): len = 6312.3, overlap = 4.25
PHY-3002 : Step(78): len = 6342.7, overlap = 4.5
PHY-3002 : Step(79): len = 6343.1, overlap = 6.25
PHY-3001 : :::1::: Try harder cell spreading with beta_ = 0.0179047
PHY-3002 : Step(80): len = 6265.9, overlap = 6
PHY-3002 : Step(81): len = 6107.1, overlap = 6
PHY-3002 : Step(82): len = 6130.4, overlap = 6
PHY-3001 : Legalization ...
PHY-3001 : End legalization;  0.053092s wall, 0.000000s user + 0.015625s system = 0.015625s CPU (29.4%)

PHY-3001 : Trial Legalized: Len = 10022
PHY-3001 : Run with size of 2
PHY-3001 : Cell area utilization is 2%
PHY-3001 : :::0::: Try harder cell spreading with beta_ = 0
PHY-3002 : Step(83): len = 7497.3, overlap = 1.5
PHY-3002 : Step(84): len = 6647, overlap = 4.5
PHY-3002 : Step(85): len = 6397.1, overlap = 4.75
PHY-3002 : Step(86): len = 6268.2, overlap = 5
PHY-3002 : Step(87): len = 6230.2, overlap = 4.5
PHY-3002 : Step(88): len = 6230.2, overlap = 4.5
PHY-3002 : Step(89): len = 6119.5, overlap = 4.5
PHY-3002 : Step(90): len = 6119.5, overlap = 4.5
PHY-3002 : Step(91): len = 6063.3, overlap = 4.5
PHY-3001 : Legalization ...
PHY-3001 : End legalization;  0.005364s wall, 0.000000s user + 0.000000s system = 0.000000s CPU (n/a%)

PHY-3001 : Legalized: Len = 8186.6, Over = 0
PHY-3001 : Spreading special nets. 2 overflows in 2952 tiles.
PHY-3001 : End spreading;  0.002819s wall, 0.000000s user + 0.000000s system = 0.000000s CPU (n/a%)

PHY-3001 : 2 instances has been re-located, deltaX = 0, deltaY = 2, maxDist = 1.
PHY-3001 : Final: Len = 8216.6, Over = 0
OPT-1001 : Start physical optimization ...
OPT-1001 : Total overflow 0.00 peak overflow 0.00
OPT-1001 : Start high-fanout net optimization ...
OPT-1001 : Update timing in global mode
PHY-1001 : Start incremental global routing, caller is place ...
RUN-1001 : Generating global routing grids ...
PHY-1001 : Generate routing nets ...
PHY-1001 : Reuse net number 19/469.
PHY-1001 : Global iterations in 8 thread ...
PHY-1002 : len = 9112, over cnt = 25(0%), over = 38, worst = 4
PHY-1002 : len = 9416, over cnt = 7(0%), over = 7, worst = 1
PHY-1002 : len = 9472, over cnt = 2(0%), over = 2, worst = 1
PHY-1002 : len = 9504, over cnt = 0(0%), over = 0, worst = 0
PHY-1001 : End global iterations;  0.047644s wall, 0.000000s user + 0.015625s system = 0.015625s CPU (32.8%)

PHY-1001 : Congestion index: top1 = 14.22, top5 = 6.30, top10 = 3.38, top15 = 2.26.
PHY-1001 : End incremental global routing;  0.094332s wall, 0.000000s user + 0.015625s system = 0.015625s CPU (16.6%)

RUN-1002 : start command "start_timer -report"
TMR-5001 WARNING: No sdc constraints found while initiating timer.
TMR-2505 : Start building timing graph for model responder.
TMR-2506 : Build timing graph completely. Port num: 11, tpin num: 1578, tnet num: 467, tinst num: 197, tnode num: 2019, tedge num: 2641.
TMR-2508 : Levelizing timing graph completed, there are 27 levels in total.
TMR-2501 : Timing graph initialized successfully.
OPT-1001 : End timing update;  0.210648s wall, 0.109375s user + 0.000000s system = 0.109375s CPU (51.9%)

OPT-1001 : 0 high-fanout net processed.
OPT-1001 : End high-fanout net optimization;  0.310088s wall, 0.125000s user + 0.015625s system = 0.140625s CPU (45.4%)

OPT-1001 : Current memory(MB): used = 137, reserve = 108, peak = 137.
OPT-1001 : Update timing in Manhattan mode
OPT-1001 : End timing update;  0.000374s wall, 0.000000s user + 0.000000s system = 0.000000s CPU (n/a%)

OPT-1001 : Start pin optimization...
OPT-1001 : skip pin optimization...
RUN-1001 : Generating global routing grids ...
PHY-1001 : Generate routing nets ...
PHY-1001 : Reuse net number 348/469.
PHY-1001 : Global iterations in 8 thread ...
PHY-1002 : len = 9504, over cnt = 0(0%), over = 0, worst = 0
PHY-1001 : End global iterations;  0.002100s wall, 0.000000s user + 0.000000s system = 0.000000s CPU (n/a%)

PHY-1001 : Congestion index: top1 = 14.22, top5 = 6.30, top10 = 3.38, top15 = 2.26.
OPT-1001 : Update timing in Manhattan mode
OPT-1001 : End timing update;  0.000545s wall, 0.015625s user + 0.000000s system = 0.015625s CPU (n/a%)

RUN-1001 : QoR Analysis:
OPT-0007 :   WNS 2147483647 TNS 0 NUM_FEPS 0
RUN-1001 :   No local congestion issue, and most congested 1% tile average routing util is 13.793103
RUN-1001 :   Top critical paths
OPT-1001 : End physical optimization;  0.361714s wall, 0.234375s user + 0.015625s system = 0.250000s CPU (69.1%)

RUN-1003 : finish command "place" in  2.238853s wall, 1.578125s user + 0.390625s system = 1.968750s CPU (87.9%)

RUN-1004 : used memory is 129 MB, reserved memory is 100 MB, peak memory is 137 MB
RUN-1002 : start command "export_db responder_place.db"
RUN-1001 : Exported /
RUN-1001 : Exported flow parameters
RUN-1001 : Exported libs
RUN-1001 : Exported entities
RUN-1001 : Exported ports
RUN-1001 : Exported pins
RUN-1001 : Exported instances
RUN-1001 : Exported nets
RUN-1001 : Exported buses
RUN-1001 : Exported models
RUN-1001 : Exported congestions
RUN-1001 : Exported violations
RUN-1001 : Exported IO constraints
RUN-1001 : Exported Inst constraints
RUN-1002 : start command "route"
RUN-1001 : Open license file C:/Anlogic/TD5.6.2/license/Anlogic.lic
RUN-1001 : Print Global Property
RUN-1001 : ---------------------------------------------------------------
RUN-1001 :        Parameters        |  Settings  |  Default Values  |  Note  
RUN-1001 : ---------------------------------------------------------------
RUN-1001 :          message         |  standard  |     standard     |        
RUN-1001 :   mixed_pack_place_flow  |     on     |        on        |        
RUN-1001 :        qor_monitor       |    off     |       off        |        
RUN-1001 :        syn_ip_flow       |    off     |       off        |        
RUN-1001 :          thread          |    auto    |       auto       |        
RUN-1001 : ---------------------------------------------------------------
RUN-1002 : start command "set_param route phy_sim_model on"
RUN-1001 : Print Route Property
RUN-1001 : -------------------------------------------------------
RUN-1001 :    Parameters    |  Settings  |  Default Values  |  Note  
RUN-1001 : -------------------------------------------------------
RUN-1001 :      effort      |   medium   |      medium      |        
RUN-1001 :     fix_hold     |    off     |       off        |        
RUN-1001 :    opt_timing    |   medium   |      medium      |        
RUN-1001 :   phy_sim_model  |     on     |       off        |   *    
RUN-1001 :     priority     |   timing   |      timing      |        
RUN-1001 :     swap_pin     |     on     |        on        |        
RUN-1001 : -------------------------------------------------------
PHY-1001 : Route runs in 8 thread(s)
RUN-1001 : There are total 199 instances
RUN-1001 : 80 mslices, 79 lslices, 33 pads, 0 brams, 0 dsps
RUN-1001 : There are total 469 nets
RUN-1001 : 246 nets have 2 pins
RUN-1001 : 187 nets have [3 - 5] pins
RUN-1001 : 26 nets have [6 - 10] pins
RUN-1001 : 6 nets have [11 - 20] pins
RUN-1001 : 2 nets have [21 - 99] pins
RUN-1001 : 2 nets have 100+ pins
RUN-1002 : start command "start_timer -report"
TMR-5001 WARNING: No sdc constraints found while initiating timer.
TMR-2505 : Start building timing graph for model responder.
TMR-2506 : Build timing graph completely. Port num: 11, tpin num: 1578, tnet num: 467, tinst num: 197, tnode num: 2019, tedge num: 2641.
TMR-2508 : Levelizing timing graph completed, there are 27 levels in total.
TMR-2501 : Timing graph initialized successfully.
PHY-1001 : 80 mslices, 79 lslices, 33 pads, 0 brams, 0 dsps
TMR-2503 : Start to update net delay, extr mode = 3.
TMR-2504 : Update delay of 467 nets completely.
TMR-2502 : Annotate delay completely, extr mode = 3.
TMR-3002 : No user constraint, initiate default constraint.
TMR-1501 : Assign derive clock DeriveClock to 260 clock pins, and constraint 441 relative nodes.
TMR-3003 : Constraints initiated successfully.
TMR-3501 : Forward propagation: start to calculate arrival time...
TMR-3502 : Backward propagation: start to calculate required time...
TMR-3503 : Timing propagation completes.
PHY-1001 : Start global routing, caller is route ...
RUN-1001 : Generating global routing grids ...
PHY-1001 : Generate routing nets ...
PHY-1001 : Global iterations in 8 thread ...
PHY-1002 : len = 9024, over cnt = 28(0%), over = 42, worst = 4
PHY-1002 : len = 9352, over cnt = 9(0%), over = 9, worst = 1
PHY-1002 : len = 9480, over cnt = 0(0%), over = 0, worst = 0
PHY-1001 : End global iterations;  0.047463s wall, 0.000000s user + 0.000000s system = 0.000000s CPU (n/a%)

PHY-1001 : Congestion index: top1 = 14.33, top5 = 6.38, top10 = 3.38, top15 = 2.26.
PHY-1001 : End global routing;  0.095174s wall, 0.015625s user + 0.000000s system = 0.015625s CPU (16.4%)

PHY-1001 : Start detail routing ...
PHY-1001 : Current memory(MB): used = 150, reserve = 121, peak = 157.
PHY-1001 : Detailed router is running in normal mode.
PHY-1001 : Generate detailed routing grids ...
PHY-1001 : Processed IO instance DigitronCS_Out[3]_syn_2 with INV attribute.
PHY-1001 : Processed IO instance DigitronCS_Out[2]_syn_2 with INV attribute.
PHY-1001 : Processed IO instance DigitronCS_Out[1]_syn_2 with INV attribute.
PHY-1001 : Processed IO instance DigitronCS_Out[0]_syn_2 with INV attribute.
PHY-1001 : Processed IO instance Digitron_Out[6]_syn_2 with INV attribute.
PHY-1001 : Processed IO instance Digitron_Out[5]_syn_2 with INV attribute.
PHY-1001 : Processed IO instance Digitron_Out[4]_syn_2 with INV attribute.
PHY-1001 : Processed IO instance Digitron_Out[3]_syn_2 with INV attribute.
PHY-1001 : Processed IO instance Digitron_Out[2]_syn_2 with INV attribute.
PHY-1001 : Processed IO instance Digitron_Out[1]_syn_2 with INV attribute.
PHY-1001 : Processed IO instance Digitron_Out[0]_syn_2 with INV attribute.
PHY-1001 : Generate nets ...
PHY-1001 : net CLK_dup_1 will be routed on clock mesh
PHY-1001 : clock net U2/CLK1_syn_4 will be merged with clock U2/CLK1
PHY-1001 : clock net U4/SingleNum_b_n4_syn_10 will be merged with clock U4/SingleNum_b_n4
PHY-1001 : clock net U4/W_DigitronCS_Out_n_syn_4 will be merged with clock U4/W_DigitronCS_Out_n
PHY-1001 : clock net U4/W_Digitron_Out_n_syn_2 will be merged with clock U4/W_Digitron_Out_n
PHY-1001 : Current memory(MB): used = 419, reserve = 394, peak = 419.
PHY-1001 : End build detailed router design. 3.936967s wall, 2.250000s user + 0.046875s system = 2.296875s CPU (58.3%)

PHY-1001 : Detail Route ...
PHY-1001 : ===== Detail Route Phase 1 =====
PHY-1001 : Clock net routing.....
PHY-1001 : Routed 1% nets.
PHY-1022 : len = 13776, over cnt = 0(0%), over = 0, worst = 0, crit = 0
PHY-1001 : End initial clock net routed; 1.537273s wall, 0.953125s user + 0.000000s system = 0.953125s CPU (62.0%)

PHY-1001 : Current memory(MB): used = 449, reserve = 425, peak = 449.
PHY-1001 : End phase 1; 1.542631s wall, 0.953125s user + 0.000000s system = 0.953125s CPU (61.8%)

PHY-1001 : ===== Detail Route Phase 2 =====
PHY-1001 : Initial routing.....
PHY-1001 : Routed 36% nets.
PHY-1001 : Routed 43% nets.
PHY-1001 : Routed 50% nets.
PHY-1001 : Routed 65% nets.
PHY-1001 : Routed 81% nets.
PHY-1022 : len = 35368, over cnt = 8(0%), over = 8, worst = 1, crit = 0
PHY-1001 : Current memory(MB): used = 449, reserve = 425, peak = 449.
PHY-1001 : End initial routed; 0.263348s wall, 0.171875s user + 0.015625s system = 0.187500s CPU (71.2%)

PHY-1001 : Current memory(MB): used = 449, reserve = 425, peak = 449.
PHY-1001 : End phase 2; 0.263400s wall, 0.171875s user + 0.015625s system = 0.187500s CPU (71.2%)

PHY-1001 : ===== Detail Route Phase 3 =====
PHY-1001 : Ripup-reroute.....
PHY-1001 : ===== DR Iter 1 =====
PHY-1022 : len = 35424, over cnt = 1(0%), over = 1, worst = 1, crit = 0
PHY-1001 : End DR Iter 1; 0.013302s wall, 0.000000s user + 0.000000s system = 0.000000s CPU (n/a%)

PHY-1001 : ===== DR Iter 2 =====
PHY-1022 : len = 35440, over cnt = 0(0%), over = 0, worst = 0, crit = 0
PHY-1001 : End DR Iter 2; 0.012548s wall, 0.000000s user + 0.000000s system = 0.000000s CPU (n/a%)

PHY-1001 : Commit to database.....
PHY-1001 : 0 feed throughs used by 0 nets
PHY-1001 : End commit to database; 0.066535s wall, 0.046875s user + 0.000000s system = 0.046875s CPU (70.5%)

PHY-1001 : Current memory(MB): used = 459, reserve = 434, peak = 459.
PHY-1001 : End phase 3; 0.230744s wall, 0.078125s user + 0.000000s system = 0.078125s CPU (33.9%)

PHY-1003 : Routed, final wirelength = 35440
PHY-1001 : Current memory(MB): used = 459, reserve = 435, peak = 459.
PHY-1001 : End export database. 0.006420s wall, 0.000000s user + 0.000000s system = 0.000000s CPU (n/a%)

PHY-1001 : End detail routing;  6.201085s wall, 3.546875s user + 0.078125s system = 3.625000s CPU (58.5%)

RUN-1003 : finish command "route" in  6.586999s wall, 3.718750s user + 0.078125s system = 3.796875s CPU (57.6%)

RUN-1004 : used memory is 416 MB, reserved memory is 391 MB, peak memory is 459 MB
RUN-1002 : start command "report_area -io_info -file responder_phy.area"
RUN-1001 : standard
***Report Model: responder Device: EG4S20BG256***

IO Statistics
#IO                        33
  #input                    7
  #output                  26
  #inout                    0

Utilization Statistics
#lut                      281   out of  19600    1.43%
#reg                      177   out of  19600    0.90%
#le                       299
  #lut only               122   out of    299   40.80%
  #reg only                18   out of    299    6.02%
  #lut&reg                159   out of    299   53.18%
#dsp                        0   out of     29    0.00%
#bram                       0   out of     64    0.00%
  #bram9k                   0
  #fifo9k                   0
#bram32k                    0   out of     16    0.00%
#pad                       33   out of    188   17.55%
  #ireg                     4
  #oreg                    21
  #treg                     0
#pll                        0   out of      4    0.00%
#gclk                       4   out of     16   25.00%

Clock Resource Statistics
Index     ClockNet                 Type               DriverType         Driver                   Fanout
#1        CLK_dup_1                GCLK               io                 CLK_syn_2.di             116
#2        U2/CLK1                  GCLK               lslice             U2/CLK1_reg_syn_38.q0    9
#3        U4/W_DigitronCS_Out_n    GCLK               lslice             U4/reg2_syn_28.f1        7
#4        U4/W_Digitron_Out_n      GCLK               lslice             U4/mux1_syn_5.f1         7
#5        U4/SingleNum_b_n4        GCLK               lslice             U4/sel2_syn_69.f0        2


Detailed IO Report

        Name           Direction    Location    IOStandard    DriveStrength    PullType    PackReg  
         CLK             INPUT         R7        LVCMOS33          N/A          PULLUP      NONE    
      Key_In[3]          INPUT        F10        LVCMOS33          N/A          PULLUP      IREG    
      Key_In[2]          INPUT        C11        LVCMOS33          N/A          PULLUP      IREG    
      Key_In[1]          INPUT        D11        LVCMOS33          N/A          PULLUP      IREG    
      Key_In[0]          INPUT        E11        LVCMOS33          N/A          PULLUP      IREG    
        RSTn             INPUT         A9        LVCMOS33          N/A          PULLUP      NONE    
        Start            INPUT        A10        LVCMOS33          N/A          PULLUP      NONE    
     Buzzer_Out         OUTPUT        H11        LVCMOS33           8            NONE       OREG    
  DigitronCS_Out[3]     OUTPUT         A3        LVCMOS33           8            NONE       OREG    
  DigitronCS_Out[2]     OUTPUT         A5        LVCMOS33           8            NONE       OREG    
  DigitronCS_Out[1]     OUTPUT         B6        LVCMOS33           8            NONE       OREG    
  DigitronCS_Out[0]     OUTPUT         C9        LVCMOS33           8            NONE       OREG    
   Digitron_Out[7]      OUTPUT         C8        LVCMOS33           8            NONE       NONE    
   Digitron_Out[6]      OUTPUT         A8        LVCMOS33           8            NONE       OREG    
   Digitron_Out[5]      OUTPUT         B5        LVCMOS33           8            NONE       OREG    
   Digitron_Out[4]      OUTPUT         A7        LVCMOS33           8            NONE       OREG    
   Digitron_Out[3]      OUTPUT         E8        LVCMOS33           8            NONE       OREG    
   Digitron_Out[2]      OUTPUT         B8        LVCMOS33           8            NONE       OREG    
   Digitron_Out[1]      OUTPUT         A6        LVCMOS33           8            NONE       OREG    
   Digitron_Out[0]      OUTPUT         A4        LVCMOS33           8            NONE       OREG    
     Key_Row[3]         OUTPUT        E10        LVCMOS33           8            NONE       NONE    
     Key_Row[2]         OUTPUT        C10        LVCMOS33           8            NONE       NONE    
     Key_Row[1]         OUTPUT         F9        LVCMOS33           8            NONE       NONE    
     Key_Row[0]         OUTPUT         D9        LVCMOS33           8            NONE       NONE    
     LED_Out[3]         OUTPUT         C2        LVCMOS33           8            NONE       OREG    
     LED_Out[2]         OUTPUT         C1        LVCMOS33           8            NONE       OREG    
     LED_Out[1]         OUTPUT         E4        LVCMOS33           8            NONE       OREG    
     LED_Out[0]         OUTPUT         D3        LVCMOS33           8            NONE       OREG    
  LED_OverTime_Out      OUTPUT        F16        LVCMOS33           8            NONE       OREG    
     LED_Run[3]         OUTPUT        C15        LVCMOS33           8            NONE       OREG    
     LED_Run[2]         OUTPUT        B16        LVCMOS33           8            NONE       OREG    
     LED_Run[1]         OUTPUT        B15        LVCMOS33           8            NONE       OREG    
     LED_Run[0]         OUTPUT        B14        LVCMOS33           8            NONE       OREG    

Report Hierarchy Area:
+-----------------------------------------------------------------------------------+
|Instance |Module              |le     |lut     |ripple  |seq     |bram    |dsp     |
+-----------------------------------------------------------------------------------+
|top      |responder           |299    |229     |52      |202     |0       |0       |
|  U1     |Sel_module          |68     |55      |7       |41      |0       |0       |
|  U2     |Timer_module        |54     |45      |7       |35      |0       |0       |
|  U3     |Buzzer_module       |41     |27      |6       |29      |0       |0       |
|  U4     |Digitron_NumDisplay |58     |49      |9       |26      |0       |0       |
|  U5     |key_filter          |30     |17      |11      |20      |0       |0       |
|  U6     |led8_module         |48     |36      |12      |26      |0       |0       |
+-----------------------------------------------------------------------------------+


DataNet Average Fanout:

   Index     Fanout    Nets  
    #1         1       213   
    #2         2       150   
    #3         3        24   
    #4         4        12   
    #5        5-10      23   
    #6       11-50      6    
    #7       51-100     1    
  Average     2.18           

RUN-1002 : start command "write_verilog simulation/responder_phy_sim.v"
HDL-1201 : write out verilog file simulation/responder_phy_sim.v
RUN-1002 : start command "export_db responder_pr.db"
RUN-1001 : Exported /
RUN-1001 : Exported flow parameters
RUN-1001 : Exported libs
RUN-1001 : Exported entities
RUN-1001 : Exported ports
RUN-1001 : Exported pins
RUN-1001 : Exported instances
RUN-1001 : Exported nets
RUN-1001 : Exported buses
RUN-1001 : Exported models
RUN-1001 : Exported congestions
RUN-1001 : Exported violations
RUN-1001 : Exported IO constraints
RUN-1001 : Exported Inst constraints
RUN-1002 : start command "start_timer"
TMR-5001 WARNING: No sdc constraints found while initiating timer.
TMR-2505 : Start building timing graph for model responder.
TMR-2506 : Build timing graph completely. Port num: 11, tpin num: 1578, tnet num: 467, tinst num: 197, tnode num: 2019, tedge num: 2641.
TMR-2508 : Levelizing timing graph completed, there are 27 levels in total.
TMR-2501 : Timing graph initialized successfully.
RUN-1002 : start command "report_timing -mode FINAL -net_info -rpt_autogen true -file responder_phy.timing -sdf simulation/responder.sdf"
TMR-2503 : Start to update net delay, extr mode = 6.
TMR-2504 : Update delay of 467 nets completely.
TMR-2502 : Annotate delay completely, extr mode = 6.
TMR-3002 : No user constraint, initiate default constraint.
TMR-1501 : Assign derive clock DeriveClock to 260 clock pins, and constraint 441 relative nodes.
TMR-3003 : Constraints initiated successfully.
TMR-3501 : Forward propagation: start to calculate arrival time...
TMR-3502 : Backward propagation: start to calculate required time...
TMR-3503 : Timing propagation completes.
TMR-3506 : Start to generate timing report.
TMR-1502 : Number of clock constraints = 0. Number of clock nets = 5 (5 unconstrainted).
TMR-5009 WARNING: No clock constraint on 5 clock net(s): 
		CLK_dup_1
		U2/CLK1_syn_4
		U4/SingleNum_b_n4_syn_10
		U4/W_DigitronCS_Out_n_syn_4
		U4/W_Digitron_Out_n_syn_2
TMR-3508 : Export timing summary.
TMR-3507 : Timing report generated successfully in responder_phy.timing, timing summary in responder_phy.tsm.
TMR-1001 : Start to generate SDF file...
RUN-1002 : start command "write_verilog -sdf responder.sdf simulation/responder_phy_sim_sta.v"
HDL-1201 : write out verilog file simulation/responder_phy_sim_sta.v
RUN-1002 : start command "export_bid responder_inst.bid"
RUN-1002 : start command "bitgen -bit responder.bit -unused_io_status pulldown"
BIT-1003 : Start to generate bitstream. 
BIT-1002 : Bitgen processed 155 unused pads, reserve input tri_state with pulldown
BIT-1002 : Init instances with 8 threads.
BIT-1002 : Init instances completely, inst num: 352
BIT-1002 : Init pips with 8 threads.
BIT-1002 : Init pips completely, net num: 469, pip num: 3097
BIT-1003 : Multithreading accelaration with 8 threads.
BIT-1003 : Generate bitstream completely, there are 623 valid insts, and 9837 bits set as '1'.
BIT-1004 : PLL setting string = 0000
BIT-1004 : Generate bits file responder.bit.
RUN-1003 : finish command "bitgen -bit responder.bit -unused_io_status pulldown" in  1.908819s wall, 2.671875s user + 0.031250s system = 2.703125s CPU (141.6%)

RUN-1004 : used memory is 429 MB, reserved memory is 403 MB, peak memory is 580 MB
RUN-1002 : start command "backup_run_log run.log ../.logs/phy_1/td_20240726_173500.log"
