============================================================
   Tang Dynasty, V5.6.71036
      Copyright (c) 2012-2023 Anlogic Inc.
   Executable = C:/Anlogic/TD5.6.2/bin/td.exe
   Built at =   20:34:38 Mar 21 2023
   Run by =     Timmy
   Run Date =   Fri Jul 26 22:48:00 2024

   Run on =     DESKTOP-A28VB3Q
============================================================
RUN-1002 : start command "open_project responder.prj"
RUN-1001 : Print Global Property
RUN-1001 : ---------------------------------------------------------------
RUN-1001 :        Parameters        |  Settings  |  Default Values  |  Note  
RUN-1001 : ---------------------------------------------------------------
RUN-1001 :          message         |  standard  |     standard     |        
RUN-1001 :   mixed_pack_place_flow  |     on     |        on        |        
RUN-1001 :        qor_monitor       |    off     |       off        |        
RUN-1001 :        syn_ip_flow       |    off     |       off        |        
RUN-1001 :          thread          |    auto    |       auto       |        
RUN-1001 : ---------------------------------------------------------------
RUN-1001 : Print Design Property
RUN-1001 : --------------------------------------------------------------
RUN-1001 :        Parameters       |  Settings  |  Default Values  |  Note  
RUN-1001 : --------------------------------------------------------------
RUN-1001 :   default_reg_initial   |    auto    |       auto       |        
RUN-1001 :        infer_add        |     on     |        on        |        
RUN-1001 :        infer_fsm        |    off     |       off        |        
RUN-1001 :        infer_mult       |     on     |        on        |        
RUN-1001 :        infer_ram        |     on     |        on        |        
RUN-1001 :        infer_reg        |     on     |        on        |        
RUN-1001 :   infer_reg_init_value  |     on     |        on        |        
RUN-1001 :        infer_rom        |     on     |        on        |        
RUN-1001 :      infer_shifter      |     on     |        on        |        
RUN-1001 : --------------------------------------------------------------
RUN-1001 : Print Rtl Property
RUN-1001 : --------------------------------------------------------------
RUN-1001 :        Parameters       |  Settings  |  Default Values  |  Note  
RUN-1001 : --------------------------------------------------------------
RUN-1001 :       compress_add      |   ripple   |      ripple      |        
RUN-1001 :        elf_sload        |    off     |       off        |        
RUN-1001 :       fix_undriven      |     0      |        0         |        
RUN-1001 :         flatten         |    off     |       off        |        
RUN-1001 :       gate_sharing      |     on     |        on        |        
RUN-1001 :    hdl_warning_level    |   normal   |      normal      |        
RUN-1001 :   impl_internal_tribuf  |     on     |        on        |        
RUN-1001 :      impl_set_reset     |     on     |        on        |        
RUN-1001 :        infer_gsr        |    off     |       off        |        
RUN-1001 :      keep_hierarchy     |    auto    |       auto       |        
RUN-1001 :        max_fanout       |    9999    |       9999       |        
RUN-1001 :      max_oh2bin_len     |     10     |        10        |        
RUN-1001 :       merge_equal       |     on     |        on        |        
RUN-1001 :       merge_equiv       |     on     |        on        |        
RUN-1001 :        merge_mux        |    off     |       off        |        
RUN-1001 :     min_control_set     |     8      |        8         |        
RUN-1001 :      min_ripple_len     |    auto    |       auto       |        
RUN-1001 :       oh2bin_ratio      |    0.08    |       0.08       |        
RUN-1001 :     opt_adder_fanout    |     on     |        on        |        
RUN-1001 :        opt_arith        |     on     |        on        |        
RUN-1001 :       opt_big_gate      |    off     |       off        |        
RUN-1001 :        opt_const        |     on     |        on        |        
RUN-1001 :      opt_const_mult     |     on     |        on        |        
RUN-1001 :       opt_lessthan      |     on     |        on        |        
RUN-1001 :         opt_mux         |    off     |       off        |        
RUN-1001 :         opt_ram         |    high    |       high       |        
RUN-1001 :      rtl_sim_model      |    off     |       off        |        
RUN-1001 :         seq_syn         |     on     |        on        |        
RUN-1001 : --------------------------------------------------------------
HDL-1007 : analyze verilog file ../../responder.v
HDL-1007 : analyze verilog file ../../Sel_module.v
HDL-1007 : analyze verilog file ../../Timer_module.v
HDL-1007 : analyze verilog file ../../Buzzer_module.v
HDL-1007 : analyze verilog file ../../Digitron_NumDisplay.v
HDL-1007 : analyze verilog file ../../key_filter.v
HDL-1007 : analyze verilog file ../../../../1 run_led/run_led/led8_module.v
HDL-1007 : analyze verilog file ../../countdown_module.v
RUN-1001 : Project manager successfully analyzed 8 source files.
RUN-1002 : start command "import_device eagle_s20.db -package EG4S20BG256"
ARC-1001 : Device Initialization.
ARC-1001 : ------------------------------------------------------------------
ARC-1001 :            OPTION            |          IO          |   SETTING   
ARC-1001 : ------------------------------------------------------------------
ARC-1001 :   cso_b/cclk/mosi/miso/dout  |  T3/R11/T10/P10/S11  |    gpio    
ARC-1001 :             done             |         P13          |    gpio    
ARC-1001 :           program_b          |          T2          |  dedicate  
ARC-1001 :        tdi/tms/tck/tdo       |   C12/A15/C14/E14    |  dedicate  
ARC-1001 : ------------------------------------------------------------------
ARC-1004 : Device setting, marked 5 dedicate IOs in total.
RUN-1002 : start command "import_db ../syn_1/responder_gate.db"
RUN-1001 : Importing database generated by Tang Dynasty, V5.6.71036.
RUN-1001 : Database version number 46146.
RUN-1001 : Import flow parameters
RUN-1001 : Import IO constraints
RUN-1001 : Import Inst constraints
RUN-1001 : Import design success TD_VERSION=5.6.71036 , DB_VERSION=46146
RUN-1002 : start command "place"
RUN-1001 : Open license file C:/Anlogic/TD5.6.2/license/Anlogic.lic
RUN-1001 : Print Global Property
RUN-1001 : ---------------------------------------------------------------
RUN-1001 :        Parameters        |  Settings  |  Default Values  |  Note  
RUN-1001 : ---------------------------------------------------------------
RUN-1001 :          message         |  standard  |     standard     |        
RUN-1001 :   mixed_pack_place_flow  |     on     |        on        |        
RUN-1001 :        qor_monitor       |    off     |       off        |        
RUN-1001 :        syn_ip_flow       |    off     |       off        |        
RUN-1001 :          thread          |    auto    |       auto       |        
RUN-1001 : ---------------------------------------------------------------
RUN-1001 : Print Place Property
RUN-1001 : --------------------------------------------------------------
RUN-1001 :        Parameters       |  Settings  |  Default Values  |  Note  
RUN-1001 : --------------------------------------------------------------
RUN-1001 :      detailed_place     |     on     |        on        |        
RUN-1001 :          effort         |   medium   |      medium      |        
RUN-1001 :         fix_hold        |    off     |       off        |        
RUN-1001 :       legalization      |    ori     |       ori        |        
RUN-1001 :      new_spreading      |     on     |        on        |        
RUN-1001 :        opt_timing       |   medium   |      medium      |        
RUN-1001 :   post_clock_route_opt  |    off     |       off        |        
RUN-1001 :       pr_strategy       |     1      |        1         |        
RUN-1001 :        relaxation       |    1.00    |       1.00       |        
RUN-1001 :         retiming        |    off     |       off        |        
RUN-1001 : --------------------------------------------------------------
PHY-3001 : Placer runs in 8 thread(s).
RUN-1002 : start command "legalize_phy_inst"
SYN-1011 : Flatten model responder
RUN-1002 : start command "phys_opt -simplify_lut"
SYN-4024 : Net "CLK_dup_1" drives clk pins.
SYN-4024 : Net "U2/CLK1" drives clk pins.
SYN-4024 : Net "U4/W_DigitronCS_Out_n" drives clk pins.
SYN-4024 : Net "U4/SingleNum_b_n4" drives clk pins.
SYN-4025 : Tag rtl::Net CLK_dup_1 as clock net
SYN-4025 : Tag rtl::Net U2/CLK1 as clock net
SYN-4025 : Tag rtl::Net U4/SingleNum_b_n4 as clock net
SYN-4025 : Tag rtl::Net U4/W_DigitronCS_Out_n as clock net
SYN-4026 : Tagged 4 rtl::Net as clock net
SYN-4015 : Create BUFG instance for clk Net U2/CLK1 to drive 11 clock pins.
SYN-4015 : Create BUFG instance for clk Net U4/W_DigitronCS_Out_n to drive 8 clock pins.
SYN-4015 : Create BUFG instance for clk Net U4/SingleNum_b_n4 to drive 4 clock pins.
PHY-1001 : Populate physical database on model responder.
RUN-1001 : There are total 405 instances
RUN-0007 : 172 luts, 142 seqs, 32 mslices, 20 lslices, 33 pads, 0 brams, 0 dsps
RUN-1001 : There are total 537 nets
RUN-1001 : 308 nets have 2 pins
RUN-1001 : 194 nets have [3 - 5] pins
RUN-1001 : 24 nets have [6 - 10] pins
RUN-1001 : 5 nets have [11 - 20] pins
RUN-1001 : 4 nets have [21 - 99] pins
RUN-1001 : 2 nets have 100+ pins
RUN-1001 : Report Control nets information:
RUN-1001 : DFF Distribution
RUN-1001 : ----------------------------------
RUN-1001 :   CE   |  SSR  |  ASR  |  DFF Count  
RUN-1001 : ----------------------------------
RUN-1001 :   No   |  No   |  No   |     28      
RUN-1001 :   No   |  No   |  Yes  |     52      
RUN-1001 :   No   |  Yes  |  No   |     29      
RUN-1001 :   Yes  |  No   |  No   |      0      
RUN-1001 :   Yes  |  No   |  Yes  |     33      
RUN-1001 :   Yes  |  Yes  |  No   |      0      
RUN-1001 : ----------------------------------
RUN-0007 : Control Group Statistic
RUN-0007 : ---------------------------
RUN-0007 :   #CLK  |  #CE  |  #SSR/ASR  
RUN-0007 : ---------------------------
RUN-0007 :    5    |   3   |     5      
RUN-0007 : ---------------------------
RUN-0007 : Control Set = 11
PHY-3001 : Initial placement ...
PHY-3001 : design contains 403 instances, 172 luts, 142 seqs, 52 slices, 6 macros(52 instances: 32 mslices 20 lslices)
PHY-0007 : Cell area utilization is 1%
PHY-3001 : Global placement ...
PHY-3001 : Initial: Len = 115771
PHY-3001 : Clustering ...
PHY-3001 : Level 0 #clusters 403.
PHY-3001 : End clustering;  0.000012s wall, 0.000000s user + 0.000000s system = 0.000000s CPU (n/a%)

PHY-3001 : Run with size of 4
PHY-3001 : Cell area utilization is 1%
PHY-3001 : :::0::: Try harder cell spreading with beta_ = 0
PHY-3002 : Step(1): len = 70962, overlap = 0
PHY-3002 : Step(2): len = 49360.7, overlap = 0
PHY-3002 : Step(3): len = 36809.7, overlap = 0
PHY-3002 : Step(4): len = 28936.9, overlap = 0
PHY-3002 : Step(5): len = 24451.2, overlap = 0
PHY-3002 : Step(6): len = 24282.7, overlap = 0
PHY-3002 : Step(7): len = 22286.1, overlap = 0
PHY-3002 : Step(8): len = 21453.3, overlap = 0
PHY-3002 : Step(9): len = 21768.3, overlap = 0
PHY-3002 : Step(10): len = 19445.9, overlap = 0
PHY-3002 : Step(11): len = 17895.8, overlap = 0
PHY-3002 : Step(12): len = 16582.8, overlap = 0
PHY-3002 : Step(13): len = 16242.4, overlap = 0
PHY-3002 : Step(14): len = 15929.2, overlap = 0
PHY-3002 : Step(15): len = 15798.5, overlap = 0
PHY-3002 : Step(16): len = 14423.8, overlap = 0
PHY-3002 : Step(17): len = 14596.7, overlap = 0
PHY-3002 : Step(18): len = 13580.2, overlap = 0
PHY-3002 : Step(19): len = 13971.8, overlap = 0
PHY-3002 : Step(20): len = 14187.3, overlap = 0
PHY-3002 : Step(21): len = 13381.3, overlap = 0
PHY-3002 : Step(22): len = 13271.6, overlap = 0
PHY-3002 : Step(23): len = 13589, overlap = 0
PHY-3002 : Step(24): len = 12727, overlap = 0
PHY-3002 : Step(25): len = 12358.6, overlap = 0
PHY-3002 : Step(26): len = 12579.9, overlap = 0
PHY-3002 : Step(27): len = 11331.2, overlap = 0
PHY-3002 : Step(28): len = 11394.6, overlap = 0
PHY-3002 : Step(29): len = 11303.2, overlap = 0
PHY-3002 : Step(30): len = 10563.9, overlap = 0
PHY-3002 : Step(31): len = 10128.9, overlap = 0
PHY-3002 : Step(32): len = 10214.4, overlap = 0
PHY-3002 : Step(33): len = 9787.6, overlap = 0
PHY-3002 : Step(34): len = 9984.9, overlap = 0
PHY-3002 : Step(35): len = 10239, overlap = 0
PHY-3001 : Legalization ...
PHY-3001 : End legalization;  0.006136s wall, 0.000000s user + 0.000000s system = 0.000000s CPU (n/a%)

PHY-3001 : Run with size of 4
PHY-3001 : Cell area utilization is 1%
PHY-3001 : :::0::: Try harder cell spreading with beta_ = 0
PHY-3002 : Step(36): len = 9103.7, overlap = 0
PHY-3002 : Step(37): len = 9145.7, overlap = 0
PHY-3002 : Step(38): len = 9198.6, overlap = 0
PHY-3002 : Step(39): len = 9288.7, overlap = 0
PHY-3002 : Step(40): len = 9393.9, overlap = 0
PHY-3002 : Step(41): len = 9128, overlap = 0
PHY-3002 : Step(42): len = 9212, overlap = 0
PHY-3002 : Step(43): len = 9380.1, overlap = 0
PHY-3002 : Step(44): len = 9560, overlap = 0
PHY-3002 : Step(45): len = 9209.3, overlap = 0
PHY-3002 : Step(46): len = 9289.6, overlap = 0
PHY-3002 : Step(47): len = 9385.2, overlap = 0
PHY-3002 : Step(48): len = 8830.3, overlap = 0
PHY-3002 : Step(49): len = 9020.8, overlap = 0
PHY-3002 : Step(50): len = 9153.4, overlap = 0
PHY-3002 : Step(51): len = 9345.3, overlap = 0
PHY-3002 : Step(52): len = 8872.7, overlap = 0
PHY-3002 : Step(53): len = 9398.9, overlap = 0
PHY-3002 : Step(54): len = 8945.5, overlap = 0
PHY-3002 : Step(55): len = 8251.8, overlap = 0
PHY-3002 : Step(56): len = 8269.3, overlap = 0
PHY-3002 : Step(57): len = 7725.9, overlap = 0
PHY-3002 : Step(58): len = 7155.1, overlap = 0
PHY-3002 : Step(59): len = 7016.5, overlap = 0
PHY-3002 : Step(60): len = 6517.5, overlap = 0
PHY-3002 : Step(61): len = 6469.1, overlap = 0
PHY-3002 : Step(62): len = 6367.4, overlap = 0
PHY-3002 : Step(63): len = 6484.1, overlap = 0
PHY-3002 : Step(64): len = 6380.6, overlap = 0
PHY-3002 : Step(65): len = 6365, overlap = 0
PHY-3002 : Step(66): len = 6106.9, overlap = 0
PHY-3002 : Step(67): len = 6225, overlap = 0
PHY-3002 : Step(68): len = 6288.1, overlap = 0
PHY-3001 : Run with size of 2
PHY-3001 : Cell area utilization is 1%
PHY-3001 : :::0::: Try harder cell spreading with beta_ = 0.00100625
PHY-3002 : Step(69): len = 6301.9, overlap = 3
PHY-3002 : Step(70): len = 6249.4, overlap = 3
PHY-3002 : Step(71): len = 6115, overlap = 2.71875
OPT-1001 : Start physical optimization ...
OPT-1001 : Total overflow 12.19 peak overflow 1.72
OPT-1001 : Start high-fanout net optimization ...
OPT-1001 : Update timing in global mode
PHY-1001 : Start incremental global routing, caller is place ...
RUN-1001 : Generating global routing grids ...
RUN-1001 : Building simple global routing graph ...
PHY-1001 : Generate routing nets ...
PHY-1001 : Reuse net number 0/537.
PHY-1001 : Global iterations in 8 thread ...
PHY-1002 : len = 6224, over cnt = 14(0%), over = 25, worst = 4
PHY-1001 : End global iterations;  0.025384s wall, 0.031250s user + 0.000000s system = 0.031250s CPU (123.1%)

PHY-1001 : Congestion index: top1 = 10.64, top5 = 4.43, top10 = 2.25, top15 = 1.50.
PHY-1001 : End incremental global routing;  0.089413s wall, 0.046875s user + 0.000000s system = 0.046875s CPU (52.4%)

RUN-1002 : start command "start_timer -report"
TMR-5001 WARNING: No sdc constraints found while initiating timer.
TMR-2505 : Start building timing graph for model responder.
TMR-2506 : Build timing graph completely. Port num: 11, tpin num: 1824, tnet num: 535, tinst num: 403, tnode num: 2378, tedge num: 2935.
TMR-2508 : Levelizing timing graph completed, there are 29 levels in total.
TMR-2501 : Timing graph initialized successfully.
OPT-1001 : End timing update;  0.260933s wall, 0.031250s user + 0.000000s system = 0.031250s CPU (12.0%)

OPT-1001 : 0 high-fanout net processed.
OPT-1001 : End high-fanout net optimization;  0.355787s wall, 0.078125s user + 0.000000s system = 0.078125s CPU (22.0%)

OPT-1001 : Current memory(MB): used = 137, reserve = 107, peak = 137.
OPT-1001 : End physical optimization;  0.364122s wall, 0.109375s user + 0.000000s system = 0.109375s CPU (30.0%)

PHY-3001 : Start packing ...
SYN-4007 : Packing 0 MUX to BLE ...
SYN-4008 : Packed 0 MUX and 0 SEQ to BLE.
SYN-4007 : Packing 172 LUT to BLE ...
SYN-4008 : Packed 172 LUT and 79 SEQ to BLE.
SYN-4003 : Packing 63 remaining SEQ's ...
SYN-4005 : Packed 46 SEQ with LUT/SLICE
SYN-4006 : 51 single LUT's are left
SYN-4006 : 17 single SEQ's are left
SYN-4011 : Packing model "responder" (AL_USER_NORMAL) with 189/280 primitive instances ...
PHY-3001 : End packing;  0.013073s wall, 0.000000s user + 0.000000s system = 0.000000s CPU (n/a%)

PHY-1001 : Populate physical database on model responder.
RUN-1001 : There are total 194 instances
RUN-1001 : 78 mslices, 77 lslices, 33 pads, 0 brams, 0 dsps
RUN-1001 : There are total 467 nets
RUN-1001 : 245 nets have 2 pins
RUN-1001 : 187 nets have [3 - 5] pins
RUN-1001 : 25 nets have [6 - 10] pins
RUN-1001 : 6 nets have [11 - 20] pins
RUN-1001 : 2 nets have [21 - 99] pins
RUN-1001 : 2 nets have 100+ pins
PHY-3001 : design contains 192 instances, 155 slices, 6 macros(52 instances: 32 mslices 20 lslices)
PHY-3001 : Cell area utilization is 2%
PHY-3001 : After packing: Len = 6463.4, Over = 7
PHY-3001 : Run with size of 2
PHY-3001 : Cell area utilization is 2%
PHY-3001 : :::0::: Try harder cell spreading with beta_ = 0.000112945
PHY-3002 : Step(72): len = 6281.3, overlap = 5.5
PHY-3002 : Step(73): len = 6308.3, overlap = 5.25
PHY-3002 : Step(74): len = 6289.5, overlap = 5
PHY-3001 : :::1::: Try harder cell spreading with beta_ = 0.00022589
PHY-3002 : Step(75): len = 6186.5, overlap = 6.25
PHY-3002 : Step(76): len = 6209.5, overlap = 6
PHY-3002 : Step(77): len = 6220.4, overlap = 6.25
PHY-3001 : :::2::: Try harder cell spreading with beta_ = 0.00045178
PHY-3002 : Step(78): len = 6186.7, overlap = 6.25
PHY-3002 : Step(79): len = 6186.7, overlap = 6.25
PHY-3002 : Step(80): len = 6051.2, overlap = 6.5
PHY-3001 : Legalization ...
PHY-3001 : End legalization;  0.047508s wall, 0.000000s user + 0.046875s system = 0.046875s CPU (98.7%)

PHY-3001 : Trial Legalized: Len = 9985
PHY-3001 : Run with size of 2
PHY-3001 : Cell area utilization is 2%
PHY-3001 : :::0::: Try harder cell spreading with beta_ = 0
PHY-3002 : Step(81): len = 7454.8, overlap = 1.25
PHY-3002 : Step(82): len = 6615.3, overlap = 3
PHY-3002 : Step(83): len = 6196.6, overlap = 3.75
PHY-3002 : Step(84): len = 6154.6, overlap = 4
PHY-3002 : Step(85): len = 6163.4, overlap = 4
PHY-3002 : Step(86): len = 6160.4, overlap = 4
PHY-3002 : Step(87): len = 6075, overlap = 4
PHY-3002 : Step(88): len = 6075, overlap = 4
PHY-3002 : Step(89): len = 6022.9, overlap = 4
PHY-3001 : Legalization ...
PHY-3001 : End legalization;  0.005867s wall, 0.000000s user + 0.000000s system = 0.000000s CPU (n/a%)

PHY-3001 : Legalized: Len = 8122.7, Over = 0
PHY-3001 : Spreading special nets. 4 overflows in 2952 tiles.
PHY-3001 : End spreading;  0.004152s wall, 0.000000s user + 0.000000s system = 0.000000s CPU (n/a%)

PHY-3001 : 6 instances has been re-located, deltaX = 0, deltaY = 2, maxDist = 1.
PHY-3001 : Final: Len = 8194.7, Over = 0
OPT-1001 : Start physical optimization ...
OPT-1001 : Total overflow 0.00 peak overflow 0.00
OPT-1001 : Start high-fanout net optimization ...
OPT-1001 : Update timing in global mode
PHY-1001 : Start incremental global routing, caller is place ...
RUN-1001 : Generating global routing grids ...
PHY-1001 : Generate routing nets ...
PHY-1001 : Reuse net number 23/467.
PHY-1001 : Global iterations in 8 thread ...
PHY-1002 : len = 8976, over cnt = 27(0%), over = 46, worst = 5
PHY-1002 : len = 9232, over cnt = 17(0%), over = 19, worst = 2
PHY-1002 : len = 9432, over cnt = 5(0%), over = 5, worst = 1
PHY-1002 : len = 9512, over cnt = 0(0%), over = 0, worst = 0
PHY-1001 : End global iterations;  0.056570s wall, 0.031250s user + 0.000000s system = 0.031250s CPU (55.2%)

PHY-1001 : Congestion index: top1 = 15.26, top5 = 6.66, top10 = 3.54, top15 = 2.36.
PHY-1001 : End incremental global routing;  0.111736s wall, 0.031250s user + 0.015625s system = 0.046875s CPU (42.0%)

RUN-1002 : start command "start_timer -report"
TMR-5001 WARNING: No sdc constraints found while initiating timer.
TMR-2505 : Start building timing graph for model responder.
TMR-2506 : Build timing graph completely. Port num: 11, tpin num: 1573, tnet num: 465, tinst num: 192, tnode num: 2017, tedge num: 2647.
TMR-2508 : Levelizing timing graph completed, there are 27 levels in total.
TMR-2501 : Timing graph initialized successfully.
OPT-1001 : End timing update;  0.233291s wall, 0.125000s user + 0.000000s system = 0.125000s CPU (53.6%)

OPT-1001 : 0 high-fanout net processed.
OPT-1001 : End high-fanout net optimization;  0.349846s wall, 0.156250s user + 0.015625s system = 0.171875s CPU (49.1%)

OPT-1001 : Current memory(MB): used = 138, reserve = 108, peak = 138.
OPT-1001 : Update timing in Manhattan mode
OPT-1001 : End timing update;  0.000302s wall, 0.000000s user + 0.000000s system = 0.000000s CPU (n/a%)

OPT-1001 : Start pin optimization...
OPT-1001 : skip pin optimization...
RUN-1001 : Generating global routing grids ...
PHY-1001 : Generate routing nets ...
PHY-1001 : Reuse net number 360/467.
PHY-1001 : Global iterations in 8 thread ...
PHY-1002 : len = 9512, over cnt = 0(0%), over = 0, worst = 0
PHY-1001 : End global iterations;  0.003563s wall, 0.000000s user + 0.000000s system = 0.000000s CPU (n/a%)

PHY-1001 : Congestion index: top1 = 15.26, top5 = 6.66, top10 = 3.54, top15 = 2.36.
OPT-1001 : Update timing in Manhattan mode
OPT-1001 : End timing update;  0.000623s wall, 0.000000s user + 0.000000s system = 0.000000s CPU (n/a%)

RUN-1001 : QoR Analysis:
OPT-0007 :   WNS 2147483647 TNS 0 NUM_FEPS 0
RUN-1001 :   No local congestion issue, and most congested 1% tile average routing util is 14.931034
RUN-1001 :   Top critical paths
OPT-1001 : End physical optimization;  0.416408s wall, 0.218750s user + 0.015625s system = 0.234375s CPU (56.3%)

RUN-1003 : finish command "place" in  2.397910s wall, 1.265625s user + 0.437500s system = 1.703125s CPU (71.0%)

RUN-1004 : used memory is 130 MB, reserved memory is 100 MB, peak memory is 138 MB
RUN-1002 : start command "export_db responder_place.db"
RUN-1001 : Exported /
RUN-1001 : Exported flow parameters
RUN-1001 : Exported libs
RUN-1001 : Exported entities
RUN-1001 : Exported ports
RUN-1001 : Exported pins
RUN-1001 : Exported instances
RUN-1001 : Exported nets
RUN-1001 : Exported buses
RUN-1001 : Exported models
RUN-1001 : Exported congestions
RUN-1001 : Exported violations
RUN-1001 : Exported IO constraints
RUN-1001 : Exported Inst constraints
RUN-1002 : start command "route"
RUN-1001 : Open license file C:/Anlogic/TD5.6.2/license/Anlogic.lic
RUN-1001 : Print Global Property
RUN-1001 : ---------------------------------------------------------------
RUN-1001 :        Parameters        |  Settings  |  Default Values  |  Note  
RUN-1001 : ---------------------------------------------------------------
RUN-1001 :          message         |  standard  |     standard     |        
RUN-1001 :   mixed_pack_place_flow  |     on     |        on        |        
RUN-1001 :        qor_monitor       |    off     |       off        |        
RUN-1001 :        syn_ip_flow       |    off     |       off        |        
RUN-1001 :          thread          |    auto    |       auto       |        
RUN-1001 : ---------------------------------------------------------------
RUN-1002 : start command "set_param route phy_sim_model on"
RUN-1001 : Print Route Property
RUN-1001 : -------------------------------------------------------
RUN-1001 :    Parameters    |  Settings  |  Default Values  |  Note  
RUN-1001 : -------------------------------------------------------
RUN-1001 :      effort      |   medium   |      medium      |        
RUN-1001 :     fix_hold     |    off     |       off        |        
RUN-1001 :    opt_timing    |   medium   |      medium      |        
RUN-1001 :   phy_sim_model  |     on     |       off        |   *    
RUN-1001 :     priority     |   timing   |      timing      |        
RUN-1001 :     swap_pin     |     on     |        on        |        
RUN-1001 : -------------------------------------------------------
PHY-1001 : Route runs in 8 thread(s)
RUN-1001 : There are total 194 instances
RUN-1001 : 78 mslices, 77 lslices, 33 pads, 0 brams, 0 dsps
RUN-1001 : There are total 467 nets
RUN-1001 : 245 nets have 2 pins
RUN-1001 : 187 nets have [3 - 5] pins
RUN-1001 : 25 nets have [6 - 10] pins
RUN-1001 : 6 nets have [11 - 20] pins
RUN-1001 : 2 nets have [21 - 99] pins
RUN-1001 : 2 nets have 100+ pins
RUN-1002 : start command "start_timer -report"
TMR-5001 WARNING: No sdc constraints found while initiating timer.
TMR-2505 : Start building timing graph for model responder.
TMR-2506 : Build timing graph completely. Port num: 11, tpin num: 1573, tnet num: 465, tinst num: 192, tnode num: 2017, tedge num: 2647.
TMR-2508 : Levelizing timing graph completed, there are 27 levels in total.
TMR-2501 : Timing graph initialized successfully.
PHY-1001 : 78 mslices, 77 lslices, 33 pads, 0 brams, 0 dsps
TMR-2503 : Start to update net delay, extr mode = 3.
TMR-2504 : Update delay of 465 nets completely.
TMR-2502 : Annotate delay completely, extr mode = 3.
TMR-3002 : No user constraint, initiate default constraint.
TMR-1501 : Assign derive clock DeriveClock to 262 clock pins, and constraint 444 relative nodes.
TMR-3003 : Constraints initiated successfully.
TMR-3501 : Forward propagation: start to calculate arrival time...
TMR-3502 : Backward propagation: start to calculate required time...
TMR-3503 : Timing propagation completes.
PHY-1001 : Start global routing, caller is route ...
RUN-1001 : Generating global routing grids ...
PHY-1001 : Generate routing nets ...
PHY-1001 : Global iterations in 8 thread ...
PHY-1002 : len = 8912, over cnt = 24(0%), over = 42, worst = 4
PHY-1002 : len = 9176, over cnt = 14(0%), over = 16, worst = 2
PHY-1002 : len = 9416, over cnt = 1(0%), over = 1, worst = 1
PHY-1002 : len = 9432, over cnt = 0(0%), over = 0, worst = 0
PHY-1001 : End global iterations;  0.052360s wall, 0.000000s user + 0.000000s system = 0.000000s CPU (n/a%)

PHY-1001 : Congestion index: top1 = 15.19, top5 = 6.65, top10 = 3.49, top15 = 2.33.
PHY-1001 : End global routing;  0.100525s wall, 0.046875s user + 0.000000s system = 0.046875s CPU (46.6%)

PHY-1001 : Start detail routing ...
PHY-1001 : Current memory(MB): used = 151, reserve = 121, peak = 159.
PHY-1001 : Detailed router is running in normal mode.
PHY-1001 : Generate detailed routing grids ...
PHY-1001 : Processed IO instance DigitronCS_Out[3]_syn_2 with INV attribute.
PHY-1001 : Processed IO instance DigitronCS_Out[2]_syn_2 with INV attribute.
PHY-1001 : Processed IO instance DigitronCS_Out[1]_syn_2 with INV attribute.
PHY-1001 : Processed IO instance DigitronCS_Out[0]_syn_2 with INV attribute.
PHY-1001 : Generate nets ...
PHY-1001 : net CLK_dup_1 will be routed on clock mesh
PHY-1001 : clock net U2/CLK1_syn_4 will be merged with clock U2/CLK1
PHY-1001 : clock net U4/SingleNum_b_n4_syn_10 will be merged with clock U4/SingleNum_b_n4
PHY-1001 : clock net U4/W_DigitronCS_Out_n_syn_4 will be merged with clock U4/W_DigitronCS_Out_n
PHY-1001 : Current memory(MB): used = 420, reserve = 395, peak = 420.
PHY-1001 : End build detailed router design. 4.076161s wall, 2.328125s user + 0.031250s system = 2.359375s CPU (57.9%)

PHY-1001 : Detail Route ...
PHY-1001 : ===== Detail Route Phase 1 =====
PHY-1001 : Clock net routing.....
PHY-1001 : Routed 0% nets.
PHY-1022 : len = 13432, over cnt = 0(0%), over = 0, worst = 0, crit = 0
PHY-1001 : End initial clock net routed; 1.134822s wall, 0.625000s user + 0.000000s system = 0.625000s CPU (55.1%)

PHY-1001 : Current memory(MB): used = 450, reserve = 425, peak = 450.
PHY-1001 : End phase 1; 1.140141s wall, 0.625000s user + 0.000000s system = 0.625000s CPU (54.8%)

PHY-1001 : ===== Detail Route Phase 2 =====
PHY-1001 : Initial routing.....
PHY-1001 : Routed 31% nets.
PHY-1001 : Routed 35% nets.
PHY-1001 : Routed 51% nets.
PHY-1001 : Routed 66% nets.
PHY-1001 : Routed 82% nets.
PHY-1022 : len = 33568, over cnt = 2(0%), over = 2, worst = 1, crit = 0
PHY-1001 : Current memory(MB): used = 450, reserve = 425, peak = 450.
PHY-1001 : End initial routed; 0.234430s wall, 0.125000s user + 0.000000s system = 0.125000s CPU (53.3%)

PHY-1001 : Current memory(MB): used = 450, reserve = 425, peak = 450.
PHY-1001 : End phase 2; 0.234502s wall, 0.125000s user + 0.000000s system = 0.125000s CPU (53.3%)

PHY-1001 : ===== Detail Route Phase 3 =====
PHY-1001 : Ripup-reroute.....
PHY-1001 : ===== DR Iter 1 =====
PHY-1022 : len = 33584, over cnt = 0(0%), over = 0, worst = 0, crit = 0
PHY-1001 : End DR Iter 1; 0.012006s wall, 0.000000s user + 0.000000s system = 0.000000s CPU (n/a%)

PHY-1001 : Commit to database.....
PHY-1001 : 0 feed throughs used by 0 nets
PHY-1001 : End commit to database; 0.053880s wall, 0.015625s user + 0.000000s system = 0.015625s CPU (29.0%)

PHY-1001 : Current memory(MB): used = 459, reserve = 434, peak = 459.
PHY-1001 : End phase 3; 0.186077s wall, 0.125000s user + 0.000000s system = 0.125000s CPU (67.2%)

PHY-1003 : Routed, final wirelength = 33584
PHY-1001 : Current memory(MB): used = 460, reserve = 434, peak = 460.
PHY-1001 : End export database. 0.006581s wall, 0.000000s user + 0.000000s system = 0.000000s CPU (n/a%)

PHY-1001 : End detail routing;  5.866355s wall, 3.296875s user + 0.031250s system = 3.328125s CPU (56.7%)

RUN-1003 : finish command "route" in  6.262204s wall, 3.531250s user + 0.031250s system = 3.562500s CPU (56.9%)

RUN-1004 : used memory is 417 MB, reserved memory is 391 MB, peak memory is 460 MB
RUN-1002 : start command "report_area -io_info -file responder_phy.area"
RUN-1001 : standard
***Report Model: responder Device: EG4S20BG256***

IO Statistics
#IO                        33
  #input                    7
  #output                  26
  #inout                    0

Utilization Statistics
#lut                      278   out of  19600    1.42%
#reg                      177   out of  19600    0.90%
#le                       295
  #lut only               118   out of    295   40.00%
  #reg only                17   out of    295    5.76%
  #lut&reg                160   out of    295   54.24%
#dsp                        0   out of     29    0.00%
#bram                       0   out of     64    0.00%
  #bram9k                   0
  #fifo9k                   0
#bram32k                    0   out of     16    0.00%
#pad                       33   out of    188   17.55%
  #ireg                     4
  #oreg                    14
  #treg                     0
#pll                        0   out of      4    0.00%
#gclk                       3   out of     16   18.75%

Clock Resource Statistics
Index     ClockNet                 Type               DriverType         Driver                   Fanout
#1        CLK_dup_1                GCLK               io                 CLK_syn_2.di             117
#2        U2/CLK1                  GCLK               lslice             U2/CLK1_reg_syn_35.q0    8
#3        U4/W_DigitronCS_Out_n    GCLK               lslice             U4/reg2_syn_29.f1        8
#4        U4/SingleNum_b_n4        GCLK               mslice             U4/sel1_syn_117.f0       2


Detailed IO Report

        Name           Direction    Location    IOStandard    DriveStrength    PullType    PackReg  
         CLK             INPUT         R7        LVCMOS33          N/A          PULLUP      NONE    
      Key_In[3]          INPUT        F10        LVCMOS33          N/A          PULLUP      IREG    
      Key_In[2]          INPUT        C11        LVCMOS33          N/A          PULLUP      IREG    
      Key_In[1]          INPUT        D11        LVCMOS33          N/A          PULLUP      IREG    
      Key_In[0]          INPUT        E11        LVCMOS33          N/A          PULLUP      IREG    
        RSTn             INPUT         A9        LVCMOS33          N/A          PULLUP      NONE    
      Set_Time           INPUT        A10        LVCMOS33          N/A          PULLUP      NONE    
     Buzzer_Out         OUTPUT        H11        LVCMOS33           8            NONE       OREG    
  DigitronCS_Out[3]     OUTPUT         A3        LVCMOS33           8            NONE       OREG    
  DigitronCS_Out[2]     OUTPUT         A5        LVCMOS33           8            NONE       OREG    
  DigitronCS_Out[1]     OUTPUT         B6        LVCMOS33           8            NONE       OREG    
  DigitronCS_Out[0]     OUTPUT         C9        LVCMOS33           8            NONE       OREG    
   Digitron_Out[7]      OUTPUT         C8        LVCMOS33           8            NONE       NONE    
   Digitron_Out[6]      OUTPUT         A8        LVCMOS33           8            NONE       NONE    
   Digitron_Out[5]      OUTPUT         B5        LVCMOS33           8            NONE       NONE    
   Digitron_Out[4]      OUTPUT         A7        LVCMOS33           8            NONE       NONE    
   Digitron_Out[3]      OUTPUT         E8        LVCMOS33           8            NONE       NONE    
   Digitron_Out[2]      OUTPUT         B8        LVCMOS33           8            NONE       NONE    
   Digitron_Out[1]      OUTPUT         A6        LVCMOS33           8            NONE       NONE    
   Digitron_Out[0]      OUTPUT         A4        LVCMOS33           8            NONE       NONE    
     Key_Row[3]         OUTPUT        E10        LVCMOS33           8            NONE       NONE    
     Key_Row[2]         OUTPUT        C10        LVCMOS33           8            NONE       NONE    
     Key_Row[1]         OUTPUT         F9        LVCMOS33           8            NONE       NONE    
     Key_Row[0]         OUTPUT         D9        LVCMOS33           8            NONE       NONE    
     LED_Out[3]         OUTPUT         C2        LVCMOS33           8            NONE       OREG    
     LED_Out[2]         OUTPUT         C1        LVCMOS33           8            NONE       OREG    
     LED_Out[1]         OUTPUT         E4        LVCMOS33           8            NONE       OREG    
     LED_Out[0]         OUTPUT         D3        LVCMOS33           8            NONE       OREG    
  LED_OverTime_Out      OUTPUT        F16        LVCMOS33           8            NONE       OREG    
     LED_Run[3]         OUTPUT        C15        LVCMOS33           8            NONE       OREG    
     LED_Run[2]         OUTPUT        B16        LVCMOS33           8            NONE       OREG    
     LED_Run[1]         OUTPUT        B15        LVCMOS33           8            NONE       OREG    
     LED_Run[0]         OUTPUT        B14        LVCMOS33           8            NONE       OREG    

Report Hierarchy Area:
+-----------------------------------------------------------------------------------+
|Instance |Module              |le     |lut     |ripple  |seq     |bram    |dsp     |
+-----------------------------------------------------------------------------------+
|top      |responder           |295    |226     |52      |195     |0       |0       |
|  U1     |Sel_module          |65     |50      |7       |37      |0       |0       |
|  U2     |Timer_module        |52     |45      |7       |35      |0       |0       |
|  U3     |Buzzer_module       |38     |25      |6       |27      |0       |0       |
|  U4     |Digitron_NumDisplay |60     |51      |9       |28      |0       |0       |
|  U5     |key_filter          |34     |21      |11      |24      |0       |0       |
|  U6     |led8_module         |46     |34      |12      |26      |0       |0       |
+-----------------------------------------------------------------------------------+


DataNet Average Fanout:

   Index     Fanout    Nets  
    #1         1       212   
    #2         2       149   
    #3         3        25   
    #4         4        12   
    #5        5-10      23   
    #6       11-50      6    
    #7       51-100     1    
  Average     2.20           

RUN-1002 : start command "write_verilog simulation/responder_phy_sim.v"
HDL-1201 : write out verilog file simulation/responder_phy_sim.v
RUN-1002 : start command "export_db responder_pr.db"
RUN-1001 : Exported /
RUN-1001 : Exported flow parameters
RUN-1001 : Exported libs
RUN-1001 : Exported entities
RUN-1001 : Exported ports
RUN-1001 : Exported pins
RUN-1001 : Exported instances
RUN-1001 : Exported nets
RUN-1001 : Exported buses
RUN-1001 : Exported models
RUN-1001 : Exported congestions
RUN-1001 : Exported violations
RUN-1001 : Exported IO constraints
RUN-1001 : Exported Inst constraints
RUN-1002 : start command "start_timer"
TMR-5001 WARNING: No sdc constraints found while initiating timer.
TMR-2505 : Start building timing graph for model responder.
TMR-2506 : Build timing graph completely. Port num: 11, tpin num: 1573, tnet num: 465, tinst num: 192, tnode num: 2017, tedge num: 2647.
TMR-2508 : Levelizing timing graph completed, there are 27 levels in total.
TMR-2501 : Timing graph initialized successfully.
RUN-1002 : start command "report_timing -mode FINAL -net_info -rpt_autogen true -file responder_phy.timing -sdf simulation/responder.sdf"
TMR-2503 : Start to update net delay, extr mode = 6.
TMR-2504 : Update delay of 465 nets completely.
TMR-2502 : Annotate delay completely, extr mode = 6.
TMR-3002 : No user constraint, initiate default constraint.
TMR-1501 : Assign derive clock DeriveClock to 262 clock pins, and constraint 444 relative nodes.
TMR-3003 : Constraints initiated successfully.
TMR-3501 : Forward propagation: start to calculate arrival time...
TMR-3502 : Backward propagation: start to calculate required time...
TMR-3503 : Timing propagation completes.
TMR-3506 : Start to generate timing report.
TMR-1502 : Number of clock constraints = 0. Number of clock nets = 4 (4 unconstrainted).
TMR-5009 WARNING: No clock constraint on 4 clock net(s): 
		CLK_dup_1
		U2/CLK1_syn_4
		U4/SingleNum_b_n4_syn_10
		U4/W_DigitronCS_Out_n_syn_4
TMR-3508 : Export timing summary.
TMR-3507 : Timing report generated successfully in responder_phy.timing, timing summary in responder_phy.tsm.
TMR-1001 : Start to generate SDF file...
RUN-1002 : start command "write_verilog -sdf responder.sdf simulation/responder_phy_sim_sta.v"
HDL-1201 : write out verilog file simulation/responder_phy_sim_sta.v
RUN-1002 : start command "export_bid responder_inst.bid"
RUN-1002 : start command "bitgen -bit responder.bit -unused_io_status pulldown"
BIT-1003 : Start to generate bitstream. 
BIT-1002 : Bitgen processed 155 unused pads, reserve input tri_state with pulldown
BIT-1002 : Init instances with 8 threads.
BIT-1002 : Init instances completely, inst num: 347
BIT-1002 : Init pips with 8 threads.
BIT-1002 : Init pips completely, net num: 467, pip num: 3024
BIT-1003 : Multithreading accelaration with 8 threads.
BIT-1003 : Generate bitstream completely, there are 574 valid insts, and 9624 bits set as '1'.
BIT-1004 : PLL setting string = 0000
BIT-1004 : Generate bits file responder.bit.
RUN-1003 : finish command "bitgen -bit responder.bit -unused_io_status pulldown" in  1.890584s wall, 2.312500s user + 0.015625s system = 2.328125s CPU (123.1%)

RUN-1004 : used memory is 429 MB, reserved memory is 406 MB, peak memory is 581 MB
RUN-1002 : start command "backup_run_log run.log ../.logs/phy_1/td_20240726_224800.log"
