============================================================
   Tang Dynasty, V5.6.71036
      Copyright (c) 2012-2023 Anlogic Inc.
   Executable = C:/Anlogic/TD5.6.2/bin/td.exe
   Built at =   20:34:38 Mar 21 2023
   Run by =     Timmy
   Run Date =   Tue Jul 23 21:14:40 2024

   Run on =     DESKTOP-A28VB3Q
============================================================
RUN-1002 : start command "open_project responder.prj"
RUN-1001 : Print Global Property
RUN-1001 : ---------------------------------------------------------------
RUN-1001 :        Parameters        |  Settings  |  Default Values  |  Note  
RUN-1001 : ---------------------------------------------------------------
RUN-1001 :          message         |  standard  |     standard     |        
RUN-1001 :   mixed_pack_place_flow  |     on     |        on        |        
RUN-1001 :        qor_monitor       |    off     |       off        |        
RUN-1001 :        syn_ip_flow       |    off     |       off        |        
RUN-1001 :          thread          |    auto    |       auto       |        
RUN-1001 : ---------------------------------------------------------------
RUN-1001 : Print Design Property
RUN-1001 : --------------------------------------------------------------
RUN-1001 :        Parameters       |  Settings  |  Default Values  |  Note  
RUN-1001 : --------------------------------------------------------------
RUN-1001 :   default_reg_initial   |    auto    |       auto       |        
RUN-1001 :        infer_add        |     on     |        on        |        
RUN-1001 :        infer_fsm        |    off     |       off        |        
RUN-1001 :        infer_mult       |     on     |        on        |        
RUN-1001 :        infer_ram        |     on     |        on        |        
RUN-1001 :        infer_reg        |     on     |        on        |        
RUN-1001 :   infer_reg_init_value  |     on     |        on        |        
RUN-1001 :        infer_rom        |     on     |        on        |        
RUN-1001 :      infer_shifter      |     on     |        on        |        
RUN-1001 : --------------------------------------------------------------
RUN-1001 : Print Rtl Property
RUN-1001 : --------------------------------------------------------------
RUN-1001 :        Parameters       |  Settings  |  Default Values  |  Note  
RUN-1001 : --------------------------------------------------------------
RUN-1001 :       compress_add      |   ripple   |      ripple      |        
RUN-1001 :        elf_sload        |    off     |       off        |        
RUN-1001 :       fix_undriven      |     0      |        0         |        
RUN-1001 :         flatten         |    off     |       off        |        
RUN-1001 :       gate_sharing      |     on     |        on        |        
RUN-1001 :    hdl_warning_level    |   normal   |      normal      |        
RUN-1001 :   impl_internal_tribuf  |     on     |        on        |        
RUN-1001 :      impl_set_reset     |     on     |        on        |        
RUN-1001 :        infer_gsr        |    off     |       off        |        
RUN-1001 :      keep_hierarchy     |    auto    |       auto       |        
RUN-1001 :        max_fanout       |    9999    |       9999       |        
RUN-1001 :      max_oh2bin_len     |     10     |        10        |        
RUN-1001 :       merge_equal       |     on     |        on        |        
RUN-1001 :       merge_equiv       |     on     |        on        |        
RUN-1001 :        merge_mux        |    off     |       off        |        
RUN-1001 :     min_control_set     |     8      |        8         |        
RUN-1001 :      min_ripple_len     |    auto    |       auto       |        
RUN-1001 :       oh2bin_ratio      |    0.08    |       0.08       |        
RUN-1001 :     opt_adder_fanout    |     on     |        on        |        
RUN-1001 :        opt_arith        |     on     |        on        |        
RUN-1001 :       opt_big_gate      |    off     |       off        |        
RUN-1001 :        opt_const        |     on     |        on        |        
RUN-1001 :      opt_const_mult     |     on     |        on        |        
RUN-1001 :       opt_lessthan      |     on     |        on        |        
RUN-1001 :         opt_mux         |    off     |       off        |        
RUN-1001 :         opt_ram         |    high    |       high       |        
RUN-1001 :      rtl_sim_model      |    off     |       off        |        
RUN-1001 :         seq_syn         |     on     |        on        |        
RUN-1001 : --------------------------------------------------------------
HDL-1007 : analyze verilog file ../../responder.v
HDL-1007 : analyze verilog file ../../Sel_module.v
HDL-1007 : analyze verilog file ../../Timer_module.v
HDL-1007 : analyze verilog file ../../Buzzer_module.v
HDL-1007 : analyze verilog file ../../Digitron_NumDisplay.v
HDL-1007 : analyze verilog file ../../key_filter.v
RUN-1001 : Project manager successfully analyzed 6 source files.
RUN-1002 : start command "import_device eagle_s20.db -package EG4S20BG256"
ARC-1001 : Device Initialization.
ARC-1001 : ------------------------------------------------------------------
ARC-1001 :            OPTION            |          IO          |   SETTING   
ARC-1001 : ------------------------------------------------------------------
ARC-1001 :   cso_b/cclk/mosi/miso/dout  |  T3/R11/T10/P10/S11  |    gpio    
ARC-1001 :             done             |         P13          |    gpio    
ARC-1001 :           program_b          |          T2          |  dedicate  
ARC-1001 :        tdi/tms/tck/tdo       |   C12/A15/C14/E14    |  dedicate  
ARC-1001 : ------------------------------------------------------------------
ARC-1004 : Device setting, marked 5 dedicate IOs in total.
RUN-1002 : start command "import_db ../syn_1/responder_gate.db"
RUN-1001 : Importing database generated by Tang Dynasty, V5.6.71036.
RUN-1001 : Database version number 46146.
RUN-1001 : Import flow parameters
RUN-1001 : Import IO constraints
RUN-1001 : Import Inst constraints
RUN-1001 : Import design success TD_VERSION=5.6.71036 , DB_VERSION=46146
RUN-1002 : start command "place"
RUN-1001 : Open license file C:/Anlogic/TD5.6.2/license/Anlogic.lic
RUN-1001 : Print Global Property
RUN-1001 : ---------------------------------------------------------------
RUN-1001 :        Parameters        |  Settings  |  Default Values  |  Note  
RUN-1001 : ---------------------------------------------------------------
RUN-1001 :          message         |  standard  |     standard     |        
RUN-1001 :   mixed_pack_place_flow  |     on     |        on        |        
RUN-1001 :        qor_monitor       |    off     |       off        |        
RUN-1001 :        syn_ip_flow       |    off     |       off        |        
RUN-1001 :          thread          |    auto    |       auto       |        
RUN-1001 : ---------------------------------------------------------------
RUN-1001 : Print Place Property
RUN-1001 : --------------------------------------------------------------
RUN-1001 :        Parameters       |  Settings  |  Default Values  |  Note  
RUN-1001 : --------------------------------------------------------------
RUN-1001 :      detailed_place     |     on     |        on        |        
RUN-1001 :          effort         |   medium   |      medium      |        
RUN-1001 :         fix_hold        |    off     |       off        |        
RUN-1001 :       legalization      |    ori     |       ori        |        
RUN-1001 :      new_spreading      |     on     |        on        |        
RUN-1001 :        opt_timing       |   medium   |      medium      |        
RUN-1001 :   post_clock_route_opt  |    off     |       off        |        
RUN-1001 :       pr_strategy       |     1      |        1         |        
RUN-1001 :        relaxation       |    1.00    |       1.00       |        
RUN-1001 :         retiming        |    off     |       off        |        
RUN-1001 : --------------------------------------------------------------
PHY-3001 : Placer runs in 8 thread(s).
RUN-1002 : start command "legalize_phy_inst"
SYN-1011 : Flatten model responder
RUN-1002 : start command "phys_opt -simplify_lut"
SYN-4024 : Net "CLK_dup_1" drives clk pins.
SYN-4024 : Net "U4/W_Digitron_Out_n" drives clk pins.
SYN-4024 : Net "U4/W_DigitronCS_Out_n" drives clk pins.
SYN-4024 : Net "U2/CLK1" drives clk pins.
SYN-4024 : Net "U4/SingleNum_b_n4" drives clk pins.
SYN-4025 : Tag rtl::Net CLK_dup_1 as clock net
SYN-4025 : Tag rtl::Net U2/CLK1 as clock net
SYN-4025 : Tag rtl::Net U4/SingleNum_b_n4 as clock net
SYN-4025 : Tag rtl::Net U4/W_DigitronCS_Out_n as clock net
SYN-4025 : Tag rtl::Net U4/W_Digitron_Out_n as clock net
SYN-4026 : Tagged 5 rtl::Net as clock net
SYN-4015 : Create BUFG instance for clk Net U2/CLK1 to drive 10 clock pins.
SYN-4015 : Create BUFG instance for clk Net U4/W_DigitronCS_Out_n to drive 8 clock pins.
SYN-4015 : Create BUFG instance for clk Net U4/W_Digitron_Out_n to drive 7 clock pins.
SYN-4015 : Create BUFG instance for clk Net U4/SingleNum_b_n4 to drive 4 clock pins.
PHY-1001 : Populate physical database on model responder.
RUN-1001 : There are total 254 instances
RUN-0007 : 110 luts, 86 seqs, 9 mslices, 13 lslices, 29 pads, 0 brams, 0 dsps
RUN-1001 : There are total 317 nets
RUN-1001 : 179 nets have 2 pins
RUN-1001 : 101 nets have [3 - 5] pins
RUN-1001 : 26 nets have [6 - 10] pins
RUN-1001 : 7 nets have [11 - 20] pins
RUN-1001 : 4 nets have [21 - 99] pins
RUN-1001 : Report Control nets information:
RUN-1001 : DFF Distribution
RUN-1001 : ----------------------------------
RUN-1001 :   CE   |  SSR  |  ASR  |  DFF Count  
RUN-1001 : ----------------------------------
RUN-1001 :   No   |  No   |  No   |     35      
RUN-1001 :   No   |  No   |  Yes  |     35      
RUN-1001 :   No   |  Yes  |  No   |      8      
RUN-1001 :   Yes  |  No   |  No   |      0      
RUN-1001 :   Yes  |  No   |  Yes  |      8      
RUN-1001 :   Yes  |  Yes  |  No   |      0      
RUN-1001 : ----------------------------------
RUN-0007 : Control Group Statistic
RUN-0007 : ---------------------------
RUN-0007 :   #CLK  |  #CE  |  #SSR/ASR  
RUN-0007 : ---------------------------
RUN-0007 :    4    |   2   |     4      
RUN-0007 : ---------------------------
RUN-0007 : Control Set = 8
PHY-3001 : Initial placement ...
PHY-3001 : design contains 252 instances, 110 luts, 86 seqs, 22 slices, 3 macros(22 instances: 9 mslices 13 lslices)
PHY-0007 : Cell area utilization is 0%
PHY-3001 : Global placement ...
PHY-3001 : Initial: Len = 85182.4
PHY-3001 : Clustering ...
PHY-3001 : Level 0 #clusters 252.
PHY-3001 : End clustering;  0.000025s wall, 0.000000s user + 0.000000s system = 0.000000s CPU (n/a%)

PHY-3001 : Run with size of 4
PHY-3001 : Cell area utilization is 0%
PHY-3001 : :::0::: Try harder cell spreading with beta_ = 0
PHY-3002 : Step(1): len = 50158.6, overlap = 0
PHY-3002 : Step(2): len = 37318.2, overlap = 0
PHY-3002 : Step(3): len = 28257.4, overlap = 0
PHY-3002 : Step(4): len = 22816.2, overlap = 0
PHY-3002 : Step(5): len = 20114.9, overlap = 0
PHY-3002 : Step(6): len = 18056.6, overlap = 0
PHY-3002 : Step(7): len = 16213, overlap = 0
PHY-3002 : Step(8): len = 14759.4, overlap = 0
PHY-3002 : Step(9): len = 14034.6, overlap = 0
PHY-3002 : Step(10): len = 13916.7, overlap = 0
PHY-3002 : Step(11): len = 12454.1, overlap = 0
PHY-3002 : Step(12): len = 11836.1, overlap = 0
PHY-3002 : Step(13): len = 12066.8, overlap = 0
PHY-3002 : Step(14): len = 11184.5, overlap = 0
PHY-3002 : Step(15): len = 11054.8, overlap = 0
PHY-3002 : Step(16): len = 11217.6, overlap = 0
PHY-3002 : Step(17): len = 10196.7, overlap = 0
PHY-3002 : Step(18): len = 10294.9, overlap = 0
PHY-3002 : Step(19): len = 9562.5, overlap = 0
PHY-3002 : Step(20): len = 8522, overlap = 0
PHY-3002 : Step(21): len = 7948.8, overlap = 0
PHY-3002 : Step(22): len = 8238.9, overlap = 0
PHY-3002 : Step(23): len = 8322.5, overlap = 0
PHY-3002 : Step(24): len = 8312.9, overlap = 0
PHY-3002 : Step(25): len = 7809.6, overlap = 0
PHY-3002 : Step(26): len = 6924.4, overlap = 0
PHY-3002 : Step(27): len = 6910.2, overlap = 0
PHY-3002 : Step(28): len = 6374.6, overlap = 0
PHY-3002 : Step(29): len = 5896.2, overlap = 0
PHY-3002 : Step(30): len = 5971.6, overlap = 0
PHY-3002 : Step(31): len = 5859.5, overlap = 0
PHY-3002 : Step(32): len = 5178.1, overlap = 0
PHY-3002 : Step(33): len = 4936.4, overlap = 0
PHY-3001 : Legalization ...
PHY-3001 : End legalization;  0.006434s wall, 0.000000s user + 0.000000s system = 0.000000s CPU (n/a%)

PHY-3001 : Run with size of 4
PHY-3001 : Cell area utilization is 1%
PHY-3001 : :::0::: Try harder cell spreading with beta_ = 0.0135387
PHY-3002 : Step(34): len = 4768.3, overlap = 0
PHY-3002 : Step(35): len = 4816.6, overlap = 0
PHY-3002 : Step(36): len = 4896.3, overlap = 0
PHY-3001 : Run with size of 2
PHY-3001 : Cell area utilization is 1%
PHY-3001 : :::0::: Try harder cell spreading with beta_ = 0.00284156
PHY-3002 : Step(37): len = 4846.7, overlap = 1.0625
PHY-3002 : Step(38): len = 4844.5, overlap = 0.46875
PHY-3002 : Step(39): len = 4919.6, overlap = 0.375
OPT-1001 : Start physical optimization ...
OPT-1001 : Total overflow 7.97 peak overflow 1.94
OPT-1001 : Start high-fanout net optimization ...
OPT-1001 : Update timing in global mode
PHY-1001 : Start incremental global routing, caller is place ...
RUN-1001 : Generating global routing grids ...
RUN-1001 : Building simple global routing graph ...
PHY-1001 : Generate routing nets ...
PHY-1001 : Reuse net number 0/317.
PHY-1001 : Global iterations in 8 thread ...
PHY-1002 : len = 5280, over cnt = 19(0%), over = 63, worst = 9
PHY-1001 : End global iterations;  0.017377s wall, 0.015625s user + 0.000000s system = 0.015625s CPU (89.9%)

PHY-1001 : Congestion index: top1 = 11.92, top5 = 3.74, top10 = 1.86, top15 = 1.24.
PHY-1001 : End incremental global routing;  0.070377s wall, 0.046875s user + 0.000000s system = 0.046875s CPU (66.6%)

RUN-1002 : start command "start_timer -report"
TMR-5001 WARNING: No sdc constraints found while initiating timer.
TMR-2505 : Start building timing graph for model responder.
TMR-2506 : Build timing graph completely. Port num: 10, tpin num: 1103, tnet num: 315, tinst num: 252, tnode num: 1381, tedge num: 1727.
TMR-2508 : Levelizing timing graph completed, there are 23 levels in total.
TMR-2501 : Timing graph initialized successfully.
OPT-1001 : End timing update;  0.216619s wall, 0.156250s user + 0.000000s system = 0.156250s CPU (72.1%)

OPT-1001 : 0 high-fanout net processed.
OPT-1001 : End high-fanout net optimization;  0.289691s wall, 0.203125s user + 0.000000s system = 0.203125s CPU (70.1%)

OPT-1001 : Current memory(MB): used = 132, reserve = 104, peak = 132.
OPT-1001 : End physical optimization;  0.296311s wall, 0.203125s user + 0.000000s system = 0.203125s CPU (68.6%)

PHY-3001 : Start packing ...
SYN-4007 : Packing 0 MUX to BLE ...
SYN-4008 : Packed 0 MUX and 0 SEQ to BLE.
SYN-4007 : Packing 110 LUT to BLE ...
SYN-4008 : Packed 110 LUT and 54 SEQ to BLE.
SYN-4003 : Packing 32 remaining SEQ's ...
SYN-4005 : Packed 17 SEQ with LUT/SLICE
SYN-4006 : 43 single LUT's are left
SYN-4006 : 15 single SEQ's are left
SYN-4011 : Packing model "responder" (AL_USER_NORMAL) with 125/183 primitive instances ...
PHY-3001 : End packing;  0.007335s wall, 0.015625s user + 0.000000s system = 0.015625s CPU (213.0%)

PHY-1001 : Populate physical database on model responder.
RUN-1001 : There are total 130 instances
RUN-1001 : 47 mslices, 47 lslices, 29 pads, 0 brams, 0 dsps
RUN-1001 : There are total 272 nets
RUN-1001 : 143 nets have 2 pins
RUN-1001 : 89 nets have [3 - 5] pins
RUN-1001 : 30 nets have [6 - 10] pins
RUN-1001 : 6 nets have [11 - 20] pins
RUN-1001 : 4 nets have [21 - 99] pins
PHY-3001 : design contains 128 instances, 94 slices, 3 macros(22 instances: 9 mslices 13 lslices)
PHY-3001 : Cell area utilization is 1%
PHY-3001 : After packing: Len = 5027.4, Over = 2
PHY-3001 : Run with size of 2
PHY-3001 : Cell area utilization is 1%
PHY-3001 : :::0::: Try harder cell spreading with beta_ = 0
PHY-3002 : Step(40): len = 4719.3, overlap = 3.25
PHY-3002 : Step(41): len = 4706.8, overlap = 3.5
PHY-3002 : Step(42): len = 4691.4, overlap = 2.75
PHY-3002 : Step(43): len = 4702.1, overlap = 3.25
PHY-3002 : Step(44): len = 4760.8, overlap = 2.5
PHY-3001 : :::1::: Try harder cell spreading with beta_ = 0.0231147
PHY-3002 : Step(45): len = 4733.3, overlap = 2.5
PHY-3002 : Step(46): len = 4662, overlap = 2.75
PHY-3001 : Legalization ...
PHY-3001 : End legalization;  0.033523s wall, 0.015625s user + 0.015625s system = 0.031250s CPU (93.2%)

PHY-3001 : Trial Legalized: Len = 6822.8
PHY-3001 : Run with size of 2
PHY-3001 : Cell area utilization is 1%
PHY-3001 : :::0::: Try harder cell spreading with beta_ = 0
PHY-3002 : Step(47): len = 5451.4, overlap = 0.75
PHY-3002 : Step(48): len = 5086.8, overlap = 1.25
PHY-3002 : Step(49): len = 4881.9, overlap = 1
PHY-3002 : Step(50): len = 4811.8, overlap = 1.25
PHY-3002 : Step(51): len = 4709.9, overlap = 1.5
PHY-3002 : Step(52): len = 4709.9, overlap = 1.5
PHY-3002 : Step(53): len = 4686.1, overlap = 1.5
PHY-3001 : Legalization ...
PHY-3001 : End legalization;  0.005551s wall, 0.000000s user + 0.000000s system = 0.000000s CPU (n/a%)

PHY-3001 : Legalized: Len = 5822.3, Over = 0
PHY-3001 : Spreading special nets. 4 overflows in 2952 tiles.
PHY-3001 : End spreading;  0.002827s wall, 0.000000s user + 0.000000s system = 0.000000s CPU (n/a%)

PHY-3001 : 6 instances has been re-located, deltaX = 4, deltaY = 2, maxDist = 1.
PHY-3001 : Final: Len = 5854.3, Over = 0
OPT-1001 : Start physical optimization ...
OPT-1001 : Total overflow 0.00 peak overflow 0.00
OPT-1001 : Start high-fanout net optimization ...
OPT-1001 : Update timing in global mode
PHY-1001 : Start incremental global routing, caller is place ...
RUN-1001 : Generating global routing grids ...
PHY-1001 : Generate routing nets ...
PHY-1001 : Reuse net number 17/272.
PHY-1001 : Global iterations in 8 thread ...
PHY-1002 : len = 6296, over cnt = 18(0%), over = 31, worst = 3
PHY-1002 : len = 6480, over cnt = 9(0%), over = 11, worst = 3
PHY-1002 : len = 6600, over cnt = 1(0%), over = 1, worst = 1
PHY-1002 : len = 6608, over cnt = 0(0%), over = 0, worst = 0
PHY-1001 : End global iterations;  0.029116s wall, 0.015625s user + 0.000000s system = 0.015625s CPU (53.7%)

PHY-1001 : Congestion index: top1 = 13.00, top5 = 4.54, top10 = 2.26, top15 = 1.51.
PHY-1001 : End incremental global routing;  0.076264s wall, 0.046875s user + 0.000000s system = 0.046875s CPU (61.5%)

RUN-1002 : start command "start_timer -report"
TMR-5001 WARNING: No sdc constraints found while initiating timer.
TMR-2505 : Start building timing graph for model responder.
TMR-2506 : Build timing graph completely. Port num: 10, tpin num: 988, tnet num: 270, tinst num: 128, tnode num: 1214, tedge num: 1643.
TMR-2508 : Levelizing timing graph completed, there are 21 levels in total.
TMR-2501 : Timing graph initialized successfully.
OPT-1001 : End timing update;  0.174568s wall, 0.140625s user + 0.000000s system = 0.140625s CPU (80.6%)

OPT-1001 : 0 high-fanout net processed.
OPT-1001 : End high-fanout net optimization;  0.253818s wall, 0.187500s user + 0.000000s system = 0.187500s CPU (73.9%)

OPT-1001 : Current memory(MB): used = 134, reserve = 105, peak = 134.
OPT-1001 : Update timing in Manhattan mode
OPT-1001 : End timing update;  0.000162s wall, 0.000000s user + 0.000000s system = 0.000000s CPU (n/a%)

OPT-1001 : Start pin optimization...
OPT-1001 : skip pin optimization...
RUN-1001 : Generating global routing grids ...
PHY-1001 : Generate routing nets ...
PHY-1001 : Reuse net number 204/272.
PHY-1001 : Global iterations in 8 thread ...
PHY-1002 : len = 6608, over cnt = 0(0%), over = 0, worst = 0
PHY-1001 : End global iterations;  0.001548s wall, 0.000000s user + 0.000000s system = 0.000000s CPU (n/a%)

PHY-1001 : Congestion index: top1 = 13.00, top5 = 4.54, top10 = 2.26, top15 = 1.51.
OPT-1001 : Update timing in Manhattan mode
OPT-1001 : End timing update;  0.000324s wall, 0.000000s user + 0.000000s system = 0.000000s CPU (n/a%)

RUN-1001 : QoR Analysis:
OPT-0007 :   WNS 2147483647 TNS 0 NUM_FEPS 0
RUN-1001 :   No local congestion issue, and most congested 1% tile average routing util is 12.551724
RUN-1001 :   Top critical paths
OPT-1001 : End physical optimization;  0.304114s wall, 0.250000s user + 0.000000s system = 0.250000s CPU (82.2%)

RUN-1003 : finish command "place" in  1.554125s wall, 0.781250s user + 0.250000s system = 1.031250s CPU (66.4%)

RUN-1004 : used memory is 129 MB, reserved memory is 101 MB, peak memory is 134 MB
RUN-1002 : start command "export_db responder_place.db"
RUN-1001 : Exported /
RUN-1001 : Exported flow parameters
RUN-1001 : Exported libs
RUN-1001 : Exported entities
RUN-1001 : Exported ports
RUN-1001 : Exported pins
RUN-1001 : Exported instances
RUN-1001 : Exported nets
RUN-1001 : Exported buses
RUN-1001 : Exported models
RUN-1001 : Exported congestions
RUN-1001 : Exported violations
RUN-1001 : Exported IO constraints
RUN-1001 : Exported Inst constraints
RUN-1002 : start command "route"
RUN-1001 : Open license file C:/Anlogic/TD5.6.2/license/Anlogic.lic
RUN-1001 : Print Global Property
RUN-1001 : ---------------------------------------------------------------
RUN-1001 :        Parameters        |  Settings  |  Default Values  |  Note  
RUN-1001 : ---------------------------------------------------------------
RUN-1001 :          message         |  standard  |     standard     |        
RUN-1001 :   mixed_pack_place_flow  |     on     |        on        |        
RUN-1001 :        qor_monitor       |    off     |       off        |        
RUN-1001 :        syn_ip_flow       |    off     |       off        |        
RUN-1001 :          thread          |    auto    |       auto       |        
RUN-1001 : ---------------------------------------------------------------
RUN-1001 : Print Route Property
RUN-1001 : -------------------------------------------------------
RUN-1001 :    Parameters    |  Settings  |  Default Values  |  Note  
RUN-1001 : -------------------------------------------------------
RUN-1001 :      effort      |   medium   |      medium      |        
RUN-1001 :     fix_hold     |    off     |       off        |        
RUN-1001 :    opt_timing    |   medium   |      medium      |        
RUN-1001 :   phy_sim_model  |    off     |       off        |        
RUN-1001 :     priority     |   timing   |      timing      |        
RUN-1001 :     swap_pin     |     on     |        on        |        
RUN-1001 : -------------------------------------------------------
PHY-1001 : Route runs in 8 thread(s)
RUN-1001 : There are total 130 instances
RUN-1001 : 47 mslices, 47 lslices, 29 pads, 0 brams, 0 dsps
RUN-1001 : There are total 272 nets
RUN-1001 : 143 nets have 2 pins
RUN-1001 : 89 nets have [3 - 5] pins
RUN-1001 : 30 nets have [6 - 10] pins
RUN-1001 : 6 nets have [11 - 20] pins
RUN-1001 : 4 nets have [21 - 99] pins
RUN-1002 : start command "start_timer -report"
TMR-5001 WARNING: No sdc constraints found while initiating timer.
TMR-2505 : Start building timing graph for model responder.
TMR-2506 : Build timing graph completely. Port num: 10, tpin num: 988, tnet num: 270, tinst num: 128, tnode num: 1214, tedge num: 1643.
TMR-2508 : Levelizing timing graph completed, there are 21 levels in total.
TMR-2501 : Timing graph initialized successfully.
PHY-1001 : 47 mslices, 47 lslices, 29 pads, 0 brams, 0 dsps
TMR-2503 : Start to update net delay, extr mode = 3.
TMR-2504 : Update delay of 270 nets completely.
TMR-2502 : Annotate delay completely, extr mode = 3.
TMR-3002 : No user constraint, initiate default constraint.
TMR-1501 : Assign derive clock DeriveClock to 142 clock pins, and constraint 226 relative nodes.
TMR-3003 : Constraints initiated successfully.
TMR-3501 : Forward propagation: start to calculate arrival time...
TMR-3502 : Backward propagation: start to calculate required time...
TMR-3503 : Timing propagation completes.
PHY-1001 : Start global routing, caller is route ...
RUN-1001 : Generating global routing grids ...
PHY-1001 : Generate routing nets ...
PHY-1001 : Global iterations in 8 thread ...
PHY-1002 : len = 6256, over cnt = 16(0%), over = 27, worst = 3
PHY-1002 : len = 6416, over cnt = 8(0%), over = 10, worst = 3
PHY-1002 : len = 6544, over cnt = 0(0%), over = 0, worst = 0
PHY-1001 : End global iterations;  0.028648s wall, 0.015625s user + 0.000000s system = 0.015625s CPU (54.5%)

PHY-1001 : Congestion index: top1 = 12.93, top5 = 4.49, top10 = 2.24, top15 = 1.49.
PHY-1001 : End global routing;  0.073910s wall, 0.046875s user + 0.000000s system = 0.046875s CPU (63.4%)

PHY-1001 : Start detail routing ...
PHY-1001 : Current memory(MB): used = 147, reserve = 118, peak = 154.
PHY-1001 : Detailed router is running in normal mode.
PHY-1001 : Generate detailed routing grids ...
PHY-1001 : Processed IO instance DigitronCS_Out[3]_syn_2 with INV attribute.
PHY-1001 : Processed IO instance DigitronCS_Out[2]_syn_2 with INV attribute.
PHY-1001 : Processed IO instance DigitronCS_Out[1]_syn_2 with INV attribute.
PHY-1001 : Processed IO instance DigitronCS_Out[0]_syn_2 with INV attribute.
PHY-1001 : Processed IO instance Digitron_Out[6]_syn_2 with INV attribute.
PHY-1001 : Processed IO instance Digitron_Out[5]_syn_2 with INV attribute.
PHY-1001 : Processed IO instance Digitron_Out[4]_syn_2 with INV attribute.
PHY-1001 : Processed IO instance Digitron_Out[3]_syn_2 with INV attribute.
PHY-1001 : Processed IO instance Digitron_Out[2]_syn_2 with INV attribute.
PHY-1001 : Processed IO instance Digitron_Out[1]_syn_2 with INV attribute.
PHY-1001 : Processed IO instance Digitron_Out[0]_syn_2 with INV attribute.
PHY-1001 : Generate nets ...
PHY-1001 : net CLK_dup_1 will be routed on clock mesh
PHY-1001 : clock net U2/CLK1_syn_4 will be merged with clock U2/CLK1
PHY-1001 : clock net U4/SingleNum_b_n4_syn_10 will be merged with clock U4/SingleNum_b_n4
PHY-1001 : clock net U4/W_DigitronCS_Out_n_syn_4 will be merged with clock U4/W_DigitronCS_Out_n
PHY-1001 : clock net U4/W_Digitron_Out_n_syn_2 will be merged with clock U4/W_Digitron_Out_n
PHY-1001 : Current memory(MB): used = 415, reserve = 391, peak = 415.
PHY-1001 : End build detailed router design. 3.837342s wall, 3.062500s user + 0.078125s system = 3.140625s CPU (81.8%)

PHY-1001 : Detail Route ...
PHY-1001 : ===== Detail Route Phase 1 =====
PHY-1001 : Clock net routing.....
PHY-1001 : Routed 1% nets.
PHY-1022 : len = 10496, over cnt = 0(0%), over = 0, worst = 0, crit = 0
PHY-1001 : End initial clock net routed; 1.430160s wall, 1.218750s user + 0.000000s system = 1.218750s CPU (85.2%)

PHY-1001 : Current memory(MB): used = 445, reserve = 421, peak = 445.
PHY-1001 : End phase 1; 1.435763s wall, 1.218750s user + 0.000000s system = 1.218750s CPU (84.9%)

PHY-1001 : ===== Detail Route Phase 2 =====
PHY-1001 : Initial routing.....
PHY-1001 : Routed 27% nets.
PHY-1001 : Routed 34% nets.
PHY-1001 : Routed 45% nets.
PHY-1001 : Routed 60% nets.
PHY-1001 : Routed 80% nets.
PHY-1022 : len = 24488, over cnt = 8(0%), over = 8, worst = 1, crit = 0
PHY-1001 : Current memory(MB): used = 445, reserve = 421, peak = 445.
PHY-1001 : End initial routed; 0.125483s wall, 0.046875s user + 0.000000s system = 0.046875s CPU (37.4%)

PHY-1001 : Current memory(MB): used = 445, reserve = 421, peak = 445.
PHY-1001 : End phase 2; 0.125532s wall, 0.046875s user + 0.000000s system = 0.046875s CPU (37.3%)

PHY-1001 : ===== Detail Route Phase 3 =====
PHY-1001 : Ripup-reroute.....
PHY-1001 : ===== DR Iter 1 =====
PHY-1022 : len = 24440, over cnt = 4(0%), over = 4, worst = 1, crit = 0
PHY-1001 : End DR Iter 1; 0.014706s wall, 0.000000s user + 0.000000s system = 0.000000s CPU (n/a%)

PHY-1001 : ===== DR Iter 2 =====
PHY-1022 : len = 24496, over cnt = 0(0%), over = 0, worst = 0, crit = 0
PHY-1001 : End DR Iter 2; 0.013357s wall, 0.000000s user + 0.000000s system = 0.000000s CPU (n/a%)

PHY-1001 : Commit to database.....
PHY-1001 : 2 feed throughs used by 2 nets
PHY-1001 : End commit to database; 0.036646s wall, 0.015625s user + 0.000000s system = 0.015625s CPU (42.6%)

PHY-1001 : Current memory(MB): used = 454, reserve = 430, peak = 454.
PHY-1001 : End phase 3; 0.190367s wall, 0.093750s user + 0.000000s system = 0.093750s CPU (49.2%)

PHY-1003 : Routed, final wirelength = 24496
PHY-1001 : Current memory(MB): used = 454, reserve = 430, peak = 454.
PHY-1001 : End export database. 0.005242s wall, 0.015625s user + 0.000000s system = 0.015625s CPU (298.1%)

PHY-1001 : End detail routing;  5.803127s wall, 4.625000s user + 0.078125s system = 4.703125s CPU (81.0%)

RUN-1003 : finish command "route" in  6.125610s wall, 4.875000s user + 0.078125s system = 4.953125s CPU (80.9%)

RUN-1004 : used memory is 411 MB, reserved memory is 387 MB, peak memory is 454 MB
RUN-1002 : start command "report_area -io_info -file responder_phy.area"
RUN-1001 : standard
***Report Model: responder Device: EG4S20BG256***

IO Statistics
#IO                        29
  #input                    7
  #output                  22
  #inout                    0

Utilization Statistics
#lut                      163   out of  19600    0.83%
#reg                       95   out of  19600    0.48%
#le                       178
  #lut only                83   out of    178   46.63%
  #reg only                15   out of    178    8.43%
  #lut&reg                 80   out of    178   44.94%
#dsp                        0   out of     29    0.00%
#bram                       0   out of     64    0.00%
  #bram9k                   0
  #fifo9k                   0
#bram32k                    0   out of     16    0.00%
#pad                       29   out of    188   15.43%
  #ireg                     4
  #oreg                    16
  #treg                     0
#pll                        0   out of      4    0.00%
#gclk                       4   out of     16   25.00%

Clock Resource Statistics
Index     ClockNet                 Type               DriverType         Driver                   Fanout
#1        CLK_dup_1                GCLK               io                 CLK_syn_2.di             58
#2        U2/CLK1                  GCLK               mslice             U2/CLK1_reg_syn_33.q0    8
#3        U4/W_DigitronCS_Out_n    GCLK               mslice             U4/reg2_syn_25.f1        7
#4        U4/W_Digitron_Out_n      GCLK               mslice             U4/mux1_syn_5.f1         7
#5        U4/SingleNum_b_n4        GCLK               lslice             U4/sel2_syn_73.f0        2


Detailed IO Report

        Name           Direction    Location    IOStandard    DriveStrength    PullType    PackReg  
         CLK             INPUT         R7        LVCMOS33          N/A          PULLUP      NONE    
      Key_In[3]          INPUT        F10        LVCMOS33          N/A          PULLUP      IREG    
      Key_In[2]          INPUT        C11        LVCMOS33          N/A          PULLUP      IREG    
      Key_In[1]          INPUT        D11        LVCMOS33          N/A          PULLUP      IREG    
      Key_In[0]          INPUT        E11        LVCMOS33          N/A          PULLUP      IREG    
        RSTn             INPUT         A9        LVCMOS33          N/A          PULLUP      NONE    
        Start            INPUT        A10        LVCMOS33          N/A          PULLUP      NONE    
     Buzzer_Out         OUTPUT        H11        LVCMOS33           8            NONE       NONE    
  DigitronCS_Out[3]     OUTPUT         A3        LVCMOS33           8            NONE       OREG    
  DigitronCS_Out[2]     OUTPUT         A5        LVCMOS33           8            NONE       OREG    
  DigitronCS_Out[1]     OUTPUT         B6        LVCMOS33           8            NONE       OREG    
  DigitronCS_Out[0]     OUTPUT         C9        LVCMOS33           8            NONE       OREG    
   Digitron_Out[7]      OUTPUT         C8        LVCMOS33           8            NONE       NONE    
   Digitron_Out[6]      OUTPUT         A8        LVCMOS33           8            NONE       OREG    
   Digitron_Out[5]      OUTPUT         B5        LVCMOS33           8            NONE       OREG    
   Digitron_Out[4]      OUTPUT         A7        LVCMOS33           8            NONE       OREG    
   Digitron_Out[3]      OUTPUT         E8        LVCMOS33           8            NONE       OREG    
   Digitron_Out[2]      OUTPUT         B8        LVCMOS33           8            NONE       OREG    
   Digitron_Out[1]      OUTPUT         A6        LVCMOS33           8            NONE       OREG    
   Digitron_Out[0]      OUTPUT         A4        LVCMOS33           8            NONE       OREG    
     Key_Row[3]         OUTPUT        E10        LVCMOS33           8            NONE       NONE    
     Key_Row[2]         OUTPUT        C10        LVCMOS33           8            NONE       NONE    
     Key_Row[1]         OUTPUT         F9        LVCMOS33           8            NONE       NONE    
     Key_Row[0]         OUTPUT         D9        LVCMOS33           8            NONE       NONE    
     LED_Out[3]         OUTPUT        C15        LVCMOS33           8            NONE       OREG    
     LED_Out[2]         OUTPUT        B16        LVCMOS33           8            NONE       OREG    
     LED_Out[1]         OUTPUT        B15        LVCMOS33           8            NONE       OREG    
     LED_Out[0]         OUTPUT        B14        LVCMOS33           8            NONE       OREG    
  LED_OverTime_Out      OUTPUT        F16        LVCMOS33           8            NONE       OREG    

Report Hierarchy Area:
+-----------------------------------------------------------------------------------+
|Instance |Module              |le     |lut     |ripple  |seq     |bram    |dsp     |
+-----------------------------------------------------------------------------------+
|top      |responder           |178    |141     |22      |115     |0       |0       |
|  U1     |Sel_module          |21     |21      |0       |7       |0       |0       |
|  U2     |Timer_module        |57     |47      |7       |36      |0       |0       |
|  U4     |Digitron_NumDisplay |60     |51      |9       |28      |0       |0       |
|  U5     |key_filter          |40     |22      |6       |24      |0       |0       |
+-----------------------------------------------------------------------------------+


DataNet Average Fanout:

   Index     Fanout    Nets  
    #1         1       114   
    #2         2        74   
    #3         3        11   
    #4         4        3    
    #5        5-10      28   
    #6       11-50      6    
  Average     2.57           

RUN-1002 : start command "export_db responder_pr.db"
RUN-1001 : Exported /
RUN-1001 : Exported flow parameters
RUN-1001 : Exported libs
RUN-1001 : Exported entities
RUN-1001 : Exported ports
RUN-1001 : Exported pins
RUN-1001 : Exported instances
RUN-1001 : Exported nets
RUN-1001 : Exported buses
RUN-1001 : Exported models
RUN-1001 : Exported congestions
RUN-1001 : Exported violations
RUN-1001 : Exported IO constraints
RUN-1001 : Exported Inst constraints
RUN-1002 : start command "export_bid responder_inst.bid"
RUN-1002 : start command "bitgen -bit responder.bit -unused_io_status pulldown"
BIT-1003 : Start to generate bitstream. 
BIT-1002 : Bitgen processed 159 unused pads, reserve input tri_state with pulldown
BIT-1002 : Init instances with 8 threads.
BIT-1002 : Init instances completely, inst num: 287
BIT-1002 : Init pips with 8 threads.
BIT-1002 : Init pips completely, net num: 272, pip num: 1973
BIT-1002 : Init feedthrough completely, num: 2
BIT-1003 : Multithreading accelaration with 8 threads.
BIT-1003 : Generate bitstream completely, there are 535 valid insts, and 6246 bits set as '1'.
BIT-1004 : PLL setting string = 0000
BIT-1004 : Generate bits file responder.bit.
RUN-1003 : finish command "bitgen -bit responder.bit -unused_io_status pulldown" in  1.306739s wall, 2.484375s user + 0.000000s system = 2.484375s CPU (190.1%)

RUN-1004 : used memory is 420 MB, reserved memory is 396 MB, peak memory is 571 MB
RUN-1002 : start command "backup_run_log run.log ../.logs/phy_1/td_20240723_211440.log"
