============================================================
   Tang Dynasty, V5.6.71036
      Copyright (c) 2012-2023 Anlogic Inc.
   Executable = C:/Anlogic/TD5.6.2/bin/td.exe
   Built at =   20:34:38 Mar 21 2023
   Run by =     Timmy
   Run Date =   Sat Jul 27 16:55:03 2024

   Run on =     DESKTOP-A28VB3Q
============================================================
RUN-1002 : start command "open_project responder.prj"
RUN-1001 : Print Global Property
RUN-1001 : ---------------------------------------------------------------
RUN-1001 :        Parameters        |  Settings  |  Default Values  |  Note  
RUN-1001 : ---------------------------------------------------------------
RUN-1001 :          message         |  standard  |     standard     |        
RUN-1001 :   mixed_pack_place_flow  |     on     |        on        |        
RUN-1001 :        qor_monitor       |    off     |       off        |        
RUN-1001 :        syn_ip_flow       |    off     |       off        |        
RUN-1001 :          thread          |    auto    |       auto       |        
RUN-1001 : ---------------------------------------------------------------
RUN-1001 : Print Design Property
RUN-1001 : --------------------------------------------------------------
RUN-1001 :        Parameters       |  Settings  |  Default Values  |  Note  
RUN-1001 : --------------------------------------------------------------
RUN-1001 :   default_reg_initial   |    auto    |       auto       |        
RUN-1001 :        infer_add        |     on     |        on        |        
RUN-1001 :        infer_fsm        |    off     |       off        |        
RUN-1001 :        infer_mult       |     on     |        on        |        
RUN-1001 :        infer_ram        |     on     |        on        |        
RUN-1001 :        infer_reg        |     on     |        on        |        
RUN-1001 :   infer_reg_init_value  |     on     |        on        |        
RUN-1001 :        infer_rom        |     on     |        on        |        
RUN-1001 :      infer_shifter      |     on     |        on        |        
RUN-1001 : --------------------------------------------------------------
RUN-1001 : Print Rtl Property
RUN-1001 : --------------------------------------------------------------
RUN-1001 :        Parameters       |  Settings  |  Default Values  |  Note  
RUN-1001 : --------------------------------------------------------------
RUN-1001 :       compress_add      |   ripple   |      ripple      |        
RUN-1001 :        elf_sload        |    off     |       off        |        
RUN-1001 :       fix_undriven      |     0      |        0         |        
RUN-1001 :         flatten         |    off     |       off        |        
RUN-1001 :       gate_sharing      |     on     |        on        |        
RUN-1001 :    hdl_warning_level    |   normal   |      normal      |        
RUN-1001 :   impl_internal_tribuf  |     on     |        on        |        
RUN-1001 :      impl_set_reset     |     on     |        on        |        
RUN-1001 :        infer_gsr        |    off     |       off        |        
RUN-1001 :      keep_hierarchy     |    auto    |       auto       |        
RUN-1001 :        max_fanout       |    9999    |       9999       |        
RUN-1001 :      max_oh2bin_len     |     10     |        10        |        
RUN-1001 :       merge_equal       |     on     |        on        |        
RUN-1001 :       merge_equiv       |     on     |        on        |        
RUN-1001 :        merge_mux        |    off     |       off        |        
RUN-1001 :     min_control_set     |     8      |        8         |        
RUN-1001 :      min_ripple_len     |    auto    |       auto       |        
RUN-1001 :       oh2bin_ratio      |    0.08    |       0.08       |        
RUN-1001 :     opt_adder_fanout    |     on     |        on        |        
RUN-1001 :        opt_arith        |     on     |        on        |        
RUN-1001 :       opt_big_gate      |    off     |       off        |        
RUN-1001 :        opt_const        |     on     |        on        |        
RUN-1001 :      opt_const_mult     |     on     |        on        |        
RUN-1001 :       opt_lessthan      |     on     |        on        |        
RUN-1001 :         opt_mux         |    off     |       off        |        
RUN-1001 :         opt_ram         |    high    |       high       |        
RUN-1001 :      rtl_sim_model      |    off     |       off        |        
RUN-1001 :         seq_syn         |     on     |        on        |        
RUN-1001 : --------------------------------------------------------------
HDL-1007 : analyze verilog file ../../responder.v
HDL-1007 : analyze verilog file ../../Sel_module.v
HDL-1007 : analyze verilog file ../../Timer_module.v
HDL-1007 : analyze verilog file ../../Buzzer_module.v
HDL-1007 : analyze verilog file ../../Digitron_NumDisplay.v
HDL-1007 : analyze verilog file ../../key_filter.v
HDL-1007 : analyze verilog file ../../../../1 run_led/run_led/led8_module.v
HDL-1007 : analyze verilog file ../../countdown_module.v
RUN-1001 : Project manager successfully analyzed 8 source files.
RUN-1002 : start command "import_device eagle_s20.db -package EG4S20BG256"
ARC-1001 : Device Initialization.
ARC-1001 : ------------------------------------------------------------------
ARC-1001 :            OPTION            |          IO          |   SETTING   
ARC-1001 : ------------------------------------------------------------------
ARC-1001 :   cso_b/cclk/mosi/miso/dout  |  T3/R11/T10/P10/S11  |    gpio    
ARC-1001 :             done             |         P13          |    gpio    
ARC-1001 :           program_b          |          T2          |  dedicate  
ARC-1001 :        tdi/tms/tck/tdo       |   C12/A15/C14/E14    |  dedicate  
ARC-1001 : ------------------------------------------------------------------
ARC-1004 : Device setting, marked 5 dedicate IOs in total.
RUN-1002 : start command "import_db ../syn_1/responder_gate.db"
RUN-1001 : Importing database generated by Tang Dynasty, V5.6.71036.
RUN-1001 : Database version number 46146.
RUN-1001 : Import flow parameters
RUN-1001 : Import IO constraints
RUN-1001 : Import Inst constraints
RUN-1001 : Import design success TD_VERSION=5.6.71036 , DB_VERSION=46146
RUN-1002 : start command "place"
RUN-1001 : Open license file C:/Anlogic/TD5.6.2/license/Anlogic.lic
RUN-1001 : Print Global Property
RUN-1001 : ---------------------------------------------------------------
RUN-1001 :        Parameters        |  Settings  |  Default Values  |  Note  
RUN-1001 : ---------------------------------------------------------------
RUN-1001 :          message         |  standard  |     standard     |        
RUN-1001 :   mixed_pack_place_flow  |     on     |        on        |        
RUN-1001 :        qor_monitor       |    off     |       off        |        
RUN-1001 :        syn_ip_flow       |    off     |       off        |        
RUN-1001 :          thread          |    auto    |       auto       |        
RUN-1001 : ---------------------------------------------------------------
RUN-1001 : Print Place Property
RUN-1001 : --------------------------------------------------------------
RUN-1001 :        Parameters       |  Settings  |  Default Values  |  Note  
RUN-1001 : --------------------------------------------------------------
RUN-1001 :      detailed_place     |     on     |        on        |        
RUN-1001 :          effort         |   medium   |      medium      |        
RUN-1001 :         fix_hold        |    off     |       off        |        
RUN-1001 :       legalization      |    ori     |       ori        |        
RUN-1001 :      new_spreading      |     on     |        on        |        
RUN-1001 :        opt_timing       |   medium   |      medium      |        
RUN-1001 :   post_clock_route_opt  |    off     |       off        |        
RUN-1001 :       pr_strategy       |     1      |        1         |        
RUN-1001 :        relaxation       |    1.00    |       1.00       |        
RUN-1001 :         retiming        |    off     |       off        |        
RUN-1001 : --------------------------------------------------------------
PHY-3001 : Placer runs in 8 thread(s).
RUN-1002 : start command "legalize_phy_inst"
SYN-1011 : Flatten model responder
SYN-5055 WARNING: The kept net U5/cnt[19] will be merged to another kept net U5/cnt_b[19]
SYN-5055 WARNING: The kept net U5/cnt[18] will be merged to another kept net U5/cnt_b[18]
SYN-5055 WARNING: The kept net U5/cnt[17] will be merged to another kept net U5/cnt_b[17]
SYN-5055 WARNING: The kept net U5/cnt[16] will be merged to another kept net U5/cnt_b[16]
SYN-5055 WARNING: The kept net U5/cnt[15] will be merged to another kept net U5/cnt_b1[15]
SYN-5055 WARNING: The kept net U5/cnt[14] will be merged to another kept net U5/cnt_b[14]
SYN-5055 WARNING: The kept net U5/cnt[13] will be merged to another kept net U5/cnt_b1[13]
SYN-5055 WARNING: The kept net U5/cnt[12] will be merged to another kept net U5/cnt_b1[12]
SYN-5055 WARNING: The kept net U5/cnt[11] will be merged to another kept net U5/cnt_b1[11]
SYN-5055 WARNING: The kept net U5/cnt[10] will be merged to another kept net U5/cnt_b1[10]
SYN-5055 Similar messages will be suppressed.
RUN-1002 : start command "phys_opt -simplify_lut"
SYN-4024 : Net "CLK_dup_1" drives clk pins.
SYN-4024 : Net "U2/CLK1" drives clk pins.
SYN-4024 : Net "U4/W_DigitronCS_Out_n" drives clk pins.
SYN-4024 : Net "Set_Time_dup_1" drives clk pins.
SYN-4024 : Net "U4/SingleNum_b_n4" drives clk pins.
SYN-4024 : Net "U7/temp_time_n1" drives clk pins.
SYN-4025 : Tag rtl::Net CLK_dup_1 as clock net
SYN-4025 : Tag rtl::Net Set_Time_dup_1 as clock net
SYN-4025 : Tag rtl::Net U2/CLK1 as clock net
SYN-4025 : Tag rtl::Net U4/SingleNum_b_n4 as clock net
SYN-4025 : Tag rtl::Net U4/W_DigitronCS_Out_n as clock net
SYN-4025 : Tag rtl::Net U7/temp_time_n1 as clock net
SYN-4026 : Tagged 6 rtl::Net as clock net
SYN-4015 : Create BUFG instance for clk Net U2/CLK1 to drive 11 clock pins.
SYN-4015 : Create BUFG instance for clk Net U4/W_DigitronCS_Out_n to drive 8 clock pins.
SYN-4015 : Create BUFG instance for clk Net U4/SingleNum_b_n4 to drive 4 clock pins.
SYN-4015 : Create BUFG instance for clk Net U7/temp_time_n1 to drive 3 clock pins.
PHY-1001 : Populate physical database on model responder.
RUN-1001 : There are total 419 instances
RUN-0007 : 184 luts, 143 seqs, 32 mslices, 20 lslices, 33 pads, 0 brams, 0 dsps
RUN-1001 : There are total 551 nets
RUN-1001 : 320 nets have 2 pins
RUN-1001 : 191 nets have [3 - 5] pins
RUN-1001 : 27 nets have [6 - 10] pins
RUN-1001 : 7 nets have [11 - 20] pins
RUN-1001 : 4 nets have [21 - 99] pins
RUN-1001 : 2 nets have 100+ pins
RUN-1001 : Report Control nets information:
RUN-1001 : DFF Distribution
RUN-1001 : ----------------------------------
RUN-1001 :   CE   |  SSR  |  ASR  |  DFF Count  
RUN-1001 : ----------------------------------
RUN-1001 :   No   |  No   |  No   |     33      
RUN-1001 :   No   |  No   |  Yes  |     54      
RUN-1001 :   No   |  Yes  |  No   |     23      
RUN-1001 :   Yes  |  No   |  No   |      0      
RUN-1001 :   Yes  |  No   |  Yes  |     33      
RUN-1001 :   Yes  |  Yes  |  No   |      0      
RUN-1001 : ----------------------------------
RUN-0007 : Control Group Statistic
RUN-0007 : ---------------------------
RUN-0007 :   #CLK  |  #CE  |  #SSR/ASR  
RUN-0007 : ---------------------------
RUN-0007 :    6    |   3   |     5      
RUN-0007 : ---------------------------
RUN-0007 : Control Set = 11
PHY-3001 : Initial placement ...
PHY-3001 : design contains 417 instances, 184 luts, 143 seqs, 52 slices, 6 macros(52 instances: 32 mslices 20 lslices)
PHY-0007 : Cell area utilization is 1%
PHY-3001 : Global placement ...
PHY-3001 : Initial: Len = 120474
PHY-3001 : Clustering ...
PHY-3001 : Level 0 #clusters 417.
PHY-3001 : End clustering;  0.000033s wall, 0.000000s user + 0.000000s system = 0.000000s CPU (n/a%)

PHY-3001 : Run with size of 4
PHY-3001 : Cell area utilization is 1%
PHY-3001 : :::0::: Try harder cell spreading with beta_ = 0
PHY-3002 : Step(1): len = 77924.5, overlap = 0
PHY-3002 : Step(2): len = 52708.2, overlap = 0
PHY-3002 : Step(3): len = 39352, overlap = 0
PHY-3002 : Step(4): len = 30645.1, overlap = 0
PHY-3002 : Step(5): len = 25298, overlap = 0
PHY-3002 : Step(6): len = 25026.6, overlap = 0
PHY-3002 : Step(7): len = 22886.7, overlap = 0
PHY-3002 : Step(8): len = 20192.4, overlap = 0
PHY-3002 : Step(9): len = 20052.8, overlap = 0
PHY-3002 : Step(10): len = 18525.1, overlap = 0
PHY-3002 : Step(11): len = 17651.2, overlap = 0
PHY-3002 : Step(12): len = 17825.6, overlap = 0
PHY-3002 : Step(13): len = 16268, overlap = 0
PHY-3002 : Step(14): len = 16026.4, overlap = 0
PHY-3002 : Step(15): len = 16395.3, overlap = 0
PHY-3002 : Step(16): len = 15393.7, overlap = 0
PHY-3002 : Step(17): len = 14693.8, overlap = 0
PHY-3002 : Step(18): len = 14603.3, overlap = 0
PHY-3002 : Step(19): len = 14002.5, overlap = 0
PHY-3002 : Step(20): len = 14366.3, overlap = 0
PHY-3002 : Step(21): len = 13340.9, overlap = 0
PHY-3002 : Step(22): len = 12690.9, overlap = 0
PHY-3002 : Step(23): len = 13012.7, overlap = 0
PHY-3002 : Step(24): len = 11691.3, overlap = 0
PHY-3002 : Step(25): len = 11507.6, overlap = 0
PHY-3002 : Step(26): len = 11645.8, overlap = 0
PHY-3002 : Step(27): len = 11103.8, overlap = 0
PHY-3002 : Step(28): len = 10573.3, overlap = 0
PHY-3002 : Step(29): len = 10139.4, overlap = 0
PHY-3002 : Step(30): len = 10286.9, overlap = 0
PHY-3002 : Step(31): len = 9880.5, overlap = 0
PHY-3002 : Step(32): len = 9694.6, overlap = 0
PHY-3002 : Step(33): len = 9859.8, overlap = 0
PHY-3002 : Step(34): len = 9818.2, overlap = 0
PHY-3002 : Step(35): len = 8918.3, overlap = 0
PHY-3002 : Step(36): len = 8664.7, overlap = 0
PHY-3002 : Step(37): len = 8745.7, overlap = 0
PHY-3002 : Step(38): len = 8625.1, overlap = 0
PHY-3002 : Step(39): len = 8625.1, overlap = 0
PHY-3002 : Step(40): len = 8305.8, overlap = 0
PHY-3002 : Step(41): len = 8305.8, overlap = 0
PHY-3002 : Step(42): len = 8192.9, overlap = 0
PHY-3001 : Legalization ...
PHY-3001 : End legalization;  0.006381s wall, 0.000000s user + 0.000000s system = 0.000000s CPU (n/a%)

PHY-3001 : Run with size of 4
PHY-3001 : Cell area utilization is 1%
PHY-3001 : :::0::: Try harder cell spreading with beta_ = 0
PHY-3002 : Step(43): len = 8015, overlap = 0
PHY-3002 : Step(44): len = 8082.7, overlap = 0
PHY-3002 : Step(45): len = 8118.5, overlap = 0
PHY-3001 : Run with size of 2
PHY-3001 : Cell area utilization is 1%
PHY-3001 : :::0::: Try harder cell spreading with beta_ = 0
PHY-3002 : Step(46): len = 7980.6, overlap = 5.0625
PHY-3002 : Step(47): len = 8087.5, overlap = 5.125
PHY-3002 : Step(48): len = 8087.5, overlap = 5.125
OPT-1001 : Start physical optimization ...
OPT-1001 : Total overflow 23.22 peak overflow 2.38
OPT-1001 : Start high-fanout net optimization ...
OPT-1001 : Update timing in global mode
PHY-1001 : Start incremental global routing, caller is place ...
RUN-1001 : Generating global routing grids ...
RUN-1001 : Building simple global routing graph ...
PHY-1001 : Generate routing nets ...
PHY-1001 : Reuse net number 0/551.
PHY-1001 : Global iterations in 8 thread ...
PHY-1002 : len = 9656, over cnt = 26(0%), over = 79, worst = 8
PHY-1001 : End global iterations;  0.032539s wall, 0.015625s user + 0.000000s system = 0.015625s CPU (48.0%)

PHY-1001 : Congestion index: top1 = 14.01, top5 = 5.95, top10 = 3.31, top15 = 2.21.
PHY-1001 : End incremental global routing;  0.105209s wall, 0.046875s user + 0.000000s system = 0.046875s CPU (44.6%)

RUN-1002 : start command "start_timer -report"
TMR-5001 WARNING: No sdc constraints found while initiating timer.
TMR-2505 : Start building timing graph for model responder.
TMR-2506 : Build timing graph completely. Port num: 11, tpin num: 1861, tnet num: 549, tinst num: 417, tnode num: 2392, tedge num: 2983.
TMR-2509 : Cut connection from U5/reg1_syn_17.a to U5/reg1_syn_17.o.
TMR-2509 : Cut connection from U5/reg1_syn_16.a to U5/reg1_syn_16.o.
TMR-2509 : Cut connection from U5/reg1_syn_14.a to U5/reg1_syn_14.o.
TMR-2509 : Cut connection from U5/reg1_syn_15.a to U5/reg1_syn_15.o.
TMR-2509 : Cut connection from U5/add0_syn_169.fci to U5/add0_syn_169.fco.
TMR-2509 : Cut connection from U5/add0_syn_169.a[1] to U5/add0_syn_169.fco.
TMR-2509 : Cut connection from U5/add0_syn_169.a[0] to U5/add0_syn_169.fco.
TMR-2509 : Cut connection from U5/add0_syn_172.a[0] to U5/add0_syn_172.f[0].
TMR-2509 : Cut connection from U5/add0_syn_172.a[1] to U5/add0_syn_172.f[1].
TMR-2509 : Cut connection from U5/add0_syn_175.a[0] to U5/add0_syn_175.f[0].
TMR-2509 : Cut connection from U5/add0_syn_175.a[1] to U5/add0_syn_175.f[1].
TMR-2509 : Cut connection from U5/cnt_b[6]_syn_1.a to U5/cnt_b[6]_syn_1.o.
TMR-2509 : Cut connection from U5/add0_syn_178.a[0] to U5/add0_syn_178.f[0].
TMR-2509 : Cut connection from U5/add0_syn_178.a[1] to U5/add0_syn_178.f[1].
TMR-2509 : Cut connection from U5/add0_syn_181.a[0] to U5/add0_syn_181.f[0].
TMR-2509 : Cut connection from U5/cnt_b[9]_syn_1.a to U5/cnt_b[9]_syn_1.o.
TMR-2509 : Cut connection from U5/add0_syn_181.a[1] to U5/add0_syn_181.f[1].
TMR-2509 : Cut connection from U5/add0_syn_184.a[0] to U5/add0_syn_184.f[0].
TMR-2509 : Cut connection from U5/cnt_b[16]_syn_11.b to U5/cnt_b[16]_syn_11.o.
TMR-2509 : Cut connection from U5/cnt_b[16]_syn_11.c to U5/cnt_b[16]_syn_11.o.
TMR-2509 : Cut connection from U5/cnt_b[16]_syn_11.d to U5/cnt_b[16]_syn_11.o.
TMR-2509 : Cut connection from U5/cnt_b[18]_syn_1.b to U5/cnt_b[18]_syn_1.o.
TMR-2509 : Cut connection from U5/add0_syn_193.fci to U5/add0_syn_193.f[1].
TMR-2509 : Cut connection from U5/add0_syn_193.a[0] to U5/add0_syn_193.f[1].
TMR-2509 : Cut connection from U5/add0_syn_193.fci to U5/add0_syn_193.fco.
TMR-2509 : Cut connection from U5/add0_syn_193.a[0] to U5/add0_syn_193.fco.
TMR-2509 : Cut connection from U5/add0_syn_195.a[0] to U5/add0_syn_195.f[0].
TMR-2509 : Cut connection from U5/cnt_b[16]_syn_3.c to U5/cnt_b[16]_syn_3.o.
TMR-2509 : Cut connection from U5/cnt_b[16]_syn_3.d to U5/cnt_b[16]_syn_3.o.
TMR-2509 : Cut connection from U5/cnt_b[17]_syn_1.b to U5/cnt_b[17]_syn_1.o.
TMR-2509 : Cut connection from U5/add0_syn_193.fci to U5/add0_syn_193.f[0].
TMR-2509 : Cut connection from U5/cnt_b[16]_syn_12.b to U5/cnt_b[16]_syn_12.o.
TMR-2509 : Cut connection from U5/add0_syn_190.fci to U5/add0_syn_190.f[1].
TMR-2509 : Cut connection from U5/add0_syn_190.a[0] to U5/add0_syn_190.f[1].
TMR-2509 : Cut connection from U5/add0_syn_190.fci to U5/add0_syn_190.fco.
TMR-2509 : Cut connection from U5/add0_syn_190.a[0] to U5/add0_syn_190.fco.
TMR-2509 : Cut connection from U5/cnt_b[14]_syn_1.b to U5/cnt_b[14]_syn_1.o.
TMR-2509 : Cut connection from U5/add0_syn_187.fci to U5/add0_syn_187.f[1].
TMR-2509 : Cut connection from U5/add0_syn_187.a[0] to U5/add0_syn_187.f[1].
TMR-2509 : Cut connection from U5/add0_syn_187.fci to U5/add0_syn_187.fco.
TMR-2509 : Cut connection from U5/add0_syn_187.a[0] to U5/add0_syn_187.fco.
TMR-2509 : Cut connection from U5/add0_syn_190.a[0] to U5/add0_syn_190.f[0].
TMR-2509 : Cut connection from U5/cnt_b[16]_syn_1.c to U5/cnt_b[16]_syn_1.o.
TMR-2509 : Cut connection from U5/cnt_b[16]_syn_1.d to U5/cnt_b[16]_syn_1.o.
TMR-2509 : Cut connection from U5/cnt_b[0]_syn_1.b to U5/cnt_b[0]_syn_1.o.
TMR-2509 : Cut connection from U5/add0_syn_169.a[0] to U5/add0_syn_169.f[0].
TMR-2509 : Cut connection from U5/add0_syn_169.a[1] to U5/add0_syn_169.f[1].
TMR-2509 : Cut connection from U5/add0_syn_184.a[1] to U5/add0_syn_184.f[1].
TMR-2509 : Cut connection from U5/add0_syn_187.a[0] to U5/add0_syn_187.f[0].
TMR-2507 : Eliminate loop in the timing graph, delete 49 tedges.
TMR-2508 : Levelizing timing graph completed, there are 47 levels in total.
TMR-2501 : Timing graph initialized successfully.
OPT-1001 : End timing update;  0.238482s wall, 0.218750s user + 0.000000s system = 0.218750s CPU (91.7%)

OPT-1001 : 0 high-fanout net processed.
OPT-1001 : End high-fanout net optimization;  0.348796s wall, 0.265625s user + 0.000000s system = 0.265625s CPU (76.2%)

OPT-1001 : Current memory(MB): used = 137, reserve = 108, peak = 137.
OPT-1001 : End physical optimization;  0.356129s wall, 0.281250s user + 0.000000s system = 0.281250s CPU (79.0%)

PHY-3001 : Start packing ...
SYN-4007 : Packing 0 MUX to BLE ...
SYN-4008 : Packed 0 MUX and 0 SEQ to BLE.
SYN-4007 : Packing 184 LUT to BLE ...
SYN-4008 : Packed 184 LUT and 85 SEQ to BLE.
SYN-4003 : Packing 58 remaining SEQ's ...
SYN-4005 : Packed 37 SEQ with LUT/SLICE
SYN-4006 : 68 single LUT's are left
SYN-4006 : 21 single SEQ's are left
SYN-4011 : Packing model "responder" (AL_USER_NORMAL) with 205/337 primitive instances ...
PHY-3001 : End packing;  0.012773s wall, 0.000000s user + 0.000000s system = 0.000000s CPU (n/a%)

PHY-1001 : Populate physical database on model responder.
RUN-1001 : There are total 209 instances
RUN-1001 : 84 mslices, 85 lslices, 33 pads, 0 brams, 0 dsps
RUN-1001 : There are total 478 nets
RUN-1001 : 256 nets have 2 pins
RUN-1001 : 182 nets have [3 - 5] pins
RUN-1001 : 27 nets have [6 - 10] pins
RUN-1001 : 9 nets have [11 - 20] pins
RUN-1001 : 2 nets have [21 - 99] pins
RUN-1001 : 2 nets have 100+ pins
PHY-3001 : design contains 207 instances, 169 slices, 6 macros(52 instances: 32 mslices 20 lslices)
PHY-3001 : Cell area utilization is 2%
PHY-3001 : After packing: Len = 8599.2, Over = 8
PHY-3001 : Run with size of 2
PHY-3001 : Cell area utilization is 2%
PHY-3001 : :::0::: Try harder cell spreading with beta_ = 0.00258806
PHY-3002 : Step(49): len = 8480.1, overlap = 6.25
PHY-3002 : Step(50): len = 8473.3, overlap = 6.5
PHY-3002 : Step(51): len = 8358.1, overlap = 5.75
PHY-3001 : :::1::: Try harder cell spreading with beta_ = 0.00517612
PHY-3002 : Step(52): len = 8300.4, overlap = 6.25
PHY-3002 : Step(53): len = 8319.2, overlap = 5.25
PHY-3001 : Legalization ...
PHY-3001 : End legalization;  0.055494s wall, 0.015625s user + 0.000000s system = 0.015625s CPU (28.2%)

PHY-3001 : Trial Legalized: Len = 12287.4
PHY-3001 : Run with size of 2
PHY-3001 : Cell area utilization is 2%
PHY-3001 : :::0::: Try harder cell spreading with beta_ = 0
PHY-3002 : Step(54): len = 9681.2, overlap = 0.5
PHY-3002 : Step(55): len = 8742.5, overlap = 1
PHY-3002 : Step(56): len = 8492.7, overlap = 1.5
PHY-3002 : Step(57): len = 8494.7, overlap = 1.5
PHY-3002 : Step(58): len = 8330.8, overlap = 2.25
PHY-3002 : Step(59): len = 8329.1, overlap = 2.25
PHY-3002 : Step(60): len = 8294.9, overlap = 2.25
PHY-3001 : Legalization ...
PHY-3001 : End legalization;  0.005757s wall, 0.000000s user + 0.000000s system = 0.000000s CPU (n/a%)

PHY-3001 : Legalized: Len = 10485.9, Over = 0
PHY-3001 : Spreading special nets. 2 overflows in 2952 tiles.
PHY-3001 : End spreading;  0.003351s wall, 0.000000s user + 0.000000s system = 0.000000s CPU (n/a%)

PHY-3001 : 3 instances has been re-located, deltaX = 3, deltaY = 0, maxDist = 1.
PHY-3001 : Final: Len = 10515.9, Over = 0
OPT-1001 : Start physical optimization ...
OPT-1001 : Total overflow 0.00 peak overflow 0.00
OPT-1001 : Start high-fanout net optimization ...
OPT-1001 : Update timing in global mode
PHY-1001 : Start incremental global routing, caller is place ...
RUN-1001 : Generating global routing grids ...
PHY-1001 : Generate routing nets ...
PHY-1001 : Reuse net number 25/478.
PHY-1001 : Global iterations in 8 thread ...
PHY-1002 : len = 11344, over cnt = 20(0%), over = 32, worst = 4
PHY-1002 : len = 11488, over cnt = 18(0%), over = 22, worst = 2
PHY-1002 : len = 11600, over cnt = 8(0%), over = 11, worst = 2
PHY-1002 : len = 11736, over cnt = 0(0%), over = 0, worst = 0
PHY-1001 : End global iterations;  0.047656s wall, 0.031250s user + 0.000000s system = 0.031250s CPU (65.6%)

PHY-1001 : Congestion index: top1 = 14.29, top5 = 6.85, top10 = 3.94, top15 = 2.63.
PHY-1001 : End incremental global routing;  0.097340s wall, 0.046875s user + 0.015625s system = 0.062500s CPU (64.2%)

RUN-1002 : start command "start_timer -report"
TMR-5001 WARNING: No sdc constraints found while initiating timer.
TMR-2505 : Start building timing graph for model responder.
TMR-2506 : Build timing graph completely. Port num: 11, tpin num: 1613, tnet num: 476, tinst num: 207, tnode num: 2038, tedge num: 2713.
TMR-2509 : Cut connection from U5/reg1_syn_42.d[1] to U5/reg1_syn_42.Q_q[1]_D.
TMR-2509 : Cut connection from U5/reg1_syn_42.d[0] to U5/reg1_syn_42.Q_q[0]_D.
TMR-2509 : Cut connection from U1/reg2_syn_69.d[0] to U1/reg2_syn_69.Q_q[0]_D.
TMR-2509 : Cut connection from U1/reg2_syn_71.d[0] to U1/reg2_syn_71.Q_q[0]_D.
TMR-2509 : Cut connection from U5/cnt_b[16]_syn_35.b[0] to U5/cnt_b[16]_syn_35.f[0].
TMR-2509 : Cut connection from U5/cnt_b[16]_syn_35.c[0] to U5/cnt_b[16]_syn_35.f[0].
TMR-2509 : Cut connection from U5/cnt_b[16]_syn_35.d[0] to U5/cnt_b[16]_syn_35.f[0].
TMR-2509 : Cut connection from U5/cnt_b[16]_syn_35.a[0] to U5/cnt_b[16]_syn_35.f[0].
TMR-2509 : Cut connection from U5/cnt_b[18]_syn_9.c[0] to U5/cnt_b[18]_syn_9.f[0].
TMR-2509 : Cut connection from U5/cnt_b[16]_syn_39.b[1] to U5/cnt_b[16]_syn_39.f[1].
TMR-2509 : Cut connection from U5/cnt_b[16]_syn_39.c[1] to U5/cnt_b[16]_syn_39.f[1].
TMR-2509 : Cut connection from U5/cnt_b[16]_syn_39.d[1] to U5/cnt_b[16]_syn_39.f[1].
TMR-2509 : Cut connection from U5/add0_syn_195.fci to U5/add0_syn_195.f[0].
TMR-2509 : Cut connection from U5/cnt_b[18]_syn_9.c[1] to U5/cnt_b[18]_syn_9.f[1].
TMR-2509 : Cut connection from U5/add0_syn_193.fci to U5/add0_syn_193.f[1].
TMR-2509 : Cut connection from U5/add0_syn_193.a[0] to U5/add0_syn_193.f[1].
TMR-2509 : Cut connection from U5/add0_syn_193.fci to U5/add0_syn_193.fco.
TMR-2509 : Cut connection from U5/add0_syn_193.a[0] to U5/add0_syn_193.fco.
TMR-2509 : Cut connection from U5/cnt_b[16]_syn_39.c[0] to U5/cnt_b[16]_syn_39.f[0].
TMR-2509 : Cut connection from U5/add0_syn_193.fci to U5/add0_syn_193.f[0].
TMR-2509 : Cut connection from U5/cnt_b[16]_syn_42.c[0] to U5/cnt_b[16]_syn_42.f[0].
TMR-2509 : Cut connection from U5/add0_syn_190.fci to U5/add0_syn_190.f[1].
TMR-2509 : Cut connection from U5/add0_syn_190.a[0] to U5/add0_syn_190.f[1].
TMR-2509 : Cut connection from U5/add0_syn_190.fci to U5/add0_syn_190.fco.
TMR-2509 : Cut connection from U5/add0_syn_190.a[0] to U5/add0_syn_190.fco.
TMR-2509 : Cut connection from U5/cnt_b[14]_syn_9.c[0] to U5/cnt_b[14]_syn_9.f[0].
TMR-2509 : Cut connection from U5/cnt_b[16]_syn_35.a[1] to U5/cnt_b[16]_syn_35.f[1].
TMR-2509 : Cut connection from U5/cnt_b[16]_syn_35.b[1] to U5/cnt_b[16]_syn_35.f[1].
TMR-2509 : Cut connection from U5/cnt_b[16]_syn_35.d[1] to U5/cnt_b[16]_syn_35.f[1].
TMR-2509 : Cut connection from U5/cnt_b[16]_syn_32.c[0] to U5/cnt_b[16]_syn_32.fx[0].
TMR-2509 : Cut connection from U5/cnt_b[16]_syn_32.c[1] to U5/cnt_b[16]_syn_32.fx[0].
TMR-2509 : Cut connection from U5/cnt_b[16]_syn_32.b[0] to U5/cnt_b[16]_syn_32.fx[0].
TMR-2509 : Cut connection from U5/cnt_b[16]_syn_32.b[1] to U5/cnt_b[16]_syn_32.fx[0].
TMR-2509 : Cut connection from U5/cnt_b[16]_syn_32.d[0] to U5/cnt_b[16]_syn_32.fx[0].
TMR-2509 : Cut connection from U5/cnt_b[16]_syn_32.d[1] to U5/cnt_b[16]_syn_32.fx[0].
TMR-2509 : Cut connection from U5/cnt_b[16]_syn_32.mi[0] to U5/cnt_b[16]_syn_32.fx[0].
TMR-2509 : Cut connection from U5/add0_syn_181.fci to U5/add0_syn_181.f[0].
TMR-2509 : Cut connection from U5/add0_syn_181.fci to U5/add0_syn_181.f[1].
TMR-2509 : Cut connection from U5/add0_syn_181.a[1] to U5/add0_syn_181.f[1].
TMR-2509 : Cut connection from U5/add0_syn_181.fci to U5/add0_syn_181.fco.
TMR-2509 : Cut connection from U5/add0_syn_184.a[0] to U5/add0_syn_184.f[0].
TMR-2509 : Cut connection from U5/add0_syn_184.a[1] to U5/add0_syn_184.f[1].
TMR-2509 : Cut connection from U5/add0_syn_187.a[0] to U5/add0_syn_187.f[0].
TMR-2509 : Cut connection from U5/cnt_b[16]_syn_42.b[1] to U5/cnt_b[16]_syn_42.f[1].
TMR-2509 : Cut connection from U5/cnt_b[16]_syn_42.a[1] to U5/cnt_b[16]_syn_42.f[1].
TMR-2509 : Cut connection from U5/add0_syn_187.a[1] to U5/add0_syn_187.f[1].
TMR-2509 : Cut connection from U5/add0_syn_190.a[0] to U5/add0_syn_190.f[0].
TMR-2509 : Cut connection from U5/cnt_b[16]_syn_37.c[0] to U5/cnt_b[16]_syn_37.f[0].
TMR-2509 : Cut connection from U5/add0_syn_175.fci to U5/add0_syn_175.f[1].
TMR-2509 : Cut connection from U5/add0_syn_175.a[0] to U5/add0_syn_175.f[1].
TMR-2509 : Cut connection from U5/add0_syn_175.fci to U5/add0_syn_175.fco.
TMR-2509 : Cut connection from U5/add0_syn_175.a[0] to U5/add0_syn_175.fco.
TMR-2509 : Cut connection from U5/add0_syn_178.a[0] to U5/add0_syn_178.f[0].
TMR-2509 : Cut connection from U5/add0_syn_178.a[1] to U5/add0_syn_178.f[1].
TMR-2509 : Cut connection from U5/cnt_b[0]_syn_9.c[0] to U5/cnt_b[0]_syn_9.f[0].
TMR-2509 : Cut connection from U5/add0_syn_169.a[0] to U5/add0_syn_169.f[0].
TMR-2509 : Cut connection from U5/cnt_b[16]_syn_37.a[1] to U5/cnt_b[16]_syn_37.f[1].
TMR-2509 : Cut connection from U5/cnt_b[16]_syn_37.b[1] to U5/cnt_b[16]_syn_37.f[1].
TMR-2509 : Cut connection from U5/add0_syn_169.a[1] to U5/add0_syn_169.f[1].
TMR-2509 : Cut connection from U5/add0_syn_172.a[0] to U5/add0_syn_172.f[0].
TMR-2509 : Cut connection from U5/add0_syn_172.a[1] to U5/add0_syn_172.f[1].
TMR-2509 : Cut connection from U5/add0_syn_175.a[0] to U5/add0_syn_175.f[0].
TMR-2507 : Eliminate loop in the timing graph, delete 62 tedges.
TMR-2508 : Levelizing timing graph completed, there are 27 levels in total.
TMR-2501 : Timing graph initialized successfully.
OPT-1001 : End timing update;  0.210664s wall, 0.171875s user + 0.000000s system = 0.171875s CPU (81.6%)

OPT-1001 : 0 high-fanout net processed.
OPT-1001 : End high-fanout net optimization;  0.313270s wall, 0.234375s user + 0.015625s system = 0.250000s CPU (79.8%)

OPT-1001 : Current memory(MB): used = 139, reserve = 109, peak = 139.
OPT-1001 : Update timing in Manhattan mode
OPT-1001 : End timing update;  0.000342s wall, 0.000000s user + 0.000000s system = 0.000000s CPU (n/a%)

OPT-1001 : Start pin optimization...
OPT-1001 : skip pin optimization...
RUN-1001 : Generating global routing grids ...
PHY-1001 : Generate routing nets ...
PHY-1001 : Reuse net number 351/478.
PHY-1001 : Global iterations in 8 thread ...
PHY-1002 : len = 11736, over cnt = 0(0%), over = 0, worst = 0
PHY-1001 : End global iterations;  0.001872s wall, 0.000000s user + 0.000000s system = 0.000000s CPU (n/a%)

PHY-1001 : Congestion index: top1 = 14.29, top5 = 6.85, top10 = 3.94, top15 = 2.63.
OPT-1001 : Update timing in Manhattan mode
OPT-1001 : End timing update;  0.000564s wall, 0.000000s user + 0.000000s system = 0.000000s CPU (n/a%)

RUN-1001 : QoR Analysis:
OPT-0007 :   WNS 2147483647 TNS 0 NUM_FEPS 0
RUN-1001 :   No local congestion issue, and most congested 1% tile average routing util is 13.862069
RUN-1001 :   Top critical paths
OPT-1001 : End physical optimization;  0.369933s wall, 0.250000s user + 0.015625s system = 0.265625s CPU (71.8%)

RUN-1003 : finish command "place" in  1.794613s wall, 0.937500s user + 0.203125s system = 1.140625s CPU (63.6%)

RUN-1004 : used memory is 130 MB, reserved memory is 101 MB, peak memory is 139 MB
RUN-1002 : start command "export_db responder_place.db"
RUN-1001 : Exported /
RUN-1001 : Exported flow parameters
RUN-1001 : Exported libs
RUN-1001 : Exported entities
RUN-1001 : Exported ports
RUN-1001 : Exported pins
RUN-1001 : Exported instances
RUN-1001 : Exported nets
RUN-1001 : Exported buses
RUN-1001 : Exported models
RUN-1001 : Exported congestions
RUN-1001 : Exported violations
RUN-1001 : Exported IO constraints
RUN-1001 : Exported Inst constraints
RUN-1002 : start command "route"
RUN-1001 : Open license file C:/Anlogic/TD5.6.2/license/Anlogic.lic
RUN-1001 : Print Global Property
RUN-1001 : ---------------------------------------------------------------
RUN-1001 :        Parameters        |  Settings  |  Default Values  |  Note  
RUN-1001 : ---------------------------------------------------------------
RUN-1001 :          message         |  standard  |     standard     |        
RUN-1001 :   mixed_pack_place_flow  |     on     |        on        |        
RUN-1001 :        qor_monitor       |    off     |       off        |        
RUN-1001 :        syn_ip_flow       |    off     |       off        |        
RUN-1001 :          thread          |    auto    |       auto       |        
RUN-1001 : ---------------------------------------------------------------
RUN-1002 : start command "set_param route phy_sim_model on"
RUN-1001 : Print Route Property
RUN-1001 : -------------------------------------------------------
RUN-1001 :    Parameters    |  Settings  |  Default Values  |  Note  
RUN-1001 : -------------------------------------------------------
RUN-1001 :      effort      |   medium   |      medium      |        
RUN-1001 :     fix_hold     |    off     |       off        |        
RUN-1001 :    opt_timing    |   medium   |      medium      |        
RUN-1001 :   phy_sim_model  |     on     |       off        |   *    
RUN-1001 :     priority     |   timing   |      timing      |        
RUN-1001 :     swap_pin     |     on     |        on        |        
RUN-1001 : -------------------------------------------------------
PHY-1001 : Route runs in 8 thread(s)
RUN-1001 : There are total 209 instances
RUN-1001 : 84 mslices, 85 lslices, 33 pads, 0 brams, 0 dsps
RUN-1001 : There are total 478 nets
RUN-1001 : 256 nets have 2 pins
RUN-1001 : 182 nets have [3 - 5] pins
RUN-1001 : 27 nets have [6 - 10] pins
RUN-1001 : 9 nets have [11 - 20] pins
RUN-1001 : 2 nets have [21 - 99] pins
RUN-1001 : 2 nets have 100+ pins
RUN-1002 : start command "start_timer -report"
TMR-5001 WARNING: No sdc constraints found while initiating timer.
TMR-2505 : Start building timing graph for model responder.
TMR-2506 : Build timing graph completely. Port num: 11, tpin num: 1613, tnet num: 476, tinst num: 207, tnode num: 2038, tedge num: 2713.
TMR-2509 : Cut connection from U5/reg1_syn_42.d[1] to U5/reg1_syn_42.Q_q[1]_D.
TMR-2509 : Cut connection from U5/reg1_syn_42.d[0] to U5/reg1_syn_42.Q_q[0]_D.
TMR-2509 : Cut connection from U1/reg2_syn_69.d[0] to U1/reg2_syn_69.Q_q[0]_D.
TMR-2509 : Cut connection from U1/reg2_syn_71.d[0] to U1/reg2_syn_71.Q_q[0]_D.
TMR-2509 : Cut connection from U5/add0_syn_178.fci to U5/add0_syn_178.f[1].
TMR-2509 : Cut connection from U5/add0_syn_178.a[1] to U5/add0_syn_178.f[1].
TMR-2509 : Cut connection from U5/add0_syn_178.a[0] to U5/add0_syn_178.f[1].
TMR-2509 : Cut connection from U5/cnt_b[16]_syn_35.c[1] to U5/cnt_b[16]_syn_35.f[1].
TMR-2509 : Cut connection from U5/cnt_b[16]_syn_35.a[1] to U5/cnt_b[16]_syn_35.f[1].
TMR-2509 : Cut connection from U5/cnt_b[16]_syn_35.b[1] to U5/cnt_b[16]_syn_35.f[1].
TMR-2509 : Cut connection from U5/cnt_b[16]_syn_32.c[0] to U5/cnt_b[16]_syn_32.fx[0].
TMR-2509 : Cut connection from U5/cnt_b[16]_syn_32.c[1] to U5/cnt_b[16]_syn_32.fx[0].
TMR-2509 : Cut connection from U5/cnt_b[16]_syn_32.b[0] to U5/cnt_b[16]_syn_32.fx[0].
TMR-2509 : Cut connection from U5/cnt_b[16]_syn_32.b[1] to U5/cnt_b[16]_syn_32.fx[0].
TMR-2509 : Cut connection from U5/cnt_b[16]_syn_32.d[0] to U5/cnt_b[16]_syn_32.fx[0].
TMR-2509 : Cut connection from U5/cnt_b[16]_syn_32.d[1] to U5/cnt_b[16]_syn_32.fx[0].
TMR-2509 : Cut connection from U5/cnt_b[16]_syn_32.mi[0] to U5/cnt_b[16]_syn_32.fx[0].
TMR-2509 : Cut connection from U5/cnt_b[16]_syn_35.b[0] to U5/cnt_b[16]_syn_35.f[0].
TMR-2509 : Cut connection from U5/cnt_b[16]_syn_35.c[0] to U5/cnt_b[16]_syn_35.f[0].
TMR-2509 : Cut connection from U5/cnt_b[16]_syn_35.d[0] to U5/cnt_b[16]_syn_35.f[0].
TMR-2509 : Cut connection from U5/cnt_b[18]_syn_9.c[0] to U5/cnt_b[18]_syn_9.f[0].
TMR-2509 : Cut connection from U5/cnt_b[16]_syn_39.b[1] to U5/cnt_b[16]_syn_39.f[1].
TMR-2509 : Cut connection from U5/cnt_b[16]_syn_39.c[1] to U5/cnt_b[16]_syn_39.f[1].
TMR-2509 : Cut connection from U5/cnt_b[16]_syn_39.d[1] to U5/cnt_b[16]_syn_39.f[1].
TMR-2509 : Cut connection from U5/add0_syn_195.fci to U5/add0_syn_195.f[0].
TMR-2509 : Cut connection from U5/cnt_b[18]_syn_9.c[1] to U5/cnt_b[18]_syn_9.f[1].
TMR-2509 : Cut connection from U5/add0_syn_193.fci to U5/add0_syn_193.f[1].
TMR-2509 : Cut connection from U5/add0_syn_193.a[0] to U5/add0_syn_193.f[1].
TMR-2509 : Cut connection from U5/add0_syn_193.fci to U5/add0_syn_193.fco.
TMR-2509 : Cut connection from U5/add0_syn_193.a[0] to U5/add0_syn_193.fco.
TMR-2509 : Cut connection from U5/cnt_b[16]_syn_39.c[0] to U5/cnt_b[16]_syn_39.f[0].
TMR-2509 : Cut connection from U5/add0_syn_193.fci to U5/add0_syn_193.f[0].
TMR-2509 : Cut connection from U5/cnt_b[16]_syn_42.c[0] to U5/cnt_b[16]_syn_42.f[0].
TMR-2509 : Cut connection from U5/add0_syn_190.fci to U5/add0_syn_190.f[1].
TMR-2509 : Cut connection from U5/add0_syn_190.a[0] to U5/add0_syn_190.f[1].
TMR-2509 : Cut connection from U5/add0_syn_190.fci to U5/add0_syn_190.fco.
TMR-2509 : Cut connection from U5/add0_syn_190.a[0] to U5/add0_syn_190.fco.
TMR-2509 : Cut connection from U5/cnt_b[14]_syn_9.c[0] to U5/cnt_b[14]_syn_9.f[0].
TMR-2509 : Cut connection from U5/add0_syn_181.fci to U5/add0_syn_181.f[0].
TMR-2509 : Cut connection from U5/add0_syn_181.fci to U5/add0_syn_181.f[1].
TMR-2509 : Cut connection from U5/add0_syn_181.a[1] to U5/add0_syn_181.f[1].
TMR-2509 : Cut connection from U5/add0_syn_181.fci to U5/add0_syn_181.fco.
TMR-2509 : Cut connection from U5/add0_syn_184.a[0] to U5/add0_syn_184.f[0].
TMR-2509 : Cut connection from U5/add0_syn_184.a[1] to U5/add0_syn_184.f[1].
TMR-2509 : Cut connection from U5/add0_syn_187.a[0] to U5/add0_syn_187.f[0].
TMR-2509 : Cut connection from U5/cnt_b[16]_syn_42.b[1] to U5/cnt_b[16]_syn_42.f[1].
TMR-2509 : Cut connection from U5/cnt_b[16]_syn_42.a[1] to U5/cnt_b[16]_syn_42.f[1].
TMR-2509 : Cut connection from U5/add0_syn_187.a[1] to U5/add0_syn_187.f[1].
TMR-2509 : Cut connection from U5/add0_syn_190.a[0] to U5/add0_syn_190.f[0].
TMR-2509 : Cut connection from U5/cnt_b[16]_syn_37.c[0] to U5/cnt_b[16]_syn_37.f[0].
TMR-2509 : Cut connection from U5/add0_syn_175.fci to U5/add0_syn_175.f[1].
TMR-2509 : Cut connection from U5/add0_syn_175.a[0] to U5/add0_syn_175.f[1].
TMR-2509 : Cut connection from U5/add0_syn_175.fci to U5/add0_syn_175.fco.
TMR-2509 : Cut connection from U5/add0_syn_175.a[0] to U5/add0_syn_175.fco.
TMR-2509 : Cut connection from U5/add0_syn_178.a[0] to U5/add0_syn_178.f[0].
TMR-2509 : Cut connection from U5/cnt_b[0]_syn_9.c[0] to U5/cnt_b[0]_syn_9.f[0].
TMR-2509 : Cut connection from U5/add0_syn_169.a[0] to U5/add0_syn_169.f[0].
TMR-2509 : Cut connection from U5/cnt_b[16]_syn_37.a[1] to U5/cnt_b[16]_syn_37.f[1].
TMR-2509 : Cut connection from U5/cnt_b[16]_syn_37.b[1] to U5/cnt_b[16]_syn_37.f[1].
TMR-2509 : Cut connection from U5/add0_syn_169.a[1] to U5/add0_syn_169.f[1].
TMR-2509 : Cut connection from U5/add0_syn_172.a[0] to U5/add0_syn_172.f[0].
TMR-2509 : Cut connection from U5/add0_syn_172.a[1] to U5/add0_syn_172.f[1].
TMR-2509 : Cut connection from U5/add0_syn_175.a[0] to U5/add0_syn_175.f[0].
TMR-2507 : Eliminate loop in the timing graph, delete 63 tedges.
TMR-2508 : Levelizing timing graph completed, there are 29 levels in total.
TMR-2501 : Timing graph initialized successfully.
PHY-1001 : 84 mslices, 85 lslices, 33 pads, 0 brams, 0 dsps
TMR-2503 : Start to update net delay, extr mode = 3.
TMR-2504 : Update delay of 476 nets completely.
TMR-2502 : Annotate delay completely, extr mode = 3.
TMR-3002 : No user constraint, initiate default constraint.
TMR-1501 : Assign derive clock DeriveClock to 250 clock pins, and constraint 425 relative nodes.
TMR-3003 : Constraints initiated successfully.
TMR-3501 : Forward propagation: start to calculate arrival time...
TMR-3502 : Backward propagation: start to calculate required time...
TMR-3503 : Timing propagation completes.
PHY-1001 : Start global routing, caller is route ...
RUN-1001 : Generating global routing grids ...
PHY-1001 : Generate routing nets ...
PHY-1001 : Global iterations in 8 thread ...
PHY-1002 : len = 11328, over cnt = 21(0%), over = 32, worst = 4
PHY-1002 : len = 11480, over cnt = 18(0%), over = 21, worst = 2
PHY-1002 : len = 11632, over cnt = 8(0%), over = 10, worst = 2
PHY-1002 : len = 11720, over cnt = 0(0%), over = 0, worst = 0
PHY-1001 : End global iterations;  0.051720s wall, 0.015625s user + 0.000000s system = 0.015625s CPU (30.2%)

PHY-1001 : Congestion index: top1 = 13.99, top5 = 6.78, top10 = 3.87, top15 = 2.58.
PHY-1001 : End global routing;  0.099805s wall, 0.031250s user + 0.000000s system = 0.031250s CPU (31.3%)

PHY-1001 : Start detail routing ...
PHY-1001 : Current memory(MB): used = 152, reserve = 123, peak = 160.
PHY-1001 : Detailed router is running in normal mode.
PHY-1001 : Generate detailed routing grids ...
PHY-1001 : Processed IO instance DigitronCS_Out[3]_syn_2 with INV attribute.
PHY-1001 : Processed IO instance DigitronCS_Out[2]_syn_2 with INV attribute.
PHY-1001 : Processed IO instance DigitronCS_Out[1]_syn_2 with INV attribute.
PHY-1001 : Processed IO instance DigitronCS_Out[0]_syn_2 with INV attribute.
PHY-1001 : Generate nets ...
PHY-1001 : net CLK_dup_1 will be routed on clock mesh
PHY-1001 : net Set_Time_dup_1 will be routed on clock mesh
PHY-1001 : clock net U7/temp_time_n1_syn_3 will be merged with clock U7/temp_time_n1
PHY-1001 : clock net U2/CLK1_syn_4 will be merged with clock U2/CLK1
PHY-1001 : clock net U4/SingleNum_b_n4_syn_10 will be merged with clock U4/SingleNum_b_n4
PHY-1001 : clock net U4/W_DigitronCS_Out_n_syn_4 will be merged with clock U4/W_DigitronCS_Out_n
PHY-1001 : Current memory(MB): used = 421, reserve = 396, peak = 421.
PHY-1001 : End build detailed router design. 3.911310s wall, 3.375000s user + 0.062500s system = 3.437500s CPU (87.9%)

PHY-1001 : Detail Route ...
PHY-1001 : ===== Detail Route Phase 1 =====
PHY-1001 : Clock net routing.....
PHY-1001 : Routed 1% nets.
PHY-1022 : len = 14400, over cnt = 1(0%), over = 1, worst = 1, crit = 0
PHY-1001 : End initial clock net routed; 1.972840s wall, 1.703125s user + 0.000000s system = 1.703125s CPU (86.3%)

PHY-1001 : Ripup-reroute.....
PHY-1001 : ===== DR Iter 1 =====
PHY-1022 : len = 14400, over cnt = 0(0%), over = 0, worst = 0, crit = 0
PHY-1001 : End DR Iter 1; 0.367623s wall, 0.359375s user + 0.000000s system = 0.359375s CPU (97.8%)

PHY-1001 : Current memory(MB): used = 453, reserve = 429, peak = 453.
PHY-1001 : End phase 1; 2.350973s wall, 2.062500s user + 0.000000s system = 2.062500s CPU (87.7%)

PHY-1001 : ===== Detail Route Phase 2 =====
PHY-1001 : Initial routing.....
PHY-1001 : Routed 31% nets.
PHY-1001 : Routed 35% nets.
PHY-1001 : Routed 46% nets.
PHY-1001 : Routed 62% nets.
PHY-1001 : Routed 82% nets.
PHY-1022 : len = 43352, over cnt = 4(0%), over = 4, worst = 1, crit = 0
PHY-1001 : Current memory(MB): used = 453, reserve = 429, peak = 454.
PHY-1001 : End initial routed; 0.436358s wall, 0.265625s user + 0.015625s system = 0.281250s CPU (64.5%)

PHY-1001 : Current memory(MB): used = 453, reserve = 429, peak = 454.
PHY-1001 : End phase 2; 0.436429s wall, 0.265625s user + 0.015625s system = 0.281250s CPU (64.4%)

PHY-1001 : ===== Detail Route Phase 3 =====
PHY-1001 : Ripup-reroute.....
PHY-1001 : ===== DR Iter 1 =====
PHY-1022 : len = 43312, over cnt = 1(0%), over = 1, worst = 1, crit = 0
PHY-1001 : End DR Iter 1; 0.012891s wall, 0.000000s user + 0.000000s system = 0.000000s CPU (n/a%)

PHY-1001 : ===== DR Iter 2 =====
PHY-1022 : len = 43328, over cnt = 0(0%), over = 0, worst = 0, crit = 0
PHY-1001 : End DR Iter 2; 0.011041s wall, 0.000000s user + 0.000000s system = 0.000000s CPU (n/a%)

PHY-1001 : Commit to database.....
PHY-1001 : 3 feed throughs used by 3 nets
PHY-1001 : End commit to database; 0.054061s wall, 0.062500s user + 0.000000s system = 0.062500s CPU (115.6%)

PHY-1001 : Current memory(MB): used = 463, reserve = 439, peak = 463.
PHY-1001 : End phase 3; 0.201861s wall, 0.203125s user + 0.015625s system = 0.218750s CPU (108.4%)

PHY-1003 : Routed, final wirelength = 43328
PHY-1001 : Current memory(MB): used = 463, reserve = 439, peak = 463.
PHY-1001 : End export database. 0.005677s wall, 0.000000s user + 0.000000s system = 0.000000s CPU (n/a%)

PHY-1001 : End detail routing;  7.127019s wall, 6.093750s user + 0.093750s system = 6.187500s CPU (86.8%)

RUN-1003 : finish command "route" in  7.514200s wall, 6.359375s user + 0.093750s system = 6.453125s CPU (85.9%)

RUN-1004 : used memory is 425 MB, reserved memory is 399 MB, peak memory is 463 MB
RUN-1002 : start command "report_area -io_info -file responder_phy.area"
RUN-1001 : standard
***Report Model: responder Device: EG4S20BG256***

IO Statistics
#IO                        33
  #input                    7
  #output                  26
  #inout                    0

Utilization Statistics
#lut                      292   out of  19600    1.49%
#reg                      166   out of  19600    0.85%
#le                       313
  #lut only               147   out of    313   46.96%
  #reg only                21   out of    313    6.71%
  #lut&reg                145   out of    313   46.33%
#dsp                        0   out of     29    0.00%
#bram                       0   out of     64    0.00%
  #bram9k                   0
  #fifo9k                   0
#bram32k                    0   out of     16    0.00%
#pad                       33   out of    188   17.55%
  #ireg                     4
  #oreg                    14
  #treg                     0
#pll                        0   out of      4    0.00%
#gclk                       4   out of     16   25.00%

Clock Resource Statistics
Index     ClockNet                 Type               DriverType         Driver                   Fanout
#1        CLK_dup_1                GCLK               io                 CLK_syn_2.di             104
#2        U2/CLK1                  GCLK               mslice             U2/CLK1_reg_syn_38.q0    8
#3        U4/W_DigitronCS_Out_n    GCLK               lslice             U4/reg2_syn_25.f1        8
#4        Set_Time_dup_1           GCLK               io                 Set_Time_syn_2.di        4
#5        U7/temp_time_n1          GCLK               mslice             U1/reg2_syn_73.f0        3
#6        U4/SingleNum_b_n4        GCLK               mslice             U4/sel1_syn_116.f0       2


Detailed IO Report

        Name           Direction    Location    IOStandard    DriveStrength    PullType    PackReg  
         CLK             INPUT         R7        LVCMOS33          N/A          PULLUP      NONE    
      Key_In[3]          INPUT        F10        LVCMOS33          N/A          PULLUP      IREG    
      Key_In[2]          INPUT        C11        LVCMOS33          N/A          PULLUP      IREG    
      Key_In[1]          INPUT        D11        LVCMOS33          N/A          PULLUP      IREG    
      Key_In[0]          INPUT        E11        LVCMOS33          N/A          PULLUP      IREG    
        RSTn             INPUT         A9        LVCMOS33          N/A          PULLUP      NONE    
      Set_Time           INPUT        A10        LVCMOS33          N/A          PULLUP      NONE    
     Buzzer_Out         OUTPUT        H11        LVCMOS33           8            NONE       OREG    
  DigitronCS_Out[3]     OUTPUT         A3        LVCMOS33           8            NONE       OREG    
  DigitronCS_Out[2]     OUTPUT         A5        LVCMOS33           8            NONE       OREG    
  DigitronCS_Out[1]     OUTPUT         B6        LVCMOS33           8            NONE       OREG    
  DigitronCS_Out[0]     OUTPUT         C9        LVCMOS33           8            NONE       OREG    
   Digitron_Out[7]      OUTPUT         C8        LVCMOS33           8            NONE       NONE    
   Digitron_Out[6]      OUTPUT         A8        LVCMOS33           8            NONE       NONE    
   Digitron_Out[5]      OUTPUT         B5        LVCMOS33           8            NONE       NONE    
   Digitron_Out[4]      OUTPUT         A7        LVCMOS33           8            NONE       NONE    
   Digitron_Out[3]      OUTPUT         E8        LVCMOS33           8            NONE       NONE    
   Digitron_Out[2]      OUTPUT         B8        LVCMOS33           8            NONE       NONE    
   Digitron_Out[1]      OUTPUT         A6        LVCMOS33           8            NONE       NONE    
   Digitron_Out[0]      OUTPUT         A4        LVCMOS33           8            NONE       NONE    
     Key_Row[3]         OUTPUT        E10        LVCMOS33           8            NONE       NONE    
     Key_Row[2]         OUTPUT        C10        LVCMOS33           8            NONE       NONE    
     Key_Row[1]         OUTPUT         F9        LVCMOS33           8            NONE       NONE    
     Key_Row[0]         OUTPUT         D9        LVCMOS33           8            NONE       NONE    
     LED_Out[3]         OUTPUT         C2        LVCMOS33           8            NONE       OREG    
     LED_Out[2]         OUTPUT         C1        LVCMOS33           8            NONE       OREG    
     LED_Out[1]         OUTPUT         E4        LVCMOS33           8            NONE       OREG    
     LED_Out[0]         OUTPUT         D3        LVCMOS33           8            NONE       OREG    
  LED_OverTime_Out      OUTPUT        F16        LVCMOS33           8            NONE       OREG    
     LED_Run[3]         OUTPUT        C15        LVCMOS33           8            NONE       OREG    
     LED_Run[2]         OUTPUT        B16        LVCMOS33           8            NONE       OREG    
     LED_Run[1]         OUTPUT        B15        LVCMOS33           8            NONE       OREG    
     LED_Run[0]         OUTPUT        B14        LVCMOS33           8            NONE       OREG    

Report Hierarchy Area:
+-----------------------------------------------------------------------------------+
|Instance |Module              |le     |lut     |ripple  |seq     |bram    |dsp     |
+-----------------------------------------------------------------------------------+
|top      |responder           |313    |240     |52      |184     |0       |0       |
|  U1     |Sel_module          |64     |50      |7       |38      |0       |0       |
|  U2     |Timer_module        |58     |49      |7       |39      |0       |0       |
|  U3     |Buzzer_module       |41     |23      |6       |27      |0       |0       |
|  U4     |Digitron_NumDisplay |57     |48      |9       |26      |0       |0       |
|  U5     |key_filter          |39     |28      |11      |2       |0       |0       |
|  U6     |led8_module         |46     |34      |12      |27      |0       |0       |
|  U7     |countdown_module    |8      |8       |0       |7       |0       |0       |
+-----------------------------------------------------------------------------------+


DataNet Average Fanout:

   Index     Fanout    Nets  
    #1         1       223   
    #2         2       150   
    #3         3        21   
    #4         4        9    
    #5        5-10      27   
    #6       11-50      6    
    #7       51-100     1    
  Average     2.22           

RUN-1002 : start command "write_verilog simulation/responder_phy_sim.v"
HDL-1201 : write out verilog file simulation/responder_phy_sim.v
RUN-1002 : start command "export_db responder_pr.db"
RUN-1001 : Exported /
RUN-1001 : Exported flow parameters
RUN-1001 : Exported libs
RUN-1001 : Exported entities
RUN-1001 : Exported ports
RUN-1001 : Exported pins
RUN-1001 : Exported instances
RUN-1001 : Exported nets
RUN-1001 : Exported buses
RUN-1001 : Exported models
RUN-1001 : Exported congestions
RUN-1001 : Exported violations
RUN-1001 : Exported IO constraints
RUN-1001 : Exported Inst constraints
RUN-1002 : start command "start_timer"
TMR-5001 WARNING: No sdc constraints found while initiating timer.
TMR-2505 : Start building timing graph for model responder.
TMR-2506 : Build timing graph completely. Port num: 11, tpin num: 1613, tnet num: 476, tinst num: 207, tnode num: 2038, tedge num: 2713.
TMR-2509 : Cut connection from U5/reg1_syn_42.d[1] to U5/reg1_syn_42.Q_q[1]_D.
TMR-2509 : Cut connection from U5/reg1_syn_42.d[0] to U5/reg1_syn_42.Q_q[0]_D.
TMR-2509 : Cut connection from U1/reg2_syn_69.d[0] to U1/reg2_syn_69.Q_q[0]_D.
TMR-2509 : Cut connection from U1/reg2_syn_71.d[0] to U1/reg2_syn_71.Q_q[0]_D.
TMR-2509 : Cut connection from U5/cnt_b[16]_syn_42.c[0] to U5/cnt_b[16]_syn_42.f[0].
TMR-2509 : Cut connection from U5/cnt_b[16]_syn_42.d[0] to U5/cnt_b[16]_syn_42.f[0].
TMR-2509 : Cut connection from U5/cnt_b[16]_syn_39.a[1] to U5/cnt_b[16]_syn_39.f[1].
TMR-2509 : Cut connection from U5/cnt_b[16]_syn_39.b[1] to U5/cnt_b[16]_syn_39.f[1].
TMR-2509 : Cut connection from U5/cnt_b[16]_syn_39.c[1] to U5/cnt_b[16]_syn_39.f[1].
TMR-2509 : Cut connection from U5/cnt_b[16]_syn_35.b[0] to U5/cnt_b[16]_syn_35.f[0].
TMR-2509 : Cut connection from U5/cnt_b[16]_syn_35.d[0] to U5/cnt_b[16]_syn_35.f[0].
TMR-2509 : Cut connection from U5/cnt_b[16]_syn_35.a[0] to U5/cnt_b[16]_syn_35.f[0].
TMR-2509 : Cut connection from U5/cnt_b[18]_syn_9.c[0] to U5/cnt_b[18]_syn_9.f[0].
TMR-2509 : Cut connection from U5/add0_syn_195.fci to U5/add0_syn_195.f[0].
TMR-2509 : Cut connection from U5/cnt_b[18]_syn_9.c[1] to U5/cnt_b[18]_syn_9.f[1].
TMR-2509 : Cut connection from U5/add0_syn_193.fci to U5/add0_syn_193.f[1].
TMR-2509 : Cut connection from U5/add0_syn_193.a[0] to U5/add0_syn_193.f[1].
TMR-2509 : Cut connection from U5/add0_syn_193.fci to U5/add0_syn_193.fco.
TMR-2509 : Cut connection from U5/add0_syn_193.a[0] to U5/add0_syn_193.fco.
TMR-2509 : Cut connection from U5/cnt_b[16]_syn_39.c[0] to U5/cnt_b[16]_syn_39.f[0].
TMR-2509 : Cut connection from U5/add0_syn_193.fci to U5/add0_syn_193.f[0].
TMR-2509 : Cut connection from U5/cnt_b[14]_syn_9.c[0] to U5/cnt_b[14]_syn_9.f[0].
TMR-2509 : Cut connection from U5/cnt_b[16]_syn_35.a[1] to U5/cnt_b[16]_syn_35.f[1].
TMR-2509 : Cut connection from U5/cnt_b[16]_syn_35.b[1] to U5/cnt_b[16]_syn_35.f[1].
TMR-2509 : Cut connection from U5/cnt_b[16]_syn_35.d[1] to U5/cnt_b[16]_syn_35.f[1].
TMR-2509 : Cut connection from U5/cnt_b[16]_syn_32.c[0] to U5/cnt_b[16]_syn_32.fx[0].
TMR-2509 : Cut connection from U5/cnt_b[16]_syn_32.c[1] to U5/cnt_b[16]_syn_32.fx[0].
TMR-2509 : Cut connection from U5/cnt_b[16]_syn_32.b[0] to U5/cnt_b[16]_syn_32.fx[0].
TMR-2509 : Cut connection from U5/cnt_b[16]_syn_32.b[1] to U5/cnt_b[16]_syn_32.fx[0].
TMR-2509 : Cut connection from U5/cnt_b[16]_syn_32.d[0] to U5/cnt_b[16]_syn_32.fx[0].
TMR-2509 : Cut connection from U5/cnt_b[16]_syn_32.d[1] to U5/cnt_b[16]_syn_32.fx[0].
TMR-2509 : Cut connection from U5/cnt_b[16]_syn_32.mi[0] to U5/cnt_b[16]_syn_32.fx[0].
TMR-2509 : Cut connection from U5/add0_syn_181.fci to U5/add0_syn_181.f[0].
TMR-2509 : Cut connection from U5/add0_syn_181.fci to U5/add0_syn_181.f[1].
TMR-2509 : Cut connection from U5/add0_syn_181.a[1] to U5/add0_syn_181.f[1].
TMR-2509 : Cut connection from U5/add0_syn_181.fci to U5/add0_syn_181.fco.
TMR-2509 : Cut connection from U5/add0_syn_184.a[0] to U5/add0_syn_184.f[0].
TMR-2509 : Cut connection from U5/add0_syn_184.a[1] to U5/add0_syn_184.f[1].
TMR-2509 : Cut connection from U5/add0_syn_187.a[0] to U5/add0_syn_187.f[0].
TMR-2509 : Cut connection from U5/cnt_b[16]_syn_42.b[1] to U5/cnt_b[16]_syn_42.f[1].
TMR-2509 : Cut connection from U5/cnt_b[16]_syn_42.a[1] to U5/cnt_b[16]_syn_42.f[1].
TMR-2509 : Cut connection from U5/add0_syn_187.a[1] to U5/add0_syn_187.f[1].
TMR-2509 : Cut connection from U5/add0_syn_190.a[0] to U5/add0_syn_190.f[0].
TMR-2509 : Cut connection from U5/cnt_b[16]_syn_37.c[0] to U5/cnt_b[16]_syn_37.f[0].
TMR-2509 : Cut connection from U5/add0_syn_175.fci to U5/add0_syn_175.f[1].
TMR-2509 : Cut connection from U5/add0_syn_175.a[0] to U5/add0_syn_175.f[1].
TMR-2509 : Cut connection from U5/add0_syn_175.fci to U5/add0_syn_175.fco.
TMR-2509 : Cut connection from U5/add0_syn_175.a[0] to U5/add0_syn_175.fco.
TMR-2509 : Cut connection from U5/add0_syn_178.a[0] to U5/add0_syn_178.f[0].
TMR-2509 : Cut connection from U5/add0_syn_178.a[1] to U5/add0_syn_178.f[1].
TMR-2509 : Cut connection from U5/cnt_b[0]_syn_9.c[0] to U5/cnt_b[0]_syn_9.f[0].
TMR-2509 : Cut connection from U5/add0_syn_169.a[0] to U5/add0_syn_169.f[0].
TMR-2509 : Cut connection from U5/cnt_b[16]_syn_37.a[1] to U5/cnt_b[16]_syn_37.f[1].
TMR-2509 : Cut connection from U5/cnt_b[16]_syn_37.b[1] to U5/cnt_b[16]_syn_37.f[1].
TMR-2509 : Cut connection from U5/add0_syn_169.a[1] to U5/add0_syn_169.f[1].
TMR-2509 : Cut connection from U5/add0_syn_172.a[0] to U5/add0_syn_172.f[0].
TMR-2509 : Cut connection from U5/add0_syn_172.a[1] to U5/add0_syn_172.f[1].
TMR-2509 : Cut connection from U5/add0_syn_175.a[0] to U5/add0_syn_175.f[0].
TMR-2507 : Eliminate loop in the timing graph, delete 58 tedges.
TMR-2508 : Levelizing timing graph completed, there are 29 levels in total.
TMR-2501 : Timing graph initialized successfully.
RUN-1002 : start command "report_timing -mode FINAL -net_info -rpt_autogen true -file responder_phy.timing -sdf simulation/responder.sdf"
TMR-2503 : Start to update net delay, extr mode = 6.
TMR-2504 : Update delay of 476 nets completely.
TMR-2502 : Annotate delay completely, extr mode = 6.
TMR-3002 : No user constraint, initiate default constraint.
TMR-1501 : Assign derive clock DeriveClock to 250 clock pins, and constraint 425 relative nodes.
TMR-3003 : Constraints initiated successfully.
TMR-3501 : Forward propagation: start to calculate arrival time...
TMR-3502 : Backward propagation: start to calculate required time...
TMR-3503 : Timing propagation completes.
TMR-3506 : Start to generate timing report.
TMR-1502 : Number of clock constraints = 0. Number of clock nets = 6 (6 unconstrainted).
TMR-5009 WARNING: No clock constraint on 6 clock net(s): 
		CLK_dup_1
		Set_Time_dup_1
		U2/CLK1_syn_4
		U4/SingleNum_b_n4_syn_10
		U4/W_DigitronCS_Out_n_syn_4
		U7/temp_time_n1_syn_3
TMR-3508 : Export timing summary.
TMR-3507 : Timing report generated successfully in responder_phy.timing, timing summary in responder_phy.tsm.
TMR-1001 : Start to generate SDF file...
RUN-1002 : start command "write_verilog -sdf responder.sdf simulation/responder_phy_sim_sta.v"
HDL-1201 : write out verilog file simulation/responder_phy_sim_sta.v
RUN-1002 : start command "export_bid responder_inst.bid"
RUN-1002 : start command "bitgen -bit responder.bit -unused_io_status pulldown"
BIT-1003 : Start to generate bitstream. 
BIT-1002 : Bitgen processed 155 unused pads, reserve input tri_state with pulldown
BIT-1002 : Init instances with 8 threads.
BIT-1002 : Init instances completely, inst num: 362
BIT-1002 : Init pips with 8 threads.
BIT-1002 : Init pips completely, net num: 478, pip num: 3366
BIT-1002 : Init feedthrough completely, num: 3
BIT-1003 : Multithreading accelaration with 8 threads.
BIT-1003 : Generate bitstream completely, there are 717 valid insts, and 10335 bits set as '1'.
BIT-1004 : PLL setting string = 0000
BIT-1004 : Generate bits file responder.bit.
RUN-1003 : finish command "bitgen -bit responder.bit -unused_io_status pulldown" in  1.998615s wall, 3.984375s user + 0.000000s system = 3.984375s CPU (199.4%)

RUN-1004 : used memory is 434 MB, reserved memory is 410 MB, peak memory is 583 MB
RUN-1002 : start command "backup_run_log run.log ../.logs/phy_1/td_20240727_165503.log"
