============================================================
   Tang Dynasty, V5.6.71036
      Copyright (c) 2012-2023 Anlogic Inc.
   Executable = C:/Anlogic/TD5.6.2/bin/td.exe
   Built at =   20:34:38 Mar 21 2023
   Run by =     Timmy
   Run Date =   Fri Jul 26 17:21:05 2024

   Run on =     DESKTOP-A28VB3Q
============================================================
RUN-1002 : start command "open_project responder.prj"
RUN-1001 : Print Global Property
RUN-1001 : ---------------------------------------------------------------
RUN-1001 :        Parameters        |  Settings  |  Default Values  |  Note  
RUN-1001 : ---------------------------------------------------------------
RUN-1001 :          message         |  standard  |     standard     |        
RUN-1001 :   mixed_pack_place_flow  |     on     |        on        |        
RUN-1001 :        qor_monitor       |    off     |       off        |        
RUN-1001 :        syn_ip_flow       |    off     |       off        |        
RUN-1001 :          thread          |    auto    |       auto       |        
RUN-1001 : ---------------------------------------------------------------
RUN-1001 : Print Design Property
RUN-1001 : --------------------------------------------------------------
RUN-1001 :        Parameters       |  Settings  |  Default Values  |  Note  
RUN-1001 : --------------------------------------------------------------
RUN-1001 :   default_reg_initial   |    auto    |       auto       |        
RUN-1001 :        infer_add        |     on     |        on        |        
RUN-1001 :        infer_fsm        |    off     |       off        |        
RUN-1001 :        infer_mult       |     on     |        on        |        
RUN-1001 :        infer_ram        |     on     |        on        |        
RUN-1001 :        infer_reg        |     on     |        on        |        
RUN-1001 :   infer_reg_init_value  |     on     |        on        |        
RUN-1001 :        infer_rom        |     on     |        on        |        
RUN-1001 :      infer_shifter      |     on     |        on        |        
RUN-1001 : --------------------------------------------------------------
RUN-1001 : Print Rtl Property
RUN-1001 : --------------------------------------------------------------
RUN-1001 :        Parameters       |  Settings  |  Default Values  |  Note  
RUN-1001 : --------------------------------------------------------------
RUN-1001 :       compress_add      |   ripple   |      ripple      |        
RUN-1001 :        elf_sload        |    off     |       off        |        
RUN-1001 :       fix_undriven      |     0      |        0         |        
RUN-1001 :         flatten         |    off     |       off        |        
RUN-1001 :       gate_sharing      |     on     |        on        |        
RUN-1001 :    hdl_warning_level    |   normal   |      normal      |        
RUN-1001 :   impl_internal_tribuf  |     on     |        on        |        
RUN-1001 :      impl_set_reset     |     on     |        on        |        
RUN-1001 :        infer_gsr        |    off     |       off        |        
RUN-1001 :      keep_hierarchy     |    auto    |       auto       |        
RUN-1001 :        max_fanout       |    9999    |       9999       |        
RUN-1001 :      max_oh2bin_len     |     10     |        10        |        
RUN-1001 :       merge_equal       |     on     |        on        |        
RUN-1001 :       merge_equiv       |     on     |        on        |        
RUN-1001 :        merge_mux        |    off     |       off        |        
RUN-1001 :     min_control_set     |     8      |        8         |        
RUN-1001 :      min_ripple_len     |    auto    |       auto       |        
RUN-1001 :       oh2bin_ratio      |    0.08    |       0.08       |        
RUN-1001 :     opt_adder_fanout    |     on     |        on        |        
RUN-1001 :        opt_arith        |     on     |        on        |        
RUN-1001 :       opt_big_gate      |    off     |       off        |        
RUN-1001 :        opt_const        |     on     |        on        |        
RUN-1001 :      opt_const_mult     |     on     |        on        |        
RUN-1001 :       opt_lessthan      |     on     |        on        |        
RUN-1001 :         opt_mux         |    off     |       off        |        
RUN-1001 :         opt_ram         |    high    |       high       |        
RUN-1001 :      rtl_sim_model      |    off     |       off        |        
RUN-1001 :         seq_syn         |     on     |        on        |        
RUN-1001 : --------------------------------------------------------------
HDL-1007 : analyze verilog file ../../responder.v
HDL-1007 : analyze verilog file ../../Sel_module.v
HDL-1007 : analyze verilog file ../../Timer_module.v
HDL-1007 : analyze verilog file ../../Buzzer_module.v
HDL-1007 : analyze verilog file ../../Digitron_NumDisplay.v
HDL-1007 : analyze verilog file ../../key_filter.v
HDL-1007 : analyze verilog file ../../../../1 run_led/run_led/led8_module.v
RUN-1001 : Project manager successfully analyzed 7 source files.
RUN-1002 : start command "import_device eagle_s20.db -package EG4S20BG256"
ARC-1001 : Device Initialization.
ARC-1001 : ------------------------------------------------------------------
ARC-1001 :            OPTION            |          IO          |   SETTING   
ARC-1001 : ------------------------------------------------------------------
ARC-1001 :   cso_b/cclk/mosi/miso/dout  |  T3/R11/T10/P10/S11  |    gpio    
ARC-1001 :             done             |         P13          |    gpio    
ARC-1001 :           program_b          |          T2          |  dedicate  
ARC-1001 :        tdi/tms/tck/tdo       |   C12/A15/C14/E14    |  dedicate  
ARC-1001 : ------------------------------------------------------------------
ARC-1004 : Device setting, marked 5 dedicate IOs in total.
RUN-1002 : start command "import_db ../syn_1/responder_gate.db"
RUN-1001 : Importing database generated by Tang Dynasty, V5.6.71036.
RUN-1001 : Database version number 46146.
RUN-1001 : Import flow parameters
RUN-1001 : Import IO constraints
RUN-1001 : Import Inst constraints
RUN-1001 : Import design success TD_VERSION=5.6.71036 , DB_VERSION=46146
RUN-1002 : start command "place"
RUN-1001 : Open license file C:/Anlogic/TD5.6.2/license/Anlogic.lic
RUN-1001 : Print Global Property
RUN-1001 : ---------------------------------------------------------------
RUN-1001 :        Parameters        |  Settings  |  Default Values  |  Note  
RUN-1001 : ---------------------------------------------------------------
RUN-1001 :          message         |  standard  |     standard     |        
RUN-1001 :   mixed_pack_place_flow  |     on     |        on        |        
RUN-1001 :        qor_monitor       |    off     |       off        |        
RUN-1001 :        syn_ip_flow       |    off     |       off        |        
RUN-1001 :          thread          |    auto    |       auto       |        
RUN-1001 : ---------------------------------------------------------------
RUN-1001 : Print Place Property
RUN-1001 : --------------------------------------------------------------
RUN-1001 :        Parameters       |  Settings  |  Default Values  |  Note  
RUN-1001 : --------------------------------------------------------------
RUN-1001 :      detailed_place     |     on     |        on        |        
RUN-1001 :          effort         |   medium   |      medium      |        
RUN-1001 :         fix_hold        |    off     |       off        |        
RUN-1001 :       legalization      |    ori     |       ori        |        
RUN-1001 :      new_spreading      |     on     |        on        |        
RUN-1001 :        opt_timing       |   medium   |      medium      |        
RUN-1001 :   post_clock_route_opt  |    off     |       off        |        
RUN-1001 :       pr_strategy       |     1      |        1         |        
RUN-1001 :        relaxation       |    1.00    |       1.00       |        
RUN-1001 :         retiming        |    off     |       off        |        
RUN-1001 : --------------------------------------------------------------
PHY-3001 : Placer runs in 8 thread(s).
RUN-1002 : start command "legalize_phy_inst"
SYN-1011 : Flatten model responder
RUN-1002 : start command "phys_opt -simplify_lut"
SYN-4024 : Net "CLK_dup_1" drives clk pins.
SYN-4024 : Net "U4/W_Digitron_Out_n" drives clk pins.
SYN-4024 : Net "U2/CLK1" drives clk pins.
SYN-4024 : Net "U4/W_DigitronCS_Out_n" drives clk pins.
SYN-4024 : Net "U4/SingleNum_b_n4" drives clk pins.
SYN-4025 : Tag rtl::Net CLK_dup_1 as clock net
SYN-4025 : Tag rtl::Net U2/CLK1 as clock net
SYN-4025 : Tag rtl::Net U4/SingleNum_b_n4 as clock net
SYN-4025 : Tag rtl::Net U4/W_DigitronCS_Out_n as clock net
SYN-4025 : Tag rtl::Net U4/W_Digitron_Out_n as clock net
SYN-4026 : Tagged 5 rtl::Net as clock net
SYN-4015 : Create BUFG instance for clk Net U2/CLK1 to drive 11 clock pins.
SYN-4015 : Create BUFG instance for clk Net U4/W_DigitronCS_Out_n to drive 8 clock pins.
SYN-4015 : Create BUFG instance for clk Net U4/W_Digitron_Out_n to drive 7 clock pins.
SYN-4015 : Create BUFG instance for clk Net U4/SingleNum_b_n4 to drive 4 clock pins.
PHY-1001 : Populate physical database on model responder.
RUN-1001 : There are total 416 instances
RUN-0007 : 177 luts, 147 seqs, 32 mslices, 20 lslices, 33 pads, 0 brams, 0 dsps
RUN-1001 : There are total 547 nets
RUN-1001 : 320 nets have 2 pins
RUN-1001 : 190 nets have [3 - 5] pins
RUN-1001 : 25 nets have [6 - 10] pins
RUN-1001 : 4 nets have [11 - 20] pins
RUN-1001 : 6 nets have [21 - 99] pins
RUN-1001 : 2 nets have 100+ pins
RUN-1001 : Report Control nets information:
RUN-1001 : DFF Distribution
RUN-1001 : ----------------------------------
RUN-1001 :   CE   |  SSR  |  ASR  |  DFF Count  
RUN-1001 : ----------------------------------
RUN-1001 :   No   |  No   |  No   |     28      
RUN-1001 :   No   |  No   |  Yes  |     57      
RUN-1001 :   No   |  Yes  |  No   |     29      
RUN-1001 :   Yes  |  No   |  No   |      0      
RUN-1001 :   Yes  |  No   |  Yes  |     33      
RUN-1001 :   Yes  |  Yes  |  No   |      0      
RUN-1001 : ----------------------------------
RUN-0007 : Control Group Statistic
RUN-0007 : ---------------------------
RUN-0007 :   #CLK  |  #CE  |  #SSR/ASR  
RUN-0007 : ---------------------------
RUN-0007 :    4    |   3   |     5      
RUN-0007 : ---------------------------
RUN-0007 : Control Set = 10
PHY-3001 : Initial placement ...
PHY-3001 : design contains 414 instances, 177 luts, 147 seqs, 52 slices, 6 macros(52 instances: 32 mslices 20 lslices)
PHY-0007 : Cell area utilization is 1%
PHY-3001 : Global placement ...
PHY-3001 : Initial: Len = 119436
PHY-3001 : Clustering ...
PHY-3001 : Level 0 #clusters 414.
PHY-3001 : End clustering;  0.000013s wall, 0.000000s user + 0.000000s system = 0.000000s CPU (n/a%)

PHY-3001 : Run with size of 4
PHY-3001 : Cell area utilization is 1%
PHY-3001 : :::0::: Try harder cell spreading with beta_ = 0
PHY-3002 : Step(1): len = 75211.1, overlap = 0
PHY-3002 : Step(2): len = 52800.1, overlap = 0
PHY-3002 : Step(3): len = 38706.4, overlap = 0
PHY-3002 : Step(4): len = 30065, overlap = 0
PHY-3002 : Step(5): len = 24923.2, overlap = 0
PHY-3002 : Step(6): len = 24480.1, overlap = 0
PHY-3002 : Step(7): len = 21659.3, overlap = 0
PHY-3002 : Step(8): len = 20106.9, overlap = 0
PHY-3002 : Step(9): len = 20955, overlap = 0
PHY-3002 : Step(10): len = 18546.9, overlap = 0
PHY-3002 : Step(11): len = 16967.6, overlap = 0
PHY-3002 : Step(12): len = 17153, overlap = 0
PHY-3002 : Step(13): len = 15874.4, overlap = 0
PHY-3002 : Step(14): len = 15468.2, overlap = 0
PHY-3002 : Step(15): len = 15544.4, overlap = 0
PHY-3002 : Step(16): len = 15373.7, overlap = 0
PHY-3002 : Step(17): len = 15018.3, overlap = 0
PHY-3002 : Step(18): len = 14097.6, overlap = 0
PHY-3002 : Step(19): len = 14209.8, overlap = 0
PHY-3002 : Step(20): len = 14096.7, overlap = 0
PHY-3002 : Step(21): len = 13345.8, overlap = 0
PHY-3002 : Step(22): len = 13440, overlap = 0
PHY-3002 : Step(23): len = 13885.3, overlap = 0
PHY-3002 : Step(24): len = 12714.5, overlap = 0
PHY-3002 : Step(25): len = 12680, overlap = 0
PHY-3002 : Step(26): len = 12943.6, overlap = 0
PHY-3002 : Step(27): len = 11861.8, overlap = 0
PHY-3002 : Step(28): len = 11393.9, overlap = 0
PHY-3002 : Step(29): len = 11612.3, overlap = 0
PHY-3002 : Step(30): len = 11364.6, overlap = 0
PHY-3002 : Step(31): len = 11454.7, overlap = 0
PHY-3002 : Step(32): len = 11740.9, overlap = 0
PHY-3002 : Step(33): len = 11141.4, overlap = 0
PHY-3002 : Step(34): len = 11206.1, overlap = 0
PHY-3002 : Step(35): len = 10420.7, overlap = 0
PHY-3002 : Step(36): len = 10528.6, overlap = 0
PHY-3002 : Step(37): len = 10597.9, overlap = 0
PHY-3002 : Step(38): len = 10248.4, overlap = 0
PHY-3002 : Step(39): len = 9594.6, overlap = 0
PHY-3002 : Step(40): len = 9253.1, overlap = 0
PHY-3002 : Step(41): len = 9253.1, overlap = 0
PHY-3002 : Step(42): len = 8627.7, overlap = 0
PHY-3002 : Step(43): len = 8627.7, overlap = 0
PHY-3002 : Step(44): len = 8522.5, overlap = 0
PHY-3001 : Legalization ...
PHY-3001 : End legalization;  0.006060s wall, 0.000000s user + 0.000000s system = 0.000000s CPU (n/a%)

PHY-3001 : Run with size of 4
PHY-3001 : Cell area utilization is 1%
PHY-3001 : :::0::: Try harder cell spreading with beta_ = 0
PHY-3002 : Step(45): len = 8517.8, overlap = 0
PHY-3002 : Step(46): len = 8549.9, overlap = 0
PHY-3002 : Step(47): len = 8703.7, overlap = 0
PHY-3002 : Step(48): len = 8791.2, overlap = 0
PHY-3002 : Step(49): len = 8521.6, overlap = 0
PHY-3002 : Step(50): len = 8700.5, overlap = 0
PHY-3002 : Step(51): len = 8772, overlap = 0
PHY-3002 : Step(52): len = 8549.5, overlap = 0
PHY-3002 : Step(53): len = 8675.2, overlap = 0
PHY-3002 : Step(54): len = 9023.6, overlap = 0
PHY-3002 : Step(55): len = 9249, overlap = 0
PHY-3002 : Step(56): len = 8697.8, overlap = 0
PHY-3002 : Step(57): len = 8891.7, overlap = 0
PHY-3002 : Step(58): len = 8571.6, overlap = 0
PHY-3002 : Step(59): len = 8690.6, overlap = 0
PHY-3002 : Step(60): len = 8193.7, overlap = 0
PHY-3002 : Step(61): len = 8352.7, overlap = 0
PHY-3002 : Step(62): len = 8024.5, overlap = 0
PHY-3002 : Step(63): len = 8266.9, overlap = 0
PHY-3002 : Step(64): len = 8296.2, overlap = 0
PHY-3002 : Step(65): len = 7933.6, overlap = 0
PHY-3002 : Step(66): len = 7888.9, overlap = 0
PHY-3002 : Step(67): len = 7831, overlap = 0
PHY-3002 : Step(68): len = 7085.7, overlap = 0
PHY-3002 : Step(69): len = 6997.9, overlap = 0
PHY-3002 : Step(70): len = 6929.9, overlap = 0
PHY-3002 : Step(71): len = 6551.3, overlap = 0
PHY-3002 : Step(72): len = 6622.2, overlap = 0
PHY-3002 : Step(73): len = 6650.9, overlap = 0
PHY-3001 : Run with size of 2
PHY-3001 : Cell area utilization is 1%
PHY-3001 : :::0::: Try harder cell spreading with beta_ = 0.00201032
PHY-3002 : Step(74): len = 6445.6, overlap = 3.5
PHY-3002 : Step(75): len = 6399.3, overlap = 3.375
PHY-3002 : Step(76): len = 6161, overlap = 3.6875
PHY-3001 : :::1::: Try harder cell spreading with beta_ = 0.00402063
PHY-3002 : Step(77): len = 6151.9, overlap = 3.40625
PHY-3002 : Step(78): len = 6151.9, overlap = 3.40625
OPT-1001 : Start physical optimization ...
OPT-1001 : Total overflow 17.03 peak overflow 1.69
OPT-1001 : Start high-fanout net optimization ...
OPT-1001 : Update timing in global mode
PHY-1001 : Start incremental global routing, caller is place ...
RUN-1001 : Generating global routing grids ...
RUN-1001 : Building simple global routing graph ...
PHY-1001 : Generate routing nets ...
PHY-1001 : Reuse net number 0/547.
PHY-1001 : Global iterations in 8 thread ...
PHY-1002 : len = 6752, over cnt = 17(0%), over = 66, worst = 10
PHY-1001 : End global iterations;  0.026838s wall, 0.031250s user + 0.000000s system = 0.031250s CPU (116.4%)

PHY-1001 : Congestion index: top1 = 11.98, top5 = 4.66, top10 = 2.46, top15 = 1.64.
PHY-1001 : End incremental global routing;  0.089862s wall, 0.078125s user + 0.000000s system = 0.078125s CPU (86.9%)

RUN-1002 : start command "start_timer -report"
TMR-5001 WARNING: No sdc constraints found while initiating timer.
TMR-2505 : Start building timing graph for model responder.
TMR-2506 : Build timing graph completely. Port num: 11, tpin num: 1895, tnet num: 545, tinst num: 414, tnode num: 2464, tedge num: 3043.
TMR-2508 : Levelizing timing graph completed, there are 29 levels in total.
TMR-2501 : Timing graph initialized successfully.
OPT-1001 : End timing update;  0.247254s wall, 0.140625s user + 0.000000s system = 0.140625s CPU (56.9%)

OPT-1001 : 0 high-fanout net processed.
OPT-1001 : End high-fanout net optimization;  0.341912s wall, 0.218750s user + 0.000000s system = 0.218750s CPU (64.0%)

OPT-1001 : Current memory(MB): used = 135, reserve = 107, peak = 135.
OPT-1001 : End physical optimization;  0.348123s wall, 0.218750s user + 0.000000s system = 0.218750s CPU (62.8%)

PHY-3001 : Start packing ...
SYN-4007 : Packing 0 MUX to BLE ...
SYN-4008 : Packed 0 MUX and 0 SEQ to BLE.
SYN-4007 : Packing 177 LUT to BLE ...
SYN-4008 : Packed 177 LUT and 85 SEQ to BLE.
SYN-4003 : Packing 62 remaining SEQ's ...
SYN-4005 : Packed 46 SEQ with LUT/SLICE
SYN-4006 : 52 single LUT's are left
SYN-4006 : 16 single SEQ's are left
SYN-4011 : Packing model "responder" (AL_USER_NORMAL) with 193/285 primitive instances ...
PHY-3001 : End packing;  0.012616s wall, 0.031250s user + 0.000000s system = 0.031250s CPU (247.7%)

PHY-1001 : Populate physical database on model responder.
RUN-1001 : There are total 197 instances
RUN-1001 : 78 mslices, 79 lslices, 33 pads, 0 brams, 0 dsps
RUN-1001 : There are total 471 nets
RUN-1001 : 253 nets have 2 pins
RUN-1001 : 179 nets have [3 - 5] pins
RUN-1001 : 28 nets have [6 - 10] pins
RUN-1001 : 5 nets have [11 - 20] pins
RUN-1001 : 4 nets have [21 - 99] pins
RUN-1001 : 2 nets have 100+ pins
PHY-3001 : design contains 195 instances, 157 slices, 6 macros(52 instances: 32 mslices 20 lslices)
PHY-3001 : Cell area utilization is 2%
PHY-3001 : After packing: Len = 6521, Over = 7.25
PHY-3001 : Run with size of 2
PHY-3001 : Cell area utilization is 2%
PHY-3001 : :::0::: Try harder cell spreading with beta_ = 0.000132393
PHY-3002 : Step(79): len = 6407.6, overlap = 7.25
PHY-3002 : Step(80): len = 6416.8, overlap = 6.75
PHY-3002 : Step(81): len = 6415.3, overlap = 6.5
PHY-3001 : :::1::: Try harder cell spreading with beta_ = 0.000264786
PHY-3002 : Step(82): len = 6371, overlap = 6.25
PHY-3002 : Step(83): len = 6374.5, overlap = 5.75
PHY-3002 : Step(84): len = 6374.5, overlap = 5.75
PHY-3001 : :::2::: Try harder cell spreading with beta_ = 0.000529573
PHY-3002 : Step(85): len = 6409.3, overlap = 5.75
PHY-3002 : Step(86): len = 6430.2, overlap = 5.75
PHY-3001 : Legalization ...
PHY-3001 : End legalization;  0.053091s wall, 0.000000s user + 0.000000s system = 0.000000s CPU (n/a%)

PHY-3001 : Trial Legalized: Len = 9631.3
PHY-3001 : Run with size of 2
PHY-3001 : Cell area utilization is 2%
PHY-3001 : :::0::: Try harder cell spreading with beta_ = 0
PHY-3002 : Step(87): len = 7570.9, overlap = 2
PHY-3002 : Step(88): len = 6821.6, overlap = 3.75
PHY-3002 : Step(89): len = 6424.1, overlap = 4.25
PHY-3002 : Step(90): len = 6406.2, overlap = 4.5
PHY-3002 : Step(91): len = 6406.2, overlap = 4.5
PHY-3001 : :::1::: Try harder cell spreading with beta_ = 0.00243569
PHY-3002 : Step(92): len = 6347.3, overlap = 4.5
PHY-3002 : Step(93): len = 6302.3, overlap = 4.5
PHY-3001 : Legalization ...
PHY-3001 : End legalization;  0.005176s wall, 0.000000s user + 0.000000s system = 0.000000s CPU (n/a%)

PHY-3001 : Legalized: Len = 8305.9, Over = 0
PHY-3001 : Spreading special nets. 1 overflows in 2952 tiles.
PHY-3001 : End spreading;  0.003235s wall, 0.000000s user + 0.000000s system = 0.000000s CPU (n/a%)

PHY-3001 : 1 instances has been re-located, deltaX = 0, deltaY = 1, maxDist = 1.
PHY-3001 : Final: Len = 8305.9, Over = 0
OPT-1001 : Start physical optimization ...
OPT-1001 : Total overflow 0.00 peak overflow 0.00
OPT-1001 : Start high-fanout net optimization ...
OPT-1001 : Update timing in global mode
PHY-1001 : Start incremental global routing, caller is place ...
RUN-1001 : Generating global routing grids ...
PHY-1001 : Generate routing nets ...
PHY-1001 : Reuse net number 26/471.
PHY-1001 : Global iterations in 8 thread ...
PHY-1002 : len = 9024, over cnt = 21(0%), over = 35, worst = 3
PHY-1002 : len = 9328, over cnt = 9(0%), over = 9, worst = 1
PHY-1002 : len = 9464, over cnt = 0(0%), over = 0, worst = 0
PHY-1001 : End global iterations;  0.043699s wall, 0.000000s user + 0.000000s system = 0.000000s CPU (n/a%)

PHY-1001 : Congestion index: top1 = 14.61, top5 = 6.52, top10 = 3.46, top15 = 2.31.
PHY-1001 : End incremental global routing;  0.093044s wall, 0.031250s user + 0.015625s system = 0.046875s CPU (50.4%)

RUN-1002 : start command "start_timer -report"
TMR-5001 WARNING: No sdc constraints found while initiating timer.
TMR-2505 : Start building timing graph for model responder.
TMR-2506 : Build timing graph completely. Port num: 11, tpin num: 1626, tnet num: 469, tinst num: 195, tnode num: 2079, tedge num: 2734.
TMR-2508 : Levelizing timing graph completed, there are 27 levels in total.
TMR-2501 : Timing graph initialized successfully.
OPT-1001 : End timing update;  0.262465s wall, 0.156250s user + 0.000000s system = 0.156250s CPU (59.5%)

OPT-1001 : 0 high-fanout net processed.
OPT-1001 : End high-fanout net optimization;  0.361096s wall, 0.187500s user + 0.015625s system = 0.203125s CPU (56.3%)

OPT-1001 : Current memory(MB): used = 137, reserve = 108, peak = 137.
OPT-1001 : Update timing in Manhattan mode
OPT-1001 : End timing update;  0.000366s wall, 0.000000s user + 0.000000s system = 0.000000s CPU (n/a%)

OPT-1001 : Start pin optimization...
OPT-1001 : skip pin optimization...
RUN-1001 : Generating global routing grids ...
PHY-1001 : Generate routing nets ...
PHY-1001 : Reuse net number 351/471.
PHY-1001 : Global iterations in 8 thread ...
PHY-1002 : len = 9464, over cnt = 0(0%), over = 0, worst = 0
PHY-1001 : End global iterations;  0.002197s wall, 0.000000s user + 0.000000s system = 0.000000s CPU (n/a%)

PHY-1001 : Congestion index: top1 = 14.61, top5 = 6.52, top10 = 3.46, top15 = 2.31.
OPT-1001 : Update timing in Manhattan mode
OPT-1001 : End timing update;  0.000587s wall, 0.000000s user + 0.000000s system = 0.000000s CPU (n/a%)

RUN-1001 : QoR Analysis:
OPT-0007 :   WNS 2147483647 TNS 0 NUM_FEPS 0
RUN-1001 :   No local congestion issue, and most congested 1% tile average routing util is 14.172414
RUN-1001 :   Top critical paths
OPT-1001 : End physical optimization;  0.417240s wall, 0.234375s user + 0.015625s system = 0.250000s CPU (59.9%)

RUN-1003 : finish command "place" in  2.353315s wall, 1.343750s user + 0.296875s system = 1.640625s CPU (69.7%)

RUN-1004 : used memory is 133 MB, reserved memory is 104 MB, peak memory is 137 MB
RUN-1002 : start command "export_db responder_place.db"
RUN-1001 : Exported /
RUN-1001 : Exported flow parameters
RUN-1001 : Exported libs
RUN-1001 : Exported entities
RUN-1001 : Exported ports
RUN-1001 : Exported pins
RUN-1001 : Exported instances
RUN-1001 : Exported nets
RUN-1001 : Exported buses
RUN-1001 : Exported models
RUN-1001 : Exported congestions
RUN-1001 : Exported violations
RUN-1001 : Exported IO constraints
RUN-1001 : Exported Inst constraints
RUN-1002 : start command "route"
RUN-1001 : Open license file C:/Anlogic/TD5.6.2/license/Anlogic.lic
RUN-1001 : Print Global Property
RUN-1001 : ---------------------------------------------------------------
RUN-1001 :        Parameters        |  Settings  |  Default Values  |  Note  
RUN-1001 : ---------------------------------------------------------------
RUN-1001 :          message         |  standard  |     standard     |        
RUN-1001 :   mixed_pack_place_flow  |     on     |        on        |        
RUN-1001 :        qor_monitor       |    off     |       off        |        
RUN-1001 :        syn_ip_flow       |    off     |       off        |        
RUN-1001 :          thread          |    auto    |       auto       |        
RUN-1001 : ---------------------------------------------------------------
RUN-1002 : start command "set_param route phy_sim_model on"
RUN-1001 : Print Route Property
RUN-1001 : -------------------------------------------------------
RUN-1001 :    Parameters    |  Settings  |  Default Values  |  Note  
RUN-1001 : -------------------------------------------------------
RUN-1001 :      effort      |   medium   |      medium      |        
RUN-1001 :     fix_hold     |    off     |       off        |        
RUN-1001 :    opt_timing    |   medium   |      medium      |        
RUN-1001 :   phy_sim_model  |     on     |       off        |   *    
RUN-1001 :     priority     |   timing   |      timing      |        
RUN-1001 :     swap_pin     |     on     |        on        |        
RUN-1001 : -------------------------------------------------------
PHY-1001 : Route runs in 8 thread(s)
RUN-1001 : There are total 197 instances
RUN-1001 : 78 mslices, 79 lslices, 33 pads, 0 brams, 0 dsps
RUN-1001 : There are total 471 nets
RUN-1001 : 253 nets have 2 pins
RUN-1001 : 179 nets have [3 - 5] pins
RUN-1001 : 28 nets have [6 - 10] pins
RUN-1001 : 5 nets have [11 - 20] pins
RUN-1001 : 4 nets have [21 - 99] pins
RUN-1001 : 2 nets have 100+ pins
RUN-1002 : start command "start_timer -report"
TMR-5001 WARNING: No sdc constraints found while initiating timer.
TMR-2505 : Start building timing graph for model responder.
TMR-2506 : Build timing graph completely. Port num: 11, tpin num: 1626, tnet num: 469, tinst num: 195, tnode num: 2079, tedge num: 2734.
TMR-2508 : Levelizing timing graph completed, there are 27 levels in total.
TMR-2501 : Timing graph initialized successfully.
PHY-1001 : 78 mslices, 79 lslices, 33 pads, 0 brams, 0 dsps
TMR-2503 : Start to update net delay, extr mode = 3.
TMR-2504 : Update delay of 469 nets completely.
TMR-2502 : Annotate delay completely, extr mode = 3.
TMR-3002 : No user constraint, initiate default constraint.
TMR-1501 : Assign derive clock DeriveClock to 262 clock pins, and constraint 453 relative nodes.
TMR-3003 : Constraints initiated successfully.
TMR-3501 : Forward propagation: start to calculate arrival time...
TMR-3502 : Backward propagation: start to calculate required time...
TMR-3503 : Timing propagation completes.
PHY-1001 : Start global routing, caller is route ...
RUN-1001 : Generating global routing grids ...
PHY-1001 : Generate routing nets ...
PHY-1001 : Global iterations in 8 thread ...
PHY-1002 : len = 8968, over cnt = 21(0%), over = 33, worst = 3
PHY-1002 : len = 9232, over cnt = 10(0%), over = 10, worst = 1
PHY-1002 : len = 9392, over cnt = 0(0%), over = 0, worst = 0
PHY-1001 : End global iterations;  0.047008s wall, 0.000000s user + 0.000000s system = 0.000000s CPU (n/a%)

PHY-1001 : Congestion index: top1 = 14.57, top5 = 6.51, top10 = 3.44, top15 = 2.29.
PHY-1001 : End global routing;  0.095812s wall, 0.015625s user + 0.000000s system = 0.015625s CPU (16.3%)

PHY-1001 : Start detail routing ...
PHY-1001 : Current memory(MB): used = 156, reserve = 128, peak = 158.
PHY-1001 : Detailed router is running in normal mode.
PHY-1001 : Generate detailed routing grids ...
PHY-1001 : Processed IO instance DigitronCS_Out[3]_syn_2 with INV attribute.
PHY-1001 : Processed IO instance DigitronCS_Out[2]_syn_2 with INV attribute.
PHY-1001 : Processed IO instance DigitronCS_Out[1]_syn_2 with INV attribute.
PHY-1001 : Processed IO instance DigitronCS_Out[0]_syn_2 with INV attribute.
PHY-1001 : Processed IO instance Digitron_Out[6]_syn_2 with INV attribute.
PHY-1001 : Processed IO instance Digitron_Out[5]_syn_2 with INV attribute.
PHY-1001 : Processed IO instance Digitron_Out[4]_syn_2 with INV attribute.
PHY-1001 : Processed IO instance Digitron_Out[3]_syn_2 with INV attribute.
PHY-1001 : Processed IO instance Digitron_Out[2]_syn_2 with INV attribute.
PHY-1001 : Processed IO instance Digitron_Out[1]_syn_2 with INV attribute.
PHY-1001 : Processed IO instance Digitron_Out[0]_syn_2 with INV attribute.
PHY-1001 : Generate nets ...
PHY-1001 : net CLK_dup_1 will be routed on clock mesh
PHY-1001 : clock net U2/CLK1_syn_4 will be merged with clock U2/CLK1
PHY-1001 : clock net U4/SingleNum_b_n4_syn_10 will be merged with clock U4/SingleNum_b_n4
PHY-1001 : clock net U4/W_DigitronCS_Out_n_syn_4 will be merged with clock U4/W_DigitronCS_Out_n
PHY-1001 : clock net U4/W_Digitron_Out_n_syn_2 will be merged with clock U4/W_Digitron_Out_n
PHY-1001 : Current memory(MB): used = 420, reserve = 396, peak = 420.
PHY-1001 : End build detailed router design. 4.059275s wall, 2.328125s user + 0.031250s system = 2.359375s CPU (58.1%)

PHY-1001 : Detail Route ...
PHY-1001 : ===== Detail Route Phase 1 =====
PHY-1001 : Clock net routing.....
PHY-1001 : Routed 1% nets.
PHY-1022 : len = 14840, over cnt = 0(0%), over = 0, worst = 0, crit = 0
PHY-1001 : End initial clock net routed; 1.506543s wall, 0.812500s user + 0.000000s system = 0.812500s CPU (53.9%)

PHY-1001 : Current memory(MB): used = 451, reserve = 427, peak = 451.
PHY-1001 : End phase 1; 1.512702s wall, 0.843750s user + 0.000000s system = 0.843750s CPU (55.8%)

PHY-1001 : ===== Detail Route Phase 2 =====
PHY-1001 : Initial routing.....
PHY-1001 : Routed 35% nets.
PHY-1001 : Routed 40% nets.
PHY-1001 : Routed 48% nets.
PHY-1001 : Routed 64% nets.
PHY-1001 : Routed 81% nets.
PHY-1022 : len = 35776, over cnt = 5(0%), over = 5, worst = 1, crit = 0
PHY-1001 : Current memory(MB): used = 451, reserve = 427, peak = 451.
PHY-1001 : End initial routed; 0.254810s wall, 0.093750s user + 0.015625s system = 0.109375s CPU (42.9%)

PHY-1001 : Current memory(MB): used = 451, reserve = 427, peak = 451.
PHY-1001 : End phase 2; 0.254865s wall, 0.093750s user + 0.015625s system = 0.109375s CPU (42.9%)

PHY-1001 : ===== Detail Route Phase 3 =====
PHY-1001 : Ripup-reroute.....
PHY-1001 : ===== DR Iter 1 =====
PHY-1022 : len = 35808, over cnt = 0(0%), over = 0, worst = 0, crit = 0
PHY-1001 : End DR Iter 1; 0.012024s wall, 0.000000s user + 0.000000s system = 0.000000s CPU (n/a%)

PHY-1001 : Commit to database.....
PHY-1001 : 1 feed throughs used by 1 nets
PHY-1001 : End commit to database; 0.051182s wall, 0.046875s user + 0.000000s system = 0.046875s CPU (91.6%)

PHY-1001 : Current memory(MB): used = 461, reserve = 437, peak = 461.
PHY-1001 : End phase 3; 0.191995s wall, 0.140625s user + 0.000000s system = 0.140625s CPU (73.2%)

PHY-1003 : Routed, final wirelength = 35808
PHY-1001 : Current memory(MB): used = 461, reserve = 437, peak = 461.
PHY-1001 : End export database. 0.006019s wall, 0.000000s user + 0.000000s system = 0.000000s CPU (n/a%)

PHY-1001 : End detail routing;  6.243079s wall, 3.562500s user + 0.046875s system = 3.609375s CPU (57.8%)

RUN-1003 : finish command "route" in  6.628767s wall, 3.734375s user + 0.046875s system = 3.781250s CPU (57.0%)

RUN-1004 : used memory is 419 MB, reserved memory is 397 MB, peak memory is 461 MB
RUN-1002 : start command "report_area -io_info -file responder_phy.area"
RUN-1001 : standard
***Report Model: responder Device: EG4S20BG256***

IO Statistics
#IO                        33
  #input                    7
  #output                  26
  #inout                    0

Utilization Statistics
#lut                      283   out of  19600    1.44%
#reg                      177   out of  19600    0.90%
#le                       299
  #lut only               122   out of    299   40.80%
  #reg only                16   out of    299    5.35%
  #lut&reg                161   out of    299   53.85%
#dsp                        0   out of     29    0.00%
#bram                       0   out of     64    0.00%
  #bram9k                   0
  #fifo9k                   0
#bram32k                    0   out of     16    0.00%
#pad                       33   out of    188   17.55%
  #ireg                     4
  #oreg                    21
  #treg                     0
#pll                        0   out of      4    0.00%
#gclk                       4   out of     16   25.00%

Clock Resource Statistics
Index     ClockNet                 Type               DriverType         Driver                            Fanout
#1        CLK_dup_1                GCLK               io                 CLK_syn_2.di                      116
#2        U2/CLK1                  GCLK               mslice             U1/Buzzer_Enable_reg_syn_41.q0    8
#3        U4/W_DigitronCS_Out_n    GCLK               lslice             U4/reg2_syn_25.f1                 8
#4        U4/W_Digitron_Out_n      GCLK               mslice             U4/reg2_syn_27.f0                 7
#5        U4/SingleNum_b_n4        GCLK               mslice             U4/sel2_syn_67.f0                 3


Detailed IO Report

        Name           Direction    Location    IOStandard    DriveStrength    PullType    PackReg  
         CLK             INPUT         R7        LVCMOS33          N/A          PULLUP      NONE    
      Key_In[3]          INPUT        F10        LVCMOS33          N/A          PULLUP      IREG    
      Key_In[2]          INPUT        C11        LVCMOS33          N/A          PULLUP      IREG    
      Key_In[1]          INPUT        D11        LVCMOS33          N/A          PULLUP      IREG    
      Key_In[0]          INPUT        E11        LVCMOS33          N/A          PULLUP      IREG    
        RSTn             INPUT         A9        LVCMOS33          N/A          PULLUP      NONE    
        Start            INPUT        A10        LVCMOS33          N/A          PULLUP      NONE    
     Buzzer_Out         OUTPUT        H11        LVCMOS33           8            NONE       OREG    
  DigitronCS_Out[3]     OUTPUT         A3        LVCMOS33           8            NONE       OREG    
  DigitronCS_Out[2]     OUTPUT         A5        LVCMOS33           8            NONE       OREG    
  DigitronCS_Out[1]     OUTPUT         B6        LVCMOS33           8            NONE       OREG    
  DigitronCS_Out[0]     OUTPUT         C9        LVCMOS33           8            NONE       OREG    
   Digitron_Out[7]      OUTPUT         C8        LVCMOS33           8            NONE       NONE    
   Digitron_Out[6]      OUTPUT         A8        LVCMOS33           8            NONE       OREG    
   Digitron_Out[5]      OUTPUT         B5        LVCMOS33           8            NONE       OREG    
   Digitron_Out[4]      OUTPUT         A7        LVCMOS33           8            NONE       OREG    
   Digitron_Out[3]      OUTPUT         E8        LVCMOS33           8            NONE       OREG    
   Digitron_Out[2]      OUTPUT         B8        LVCMOS33           8            NONE       OREG    
   Digitron_Out[1]      OUTPUT         A6        LVCMOS33           8            NONE       OREG    
   Digitron_Out[0]      OUTPUT         A4        LVCMOS33           8            NONE       OREG    
     Key_Row[3]         OUTPUT        E10        LVCMOS33           8            NONE       NONE    
     Key_Row[2]         OUTPUT        C10        LVCMOS33           8            NONE       NONE    
     Key_Row[1]         OUTPUT         F9        LVCMOS33           8            NONE       NONE    
     Key_Row[0]         OUTPUT         D9        LVCMOS33           8            NONE       NONE    
     LED_Out[3]         OUTPUT         C2        LVCMOS33           8            NONE       OREG    
     LED_Out[2]         OUTPUT         C1        LVCMOS33           8            NONE       OREG    
     LED_Out[1]         OUTPUT         E4        LVCMOS33           8            NONE       OREG    
     LED_Out[0]         OUTPUT         D3        LVCMOS33           8            NONE       OREG    
  LED_OverTime_Out      OUTPUT        F16        LVCMOS33           8            NONE       OREG    
     LED_Run[3]         OUTPUT        C15        LVCMOS33           8            NONE       OREG    
     LED_Run[2]         OUTPUT        B16        LVCMOS33           8            NONE       OREG    
     LED_Run[1]         OUTPUT        B15        LVCMOS33           8            NONE       OREG    
     LED_Run[0]         OUTPUT        B14        LVCMOS33           8            NONE       OREG    

Report Hierarchy Area:
+-----------------------------------------------------------------------------------+
|Instance |Module              |le     |lut     |ripple  |seq     |bram    |dsp     |
+-----------------------------------------------------------------------------------+
|top      |responder           |299    |231     |52      |202     |0       |0       |
|  U1     |Sel_module          |63     |49      |7       |39      |0       |0       |
|  U2     |Timer_module        |56     |49      |7       |37      |0       |0       |
|  U3     |Buzzer_module       |39     |26      |6       |28      |0       |0       |
|  U4     |Digitron_NumDisplay |58     |49      |9       |25      |0       |0       |
|  U5     |key_filter          |32     |19      |11      |22      |0       |0       |
|  U6     |led8_module         |51     |39      |12      |26      |0       |0       |
+-----------------------------------------------------------------------------------+


DataNet Average Fanout:

   Index     Fanout    Nets  
    #1         1       220   
    #2         2       135   
    #3         3        32   
    #4         4        11   
    #5        5-10      25   
    #6       11-50      7    
    #7       51-100     1    
  Average     2.28           

RUN-1002 : start command "write_verilog simulation/responder_phy_sim.v"
HDL-1201 : write out verilog file simulation/responder_phy_sim.v
RUN-1002 : start command "export_db responder_pr.db"
RUN-1001 : Exported /
RUN-1001 : Exported flow parameters
RUN-1001 : Exported libs
RUN-1001 : Exported entities
RUN-1001 : Exported ports
RUN-1001 : Exported pins
RUN-1001 : Exported instances
RUN-1001 : Exported nets
RUN-1001 : Exported buses
RUN-1001 : Exported models
RUN-1001 : Exported congestions
RUN-1001 : Exported violations
RUN-1001 : Exported IO constraints
RUN-1001 : Exported Inst constraints
RUN-1002 : start command "start_timer"
TMR-5001 WARNING: No sdc constraints found while initiating timer.
TMR-2505 : Start building timing graph for model responder.
TMR-2506 : Build timing graph completely. Port num: 11, tpin num: 1626, tnet num: 469, tinst num: 195, tnode num: 2079, tedge num: 2734.
TMR-2508 : Levelizing timing graph completed, there are 27 levels in total.
TMR-2501 : Timing graph initialized successfully.
RUN-1002 : start command "report_timing -mode FINAL -net_info -rpt_autogen true -file responder_phy.timing -sdf simulation/responder.sdf"
TMR-2503 : Start to update net delay, extr mode = 6.
TMR-2504 : Update delay of 469 nets completely.
TMR-2502 : Annotate delay completely, extr mode = 6.
TMR-3002 : No user constraint, initiate default constraint.
TMR-1501 : Assign derive clock DeriveClock to 262 clock pins, and constraint 453 relative nodes.
TMR-3003 : Constraints initiated successfully.
TMR-3501 : Forward propagation: start to calculate arrival time...
TMR-3502 : Backward propagation: start to calculate required time...
TMR-3503 : Timing propagation completes.
TMR-3506 : Start to generate timing report.
TMR-1502 : Number of clock constraints = 0. Number of clock nets = 5 (5 unconstrainted).
TMR-5009 WARNING: No clock constraint on 5 clock net(s): 
		CLK_dup_1
		U2/CLK1_syn_4
		U4/SingleNum_b_n4_syn_10
		U4/W_DigitronCS_Out_n_syn_4
		U4/W_Digitron_Out_n_syn_2
TMR-3508 : Export timing summary.
TMR-3507 : Timing report generated successfully in responder_phy.timing, timing summary in responder_phy.tsm.
TMR-1001 : Start to generate SDF file...
RUN-1002 : start command "write_verilog -sdf responder.sdf simulation/responder_phy_sim_sta.v"
HDL-1201 : write out verilog file simulation/responder_phy_sim_sta.v
RUN-1002 : start command "export_bid responder_inst.bid"
RUN-1002 : start command "bitgen -bit responder.bit -unused_io_status pulldown"
BIT-1003 : Start to generate bitstream. 
BIT-1002 : Bitgen processed 155 unused pads, reserve input tri_state with pulldown
BIT-1002 : Init instances with 8 threads.
BIT-1002 : Init instances completely, inst num: 350
BIT-1002 : Init pips with 8 threads.
BIT-1002 : Init pips completely, net num: 471, pip num: 3186
BIT-1002 : Init feedthrough completely, num: 1
BIT-1003 : Multithreading accelaration with 8 threads.
BIT-1003 : Generate bitstream completely, there are 592 valid insts, and 9937 bits set as '1'.
BIT-1004 : PLL setting string = 0000
BIT-1004 : Generate bits file responder.bit.
RUN-1003 : finish command "bitgen -bit responder.bit -unused_io_status pulldown" in  1.946873s wall, 2.500000s user + 0.015625s system = 2.515625s CPU (129.2%)

RUN-1004 : used memory is 431 MB, reserved memory is 407 MB, peak memory is 582 MB
RUN-1002 : start command "backup_run_log run.log ../.logs/phy_1/td_20240726_172105.log"
