============================================================
   Tang Dynasty, V5.6.71036
      Copyright (c) 2012-2023 Anlogic Inc.
   Executable = C:/Anlogic/TD5.6.2/bin/td.exe
   Built at =   20:34:38 Mar 21 2023
   Run by =     Timmy
   Run Date =   Tue Jul 23 20:30:15 2024

   Run on =     DESKTOP-A28VB3Q
============================================================
RUN-1002 : start command "open_project responder.prj"
RUN-1001 : Print Global Property
RUN-1001 : ---------------------------------------------------------------
RUN-1001 :        Parameters        |  Settings  |  Default Values  |  Note  
RUN-1001 : ---------------------------------------------------------------
RUN-1001 :          message         |  standard  |     standard     |        
RUN-1001 :   mixed_pack_place_flow  |     on     |        on        |        
RUN-1001 :        qor_monitor       |    off     |       off        |        
RUN-1001 :        syn_ip_flow       |    off     |       off        |        
RUN-1001 :          thread          |    auto    |       auto       |        
RUN-1001 : ---------------------------------------------------------------
RUN-1001 : Print Design Property
RUN-1001 : --------------------------------------------------------------
RUN-1001 :        Parameters       |  Settings  |  Default Values  |  Note  
RUN-1001 : --------------------------------------------------------------
RUN-1001 :   default_reg_initial   |    auto    |       auto       |        
RUN-1001 :        infer_add        |     on     |        on        |        
RUN-1001 :        infer_fsm        |    off     |       off        |        
RUN-1001 :        infer_mult       |     on     |        on        |        
RUN-1001 :        infer_ram        |     on     |        on        |        
RUN-1001 :        infer_reg        |     on     |        on        |        
RUN-1001 :   infer_reg_init_value  |     on     |        on        |        
RUN-1001 :        infer_rom        |     on     |        on        |        
RUN-1001 :      infer_shifter      |     on     |        on        |        
RUN-1001 : --------------------------------------------------------------
RUN-1001 : Print Rtl Property
RUN-1001 : --------------------------------------------------------------
RUN-1001 :        Parameters       |  Settings  |  Default Values  |  Note  
RUN-1001 : --------------------------------------------------------------
RUN-1001 :       compress_add      |   ripple   |      ripple      |        
RUN-1001 :        elf_sload        |    off     |       off        |        
RUN-1001 :       fix_undriven      |     0      |        0         |        
RUN-1001 :         flatten         |    off     |       off        |        
RUN-1001 :       gate_sharing      |     on     |        on        |        
RUN-1001 :    hdl_warning_level    |   normal   |      normal      |        
RUN-1001 :   impl_internal_tribuf  |     on     |        on        |        
RUN-1001 :      impl_set_reset     |     on     |        on        |        
RUN-1001 :        infer_gsr        |    off     |       off        |        
RUN-1001 :      keep_hierarchy     |    auto    |       auto       |        
RUN-1001 :        max_fanout       |    9999    |       9999       |        
RUN-1001 :      max_oh2bin_len     |     10     |        10        |        
RUN-1001 :       merge_equal       |     on     |        on        |        
RUN-1001 :       merge_equiv       |     on     |        on        |        
RUN-1001 :        merge_mux        |    off     |       off        |        
RUN-1001 :     min_control_set     |     8      |        8         |        
RUN-1001 :      min_ripple_len     |    auto    |       auto       |        
RUN-1001 :       oh2bin_ratio      |    0.08    |       0.08       |        
RUN-1001 :     opt_adder_fanout    |     on     |        on        |        
RUN-1001 :        opt_arith        |     on     |        on        |        
RUN-1001 :       opt_big_gate      |    off     |       off        |        
RUN-1001 :        opt_const        |     on     |        on        |        
RUN-1001 :      opt_const_mult     |     on     |        on        |        
RUN-1001 :       opt_lessthan      |     on     |        on        |        
RUN-1001 :         opt_mux         |    off     |       off        |        
RUN-1001 :         opt_ram         |    high    |       high       |        
RUN-1001 :      rtl_sim_model      |    off     |       off        |        
RUN-1001 :         seq_syn         |     on     |        on        |        
RUN-1001 : --------------------------------------------------------------
HDL-1007 : analyze verilog file ../../responder.v
HDL-1007 : analyze verilog file ../../Sel_module.v
HDL-1007 : analyze verilog file ../../Timer_module.v
HDL-1007 : analyze verilog file ../../Buzzer_module.v
HDL-1007 : analyze verilog file ../../Digitron_NumDisplay.v
HDL-1007 : analyze verilog file ../../key_filter.v
RUN-1001 : Project manager successfully analyzed 6 source files.
RUN-1002 : start command "import_device eagle_s20.db -package EG4S20BG256"
ARC-1001 : Device Initialization.
ARC-1001 : ------------------------------------------------------------------
ARC-1001 :            OPTION            |          IO          |   SETTING   
ARC-1001 : ------------------------------------------------------------------
ARC-1001 :   cso_b/cclk/mosi/miso/dout  |  T3/R11/T10/P10/S11  |    gpio    
ARC-1001 :             done             |         P13          |    gpio    
ARC-1001 :           program_b          |          T2          |  dedicate  
ARC-1001 :        tdi/tms/tck/tdo       |   C12/A15/C14/E14    |  dedicate  
ARC-1001 : ------------------------------------------------------------------
ARC-1004 : Device setting, marked 5 dedicate IOs in total.
RUN-1002 : start command "import_db ../syn_1/responder_gate.db"
RUN-1001 : Importing database generated by Tang Dynasty, V5.6.71036.
RUN-1001 : Database version number 46146.
RUN-1001 : Import flow parameters
RUN-1001 : Import IO constraints
RUN-1001 : Import Inst constraints
RUN-1001 : Import design success TD_VERSION=5.6.71036 , DB_VERSION=46146
RUN-1002 : start command "place"
RUN-1001 : Open license file C:/Anlogic/TD5.6.2/license/Anlogic.lic
RUN-1001 : Print Global Property
RUN-1001 : ---------------------------------------------------------------
RUN-1001 :        Parameters        |  Settings  |  Default Values  |  Note  
RUN-1001 : ---------------------------------------------------------------
RUN-1001 :          message         |  standard  |     standard     |        
RUN-1001 :   mixed_pack_place_flow  |     on     |        on        |        
RUN-1001 :        qor_monitor       |    off     |       off        |        
RUN-1001 :        syn_ip_flow       |    off     |       off        |        
RUN-1001 :          thread          |    auto    |       auto       |        
RUN-1001 : ---------------------------------------------------------------
RUN-1001 : Print Place Property
RUN-1001 : --------------------------------------------------------------
RUN-1001 :        Parameters       |  Settings  |  Default Values  |  Note  
RUN-1001 : --------------------------------------------------------------
RUN-1001 :      detailed_place     |     on     |        on        |        
RUN-1001 :          effort         |   medium   |      medium      |        
RUN-1001 :         fix_hold        |    off     |       off        |        
RUN-1001 :       legalization      |    ori     |       ori        |        
RUN-1001 :      new_spreading      |     on     |        on        |        
RUN-1001 :        opt_timing       |   medium   |      medium      |        
RUN-1001 :   post_clock_route_opt  |    off     |       off        |        
RUN-1001 :       pr_strategy       |     1      |        1         |        
RUN-1001 :        relaxation       |    1.00    |       1.00       |        
RUN-1001 :         retiming        |    off     |       off        |        
RUN-1001 : --------------------------------------------------------------
PHY-3001 : Placer runs in 8 thread(s).
RUN-1002 : start command "legalize_phy_inst"
SYN-1011 : Flatten model responder
RUN-1002 : start command "phys_opt -simplify_lut"
SYN-4024 : Net "CLK_dup_1" drives clk pins.
SYN-4024 : Net "U4/W_DigitronCS_Out_n" drives clk pins.
SYN-4025 : Tag rtl::Net CLK_dup_1 as clock net
SYN-4025 : Tag rtl::Net U4/W_DigitronCS_Out_n as clock net
SYN-4026 : Tagged 2 rtl::Net as clock net
SYN-4015 : Create BUFG instance for clk Net U4/W_DigitronCS_Out_n to drive 8 clock pins.
PHY-1001 : Populate physical database on model responder.
RUN-1001 : There are total 178 instances
RUN-0007 : 55 luts, 67 seqs, 9 mslices, 13 lslices, 29 pads, 0 brams, 0 dsps
RUN-1001 : There are total 240 nets
RUN-1001 : 143 nets have 2 pins
RUN-1001 : 86 nets have [3 - 5] pins
RUN-1001 : 6 nets have [6 - 10] pins
RUN-1001 : 5 nets have [21 - 99] pins
RUN-1001 : Report Control nets information:
RUN-1001 : DFF Distribution
RUN-1001 : ----------------------------------
RUN-1001 :   CE   |  SSR  |  ASR  |  DFF Count  
RUN-1001 : ----------------------------------
RUN-1001 :   No   |  No   |  No   |     18      
RUN-1001 :   No   |  No   |  Yes  |      0      
RUN-1001 :   No   |  Yes  |  No   |     23      
RUN-1001 :   Yes  |  No   |  No   |      0      
RUN-1001 :   Yes  |  No   |  Yes  |     26      
RUN-1001 :   Yes  |  Yes  |  No   |      0      
RUN-1001 : ----------------------------------
RUN-0007 : Control Group Statistic
RUN-0007 : ---------------------------
RUN-0007 :   #CLK  |  #CE  |  #SSR/ASR  
RUN-0007 : ---------------------------
RUN-0007 :    3    |   2   |     3      
RUN-0007 : ---------------------------
RUN-0007 : Control Set = 5
PHY-3001 : Initial placement ...
PHY-3001 : design contains 175 instances, 55 luts, 67 seqs, 22 slices, 3 macros(22 instances: 9 mslices 13 lslices)
PHY-0007 : Cell area utilization is 0%
PHY-3001 : Global placement ...
PHY-3001 : Initial: Len = 59287.4
PHY-3001 : Clustering ...
PHY-3001 : Level 0 #clusters 175.
PHY-3001 : End clustering;  0.000025s wall, 0.000000s user + 0.000000s system = 0.000000s CPU (n/a%)

PHY-3001 : Run with size of 4
PHY-3001 : Cell area utilization is 0%
PHY-3001 : :::0::: Try harder cell spreading with beta_ = 0
PHY-3002 : Step(1): len = 34027.8, overlap = 0
PHY-3002 : Step(2): len = 22013.3, overlap = 0
PHY-3002 : Step(3): len = 15042.6, overlap = 0
PHY-3002 : Step(4): len = 11585.2, overlap = 0
PHY-3002 : Step(5): len = 9525.3, overlap = 0
PHY-3002 : Step(6): len = 8908.7, overlap = 0
PHY-3002 : Step(7): len = 8481.7, overlap = 0
PHY-3002 : Step(8): len = 7562.2, overlap = 0
PHY-3002 : Step(9): len = 6605.1, overlap = 0
PHY-3002 : Step(10): len = 6679.8, overlap = 0
PHY-3002 : Step(11): len = 6413.9, overlap = 0
PHY-3002 : Step(12): len = 6226.5, overlap = 0
PHY-3002 : Step(13): len = 5841.5, overlap = 0
PHY-3002 : Step(14): len = 5429.1, overlap = 0
PHY-3002 : Step(15): len = 5607.2, overlap = 0
PHY-3002 : Step(16): len = 5278.9, overlap = 0
PHY-3002 : Step(17): len = 4704.4, overlap = 0
PHY-3002 : Step(18): len = 4750.7, overlap = 0
PHY-3002 : Step(19): len = 4420.9, overlap = 0
PHY-3002 : Step(20): len = 4524.9, overlap = 0
PHY-3002 : Step(21): len = 4636.3, overlap = 0
PHY-3001 : Legalization ...
PHY-3001 : End legalization;  0.006110s wall, 0.000000s user + 0.000000s system = 0.000000s CPU (n/a%)

PHY-3001 : Run with size of 4
PHY-3001 : Cell area utilization is 0%
PHY-3001 : :::0::: Try harder cell spreading with beta_ = 0
PHY-3002 : Step(22): len = 4258.3, overlap = 0
PHY-3002 : Step(23): len = 4317.9, overlap = 0
PHY-3002 : Step(24): len = 4356.3, overlap = 0
PHY-3002 : Step(25): len = 4430.9, overlap = 0
PHY-3002 : Step(26): len = 4586.2, overlap = 0
PHY-3002 : Step(27): len = 4564.6, overlap = 0
PHY-3002 : Step(28): len = 4698.4, overlap = 0
PHY-3002 : Step(29): len = 4505.5, overlap = 0
PHY-3002 : Step(30): len = 4583.8, overlap = 0
PHY-3002 : Step(31): len = 4249.1, overlap = 0
PHY-3002 : Step(32): len = 3838.6, overlap = 0
PHY-3002 : Step(33): len = 3263.7, overlap = 0
PHY-3002 : Step(34): len = 2829.7, overlap = 0
PHY-3002 : Step(35): len = 2822.4, overlap = 0
PHY-3002 : Step(36): len = 2852.8, overlap = 0
PHY-3002 : Step(37): len = 2864.3, overlap = 0
PHY-3002 : Step(38): len = 2738.8, overlap = 0
PHY-3002 : Step(39): len = 2772.3, overlap = 0
PHY-3002 : Step(40): len = 2640.8, overlap = 0
PHY-3002 : Step(41): len = 2683.5, overlap = 0
PHY-3002 : Step(42): len = 2691.9, overlap = 0
PHY-3002 : Step(43): len = 2755.5, overlap = 0
PHY-3002 : Step(44): len = 2613.6, overlap = 0
PHY-3002 : Step(45): len = 2608.8, overlap = 0
PHY-3002 : Step(46): len = 2523.5, overlap = 0
PHY-3002 : Step(47): len = 2549.5, overlap = 0
PHY-3002 : Step(48): len = 2562.4, overlap = 0
PHY-3002 : Step(49): len = 2615.8, overlap = 0
PHY-3002 : Step(50): len = 2436.4, overlap = 0
PHY-3002 : Step(51): len = 2500.4, overlap = 0
PHY-3002 : Step(52): len = 2563.5, overlap = 0
PHY-3002 : Step(53): len = 2580.7, overlap = 0
PHY-3002 : Step(54): len = 2364.3, overlap = 0
PHY-3002 : Step(55): len = 2355.3, overlap = 0
PHY-3002 : Step(56): len = 2231.5, overlap = 0
PHY-3002 : Step(57): len = 2177.7, overlap = 0
PHY-3002 : Step(58): len = 2215.6, overlap = 0
PHY-3002 : Step(59): len = 2123.8, overlap = 0
PHY-3002 : Step(60): len = 2177, overlap = 0
PHY-3002 : Step(61): len = 2079.9, overlap = 0
PHY-3002 : Step(62): len = 2084.3, overlap = 0
PHY-3002 : Step(63): len = 1947.7, overlap = 0
PHY-3002 : Step(64): len = 2027.6, overlap = 0
PHY-3002 : Step(65): len = 1876.3, overlap = 0
PHY-3002 : Step(66): len = 1869.2, overlap = 0
PHY-3002 : Step(67): len = 1825.5, overlap = 0
PHY-3002 : Step(68): len = 1862.3, overlap = 0
PHY-3002 : Step(69): len = 1737.4, overlap = 0
PHY-3002 : Step(70): len = 1778.2, overlap = 0
PHY-3002 : Step(71): len = 1775, overlap = 0
PHY-3002 : Step(72): len = 1680.7, overlap = 0
PHY-3002 : Step(73): len = 1653.9, overlap = 0
PHY-3001 : Run with size of 2
PHY-3001 : Cell area utilization is 0%
PHY-3001 : :::0::: Try harder cell spreading with beta_ = 0
PHY-3002 : Step(74): len = 1635, overlap = 0.6875
PHY-3002 : Step(75): len = 1635, overlap = 0.6875
PHY-3002 : Step(76): len = 1592.9, overlap = 0.5625
PHY-3002 : Step(77): len = 1592.9, overlap = 0.5625
PHY-3002 : Step(78): len = 1589.3, overlap = 0.5625
PHY-3002 : Step(79): len = 1613.7, overlap = 0.5625
PHY-3002 : Step(80): len = 1613.7, overlap = 0.5625
OPT-1001 : Start physical optimization ...
OPT-1001 : Total overflow 7.56 peak overflow 1.75
OPT-1001 : Start high-fanout net optimization ...
OPT-1001 : Update timing in global mode
PHY-1001 : Start incremental global routing, caller is place ...
RUN-1001 : Generating global routing grids ...
RUN-1001 : Building simple global routing graph ...
PHY-1001 : Generate routing nets ...
PHY-1001 : Reuse net number 0/240.
PHY-1001 : Global iterations in 8 thread ...
PHY-1002 : len = 2008, over cnt = 11(0%), over = 50, worst = 9
PHY-1001 : End global iterations;  0.010521s wall, 0.000000s user + 0.000000s system = 0.000000s CPU (n/a%)

PHY-1001 : Congestion index: top1 = 7.13, top5 = 1.65, top10 = 0.82, top15 = 0.55.
PHY-1001 : End incremental global routing;  0.065492s wall, 0.015625s user + 0.000000s system = 0.015625s CPU (23.9%)

RUN-1002 : start command "start_timer -report"
TMR-5001 WARNING: No sdc constraints found while initiating timer.
TMR-2505 : Start building timing graph for model responder.
TMR-2506 : Build timing graph completely. Port num: 10, tpin num: 749, tnet num: 237, tinst num: 175, tnode num: 978, tedge num: 1190.
TMR-2508 : Levelizing timing graph completed, there are 23 levels in total.
TMR-2501 : Timing graph initialized successfully.
OPT-1001 : End timing update;  0.200380s wall, 0.187500s user + 0.000000s system = 0.187500s CPU (93.6%)

OPT-1001 : 0 high-fanout net processed.
OPT-1001 : End high-fanout net optimization;  0.267726s wall, 0.203125s user + 0.000000s system = 0.203125s CPU (75.9%)

OPT-1001 : Current memory(MB): used = 131, reserve = 103, peak = 131.
OPT-1001 : End physical optimization;  0.272254s wall, 0.203125s user + 0.000000s system = 0.203125s CPU (74.6%)

PHY-3001 : Start packing ...
SYN-4007 : Packing 0 MUX to BLE ...
SYN-4008 : Packed 0 MUX and 0 SEQ to BLE.
SYN-4007 : Packing 55 LUT to BLE ...
SYN-4008 : Packed 55 LUT and 24 SEQ to BLE.
SYN-4003 : Packing 43 remaining SEQ's ...
SYN-4005 : Packed 23 SEQ with LUT/SLICE
SYN-4006 : 10 single LUT's are left
SYN-4006 : 20 single SEQ's are left
SYN-4011 : Packing model "responder" (AL_USER_NORMAL) with 75/131 primitive instances ...
PHY-3001 : End packing;  0.004599s wall, 0.015625s user + 0.000000s system = 0.015625s CPU (339.8%)

PHY-1001 : Populate physical database on model responder.
RUN-1001 : There are total 99 instances
RUN-1001 : 32 mslices, 33 lslices, 29 pads, 0 brams, 0 dsps
RUN-1001 : There are total 221 nets
RUN-1001 : 125 nets have 2 pins
RUN-1001 : 85 nets have [3 - 5] pins
RUN-1001 : 6 nets have [6 - 10] pins
RUN-1001 : 1 nets have [11 - 20] pins
RUN-1001 : 4 nets have [21 - 99] pins
PHY-3001 : design contains 96 instances, 65 slices, 3 macros(22 instances: 9 mslices 13 lslices)
PHY-3001 : Cell area utilization is 0%
PHY-3001 : After packing: Len = 2031.6, Over = 2.75
PHY-3001 : Run with size of 2
PHY-3001 : Cell area utilization is 0%
PHY-3001 : :::0::: Try harder cell spreading with beta_ = 0.000676984
PHY-3002 : Step(81): len = 1919.4, overlap = 2
PHY-3002 : Step(82): len = 1829.9, overlap = 2.5
PHY-3002 : Step(83): len = 1799.3, overlap = 2.5
PHY-3002 : Step(84): len = 1768.9, overlap = 2.25
PHY-3001 : Legalization ...
PHY-3001 : End legalization;  0.023634s wall, 0.000000s user + 0.000000s system = 0.000000s CPU (n/a%)

PHY-3001 : Trial Legalized: Len = 4126.9
PHY-3001 : Run with size of 2
PHY-3001 : Cell area utilization is 0%
PHY-3001 : :::0::: Try harder cell spreading with beta_ = 0
PHY-3002 : Step(85): len = 2727.9, overlap = 0.25
PHY-3002 : Step(86): len = 2063.7, overlap = 1.25
PHY-3002 : Step(87): len = 1904.4, overlap = 1.75
PHY-3002 : Step(88): len = 1876.2, overlap = 2
PHY-3002 : Step(89): len = 1777, overlap = 2
PHY-3001 : :::1::: Try harder cell spreading with beta_ = 0.00626922
PHY-3002 : Step(90): len = 1767.5, overlap = 2
PHY-3002 : Step(91): len = 1767.5, overlap = 2
PHY-3001 : Legalization ...
PHY-3001 : End legalization;  0.006763s wall, 0.015625s user + 0.000000s system = 0.015625s CPU (231.0%)

PHY-3001 : Legalized: Len = 2854.2, Over = 0
PHY-3001 : End spreading;  0.002318s wall, 0.000000s user + 0.000000s system = 0.000000s CPU (n/a%)

PHY-3001 : Final: Len = 2854.2, Over = 0
OPT-1001 : Start physical optimization ...
OPT-1001 : Total overflow 0.00 peak overflow 0.00
OPT-1001 : Start high-fanout net optimization ...
OPT-1001 : Update timing in global mode
PHY-1001 : Start incremental global routing, caller is place ...
RUN-1001 : Generating global routing grids ...
PHY-1001 : Generate routing nets ...
PHY-1001 : Reuse net number 6/221.
PHY-1001 : Global iterations in 8 thread ...
PHY-1002 : len = 3088, over cnt = 15(0%), over = 25, worst = 4
PHY-1002 : len = 3320, over cnt = 4(0%), over = 4, worst = 1
PHY-1002 : len = 3384, over cnt = 0(0%), over = 0, worst = 0
PHY-1001 : End global iterations;  0.023302s wall, 0.015625s user + 0.000000s system = 0.015625s CPU (67.1%)

PHY-1001 : Congestion index: top1 = 11.07, top5 = 2.70, top10 = 1.35, top15 = 0.90.
PHY-1001 : End incremental global routing;  0.067224s wall, 0.046875s user + 0.000000s system = 0.046875s CPU (69.7%)

RUN-1002 : start command "start_timer -report"
TMR-5001 WARNING: No sdc constraints found while initiating timer.
TMR-2505 : Start building timing graph for model responder.
TMR-2506 : Build timing graph completely. Port num: 10, tpin num: 652, tnet num: 218, tinst num: 96, tnode num: 819, tedge num: 1070.
TMR-2508 : Levelizing timing graph completed, there are 21 levels in total.
TMR-2501 : Timing graph initialized successfully.
OPT-1001 : End timing update;  0.162294s wall, 0.125000s user + 0.000000s system = 0.125000s CPU (77.0%)

OPT-1001 : 0 high-fanout net processed.
OPT-1001 : End high-fanout net optimization;  0.231384s wall, 0.171875s user + 0.000000s system = 0.171875s CPU (74.3%)

OPT-1001 : Current memory(MB): used = 132, reserve = 103, peak = 132.
OPT-1001 : Update timing in Manhattan mode
OPT-1001 : End timing update;  0.000118s wall, 0.000000s user + 0.000000s system = 0.000000s CPU (n/a%)

OPT-1001 : Start pin optimization...
OPT-1001 : skip pin optimization...
RUN-1001 : Generating global routing grids ...
PHY-1001 : Generate routing nets ...
PHY-1001 : Reuse net number 158/221.
PHY-1001 : Global iterations in 8 thread ...
PHY-1002 : len = 3384, over cnt = 0(0%), over = 0, worst = 0
PHY-1001 : End global iterations;  0.001696s wall, 0.000000s user + 0.000000s system = 0.000000s CPU (n/a%)

PHY-1001 : Congestion index: top1 = 11.07, top5 = 2.70, top10 = 1.35, top15 = 0.90.
OPT-1001 : Update timing in Manhattan mode
OPT-1001 : End timing update;  0.000229s wall, 0.000000s user + 0.000000s system = 0.000000s CPU (n/a%)

RUN-1001 : QoR Analysis:
OPT-0007 :   WNS 2147483647 TNS 0 NUM_FEPS 0
RUN-1001 :   No local congestion issue, and most congested 1% tile average routing util is 10.655172
RUN-1001 :   Top critical paths
OPT-1001 : End physical optimization;  0.278364s wall, 0.187500s user + 0.000000s system = 0.187500s CPU (67.4%)

RUN-1003 : finish command "place" in  2.101144s wall, 1.484375s user + 0.484375s system = 1.968750s CPU (93.7%)

RUN-1004 : used memory is 125 MB, reserved memory is 96 MB, peak memory is 132 MB
RUN-1002 : start command "export_db responder_place.db"
RUN-1001 : Exported /
RUN-1001 : Exported flow parameters
RUN-1001 : Exported libs
RUN-1001 : Exported entities
RUN-1001 : Exported ports
RUN-1001 : Exported pins
RUN-1001 : Exported instances
RUN-1001 : Exported nets
RUN-1001 : Exported buses
RUN-1001 : Exported models
RUN-1001 : Exported congestions
RUN-1001 : Exported violations
RUN-1001 : Exported IO constraints
RUN-1001 : Exported Inst constraints
RUN-1002 : start command "route"
RUN-1001 : Open license file C:/Anlogic/TD5.6.2/license/Anlogic.lic
RUN-1001 : Print Global Property
RUN-1001 : ---------------------------------------------------------------
RUN-1001 :        Parameters        |  Settings  |  Default Values  |  Note  
RUN-1001 : ---------------------------------------------------------------
RUN-1001 :          message         |  standard  |     standard     |        
RUN-1001 :   mixed_pack_place_flow  |     on     |        on        |        
RUN-1001 :        qor_monitor       |    off     |       off        |        
RUN-1001 :        syn_ip_flow       |    off     |       off        |        
RUN-1001 :          thread          |    auto    |       auto       |        
RUN-1001 : ---------------------------------------------------------------
RUN-1001 : Print Route Property
RUN-1001 : -------------------------------------------------------
RUN-1001 :    Parameters    |  Settings  |  Default Values  |  Note  
RUN-1001 : -------------------------------------------------------
RUN-1001 :      effort      |   medium   |      medium      |        
RUN-1001 :     fix_hold     |    off     |       off        |        
RUN-1001 :    opt_timing    |   medium   |      medium      |        
RUN-1001 :   phy_sim_model  |    off     |       off        |        
RUN-1001 :     priority     |   timing   |      timing      |        
RUN-1001 :     swap_pin     |     on     |        on        |        
RUN-1001 : -------------------------------------------------------
PHY-1001 : Route runs in 8 thread(s)
RUN-1001 : There are total 99 instances
RUN-1001 : 32 mslices, 33 lslices, 29 pads, 0 brams, 0 dsps
RUN-1001 : There are total 221 nets
RUN-1001 : 125 nets have 2 pins
RUN-1001 : 85 nets have [3 - 5] pins
RUN-1001 : 6 nets have [6 - 10] pins
RUN-1001 : 1 nets have [11 - 20] pins
RUN-1001 : 4 nets have [21 - 99] pins
RUN-1002 : start command "start_timer -report"
TMR-5001 WARNING: No sdc constraints found while initiating timer.
TMR-2505 : Start building timing graph for model responder.
TMR-2506 : Build timing graph completely. Port num: 10, tpin num: 652, tnet num: 218, tinst num: 96, tnode num: 819, tedge num: 1070.
TMR-2508 : Levelizing timing graph completed, there are 21 levels in total.
TMR-2501 : Timing graph initialized successfully.
PHY-1001 : 32 mslices, 33 lslices, 29 pads, 0 brams, 0 dsps
TMR-2503 : Start to update net delay, extr mode = 3.
TMR-2504 : Update delay of 218 nets completely.
TMR-2502 : Annotate delay completely, extr mode = 3.
TMR-3002 : No user constraint, initiate default constraint.
TMR-1501 : Assign derive clock DeriveClock to 96 clock pins, and constraint 167 relative nodes.
TMR-3003 : Constraints initiated successfully.
TMR-3501 : Forward propagation: start to calculate arrival time...
TMR-3502 : Backward propagation: start to calculate required time...
TMR-3503 : Timing propagation completes.
PHY-1001 : Start global routing, caller is route ...
RUN-1001 : Generating global routing grids ...
PHY-1001 : Generate routing nets ...
PHY-1001 : Global iterations in 8 thread ...
PHY-1002 : len = 3056, over cnt = 18(0%), over = 28, worst = 4
PHY-1002 : len = 3288, over cnt = 4(0%), over = 4, worst = 1
PHY-1002 : len = 3352, over cnt = 0(0%), over = 0, worst = 0
PHY-1001 : End global iterations;  0.024352s wall, 0.015625s user + 0.000000s system = 0.015625s CPU (64.2%)

PHY-1001 : Congestion index: top1 = 10.98, top5 = 2.68, top10 = 1.33, top15 = 0.89.
PHY-1001 : End global routing;  0.068315s wall, 0.046875s user + 0.000000s system = 0.046875s CPU (68.6%)

PHY-1001 : Start detail routing ...
PHY-1001 : Current memory(MB): used = 149, reserve = 121, peak = 152.
PHY-1001 : Detailed router is running in normal mode.
PHY-1001 : Generate detailed routing grids ...
PHY-1001 : Processed IO instance DigitronCS_Out[3]_syn_2 with INV attribute.
PHY-1001 : Processed IO instance DigitronCS_Out[2]_syn_2 with INV attribute.
PHY-1001 : Processed IO instance DigitronCS_Out[1]_syn_2 with INV attribute.
PHY-1001 : Processed IO instance DigitronCS_Out[0]_syn_2 with INV attribute.
PHY-1001 : Processed IO instance Digitron_Out[6]_syn_2 with INV attribute.
PHY-1001 : Processed IO instance Digitron_Out[5]_syn_1 with INV attribute.
PHY-1001 : Processed IO instance Digitron_Out[4]_syn_1 with INV attribute.
PHY-1001 : Processed IO instance Digitron_Out[3]_syn_1 with INV attribute.
PHY-1001 : Processed IO instance Digitron_Out[2]_syn_2 with INV attribute.
PHY-1001 : Processed IO instance Digitron_Out[1]_syn_1 with INV attribute.
PHY-1001 : Processed IO instance Digitron_Out[0]_syn_2 with INV attribute.
PHY-1001 : Generate nets ...
PHY-1001 : net CLK_dup_1 will be routed on clock mesh
PHY-1001 : clock net U4/W_DigitronCS_Out_n_syn_4 will be merged with clock U4/W_DigitronCS_Out_n
PHY-1001 : Current memory(MB): used = 413, reserve = 388, peak = 413.
PHY-1001 : End build detailed router design. 3.859109s wall, 3.171875s user + 0.031250s system = 3.203125s CPU (83.0%)

PHY-1001 : Detail Route ...
PHY-1001 : ===== Detail Route Phase 1 =====
PHY-1001 : Clock net routing.....
PHY-1001 : Routed 0% nets.
PHY-1022 : len = 5408, over cnt = 0(0%), over = 0, worst = 0, crit = 0
PHY-1001 : End initial clock net routed; 0.314357s wall, 0.281250s user + 0.015625s system = 0.296875s CPU (94.4%)

PHY-1001 : Current memory(MB): used = 442, reserve = 418, peak = 442.
PHY-1001 : End phase 1; 0.320117s wall, 0.281250s user + 0.015625s system = 0.296875s CPU (92.7%)

PHY-1001 : ===== Detail Route Phase 2 =====
PHY-1001 : Initial routing.....
PHY-1001 : Routed 24% nets.
PHY-1001 : Routed 30% nets.
PHY-1001 : Routed 42% nets.
PHY-1001 : Routed 57% nets.
PHY-1001 : Routed 76% nets.
PHY-1022 : len = 11192, over cnt = 5(0%), over = 5, worst = 1, crit = 0
PHY-1001 : Current memory(MB): used = 442, reserve = 418, peak = 442.
PHY-1001 : End initial routed; 0.052354s wall, 0.015625s user + 0.000000s system = 0.015625s CPU (29.8%)

PHY-1001 : Current memory(MB): used = 442, reserve = 418, peak = 442.
PHY-1001 : End phase 2; 0.052407s wall, 0.015625s user + 0.000000s system = 0.015625s CPU (29.8%)

PHY-1001 : ===== Detail Route Phase 3 =====
PHY-1001 : Ripup-reroute.....
PHY-1001 : ===== DR Iter 1 =====
PHY-1022 : len = 11176, over cnt = 1(0%), over = 1, worst = 1, crit = 0
PHY-1001 : End DR Iter 1; 0.010244s wall, 0.015625s user + 0.000000s system = 0.015625s CPU (152.5%)

PHY-1001 : ===== DR Iter 2 =====
PHY-1022 : len = 11192, over cnt = 0(0%), over = 0, worst = 0, crit = 0
PHY-1001 : End DR Iter 2; 0.010110s wall, 0.000000s user + 0.000000s system = 0.000000s CPU (n/a%)

PHY-1001 : Commit to database.....
PHY-1001 : 1 feed throughs used by 1 nets
PHY-1001 : End commit to database; 0.029834s wall, 0.000000s user + 0.000000s system = 0.000000s CPU (n/a%)

PHY-1001 : Current memory(MB): used = 451, reserve = 427, peak = 451.
PHY-1001 : End phase 3; 0.159042s wall, 0.109375s user + 0.000000s system = 0.109375s CPU (68.8%)

PHY-1003 : Routed, final wirelength = 11192
PHY-1001 : Current memory(MB): used = 452, reserve = 428, peak = 452.
PHY-1001 : End export database. 0.004790s wall, 0.000000s user + 0.000000s system = 0.000000s CPU (n/a%)

PHY-1001 : End detail routing;  4.610073s wall, 3.781250s user + 0.062500s system = 3.843750s CPU (83.4%)

RUN-1003 : finish command "route" in  4.904251s wall, 4.046875s user + 0.062500s system = 4.109375s CPU (83.8%)

RUN-1004 : used memory is 409 MB, reserved memory is 384 MB, peak memory is 452 MB
RUN-1002 : start command "report_area -io_info -file responder_phy.area"
RUN-1001 : standard
***Report Model: responder Device: EG4S20BG256***

IO Statistics
#IO                        29
  #input                    7
  #output                  22
  #inout                    0

Utilization Statistics
#lut                      101   out of  19600    0.52%
#reg                       76   out of  19600    0.39%
#le                       121
  #lut only                45   out of    121   37.19%
  #reg only                20   out of    121   16.53%
  #lut&reg                 56   out of    121   46.28%
#dsp                        0   out of     29    0.00%
#bram                       0   out of     64    0.00%
  #bram9k                   0
  #fifo9k                   0
#bram32k                    0   out of     16    0.00%
#pad                       29   out of    188   15.43%
  #ireg                     0
  #oreg                    12
  #treg                     0
#pll                        0   out of      4    0.00%
#gclk                       1   out of     16    6.25%

Clock Resource Statistics
Index     ClockNet                 Type               DriverType         Driver               Fanout
#1        CLK_dup_1                GCLK               io                 CLK_syn_2.di         44
#2        U4/W_DigitronCS_Out_n    GCLK               mslice             U4/reg2_syn_30.f0    7


Detailed IO Report

        Name           Direction    Location    IOStandard    DriveStrength    PullType    PackReg  
         CLK             INPUT         R7        LVCMOS33          N/A          PULLUP      NONE    
      Key_In[3]          INPUT        F10        LVCMOS33          N/A          PULLUP      NONE    
      Key_In[2]          INPUT        C11        LVCMOS33          N/A          PULLUP      NONE    
      Key_In[1]          INPUT        D11        LVCMOS33          N/A          PULLUP      NONE    
      Key_In[0]          INPUT        E11        LVCMOS33          N/A          PULLUP      NONE    
        RSTn             INPUT         A9        LVCMOS33          N/A          PULLUP      NONE    
        Start            INPUT        A10        LVCMOS33          N/A          PULLUP      NONE    
     Buzzer_Out         OUTPUT        H11        LVCMOS33           8            NONE       OREG    
  DigitronCS_Out[3]     OUTPUT         A3        LVCMOS33           8            NONE       OREG    
  DigitronCS_Out[2]     OUTPUT         A5        LVCMOS33           8            NONE       OREG    
  DigitronCS_Out[1]     OUTPUT         B6        LVCMOS33           8            NONE       OREG    
  DigitronCS_Out[0]     OUTPUT         C9        LVCMOS33           8            NONE       OREG    
   Digitron_Out[7]      OUTPUT         C8        LVCMOS33           8            NONE       NONE    
   Digitron_Out[6]      OUTPUT         A8        LVCMOS33           8            NONE       OREG    
   Digitron_Out[5]      OUTPUT         B5        LVCMOS33           8            NONE       OREG    
   Digitron_Out[4]      OUTPUT         A7        LVCMOS33           8            NONE       OREG    
   Digitron_Out[3]      OUTPUT         E8        LVCMOS33           8            NONE       OREG    
   Digitron_Out[2]      OUTPUT         B8        LVCMOS33           8            NONE       OREG    
   Digitron_Out[1]      OUTPUT         A6        LVCMOS33           8            NONE       OREG    
   Digitron_Out[0]      OUTPUT         A4        LVCMOS33           8            NONE       OREG    
     Key_Row[3]         OUTPUT        E10        LVCMOS33           8            NONE       NONE    
     Key_Row[2]         OUTPUT        C10        LVCMOS33           8            NONE       NONE    
     Key_Row[1]         OUTPUT         F9        LVCMOS33           8            NONE       NONE    
     Key_Row[0]         OUTPUT         D9        LVCMOS33           8            NONE       NONE    
     LED_Out[3]         OUTPUT        C15        LVCMOS33           8            NONE       NONE    
     LED_Out[2]         OUTPUT        B16        LVCMOS33           8            NONE       NONE    
     LED_Out[1]         OUTPUT        B15        LVCMOS33           8            NONE       NONE    
     LED_Out[0]         OUTPUT        B14        LVCMOS33           8            NONE       NONE    
  LED_OverTime_Out      OUTPUT        F16        LVCMOS33           8            NONE       NONE    

Report Hierarchy Area:
+-----------------------------------------------------------------------------------+
|Instance |Module              |le     |lut     |ripple  |seq     |bram    |dsp     |
+-----------------------------------------------------------------------------------+
|top      |responder           |121    |79      |22      |88      |0       |0       |
|  U1     |Sel_module          |40     |24      |7       |26      |0       |0       |
|  U3     |Buzzer_module       |38     |21      |6       |27      |0       |0       |
|  U4     |Digitron_NumDisplay |43     |34      |9       |23      |0       |0       |
+-----------------------------------------------------------------------------------+


DataNet Average Fanout:

   Index     Fanout    Nets  
    #1         1        95   
    #2         2        75   
    #3         3        4    
    #4         4        5    
    #5        5-10      5    
    #6       11-50      2    
  Average     1.89           

RUN-1002 : start command "export_db responder_pr.db"
RUN-1001 : Exported /
RUN-1001 : Exported flow parameters
RUN-1001 : Exported libs
RUN-1001 : Exported entities
RUN-1001 : Exported ports
RUN-1001 : Exported pins
RUN-1001 : Exported instances
RUN-1001 : Exported nets
RUN-1001 : Exported buses
RUN-1001 : Exported models
RUN-1001 : Exported congestions
RUN-1001 : Exported violations
RUN-1001 : Exported IO constraints
RUN-1001 : Exported Inst constraints
RUN-1002 : start command "export_bid responder_inst.bid"
RUN-1002 : start command "bitgen -bit responder.bit -unused_io_status pulldown"
BIT-1003 : Start to generate bitstream. 
BIT-1002 : Bitgen processed 159 unused pads, reserve input tri_state with pulldown
BIT-1002 : Init instances with 8 threads.
BIT-1002 : Init instances completely, inst num: 255
BIT-1002 : Init pips with 8 threads.
BIT-1002 : Init pips completely, net num: 221, pip num: 1156
BIT-1002 : Init feedthrough completely, num: 1
BIT-1003 : Multithreading accelaration with 8 threads.
BIT-1003 : Generate bitstream completely, there are 434 valid insts, and 3966 bits set as '1'.
BIT-1004 : PLL setting string = 0000
BIT-1004 : Generate bits file responder.bit.
RUN-1003 : finish command "bitgen -bit responder.bit -unused_io_status pulldown" in  1.159718s wall, 1.984375s user + 0.031250s system = 2.015625s CPU (173.8%)

RUN-1004 : used memory is 417 MB, reserved memory is 393 MB, peak memory is 571 MB
RUN-1002 : start command "backup_run_log run.log ../.logs/phy_1/td_20240723_203015.log"
