============================================================
   Tang Dynasty, V5.6.71036
      Copyright (c) 2012-2023 Anlogic Inc.
   Executable = C:/Anlogic/TD5.6.2/bin/td.exe
   Built at =   20:34:38 Mar 21 2023
   Run by =     Timmy
   Run Date =   Sat Jul 27 19:57:01 2024

   Run on =     DESKTOP-A28VB3Q
============================================================
RUN-1002 : start command "open_project responder.prj"
RUN-1001 : Print Global Property
RUN-1001 : ---------------------------------------------------------------
RUN-1001 :        Parameters        |  Settings  |  Default Values  |  Note  
RUN-1001 : ---------------------------------------------------------------
RUN-1001 :          message         |  standard  |     standard     |        
RUN-1001 :   mixed_pack_place_flow  |     on     |        on        |        
RUN-1001 :        qor_monitor       |    off     |       off        |        
RUN-1001 :        syn_ip_flow       |    off     |       off        |        
RUN-1001 :          thread          |    auto    |       auto       |        
RUN-1001 : ---------------------------------------------------------------
RUN-1001 : Print Design Property
RUN-1001 : --------------------------------------------------------------
RUN-1001 :        Parameters       |  Settings  |  Default Values  |  Note  
RUN-1001 : --------------------------------------------------------------
RUN-1001 :   default_reg_initial   |    auto    |       auto       |        
RUN-1001 :        infer_add        |     on     |        on        |        
RUN-1001 :        infer_fsm        |    off     |       off        |        
RUN-1001 :        infer_mult       |     on     |        on        |        
RUN-1001 :        infer_ram        |     on     |        on        |        
RUN-1001 :        infer_reg        |     on     |        on        |        
RUN-1001 :   infer_reg_init_value  |     on     |        on        |        
RUN-1001 :        infer_rom        |     on     |        on        |        
RUN-1001 :      infer_shifter      |     on     |        on        |        
RUN-1001 : --------------------------------------------------------------
RUN-1001 : Print Rtl Property
RUN-1001 : --------------------------------------------------------------
RUN-1001 :        Parameters       |  Settings  |  Default Values  |  Note  
RUN-1001 : --------------------------------------------------------------
RUN-1001 :       compress_add      |   ripple   |      ripple      |        
RUN-1001 :        elf_sload        |    off     |       off        |        
RUN-1001 :       fix_undriven      |     0      |        0         |        
RUN-1001 :         flatten         |    off     |       off        |        
RUN-1001 :       gate_sharing      |     on     |        on        |        
RUN-1001 :    hdl_warning_level    |   normal   |      normal      |        
RUN-1001 :   impl_internal_tribuf  |     on     |        on        |        
RUN-1001 :      impl_set_reset     |     on     |        on        |        
RUN-1001 :        infer_gsr        |    off     |       off        |        
RUN-1001 :      keep_hierarchy     |    auto    |       auto       |        
RUN-1001 :        max_fanout       |    9999    |       9999       |        
RUN-1001 :      max_oh2bin_len     |     10     |        10        |        
RUN-1001 :       merge_equal       |     on     |        on        |        
RUN-1001 :       merge_equiv       |     on     |        on        |        
RUN-1001 :        merge_mux        |    off     |       off        |        
RUN-1001 :     min_control_set     |     8      |        8         |        
RUN-1001 :      min_ripple_len     |    auto    |       auto       |        
RUN-1001 :       oh2bin_ratio      |    0.08    |       0.08       |        
RUN-1001 :     opt_adder_fanout    |     on     |        on        |        
RUN-1001 :        opt_arith        |     on     |        on        |        
RUN-1001 :       opt_big_gate      |    off     |       off        |        
RUN-1001 :        opt_const        |     on     |        on        |        
RUN-1001 :      opt_const_mult     |     on     |        on        |        
RUN-1001 :       opt_lessthan      |     on     |        on        |        
RUN-1001 :         opt_mux         |    off     |       off        |        
RUN-1001 :         opt_ram         |    high    |       high       |        
RUN-1001 :      rtl_sim_model      |    off     |       off        |        
RUN-1001 :         seq_syn         |     on     |        on        |        
RUN-1001 : --------------------------------------------------------------
HDL-1007 : analyze verilog file ../../responder.v
HDL-1007 : analyze verilog file ../../Sel_module.v
HDL-1007 : analyze verilog file ../../Timer_module.v
HDL-1007 : analyze verilog file ../../Buzzer_module.v
HDL-1007 : analyze verilog file ../../Digitron_NumDisplay.v
HDL-1007 : analyze verilog file ../../key_filter.v
HDL-1007 : analyze verilog file ../../../../1 run_led/run_led/led8_module.v
HDL-1007 : analyze verilog file ../../countdown_module.v
RUN-1001 : Project manager successfully analyzed 8 source files.
RUN-1002 : start command "import_device eagle_s20.db -package EG4S20BG256"
ARC-1001 : Device Initialization.
ARC-1001 : ------------------------------------------------------------------
ARC-1001 :            OPTION            |          IO          |   SETTING   
ARC-1001 : ------------------------------------------------------------------
ARC-1001 :   cso_b/cclk/mosi/miso/dout  |  T3/R11/T10/P10/S11  |    gpio    
ARC-1001 :             done             |         P13          |    gpio    
ARC-1001 :           program_b          |          T2          |  dedicate  
ARC-1001 :        tdi/tms/tck/tdo       |   C12/A15/C14/E14    |  dedicate  
ARC-1001 : ------------------------------------------------------------------
ARC-1004 : Device setting, marked 5 dedicate IOs in total.
RUN-1002 : start command "import_db ../syn_1/responder_gate.db"
RUN-1001 : Importing database generated by Tang Dynasty, V5.6.71036.
RUN-1001 : Database version number 46146.
RUN-1001 : Import flow parameters
RUN-1001 : Import IO constraints
RUN-1001 : Import Inst constraints
RUN-1001 : Import design success TD_VERSION=5.6.71036 , DB_VERSION=46146
RUN-1002 : start command "place"
RUN-1001 : Open license file C:/Anlogic/TD5.6.2/license/Anlogic.lic
RUN-1001 : Print Global Property
RUN-1001 : ---------------------------------------------------------------
RUN-1001 :        Parameters        |  Settings  |  Default Values  |  Note  
RUN-1001 : ---------------------------------------------------------------
RUN-1001 :          message         |  standard  |     standard     |        
RUN-1001 :   mixed_pack_place_flow  |     on     |        on        |        
RUN-1001 :        qor_monitor       |    off     |       off        |        
RUN-1001 :        syn_ip_flow       |    off     |       off        |        
RUN-1001 :          thread          |    auto    |       auto       |        
RUN-1001 : ---------------------------------------------------------------
RUN-1001 : Print Place Property
RUN-1001 : --------------------------------------------------------------
RUN-1001 :        Parameters       |  Settings  |  Default Values  |  Note  
RUN-1001 : --------------------------------------------------------------
RUN-1001 :      detailed_place     |     on     |        on        |        
RUN-1001 :          effort         |   medium   |      medium      |        
RUN-1001 :         fix_hold        |    off     |       off        |        
RUN-1001 :       legalization      |    ori     |       ori        |        
RUN-1001 :      new_spreading      |     on     |        on        |        
RUN-1001 :        opt_timing       |   medium   |      medium      |        
RUN-1001 :   post_clock_route_opt  |    off     |       off        |        
RUN-1001 :       pr_strategy       |     1      |        1         |        
RUN-1001 :        relaxation       |    1.00    |       1.00       |        
RUN-1001 :         retiming        |    off     |       off        |        
RUN-1001 : --------------------------------------------------------------
PHY-3001 : Placer runs in 8 thread(s).
RUN-1002 : start command "legalize_phy_inst"
SYN-1011 : Flatten model responder
RUN-1002 : start command "phys_opt -simplify_lut"
SYN-4024 : Net "CLK_dup_1" drives clk pins.
SYN-4024 : Net "U2/CLK1" drives clk pins.
SYN-4024 : Net "U4/W_DigitronCS_Out_n" drives clk pins.
SYN-4024 : Net "Set_Time_dup_1" drives clk pins.
SYN-4024 : Net "U4/SingleNum_b_n4" drives clk pins.
SYN-4024 : Net "U7/temp_time_n" drives clk pins.
SYN-4025 : Tag rtl::Net CLK_dup_1 as clock net
SYN-4025 : Tag rtl::Net Set_Time_dup_1 as clock net
SYN-4025 : Tag rtl::Net U2/CLK1 as clock net
SYN-4025 : Tag rtl::Net U4/SingleNum_b_n4 as clock net
SYN-4025 : Tag rtl::Net U4/W_DigitronCS_Out_n as clock net
SYN-4025 : Tag rtl::Net U7/temp_time_n as clock net
SYN-4026 : Tagged 6 rtl::Net as clock net
SYN-4015 : Create BUFG instance for clk Net U2/CLK1 to drive 11 clock pins.
SYN-4015 : Create BUFG instance for clk Net U4/W_DigitronCS_Out_n to drive 8 clock pins.
SYN-4015 : Create BUFG instance for clk Net U4/SingleNum_b_n4 to drive 4 clock pins.
SYN-4015 : Create BUFG instance for clk Net U7/temp_time_n to drive 3 clock pins.
PHY-1001 : Populate physical database on model responder.
RUN-1001 : There are total 425 instances
RUN-0007 : 178 luts, 149 seqs, 35 mslices, 20 lslices, 35 pads, 0 brams, 1 dsps
RUN-1001 : There are total 567 nets
RUN-1001 : 330 nets have 2 pins
RUN-1001 : 197 nets have [3 - 5] pins
RUN-1001 : 28 nets have [6 - 10] pins
RUN-1001 : 6 nets have [11 - 20] pins
RUN-1001 : 4 nets have [21 - 99] pins
RUN-1001 : 2 nets have 100+ pins
RUN-1001 : Report Control nets information:
RUN-1001 : DFF Distribution
RUN-1001 : ----------------------------------
RUN-1001 :   CE   |  SSR  |  ASR  |  DFF Count  
RUN-1001 : ----------------------------------
RUN-1001 :   No   |  No   |  No   |     36      
RUN-1001 :   No   |  No   |  Yes  |     51      
RUN-1001 :   No   |  Yes  |  No   |     29      
RUN-1001 :   Yes  |  No   |  No   |      0      
RUN-1001 :   Yes  |  No   |  Yes  |     33      
RUN-1001 :   Yes  |  Yes  |  No   |      0      
RUN-1001 : ----------------------------------
RUN-0007 : Control Group Statistic
RUN-0007 : ---------------------------
RUN-0007 :   #CLK  |  #CE  |  #SSR/ASR  
RUN-0007 : ---------------------------
RUN-0007 :    7    |   3   |     5      
RUN-0007 : ---------------------------
RUN-0007 : Control Set = 12
PHY-3001 : Initial placement ...
PHY-3001 : design contains 423 instances, 178 luts, 149 seqs, 55 slices, 7 macros(55 instances: 35 mslices 20 lslices)
PHY-0007 : Cell area utilization is 1%
PHY-3001 : Global placement ...
PHY-3001 : Initial: Len = 143130
PHY-3001 : Clustering ...
PHY-3001 : Level 0 #clusters 423.
PHY-3001 : End clustering;  0.000024s wall, 0.000000s user + 0.000000s system = 0.000000s CPU (n/a%)

PHY-3001 : Run with size of 4
PHY-3001 : Cell area utilization is 1%
PHY-3001 : :::0::: Try harder cell spreading with beta_ = 0
PHY-3002 : Step(1): len = 85231.5, overlap = 2.25
PHY-3002 : Step(2): len = 61061.2, overlap = 2.25
PHY-3002 : Step(3): len = 43723.5, overlap = 2.25
PHY-3002 : Step(4): len = 33608.2, overlap = 0
PHY-3002 : Step(5): len = 28684.3, overlap = 0
PHY-3002 : Step(6): len = 27288.6, overlap = 0
PHY-3002 : Step(7): len = 24026.8, overlap = 2.25
PHY-3002 : Step(8): len = 22072.4, overlap = 2.25
PHY-3002 : Step(9): len = 22119.2, overlap = 2.25
PHY-3002 : Step(10): len = 19786.9, overlap = 0
PHY-3002 : Step(11): len = 18673.1, overlap = 0
PHY-3002 : Step(12): len = 18199.7, overlap = 0
PHY-3002 : Step(13): len = 17028.2, overlap = 0
PHY-3002 : Step(14): len = 16848.6, overlap = 0
PHY-3002 : Step(15): len = 16423, overlap = 0
PHY-3002 : Step(16): len = 15445.7, overlap = 2.25
PHY-3002 : Step(17): len = 15496.6, overlap = 2.25
PHY-3002 : Step(18): len = 14857.6, overlap = 2.25
PHY-3002 : Step(19): len = 14221.2, overlap = 2.25
PHY-3002 : Step(20): len = 14331, overlap = 2.25
PHY-3002 : Step(21): len = 13079.7, overlap = 2.25
PHY-3002 : Step(22): len = 12205, overlap = 2.25
PHY-3002 : Step(23): len = 12749.9, overlap = 2.25
PHY-3001 : :::1::: Try harder cell spreading with beta_ = 0.000319873
PHY-3002 : Step(24): len = 12710.6, overlap = 0
PHY-3002 : Step(25): len = 11610.7, overlap = 2.25
PHY-3002 : Step(26): len = 11723.3, overlap = 2.25
PHY-3002 : Step(27): len = 11044.5, overlap = 0
PHY-3002 : Step(28): len = 11038.5, overlap = 0
PHY-3002 : Step(29): len = 11039.4, overlap = 0
PHY-3001 : Legalization ...
PHY-3001 : End legalization;  0.004593s wall, 0.000000s user + 0.000000s system = 0.000000s CPU (n/a%)

PHY-3001 : Run with size of 4
PHY-3001 : Cell area utilization is 1%
PHY-3001 : :::0::: Try harder cell spreading with beta_ = 0
PHY-3002 : Step(30): len = 11131.9, overlap = 0
PHY-3002 : Step(31): len = 11234.2, overlap = 0
PHY-3002 : Step(32): len = 11603.2, overlap = 0
PHY-3002 : Step(33): len = 11832, overlap = 0
PHY-3002 : Step(34): len = 10766.1, overlap = 0
PHY-3002 : Step(35): len = 10761.7, overlap = 0
PHY-3002 : Step(36): len = 10816.2, overlap = 0
PHY-3002 : Step(37): len = 10904.7, overlap = 0
PHY-3002 : Step(38): len = 10881.9, overlap = 0
PHY-3002 : Step(39): len = 10532.5, overlap = 0
PHY-3002 : Step(40): len = 10545.3, overlap = 0
PHY-3002 : Step(41): len = 10231.4, overlap = 0
PHY-3002 : Step(42): len = 10336.3, overlap = 0
PHY-3002 : Step(43): len = 9992.4, overlap = 0
PHY-3002 : Step(44): len = 10108.1, overlap = 0
PHY-3002 : Step(45): len = 10038.9, overlap = 0
PHY-3002 : Step(46): len = 10186.4, overlap = 0
PHY-3002 : Step(47): len = 9974.8, overlap = 0
PHY-3002 : Step(48): len = 9698, overlap = 0
PHY-3002 : Step(49): len = 9811.5, overlap = 0
PHY-3002 : Step(50): len = 9439.4, overlap = 0
PHY-3002 : Step(51): len = 9577.9, overlap = 0
PHY-3002 : Step(52): len = 9329.1, overlap = 0
PHY-3002 : Step(53): len = 8939.4, overlap = 0
PHY-3002 : Step(54): len = 8915.9, overlap = 0
PHY-3002 : Step(55): len = 8554.9, overlap = 0
PHY-3002 : Step(56): len = 8391.9, overlap = 0
PHY-3002 : Step(57): len = 8089.7, overlap = 0
PHY-3002 : Step(58): len = 8228.5, overlap = 0
PHY-3002 : Step(59): len = 7832.9, overlap = 0
PHY-3002 : Step(60): len = 7893.9, overlap = 0
PHY-3002 : Step(61): len = 7642, overlap = 0.3125
PHY-3002 : Step(62): len = 7429.6, overlap = 0.5
PHY-3002 : Step(63): len = 7504.4, overlap = 0.5
PHY-3002 : Step(64): len = 7595.2, overlap = 0.25
PHY-3001 : Run with size of 2
PHY-3001 : Cell area utilization is 1%
PHY-3001 : :::0::: Try harder cell spreading with beta_ = 0.00716565
PHY-3002 : Step(65): len = 7168.4, overlap = 3.90625
PHY-3002 : Step(66): len = 7195, overlap = 4.65625
PHY-3002 : Step(67): len = 7238.1, overlap = 4.65625
OPT-1001 : Start physical optimization ...
OPT-1001 : Total overflow 23.31 peak overflow 2.38
OPT-1001 : Start high-fanout net optimization ...
OPT-1001 : Update timing in global mode
PHY-1001 : Start incremental global routing, caller is place ...
RUN-1001 : Generating global routing grids ...
RUN-1001 : Building simple global routing graph ...
PHY-1001 : Generate routing nets ...
PHY-1001 : Reuse net number 0/567.
PHY-1001 : Global iterations in 8 thread ...
PHY-1002 : len = 8144, over cnt = 30(0%), over = 83, worst = 11
PHY-1001 : End global iterations;  0.028440s wall, 0.000000s user + 0.000000s system = 0.000000s CPU (n/a%)

PHY-1001 : Congestion index: top1 = 13.62, top5 = 5.49, top10 = 2.85, top15 = 1.90.
PHY-1001 : End incremental global routing;  0.082680s wall, 0.031250s user + 0.000000s system = 0.031250s CPU (37.8%)

RUN-1002 : start command "start_timer -report"
TMR-5001 WARNING: No sdc constraints found while initiating timer.
TMR-2505 : Start building timing graph for model responder.
TMR-2506 : Build timing graph completely. Port num: 13, tpin num: 1914, tnet num: 565, tinst num: 423, tnode num: 2493, tedge num: 3069.
TMR-2508 : Levelizing timing graph completed, there are 29 levels in total.
TMR-2501 : Timing graph initialized successfully.
OPT-1001 : End timing update;  0.246071s wall, 0.203125s user + 0.000000s system = 0.203125s CPU (82.5%)

OPT-1001 : 0 high-fanout net processed.
OPT-1001 : End high-fanout net optimization;  0.334219s wall, 0.234375s user + 0.000000s system = 0.234375s CPU (70.1%)

OPT-1001 : Current memory(MB): used = 137, reserve = 109, peak = 137.
OPT-1001 : End physical optimization;  0.340297s wall, 0.234375s user + 0.000000s system = 0.234375s CPU (68.9%)

PHY-3001 : Start packing ...
SYN-4007 : Packing 0 MUX to BLE ...
SYN-4008 : Packed 0 MUX and 0 SEQ to BLE.
SYN-4007 : Packing 178 LUT to BLE ...
SYN-4008 : Packed 178 LUT and 83 SEQ to BLE.
SYN-4003 : Packing 66 remaining SEQ's ...
SYN-4005 : Packed 49 SEQ with LUT/SLICE
SYN-4006 : 52 single LUT's are left
SYN-4006 : 17 single SEQ's are left
SYN-4011 : Packing model "responder" (AL_USER_NORMAL) with 195/293 primitive instances ...
PHY-3001 : End packing;  0.012489s wall, 0.000000s user + 0.000000s system = 0.000000s CPU (n/a%)

PHY-1001 : Populate physical database on model responder.
RUN-1001 : There are total 206 instances
RUN-1001 : 81 mslices, 82 lslices, 35 pads, 0 brams, 1 dsps
RUN-1001 : There are total 494 nets
RUN-1001 : 265 nets have 2 pins
RUN-1001 : 189 nets have [3 - 5] pins
RUN-1001 : 28 nets have [6 - 10] pins
RUN-1001 : 8 nets have [11 - 20] pins
RUN-1001 : 2 nets have [21 - 99] pins
RUN-1001 : 2 nets have 100+ pins
PHY-3001 : design contains 204 instances, 163 slices, 7 macros(55 instances: 35 mslices 20 lslices)
PHY-3001 : Cell area utilization is 2%
PHY-3001 : After packing: Len = 7756.6, Over = 6.75
PHY-3001 : Run with size of 2
PHY-3001 : Cell area utilization is 2%
PHY-3001 : :::0::: Try harder cell spreading with beta_ = 0.000141017
PHY-3002 : Step(68): len = 7787.8, overlap = 4.25
PHY-3002 : Step(69): len = 7839.3, overlap = 4.25
PHY-3002 : Step(70): len = 7735.7, overlap = 3.75
PHY-3002 : Step(71): len = 7565.6, overlap = 4.5
PHY-3002 : Step(72): len = 7552.2, overlap = 4.75
PHY-3002 : Step(73): len = 7527, overlap = 5.25
PHY-3001 : :::1::: Try harder cell spreading with beta_ = 0.000282034
PHY-3002 : Step(74): len = 7486, overlap = 5.5
PHY-3002 : Step(75): len = 7486, overlap = 5.5
PHY-3001 : :::2::: Try harder cell spreading with beta_ = 0.000564068
PHY-3002 : Step(76): len = 7431.8, overlap = 5.5
PHY-3002 : Step(77): len = 7431.8, overlap = 5.5
PHY-3001 : Legalization ...
PHY-3001 : End legalization;  0.042965s wall, 0.000000s user + 0.000000s system = 0.000000s CPU (n/a%)

PHY-3001 : Trial Legalized: Len = 11007.7
PHY-3001 : Run with size of 2
PHY-3001 : Cell area utilization is 2%
PHY-3001 : :::0::: Try harder cell spreading with beta_ = 0
PHY-3002 : Step(78): len = 8895.9, overlap = 0.25
PHY-3002 : Step(79): len = 8151.5, overlap = 3.25
PHY-3002 : Step(80): len = 7773.6, overlap = 4
PHY-3002 : Step(81): len = 7727.9, overlap = 4
PHY-3002 : Step(82): len = 7745.3, overlap = 4
PHY-3001 : :::1::: Try harder cell spreading with beta_ = 0.00411614
PHY-3002 : Step(83): len = 7671.5, overlap = 3.5
PHY-3002 : Step(84): len = 7671.5, overlap = 3.5
PHY-3001 : Legalization ...
PHY-3001 : End legalization;  0.005331s wall, 0.000000s user + 0.000000s system = 0.000000s CPU (n/a%)

PHY-3001 : Legalized: Len = 9515, Over = 0
PHY-3001 : Spreading special nets. 3 overflows in 2952 tiles.
PHY-3001 : End spreading;  0.002930s wall, 0.000000s user + 0.000000s system = 0.000000s CPU (n/a%)

PHY-3001 : 3 instances has been re-located, deltaX = 1, deltaY = 2, maxDist = 1.
PHY-3001 : Final: Len = 9527, Over = 0
OPT-1001 : Start physical optimization ...
OPT-1001 : Total overflow 0.00 peak overflow 0.00
OPT-1001 : Start high-fanout net optimization ...
OPT-1001 : Update timing in global mode
PHY-1001 : Start incremental global routing, caller is place ...
RUN-1001 : Generating global routing grids ...
PHY-1001 : Generate routing nets ...
PHY-1001 : Reuse net number 25/494.
PHY-1001 : Global iterations in 8 thread ...
PHY-1002 : len = 10184, over cnt = 22(0%), over = 36, worst = 4
PHY-1002 : len = 10328, over cnt = 14(0%), over = 22, worst = 4
PHY-1002 : len = 10608, over cnt = 0(0%), over = 0, worst = 0
PHY-1001 : End global iterations;  0.042959s wall, 0.015625s user + 0.000000s system = 0.015625s CPU (36.4%)

PHY-1001 : Congestion index: top1 = 15.80, top5 = 7.12, top10 = 3.76, top15 = 2.51.
PHY-1001 : End incremental global routing;  0.090922s wall, 0.046875s user + 0.000000s system = 0.046875s CPU (51.6%)

RUN-1002 : start command "start_timer -report"
TMR-5001 WARNING: No sdc constraints found while initiating timer.
TMR-2505 : Start building timing graph for model responder.
TMR-2506 : Build timing graph completely. Port num: 13, tpin num: 1658, tnet num: 492, tinst num: 204, tnode num: 2129, tedge num: 2784.
TMR-2508 : Levelizing timing graph completed, there are 27 levels in total.
TMR-2501 : Timing graph initialized successfully.
OPT-1001 : End timing update;  0.217699s wall, 0.156250s user + 0.000000s system = 0.156250s CPU (71.8%)

OPT-1001 : 0 high-fanout net processed.
OPT-1001 : End high-fanout net optimization;  0.313790s wall, 0.203125s user + 0.000000s system = 0.203125s CPU (64.7%)

OPT-1001 : Current memory(MB): used = 139, reserve = 110, peak = 139.
OPT-1001 : Update timing in Manhattan mode
OPT-1001 : End timing update;  0.000362s wall, 0.000000s user + 0.000000s system = 0.000000s CPU (n/a%)

OPT-1001 : Start pin optimization...
OPT-1001 : skip pin optimization...
RUN-1001 : Generating global routing grids ...
PHY-1001 : Generate routing nets ...
PHY-1001 : Reuse net number 369/494.
PHY-1001 : Global iterations in 8 thread ...
PHY-1002 : len = 10608, over cnt = 0(0%), over = 0, worst = 0
PHY-1001 : End global iterations;  0.001847s wall, 0.000000s user + 0.000000s system = 0.000000s CPU (n/a%)

PHY-1001 : Congestion index: top1 = 15.80, top5 = 7.12, top10 = 3.76, top15 = 2.51.
OPT-1001 : Update timing in Manhattan mode
OPT-1001 : End timing update;  0.000604s wall, 0.000000s user + 0.000000s system = 0.000000s CPU (n/a%)

RUN-1001 : QoR Analysis:
OPT-0007 :   WNS 2147483647 TNS 0 NUM_FEPS 0
RUN-1001 :   No local congestion issue, and most congested 1% tile average routing util is 15.379310
RUN-1001 :   Top critical paths
OPT-1001 : End physical optimization;  0.367876s wall, 0.250000s user + 0.000000s system = 0.250000s CPU (68.0%)

RUN-1003 : finish command "place" in  2.110510s wall, 1.140625s user + 0.390625s system = 1.531250s CPU (72.6%)

RUN-1004 : used memory is 129 MB, reserved memory is 100 MB, peak memory is 139 MB
RUN-1002 : start command "export_db responder_place.db"
RUN-1001 : Exported /
RUN-1001 : Exported flow parameters
RUN-1001 : Exported libs
RUN-1001 : Exported entities
RUN-1001 : Exported ports
RUN-1001 : Exported pins
RUN-1001 : Exported instances
RUN-1001 : Exported nets
RUN-1001 : Exported buses
RUN-1001 : Exported models
RUN-1001 : Exported congestions
RUN-1001 : Exported violations
RUN-1001 : Exported IO constraints
RUN-1001 : Exported Inst constraints
RUN-1002 : start command "route"
RUN-1001 : Open license file C:/Anlogic/TD5.6.2/license/Anlogic.lic
RUN-1001 : Print Global Property
RUN-1001 : ---------------------------------------------------------------
RUN-1001 :        Parameters        |  Settings  |  Default Values  |  Note  
RUN-1001 : ---------------------------------------------------------------
RUN-1001 :          message         |  standard  |     standard     |        
RUN-1001 :   mixed_pack_place_flow  |     on     |        on        |        
RUN-1001 :        qor_monitor       |    off     |       off        |        
RUN-1001 :        syn_ip_flow       |    off     |       off        |        
RUN-1001 :          thread          |    auto    |       auto       |        
RUN-1001 : ---------------------------------------------------------------
RUN-1002 : start command "set_param route phy_sim_model on"
RUN-1001 : Print Route Property
RUN-1001 : -------------------------------------------------------
RUN-1001 :    Parameters    |  Settings  |  Default Values  |  Note  
RUN-1001 : -------------------------------------------------------
RUN-1001 :      effort      |   medium   |      medium      |        
RUN-1001 :     fix_hold     |    off     |       off        |        
RUN-1001 :    opt_timing    |   medium   |      medium      |        
RUN-1001 :   phy_sim_model  |     on     |       off        |   *    
RUN-1001 :     priority     |   timing   |      timing      |        
RUN-1001 :     swap_pin     |     on     |        on        |        
RUN-1001 : -------------------------------------------------------
PHY-1001 : Route runs in 8 thread(s)
RUN-1001 : There are total 206 instances
RUN-1001 : 81 mslices, 82 lslices, 35 pads, 0 brams, 1 dsps
RUN-1001 : There are total 494 nets
RUN-1001 : 265 nets have 2 pins
RUN-1001 : 189 nets have [3 - 5] pins
RUN-1001 : 28 nets have [6 - 10] pins
RUN-1001 : 8 nets have [11 - 20] pins
RUN-1001 : 2 nets have [21 - 99] pins
RUN-1001 : 2 nets have 100+ pins
RUN-1002 : start command "start_timer -report"
TMR-5001 WARNING: No sdc constraints found while initiating timer.
TMR-2505 : Start building timing graph for model responder.
TMR-2506 : Build timing graph completely. Port num: 13, tpin num: 1658, tnet num: 492, tinst num: 204, tnode num: 2129, tedge num: 2784.
TMR-2508 : Levelizing timing graph completed, there are 27 levels in total.
TMR-2501 : Timing graph initialized successfully.
PHY-1001 : 81 mslices, 82 lslices, 35 pads, 0 brams, 1 dsps
TMR-2503 : Start to update net delay, extr mode = 3.
TMR-2504 : Update delay of 492 nets completely.
TMR-2502 : Annotate delay completely, extr mode = 3.
TMR-3002 : No user constraint, initiate default constraint.
TMR-1501 : Assign derive clock DeriveClock to 286 clock pins, and constraint 471 relative nodes.
TMR-3003 : Constraints initiated successfully.
TMR-3501 : Forward propagation: start to calculate arrival time...
TMR-3502 : Backward propagation: start to calculate required time...
TMR-3503 : Timing propagation completes.
PHY-1001 : Start global routing, caller is route ...
RUN-1001 : Generating global routing grids ...
PHY-1001 : Generate routing nets ...
PHY-1001 : Global iterations in 8 thread ...
PHY-1002 : len = 10168, over cnt = 22(0%), over = 36, worst = 4
PHY-1002 : len = 10224, over cnt = 15(0%), over = 25, worst = 4
PHY-1002 : len = 10624, over cnt = 0(0%), over = 0, worst = 0
PHY-1001 : End global iterations;  0.049692s wall, 0.000000s user + 0.000000s system = 0.000000s CPU (n/a%)

PHY-1001 : Congestion index: top1 = 15.78, top5 = 7.12, top10 = 3.75, top15 = 2.50.
PHY-1001 : End global routing;  0.098981s wall, 0.031250s user + 0.000000s system = 0.031250s CPU (31.6%)

PHY-1001 : Start detail routing ...
PHY-1001 : Current memory(MB): used = 152, reserve = 123, peak = 160.
PHY-1001 : Detailed router is running in normal mode.
PHY-1001 : Generate detailed routing grids ...
PHY-1001 : Processed IO instance Add_Time_syn_2 with INV attribute.
PHY-1001 : Processed IO instance DigitronCS_Out[3]_syn_2 with INV attribute.
PHY-1001 : Processed IO instance DigitronCS_Out[2]_syn_2 with INV attribute.
PHY-1001 : Processed IO instance DigitronCS_Out[1]_syn_2 with INV attribute.
PHY-1001 : Processed IO instance DigitronCS_Out[0]_syn_2 with INV attribute.
PHY-1001 : Generate nets ...
PHY-1001 : net CLK_dup_1 will be routed on clock mesh
PHY-1001 : net Set_Time_dup_1 will be routed on clock mesh
PHY-1001 : clock net U7/temp_time_n_syn_3 will be merged with clock U7/temp_time_n
PHY-1001 : clock net U2/CLK1_syn_4 will be merged with clock U2/CLK1
PHY-1001 : clock net U4/SingleNum_b_n4_syn_10 will be merged with clock U4/SingleNum_b_n4
PHY-1001 : clock net U4/W_DigitronCS_Out_n_syn_4 will be merged with clock U4/W_DigitronCS_Out_n
PHY-1001 : Current memory(MB): used = 421, reserve = 397, peak = 421.
PHY-1001 : End build detailed router design. 3.885366s wall, 3.265625s user + 0.093750s system = 3.359375s CPU (86.5%)

PHY-1001 : Detail Route ...
PHY-1001 : ===== Detail Route Phase 1 =====
PHY-1001 : Clock net routing.....
PHY-1001 : Routed 1% nets.
PHY-1022 : len = 15344, over cnt = 0(0%), over = 0, worst = 0, crit = 0
PHY-1001 : End initial clock net routed; 1.883175s wall, 1.578125s user + 0.000000s system = 1.578125s CPU (83.8%)

PHY-1001 : Current memory(MB): used = 453, reserve = 430, peak = 453.
PHY-1001 : End phase 1; 1.888713s wall, 1.578125s user + 0.000000s system = 1.578125s CPU (83.6%)

PHY-1001 : ===== Detail Route Phase 2 =====
PHY-1001 : Initial routing.....
PHY-1001 : Routed 30% nets.
PHY-1001 : Routed 38% nets.
PHY-1001 : Routed 50% nets.
PHY-1001 : Routed 65% nets.
PHY-1001 : Routed 81% nets.
PHY-1022 : len = 37112, over cnt = 12(0%), over = 12, worst = 1, crit = 0
PHY-1001 : Current memory(MB): used = 453, reserve = 430, peak = 453.
PHY-1001 : End initial routed; 0.238158s wall, 0.093750s user + 0.000000s system = 0.093750s CPU (39.4%)

PHY-1001 : Current memory(MB): used = 453, reserve = 430, peak = 453.
PHY-1001 : End phase 2; 0.238214s wall, 0.093750s user + 0.000000s system = 0.093750s CPU (39.4%)

PHY-1001 : ===== Detail Route Phase 3 =====
PHY-1001 : Ripup-reroute.....
PHY-1001 : ===== DR Iter 1 =====
PHY-1022 : len = 37112, over cnt = 5(0%), over = 5, worst = 1, crit = 0
PHY-1001 : End DR Iter 1; 0.019096s wall, 0.000000s user + 0.015625s system = 0.015625s CPU (81.8%)

PHY-1001 : ===== DR Iter 2 =====
PHY-1022 : len = 37144, over cnt = 0(0%), over = 0, worst = 0, crit = 0
PHY-1001 : End DR Iter 2; 0.016520s wall, 0.000000s user + 0.000000s system = 0.000000s CPU (n/a%)

PHY-1001 : Commit to database.....
PHY-1001 : 5 feed throughs used by 5 nets
PHY-1001 : End commit to database; 0.055500s wall, 0.031250s user + 0.000000s system = 0.031250s CPU (56.3%)

PHY-1001 : Current memory(MB): used = 462, reserve = 439, peak = 462.
PHY-1001 : End phase 3; 0.208074s wall, 0.140625s user + 0.015625s system = 0.156250s CPU (75.1%)

PHY-1003 : Routed, final wirelength = 37144
PHY-1001 : Current memory(MB): used = 462, reserve = 439, peak = 462.
PHY-1001 : End export database. 0.005434s wall, 0.015625s user + 0.000000s system = 0.015625s CPU (287.5%)

PHY-1001 : End detail routing;  6.439432s wall, 5.265625s user + 0.109375s system = 5.375000s CPU (83.5%)

RUN-1003 : finish command "route" in  6.838247s wall, 5.515625s user + 0.140625s system = 5.656250s CPU (82.7%)

RUN-1004 : used memory is 419 MB, reserved memory is 394 MB, peak memory is 462 MB
RUN-1002 : start command "report_area -io_info -file responder_phy.area"
RUN-1001 : standard
***Report Model: responder Device: EG4S20BG256***

IO Statistics
#IO                        35
  #input                    9
  #output                  26
  #inout                    0

Utilization Statistics
#lut                      290   out of  19600    1.48%
#reg                      189   out of  19600    0.96%
#le                       307
  #lut only               118   out of    307   38.44%
  #reg only                17   out of    307    5.54%
  #lut&reg                172   out of    307   56.03%
#dsp                        1   out of     29    3.45%
#bram                       0   out of     64    0.00%
  #bram9k                   0
  #fifo9k                   0
#bram32k                    0   out of     16    0.00%
#pad                       35   out of    188   18.62%
  #ireg                     5
  #oreg                    14
  #treg                     0
#pll                        0   out of      4    0.00%
#gclk                       4   out of     16   25.00%

Clock Resource Statistics
Index     ClockNet                 Type               DriverType         Driver                     Fanout
#1        CLK_dup_1                GCLK               io                 CLK_syn_2.di               117
#2        U2/CLK1                  GCLK               lslice             U2/CLK1_reg_syn_35.q0      9
#3        Set_Time_dup_1           GCLK               io                 Set_Time_syn_2.di          8
#4        U4/W_DigitronCS_Out_n    GCLK               lslice             U4/reg2_syn_25.f1          8
#5        U4/SingleNum_b_n4        GCLK               mslice             U4/reg1_syn_56.f1          3
#6        U7/temp_time_n           GCLK               lslice             U7/temp_time_n_syn_7.f0    3


Detailed IO Report

        Name           Direction    Location    IOStandard    DriveStrength    PullType    PackReg  
      Add_Time           INPUT        B10        LVCMOS33          N/A          PULLUP      IREG    
         CLK             INPUT         R7        LVCMOS33          N/A          PULLUP      NONE    
      Key_In[3]          INPUT        F10        LVCMOS33          N/A          PULLUP      IREG    
      Key_In[2]          INPUT        C11        LVCMOS33          N/A          PULLUP      IREG    
      Key_In[1]          INPUT        D11        LVCMOS33          N/A          PULLUP      IREG    
      Key_In[0]          INPUT        E11        LVCMOS33          N/A          PULLUP      IREG    
     Minus_Time          INPUT        A11        LVCMOS33          N/A          PULLUP      NONE    
        RSTn             INPUT         A9        LVCMOS33          N/A          PULLUP      NONE    
      Set_Time           INPUT        A10        LVCMOS33          N/A          PULLUP      NONE    
     Buzzer_Out         OUTPUT        H11        LVCMOS33           8            NONE       OREG    
  DigitronCS_Out[3]     OUTPUT         A3        LVCMOS33           8            NONE       OREG    
  DigitronCS_Out[2]     OUTPUT         A5        LVCMOS33           8            NONE       OREG    
  DigitronCS_Out[1]     OUTPUT         B6        LVCMOS33           8            NONE       OREG    
  DigitronCS_Out[0]     OUTPUT         C9        LVCMOS33           8            NONE       OREG    
   Digitron_Out[7]      OUTPUT         C8        LVCMOS33           8            NONE       NONE    
   Digitron_Out[6]      OUTPUT         A8        LVCMOS33           8            NONE       NONE    
   Digitron_Out[5]      OUTPUT         B5        LVCMOS33           8            NONE       NONE    
   Digitron_Out[4]      OUTPUT         A7        LVCMOS33           8            NONE       NONE    
   Digitron_Out[3]      OUTPUT         E8        LVCMOS33           8            NONE       NONE    
   Digitron_Out[2]      OUTPUT         B8        LVCMOS33           8            NONE       NONE    
   Digitron_Out[1]      OUTPUT         A6        LVCMOS33           8            NONE       NONE    
   Digitron_Out[0]      OUTPUT         A4        LVCMOS33           8            NONE       NONE    
     Key_Row[3]         OUTPUT        E10        LVCMOS33           8            NONE       NONE    
     Key_Row[2]         OUTPUT        C10        LVCMOS33           8            NONE       NONE    
     Key_Row[1]         OUTPUT         F9        LVCMOS33           8            NONE       NONE    
     Key_Row[0]         OUTPUT         D9        LVCMOS33           8            NONE       NONE    
     LED_Out[3]         OUTPUT         C2        LVCMOS33           8            NONE       OREG    
     LED_Out[2]         OUTPUT         C1        LVCMOS33           8            NONE       OREG    
     LED_Out[1]         OUTPUT         E4        LVCMOS33           8            NONE       OREG    
     LED_Out[0]         OUTPUT         D3        LVCMOS33           8            NONE       OREG    
  LED_OverTime_Out      OUTPUT        F16        LVCMOS33           8            NONE       OREG    
     LED_Run[3]         OUTPUT        C15        LVCMOS33           8            NONE       OREG    
     LED_Run[2]         OUTPUT        B16        LVCMOS33           8            NONE       OREG    
     LED_Run[1]         OUTPUT        B15        LVCMOS33           8            NONE       OREG    
     LED_Run[0]         OUTPUT        B14        LVCMOS33           8            NONE       OREG    

Report Hierarchy Area:
+-----------------------------------------------------------------------------------+
|Instance |Module              |le     |lut     |ripple  |seq     |bram    |dsp     |
+-----------------------------------------------------------------------------------+
|top      |responder           |307    |235     |55      |208     |0       |1       |
|  U1     |Sel_module          |63     |50      |7       |38      |0       |0       |
|  U2     |Timer_module        |64     |54      |10      |42      |0       |0       |
|  U3     |Buzzer_module       |38     |23      |6       |27      |0       |0       |
|  U4     |Digitron_NumDisplay |57     |48      |9       |28      |0       |0       |
|  U5     |key_filter          |32     |19      |11      |22      |0       |0       |
|  U6     |led8_module         |44     |32      |12      |26      |0       |0       |
|  U7     |countdown_module    |9      |9       |0       |6       |0       |1       |
+-----------------------------------------------------------------------------------+


DataNet Average Fanout:

   Index     Fanout    Nets  
    #1         1       230   
    #2         2       165   
    #3         3        13   
    #4         4        9    
    #5        5-10      27   
    #6       11-50      6    
    #7       51-100     1    
  Average     2.17           

RUN-1002 : start command "write_verilog simulation/responder_phy_sim.v"
HDL-1201 : write out verilog file simulation/responder_phy_sim.v
RUN-1002 : start command "export_db responder_pr.db"
RUN-1001 : Exported /
RUN-1001 : Exported flow parameters
RUN-1001 : Exported libs
RUN-1001 : Exported entities
RUN-1001 : Exported ports
RUN-1001 : Exported pins
RUN-1001 : Exported instances
RUN-1001 : Exported nets
RUN-1001 : Exported buses
RUN-1001 : Exported models
RUN-1001 : Exported congestions
RUN-1001 : Exported violations
RUN-1001 : Exported IO constraints
RUN-1001 : Exported Inst constraints
RUN-1002 : start command "start_timer"
TMR-5001 WARNING: No sdc constraints found while initiating timer.
TMR-2505 : Start building timing graph for model responder.
TMR-2506 : Build timing graph completely. Port num: 13, tpin num: 1658, tnet num: 492, tinst num: 204, tnode num: 2129, tedge num: 2784.
TMR-2508 : Levelizing timing graph completed, there are 27 levels in total.
TMR-2501 : Timing graph initialized successfully.
RUN-1002 : start command "report_timing -mode FINAL -net_info -rpt_autogen true -file responder_phy.timing -sdf simulation/responder.sdf"
TMR-2503 : Start to update net delay, extr mode = 6.
TMR-2504 : Update delay of 492 nets completely.
TMR-2502 : Annotate delay completely, extr mode = 6.
TMR-3002 : No user constraint, initiate default constraint.
TMR-1501 : Assign derive clock DeriveClock to 286 clock pins, and constraint 471 relative nodes.
TMR-3003 : Constraints initiated successfully.
TMR-3501 : Forward propagation: start to calculate arrival time...
TMR-3502 : Backward propagation: start to calculate required time...
TMR-3503 : Timing propagation completes.
TMR-3506 : Start to generate timing report.
TMR-1502 : Number of clock constraints = 0. Number of clock nets = 6 (6 unconstrainted).
TMR-5009 WARNING: No clock constraint on 6 clock net(s): 
		CLK_dup_1
		Set_Time_dup_1
		U2/CLK1_syn_4
		U4/SingleNum_b_n4_syn_10
		U4/W_DigitronCS_Out_n_syn_4
		U7/temp_time_n_syn_3
TMR-3508 : Export timing summary.
TMR-3507 : Timing report generated successfully in responder_phy.timing, timing summary in responder_phy.tsm.
TMR-1001 : Start to generate SDF file...
RUN-1002 : start command "write_verilog -sdf responder.sdf simulation/responder_phy_sim_sta.v"
HDL-1201 : write out verilog file simulation/responder_phy_sim_sta.v
RUN-1002 : start command "export_bid responder_inst.bid"
RUN-1002 : start command "bitgen -bit responder.bit -unused_io_status pulldown"
BIT-1003 : Start to generate bitstream. 
BIT-1002 : Bitgen processed 153 unused pads, reserve input tri_state with pulldown
BIT-1002 : Init instances with 8 threads.
BIT-1002 : Init instances completely, inst num: 357
BIT-1002 : Init pips with 8 threads.
BIT-1002 : Init pips completely, net num: 494, pip num: 3323
BIT-1002 : Init feedthrough completely, num: 5
BIT-1003 : Multithreading accelaration with 8 threads.
BIT-1003 : Generate bitstream completely, there are 602 valid insts, and 10356 bits set as '1'.
BIT-1004 : PLL setting string = 0000
BIT-1004 : Generate bits file responder.bit.
RUN-1003 : finish command "bitgen -bit responder.bit -unused_io_status pulldown" in  1.827057s wall, 3.250000s user + 0.125000s system = 3.375000s CPU (184.7%)

RUN-1004 : used memory is 432 MB, reserved memory is 409 MB, peak memory is 582 MB
RUN-1002 : start command "backup_run_log run.log ../.logs/phy_1/td_20240727_195701.log"
