============================================================
   Tang Dynasty, V5.6.71036
      Copyright (c) 2012-2023 Anlogic Inc.
   Executable = C:/Anlogic/TD5.6.2/bin/td.exe
   Built at =   20:34:38 Mar 21 2023
   Run by =     Timmy
   Run Date =   Wed Jul 24 00:38:36 2024

   Run on =     DESKTOP-A28VB3Q
============================================================
RUN-1002 : start command "open_project responder.prj"
RUN-1001 : Print Global Property
RUN-1001 : ---------------------------------------------------------------
RUN-1001 :        Parameters        |  Settings  |  Default Values  |  Note  
RUN-1001 : ---------------------------------------------------------------
RUN-1001 :          message         |  standard  |     standard     |        
RUN-1001 :   mixed_pack_place_flow  |     on     |        on        |        
RUN-1001 :        qor_monitor       |    off     |       off        |        
RUN-1001 :        syn_ip_flow       |    off     |       off        |        
RUN-1001 :          thread          |    auto    |       auto       |        
RUN-1001 : ---------------------------------------------------------------
RUN-1001 : Print Design Property
RUN-1001 : --------------------------------------------------------------
RUN-1001 :        Parameters       |  Settings  |  Default Values  |  Note  
RUN-1001 : --------------------------------------------------------------
RUN-1001 :   default_reg_initial   |    auto    |       auto       |        
RUN-1001 :        infer_add        |     on     |        on        |        
RUN-1001 :        infer_fsm        |    off     |       off        |        
RUN-1001 :        infer_mult       |     on     |        on        |        
RUN-1001 :        infer_ram        |     on     |        on        |        
RUN-1001 :        infer_reg        |     on     |        on        |        
RUN-1001 :   infer_reg_init_value  |     on     |        on        |        
RUN-1001 :        infer_rom        |     on     |        on        |        
RUN-1001 :      infer_shifter      |     on     |        on        |        
RUN-1001 : --------------------------------------------------------------
RUN-1001 : Print Rtl Property
RUN-1001 : --------------------------------------------------------------
RUN-1001 :        Parameters       |  Settings  |  Default Values  |  Note  
RUN-1001 : --------------------------------------------------------------
RUN-1001 :       compress_add      |   ripple   |      ripple      |        
RUN-1001 :        elf_sload        |    off     |       off        |        
RUN-1001 :       fix_undriven      |     0      |        0         |        
RUN-1001 :         flatten         |    off     |       off        |        
RUN-1001 :       gate_sharing      |     on     |        on        |        
RUN-1001 :    hdl_warning_level    |   normal   |      normal      |        
RUN-1001 :   impl_internal_tribuf  |     on     |        on        |        
RUN-1001 :      impl_set_reset     |     on     |        on        |        
RUN-1001 :        infer_gsr        |    off     |       off        |        
RUN-1001 :      keep_hierarchy     |    auto    |       auto       |        
RUN-1001 :        max_fanout       |    9999    |       9999       |        
RUN-1001 :      max_oh2bin_len     |     10     |        10        |        
RUN-1001 :       merge_equal       |     on     |        on        |        
RUN-1001 :       merge_equiv       |     on     |        on        |        
RUN-1001 :        merge_mux        |    off     |       off        |        
RUN-1001 :     min_control_set     |     8      |        8         |        
RUN-1001 :      min_ripple_len     |    auto    |       auto       |        
RUN-1001 :       oh2bin_ratio      |    0.08    |       0.08       |        
RUN-1001 :     opt_adder_fanout    |     on     |        on        |        
RUN-1001 :        opt_arith        |     on     |        on        |        
RUN-1001 :       opt_big_gate      |    off     |       off        |        
RUN-1001 :        opt_const        |     on     |        on        |        
RUN-1001 :      opt_const_mult     |     on     |        on        |        
RUN-1001 :       opt_lessthan      |     on     |        on        |        
RUN-1001 :         opt_mux         |    off     |       off        |        
RUN-1001 :         opt_ram         |    high    |       high       |        
RUN-1001 :      rtl_sim_model      |    off     |       off        |        
RUN-1001 :         seq_syn         |     on     |        on        |        
RUN-1001 : --------------------------------------------------------------
HDL-1007 : analyze verilog file ../../responder.v
HDL-1007 : analyze verilog file ../../Sel_module.v
HDL-1007 : analyze verilog file ../../Timer_module.v
HDL-1007 : analyze verilog file ../../Buzzer_module.v
HDL-1007 : analyze verilog file ../../Digitron_NumDisplay.v
HDL-1007 : analyze verilog file ../../key_filter.v
HDL-1007 : analyze verilog file ../../../../1 run_led/run_led/led8_module.v
RUN-1001 : Project manager successfully analyzed 7 source files.
RUN-1002 : start command "import_device eagle_s20.db -package EG4S20BG256"
ARC-1001 : Device Initialization.
ARC-1001 : ------------------------------------------------------------------
ARC-1001 :            OPTION            |          IO          |   SETTING   
ARC-1001 : ------------------------------------------------------------------
ARC-1001 :   cso_b/cclk/mosi/miso/dout  |  T3/R11/T10/P10/S11  |    gpio    
ARC-1001 :             done             |         P13          |    gpio    
ARC-1001 :           program_b          |          T2          |  dedicate  
ARC-1001 :        tdi/tms/tck/tdo       |   C12/A15/C14/E14    |  dedicate  
ARC-1001 : ------------------------------------------------------------------
ARC-1004 : Device setting, marked 5 dedicate IOs in total.
RUN-1002 : start command "import_db ../syn_1/responder_gate.db"
RUN-1001 : Importing database generated by Tang Dynasty, V5.6.71036.
RUN-1001 : Database version number 46146.
RUN-1001 : Import flow parameters
RUN-1001 : Import IO constraints
RUN-1001 : Import Inst constraints
RUN-1001 : Import design success TD_VERSION=5.6.71036 , DB_VERSION=46146
RUN-1002 : start command "place"
RUN-1001 : Open license file C:/Anlogic/TD5.6.2/license/Anlogic.lic
RUN-1001 : Print Global Property
RUN-1001 : ---------------------------------------------------------------
RUN-1001 :        Parameters        |  Settings  |  Default Values  |  Note  
RUN-1001 : ---------------------------------------------------------------
RUN-1001 :          message         |  standard  |     standard     |        
RUN-1001 :   mixed_pack_place_flow  |     on     |        on        |        
RUN-1001 :        qor_monitor       |    off     |       off        |        
RUN-1001 :        syn_ip_flow       |    off     |       off        |        
RUN-1001 :          thread          |    auto    |       auto       |        
RUN-1001 : ---------------------------------------------------------------
RUN-1001 : Print Place Property
RUN-1001 : --------------------------------------------------------------
RUN-1001 :        Parameters       |  Settings  |  Default Values  |  Note  
RUN-1001 : --------------------------------------------------------------
RUN-1001 :      detailed_place     |     on     |        on        |        
RUN-1001 :          effort         |   medium   |      medium      |        
RUN-1001 :         fix_hold        |    off     |       off        |        
RUN-1001 :       legalization      |    ori     |       ori        |        
RUN-1001 :      new_spreading      |     on     |        on        |        
RUN-1001 :        opt_timing       |   medium   |      medium      |        
RUN-1001 :   post_clock_route_opt  |    off     |       off        |        
RUN-1001 :       pr_strategy       |     1      |        1         |        
RUN-1001 :        relaxation       |    1.00    |       1.00       |        
RUN-1001 :         retiming        |    off     |       off        |        
RUN-1001 : --------------------------------------------------------------
PHY-3001 : Placer runs in 8 thread(s).
RUN-1002 : start command "legalize_phy_inst"
SYN-1011 : Flatten model responder
RUN-1002 : start command "phys_opt -simplify_lut"
SYN-4024 : Net "CLK_dup_1" drives clk pins.
SYN-4024 : Net "U4/W_Digitron_Out_n" drives clk pins.
SYN-4024 : Net "U2/CLK1" drives clk pins.
SYN-4024 : Net "U4/W_DigitronCS_Out_n" drives clk pins.
SYN-4024 : Net "U4/SingleNum_b_n4" drives clk pins.
SYN-4025 : Tag rtl::Net CLK_dup_1 as clock net
SYN-4025 : Tag rtl::Net U2/CLK1 as clock net
SYN-4025 : Tag rtl::Net U4/SingleNum_b_n4 as clock net
SYN-4025 : Tag rtl::Net U4/W_DigitronCS_Out_n as clock net
SYN-4025 : Tag rtl::Net U4/W_Digitron_Out_n as clock net
SYN-4026 : Tagged 5 rtl::Net as clock net
SYN-4015 : Create BUFG instance for clk Net U2/CLK1 to drive 11 clock pins.
SYN-4015 : Create BUFG instance for clk Net U4/W_DigitronCS_Out_n to drive 8 clock pins.
SYN-4015 : Create BUFG instance for clk Net U4/W_Digitron_Out_n to drive 7 clock pins.
SYN-4015 : Create BUFG instance for clk Net U4/SingleNum_b_n4 to drive 4 clock pins.
PHY-1001 : Populate physical database on model responder.
RUN-1001 : There are total 409 instances
RUN-0007 : 174 luts, 143 seqs, 32 mslices, 20 lslices, 33 pads, 0 brams, 0 dsps
RUN-1001 : There are total 540 nets
RUN-1001 : 308 nets have 2 pins
RUN-1001 : 189 nets have [3 - 5] pins
RUN-1001 : 29 nets have [6 - 10] pins
RUN-1001 : 8 nets have [11 - 20] pins
RUN-1001 : 4 nets have [21 - 99] pins
RUN-1001 : 2 nets have 100+ pins
RUN-1001 : Report Control nets information:
RUN-1001 : DFF Distribution
RUN-1001 : ----------------------------------
RUN-1001 :   CE   |  SSR  |  ASR  |  DFF Count  
RUN-1001 : ----------------------------------
RUN-1001 :   No   |  No   |  No   |     34      
RUN-1001 :   No   |  No   |  Yes  |     46      
RUN-1001 :   No   |  Yes  |  No   |     29      
RUN-1001 :   Yes  |  No   |  No   |      0      
RUN-1001 :   Yes  |  No   |  Yes  |     34      
RUN-1001 :   Yes  |  Yes  |  No   |      0      
RUN-1001 : ----------------------------------
RUN-0007 : Control Group Statistic
RUN-0007 : ---------------------------
RUN-0007 :   #CLK  |  #CE  |  #SSR/ASR  
RUN-0007 : ---------------------------
RUN-0007 :    4    |   3   |     5      
RUN-0007 : ---------------------------
RUN-0007 : Control Set = 10
PHY-3001 : Initial placement ...
PHY-3001 : design contains 407 instances, 174 luts, 143 seqs, 52 slices, 6 macros(52 instances: 32 mslices 20 lslices)
PHY-0007 : Cell area utilization is 1%
PHY-3001 : Global placement ...
PHY-3001 : Initial: Len = 120245
PHY-3001 : Clustering ...
PHY-3001 : Level 0 #clusters 407.
PHY-3001 : End clustering;  0.000025s wall, 0.000000s user + 0.000000s system = 0.000000s CPU (n/a%)

PHY-3001 : Run with size of 4
PHY-3001 : Cell area utilization is 1%
PHY-3001 : :::0::: Try harder cell spreading with beta_ = 0
PHY-3002 : Step(1): len = 72226, overlap = 0
PHY-3002 : Step(2): len = 49990.9, overlap = 0
PHY-3002 : Step(3): len = 35819, overlap = 0
PHY-3002 : Step(4): len = 29194.8, overlap = 0
PHY-3002 : Step(5): len = 25252.1, overlap = 0
PHY-3002 : Step(6): len = 23583.6, overlap = 0
PHY-3002 : Step(7): len = 22306.5, overlap = 0
PHY-3002 : Step(8): len = 21797.1, overlap = 0
PHY-3002 : Step(9): len = 21699.3, overlap = 0
PHY-3002 : Step(10): len = 19198.3, overlap = 0
PHY-3002 : Step(11): len = 17450.8, overlap = 0
PHY-3002 : Step(12): len = 17911, overlap = 0
PHY-3002 : Step(13): len = 17341.5, overlap = 0
PHY-3002 : Step(14): len = 16093.6, overlap = 0
PHY-3002 : Step(15): len = 15737.5, overlap = 0
PHY-3002 : Step(16): len = 15823.4, overlap = 0
PHY-3002 : Step(17): len = 15171.1, overlap = 0
PHY-3002 : Step(18): len = 15608.4, overlap = 0
PHY-3002 : Step(19): len = 15685.1, overlap = 0
PHY-3002 : Step(20): len = 14683, overlap = 0
PHY-3002 : Step(21): len = 13715.1, overlap = 0
PHY-3002 : Step(22): len = 14055.6, overlap = 0
PHY-3002 : Step(23): len = 14156.8, overlap = 0
PHY-3002 : Step(24): len = 14127.4, overlap = 0
PHY-3002 : Step(25): len = 13402.3, overlap = 0
PHY-3002 : Step(26): len = 13565.4, overlap = 0
PHY-3002 : Step(27): len = 12477, overlap = 0
PHY-3002 : Step(28): len = 11652.9, overlap = 0
PHY-3002 : Step(29): len = 12039.1, overlap = 0
PHY-3002 : Step(30): len = 10893.2, overlap = 0
PHY-3002 : Step(31): len = 10476.8, overlap = 0
PHY-3002 : Step(32): len = 10320.7, overlap = 0
PHY-3002 : Step(33): len = 10010.3, overlap = 0
PHY-3002 : Step(34): len = 9879.1, overlap = 0
PHY-3002 : Step(35): len = 9403.1, overlap = 0
PHY-3002 : Step(36): len = 9102.3, overlap = 0
PHY-3002 : Step(37): len = 9335.7, overlap = 0
PHY-3002 : Step(38): len = 9485.6, overlap = 0
PHY-3002 : Step(39): len = 8831.4, overlap = 0
PHY-3002 : Step(40): len = 8860.1, overlap = 0
PHY-3002 : Step(41): len = 9261.2, overlap = 0
PHY-3002 : Step(42): len = 9015.3, overlap = 0
PHY-3002 : Step(43): len = 8371.2, overlap = 0
PHY-3002 : Step(44): len = 7842.5, overlap = 0
PHY-3002 : Step(45): len = 7756.6, overlap = 0
PHY-3001 : Legalization ...
PHY-3001 : End legalization;  0.006680s wall, 0.000000s user + 0.000000s system = 0.000000s CPU (n/a%)

PHY-3001 : Run with size of 4
PHY-3001 : Cell area utilization is 1%
PHY-3001 : :::0::: Try harder cell spreading with beta_ = 0.320497
PHY-3002 : Step(46): len = 7124.8, overlap = 0
PHY-3002 : Step(47): len = 7146.2, overlap = 0
PHY-3002 : Step(48): len = 7156.4, overlap = 0
PHY-3001 : Run with size of 2
PHY-3001 : Cell area utilization is 1%
PHY-3001 : :::0::: Try harder cell spreading with beta_ = 0.00192567
PHY-3002 : Step(49): len = 7133, overlap = 3.53125
PHY-3002 : Step(50): len = 7140, overlap = 3.875
PHY-3002 : Step(51): len = 7180.3, overlap = 4.1875
OPT-1001 : Start physical optimization ...
OPT-1001 : Total overflow 15.28 peak overflow 1.56
OPT-1001 : Start high-fanout net optimization ...
OPT-1001 : Update timing in global mode
PHY-1001 : Start incremental global routing, caller is place ...
RUN-1001 : Generating global routing grids ...
RUN-1001 : Building simple global routing graph ...
PHY-1001 : Generate routing nets ...
PHY-1001 : Reuse net number 0/540.
PHY-1001 : Global iterations in 8 thread ...
PHY-1002 : len = 7848, over cnt = 25(0%), over = 74, worst = 9
PHY-1001 : End global iterations;  0.029558s wall, 0.000000s user + 0.000000s system = 0.000000s CPU (n/a%)

PHY-1001 : Congestion index: top1 = 14.12, top5 = 5.52, top10 = 2.87, top15 = 1.92.
PHY-1001 : End incremental global routing;  0.084349s wall, 0.015625s user + 0.000000s system = 0.015625s CPU (18.5%)

RUN-1002 : start command "start_timer -report"
TMR-5001 WARNING: No sdc constraints found while initiating timer.
TMR-2505 : Start building timing graph for model responder.
TMR-2506 : Build timing graph completely. Port num: 11, tpin num: 1877, tnet num: 538, tinst num: 407, tnode num: 2428, tedge num: 3021.
TMR-2508 : Levelizing timing graph completed, there are 29 levels in total.
TMR-2501 : Timing graph initialized successfully.
OPT-1001 : End timing update;  0.240163s wall, 0.187500s user + 0.000000s system = 0.187500s CPU (78.1%)

OPT-1001 : 0 high-fanout net processed.
OPT-1001 : End high-fanout net optimization;  0.329307s wall, 0.203125s user + 0.000000s system = 0.203125s CPU (61.7%)

OPT-1001 : Current memory(MB): used = 136, reserve = 107, peak = 136.
OPT-1001 : End physical optimization;  0.335468s wall, 0.218750s user + 0.000000s system = 0.218750s CPU (65.2%)

PHY-3001 : Start packing ...
SYN-4007 : Packing 0 MUX to BLE ...
SYN-4008 : Packed 0 MUX and 0 SEQ to BLE.
SYN-4007 : Packing 174 LUT to BLE ...
SYN-4008 : Packed 174 LUT and 82 SEQ to BLE.
SYN-4003 : Packing 61 remaining SEQ's ...
SYN-4005 : Packed 43 SEQ with LUT/SLICE
SYN-4006 : 54 single LUT's are left
SYN-4006 : 18 single SEQ's are left
SYN-4011 : Packing model "responder" (AL_USER_NORMAL) with 192/284 primitive instances ...
PHY-3001 : End packing;  0.011921s wall, 0.000000s user + 0.000000s system = 0.000000s CPU (n/a%)

PHY-1001 : Populate physical database on model responder.
RUN-1001 : There are total 199 instances
RUN-1001 : 79 mslices, 80 lslices, 33 pads, 0 brams, 0 dsps
RUN-1001 : There are total 468 nets
RUN-1001 : 244 nets have 2 pins
RUN-1001 : 179 nets have [3 - 5] pins
RUN-1001 : 31 nets have [6 - 10] pins
RUN-1001 : 10 nets have [11 - 20] pins
RUN-1001 : 2 nets have [21 - 99] pins
RUN-1001 : 2 nets have 100+ pins
PHY-3001 : design contains 197 instances, 159 slices, 6 macros(52 instances: 32 mslices 20 lslices)
PHY-3001 : Cell area utilization is 2%
PHY-3001 : After packing: Len = 7490.4, Over = 7.25
PHY-3001 : Run with size of 2
PHY-3001 : Cell area utilization is 2%
PHY-3001 : :::0::: Try harder cell spreading with beta_ = 0.00668329
PHY-3002 : Step(52): len = 7178.2, overlap = 9
PHY-3002 : Step(53): len = 7098.1, overlap = 9.25
PHY-3002 : Step(54): len = 7054.3, overlap = 9.75
PHY-3001 : :::1::: Try harder cell spreading with beta_ = 0.0133666
PHY-3002 : Step(55): len = 6848.3, overlap = 9.25
PHY-3002 : Step(56): len = 6844.6, overlap = 9.25
PHY-3002 : Step(57): len = 6853.6, overlap = 9
PHY-3001 : :::2::: Try harder cell spreading with beta_ = 0.0267331
PHY-3002 : Step(58): len = 6834.4, overlap = 9
PHY-3002 : Step(59): len = 6792.4, overlap = 8.75
PHY-3001 : Legalization ...
PHY-3001 : End legalization;  0.040856s wall, 0.000000s user + 0.000000s system = 0.000000s CPU (n/a%)

PHY-3001 : Trial Legalized: Len = 10341
PHY-3001 : Run with size of 2
PHY-3001 : Cell area utilization is 2%
PHY-3001 : :::0::: Try harder cell spreading with beta_ = 0
PHY-3002 : Step(60): len = 8307.2, overlap = 3.5
PHY-3002 : Step(61): len = 7489.8, overlap = 4.75
PHY-3002 : Step(62): len = 7066.6, overlap = 5.75
PHY-3002 : Step(63): len = 7071.6, overlap = 4.75
PHY-3002 : Step(64): len = 7071.6, overlap = 4.75
PHY-3002 : Step(65): len = 6970.6, overlap = 5.5
PHY-3002 : Step(66): len = 6970.6, overlap = 5.5
PHY-3002 : Step(67): len = 6977.4, overlap = 5.25
PHY-3002 : Step(68): len = 6977.4, overlap = 5.25
PHY-3002 : Step(69): len = 6967.6, overlap = 5.25
PHY-3002 : Step(70): len = 6967.6, overlap = 5.25
PHY-3002 : Step(71): len = 6927.8, overlap = 5.25
PHY-3001 : Legalization ...
PHY-3001 : End legalization;  0.005593s wall, 0.000000s user + 0.000000s system = 0.000000s CPU (n/a%)

PHY-3001 : Legalized: Len = 9044.5, Over = 0
PHY-3001 : Spreading special nets. 3 overflows in 2952 tiles.
PHY-3001 : End spreading;  0.003003s wall, 0.000000s user + 0.000000s system = 0.000000s CPU (n/a%)

PHY-3001 : 3 instances has been re-located, deltaX = 0, deltaY = 2, maxDist = 1.
PHY-3001 : Final: Len = 9102.5, Over = 0
OPT-1001 : Start physical optimization ...
OPT-1001 : Total overflow 0.00 peak overflow 0.00
OPT-1001 : Start high-fanout net optimization ...
OPT-1001 : Update timing in global mode
PHY-1001 : Start incremental global routing, caller is place ...
RUN-1001 : Generating global routing grids ...
PHY-1001 : Generate routing nets ...
PHY-1001 : Reuse net number 44/468.
PHY-1001 : Global iterations in 8 thread ...
PHY-1002 : len = 10280, over cnt = 33(0%), over = 50, worst = 4
PHY-1002 : len = 10728, over cnt = 10(0%), over = 10, worst = 1
PHY-1002 : len = 10840, over cnt = 1(0%), over = 1, worst = 1
PHY-1002 : len = 10856, over cnt = 0(0%), over = 0, worst = 0
PHY-1001 : End global iterations;  0.050706s wall, 0.000000s user + 0.015625s system = 0.015625s CPU (30.8%)

PHY-1001 : Congestion index: top1 = 17.11, top5 = 7.14, top10 = 3.82, top15 = 2.55.
PHY-1001 : End incremental global routing;  0.103246s wall, 0.031250s user + 0.015625s system = 0.046875s CPU (45.4%)

RUN-1002 : start command "start_timer -report"
TMR-5001 WARNING: No sdc constraints found while initiating timer.
TMR-2505 : Start building timing graph for model responder.
TMR-2506 : Build timing graph completely. Port num: 11, tpin num: 1629, tnet num: 466, tinst num: 197, tnode num: 2066, tedge num: 2750.
TMR-2508 : Levelizing timing graph completed, there are 27 levels in total.
TMR-2501 : Timing graph initialized successfully.
OPT-1001 : End timing update;  0.206665s wall, 0.218750s user + 0.000000s system = 0.218750s CPU (105.8%)

OPT-1001 : 0 high-fanout net processed.
OPT-1001 : End high-fanout net optimization;  0.315171s wall, 0.250000s user + 0.015625s system = 0.265625s CPU (84.3%)

OPT-1001 : Current memory(MB): used = 137, reserve = 108, peak = 137.
OPT-1001 : Update timing in Manhattan mode
OPT-1001 : End timing update;  0.000445s wall, 0.000000s user + 0.000000s system = 0.000000s CPU (n/a%)

OPT-1001 : Start pin optimization...
OPT-1001 : skip pin optimization...
RUN-1001 : Generating global routing grids ...
PHY-1001 : Generate routing nets ...
PHY-1001 : Reuse net number 358/468.
PHY-1001 : Global iterations in 8 thread ...
PHY-1002 : len = 10856, over cnt = 0(0%), over = 0, worst = 0
PHY-1001 : End global iterations;  0.002014s wall, 0.000000s user + 0.000000s system = 0.000000s CPU (n/a%)

PHY-1001 : Congestion index: top1 = 17.11, top5 = 7.14, top10 = 3.82, top15 = 2.55.
OPT-1001 : Update timing in Manhattan mode
OPT-1001 : End timing update;  0.000546s wall, 0.000000s user + 0.000000s system = 0.000000s CPU (n/a%)

RUN-1001 : QoR Analysis:
OPT-0007 :   WNS 2147483647 TNS 0 NUM_FEPS 0
RUN-1001 :   No local congestion issue, and most congested 1% tile average routing util is 16.724138
RUN-1001 :   Top critical paths
OPT-1001 : End physical optimization;  0.366674s wall, 0.296875s user + 0.015625s system = 0.312500s CPU (85.2%)

RUN-1003 : finish command "place" in  1.984355s wall, 1.343750s user + 0.218750s system = 1.562500s CPU (78.7%)

RUN-1004 : used memory is 128 MB, reserved memory is 100 MB, peak memory is 137 MB
RUN-1002 : start command "export_db responder_place.db"
RUN-1001 : Exported /
RUN-1001 : Exported flow parameters
RUN-1001 : Exported libs
RUN-1001 : Exported entities
RUN-1001 : Exported ports
RUN-1001 : Exported pins
RUN-1001 : Exported instances
RUN-1001 : Exported nets
RUN-1001 : Exported buses
RUN-1001 : Exported models
RUN-1001 : Exported congestions
RUN-1001 : Exported violations
RUN-1001 : Exported IO constraints
RUN-1001 : Exported Inst constraints
RUN-1002 : start command "route"
RUN-1001 : Open license file C:/Anlogic/TD5.6.2/license/Anlogic.lic
RUN-1001 : Print Global Property
RUN-1001 : ---------------------------------------------------------------
RUN-1001 :        Parameters        |  Settings  |  Default Values  |  Note  
RUN-1001 : ---------------------------------------------------------------
RUN-1001 :          message         |  standard  |     standard     |        
RUN-1001 :   mixed_pack_place_flow  |     on     |        on        |        
RUN-1001 :        qor_monitor       |    off     |       off        |        
RUN-1001 :        syn_ip_flow       |    off     |       off        |        
RUN-1001 :          thread          |    auto    |       auto       |        
RUN-1001 : ---------------------------------------------------------------
RUN-1001 : Print Route Property
RUN-1001 : -------------------------------------------------------
RUN-1001 :    Parameters    |  Settings  |  Default Values  |  Note  
RUN-1001 : -------------------------------------------------------
RUN-1001 :      effort      |   medium   |      medium      |        
RUN-1001 :     fix_hold     |    off     |       off        |        
RUN-1001 :    opt_timing    |   medium   |      medium      |        
RUN-1001 :   phy_sim_model  |    off     |       off        |        
RUN-1001 :     priority     |   timing   |      timing      |        
RUN-1001 :     swap_pin     |     on     |        on        |        
RUN-1001 : -------------------------------------------------------
PHY-1001 : Route runs in 8 thread(s)
RUN-1001 : There are total 199 instances
RUN-1001 : 79 mslices, 80 lslices, 33 pads, 0 brams, 0 dsps
RUN-1001 : There are total 468 nets
RUN-1001 : 244 nets have 2 pins
RUN-1001 : 179 nets have [3 - 5] pins
RUN-1001 : 31 nets have [6 - 10] pins
RUN-1001 : 10 nets have [11 - 20] pins
RUN-1001 : 2 nets have [21 - 99] pins
RUN-1001 : 2 nets have 100+ pins
RUN-1002 : start command "start_timer -report"
TMR-5001 WARNING: No sdc constraints found while initiating timer.
TMR-2505 : Start building timing graph for model responder.
TMR-2506 : Build timing graph completely. Port num: 11, tpin num: 1629, tnet num: 466, tinst num: 197, tnode num: 2066, tedge num: 2750.
TMR-2508 : Levelizing timing graph completed, there are 27 levels in total.
TMR-2501 : Timing graph initialized successfully.
PHY-1001 : 79 mslices, 80 lslices, 33 pads, 0 brams, 0 dsps
TMR-2503 : Start to update net delay, extr mode = 3.
TMR-2504 : Update delay of 466 nets completely.
TMR-2502 : Annotate delay completely, extr mode = 3.
TMR-3002 : No user constraint, initiate default constraint.
TMR-1501 : Assign derive clock DeriveClock to 256 clock pins, and constraint 437 relative nodes.
TMR-3003 : Constraints initiated successfully.
TMR-3501 : Forward propagation: start to calculate arrival time...
TMR-3502 : Backward propagation: start to calculate required time...
TMR-3503 : Timing propagation completes.
PHY-1001 : Start global routing, caller is route ...
RUN-1001 : Generating global routing grids ...
PHY-1001 : Generate routing nets ...
PHY-1001 : Global iterations in 8 thread ...
PHY-1002 : len = 10152, over cnt = 30(0%), over = 49, worst = 4
PHY-1002 : len = 10592, over cnt = 9(0%), over = 9, worst = 1
PHY-1002 : len = 10736, over cnt = 0(0%), over = 0, worst = 0
PHY-1001 : End global iterations;  0.057705s wall, 0.000000s user + 0.015625s system = 0.015625s CPU (27.1%)

PHY-1001 : Congestion index: top1 = 17.11, top5 = 7.11, top10 = 3.77, top15 = 2.52.
PHY-1001 : End global routing;  0.108786s wall, 0.000000s user + 0.015625s system = 0.015625s CPU (14.4%)

PHY-1001 : Start detail routing ...
PHY-1001 : Current memory(MB): used = 156, reserve = 127, peak = 158.
PHY-1001 : Detailed router is running in normal mode.
PHY-1001 : Generate detailed routing grids ...
PHY-1001 : Processed IO instance DigitronCS_Out[3]_syn_2 with INV attribute.
PHY-1001 : Processed IO instance DigitronCS_Out[2]_syn_2 with INV attribute.
PHY-1001 : Processed IO instance DigitronCS_Out[1]_syn_2 with INV attribute.
PHY-1001 : Processed IO instance DigitronCS_Out[0]_syn_2 with INV attribute.
PHY-1001 : Processed IO instance Digitron_Out[6]_syn_2 with INV attribute.
PHY-1001 : Processed IO instance Digitron_Out[5]_syn_2 with INV attribute.
PHY-1001 : Processed IO instance Digitron_Out[4]_syn_2 with INV attribute.
PHY-1001 : Processed IO instance Digitron_Out[3]_syn_2 with INV attribute.
PHY-1001 : Processed IO instance Digitron_Out[2]_syn_2 with INV attribute.
PHY-1001 : Processed IO instance Digitron_Out[1]_syn_2 with INV attribute.
PHY-1001 : Processed IO instance Digitron_Out[0]_syn_2 with INV attribute.
PHY-1001 : Generate nets ...
PHY-1001 : net CLK_dup_1 will be routed on clock mesh
PHY-1001 : clock net U2/CLK1_syn_4 will be merged with clock U2/CLK1
PHY-1001 : clock net U4/SingleNum_b_n4_syn_10 will be merged with clock U4/SingleNum_b_n4
PHY-1001 : clock net U4/W_DigitronCS_Out_n_syn_4 will be merged with clock U4/W_DigitronCS_Out_n
PHY-1001 : clock net U4/W_Digitron_Out_n_syn_2 will be merged with clock U4/W_Digitron_Out_n
PHY-1001 : Current memory(MB): used = 419, reserve = 394, peak = 419.
PHY-1001 : End build detailed router design. 3.944360s wall, 3.328125s user + 0.031250s system = 3.359375s CPU (85.2%)

PHY-1001 : Detail Route ...
PHY-1001 : ===== Detail Route Phase 1 =====
PHY-1001 : Clock net routing.....
PHY-1001 : Routed 1% nets.
PHY-1022 : len = 13712, over cnt = 0(0%), over = 0, worst = 0, crit = 0
PHY-1001 : End initial clock net routed; 1.526246s wall, 1.406250s user + 0.015625s system = 1.421875s CPU (93.2%)

PHY-1001 : Current memory(MB): used = 448, reserve = 425, peak = 448.
PHY-1001 : End phase 1; 1.531888s wall, 1.437500s user + 0.015625s system = 1.453125s CPU (94.9%)

PHY-1001 : ===== Detail Route Phase 2 =====
PHY-1001 : Initial routing.....
PHY-1001 : Routed 30% nets.
PHY-1001 : Routed 38% nets.
PHY-1001 : Routed 44% nets.
PHY-1001 : Routed 62% nets.
PHY-1001 : Routed 81% nets.
PHY-1022 : len = 37872, over cnt = 8(0%), over = 8, worst = 1, crit = 0
PHY-1001 : Current memory(MB): used = 449, reserve = 425, peak = 449.
PHY-1001 : End initial routed; 0.246362s wall, 0.125000s user + 0.000000s system = 0.125000s CPU (50.7%)

PHY-1001 : Current memory(MB): used = 449, reserve = 425, peak = 449.
PHY-1001 : End phase 2; 0.246417s wall, 0.125000s user + 0.000000s system = 0.125000s CPU (50.7%)

PHY-1001 : ===== Detail Route Phase 3 =====
PHY-1001 : Ripup-reroute.....
PHY-1001 : ===== DR Iter 1 =====
PHY-1022 : len = 37896, over cnt = 0(0%), over = 0, worst = 0, crit = 0
PHY-1001 : End DR Iter 1; 0.015682s wall, 0.015625s user + 0.000000s system = 0.015625s CPU (99.6%)

PHY-1001 : Commit to database.....
PHY-1001 : 3 feed throughs used by 3 nets
PHY-1001 : End commit to database; 0.061772s wall, 0.062500s user + 0.000000s system = 0.062500s CPU (101.2%)

PHY-1001 : Current memory(MB): used = 459, reserve = 435, peak = 459.
PHY-1001 : End phase 3; 0.195436s wall, 0.203125s user + 0.000000s system = 0.203125s CPU (103.9%)

PHY-1003 : Routed, final wirelength = 37896
PHY-1001 : Current memory(MB): used = 459, reserve = 435, peak = 459.
PHY-1001 : End export database. 0.005551s wall, 0.000000s user + 0.000000s system = 0.000000s CPU (n/a%)

PHY-1001 : End detail routing;  6.138062s wall, 5.281250s user + 0.062500s system = 5.343750s CPU (87.1%)

RUN-1003 : finish command "route" in  6.533639s wall, 5.500000s user + 0.078125s system = 5.578125s CPU (85.4%)

RUN-1004 : used memory is 416 MB, reserved memory is 392 MB, peak memory is 459 MB
RUN-1002 : start command "report_area -io_info -file responder_phy.area"
RUN-1001 : standard
***Report Model: responder Device: EG4S20BG256***

IO Statistics
#IO                        33
  #input                    7
  #output                  26
  #inout                    0

Utilization Statistics
#lut                      283   out of  19600    1.44%
#reg                      178   out of  19600    0.91%
#le                       301
  #lut only               123   out of    301   40.86%
  #reg only                18   out of    301    5.98%
  #lut&reg                160   out of    301   53.16%
#dsp                        0   out of     29    0.00%
#bram                       0   out of     64    0.00%
  #bram9k                   0
  #fifo9k                   0
#bram32k                    0   out of     16    0.00%
#pad                       33   out of    188   17.55%
  #ireg                     4
  #oreg                    21
  #treg                     0
#pll                        0   out of      4    0.00%
#gclk                       4   out of     16   25.00%

Clock Resource Statistics
Index     ClockNet                 Type               DriverType         Driver                   Fanout
#1        CLK_dup_1                GCLK               io                 CLK_syn_2.di             113
#2        U2/CLK1                  GCLK               lslice             U2/CLK1_reg_syn_32.q0    10
#3        U4/W_DigitronCS_Out_n    GCLK               mslice             U4/reg2_syn_25.f1        7
#4        U4/W_Digitron_Out_n      GCLK               mslice             U4/mux1_syn_5.f1         7
#5        U4/SingleNum_b_n4        GCLK               mslice             U4/sel2_syn_69.f0        2


Detailed IO Report

        Name           Direction    Location    IOStandard    DriveStrength    PullType    PackReg  
         CLK             INPUT         R7        LVCMOS33          N/A          PULLUP      NONE    
      Key_In[3]          INPUT        F10        LVCMOS33          N/A          PULLUP      IREG    
      Key_In[2]          INPUT        C11        LVCMOS33          N/A          PULLUP      IREG    
      Key_In[1]          INPUT        D11        LVCMOS33          N/A          PULLUP      IREG    
      Key_In[0]          INPUT        E11        LVCMOS33          N/A          PULLUP      IREG    
        RSTn             INPUT         A9        LVCMOS33          N/A          PULLUP      NONE    
        Start            INPUT        A10        LVCMOS33          N/A          PULLUP      NONE    
     Buzzer_Out         OUTPUT        H11        LVCMOS33           8            NONE       OREG    
  DigitronCS_Out[3]     OUTPUT         A3        LVCMOS33           8            NONE       OREG    
  DigitronCS_Out[2]     OUTPUT         A5        LVCMOS33           8            NONE       OREG    
  DigitronCS_Out[1]     OUTPUT         B6        LVCMOS33           8            NONE       OREG    
  DigitronCS_Out[0]     OUTPUT         C9        LVCMOS33           8            NONE       OREG    
   Digitron_Out[7]      OUTPUT         C8        LVCMOS33           8            NONE       NONE    
   Digitron_Out[6]      OUTPUT         A8        LVCMOS33           8            NONE       OREG    
   Digitron_Out[5]      OUTPUT         B5        LVCMOS33           8            NONE       OREG    
   Digitron_Out[4]      OUTPUT         A7        LVCMOS33           8            NONE       OREG    
   Digitron_Out[3]      OUTPUT         E8        LVCMOS33           8            NONE       OREG    
   Digitron_Out[2]      OUTPUT         B8        LVCMOS33           8            NONE       OREG    
   Digitron_Out[1]      OUTPUT         A6        LVCMOS33           8            NONE       OREG    
   Digitron_Out[0]      OUTPUT         A4        LVCMOS33           8            NONE       OREG    
     Key_Row[3]         OUTPUT        E10        LVCMOS33           8            NONE       NONE    
     Key_Row[2]         OUTPUT        C10        LVCMOS33           8            NONE       NONE    
     Key_Row[1]         OUTPUT         F9        LVCMOS33           8            NONE       NONE    
     Key_Row[0]         OUTPUT         D9        LVCMOS33           8            NONE       NONE    
     LED_Out[3]         OUTPUT         C2        LVCMOS33           8            NONE       OREG    
     LED_Out[2]         OUTPUT         C1        LVCMOS33           8            NONE       OREG    
     LED_Out[1]         OUTPUT         E4        LVCMOS33           8            NONE       OREG    
     LED_Out[0]         OUTPUT         D3        LVCMOS33           8            NONE       OREG    
  LED_OverTime_Out      OUTPUT        F16        LVCMOS33           8            NONE       OREG    
     LED_Run[3]         OUTPUT        C15        LVCMOS33           8            NONE       OREG    
     LED_Run[2]         OUTPUT        B16        LVCMOS33           8            NONE       OREG    
     LED_Run[1]         OUTPUT        B15        LVCMOS33           8            NONE       OREG    
     LED_Run[0]         OUTPUT        B14        LVCMOS33           8            NONE       OREG    

Report Hierarchy Area:
+-----------------------------------------------------------------------------------+
|Instance |Module              |le     |lut     |ripple  |seq     |bram    |dsp     |
+-----------------------------------------------------------------------------------+
|top      |responder           |301    |231     |52      |203     |0       |0       |
|  U1     |Sel_module          |66     |51      |7       |38      |0       |0       |
|  U2     |Timer_module        |54     |47      |7       |34      |0       |0       |
|  U3     |Buzzer_module       |44     |28      |6       |30      |0       |0       |
|  U4     |Digitron_NumDisplay |60     |51      |9       |27      |0       |0       |
|  U5     |key_filter          |34     |23      |11      |23      |0       |0       |
|  U6     |led8_module         |43     |31      |12      |26      |0       |0       |
+-----------------------------------------------------------------------------------+


DataNet Average Fanout:

   Index     Fanout    Nets  
    #1         1       211   
    #2         2       153   
    #3         3        9    
    #4         4        16   
    #5        5-10      30   
    #6       11-50      8    
    #7       51-100     1    
  Average     2.32           

RUN-1002 : start command "export_db responder_pr.db"
RUN-1001 : Exported /
RUN-1001 : Exported flow parameters
RUN-1001 : Exported libs
RUN-1001 : Exported entities
RUN-1001 : Exported ports
RUN-1001 : Exported pins
RUN-1001 : Exported instances
RUN-1001 : Exported nets
RUN-1001 : Exported buses
RUN-1001 : Exported models
RUN-1001 : Exported congestions
RUN-1001 : Exported violations
RUN-1001 : Exported IO constraints
RUN-1001 : Exported Inst constraints
RUN-1002 : start command "export_bid responder_inst.bid"
RUN-1002 : start command "bitgen -bit responder.bit -unused_io_status pulldown"
BIT-1003 : Start to generate bitstream. 
BIT-1002 : Bitgen processed 155 unused pads, reserve input tri_state with pulldown
BIT-1002 : Init instances with 8 threads.
BIT-1002 : Init instances completely, inst num: 352
BIT-1002 : Init pips with 8 threads.
BIT-1002 : Init pips completely, net num: 468, pip num: 3274
BIT-1002 : Init feedthrough completely, num: 3
BIT-1003 : Multithreading accelaration with 8 threads.
BIT-1003 : Generate bitstream completely, there are 643 valid insts, and 10255 bits set as '1'.
BIT-1004 : PLL setting string = 0000
BIT-1004 : Generate bits file responder.bit.
RUN-1003 : finish command "bitgen -bit responder.bit -unused_io_status pulldown" in  2.038670s wall, 3.796875s user + 0.015625s system = 3.812500s CPU (187.0%)

RUN-1004 : used memory is 421 MB, reserved memory is 398 MB, peak memory is 576 MB
RUN-1002 : start command "backup_run_log run.log ../.logs/phy_1/td_20240724_003836.log"
