============================================================
   Tang Dynasty, V5.6.71036
      Copyright (c) 2012-2023 Anlogic Inc.
   Executable = C:/Anlogic/TD5.6.2/bin/td.exe
   Built at =   20:34:38 Mar 21 2023
   Run by =     Timmy
   Run Date =   Sat Jul 27 20:03:54 2024

   Run on =     DESKTOP-A28VB3Q
============================================================
RUN-1002 : start command "open_project responder.prj"
RUN-1001 : Print Global Property
RUN-1001 : ---------------------------------------------------------------
RUN-1001 :        Parameters        |  Settings  |  Default Values  |  Note  
RUN-1001 : ---------------------------------------------------------------
RUN-1001 :          message         |  standard  |     standard     |        
RUN-1001 :   mixed_pack_place_flow  |     on     |        on        |        
RUN-1001 :        qor_monitor       |    off     |       off        |        
RUN-1001 :        syn_ip_flow       |    off     |       off        |        
RUN-1001 :          thread          |    auto    |       auto       |        
RUN-1001 : ---------------------------------------------------------------
RUN-1001 : Print Design Property
RUN-1001 : --------------------------------------------------------------
RUN-1001 :        Parameters       |  Settings  |  Default Values  |  Note  
RUN-1001 : --------------------------------------------------------------
RUN-1001 :   default_reg_initial   |    auto    |       auto       |        
RUN-1001 :        infer_add        |     on     |        on        |        
RUN-1001 :        infer_fsm        |    off     |       off        |        
RUN-1001 :        infer_mult       |     on     |        on        |        
RUN-1001 :        infer_ram        |     on     |        on        |        
RUN-1001 :        infer_reg        |     on     |        on        |        
RUN-1001 :   infer_reg_init_value  |     on     |        on        |        
RUN-1001 :        infer_rom        |     on     |        on        |        
RUN-1001 :      infer_shifter      |     on     |        on        |        
RUN-1001 : --------------------------------------------------------------
RUN-1001 : Print Rtl Property
RUN-1001 : --------------------------------------------------------------
RUN-1001 :        Parameters       |  Settings  |  Default Values  |  Note  
RUN-1001 : --------------------------------------------------------------
RUN-1001 :       compress_add      |   ripple   |      ripple      |        
RUN-1001 :        elf_sload        |    off     |       off        |        
RUN-1001 :       fix_undriven      |     0      |        0         |        
RUN-1001 :         flatten         |    off     |       off        |        
RUN-1001 :       gate_sharing      |     on     |        on        |        
RUN-1001 :    hdl_warning_level    |   normal   |      normal      |        
RUN-1001 :   impl_internal_tribuf  |     on     |        on        |        
RUN-1001 :      impl_set_reset     |     on     |        on        |        
RUN-1001 :        infer_gsr        |    off     |       off        |        
RUN-1001 :      keep_hierarchy     |    auto    |       auto       |        
RUN-1001 :        max_fanout       |    9999    |       9999       |        
RUN-1001 :      max_oh2bin_len     |     10     |        10        |        
RUN-1001 :       merge_equal       |     on     |        on        |        
RUN-1001 :       merge_equiv       |     on     |        on        |        
RUN-1001 :        merge_mux        |    off     |       off        |        
RUN-1001 :     min_control_set     |     8      |        8         |        
RUN-1001 :      min_ripple_len     |    auto    |       auto       |        
RUN-1001 :       oh2bin_ratio      |    0.08    |       0.08       |        
RUN-1001 :     opt_adder_fanout    |     on     |        on        |        
RUN-1001 :        opt_arith        |     on     |        on        |        
RUN-1001 :       opt_big_gate      |    off     |       off        |        
RUN-1001 :        opt_const        |     on     |        on        |        
RUN-1001 :      opt_const_mult     |     on     |        on        |        
RUN-1001 :       opt_lessthan      |     on     |        on        |        
RUN-1001 :         opt_mux         |    off     |       off        |        
RUN-1001 :         opt_ram         |    high    |       high       |        
RUN-1001 :      rtl_sim_model      |    off     |       off        |        
RUN-1001 :         seq_syn         |     on     |        on        |        
RUN-1001 : --------------------------------------------------------------
HDL-1007 : analyze verilog file ../../responder.v
HDL-1007 : analyze verilog file ../../Sel_module.v
HDL-1007 : analyze verilog file ../../Timer_module.v
HDL-1007 : analyze verilog file ../../Buzzer_module.v
HDL-1007 : analyze verilog file ../../Digitron_NumDisplay.v
HDL-1007 : analyze verilog file ../../key_filter.v
HDL-1007 : analyze verilog file ../../../../1 run_led/run_led/led8_module.v
HDL-1007 : analyze verilog file ../../countdown_module.v
RUN-1001 : Project manager successfully analyzed 8 source files.
RUN-1002 : start command "import_device eagle_s20.db -package EG4S20BG256"
ARC-1001 : Device Initialization.
ARC-1001 : ------------------------------------------------------------------
ARC-1001 :            OPTION            |          IO          |   SETTING   
ARC-1001 : ------------------------------------------------------------------
ARC-1001 :   cso_b/cclk/mosi/miso/dout  |  T3/R11/T10/P10/S11  |    gpio    
ARC-1001 :             done             |         P13          |    gpio    
ARC-1001 :           program_b          |          T2          |  dedicate  
ARC-1001 :        tdi/tms/tck/tdo       |   C12/A15/C14/E14    |  dedicate  
ARC-1001 : ------------------------------------------------------------------
ARC-1004 : Device setting, marked 5 dedicate IOs in total.
RUN-1002 : start command "import_db ../syn_1/responder_gate.db"
RUN-1001 : Importing database generated by Tang Dynasty, V5.6.71036.
RUN-1001 : Database version number 46146.
RUN-1001 : Import flow parameters
RUN-1001 : Import IO constraints
RUN-1001 : Import Inst constraints
RUN-1001 : Import design success TD_VERSION=5.6.71036 , DB_VERSION=46146
RUN-1002 : start command "place"
RUN-1001 : Open license file C:/Anlogic/TD5.6.2/license/Anlogic.lic
RUN-1001 : Print Global Property
RUN-1001 : ---------------------------------------------------------------
RUN-1001 :        Parameters        |  Settings  |  Default Values  |  Note  
RUN-1001 : ---------------------------------------------------------------
RUN-1001 :          message         |  standard  |     standard     |        
RUN-1001 :   mixed_pack_place_flow  |     on     |        on        |        
RUN-1001 :        qor_monitor       |    off     |       off        |        
RUN-1001 :        syn_ip_flow       |    off     |       off        |        
RUN-1001 :          thread          |    auto    |       auto       |        
RUN-1001 : ---------------------------------------------------------------
RUN-1001 : Print Place Property
RUN-1001 : --------------------------------------------------------------
RUN-1001 :        Parameters       |  Settings  |  Default Values  |  Note  
RUN-1001 : --------------------------------------------------------------
RUN-1001 :      detailed_place     |     on     |        on        |        
RUN-1001 :          effort         |   medium   |      medium      |        
RUN-1001 :         fix_hold        |    off     |       off        |        
RUN-1001 :       legalization      |    ori     |       ori        |        
RUN-1001 :      new_spreading      |     on     |        on        |        
RUN-1001 :        opt_timing       |   medium   |      medium      |        
RUN-1001 :   post_clock_route_opt  |    off     |       off        |        
RUN-1001 :       pr_strategy       |     1      |        1         |        
RUN-1001 :        relaxation       |    1.00    |       1.00       |        
RUN-1001 :         retiming        |    off     |       off        |        
RUN-1001 : --------------------------------------------------------------
PHY-3001 : Placer runs in 8 thread(s).
RUN-1002 : start command "legalize_phy_inst"
SYN-1011 : Flatten model responder
RUN-1002 : start command "phys_opt -simplify_lut"
SYN-4024 : Net "CLK_dup_1" drives clk pins.
SYN-4024 : Net "U2/CLK1" drives clk pins.
SYN-4024 : Net "U4/W_DigitronCS_Out_n" drives clk pins.
SYN-4024 : Net "Minus_Time_dup_7" drives clk pins.
SYN-4024 : Net "U4/SingleNum_b_n4" drives clk pins.
SYN-4024 : Net "Set_Time_dup_1" drives clk pins.
SYN-4025 : Tag rtl::Net CLK_dup_1 as clock net
SYN-4025 : Tag rtl::Net Minus_Time_dup_7 as clock net
SYN-4025 : Tag rtl::Net Set_Time_dup_1 as clock net
SYN-4025 : Tag rtl::Net U2/CLK1 as clock net
SYN-4025 : Tag rtl::Net U4/SingleNum_b_n4 as clock net
SYN-4025 : Tag rtl::Net U4/W_DigitronCS_Out_n as clock net
SYN-4026 : Tagged 6 rtl::Net as clock net
SYN-4015 : Create BUFG instance for clk Net U2/CLK1 to drive 11 clock pins.
SYN-4015 : Create BUFG instance for clk Net U4/W_DigitronCS_Out_n to drive 8 clock pins.
SYN-4015 : Create BUFG instance for clk Net Minus_Time_dup_7 to drive 5 clock pins.
SYN-4015 : Create BUFG instance for clk Net U4/SingleNum_b_n4 to drive 4 clock pins.
PHY-1001 : Populate physical database on model responder.
RUN-1001 : There are total 432 instances
RUN-0007 : 185 luts, 149 seqs, 35 mslices, 20 lslices, 35 pads, 0 brams, 1 dsps
RUN-1001 : There are total 573 nets
RUN-1001 : 329 nets have 2 pins
RUN-1001 : 201 nets have [3 - 5] pins
RUN-1001 : 31 nets have [6 - 10] pins
RUN-1001 : 6 nets have [11 - 20] pins
RUN-1001 : 4 nets have [21 - 99] pins
RUN-1001 : 2 nets have 100+ pins
RUN-1001 : Report Control nets information:
RUN-1001 : DFF Distribution
RUN-1001 : ----------------------------------
RUN-1001 :   CE   |  SSR  |  ASR  |  DFF Count  
RUN-1001 : ----------------------------------
RUN-1001 :   No   |  No   |  No   |     31      
RUN-1001 :   No   |  No   |  Yes  |     56      
RUN-1001 :   No   |  Yes  |  No   |     29      
RUN-1001 :   Yes  |  No   |  No   |      0      
RUN-1001 :   Yes  |  No   |  Yes  |     33      
RUN-1001 :   Yes  |  Yes  |  No   |      0      
RUN-1001 : ----------------------------------
RUN-0007 : Control Group Statistic
RUN-0007 : ---------------------------
RUN-0007 :   #CLK  |  #CE  |  #SSR/ASR  
RUN-0007 : ---------------------------
RUN-0007 :    8    |   3   |     8      
RUN-0007 : ---------------------------
RUN-0007 : Control Set = 17
PHY-3001 : Initial placement ...
PHY-3001 : design contains 430 instances, 185 luts, 149 seqs, 55 slices, 7 macros(55 instances: 35 mslices 20 lslices)
PHY-0007 : Cell area utilization is 1%
PHY-3001 : Global placement ...
PHY-3001 : Initial: Len = 145528
PHY-3001 : Clustering ...
PHY-3001 : Level 0 #clusters 430.
PHY-3001 : End clustering;  0.000013s wall, 0.000000s user + 0.000000s system = 0.000000s CPU (n/a%)

PHY-3001 : Run with size of 4
PHY-3001 : Cell area utilization is 1%
PHY-3001 : :::0::: Try harder cell spreading with beta_ = 0
PHY-3002 : Step(1): len = 86014.9, overlap = 2.25
PHY-3002 : Step(2): len = 63833.9, overlap = 2.25
PHY-3002 : Step(3): len = 44442.9, overlap = 0
PHY-3002 : Step(4): len = 34577.5, overlap = 0
PHY-3002 : Step(5): len = 29274.6, overlap = 2.25
PHY-3002 : Step(6): len = 26698.3, overlap = 2.25
PHY-3002 : Step(7): len = 23371.6, overlap = 2.25
PHY-3002 : Step(8): len = 22212, overlap = 2.25
PHY-3002 : Step(9): len = 21424.2, overlap = 2.25
PHY-3002 : Step(10): len = 20054.6, overlap = 2.25
PHY-3002 : Step(11): len = 19420.6, overlap = 2.25
PHY-3002 : Step(12): len = 18706.3, overlap = 2.25
PHY-3002 : Step(13): len = 17334.9, overlap = 2.25
PHY-3002 : Step(14): len = 16707.9, overlap = 2.25
PHY-3002 : Step(15): len = 16825.4, overlap = 2.25
PHY-3001 : :::1::: Try harder cell spreading with beta_ = 0.000375537
PHY-3002 : Step(16): len = 16793, overlap = 0
PHY-3002 : Step(17): len = 15334.8, overlap = 2.25
PHY-3002 : Step(18): len = 14554.8, overlap = 0
PHY-3002 : Step(19): len = 14576.5, overlap = 0
PHY-3002 : Step(20): len = 14542.3, overlap = 0
PHY-3002 : Step(21): len = 14589.1, overlap = 0
PHY-3002 : Step(22): len = 14588.2, overlap = 0
PHY-3002 : Step(23): len = 14218.2, overlap = 2.25
PHY-3002 : Step(24): len = 14216.4, overlap = 2.25
PHY-3002 : Step(25): len = 14919.9, overlap = 0
PHY-3002 : Step(26): len = 14130.8, overlap = 0
PHY-3002 : Step(27): len = 14061.3, overlap = 0
PHY-3002 : Step(28): len = 14246.6, overlap = 0
PHY-3002 : Step(29): len = 13872.5, overlap = 0
PHY-3002 : Step(30): len = 14383.8, overlap = 0
PHY-3002 : Step(31): len = 12853.7, overlap = 0
PHY-3002 : Step(32): len = 12743.4, overlap = 0
PHY-3002 : Step(33): len = 12727.9, overlap = 0
PHY-3002 : Step(34): len = 12660.6, overlap = 0
PHY-3002 : Step(35): len = 13032.2, overlap = 0
PHY-3002 : Step(36): len = 12591.9, overlap = 0
PHY-3002 : Step(37): len = 12741.3, overlap = 0
PHY-3002 : Step(38): len = 13216.6, overlap = 0
PHY-3002 : Step(39): len = 12670.6, overlap = 2.25
PHY-3002 : Step(40): len = 12433, overlap = 2.25
PHY-3002 : Step(41): len = 12117.8, overlap = 2.25
PHY-3001 : :::2::: Try harder cell spreading with beta_ = 0.000751074
PHY-3002 : Step(42): len = 11902.4, overlap = 0
PHY-3002 : Step(43): len = 11812, overlap = 0
PHY-3002 : Step(44): len = 11771.5, overlap = 0
PHY-3001 : Legalization ...
PHY-3001 : End legalization;  0.008120s wall, 0.000000s user + 0.000000s system = 0.000000s CPU (n/a%)

PHY-3001 : Run with size of 4
PHY-3001 : Cell area utilization is 1%
PHY-3001 : :::0::: Try harder cell spreading with beta_ = 0
PHY-3002 : Step(45): len = 11579.7, overlap = 0
PHY-3002 : Step(46): len = 11642.3, overlap = 0
PHY-3002 : Step(47): len = 11661.5, overlap = 0
PHY-3002 : Step(48): len = 11704.8, overlap = 0
PHY-3002 : Step(49): len = 11882.5, overlap = 0
PHY-3002 : Step(50): len = 12236, overlap = 0
PHY-3002 : Step(51): len = 12157.4, overlap = 0
PHY-3002 : Step(52): len = 11984.4, overlap = 0
PHY-3002 : Step(53): len = 11073.6, overlap = 0
PHY-3002 : Step(54): len = 11239.4, overlap = 0
PHY-3002 : Step(55): len = 11097.1, overlap = 0
PHY-3002 : Step(56): len = 10638.1, overlap = 0
PHY-3002 : Step(57): len = 10654.4, overlap = 0
PHY-3002 : Step(58): len = 10559.5, overlap = 0
PHY-3002 : Step(59): len = 10665.1, overlap = 0
PHY-3002 : Step(60): len = 10295.5, overlap = 0
PHY-3002 : Step(61): len = 10431.8, overlap = 0
PHY-3002 : Step(62): len = 10443.3, overlap = 0
PHY-3002 : Step(63): len = 10322.1, overlap = 0
PHY-3002 : Step(64): len = 10214, overlap = 0
PHY-3002 : Step(65): len = 9829, overlap = 0
PHY-3002 : Step(66): len = 9467, overlap = 0
PHY-3002 : Step(67): len = 9486.4, overlap = 0
PHY-3002 : Step(68): len = 9396.4, overlap = 0
PHY-3002 : Step(69): len = 9502.8, overlap = 0
PHY-3002 : Step(70): len = 9603.3, overlap = 0
PHY-3002 : Step(71): len = 9794.2, overlap = 0
PHY-3002 : Step(72): len = 9438.2, overlap = 0
PHY-3002 : Step(73): len = 9566.4, overlap = 0
PHY-3002 : Step(74): len = 9125.3, overlap = 0
PHY-3002 : Step(75): len = 9026.7, overlap = 0
PHY-3002 : Step(76): len = 9131.3, overlap = 0
PHY-3002 : Step(77): len = 8842.2, overlap = 0
PHY-3002 : Step(78): len = 8497.7, overlap = 0
PHY-3002 : Step(79): len = 8567.6, overlap = 0
PHY-3002 : Step(80): len = 8339.3, overlap = 0
PHY-3002 : Step(81): len = 8304.7, overlap = 0
PHY-3002 : Step(82): len = 8313.1, overlap = 0
PHY-3002 : Step(83): len = 8170.7, overlap = 0
PHY-3002 : Step(84): len = 8052.4, overlap = 0
PHY-3002 : Step(85): len = 8061.3, overlap = 0
PHY-3002 : Step(86): len = 7769.1, overlap = 0
PHY-3002 : Step(87): len = 7742.9, overlap = 0
PHY-3002 : Step(88): len = 7732.4, overlap = 0
PHY-3001 : Run with size of 2
PHY-3001 : Cell area utilization is 1%
PHY-3001 : :::0::: Try harder cell spreading with beta_ = 0
PHY-3002 : Step(89): len = 7531.8, overlap = 11.8438
PHY-3002 : Step(90): len = 7531.8, overlap = 11.8438
PHY-3002 : Step(91): len = 7496.1, overlap = 11.5625
PHY-3002 : Step(92): len = 7496.1, overlap = 11.5625
PHY-3002 : Step(93): len = 7455.4, overlap = 11.5312
PHY-3002 : Step(94): len = 7455.4, overlap = 11.5312
PHY-3002 : Step(95): len = 7467.5, overlap = 11.625
PHY-3002 : Step(96): len = 7467.5, overlap = 11.625
PHY-3002 : Step(97): len = 7491.9, overlap = 11.5938
PHY-3002 : Step(98): len = 7491.9, overlap = 11.5938
PHY-3002 : Step(99): len = 7459.5, overlap = 11.5938
PHY-3002 : Step(100): len = 7459.5, overlap = 11.5938
PHY-3002 : Step(101): len = 7408.7, overlap = 11.5938
OPT-1001 : Start physical optimization ...
OPT-1001 : Total overflow 25.62 peak overflow 2.38
OPT-1001 : Start high-fanout net optimization ...
OPT-1001 : Update timing in global mode
PHY-1001 : Start incremental global routing, caller is place ...
RUN-1001 : Generating global routing grids ...
RUN-1001 : Building simple global routing graph ...
PHY-1001 : Generate routing nets ...
PHY-1001 : Reuse net number 0/573.
PHY-1001 : Global iterations in 8 thread ...
PHY-1002 : len = 7968, over cnt = 18(0%), over = 51, worst = 6
PHY-1001 : End global iterations;  0.026875s wall, 0.000000s user + 0.000000s system = 0.000000s CPU (n/a%)

PHY-1001 : Congestion index: top1 = 12.67, top5 = 5.27, top10 = 2.77, top15 = 1.85.
PHY-1001 : End incremental global routing;  0.081876s wall, 0.031250s user + 0.000000s system = 0.031250s CPU (38.2%)

RUN-1002 : start command "start_timer -report"
TMR-5001 WARNING: No sdc constraints found while initiating timer.
TMR-2505 : Start building timing graph for model responder.
TMR-2506 : Build timing graph completely. Port num: 13, tpin num: 1942, tnet num: 571, tinst num: 430, tnode num: 2523, tedge num: 3114.
TMR-2508 : Levelizing timing graph completed, there are 29 levels in total.
TMR-2501 : Timing graph initialized successfully.
OPT-1001 : End timing update;  0.261607s wall, 0.187500s user + 0.000000s system = 0.187500s CPU (71.7%)

OPT-1001 : 0 high-fanout net processed.
OPT-1001 : End high-fanout net optimization;  0.349308s wall, 0.218750s user + 0.000000s system = 0.218750s CPU (62.6%)

OPT-1001 : Current memory(MB): used = 138, reserve = 110, peak = 138.
OPT-1001 : End physical optimization;  0.357205s wall, 0.218750s user + 0.000000s system = 0.218750s CPU (61.2%)

PHY-3001 : Start packing ...
SYN-4007 : Packing 0 MUX to BLE ...
SYN-4008 : Packed 0 MUX and 0 SEQ to BLE.
SYN-4007 : Packing 185 LUT to BLE ...
SYN-4008 : Packed 185 LUT and 85 SEQ to BLE.
SYN-4003 : Packing 64 remaining SEQ's ...
SYN-4005 : Packed 47 SEQ with LUT/SLICE
SYN-4006 : 59 single LUT's are left
SYN-4006 : 17 single SEQ's are left
SYN-4011 : Packing model "responder" (AL_USER_NORMAL) with 202/300 primitive instances ...
PHY-3001 : End packing;  0.013094s wall, 0.015625s user + 0.000000s system = 0.015625s CPU (119.3%)

PHY-1001 : Populate physical database on model responder.
RUN-1001 : There are total 213 instances
RUN-1001 : 85 mslices, 85 lslices, 35 pads, 0 brams, 1 dsps
RUN-1001 : There are total 497 nets
RUN-1001 : 261 nets have 2 pins
RUN-1001 : 194 nets have [3 - 5] pins
RUN-1001 : 31 nets have [6 - 10] pins
RUN-1001 : 7 nets have [11 - 20] pins
RUN-1001 : 2 nets have [21 - 99] pins
RUN-1001 : 2 nets have 100+ pins
PHY-3001 : design contains 211 instances, 170 slices, 7 macros(55 instances: 35 mslices 20 lslices)
PHY-3001 : Cell area utilization is 2%
PHY-3001 : After packing: Len = 8213.2, Over = 13.75
PHY-3001 : Run with size of 2
PHY-3001 : Cell area utilization is 2%
PHY-3001 : :::0::: Try harder cell spreading with beta_ = 9.7292e-05
PHY-3002 : Step(102): len = 8038.3, overlap = 12.75
PHY-3002 : Step(103): len = 8036.2, overlap = 10.5
PHY-3002 : Step(104): len = 8019.2, overlap = 10.25
PHY-3001 : :::1::: Try harder cell spreading with beta_ = 0.000194584
PHY-3002 : Step(105): len = 7930.3, overlap = 11
PHY-3002 : Step(106): len = 7947.4, overlap = 11
PHY-3002 : Step(107): len = 7947.4, overlap = 11
PHY-3001 : :::2::: Try harder cell spreading with beta_ = 0.000389168
PHY-3002 : Step(108): len = 7975.5, overlap = 10.75
PHY-3002 : Step(109): len = 7975.5, overlap = 10.75
PHY-3001 : Legalization ...
PHY-3001 : End legalization;  0.038211s wall, 0.015625s user + 0.031250s system = 0.046875s CPU (122.7%)

PHY-3001 : Trial Legalized: Len = 12557.1
PHY-3001 : Run with size of 2
PHY-3001 : Cell area utilization is 2%
PHY-3001 : :::0::: Try harder cell spreading with beta_ = 0
PHY-3002 : Step(110): len = 9287.8, overlap = 1.5
PHY-3002 : Step(111): len = 8525.1, overlap = 4.25
PHY-3002 : Step(112): len = 8338, overlap = 4.75
PHY-3002 : Step(113): len = 8110.6, overlap = 4.25
PHY-3002 : Step(114): len = 7995.9, overlap = 4.25
PHY-3002 : Step(115): len = 8001.7, overlap = 4.25
PHY-3001 : :::1::: Try harder cell spreading with beta_ = 0.000270691
PHY-3002 : Step(116): len = 7992.1, overlap = 4.75
PHY-3002 : Step(117): len = 7992.1, overlap = 4.75
PHY-3001 : :::2::: Try harder cell spreading with beta_ = 0.000541382
PHY-3002 : Step(118): len = 7949.7, overlap = 4.75
PHY-3002 : Step(119): len = 7949.7, overlap = 4.75
PHY-3001 : Legalization ...
PHY-3001 : End legalization;  0.005398s wall, 0.000000s user + 0.000000s system = 0.000000s CPU (n/a%)

PHY-3001 : Legalized: Len = 9884.7, Over = 0
PHY-3001 : Spreading special nets. 2 overflows in 2952 tiles.
PHY-3001 : End spreading;  0.002970s wall, 0.000000s user + 0.000000s system = 0.000000s CPU (n/a%)

PHY-3001 : 3 instances has been re-located, deltaX = 0, deltaY = 3, maxDist = 1.
PHY-3001 : Final: Len = 9938.7, Over = 0
OPT-1001 : Start physical optimization ...
OPT-1001 : Total overflow 0.00 peak overflow 0.00
OPT-1001 : Start high-fanout net optimization ...
OPT-1001 : Update timing in global mode
PHY-1001 : Start incremental global routing, caller is place ...
RUN-1001 : Generating global routing grids ...
PHY-1001 : Generate routing nets ...
PHY-1001 : Reuse net number 23/497.
PHY-1001 : Global iterations in 8 thread ...
PHY-1002 : len = 10872, over cnt = 34(0%), over = 50, worst = 4
PHY-1002 : len = 11136, over cnt = 15(0%), over = 20, worst = 3
PHY-1002 : len = 11424, over cnt = 1(0%), over = 2, worst = 2
PHY-1002 : len = 11456, over cnt = 0(0%), over = 0, worst = 0
PHY-1001 : End global iterations;  0.055657s wall, 0.015625s user + 0.000000s system = 0.015625s CPU (28.1%)

PHY-1001 : Congestion index: top1 = 16.66, top5 = 7.55, top10 = 4.00, top15 = 2.67.
PHY-1001 : End incremental global routing;  0.102538s wall, 0.046875s user + 0.000000s system = 0.046875s CPU (45.7%)

RUN-1002 : start command "start_timer -report"
TMR-5001 WARNING: No sdc constraints found while initiating timer.
TMR-2505 : Start building timing graph for model responder.
TMR-2506 : Build timing graph completely. Port num: 13, tpin num: 1687, tnet num: 495, tinst num: 211, tnode num: 2158, tedge num: 2831.
TMR-2508 : Levelizing timing graph completed, there are 27 levels in total.
TMR-2501 : Timing graph initialized successfully.
OPT-1001 : End timing update;  0.235669s wall, 0.203125s user + 0.000000s system = 0.203125s CPU (86.2%)

OPT-1001 : 0 high-fanout net processed.
OPT-1001 : End high-fanout net optimization;  0.344460s wall, 0.250000s user + 0.000000s system = 0.250000s CPU (72.6%)

OPT-1001 : Current memory(MB): used = 140, reserve = 111, peak = 140.
OPT-1001 : Update timing in Manhattan mode
OPT-1001 : End timing update;  0.000517s wall, 0.015625s user + 0.000000s system = 0.015625s CPU (n/a%)

OPT-1001 : Start pin optimization...
OPT-1001 : skip pin optimization...
RUN-1001 : Generating global routing grids ...
PHY-1001 : Generate routing nets ...
PHY-1001 : Reuse net number 385/497.
PHY-1001 : Global iterations in 8 thread ...
PHY-1002 : len = 11456, over cnt = 0(0%), over = 0, worst = 0
PHY-1001 : End global iterations;  0.002459s wall, 0.000000s user + 0.000000s system = 0.000000s CPU (n/a%)

PHY-1001 : Congestion index: top1 = 16.66, top5 = 7.55, top10 = 4.00, top15 = 2.67.
OPT-1001 : Update timing in Manhattan mode
OPT-1001 : End timing update;  0.000655s wall, 0.000000s user + 0.000000s system = 0.000000s CPU (n/a%)

RUN-1001 : QoR Analysis:
OPT-0007 :   WNS 2147483647 TNS 0 NUM_FEPS 0
RUN-1001 :   No local congestion issue, and most congested 1% tile average routing util is 16.172414
RUN-1001 :   Top critical paths
OPT-1001 : End physical optimization;  0.407002s wall, 0.296875s user + 0.000000s system = 0.296875s CPU (72.9%)

RUN-1003 : finish command "place" in  2.833525s wall, 2.000000s user + 0.500000s system = 2.500000s CPU (88.2%)

RUN-1004 : used memory is 135 MB, reserved memory is 106 MB, peak memory is 140 MB
RUN-1002 : start command "export_db responder_place.db"
RUN-1001 : Exported /
RUN-1001 : Exported flow parameters
RUN-1001 : Exported libs
RUN-1001 : Exported entities
RUN-1001 : Exported ports
RUN-1001 : Exported pins
RUN-1001 : Exported instances
RUN-1001 : Exported nets
RUN-1001 : Exported buses
RUN-1001 : Exported models
RUN-1001 : Exported congestions
RUN-1001 : Exported violations
RUN-1001 : Exported IO constraints
RUN-1001 : Exported Inst constraints
RUN-1002 : start command "route"
RUN-1001 : Open license file C:/Anlogic/TD5.6.2/license/Anlogic.lic
RUN-1001 : Print Global Property
RUN-1001 : ---------------------------------------------------------------
RUN-1001 :        Parameters        |  Settings  |  Default Values  |  Note  
RUN-1001 : ---------------------------------------------------------------
RUN-1001 :          message         |  standard  |     standard     |        
RUN-1001 :   mixed_pack_place_flow  |     on     |        on        |        
RUN-1001 :        qor_monitor       |    off     |       off        |        
RUN-1001 :        syn_ip_flow       |    off     |       off        |        
RUN-1001 :          thread          |    auto    |       auto       |        
RUN-1001 : ---------------------------------------------------------------
RUN-1002 : start command "set_param route phy_sim_model on"
RUN-1001 : Print Route Property
RUN-1001 : -------------------------------------------------------
RUN-1001 :    Parameters    |  Settings  |  Default Values  |  Note  
RUN-1001 : -------------------------------------------------------
RUN-1001 :      effort      |   medium   |      medium      |        
RUN-1001 :     fix_hold     |    off     |       off        |        
RUN-1001 :    opt_timing    |   medium   |      medium      |        
RUN-1001 :   phy_sim_model  |     on     |       off        |   *    
RUN-1001 :     priority     |   timing   |      timing      |        
RUN-1001 :     swap_pin     |     on     |        on        |        
RUN-1001 : -------------------------------------------------------
PHY-1001 : Route runs in 8 thread(s)
RUN-1001 : There are total 213 instances
RUN-1001 : 85 mslices, 85 lslices, 35 pads, 0 brams, 1 dsps
RUN-1001 : There are total 497 nets
RUN-1001 : 261 nets have 2 pins
RUN-1001 : 194 nets have [3 - 5] pins
RUN-1001 : 31 nets have [6 - 10] pins
RUN-1001 : 7 nets have [11 - 20] pins
RUN-1001 : 2 nets have [21 - 99] pins
RUN-1001 : 2 nets have 100+ pins
RUN-1002 : start command "start_timer -report"
TMR-5001 WARNING: No sdc constraints found while initiating timer.
TMR-2505 : Start building timing graph for model responder.
TMR-2506 : Build timing graph completely. Port num: 13, tpin num: 1687, tnet num: 495, tinst num: 211, tnode num: 2158, tedge num: 2831.
TMR-2508 : Levelizing timing graph completed, there are 27 levels in total.
TMR-2501 : Timing graph initialized successfully.
PHY-1001 : 85 mslices, 85 lslices, 35 pads, 0 brams, 1 dsps
TMR-2503 : Start to update net delay, extr mode = 3.
TMR-2504 : Update delay of 495 nets completely.
TMR-2502 : Annotate delay completely, extr mode = 3.
TMR-3002 : No user constraint, initiate default constraint.
TMR-1501 : Assign derive clock DeriveClock to 284 clock pins, and constraint 471 relative nodes.
TMR-3003 : Constraints initiated successfully.
TMR-3501 : Forward propagation: start to calculate arrival time...
TMR-3502 : Backward propagation: start to calculate required time...
TMR-3503 : Timing propagation completes.
PHY-1001 : Start global routing, caller is route ...
RUN-1001 : Generating global routing grids ...
PHY-1001 : Generate routing nets ...
PHY-1001 : Global iterations in 8 thread ...
PHY-1002 : len = 10864, over cnt = 32(0%), over = 48, worst = 4
PHY-1002 : len = 11096, over cnt = 16(0%), over = 21, worst = 3
PHY-1002 : len = 11400, over cnt = 1(0%), over = 2, worst = 2
PHY-1002 : len = 11432, over cnt = 0(0%), over = 0, worst = 0
PHY-1001 : End global iterations;  0.055522s wall, 0.000000s user + 0.015625s system = 0.015625s CPU (28.1%)

PHY-1001 : Congestion index: top1 = 16.68, top5 = 7.47, top10 = 3.98, top15 = 2.65.
PHY-1001 : End global routing;  0.106754s wall, 0.046875s user + 0.015625s system = 0.062500s CPU (58.5%)

PHY-1001 : Start detail routing ...
PHY-1001 : Current memory(MB): used = 158, reserve = 129, peak = 160.
PHY-1001 : Detailed router is running in normal mode.
PHY-1001 : Generate detailed routing grids ...
PHY-1001 : Processed IO instance DigitronCS_Out[3]_syn_2 with INV attribute.
PHY-1001 : Processed IO instance DigitronCS_Out[2]_syn_2 with INV attribute.
PHY-1001 : Processed IO instance DigitronCS_Out[1]_syn_2 with INV attribute.
PHY-1001 : Processed IO instance DigitronCS_Out[0]_syn_2 with INV attribute.
PHY-1001 : Generate nets ...
PHY-1001 : net CLK_dup_1 will be routed on clock mesh
PHY-1001 : clock net Minus_Time_syn_10 will be merged with clock Minus_Time_dup_7
PHY-1001 : net Set_Time_dup_1 will be routed on clock mesh
PHY-1001 : clock net U2/CLK1_syn_4 will be merged with clock U2/CLK1
PHY-1001 : clock net U4/SingleNum_b_n4_syn_10 will be merged with clock U4/SingleNum_b_n4
PHY-1001 : clock net U4/W_DigitronCS_Out_n_syn_4 will be merged with clock U4/W_DigitronCS_Out_n
PHY-1001 : Current memory(MB): used = 423, reserve = 398, peak = 423.
PHY-1001 : End build detailed router design. 3.916843s wall, 3.140625s user + 0.078125s system = 3.218750s CPU (82.2%)

PHY-1001 : Detail Route ...
PHY-1001 : ===== Detail Route Phase 1 =====
PHY-1001 : Clock net routing.....
PHY-1001 : Routed 1% nets.
PHY-1022 : len = 15576, over cnt = 2(0%), over = 2, worst = 1, crit = 0
PHY-1001 : End initial clock net routed; 1.806110s wall, 1.640625s user + 0.015625s system = 1.656250s CPU (91.7%)

PHY-1001 : Ripup-reroute.....
PHY-1001 : ===== DR Iter 1 =====
PHY-1022 : len = 15688, over cnt = 0(0%), over = 0, worst = 0, crit = 0
PHY-1001 : End DR Iter 1; 0.395441s wall, 0.250000s user + 0.000000s system = 0.250000s CPU (63.2%)

PHY-1001 : Current memory(MB): used = 455, reserve = 431, peak = 455.
PHY-1001 : End phase 1; 2.214012s wall, 1.890625s user + 0.015625s system = 1.906250s CPU (86.1%)

PHY-1001 : ===== Detail Route Phase 2 =====
PHY-1001 : Initial routing.....
PHY-1001 : Routed 37% nets.
PHY-1001 : Routed 40% nets.
PHY-1001 : Routed 51% nets.
PHY-1001 : Routed 65% nets.
PHY-1001 : Routed 82% nets.
PHY-1022 : len = 38832, over cnt = 13(0%), over = 13, worst = 1, crit = 0
PHY-1001 : Current memory(MB): used = 455, reserve = 431, peak = 455.
PHY-1001 : End initial routed; 0.272827s wall, 0.140625s user + 0.000000s system = 0.140625s CPU (51.5%)

PHY-1001 : Current memory(MB): used = 455, reserve = 431, peak = 455.
PHY-1001 : End phase 2; 0.272898s wall, 0.140625s user + 0.000000s system = 0.140625s CPU (51.5%)

PHY-1001 : ===== Detail Route Phase 3 =====
PHY-1001 : Ripup-reroute.....
PHY-1001 : ===== DR Iter 1 =====
PHY-1022 : len = 38896, over cnt = 1(0%), over = 1, worst = 1, crit = 0
PHY-1001 : End DR Iter 1; 0.013845s wall, 0.015625s user + 0.000000s system = 0.015625s CPU (112.9%)

PHY-1001 : ===== DR Iter 2 =====
PHY-1022 : len = 38896, over cnt = 0(0%), over = 0, worst = 0, crit = 0
PHY-1001 : End DR Iter 2; 0.012238s wall, 0.015625s user + 0.000000s system = 0.015625s CPU (127.7%)

PHY-1001 : Commit to database.....
PHY-1001 : 2 feed throughs used by 2 nets
PHY-1001 : End commit to database; 0.058378s wall, 0.046875s user + 0.000000s system = 0.046875s CPU (80.3%)

PHY-1001 : Current memory(MB): used = 465, reserve = 441, peak = 465.
PHY-1001 : End phase 3; 0.217435s wall, 0.203125s user + 0.000000s system = 0.203125s CPU (93.4%)

PHY-1003 : Routed, final wirelength = 38896
PHY-1001 : Current memory(MB): used = 465, reserve = 441, peak = 465.
PHY-1001 : End export database. 0.005786s wall, 0.000000s user + 0.000000s system = 0.000000s CPU (n/a%)

PHY-1001 : End detail routing;  6.842031s wall, 5.578125s user + 0.109375s system = 5.687500s CPU (83.1%)

RUN-1003 : finish command "route" in  7.270053s wall, 5.859375s user + 0.125000s system = 5.984375s CPU (82.3%)

RUN-1004 : used memory is 422 MB, reserved memory is 398 MB, peak memory is 465 MB
RUN-1002 : start command "report_area -io_info -file responder_phy.area"
RUN-1001 : standard
***Report Model: responder Device: EG4S20BG256***

IO Statistics
#IO                        35
  #input                    9
  #output                  26
  #inout                    0

Utilization Statistics
#lut                      299   out of  19600    1.53%
#reg                      189   out of  19600    0.96%
#le                       316
  #lut only               127   out of    316   40.19%
  #reg only                17   out of    316    5.38%
  #lut&reg                172   out of    316   54.43%
#dsp                        1   out of     29    3.45%
#bram                       0   out of     64    0.00%
  #bram9k                   0
  #fifo9k                   0
#bram32k                    0   out of     16    0.00%
#pad                       35   out of    188   18.62%
  #ireg                     4
  #oreg                    14
  #treg                     0
#pll                        0   out of      4    0.00%
#gclk                       4   out of     16   25.00%

Clock Resource Statistics
Index     ClockNet                 Type               DriverType         Driver                            Fanout
#1        CLK_dup_1                GCLK               io                 CLK_syn_2.di                      118
#2        U2/CLK1                  GCLK               lslice             U2/CLK1_reg_syn_38.q0             9
#3        U4/W_DigitronCS_Out_n    GCLK               lslice             U4/W_DigitronCS_Out_n_syn_9.f0    7
#4        Set_Time_dup_1           GCLK               io                 Set_Time_syn_2.di                 5
#5        Minus_Time_dup_7         GCLK               io                 Minus_Time_syn_8.di               4
#6        U4/SingleNum_b_n4        GCLK               mslice             U1/LED_Out_b1[0]_syn_5.f0         2


Detailed IO Report

        Name           Direction    Location    IOStandard    DriveStrength    PullType    PackReg  
      Add_Time           INPUT        B10        LVCMOS33          N/A          PULLUP      NONE    
         CLK             INPUT         R7        LVCMOS33          N/A          PULLUP      NONE    
      Key_In[3]          INPUT        F10        LVCMOS33          N/A          PULLUP      IREG    
      Key_In[2]          INPUT        C11        LVCMOS33          N/A          PULLUP      IREG    
      Key_In[1]          INPUT        D11        LVCMOS33          N/A          PULLUP      IREG    
      Key_In[0]          INPUT        E11        LVCMOS33          N/A          PULLUP      IREG    
     Minus_Time          INPUT        A11        LVCMOS33          N/A          PULLUP      NONE    
        RSTn             INPUT         A9        LVCMOS33          N/A          PULLUP      NONE    
      Set_Time           INPUT        A10        LVCMOS33          N/A          PULLUP      NONE    
     Buzzer_Out         OUTPUT        H11        LVCMOS33           8            NONE       OREG    
  DigitronCS_Out[3]     OUTPUT         A3        LVCMOS33           8            NONE       OREG    
  DigitronCS_Out[2]     OUTPUT         A5        LVCMOS33           8            NONE       OREG    
  DigitronCS_Out[1]     OUTPUT         B6        LVCMOS33           8            NONE       OREG    
  DigitronCS_Out[0]     OUTPUT         C9        LVCMOS33           8            NONE       OREG    
   Digitron_Out[7]      OUTPUT         C8        LVCMOS33           8            NONE       NONE    
   Digitron_Out[6]      OUTPUT         A8        LVCMOS33           8            NONE       NONE    
   Digitron_Out[5]      OUTPUT         B5        LVCMOS33           8            NONE       NONE    
   Digitron_Out[4]      OUTPUT         A7        LVCMOS33           8            NONE       NONE    
   Digitron_Out[3]      OUTPUT         E8        LVCMOS33           8            NONE       NONE    
   Digitron_Out[2]      OUTPUT         B8        LVCMOS33           8            NONE       NONE    
   Digitron_Out[1]      OUTPUT         A6        LVCMOS33           8            NONE       NONE    
   Digitron_Out[0]      OUTPUT         A4        LVCMOS33           8            NONE       NONE    
     Key_Row[3]         OUTPUT        E10        LVCMOS33           8            NONE       NONE    
     Key_Row[2]         OUTPUT        C10        LVCMOS33           8            NONE       NONE    
     Key_Row[1]         OUTPUT         F9        LVCMOS33           8            NONE       NONE    
     Key_Row[0]         OUTPUT         D9        LVCMOS33           8            NONE       NONE    
     LED_Out[3]         OUTPUT         C2        LVCMOS33           8            NONE       OREG    
     LED_Out[2]         OUTPUT         C1        LVCMOS33           8            NONE       OREG    
     LED_Out[1]         OUTPUT         E4        LVCMOS33           8            NONE       OREG    
     LED_Out[0]         OUTPUT         D3        LVCMOS33           8            NONE       OREG    
  LED_OverTime_Out      OUTPUT        F16        LVCMOS33           8            NONE       OREG    
     LED_Run[3]         OUTPUT        C15        LVCMOS33           8            NONE       OREG    
     LED_Run[2]         OUTPUT        B16        LVCMOS33           8            NONE       OREG    
     LED_Run[1]         OUTPUT        B15        LVCMOS33           8            NONE       OREG    
     LED_Run[0]         OUTPUT        B14        LVCMOS33           8            NONE       OREG    

Report Hierarchy Area:
+-----------------------------------------------------------------------------------+
|Instance |Module              |le     |lut     |ripple  |seq     |bram    |dsp     |
+-----------------------------------------------------------------------------------+
|top      |responder           |316    |244     |55      |207     |0       |1       |
|  U1     |Sel_module          |62     |48      |7       |36      |0       |0       |
|  U2     |Timer_module        |65     |55      |10      |41      |0       |0       |
|  U3     |Buzzer_module       |38     |24      |6       |28      |0       |0       |
|  U4     |Digitron_NumDisplay |62     |53      |9       |28      |0       |0       |
|  U5     |key_filter          |31     |18      |11      |21      |0       |0       |
|  U6     |led8_module         |49     |37      |12      |28      |0       |0       |
|  U7     |countdown_module    |9      |9       |0       |7       |0       |1       |
+-----------------------------------------------------------------------------------+


DataNet Average Fanout:

   Index     Fanout    Nets  
    #1         1       226   
    #2         2       164   
    #3         3        18   
    #4         4        9    
    #5        5-10      29   
    #6       11-50      6    
    #7       51-100     1    
  Average     2.21           

RUN-1002 : start command "write_verilog simulation/responder_phy_sim.v"
HDL-1201 : write out verilog file simulation/responder_phy_sim.v
RUN-1002 : start command "export_db responder_pr.db"
RUN-1001 : Exported /
RUN-1001 : Exported flow parameters
RUN-1001 : Exported libs
RUN-1001 : Exported entities
RUN-1001 : Exported ports
RUN-1001 : Exported pins
RUN-1001 : Exported instances
RUN-1001 : Exported nets
RUN-1001 : Exported buses
RUN-1001 : Exported models
RUN-1001 : Exported congestions
RUN-1001 : Exported violations
RUN-1001 : Exported IO constraints
RUN-1001 : Exported Inst constraints
RUN-1002 : start command "start_timer"
TMR-5001 WARNING: No sdc constraints found while initiating timer.
TMR-2505 : Start building timing graph for model responder.
TMR-2506 : Build timing graph completely. Port num: 13, tpin num: 1687, tnet num: 495, tinst num: 211, tnode num: 2158, tedge num: 2831.
TMR-2508 : Levelizing timing graph completed, there are 27 levels in total.
TMR-2501 : Timing graph initialized successfully.
RUN-1002 : start command "report_timing -mode FINAL -net_info -rpt_autogen true -file responder_phy.timing -sdf simulation/responder.sdf"
TMR-2503 : Start to update net delay, extr mode = 6.
TMR-2504 : Update delay of 495 nets completely.
TMR-2502 : Annotate delay completely, extr mode = 6.
TMR-3002 : No user constraint, initiate default constraint.
TMR-1501 : Assign derive clock DeriveClock to 284 clock pins, and constraint 471 relative nodes.
TMR-3003 : Constraints initiated successfully.
TMR-3501 : Forward propagation: start to calculate arrival time...
TMR-3502 : Backward propagation: start to calculate required time...
TMR-3503 : Timing propagation completes.
TMR-3506 : Start to generate timing report.
TMR-1502 : Number of clock constraints = 0. Number of clock nets = 6 (6 unconstrainted).
TMR-5009 WARNING: No clock constraint on 6 clock net(s): 
		CLK_dup_1
		Minus_Time_syn_10
		Set_Time_dup_1
		U2/CLK1_syn_4
		U4/SingleNum_b_n4_syn_10
		U4/W_DigitronCS_Out_n_syn_4
TMR-3508 : Export timing summary.
TMR-3507 : Timing report generated successfully in responder_phy.timing, timing summary in responder_phy.tsm.
TMR-1001 : Start to generate SDF file...
RUN-1002 : start command "write_verilog -sdf responder.sdf simulation/responder_phy_sim_sta.v"
HDL-1201 : write out verilog file simulation/responder_phy_sim_sta.v
RUN-1002 : start command "export_bid responder_inst.bid"
RUN-1002 : start command "bitgen -bit responder.bit -unused_io_status pulldown"
BIT-1003 : Start to generate bitstream. 
BIT-1002 : Bitgen processed 153 unused pads, reserve input tri_state with pulldown
BIT-1002 : Init instances with 8 threads.
BIT-1002 : Init instances completely, inst num: 364
BIT-1002 : Init pips with 8 threads.
BIT-1002 : Init pips completely, net num: 497, pip num: 3403
BIT-1002 : Init feedthrough completely, num: 2
BIT-1003 : Multithreading accelaration with 8 threads.
BIT-1003 : Generate bitstream completely, there are 638 valid insts, and 10589 bits set as '1'.
BIT-1004 : PLL setting string = 0000
BIT-1004 : Generate bits file responder.bit.
RUN-1003 : finish command "bitgen -bit responder.bit -unused_io_status pulldown" in  2.043639s wall, 3.578125s user + 0.031250s system = 3.609375s CPU (176.6%)

RUN-1004 : used memory is 435 MB, reserved memory is 412 MB, peak memory is 585 MB
RUN-1002 : start command "backup_run_log run.log ../.logs/phy_1/td_20240727_200354.log"
