============================================================
   Tang Dynasty, V5.6.71036
      Copyright (c) 2012-2023 Anlogic Inc.
   Executable = C:/Anlogic/TD5.6.2/bin/td.exe
   Built at =   20:34:38 Mar 21 2023
   Run by =     Timmy
   Run Date =   Tue Jul 23 22:30:21 2024

   Run on =     DESKTOP-A28VB3Q
============================================================
RUN-1002 : start command "open_project responder.prj"
RUN-1001 : Print Global Property
RUN-1001 : ---------------------------------------------------------------
RUN-1001 :        Parameters        |  Settings  |  Default Values  |  Note  
RUN-1001 : ---------------------------------------------------------------
RUN-1001 :          message         |  standard  |     standard     |        
RUN-1001 :   mixed_pack_place_flow  |     on     |        on        |        
RUN-1001 :        qor_monitor       |    off     |       off        |        
RUN-1001 :        syn_ip_flow       |    off     |       off        |        
RUN-1001 :          thread          |    auto    |       auto       |        
RUN-1001 : ---------------------------------------------------------------
RUN-1001 : Print Design Property
RUN-1001 : --------------------------------------------------------------
RUN-1001 :        Parameters       |  Settings  |  Default Values  |  Note  
RUN-1001 : --------------------------------------------------------------
RUN-1001 :   default_reg_initial   |    auto    |       auto       |        
RUN-1001 :        infer_add        |     on     |        on        |        
RUN-1001 :        infer_fsm        |    off     |       off        |        
RUN-1001 :        infer_mult       |     on     |        on        |        
RUN-1001 :        infer_ram        |     on     |        on        |        
RUN-1001 :        infer_reg        |     on     |        on        |        
RUN-1001 :   infer_reg_init_value  |     on     |        on        |        
RUN-1001 :        infer_rom        |     on     |        on        |        
RUN-1001 :      infer_shifter      |     on     |        on        |        
RUN-1001 : --------------------------------------------------------------
RUN-1001 : Print Rtl Property
RUN-1001 : --------------------------------------------------------------
RUN-1001 :        Parameters       |  Settings  |  Default Values  |  Note  
RUN-1001 : --------------------------------------------------------------
RUN-1001 :       compress_add      |   ripple   |      ripple      |        
RUN-1001 :        elf_sload        |    off     |       off        |        
RUN-1001 :       fix_undriven      |     0      |        0         |        
RUN-1001 :         flatten         |    off     |       off        |        
RUN-1001 :       gate_sharing      |     on     |        on        |        
RUN-1001 :    hdl_warning_level    |   normal   |      normal      |        
RUN-1001 :   impl_internal_tribuf  |     on     |        on        |        
RUN-1001 :      impl_set_reset     |     on     |        on        |        
RUN-1001 :        infer_gsr        |    off     |       off        |        
RUN-1001 :      keep_hierarchy     |    auto    |       auto       |        
RUN-1001 :        max_fanout       |    9999    |       9999       |        
RUN-1001 :      max_oh2bin_len     |     10     |        10        |        
RUN-1001 :       merge_equal       |     on     |        on        |        
RUN-1001 :       merge_equiv       |     on     |        on        |        
RUN-1001 :        merge_mux        |    off     |       off        |        
RUN-1001 :     min_control_set     |     8      |        8         |        
RUN-1001 :      min_ripple_len     |    auto    |       auto       |        
RUN-1001 :       oh2bin_ratio      |    0.08    |       0.08       |        
RUN-1001 :     opt_adder_fanout    |     on     |        on        |        
RUN-1001 :        opt_arith        |     on     |        on        |        
RUN-1001 :       opt_big_gate      |    off     |       off        |        
RUN-1001 :        opt_const        |     on     |        on        |        
RUN-1001 :      opt_const_mult     |     on     |        on        |        
RUN-1001 :       opt_lessthan      |     on     |        on        |        
RUN-1001 :         opt_mux         |    off     |       off        |        
RUN-1001 :         opt_ram         |    high    |       high       |        
RUN-1001 :      rtl_sim_model      |    off     |       off        |        
RUN-1001 :         seq_syn         |     on     |        on        |        
RUN-1001 : --------------------------------------------------------------
HDL-1007 : analyze verilog file ../../responder.v
HDL-1007 : analyze verilog file ../../Sel_module.v
HDL-1007 : analyze verilog file ../../Timer_module.v
HDL-1007 : analyze verilog file ../../Buzzer_module.v
HDL-1007 : analyze verilog file ../../Digitron_NumDisplay.v
HDL-1007 : analyze verilog file ../../key_filter.v
RUN-1001 : Project manager successfully analyzed 6 source files.
RUN-1002 : start command "import_device eagle_s20.db -package EG4S20BG256"
ARC-1001 : Device Initialization.
ARC-1001 : ------------------------------------------------------------------
ARC-1001 :            OPTION            |          IO          |   SETTING   
ARC-1001 : ------------------------------------------------------------------
ARC-1001 :   cso_b/cclk/mosi/miso/dout  |  T3/R11/T10/P10/S11  |    gpio    
ARC-1001 :             done             |         P13          |    gpio    
ARC-1001 :           program_b          |          T2          |  dedicate  
ARC-1001 :        tdi/tms/tck/tdo       |   C12/A15/C14/E14    |  dedicate  
ARC-1001 : ------------------------------------------------------------------
ARC-1004 : Device setting, marked 5 dedicate IOs in total.
RUN-1002 : start command "import_db ../syn_1/responder_gate.db"
RUN-1001 : Importing database generated by Tang Dynasty, V5.6.71036.
RUN-1001 : Database version number 46146.
RUN-1001 : Import flow parameters
RUN-1001 : Import IO constraints
RUN-1001 : Import Inst constraints
RUN-1001 : Import design success TD_VERSION=5.6.71036 , DB_VERSION=46146
RUN-1002 : start command "place"
RUN-1001 : Open license file C:/Anlogic/TD5.6.2/license/Anlogic.lic
RUN-1001 : Print Global Property
RUN-1001 : ---------------------------------------------------------------
RUN-1001 :        Parameters        |  Settings  |  Default Values  |  Note  
RUN-1001 : ---------------------------------------------------------------
RUN-1001 :          message         |  standard  |     standard     |        
RUN-1001 :   mixed_pack_place_flow  |     on     |        on        |        
RUN-1001 :        qor_monitor       |    off     |       off        |        
RUN-1001 :        syn_ip_flow       |    off     |       off        |        
RUN-1001 :          thread          |    auto    |       auto       |        
RUN-1001 : ---------------------------------------------------------------
RUN-1001 : Print Place Property
RUN-1001 : --------------------------------------------------------------
RUN-1001 :        Parameters       |  Settings  |  Default Values  |  Note  
RUN-1001 : --------------------------------------------------------------
RUN-1001 :      detailed_place     |     on     |        on        |        
RUN-1001 :          effort         |   medium   |      medium      |        
RUN-1001 :         fix_hold        |    off     |       off        |        
RUN-1001 :       legalization      |    ori     |       ori        |        
RUN-1001 :      new_spreading      |     on     |        on        |        
RUN-1001 :        opt_timing       |   medium   |      medium      |        
RUN-1001 :   post_clock_route_opt  |    off     |       off        |        
RUN-1001 :       pr_strategy       |     1      |        1         |        
RUN-1001 :        relaxation       |    1.00    |       1.00       |        
RUN-1001 :         retiming        |    off     |       off        |        
RUN-1001 : --------------------------------------------------------------
PHY-3001 : Placer runs in 8 thread(s).
RUN-1002 : start command "legalize_phy_inst"
SYN-1011 : Flatten model responder
RUN-1002 : start command "phys_opt -simplify_lut"
SYN-4024 : Net "CLK_dup_1" drives clk pins.
SYN-4024 : Net "U2/CLK1" drives clk pins.
SYN-4024 : Net "U4/W_Digitron_Out_n" drives clk pins.
SYN-4024 : Net "U4/W_DigitronCS_Out_n" drives clk pins.
SYN-4024 : Net "U4/SingleNum_b_n4" drives clk pins.
SYN-4025 : Tag rtl::Net CLK_dup_1 as clock net
SYN-4025 : Tag rtl::Net U2/CLK1 as clock net
SYN-4025 : Tag rtl::Net U4/SingleNum_b_n4 as clock net
SYN-4025 : Tag rtl::Net U4/W_DigitronCS_Out_n as clock net
SYN-4025 : Tag rtl::Net U4/W_Digitron_Out_n as clock net
SYN-4026 : Tagged 5 rtl::Net as clock net
SYN-4015 : Create BUFG instance for clk Net U2/CLK1 to drive 12 clock pins.
SYN-4015 : Create BUFG instance for clk Net U4/W_DigitronCS_Out_n to drive 8 clock pins.
SYN-4015 : Create BUFG instance for clk Net U4/W_Digitron_Out_n to drive 7 clock pins.
SYN-4015 : Create BUFG instance for clk Net U4/SingleNum_b_n4 to drive 4 clock pins.
PHY-1001 : Populate physical database on model responder.
RUN-1001 : There are total 356 instances
RUN-0007 : 149 luts, 130 seqs, 20 mslices, 20 lslices, 30 pads, 0 brams, 0 dsps
RUN-1001 : There are total 465 nets
RUN-1001 : 263 nets have 2 pins
RUN-1001 : 162 nets have [3 - 5] pins
RUN-1001 : 27 nets have [6 - 10] pins
RUN-1001 : 7 nets have [11 - 20] pins
RUN-1001 : 4 nets have [21 - 99] pins
RUN-1001 : 2 nets have 100+ pins
RUN-1001 : Report Control nets information:
RUN-1001 : DFF Distribution
RUN-1001 : ----------------------------------
RUN-1001 :   CE   |  SSR  |  ASR  |  DFF Count  
RUN-1001 : ----------------------------------
RUN-1001 :   No   |  No   |  No   |     32      
RUN-1001 :   No   |  No   |  Yes  |     35      
RUN-1001 :   No   |  Yes  |  No   |     29      
RUN-1001 :   Yes  |  No   |  No   |      0      
RUN-1001 :   Yes  |  No   |  Yes  |     34      
RUN-1001 :   Yes  |  Yes  |  No   |      0      
RUN-1001 : ----------------------------------
RUN-0007 : Control Group Statistic
RUN-0007 : ---------------------------
RUN-0007 :   #CLK  |  #CE  |  #SSR/ASR  
RUN-0007 : ---------------------------
RUN-0007 :    4    |   3   |     5      
RUN-0007 : ---------------------------
RUN-0007 : Control Set = 10
PHY-3001 : Initial placement ...
PHY-3001 : design contains 354 instances, 149 luts, 130 seqs, 40 slices, 5 macros(40 instances: 20 mslices 20 lslices)
PHY-0007 : Cell area utilization is 1%
PHY-3001 : Global placement ...
PHY-3001 : Initial: Len = 106682
PHY-3001 : Clustering ...
PHY-3001 : Level 0 #clusters 354.
PHY-3001 : End clustering;  0.000024s wall, 0.000000s user + 0.000000s system = 0.000000s CPU (n/a%)

PHY-3001 : Run with size of 4
PHY-3001 : Cell area utilization is 1%
PHY-3001 : :::0::: Try harder cell spreading with beta_ = 0
PHY-3002 : Step(1): len = 69915.8, overlap = 0
PHY-3002 : Step(2): len = 48062.6, overlap = 0
PHY-3002 : Step(3): len = 35065.2, overlap = 0
PHY-3002 : Step(4): len = 27993.1, overlap = 0
PHY-3002 : Step(5): len = 23257.2, overlap = 0
PHY-3002 : Step(6): len = 21322.2, overlap = 0
PHY-3002 : Step(7): len = 21235.2, overlap = 0
PHY-3002 : Step(8): len = 20446.9, overlap = 0
PHY-3002 : Step(9): len = 19404.1, overlap = 0
PHY-3002 : Step(10): len = 18149.5, overlap = 0
PHY-3002 : Step(11): len = 17068.7, overlap = 0
PHY-3002 : Step(12): len = 16780.9, overlap = 0
PHY-3002 : Step(13): len = 15833.2, overlap = 0
PHY-3002 : Step(14): len = 14401.8, overlap = 0
PHY-3002 : Step(15): len = 14575.4, overlap = 0
PHY-3002 : Step(16): len = 14359.9, overlap = 0
PHY-3002 : Step(17): len = 13003.9, overlap = 0
PHY-3002 : Step(18): len = 12822.2, overlap = 0
PHY-3002 : Step(19): len = 13001.4, overlap = 0
PHY-3002 : Step(20): len = 11918.9, overlap = 0
PHY-3002 : Step(21): len = 11822.4, overlap = 0
PHY-3002 : Step(22): len = 11589.4, overlap = 0
PHY-3002 : Step(23): len = 11188.2, overlap = 0
PHY-3002 : Step(24): len = 11592.1, overlap = 0
PHY-3002 : Step(25): len = 10654.4, overlap = 0
PHY-3002 : Step(26): len = 10119.5, overlap = 0
PHY-3002 : Step(27): len = 9892.9, overlap = 0
PHY-3002 : Step(28): len = 9176.3, overlap = 0
PHY-3002 : Step(29): len = 8798.6, overlap = 0
PHY-3002 : Step(30): len = 8766.8, overlap = 0
PHY-3002 : Step(31): len = 8204.6, overlap = 0
PHY-3002 : Step(32): len = 7958.1, overlap = 0
PHY-3002 : Step(33): len = 7606.7, overlap = 0
PHY-3001 : Legalization ...
PHY-3001 : End legalization;  0.007066s wall, 0.000000s user + 0.000000s system = 0.000000s CPU (n/a%)

PHY-3001 : Run with size of 4
PHY-3001 : Cell area utilization is 1%
PHY-3001 : :::0::: Try harder cell spreading with beta_ = 0.0807202
PHY-3002 : Step(34): len = 7069.7, overlap = 0
PHY-3002 : Step(35): len = 7066.4, overlap = 0
PHY-3002 : Step(36): len = 7102.2, overlap = 0
PHY-3001 : Run with size of 2
PHY-3001 : Cell area utilization is 1%
PHY-3001 : :::0::: Try harder cell spreading with beta_ = 0
PHY-3002 : Step(37): len = 6859.9, overlap = 3.96875
PHY-3002 : Step(38): len = 6882.3, overlap = 3.875
PHY-3002 : Step(39): len = 6978.3, overlap = 4.46875
PHY-3002 : Step(40): len = 7034.5, overlap = 4.46875
PHY-3002 : Step(41): len = 7160.3, overlap = 4.75
PHY-3002 : Step(42): len = 7403.5, overlap = 4.5625
PHY-3002 : Step(43): len = 7625, overlap = 4.28125
PHY-3002 : Step(44): len = 7840.1, overlap = 3.09375
PHY-3002 : Step(45): len = 7384.1, overlap = 2.84375
PHY-3002 : Step(46): len = 7422.2, overlap = 3.40625
PHY-3002 : Step(47): len = 7503.1, overlap = 2.75
PHY-3002 : Step(48): len = 7171.7, overlap = 3.09375
PHY-3002 : Step(49): len = 7322.2, overlap = 3.9375
PHY-3002 : Step(50): len = 7247.8, overlap = 3.90625
PHY-3002 : Step(51): len = 7042.8, overlap = 2.84375
PHY-3002 : Step(52): len = 7030.2, overlap = 2.03125
PHY-3002 : Step(53): len = 6991.9, overlap = 3.59375
PHY-3002 : Step(54): len = 6807.6, overlap = 3.53125
PHY-3002 : Step(55): len = 6882, overlap = 3.5
PHY-3002 : Step(56): len = 6278.2, overlap = 3.0625
PHY-3002 : Step(57): len = 6299.3, overlap = 3.28125
PHY-3002 : Step(58): len = 6382.9, overlap = 3.71875
PHY-3002 : Step(59): len = 6052.7, overlap = 4.28125
PHY-3002 : Step(60): len = 5855.7, overlap = 4.4375
PHY-3002 : Step(61): len = 5842.9, overlap = 4.8125
PHY-3002 : Step(62): len = 5642.3, overlap = 5
PHY-3002 : Step(63): len = 5595.3, overlap = 4.28125
PHY-3002 : Step(64): len = 5579.3, overlap = 4.3125
PHY-3002 : Step(65): len = 5311.8, overlap = 4.65625
PHY-3002 : Step(66): len = 5352.1, overlap = 4.71875
PHY-3002 : Step(67): len = 5368.7, overlap = 4.71875
PHY-3001 : :::1::: Try harder cell spreading with beta_ = 0.00254942
PHY-3002 : Step(68): len = 5143.3, overlap = 4.15625
PHY-3002 : Step(69): len = 5167.6, overlap = 4.125
PHY-3002 : Step(70): len = 5201.2, overlap = 3.8125
OPT-1001 : Start physical optimization ...
OPT-1001 : Total overflow 11.94 peak overflow 2.41
OPT-1001 : Start high-fanout net optimization ...
OPT-1001 : Update timing in global mode
PHY-1001 : Start incremental global routing, caller is place ...
RUN-1001 : Generating global routing grids ...
RUN-1001 : Building simple global routing graph ...
PHY-1001 : Generate routing nets ...
PHY-1001 : Reuse net number 0/465.
PHY-1001 : Global iterations in 8 thread ...
PHY-1002 : len = 5480, over cnt = 22(0%), over = 78, worst = 13
PHY-1001 : End global iterations;  0.022625s wall, 0.000000s user + 0.000000s system = 0.000000s CPU (n/a%)

PHY-1001 : Congestion index: top1 = 12.59, top5 = 4.63, top10 = 2.31, top15 = 1.54.
PHY-1001 : End incremental global routing;  0.075841s wall, 0.015625s user + 0.015625s system = 0.031250s CPU (41.2%)

RUN-1002 : start command "start_timer -report"
TMR-5001 WARNING: No sdc constraints found while initiating timer.
TMR-2505 : Start building timing graph for model responder.
TMR-2506 : Build timing graph completely. Port num: 11, tpin num: 1604, tnet num: 463, tinst num: 354, tnode num: 2072, tedge num: 2578.
TMR-2508 : Levelizing timing graph completed, there are 23 levels in total.
TMR-2501 : Timing graph initialized successfully.
OPT-1001 : End timing update;  0.222869s wall, 0.187500s user + 0.000000s system = 0.187500s CPU (84.1%)

OPT-1001 : 0 high-fanout net processed.
OPT-1001 : End high-fanout net optimization;  0.303303s wall, 0.203125s user + 0.015625s system = 0.218750s CPU (72.1%)

OPT-1001 : Current memory(MB): used = 135, reserve = 106, peak = 135.
OPT-1001 : End physical optimization;  0.309352s wall, 0.203125s user + 0.015625s system = 0.218750s CPU (70.7%)

PHY-3001 : Start packing ...
SYN-4007 : Packing 0 MUX to BLE ...
SYN-4008 : Packed 0 MUX and 0 SEQ to BLE.
SYN-4007 : Packing 149 LUT to BLE ...
SYN-4008 : Packed 149 LUT and 69 SEQ to BLE.
SYN-4003 : Packing 61 remaining SEQ's ...
SYN-4005 : Packed 43 SEQ with LUT/SLICE
SYN-4006 : 43 single LUT's are left
SYN-4006 : 18 single SEQ's are left
SYN-4011 : Packing model "responder" (AL_USER_NORMAL) with 167/244 primitive instances ...
PHY-3001 : End packing;  0.016685s wall, 0.031250s user + 0.000000s system = 0.031250s CPU (187.3%)

PHY-1001 : Populate physical database on model responder.
RUN-1001 : There are total 171 instances
RUN-1001 : 67 mslices, 67 lslices, 30 pads, 0 brams, 0 dsps
RUN-1001 : There are total 407 nets
RUN-1001 : 212 nets have 2 pins
RUN-1001 : 154 nets have [3 - 5] pins
RUN-1001 : 28 nets have [6 - 10] pins
RUN-1001 : 9 nets have [11 - 20] pins
RUN-1001 : 3 nets have [21 - 99] pins
RUN-1001 : 1 nets have 100+ pins
PHY-3001 : design contains 169 instances, 134 slices, 5 macros(40 instances: 20 mslices 20 lslices)
PHY-3001 : Cell area utilization is 1%
PHY-3001 : After packing: Len = 5679, Over = 7
PHY-3001 : Run with size of 2
PHY-3001 : Cell area utilization is 1%
PHY-3001 : :::0::: Try harder cell spreading with beta_ = 0.000294072
PHY-3002 : Step(71): len = 5408.4, overlap = 7.25
PHY-3002 : Step(72): len = 5292.7, overlap = 7.25
PHY-3002 : Step(73): len = 5286.2, overlap = 7.25
PHY-3001 : Legalization ...
PHY-3001 : End legalization;  0.049971s wall, 0.000000s user + 0.015625s system = 0.015625s CPU (31.3%)

PHY-3001 : Trial Legalized: Len = 8747.4
PHY-3001 : Run with size of 2
PHY-3001 : Cell area utilization is 1%
PHY-3001 : :::0::: Try harder cell spreading with beta_ = 0
PHY-3002 : Step(74): len = 6434.8, overlap = 3
PHY-3002 : Step(75): len = 5716.2, overlap = 4.5
PHY-3002 : Step(76): len = 5454.6, overlap = 7
PHY-3002 : Step(77): len = 5337.4, overlap = 7.5
PHY-3002 : Step(78): len = 5180.5, overlap = 7.25
PHY-3001 : :::1::: Try harder cell spreading with beta_ = 0.000465993
PHY-3002 : Step(79): len = 5164.1, overlap = 7
PHY-3002 : Step(80): len = 5164.1, overlap = 7
PHY-3002 : Step(81): len = 5087.2, overlap = 7.25
PHY-3001 : :::2::: Try harder cell spreading with beta_ = 0.000931987
PHY-3002 : Step(82): len = 5106.4, overlap = 7
PHY-3002 : Step(83): len = 5106.4, overlap = 7
PHY-3001 : Legalization ...
PHY-3001 : End legalization;  0.005239s wall, 0.000000s user + 0.000000s system = 0.000000s CPU (n/a%)

PHY-3001 : Legalized: Len = 7318.1, Over = 0
PHY-3001 : Spreading special nets. 2 overflows in 2952 tiles.
PHY-3001 : End spreading;  0.002784s wall, 0.000000s user + 0.000000s system = 0.000000s CPU (n/a%)

PHY-3001 : 2 instances has been re-located, deltaX = 0, deltaY = 2, maxDist = 1.
PHY-3001 : Final: Len = 7344.1, Over = 0
OPT-1001 : Start physical optimization ...
OPT-1001 : Total overflow 0.00 peak overflow 0.00
OPT-1001 : Start high-fanout net optimization ...
OPT-1001 : Update timing in global mode
PHY-1001 : Start incremental global routing, caller is place ...
RUN-1001 : Generating global routing grids ...
PHY-1001 : Generate routing nets ...
PHY-1001 : Reuse net number 34/407.
PHY-1001 : Global iterations in 8 thread ...
PHY-1002 : len = 7880, over cnt = 31(0%), over = 63, worst = 5
PHY-1002 : len = 8048, over cnt = 21(0%), over = 45, worst = 5
PHY-1002 : len = 8240, over cnt = 13(0%), over = 31, worst = 5
PHY-1002 : len = 8696, over cnt = 0(0%), over = 0, worst = 0
PHY-1001 : End global iterations;  0.047538s wall, 0.000000s user + 0.000000s system = 0.000000s CPU (n/a%)

PHY-1001 : Congestion index: top1 = 18.02, top5 = 6.69, top10 = 3.37, top15 = 2.25.
PHY-1001 : End incremental global routing;  0.094673s wall, 0.031250s user + 0.000000s system = 0.031250s CPU (33.0%)

RUN-1002 : start command "start_timer -report"
TMR-5001 WARNING: No sdc constraints found while initiating timer.
TMR-2505 : Start building timing graph for model responder.
TMR-2506 : Build timing graph completely. Port num: 11, tpin num: 1392, tnet num: 405, tinst num: 169, tnode num: 1751, tedge num: 2351.
TMR-2508 : Levelizing timing graph completed, there are 23 levels in total.
TMR-2501 : Timing graph initialized successfully.
OPT-1001 : End timing update;  0.189611s wall, 0.156250s user + 0.000000s system = 0.156250s CPU (82.4%)

OPT-1001 : 0 high-fanout net processed.
OPT-1001 : End high-fanout net optimization;  0.289185s wall, 0.187500s user + 0.000000s system = 0.187500s CPU (64.8%)

OPT-1001 : Current memory(MB): used = 136, reserve = 107, peak = 136.
OPT-1001 : Update timing in Manhattan mode
OPT-1001 : End timing update;  0.000311s wall, 0.000000s user + 0.000000s system = 0.000000s CPU (n/a%)

OPT-1001 : Start pin optimization...
OPT-1001 : skip pin optimization...
RUN-1001 : Generating global routing grids ...
PHY-1001 : Generate routing nets ...
PHY-1001 : Reuse net number 321/407.
PHY-1001 : Global iterations in 8 thread ...
PHY-1002 : len = 8696, over cnt = 0(0%), over = 0, worst = 0
PHY-1001 : End global iterations;  0.001779s wall, 0.000000s user + 0.000000s system = 0.000000s CPU (n/a%)

PHY-1001 : Congestion index: top1 = 18.02, top5 = 6.69, top10 = 3.37, top15 = 2.25.
OPT-1001 : Update timing in Manhattan mode
OPT-1001 : End timing update;  0.000541s wall, 0.000000s user + 0.000000s system = 0.000000s CPU (n/a%)

RUN-1001 : QoR Analysis:
OPT-0007 :   WNS 2147483647 TNS 0 NUM_FEPS 0
RUN-1001 :   No local congestion issue, and most congested 1% tile average routing util is 17.586207
RUN-1001 :   Top critical paths
OPT-1001 : End physical optimization;  0.341129s wall, 0.312500s user + 0.015625s system = 0.328125s CPU (96.2%)

RUN-1003 : finish command "place" in  2.199694s wall, 1.296875s user + 0.515625s system = 1.812500s CPU (82.4%)

RUN-1004 : used memory is 132 MB, reserved memory is 104 MB, peak memory is 137 MB
RUN-1002 : start command "export_db responder_place.db"
RUN-1001 : Exported /
RUN-1001 : Exported flow parameters
RUN-1001 : Exported libs
RUN-1001 : Exported entities
RUN-1001 : Exported ports
RUN-1001 : Exported pins
RUN-1001 : Exported instances
RUN-1001 : Exported nets
RUN-1001 : Exported buses
RUN-1001 : Exported models
RUN-1001 : Exported congestions
RUN-1001 : Exported violations
RUN-1001 : Exported IO constraints
RUN-1001 : Exported Inst constraints
RUN-1002 : start command "route"
RUN-1001 : Open license file C:/Anlogic/TD5.6.2/license/Anlogic.lic
RUN-1001 : Print Global Property
RUN-1001 : ---------------------------------------------------------------
RUN-1001 :        Parameters        |  Settings  |  Default Values  |  Note  
RUN-1001 : ---------------------------------------------------------------
RUN-1001 :          message         |  standard  |     standard     |        
RUN-1001 :   mixed_pack_place_flow  |     on     |        on        |        
RUN-1001 :        qor_monitor       |    off     |       off        |        
RUN-1001 :        syn_ip_flow       |    off     |       off        |        
RUN-1001 :          thread          |    auto    |       auto       |        
RUN-1001 : ---------------------------------------------------------------
RUN-1001 : Print Route Property
RUN-1001 : -------------------------------------------------------
RUN-1001 :    Parameters    |  Settings  |  Default Values  |  Note  
RUN-1001 : -------------------------------------------------------
RUN-1001 :      effort      |   medium   |      medium      |        
RUN-1001 :     fix_hold     |    off     |       off        |        
RUN-1001 :    opt_timing    |   medium   |      medium      |        
RUN-1001 :   phy_sim_model  |    off     |       off        |        
RUN-1001 :     priority     |   timing   |      timing      |        
RUN-1001 :     swap_pin     |     on     |        on        |        
RUN-1001 : -------------------------------------------------------
PHY-1001 : Route runs in 8 thread(s)
RUN-1001 : There are total 171 instances
RUN-1001 : 67 mslices, 67 lslices, 30 pads, 0 brams, 0 dsps
RUN-1001 : There are total 407 nets
RUN-1001 : 212 nets have 2 pins
RUN-1001 : 154 nets have [3 - 5] pins
RUN-1001 : 28 nets have [6 - 10] pins
RUN-1001 : 9 nets have [11 - 20] pins
RUN-1001 : 3 nets have [21 - 99] pins
RUN-1001 : 1 nets have 100+ pins
RUN-1002 : start command "start_timer -report"
TMR-5001 WARNING: No sdc constraints found while initiating timer.
TMR-2505 : Start building timing graph for model responder.
TMR-2506 : Build timing graph completely. Port num: 11, tpin num: 1392, tnet num: 405, tinst num: 169, tnode num: 1751, tedge num: 2351.
TMR-2508 : Levelizing timing graph completed, there are 23 levels in total.
TMR-2501 : Timing graph initialized successfully.
PHY-1001 : 67 mslices, 67 lslices, 30 pads, 0 brams, 0 dsps
TMR-2503 : Start to update net delay, extr mode = 3.
TMR-2504 : Update delay of 405 nets completely.
TMR-2502 : Annotate delay completely, extr mode = 3.
TMR-3002 : No user constraint, initiate default constraint.
TMR-1501 : Assign derive clock DeriveClock to 210 clock pins, and constraint 359 relative nodes.
TMR-3003 : Constraints initiated successfully.
TMR-3501 : Forward propagation: start to calculate arrival time...
TMR-3502 : Backward propagation: start to calculate required time...
TMR-3503 : Timing propagation completes.
PHY-1001 : Start global routing, caller is route ...
RUN-1001 : Generating global routing grids ...
PHY-1001 : Generate routing nets ...
PHY-1001 : Global iterations in 8 thread ...
PHY-1002 : len = 7808, over cnt = 33(0%), over = 64, worst = 5
PHY-1002 : len = 8240, over cnt = 18(0%), over = 25, worst = 3
PHY-1002 : len = 8616, over cnt = 0(0%), over = 0, worst = 0
PHY-1001 : End global iterations;  0.049534s wall, 0.015625s user + 0.000000s system = 0.015625s CPU (31.5%)

PHY-1001 : Congestion index: top1 = 17.67, top5 = 6.58, top10 = 3.30, top15 = 2.20.
PHY-1001 : End global routing;  0.095030s wall, 0.062500s user + 0.000000s system = 0.062500s CPU (65.8%)

PHY-1001 : Start detail routing ...
PHY-1001 : Current memory(MB): used = 155, reserve = 126, peak = 157.
PHY-1001 : Detailed router is running in normal mode.
PHY-1001 : Generate detailed routing grids ...
PHY-1001 : Processed IO instance DigitronCS_Out[3]_syn_2 with INV attribute.
PHY-1001 : Processed IO instance DigitronCS_Out[2]_syn_2 with INV attribute.
PHY-1001 : Processed IO instance DigitronCS_Out[1]_syn_2 with INV attribute.
PHY-1001 : Processed IO instance DigitronCS_Out[0]_syn_2 with INV attribute.
PHY-1001 : Processed IO instance Digitron_Out[6]_syn_2 with INV attribute.
PHY-1001 : Processed IO instance Digitron_Out[5]_syn_2 with INV attribute.
PHY-1001 : Processed IO instance Digitron_Out[4]_syn_2 with INV attribute.
PHY-1001 : Processed IO instance Digitron_Out[3]_syn_2 with INV attribute.
PHY-1001 : Processed IO instance Digitron_Out[2]_syn_2 with INV attribute.
PHY-1001 : Processed IO instance Digitron_Out[1]_syn_2 with INV attribute.
PHY-1001 : Processed IO instance Digitron_Out[0]_syn_2 with INV attribute.
PHY-1001 : Generate nets ...
PHY-1001 : net CLK_dup_1 will be routed on clock mesh
PHY-1001 : clock net U2/CLK1_syn_4 will be merged with clock U2/CLK1
PHY-1001 : clock net U4/SingleNum_b_n4_syn_10 will be merged with clock U4/SingleNum_b_n4
PHY-1001 : clock net U4/W_DigitronCS_Out_n_syn_4 will be merged with clock U4/W_DigitronCS_Out_n
PHY-1001 : clock net U4/W_Digitron_Out_n_syn_2 will be merged with clock U4/W_Digitron_Out_n
PHY-1001 : Current memory(MB): used = 418, reserve = 393, peak = 418.
PHY-1001 : End build detailed router design. 3.830119s wall, 3.156250s user + 0.046875s system = 3.203125s CPU (83.6%)

PHY-1001 : Detail Route ...
PHY-1001 : ===== Detail Route Phase 1 =====
PHY-1001 : Clock net routing.....
PHY-1001 : Routed 1% nets.
PHY-1022 : len = 12776, over cnt = 0(0%), over = 0, worst = 0, crit = 0
PHY-1001 : End initial clock net routed; 1.397895s wall, 1.125000s user + 0.000000s system = 1.125000s CPU (80.5%)

PHY-1001 : Current memory(MB): used = 447, reserve = 424, peak = 447.
PHY-1001 : End phase 1; 1.403126s wall, 1.156250s user + 0.000000s system = 1.156250s CPU (82.4%)

PHY-1001 : ===== Detail Route Phase 2 =====
PHY-1001 : Initial routing.....
PHY-1001 : Routed 33% nets.
PHY-1001 : Routed 37% nets.
PHY-1001 : Routed 50% nets.
PHY-1001 : Routed 64% nets.
PHY-1001 : Routed 82% nets.
PHY-1022 : len = 28664, over cnt = 17(0%), over = 17, worst = 1, crit = 0
PHY-1001 : Current memory(MB): used = 448, reserve = 424, peak = 448.
PHY-1001 : End initial routed; 0.104578s wall, 0.031250s user + 0.000000s system = 0.031250s CPU (29.9%)

PHY-1001 : Current memory(MB): used = 448, reserve = 424, peak = 448.
PHY-1001 : End phase 2; 0.104623s wall, 0.031250s user + 0.000000s system = 0.031250s CPU (29.9%)

PHY-1001 : ===== Detail Route Phase 3 =====
PHY-1001 : Ripup-reroute.....
PHY-1001 : ===== DR Iter 1 =====
PHY-1022 : len = 28672, over cnt = 3(0%), over = 3, worst = 1, crit = 0
PHY-1001 : End DR Iter 1; 0.020102s wall, 0.015625s user + 0.000000s system = 0.015625s CPU (77.7%)

PHY-1001 : ===== DR Iter 2 =====
PHY-1022 : len = 28672, over cnt = 0(0%), over = 0, worst = 0, crit = 0
PHY-1001 : End DR Iter 2; 0.012387s wall, 0.000000s user + 0.000000s system = 0.000000s CPU (n/a%)

PHY-1001 : Commit to database.....
PHY-1001 : 8 feed throughs used by 6 nets
PHY-1001 : End commit to database; 0.043532s wall, 0.015625s user + 0.015625s system = 0.031250s CPU (71.8%)

PHY-1001 : Current memory(MB): used = 457, reserve = 433, peak = 457.
PHY-1001 : End phase 3; 0.203577s wall, 0.093750s user + 0.015625s system = 0.109375s CPU (53.7%)

PHY-1003 : Routed, final wirelength = 28672
PHY-1001 : Current memory(MB): used = 458, reserve = 433, peak = 458.
PHY-1001 : End export database. 0.005421s wall, 0.000000s user + 0.000000s system = 0.000000s CPU (n/a%)

PHY-1001 : End detail routing;  5.758129s wall, 4.640625s user + 0.078125s system = 4.718750s CPU (81.9%)

RUN-1003 : finish command "route" in  6.115917s wall, 4.890625s user + 0.078125s system = 4.968750s CPU (81.2%)

RUN-1004 : used memory is 418 MB, reserved memory is 393 MB, peak memory is 458 MB
RUN-1002 : start command "report_area -io_info -file responder_phy.area"
RUN-1001 : standard
***Report Model: responder Device: EG4S20BG256***

IO Statistics
#IO                        30
  #input                    7
  #output                  23
  #inout                    0

Utilization Statistics
#lut                      235   out of  19600    1.20%
#reg                      151   out of  19600    0.77%
#le                       253
  #lut only               102   out of    253   40.32%
  #reg only                18   out of    253    7.11%
  #lut&reg                133   out of    253   52.57%
#dsp                        0   out of     29    0.00%
#bram                       0   out of     64    0.00%
  #bram9k                   0
  #fifo9k                   0
#bram32k                    0   out of     16    0.00%
#pad                       30   out of    188   15.96%
  #ireg                     4
  #oreg                    18
  #treg                     0
#pll                        0   out of      4    0.00%
#gclk                       4   out of     16   25.00%

Clock Resource Statistics
Index     ClockNet                 Type               DriverType         Driver                            Fanout
#1        CLK_dup_1                GCLK               io                 CLK_syn_2.di                      90
#2        U2/CLK1                  GCLK               mslice             U2/CLK1_reg_syn_30.q0             10
#3        U4/W_DigitronCS_Out_n    GCLK               mslice             U4/W_DigitronCS_Out_n_syn_9.f0    7
#4        U4/W_Digitron_Out_n      GCLK               mslice             U4/mux1_syn_5.f1                  7
#5        U4/SingleNum_b_n4        GCLK               lslice             U4/sel2_syn_69.f0                 2


Detailed IO Report

        Name           Direction    Location    IOStandard    DriveStrength    PullType    PackReg  
         CLK             INPUT         R7        LVCMOS33          N/A          PULLUP      NONE    
      Key_In[3]          INPUT        F10        LVCMOS33          N/A          PULLUP      IREG    
      Key_In[2]          INPUT        C11        LVCMOS33          N/A          PULLUP      IREG    
      Key_In[1]          INPUT        D11        LVCMOS33          N/A          PULLUP      IREG    
      Key_In[0]          INPUT        E11        LVCMOS33          N/A          PULLUP      IREG    
        RSTn             INPUT         A9        LVCMOS33          N/A          PULLUP      NONE    
        Start            INPUT        A10        LVCMOS33          N/A          PULLUP      NONE    
     Buzzer_Out         OUTPUT        H11        LVCMOS33           8            NONE       OREG    
  DigitronCS_Out[3]     OUTPUT         A3        LVCMOS33           8            NONE       OREG    
  DigitronCS_Out[2]     OUTPUT         A5        LVCMOS33           8            NONE       OREG    
  DigitronCS_Out[1]     OUTPUT         B6        LVCMOS33           8            NONE       OREG    
  DigitronCS_Out[0]     OUTPUT         C9        LVCMOS33           8            NONE       OREG    
   Digitron_Out[7]      OUTPUT         C8        LVCMOS33           8            NONE       NONE    
   Digitron_Out[6]      OUTPUT         A8        LVCMOS33           8            NONE       OREG    
   Digitron_Out[5]      OUTPUT         B5        LVCMOS33           8            NONE       OREG    
   Digitron_Out[4]      OUTPUT         A7        LVCMOS33           8            NONE       OREG    
   Digitron_Out[3]      OUTPUT         E8        LVCMOS33           8            NONE       OREG    
   Digitron_Out[2]      OUTPUT         B8        LVCMOS33           8            NONE       OREG    
   Digitron_Out[1]      OUTPUT         A6        LVCMOS33           8            NONE       OREG    
   Digitron_Out[0]      OUTPUT         A4        LVCMOS33           8            NONE       OREG    
     Key_Row[3]         OUTPUT        E10        LVCMOS33           8            NONE       NONE    
     Key_Row[2]         OUTPUT        C10        LVCMOS33           8            NONE       NONE    
     Key_Row[1]         OUTPUT         F9        LVCMOS33           8            NONE       NONE    
     Key_Row[0]         OUTPUT         D9        LVCMOS33           8            NONE       NONE    
      LED_Debug         OUTPUT        E16        LVCMOS33           8            NONE       OREG    
     LED_Out[3]         OUTPUT        C15        LVCMOS33           8            NONE       OREG    
     LED_Out[2]         OUTPUT        B16        LVCMOS33           8            NONE       OREG    
     LED_Out[1]         OUTPUT        B15        LVCMOS33           8            NONE       OREG    
     LED_Out[0]         OUTPUT        B14        LVCMOS33           8            NONE       OREG    
  LED_OverTime_Out      OUTPUT        F16        LVCMOS33           8            NONE       OREG    

Report Hierarchy Area:
+-----------------------------------------------------------------------------------+
|Instance |Module              |le     |lut     |ripple  |seq     |bram    |dsp     |
+-----------------------------------------------------------------------------------+
|top      |responder           |253    |195     |40      |173     |0       |0       |
|  U1     |Sel_module          |62     |49      |7       |35      |0       |0       |
|  U2     |Timer_module        |55     |45      |7       |37      |0       |0       |
|  U3     |Buzzer_module       |40     |25      |6       |28      |0       |0       |
|  U4     |Digitron_NumDisplay |60     |51      |9       |26      |0       |0       |
|  U5     |key_filter          |36     |25      |11      |25      |0       |0       |
+-----------------------------------------------------------------------------------+


DataNet Average Fanout:

   Index     Fanout    Nets  
    #1         1       182   
    #2         2       131   
    #3         3        13   
    #4         4        9    
    #5        5-10      27   
    #6       11-50      8    
  Average     2.27           

RUN-1002 : start command "export_db responder_pr.db"
RUN-1001 : Exported /
RUN-1001 : Exported flow parameters
RUN-1001 : Exported libs
RUN-1001 : Exported entities
RUN-1001 : Exported ports
RUN-1001 : Exported pins
RUN-1001 : Exported instances
RUN-1001 : Exported nets
RUN-1001 : Exported buses
RUN-1001 : Exported models
RUN-1001 : Exported congestions
RUN-1001 : Exported violations
RUN-1001 : Exported IO constraints
RUN-1001 : Exported Inst constraints
RUN-1002 : start command "export_bid responder_inst.bid"
RUN-1002 : start command "bitgen -bit responder.bit -unused_io_status pulldown"
BIT-1003 : Start to generate bitstream. 
BIT-1002 : Bitgen processed 158 unused pads, reserve input tri_state with pulldown
BIT-1002 : Init instances with 8 threads.
BIT-1002 : Init instances completely, inst num: 327
BIT-1002 : Init pips with 8 threads.
BIT-1002 : Init pips completely, net num: 407, pip num: 2741
BIT-1002 : Init feedthrough completely, num: 8
BIT-1003 : Multithreading accelaration with 8 threads.
BIT-1003 : Generate bitstream completely, there are 537 valid insts, and 8697 bits set as '1'.
BIT-1004 : PLL setting string = 0000
BIT-1004 : Generate bits file responder.bit.
RUN-1003 : finish command "bitgen -bit responder.bit -unused_io_status pulldown" in  1.662819s wall, 2.421875s user + 0.031250s system = 2.453125s CPU (147.5%)

RUN-1004 : used memory is 426 MB, reserved memory is 402 MB, peak memory is 576 MB
RUN-1002 : start command "backup_run_log run.log ../.logs/phy_1/td_20240723_223021.log"
