============================================================
   Tang Dynasty, V5.6.71036
      Copyright (c) 2012-2023 Anlogic Inc.
   Executable = C:/Anlogic/TD5.6.2/bin/td.exe
   Built at =   20:34:38 Mar 21 2023
   Run by =     Timmy
   Run Date =   Fri Jul 26 21:13:27 2024

   Run on =     DESKTOP-A28VB3Q
============================================================
RUN-1002 : start command "open_project responder.prj"
RUN-1001 : Print Global Property
RUN-1001 : ---------------------------------------------------------------
RUN-1001 :        Parameters        |  Settings  |  Default Values  |  Note  
RUN-1001 : ---------------------------------------------------------------
RUN-1001 :          message         |  standard  |     standard     |        
RUN-1001 :   mixed_pack_place_flow  |     on     |        on        |        
RUN-1001 :        qor_monitor       |    off     |       off        |        
RUN-1001 :        syn_ip_flow       |    off     |       off        |        
RUN-1001 :          thread          |    auto    |       auto       |        
RUN-1001 : ---------------------------------------------------------------
RUN-1001 : Print Design Property
RUN-1001 : --------------------------------------------------------------
RUN-1001 :        Parameters       |  Settings  |  Default Values  |  Note  
RUN-1001 : --------------------------------------------------------------
RUN-1001 :   default_reg_initial   |    auto    |       auto       |        
RUN-1001 :        infer_add        |     on     |        on        |        
RUN-1001 :        infer_fsm        |    off     |       off        |        
RUN-1001 :        infer_mult       |     on     |        on        |        
RUN-1001 :        infer_ram        |     on     |        on        |        
RUN-1001 :        infer_reg        |     on     |        on        |        
RUN-1001 :   infer_reg_init_value  |     on     |        on        |        
RUN-1001 :        infer_rom        |     on     |        on        |        
RUN-1001 :      infer_shifter      |     on     |        on        |        
RUN-1001 : --------------------------------------------------------------
RUN-1001 : Print Rtl Property
RUN-1001 : --------------------------------------------------------------
RUN-1001 :        Parameters       |  Settings  |  Default Values  |  Note  
RUN-1001 : --------------------------------------------------------------
RUN-1001 :       compress_add      |   ripple   |      ripple      |        
RUN-1001 :        elf_sload        |    off     |       off        |        
RUN-1001 :       fix_undriven      |     0      |        0         |        
RUN-1001 :         flatten         |    off     |       off        |        
RUN-1001 :       gate_sharing      |     on     |        on        |        
RUN-1001 :    hdl_warning_level    |   normal   |      normal      |        
RUN-1001 :   impl_internal_tribuf  |     on     |        on        |        
RUN-1001 :      impl_set_reset     |     on     |        on        |        
RUN-1001 :        infer_gsr        |    off     |       off        |        
RUN-1001 :      keep_hierarchy     |    auto    |       auto       |        
RUN-1001 :        max_fanout       |    9999    |       9999       |        
RUN-1001 :      max_oh2bin_len     |     10     |        10        |        
RUN-1001 :       merge_equal       |     on     |        on        |        
RUN-1001 :       merge_equiv       |     on     |        on        |        
RUN-1001 :        merge_mux        |    off     |       off        |        
RUN-1001 :     min_control_set     |     8      |        8         |        
RUN-1001 :      min_ripple_len     |    auto    |       auto       |        
RUN-1001 :       oh2bin_ratio      |    0.08    |       0.08       |        
RUN-1001 :     opt_adder_fanout    |     on     |        on        |        
RUN-1001 :        opt_arith        |     on     |        on        |        
RUN-1001 :       opt_big_gate      |    off     |       off        |        
RUN-1001 :        opt_const        |     on     |        on        |        
RUN-1001 :      opt_const_mult     |     on     |        on        |        
RUN-1001 :       opt_lessthan      |     on     |        on        |        
RUN-1001 :         opt_mux         |    off     |       off        |        
RUN-1001 :         opt_ram         |    high    |       high       |        
RUN-1001 :      rtl_sim_model      |    off     |       off        |        
RUN-1001 :         seq_syn         |     on     |        on        |        
RUN-1001 : --------------------------------------------------------------
HDL-1007 : analyze verilog file ../../responder.v
HDL-1007 : analyze verilog file ../../Sel_module.v
HDL-1007 : analyze verilog file ../../Timer_module.v
HDL-1007 : analyze verilog file ../../Buzzer_module.v
HDL-1007 : analyze verilog file ../../Digitron_NumDisplay.v
HDL-1007 : analyze verilog file ../../key_filter.v
HDL-1007 : analyze verilog file ../../../../1 run_led/run_led/led8_module.v
HDL-1007 : analyze verilog file ../../countdown_module.v
RUN-1001 : Project manager successfully analyzed 8 source files.
RUN-1002 : start command "import_device eagle_s20.db -package EG4S20BG256"
ARC-1001 : Device Initialization.
ARC-1001 : ------------------------------------------------------------------
ARC-1001 :            OPTION            |          IO          |   SETTING   
ARC-1001 : ------------------------------------------------------------------
ARC-1001 :   cso_b/cclk/mosi/miso/dout  |  T3/R11/T10/P10/S11  |    gpio    
ARC-1001 :             done             |         P13          |    gpio    
ARC-1001 :           program_b          |          T2          |  dedicate  
ARC-1001 :        tdi/tms/tck/tdo       |   C12/A15/C14/E14    |  dedicate  
ARC-1001 : ------------------------------------------------------------------
ARC-1004 : Device setting, marked 5 dedicate IOs in total.
RUN-1002 : start command "import_db ../syn_1/responder_gate.db"
RUN-1001 : Importing database generated by Tang Dynasty, V5.6.71036.
RUN-1001 : Database version number 46146.
RUN-1001 : Import flow parameters
RUN-1001 : Import IO constraints
RUN-1001 : Import Inst constraints
RUN-1001 : Import design success TD_VERSION=5.6.71036 , DB_VERSION=46146
RUN-1002 : start command "place"
RUN-1001 : Open license file C:/Anlogic/TD5.6.2/license/Anlogic.lic
RUN-1001 : Print Global Property
RUN-1001 : ---------------------------------------------------------------
RUN-1001 :        Parameters        |  Settings  |  Default Values  |  Note  
RUN-1001 : ---------------------------------------------------------------
RUN-1001 :          message         |  standard  |     standard     |        
RUN-1001 :   mixed_pack_place_flow  |     on     |        on        |        
RUN-1001 :        qor_monitor       |    off     |       off        |        
RUN-1001 :        syn_ip_flow       |    off     |       off        |        
RUN-1001 :          thread          |    auto    |       auto       |        
RUN-1001 : ---------------------------------------------------------------
RUN-1001 : Print Place Property
RUN-1001 : --------------------------------------------------------------
RUN-1001 :        Parameters       |  Settings  |  Default Values  |  Note  
RUN-1001 : --------------------------------------------------------------
RUN-1001 :      detailed_place     |     on     |        on        |        
RUN-1001 :          effort         |   medium   |      medium      |        
RUN-1001 :         fix_hold        |    off     |       off        |        
RUN-1001 :       legalization      |    ori     |       ori        |        
RUN-1001 :      new_spreading      |     on     |        on        |        
RUN-1001 :        opt_timing       |   medium   |      medium      |        
RUN-1001 :   post_clock_route_opt  |    off     |       off        |        
RUN-1001 :       pr_strategy       |     1      |        1         |        
RUN-1001 :        relaxation       |    1.00    |       1.00       |        
RUN-1001 :         retiming        |    off     |       off        |        
RUN-1001 : --------------------------------------------------------------
PHY-3001 : Placer runs in 8 thread(s).
RUN-1002 : start command "legalize_phy_inst"
SYN-1011 : Flatten model responder
SYN-5055 WARNING: The kept net U5/cnt[19] will be merged to another kept net U5/cnt_b[19]
SYN-5055 WARNING: The kept net U5/cnt[18] will be merged to another kept net U5/cnt_b[18]
SYN-5055 WARNING: The kept net U5/cnt[17] will be merged to another kept net U5/cnt_b[17]
SYN-5055 WARNING: The kept net U5/cnt[16] will be merged to another kept net U5/cnt_b[16]
SYN-5055 WARNING: The kept net U5/cnt[15] will be merged to another kept net U5/cnt_b1[15]
SYN-5055 WARNING: The kept net U5/cnt[14] will be merged to another kept net U5/cnt_b[14]
SYN-5055 WARNING: The kept net U5/cnt[13] will be merged to another kept net U5/cnt_b1[13]
SYN-5055 WARNING: The kept net U5/cnt[12] will be merged to another kept net U5/cnt_b1[12]
SYN-5055 WARNING: The kept net U5/cnt[11] will be merged to another kept net U5/cnt_b1[11]
SYN-5055 WARNING: The kept net U5/cnt[10] will be merged to another kept net U5/cnt_b1[10]
SYN-5055 Similar messages will be suppressed.
RUN-1002 : start command "phys_opt -simplify_lut"
SYN-4024 : Net "CLK_dup_1" drives clk pins.
SYN-4024 : Net "U2/CLK1" drives clk pins.
SYN-4024 : Net "U4/W_DigitronCS_Out_n" drives clk pins.
SYN-4024 : Net "U5/cnt_b_n" drives clk pins.
SYN-4024 : Net "Set_Time_dup_3" drives clk pins.
SYN-4024 : Net "U4/SingleNum_b_n4" drives clk pins.
SYN-4024 : Net "U7/temp_time_n" drives clk pins.
SYN-4025 : Tag rtl::Net CLK_dup_1 as clock net
SYN-4025 : Tag rtl::Net Set_Time_dup_3 as clock net
SYN-4025 : Tag rtl::Net U2/CLK1 as clock net
SYN-4025 : Tag rtl::Net U4/SingleNum_b_n4 as clock net
SYN-4025 : Tag rtl::Net U4/W_DigitronCS_Out_n as clock net
SYN-4025 : Tag rtl::Net U5/cnt_b_n as clock net
SYN-4025 : Tag rtl::Net U7/temp_time_n as clock net
SYN-4026 : Tagged 7 rtl::Net as clock net
SYN-4015 : Create BUFG instance for clk Net U2/CLK1 to drive 11 clock pins.
SYN-4015 : Create BUFG instance for clk Net U4/W_DigitronCS_Out_n to drive 8 clock pins.
SYN-4015 : Create BUFG instance for clk Net U5/cnt_b_n to drive 6 clock pins.
SYN-4015 : Create BUFG instance for clk Net U4/SingleNum_b_n4 to drive 4 clock pins.
SYN-4015 : Create BUFG instance for clk Net U7/temp_time_n to drive 4 clock pins.
PHY-1001 : Populate physical database on model responder.
RUN-1001 : There are total 415 instances
RUN-0007 : 181 luts, 141 seqs, 32 mslices, 20 lslices, 33 pads, 0 brams, 0 dsps
RUN-1001 : There are total 547 nets
RUN-1001 : 316 nets have 2 pins
RUN-1001 : 185 nets have [3 - 5] pins
RUN-1001 : 28 nets have [6 - 10] pins
RUN-1001 : 12 nets have [11 - 20] pins
RUN-1001 : 4 nets have [21 - 99] pins
RUN-1001 : 2 nets have 100+ pins
RUN-1001 : Report Control nets information:
RUN-1001 : DFF Distribution
RUN-1001 : ----------------------------------
RUN-1001 :   CE   |  SSR  |  ASR  |  DFF Count  
RUN-1001 : ----------------------------------
RUN-1001 :   No   |  No   |  No   |     28      
RUN-1001 :   No   |  No   |  Yes  |     57      
RUN-1001 :   No   |  Yes  |  No   |     23      
RUN-1001 :   Yes  |  No   |  No   |      0      
RUN-1001 :   Yes  |  No   |  Yes  |     33      
RUN-1001 :   Yes  |  Yes  |  No   |      0      
RUN-1001 : ----------------------------------
RUN-0007 : Control Group Statistic
RUN-0007 : ---------------------------
RUN-0007 :   #CLK  |  #CE  |  #SSR/ASR  
RUN-0007 : ---------------------------
RUN-0007 :    7    |   3   |     5      
RUN-0007 : ---------------------------
RUN-0007 : Control Set = 12
PHY-3001 : Initial placement ...
PHY-3001 : design contains 413 instances, 181 luts, 141 seqs, 52 slices, 6 macros(52 instances: 32 mslices 20 lslices)
PHY-0007 : Cell area utilization is 1%
PHY-3001 : Global placement ...
PHY-3001 : Initial: Len = 118601
PHY-3001 : Clustering ...
PHY-3001 : Level 0 #clusters 413.
PHY-3001 : End clustering;  0.000012s wall, 0.000000s user + 0.000000s system = 0.000000s CPU (n/a%)

PHY-3001 : Run with size of 4
PHY-3001 : Cell area utilization is 1%
PHY-3001 : :::0::: Try harder cell spreading with beta_ = 0
PHY-3002 : Step(1): len = 73880.6, overlap = 0
PHY-3002 : Step(2): len = 49958.3, overlap = 0
PHY-3002 : Step(3): len = 38745.9, overlap = 0
PHY-3002 : Step(4): len = 30668.7, overlap = 0
PHY-3002 : Step(5): len = 26376.2, overlap = 0
PHY-3002 : Step(6): len = 25728.6, overlap = 0
PHY-3002 : Step(7): len = 22495.2, overlap = 0
PHY-3002 : Step(8): len = 20386.2, overlap = 0
PHY-3002 : Step(9): len = 20548.1, overlap = 0
PHY-3002 : Step(10): len = 18986.3, overlap = 0
PHY-3002 : Step(11): len = 18322.4, overlap = 0
PHY-3002 : Step(12): len = 17601.6, overlap = 0
PHY-3002 : Step(13): len = 16533.1, overlap = 0
PHY-3002 : Step(14): len = 16277.6, overlap = 0
PHY-3002 : Step(15): len = 15957.1, overlap = 0
PHY-3002 : Step(16): len = 15373.6, overlap = 0
PHY-3002 : Step(17): len = 15299.4, overlap = 0
PHY-3002 : Step(18): len = 14427.4, overlap = 0
PHY-3002 : Step(19): len = 14570.9, overlap = 0
PHY-3002 : Step(20): len = 14396.9, overlap = 0
PHY-3002 : Step(21): len = 13184, overlap = 0
PHY-3002 : Step(22): len = 13316.5, overlap = 0
PHY-3002 : Step(23): len = 13331.9, overlap = 0
PHY-3001 : Legalization ...
PHY-3001 : End legalization;  0.006136s wall, 0.000000s user + 0.000000s system = 0.000000s CPU (n/a%)

PHY-3001 : Run with size of 4
PHY-3001 : Cell area utilization is 1%
PHY-3001 : :::0::: Try harder cell spreading with beta_ = 0
PHY-3002 : Step(24): len = 12355.7, overlap = 0
PHY-3002 : Step(25): len = 12439.6, overlap = 0
PHY-3002 : Step(26): len = 12494, overlap = 0
PHY-3002 : Step(27): len = 12682.5, overlap = 0
PHY-3002 : Step(28): len = 13138.5, overlap = 0
PHY-3002 : Step(29): len = 12445, overlap = 0
PHY-3002 : Step(30): len = 12676.2, overlap = 0
PHY-3002 : Step(31): len = 13006.5, overlap = 0
PHY-3002 : Step(32): len = 12325.9, overlap = 0
PHY-3002 : Step(33): len = 11619, overlap = 0
PHY-3002 : Step(34): len = 11551.6, overlap = 0
PHY-3002 : Step(35): len = 11366.6, overlap = 0
PHY-3002 : Step(36): len = 11300.8, overlap = 0
PHY-3002 : Step(37): len = 9872.4, overlap = 0
PHY-3002 : Step(38): len = 9857.5, overlap = 0
PHY-3002 : Step(39): len = 9788.3, overlap = 0
PHY-3002 : Step(40): len = 9381.5, overlap = 0
PHY-3002 : Step(41): len = 8728.2, overlap = 0
PHY-3002 : Step(42): len = 8294.7, overlap = 0
PHY-3002 : Step(43): len = 8224.4, overlap = 0
PHY-3002 : Step(44): len = 7840.7, overlap = 0
PHY-3002 : Step(45): len = 7809.3, overlap = 0
PHY-3002 : Step(46): len = 7711.5, overlap = 0
PHY-3002 : Step(47): len = 7586.3, overlap = 0
PHY-3002 : Step(48): len = 7409.2, overlap = 0
PHY-3002 : Step(49): len = 7105.3, overlap = 0
PHY-3002 : Step(50): len = 7083.5, overlap = 0
PHY-3002 : Step(51): len = 7048.6, overlap = 0
PHY-3002 : Step(52): len = 7048.6, overlap = 0
PHY-3002 : Step(53): len = 7139.2, overlap = 0
PHY-3002 : Step(54): len = 7015.1, overlap = 0
PHY-3002 : Step(55): len = 7125.7, overlap = 0
PHY-3002 : Step(56): len = 7081.2, overlap = 0
PHY-3002 : Step(57): len = 6569.6, overlap = 0
PHY-3002 : Step(58): len = 6347.8, overlap = 0
PHY-3002 : Step(59): len = 6462.8, overlap = 0
PHY-3002 : Step(60): len = 6179, overlap = 0
PHY-3002 : Step(61): len = 6250.3, overlap = 0
PHY-3002 : Step(62): len = 6116, overlap = 0
PHY-3002 : Step(63): len = 5608.1, overlap = 0
PHY-3002 : Step(64): len = 5644.1, overlap = 0
PHY-3002 : Step(65): len = 5697.1, overlap = 0
PHY-3001 : Run with size of 2
PHY-3001 : Cell area utilization is 1%
PHY-3001 : :::0::: Try harder cell spreading with beta_ = 0.00165587
PHY-3002 : Step(66): len = 5531.8, overlap = 2.375
PHY-3002 : Step(67): len = 5549.4, overlap = 1.875
PHY-3002 : Step(68): len = 5549.4, overlap = 1.875
OPT-1001 : Start physical optimization ...
OPT-1001 : Total overflow 21.75 peak overflow 2.19
OPT-1001 : Start high-fanout net optimization ...
OPT-1001 : Update timing in global mode
PHY-1001 : Start incremental global routing, caller is place ...
RUN-1001 : Generating global routing grids ...
RUN-1001 : Building simple global routing graph ...
PHY-1001 : Generate routing nets ...
PHY-1001 : Reuse net number 0/547.
PHY-1001 : Global iterations in 8 thread ...
PHY-1002 : len = 6032, over cnt = 25(0%), over = 57, worst = 5
PHY-1001 : End global iterations;  0.027939s wall, 0.015625s user + 0.000000s system = 0.015625s CPU (55.9%)

PHY-1001 : Congestion index: top1 = 12.48, top5 = 4.65, top10 = 2.32, top15 = 1.55.
PHY-1001 : End incremental global routing;  0.089490s wall, 0.046875s user + 0.000000s system = 0.046875s CPU (52.4%)

RUN-1002 : start command "start_timer -report"
TMR-5001 WARNING: No sdc constraints found while initiating timer.
TMR-2505 : Start building timing graph for model responder.
TMR-2506 : Build timing graph completely. Port num: 11, tpin num: 1902, tnet num: 545, tinst num: 413, tnode num: 2413, tedge num: 3069.
TMR-2509 : Cut connection from U5/add0_syn_172.fci to U5/add0_syn_172.fco.
TMR-2509 : Cut connection from U5/add0_syn_172.a[1] to U5/add0_syn_172.fco.
TMR-2509 : Cut connection from U5/add0_syn_172.a[0] to U5/add0_syn_172.fco.
TMR-2509 : Cut connection from U5/add0_syn_175.a[0] to U5/add0_syn_175.f[0].
TMR-2509 : Cut connection from U5/add0_syn_175.a[1] to U5/add0_syn_175.f[1].
TMR-2509 : Cut connection from U5/cnt_b[6]_syn_13.d to U5/cnt_b[6]_syn_13.o.
TMR-2509 : Cut connection from U5/cnt_b[6]_syn_13.e to U5/cnt_b[6]_syn_13.o.
TMR-2509 : Cut connection from U5/cnt_b[6]_syn_13.a to U5/cnt_b[6]_syn_13.o.
TMR-2509 : Cut connection from U5/cnt_b[6]_syn_13.b to U5/cnt_b[6]_syn_13.o.
TMR-2509 : Cut connection from U5/add0_syn_178.a[0] to U5/add0_syn_178.f[0].
TMR-2509 : Cut connection from U5/add0_syn_178.a[1] to U5/add0_syn_178.f[1].
TMR-2509 : Cut connection from U5/add0_syn_181.a[0] to U5/add0_syn_181.f[0].
TMR-2509 : Cut connection from U5/cnt_b[9]_syn_1.d to U5/cnt_b[9]_syn_1.o.
TMR-2509 : Cut connection from U5/cnt_b[9]_syn_1.e to U5/cnt_b[9]_syn_1.o.
TMR-2509 : Cut connection from U5/cnt_b[9]_syn_1.a to U5/cnt_b[9]_syn_1.o.
TMR-2509 : Cut connection from U5/cnt_b[9]_syn_1.b to U5/cnt_b[9]_syn_1.o.
TMR-2509 : Cut connection from U5/cnt_b[6]_syn_7.b to U5/cnt_b[6]_syn_7.o.
TMR-2509 : Cut connection from U5/cnt_b[6]_syn_7.c to U5/cnt_b[6]_syn_7.o.
TMR-2509 : Cut connection from U5/cnt_b[6]_syn_7.d to U5/cnt_b[6]_syn_7.o.
TMR-2509 : Cut connection from U5/cnt_b[6]_syn_7.e to U5/cnt_b[6]_syn_7.o.
TMR-2509 : Cut connection from U5/cnt_b[17]_syn_1.d to U5/cnt_b[17]_syn_1.o.
TMR-2509 : Cut connection from U5/cnt_b[17]_syn_1.e to U5/cnt_b[17]_syn_1.o.
TMR-2509 : Cut connection from U5/cnt_b[17]_syn_1.b to U5/cnt_b[17]_syn_1.o.
TMR-2509 : Cut connection from U5/cnt_b[17]_syn_1.c to U5/cnt_b[17]_syn_1.o.
TMR-2509 : Cut connection from U5/add0_syn_193.fci to U5/add0_syn_193.f[0].
TMR-2509 : Cut connection from U5/add0_syn_193.fci to U5/add0_syn_193.f[1].
TMR-2509 : Cut connection from U5/add0_syn_193.a[1] to U5/add0_syn_193.f[1].
TMR-2509 : Cut connection from U5/cnt_b[18]_syn_1.d to U5/cnt_b[18]_syn_1.o.
TMR-2509 : Cut connection from U5/cnt_b[18]_syn_1.e to U5/cnt_b[18]_syn_1.o.
TMR-2509 : Cut connection from U5/cnt_b[18]_syn_1.b to U5/cnt_b[18]_syn_1.o.
TMR-2509 : Cut connection from U5/cnt_b[0]_syn_1.d to U5/cnt_b[0]_syn_1.o.
TMR-2509 : Cut connection from U5/cnt_b[0]_syn_1.b to U5/cnt_b[0]_syn_1.o.
TMR-2509 : Cut connection from U5/cnt_b[0]_syn_1.c to U5/cnt_b[0]_syn_1.o.
TMR-2509 : Cut connection from U5/add0_syn_169.a[0] to U5/add0_syn_169.f[0].
TMR-2509 : Cut connection from U5/add0_syn_169.a[1] to U5/add0_syn_169.f[1].
TMR-2509 : Cut connection from U5/add0_syn_172.a[0] to U5/add0_syn_172.f[0].
TMR-2509 : Cut connection from U5/cnt_b[6]_syn_11.c to U5/cnt_b[6]_syn_11.o.
TMR-2509 : Cut connection from U5/cnt_b[16]_syn_1.d to U5/cnt_b[16]_syn_1.o.
TMR-2509 : Cut connection from U5/cnt_b[16]_syn_1.c to U5/cnt_b[16]_syn_1.o.
TMR-2509 : Cut connection from U5/add0_syn_190.fci to U5/add0_syn_190.f[1].
TMR-2509 : Cut connection from U5/add0_syn_190.a[0] to U5/add0_syn_190.f[1].
TMR-2509 : Cut connection from U5/add0_syn_190.fci to U5/add0_syn_190.fco.
TMR-2509 : Cut connection from U5/add0_syn_190.a[0] to U5/add0_syn_190.fco.
TMR-2509 : Cut connection from U5/add0_syn_195.a[0] to U5/add0_syn_195.f[0].
TMR-2509 : Cut connection from U5/cnt_b[19]_syn_1.d to U5/cnt_b[19]_syn_1.o.
TMR-2509 : Cut connection from U5/cnt_b[14]_syn_1.c to U5/cnt_b[14]_syn_1.o.
TMR-2509 : Cut connection from U5/add0_syn_187.fci to U5/add0_syn_187.f[1].
TMR-2509 : Cut connection from U5/add0_syn_187.a[0] to U5/add0_syn_187.f[1].
TMR-2509 : Cut connection from U5/add0_syn_187.fci to U5/add0_syn_187.fco.
TMR-2509 : Cut connection from U5/add0_syn_187.a[0] to U5/add0_syn_187.fco.
TMR-2509 : Cut connection from U5/add0_syn_190.a[0] to U5/add0_syn_190.f[0].
TMR-2509 : Cut connection from U5/cnt_b[6]_syn_3.c to U5/cnt_b[6]_syn_3.o.
TMR-2509 : Cut connection from U5/cnt_b[6]_syn_3.d to U5/cnt_b[6]_syn_3.o.
TMR-2509 : Cut connection from U5/add0_syn_172.a[1] to U5/add0_syn_172.f[1].
TMR-2509 : Cut connection from U5/add0_syn_181.a[1] to U5/add0_syn_181.f[1].
TMR-2509 : Cut connection from U5/add0_syn_184.a[0] to U5/add0_syn_184.f[0].
TMR-2509 : Cut connection from U5/add0_syn_184.a[1] to U5/add0_syn_184.f[1].
TMR-2509 : Cut connection from U5/add0_syn_187.a[0] to U5/add0_syn_187.f[0].
TMR-2507 : Eliminate loop in the timing graph, delete 58 tedges.
TMR-2508 : Levelizing timing graph completed, there are 63 levels in total.
TMR-2501 : Timing graph initialized successfully.
OPT-1001 : End timing update;  0.254544s wall, 0.109375s user + 0.000000s system = 0.109375s CPU (43.0%)

OPT-1001 : 0 high-fanout net processed.
OPT-1001 : End high-fanout net optimization;  0.349521s wall, 0.156250s user + 0.000000s system = 0.156250s CPU (44.7%)

OPT-1001 : Current memory(MB): used = 137, reserve = 107, peak = 137.
OPT-1001 : End physical optimization;  0.355596s wall, 0.156250s user + 0.000000s system = 0.156250s CPU (43.9%)

PHY-3001 : Start packing ...
SYN-4007 : Packing 0 MUX to BLE ...
SYN-4008 : Packed 0 MUX and 0 SEQ to BLE.
SYN-4007 : Packing 181 LUT to BLE ...
SYN-4008 : Packed 181 LUT and 82 SEQ to BLE.
SYN-4003 : Packing 59 remaining SEQ's ...
SYN-4005 : Packed 41 SEQ with LUT/SLICE
SYN-4006 : 64 single LUT's are left
SYN-4006 : 18 single SEQ's are left
SYN-4011 : Packing model "responder" (AL_USER_NORMAL) with 199/332 primitive instances ...
PHY-3001 : End packing;  0.019808s wall, 0.000000s user + 0.000000s system = 0.000000s CPU (n/a%)

PHY-1001 : Populate physical database on model responder.
RUN-1001 : There are total 205 instances
RUN-1001 : 82 mslices, 82 lslices, 33 pads, 0 brams, 0 dsps
RUN-1001 : There are total 475 nets
RUN-1001 : 243 nets have 2 pins
RUN-1001 : 186 nets have [3 - 5] pins
RUN-1001 : 27 nets have [6 - 10] pins
RUN-1001 : 15 nets have [11 - 20] pins
RUN-1001 : 3 nets have [21 - 99] pins
RUN-1001 : 1 nets have 100+ pins
PHY-3001 : design contains 203 instances, 164 slices, 6 macros(52 instances: 32 mslices 20 lslices)
PHY-3001 : Cell area utilization is 2%
PHY-3001 : After packing: Len = 5990.4, Over = 6.5
PHY-3001 : Run with size of 2
PHY-3001 : Cell area utilization is 2%
PHY-3001 : :::0::: Try harder cell spreading with beta_ = 0.000139095
PHY-3002 : Step(69): len = 5800.5, overlap = 6.25
PHY-3002 : Step(70): len = 5810.9, overlap = 7
PHY-3002 : Step(71): len = 5777.4, overlap = 6.5
PHY-3001 : :::1::: Try harder cell spreading with beta_ = 0.000278191
PHY-3002 : Step(72): len = 5589, overlap = 6.5
PHY-3002 : Step(73): len = 5585.2, overlap = 6.5
PHY-3002 : Step(74): len = 5603.4, overlap = 6.75
PHY-3001 : :::2::: Try harder cell spreading with beta_ = 0.000556381
PHY-3002 : Step(75): len = 5581.9, overlap = 6.5
PHY-3002 : Step(76): len = 5587.1, overlap = 5.5
PHY-3001 : Legalization ...
PHY-3001 : End legalization;  0.047332s wall, 0.000000s user + 0.000000s system = 0.000000s CPU (n/a%)

PHY-3001 : Trial Legalized: Len = 10206.5
PHY-3001 : Run with size of 2
PHY-3001 : Cell area utilization is 2%
PHY-3001 : :::0::: Try harder cell spreading with beta_ = 0.00711785
PHY-3002 : Step(77): len = 8092.7, overlap = 2.25
PHY-3002 : Step(78): len = 7045, overlap = 3.25
PHY-3002 : Step(79): len = 6618.3, overlap = 4.75
PHY-3002 : Step(80): len = 6615.7, overlap = 4.5
PHY-3002 : Step(81): len = 6149.7, overlap = 5
PHY-3002 : Step(82): len = 6094.4, overlap = 4.5
PHY-3002 : Step(83): len = 6082.9, overlap = 4.5
PHY-3001 : :::1::: Try harder cell spreading with beta_ = 0.0142357
PHY-3002 : Step(84): len = 6069.9, overlap = 4.5
PHY-3002 : Step(85): len = 5968.1, overlap = 5
PHY-3001 : Legalization ...
PHY-3001 : End legalization;  0.005568s wall, 0.000000s user + 0.000000s system = 0.000000s CPU (n/a%)

PHY-3001 : Legalized: Len = 8457, Over = 0
PHY-3001 : Spreading special nets. 3 overflows in 2952 tiles.
PHY-3001 : End spreading;  0.004154s wall, 0.000000s user + 0.000000s system = 0.000000s CPU (n/a%)

PHY-3001 : 3 instances has been re-located, deltaX = 2, deltaY = 1, maxDist = 1.
PHY-3001 : Final: Len = 8563, Over = 0
OPT-1001 : Start physical optimization ...
OPT-1001 : Total overflow 0.00 peak overflow 0.00
OPT-1001 : Start high-fanout net optimization ...
OPT-1001 : Update timing in global mode
PHY-1001 : Start incremental global routing, caller is place ...
RUN-1001 : Generating global routing grids ...
PHY-1001 : Generate routing nets ...
PHY-1001 : Reuse net number 15/475.
PHY-1001 : Global iterations in 8 thread ...
PHY-1002 : len = 9192, over cnt = 29(0%), over = 40, worst = 3
PHY-1002 : len = 9464, over cnt = 6(0%), over = 6, worst = 1
PHY-1002 : len = 9512, over cnt = 3(0%), over = 3, worst = 1
PHY-1002 : len = 9560, over cnt = 0(0%), over = 0, worst = 0
PHY-1001 : End global iterations;  0.057264s wall, 0.000000s user + 0.000000s system = 0.000000s CPU (n/a%)

PHY-1001 : Congestion index: top1 = 17.26, top5 = 7.14, top10 = 3.68, top15 = 2.46.
PHY-1001 : End incremental global routing;  0.114636s wall, 0.015625s user + 0.000000s system = 0.015625s CPU (13.6%)

RUN-1002 : start command "start_timer -report"
TMR-5001 WARNING: No sdc constraints found while initiating timer.
TMR-2505 : Start building timing graph for model responder.
TMR-2506 : Build timing graph completely. Port num: 11, tpin num: 1678, tnet num: 473, tinst num: 203, tnode num: 2079, tedge num: 2840.
TMR-2509 : Cut connection from U5/add0_syn_166.a[1] to U5/add0_syn_166.fco.
TMR-2509 : Cut connection from U5/add0_syn_169.a[0] to U5/add0_syn_169.f[0].
TMR-2509 : Cut connection from U5/cnt_b[6]_syn_40.d[1] to U5/cnt_b[6]_syn_40.f[1].
TMR-2509 : Cut connection from U5/cnt_b[6]_syn_40.a[1] to U5/cnt_b[6]_syn_40.f[1].
TMR-2509 : Cut connection from U5/cnt_b[6]_syn_40.b[1] to U5/cnt_b[6]_syn_40.f[1].
TMR-2509 : Cut connection from U5/cnt_b[6]_syn_40.b[0] to U5/cnt_b[6]_syn_40.f[0].
TMR-2509 : Cut connection from U5/cnt_b[6]_syn_40.c[0] to U5/cnt_b[6]_syn_40.f[0].
TMR-2509 : Cut connection from U5/cnt_b[0]_syn_9.d[0] to U5/cnt_b[0]_syn_9.fx[0].
TMR-2509 : Cut connection from U5/cnt_b[0]_syn_9.d[1] to U5/cnt_b[0]_syn_9.fx[0].
TMR-2509 : Cut connection from U5/cnt_b[0]_syn_9.mi[0] to U5/cnt_b[0]_syn_9.fx[0].
TMR-2509 : Cut connection from U5/cnt_b[0]_syn_9.a[1] to U5/cnt_b[0]_syn_9.fx[0].
TMR-2509 : Cut connection from U5/cnt_b[0]_syn_9.a[0] to U5/cnt_b[0]_syn_9.fx[0].
TMR-2509 : Cut connection from U5/cnt_b[0]_syn_9.c[1] to U5/cnt_b[0]_syn_9.fx[0].
TMR-2509 : Cut connection from U5/cnt_b[0]_syn_9.c[0] to U5/cnt_b[0]_syn_9.fx[0].
TMR-2509 : Cut connection from U5/cnt_b[14]_syn_9.d[0] to U5/cnt_b[14]_syn_9.fx[0].
TMR-2509 : Cut connection from U5/cnt_b[14]_syn_9.d[1] to U5/cnt_b[14]_syn_9.fx[0].
TMR-2509 : Cut connection from U5/cnt_b[14]_syn_9.mi[0] to U5/cnt_b[14]_syn_9.fx[0].
TMR-2509 : Cut connection from U5/cnt_b[14]_syn_9.a[1] to U5/cnt_b[14]_syn_9.fx[0].
TMR-2509 : Cut connection from U5/cnt_b[14]_syn_9.a[0] to U5/cnt_b[14]_syn_9.fx[0].
TMR-2509 : Cut connection from U5/cnt_b[14]_syn_9.c[1] to U5/cnt_b[14]_syn_9.fx[0].
TMR-2509 : Cut connection from U5/cnt_b[14]_syn_9.c[0] to U5/cnt_b[14]_syn_9.fx[0].
TMR-2509 : Cut connection from U5/cnt_b[6]_syn_37.a[1] to U5/cnt_b[6]_syn_37.f[1].
TMR-2509 : Cut connection from U5/cnt_b[6]_syn_37.c[1] to U5/cnt_b[6]_syn_37.f[1].
TMR-2509 : Cut connection from U5/cnt_b[6]_syn_37.d[1] to U5/cnt_b[6]_syn_37.f[1].
TMR-2509 : Cut connection from U5/cnt_b[6]_syn_35.a[1] to U5/cnt_b[6]_syn_35.fx[0].
TMR-2509 : Cut connection from U5/cnt_b[6]_syn_35.a[0] to U5/cnt_b[6]_syn_35.fx[0].
TMR-2509 : Cut connection from U5/cnt_b[6]_syn_35.c[1] to U5/cnt_b[6]_syn_35.fx[0].
TMR-2509 : Cut connection from U5/cnt_b[6]_syn_35.c[0] to U5/cnt_b[6]_syn_35.fx[0].
TMR-2509 : Cut connection from U5/cnt_b[6]_syn_35.d[0] to U5/cnt_b[6]_syn_35.fx[0].
TMR-2509 : Cut connection from U5/cnt_b[6]_syn_35.d[1] to U5/cnt_b[6]_syn_35.fx[0].
TMR-2509 : Cut connection from U5/cnt_b[6]_syn_35.mi[0] to U5/cnt_b[6]_syn_35.fx[0].
TMR-2509 : Cut connection from U5/cnt_b[6]_syn_33.d[1] to U5/cnt_b[6]_syn_33.fx[0].
TMR-2509 : Cut connection from U5/cnt_b[6]_syn_33.d[0] to U5/cnt_b[6]_syn_33.fx[0].
TMR-2509 : Cut connection from U5/cnt_b[6]_syn_33.mi[0] to U5/cnt_b[6]_syn_33.fx[0].
TMR-2509 : Cut connection from U5/cnt_b[6]_syn_33.c[1] to U5/cnt_b[6]_syn_33.fx[0].
TMR-2509 : Cut connection from U5/cnt_b[6]_syn_33.c[0] to U5/cnt_b[6]_syn_33.fx[0].
TMR-2509 : Cut connection from U5/cnt_b[6]_syn_42.a[0] to U5/cnt_b[6]_syn_42.f[0].
TMR-2509 : Cut connection from U5/cnt_b[6]_syn_42.b[0] to U5/cnt_b[6]_syn_42.f[0].
TMR-2509 : Cut connection from U5/cnt_b[6]_syn_42.c[0] to U5/cnt_b[6]_syn_42.f[0].
TMR-2509 : Cut connection from U5/add0_syn_175.fci to U5/add0_syn_175.f[1].
TMR-2509 : Cut connection from U5/add0_syn_175.a[0] to U5/add0_syn_175.f[1].
TMR-2509 : Cut connection from U5/add0_syn_175.fci to U5/add0_syn_175.fco.
TMR-2509 : Cut connection from U5/add0_syn_175.a[0] to U5/add0_syn_175.fco.
TMR-2509 : Cut connection from U5/add0_syn_178.a[0] to U5/add0_syn_178.f[0].
TMR-2509 : Cut connection from U5/add0_syn_178.a[1] to U5/add0_syn_178.f[1].
TMR-2509 : Cut connection from U5/add0_syn_181.a[0] to U5/add0_syn_181.f[0].
TMR-2509 : Cut connection from U5/cnt_b[9]_syn_9.d[1] to U5/cnt_b[9]_syn_9.fx[0].
TMR-2509 : Cut connection from U5/cnt_b[9]_syn_9.d[0] to U5/cnt_b[9]_syn_9.fx[0].
TMR-2509 : Cut connection from U5/cnt_b[9]_syn_9.mi[0] to U5/cnt_b[9]_syn_9.fx[0].
TMR-2509 : Cut connection from U5/add0_syn_181.a[1] to U5/add0_syn_181.f[1].
TMR-2509 : Cut connection from U5/add0_syn_184.a[0] to U5/add0_syn_184.f[0].
TMR-2509 : Cut connection from U5/add0_syn_184.a[1] to U5/add0_syn_184.f[1].
TMR-2509 : Cut connection from U5/add0_syn_187.a[0] to U5/add0_syn_187.f[0].
TMR-2509 : Cut connection from U5/add0_syn_190.a[0] to U5/add0_syn_190.f[0].
TMR-2509 : Cut connection from U5/add0_syn_190.a[1] to U5/add0_syn_190.f[1].
TMR-2509 : Cut connection from U5/cnt_b[16]_syn_9.d[1] to U5/cnt_b[16]_syn_9.f[1].
TMR-2509 : Cut connection from U5/cnt_b[16]_syn_9.e[1] to U5/cnt_b[16]_syn_9.f[1].
TMR-2509 : Cut connection from U5/add0_syn_193.a[0] to U5/add0_syn_193.f[0].
TMR-2509 : Cut connection from U5/cnt_b[17]_syn_9.d[1] to U5/cnt_b[17]_syn_9.f[1].
TMR-2509 : Cut connection from U5/cnt_b[17]_syn_9.e[1] to U5/cnt_b[17]_syn_9.f[1].
TMR-2509 : Cut connection from U5/add0_syn_193.a[1] to U5/add0_syn_193.f[1].
TMR-2509 : Cut connection from U5/cnt_b[16]_syn_9.d[0] to U5/cnt_b[16]_syn_9.f[0].
TMR-2509 : Cut connection from U5/cnt_b[16]_syn_9.e[0] to U5/cnt_b[16]_syn_9.f[0].
TMR-2509 : Cut connection from U5/add0_syn_195.a[0] to U5/add0_syn_195.f[0].
TMR-2509 : Cut connection from U5/cnt_b[17]_syn_9.d[0] to U5/cnt_b[17]_syn_9.f[0].
TMR-2509 : Cut connection from U5/add0_syn_169.a[1] to U5/add0_syn_169.f[1].
TMR-2509 : Cut connection from U5/add0_syn_172.a[0] to U5/add0_syn_172.f[0].
TMR-2509 : Cut connection from U5/add0_syn_172.a[1] to U5/add0_syn_172.f[1].
TMR-2509 : Cut connection from U5/add0_syn_175.a[0] to U5/add0_syn_175.f[0].
TMR-2507 : Eliminate loop in the timing graph, delete 69 tedges.
TMR-2508 : Levelizing timing graph completed, there are 67 levels in total.
TMR-2501 : Timing graph initialized successfully.
OPT-1001 : End timing update;  0.240684s wall, 0.156250s user + 0.000000s system = 0.156250s CPU (64.9%)

OPT-1001 : 0 high-fanout net processed.
OPT-1001 : End high-fanout net optimization;  0.361637s wall, 0.171875s user + 0.000000s system = 0.171875s CPU (47.5%)

OPT-1001 : Current memory(MB): used = 138, reserve = 109, peak = 138.
OPT-1001 : Update timing in Manhattan mode
OPT-1001 : End timing update;  0.000459s wall, 0.000000s user + 0.000000s system = 0.000000s CPU (n/a%)

OPT-1001 : Start pin optimization...
OPT-1001 : skip pin optimization...
RUN-1001 : Generating global routing grids ...
PHY-1001 : Generate routing nets ...
PHY-1001 : Reuse net number 372/475.
PHY-1001 : Global iterations in 8 thread ...
PHY-1002 : len = 9560, over cnt = 0(0%), over = 0, worst = 0
PHY-1001 : End global iterations;  0.003157s wall, 0.000000s user + 0.000000s system = 0.000000s CPU (n/a%)

PHY-1001 : Congestion index: top1 = 17.26, top5 = 7.14, top10 = 3.68, top15 = 2.46.
OPT-1001 : Update timing in Manhattan mode
OPT-1001 : End timing update;  0.000986s wall, 0.000000s user + 0.000000s system = 0.000000s CPU (n/a%)

RUN-1001 : QoR Analysis:
OPT-0007 :   WNS 2147483647 TNS 0 NUM_FEPS 0
RUN-1001 :   No local congestion issue, and most congested 1% tile average routing util is 16.827586
RUN-1001 :   Top critical paths
OPT-1001 : End physical optimization;  0.427697s wall, 0.203125s user + 0.000000s system = 0.203125s CPU (47.5%)

RUN-1003 : finish command "place" in  2.356632s wall, 0.937500s user + 0.390625s system = 1.328125s CPU (56.4%)

RUN-1004 : used memory is 130 MB, reserved memory is 100 MB, peak memory is 138 MB
RUN-1002 : start command "export_db responder_place.db"
RUN-1001 : Exported /
RUN-1001 : Exported flow parameters
RUN-1001 : Exported libs
RUN-1001 : Exported entities
RUN-1001 : Exported ports
RUN-1001 : Exported pins
RUN-1001 : Exported instances
RUN-1001 : Exported nets
RUN-1001 : Exported buses
RUN-1001 : Exported models
RUN-1001 : Exported congestions
RUN-1001 : Exported violations
RUN-1001 : Exported IO constraints
RUN-1001 : Exported Inst constraints
RUN-1002 : start command "route"
RUN-1001 : Open license file C:/Anlogic/TD5.6.2/license/Anlogic.lic
RUN-1001 : Print Global Property
RUN-1001 : ---------------------------------------------------------------
RUN-1001 :        Parameters        |  Settings  |  Default Values  |  Note  
RUN-1001 : ---------------------------------------------------------------
RUN-1001 :          message         |  standard  |     standard     |        
RUN-1001 :   mixed_pack_place_flow  |     on     |        on        |        
RUN-1001 :        qor_monitor       |    off     |       off        |        
RUN-1001 :        syn_ip_flow       |    off     |       off        |        
RUN-1001 :          thread          |    auto    |       auto       |        
RUN-1001 : ---------------------------------------------------------------
RUN-1002 : start command "set_param route phy_sim_model on"
RUN-1001 : Print Route Property
RUN-1001 : -------------------------------------------------------
RUN-1001 :    Parameters    |  Settings  |  Default Values  |  Note  
RUN-1001 : -------------------------------------------------------
RUN-1001 :      effort      |   medium   |      medium      |        
RUN-1001 :     fix_hold     |    off     |       off        |        
RUN-1001 :    opt_timing    |   medium   |      medium      |        
RUN-1001 :   phy_sim_model  |     on     |       off        |   *    
RUN-1001 :     priority     |   timing   |      timing      |        
RUN-1001 :     swap_pin     |     on     |        on        |        
RUN-1001 : -------------------------------------------------------
PHY-1001 : Route runs in 8 thread(s)
RUN-1001 : There are total 205 instances
RUN-1001 : 82 mslices, 82 lslices, 33 pads, 0 brams, 0 dsps
RUN-1001 : There are total 475 nets
RUN-1001 : 243 nets have 2 pins
RUN-1001 : 186 nets have [3 - 5] pins
RUN-1001 : 27 nets have [6 - 10] pins
RUN-1001 : 15 nets have [11 - 20] pins
RUN-1001 : 3 nets have [21 - 99] pins
RUN-1001 : 1 nets have 100+ pins
RUN-1002 : start command "start_timer -report"
TMR-5001 WARNING: No sdc constraints found while initiating timer.
TMR-2505 : Start building timing graph for model responder.
TMR-2506 : Build timing graph completely. Port num: 11, tpin num: 1678, tnet num: 473, tinst num: 203, tnode num: 2079, tedge num: 2840.
TMR-2509 : Cut connection from U5/add0_syn_166.a[1] to U5/add0_syn_166.f[1].
TMR-2509 : Cut connection from U5/cnt_b[0]_syn_9.d[0] to U5/cnt_b[0]_syn_9.fx[0].
TMR-2509 : Cut connection from U5/cnt_b[0]_syn_9.d[1] to U5/cnt_b[0]_syn_9.fx[0].
TMR-2509 : Cut connection from U5/cnt_b[0]_syn_9.mi[0] to U5/cnt_b[0]_syn_9.fx[0].
TMR-2509 : Cut connection from U5/cnt_b[0]_syn_9.a[1] to U5/cnt_b[0]_syn_9.fx[0].
TMR-2509 : Cut connection from U5/cnt_b[0]_syn_9.a[0] to U5/cnt_b[0]_syn_9.fx[0].
TMR-2509 : Cut connection from U5/cnt_b[0]_syn_9.b[1] to U5/cnt_b[0]_syn_9.fx[0].
TMR-2509 : Cut connection from U5/cnt_b[0]_syn_9.b[0] to U5/cnt_b[0]_syn_9.fx[0].
TMR-2509 : Cut connection from U5/add0_syn_169.a[0] to U5/add0_syn_169.f[0].
TMR-2509 : Cut connection from U5/cnt_b[6]_syn_40.a[1] to U5/cnt_b[6]_syn_40.f[1].
TMR-2509 : Cut connection from U5/cnt_b[6]_syn_40.b[1] to U5/cnt_b[6]_syn_40.f[1].
TMR-2509 : Cut connection from U5/cnt_b[6]_syn_40.b[0] to U5/cnt_b[6]_syn_40.f[0].
TMR-2509 : Cut connection from U5/cnt_b[6]_syn_40.c[0] to U5/cnt_b[6]_syn_40.f[0].
TMR-2509 : Cut connection from U5/cnt_b[14]_syn_9.d[0] to U5/cnt_b[14]_syn_9.fx[0].
TMR-2509 : Cut connection from U5/cnt_b[14]_syn_9.d[1] to U5/cnt_b[14]_syn_9.fx[0].
TMR-2509 : Cut connection from U5/cnt_b[14]_syn_9.mi[0] to U5/cnt_b[14]_syn_9.fx[0].
TMR-2509 : Cut connection from U5/cnt_b[14]_syn_9.a[1] to U5/cnt_b[14]_syn_9.fx[0].
TMR-2509 : Cut connection from U5/cnt_b[14]_syn_9.a[0] to U5/cnt_b[14]_syn_9.fx[0].
TMR-2509 : Cut connection from U5/cnt_b[14]_syn_9.c[1] to U5/cnt_b[14]_syn_9.fx[0].
TMR-2509 : Cut connection from U5/cnt_b[14]_syn_9.c[0] to U5/cnt_b[14]_syn_9.fx[0].
TMR-2509 : Cut connection from U5/cnt_b[6]_syn_37.a[1] to U5/cnt_b[6]_syn_37.f[1].
TMR-2509 : Cut connection from U5/cnt_b[6]_syn_37.c[1] to U5/cnt_b[6]_syn_37.f[1].
TMR-2509 : Cut connection from U5/cnt_b[6]_syn_37.d[1] to U5/cnt_b[6]_syn_37.f[1].
TMR-2509 : Cut connection from U5/cnt_b[6]_syn_35.a[1] to U5/cnt_b[6]_syn_35.fx[0].
TMR-2509 : Cut connection from U5/cnt_b[6]_syn_35.a[0] to U5/cnt_b[6]_syn_35.fx[0].
TMR-2509 : Cut connection from U5/cnt_b[6]_syn_35.c[1] to U5/cnt_b[6]_syn_35.fx[0].
TMR-2509 : Cut connection from U5/cnt_b[6]_syn_35.c[0] to U5/cnt_b[6]_syn_35.fx[0].
TMR-2509 : Cut connection from U5/cnt_b[6]_syn_35.d[0] to U5/cnt_b[6]_syn_35.fx[0].
TMR-2509 : Cut connection from U5/cnt_b[6]_syn_35.d[1] to U5/cnt_b[6]_syn_35.fx[0].
TMR-2509 : Cut connection from U5/cnt_b[6]_syn_35.mi[0] to U5/cnt_b[6]_syn_35.fx[0].
TMR-2509 : Cut connection from U5/cnt_b[6]_syn_33.d[1] to U5/cnt_b[6]_syn_33.fx[0].
TMR-2509 : Cut connection from U5/cnt_b[6]_syn_33.d[0] to U5/cnt_b[6]_syn_33.fx[0].
TMR-2509 : Cut connection from U5/cnt_b[6]_syn_33.mi[0] to U5/cnt_b[6]_syn_33.fx[0].
TMR-2509 : Cut connection from U5/cnt_b[6]_syn_33.c[1] to U5/cnt_b[6]_syn_33.fx[0].
TMR-2509 : Cut connection from U5/cnt_b[6]_syn_33.c[0] to U5/cnt_b[6]_syn_33.fx[0].
TMR-2509 : Cut connection from U5/cnt_b[6]_syn_42.a[0] to U5/cnt_b[6]_syn_42.f[0].
TMR-2509 : Cut connection from U5/cnt_b[6]_syn_42.b[0] to U5/cnt_b[6]_syn_42.f[0].
TMR-2509 : Cut connection from U5/cnt_b[6]_syn_42.c[0] to U5/cnt_b[6]_syn_42.f[0].
TMR-2509 : Cut connection from U5/add0_syn_175.fci to U5/add0_syn_175.f[1].
TMR-2509 : Cut connection from U5/add0_syn_175.a[0] to U5/add0_syn_175.f[1].
TMR-2509 : Cut connection from U5/add0_syn_175.fci to U5/add0_syn_175.fco.
TMR-2509 : Cut connection from U5/add0_syn_175.a[0] to U5/add0_syn_175.fco.
TMR-2509 : Cut connection from U5/add0_syn_178.a[0] to U5/add0_syn_178.f[0].
TMR-2509 : Cut connection from U5/add0_syn_178.a[1] to U5/add0_syn_178.f[1].
TMR-2509 : Cut connection from U5/add0_syn_181.a[0] to U5/add0_syn_181.f[0].
TMR-2509 : Cut connection from U5/cnt_b[9]_syn_9.d[1] to U5/cnt_b[9]_syn_9.fx[0].
TMR-2509 : Cut connection from U5/cnt_b[9]_syn_9.d[0] to U5/cnt_b[9]_syn_9.fx[0].
TMR-2509 : Cut connection from U5/cnt_b[9]_syn_9.mi[0] to U5/cnt_b[9]_syn_9.fx[0].
TMR-2509 : Cut connection from U5/add0_syn_181.a[1] to U5/add0_syn_181.f[1].
TMR-2509 : Cut connection from U5/add0_syn_184.a[0] to U5/add0_syn_184.f[0].
TMR-2509 : Cut connection from U5/add0_syn_184.a[1] to U5/add0_syn_184.f[1].
TMR-2509 : Cut connection from U5/add0_syn_187.a[0] to U5/add0_syn_187.f[0].
TMR-2509 : Cut connection from U5/add0_syn_190.a[0] to U5/add0_syn_190.f[0].
TMR-2509 : Cut connection from U5/add0_syn_190.a[1] to U5/add0_syn_190.f[1].
TMR-2509 : Cut connection from U5/cnt_b[16]_syn_9.d[1] to U5/cnt_b[16]_syn_9.f[1].
TMR-2509 : Cut connection from U5/cnt_b[16]_syn_9.e[1] to U5/cnt_b[16]_syn_9.f[1].
TMR-2509 : Cut connection from U5/add0_syn_193.a[0] to U5/add0_syn_193.f[0].
TMR-2509 : Cut connection from U5/cnt_b[17]_syn_9.d[1] to U5/cnt_b[17]_syn_9.f[1].
TMR-2509 : Cut connection from U5/cnt_b[17]_syn_9.e[1] to U5/cnt_b[17]_syn_9.f[1].
TMR-2509 : Cut connection from U5/add0_syn_193.a[1] to U5/add0_syn_193.f[1].
TMR-2509 : Cut connection from U5/cnt_b[16]_syn_9.d[0] to U5/cnt_b[16]_syn_9.f[0].
TMR-2509 : Cut connection from U5/cnt_b[16]_syn_9.e[0] to U5/cnt_b[16]_syn_9.f[0].
TMR-2509 : Cut connection from U5/add0_syn_195.a[0] to U5/add0_syn_195.f[0].
TMR-2509 : Cut connection from U5/cnt_b[17]_syn_9.d[0] to U5/cnt_b[17]_syn_9.f[0].
TMR-2509 : Cut connection from U5/add0_syn_169.a[1] to U5/add0_syn_169.f[1].
TMR-2509 : Cut connection from U5/add0_syn_172.a[0] to U5/add0_syn_172.f[0].
TMR-2509 : Cut connection from U5/add0_syn_172.a[1] to U5/add0_syn_172.f[1].
TMR-2509 : Cut connection from U5/add0_syn_175.a[0] to U5/add0_syn_175.f[0].
TMR-2507 : Eliminate loop in the timing graph, delete 68 tedges.
TMR-2508 : Levelizing timing graph completed, there are 71 levels in total.
TMR-2501 : Timing graph initialized successfully.
PHY-1001 : 82 mslices, 82 lslices, 33 pads, 0 brams, 0 dsps
TMR-2503 : Start to update net delay, extr mode = 3.
TMR-2504 : Update delay of 473 nets completely.
TMR-2502 : Annotate delay completely, extr mode = 3.
TMR-3002 : No user constraint, initiate default constraint.
TMR-1501 : Assign derive clock DeriveClock to 230 clock pins, and constraint 401 relative nodes.
TMR-3003 : Constraints initiated successfully.
TMR-3501 : Forward propagation: start to calculate arrival time...
TMR-3502 : Backward propagation: start to calculate required time...
TMR-3503 : Timing propagation completes.
PHY-1001 : Start global routing, caller is route ...
RUN-1001 : Generating global routing grids ...
PHY-1001 : Generate routing nets ...
PHY-1001 : Global iterations in 8 thread ...
PHY-1002 : len = 9056, over cnt = 31(0%), over = 41, worst = 3
PHY-1002 : len = 9344, over cnt = 6(0%), over = 6, worst = 1
PHY-1002 : len = 9408, over cnt = 2(0%), over = 2, worst = 1
PHY-1002 : len = 9440, over cnt = 0(0%), over = 0, worst = 0
PHY-1001 : End global iterations;  0.052991s wall, 0.015625s user + 0.000000s system = 0.015625s CPU (29.5%)

PHY-1001 : Congestion index: top1 = 17.35, top5 = 7.11, top10 = 3.65, top15 = 2.43.
PHY-1001 : End global routing;  0.103258s wall, 0.031250s user + 0.000000s system = 0.031250s CPU (30.3%)

PHY-1001 : Start detail routing ...
PHY-1001 : Current memory(MB): used = 152, reserve = 122, peak = 160.
PHY-1001 : Detailed router is running in normal mode.
PHY-1001 : Generate detailed routing grids ...
PHY-1001 : Processed IO instance DigitronCS_Out[3]_syn_2 with INV attribute.
PHY-1001 : Processed IO instance DigitronCS_Out[2]_syn_2 with INV attribute.
PHY-1001 : Processed IO instance DigitronCS_Out[1]_syn_2 with INV attribute.
PHY-1001 : Processed IO instance DigitronCS_Out[0]_syn_2 with INV attribute.
PHY-1001 : Processed IO instance Key_In[1]_syn_4 with INV attribute.
PHY-1001 : Processed IO instance Key_In[0]_syn_4 with INV attribute.
PHY-1001 : Generate nets ...
PHY-1001 : net CLK_dup_1 will be routed on clock mesh
PHY-1001 : net Set_Time_dup_3 will be routed on clock mesh
PHY-1001 : clock net U7/temp_time_n_syn_3 will be merged with clock U7/temp_time_n
PHY-1001 : clock net U2/CLK1_syn_4 will be merged with clock U2/CLK1
PHY-1001 : clock net U4/SingleNum_b_n4_syn_10 will be merged with clock U4/SingleNum_b_n4
PHY-1001 : clock net U4/W_DigitronCS_Out_n_syn_4 will be merged with clock U4/W_DigitronCS_Out_n
PHY-1001 : clock net U5/cnt_b_n_syn_3 will be merged with clock U5/cnt_b_n
PHY-1001 : Current memory(MB): used = 423, reserve = 398, peak = 423.
PHY-1001 : End build detailed router design. 4.056763s wall, 2.437500s user + 0.078125s system = 2.515625s CPU (62.0%)

PHY-1001 : Detail Route ...
PHY-1001 : ===== Detail Route Phase 1 =====
PHY-1001 : Clock net routing.....
PHY-1001 : Routed 1% nets.
PHY-1022 : len = 14768, over cnt = 0(0%), over = 0, worst = 0, crit = 0
PHY-1001 : End initial clock net routed; 2.361723s wall, 1.375000s user + 0.000000s system = 1.375000s CPU (58.2%)

PHY-1001 : Current memory(MB): used = 455, reserve = 431, peak = 455.
PHY-1001 : End phase 1; 2.367513s wall, 1.375000s user + 0.000000s system = 1.375000s CPU (58.1%)

PHY-1001 : ===== Detail Route Phase 2 =====
PHY-1001 : Initial routing.....
PHY-1001 : Routed 33% nets.
PHY-1001 : Routed 38% nets.
PHY-1001 : Routed 47% nets.
PHY-1001 : Routed 62% nets.
PHY-1001 : Routed 81% nets.
PHY-1022 : len = 33648, over cnt = 17(0%), over = 17, worst = 1, crit = 0
PHY-1001 : Current memory(MB): used = 455, reserve = 431, peak = 455.
PHY-1001 : End initial routed; 0.172347s wall, 0.062500s user + 0.000000s system = 0.062500s CPU (36.3%)

PHY-1001 : Current memory(MB): used = 455, reserve = 431, peak = 455.
PHY-1001 : End phase 2; 0.172425s wall, 0.062500s user + 0.000000s system = 0.062500s CPU (36.2%)

PHY-1001 : ===== Detail Route Phase 3 =====
PHY-1001 : Ripup-reroute.....
PHY-1001 : ===== DR Iter 1 =====
PHY-1022 : len = 33640, over cnt = 3(0%), over = 3, worst = 1, crit = 0
PHY-1001 : End DR Iter 1; 0.019024s wall, 0.015625s user + 0.000000s system = 0.015625s CPU (82.1%)

PHY-1001 : ===== DR Iter 2 =====
PHY-1022 : len = 33632, over cnt = 0(0%), over = 0, worst = 0, crit = 0
PHY-1001 : End DR Iter 2; 0.013007s wall, 0.000000s user + 0.000000s system = 0.000000s CPU (n/a%)

PHY-1001 : Commit to database.....
PHY-1001 : 6 feed throughs used by 6 nets
PHY-1001 : End commit to database; 0.058862s wall, 0.015625s user + 0.000000s system = 0.015625s CPU (26.5%)

PHY-1001 : Current memory(MB): used = 464, reserve = 440, peak = 464.
PHY-1001 : End phase 3; 0.214774s wall, 0.109375s user + 0.000000s system = 0.109375s CPU (50.9%)

PHY-1003 : Routed, final wirelength = 33632
PHY-1001 : Current memory(MB): used = 464, reserve = 440, peak = 464.
PHY-1001 : End export database. 0.006115s wall, 0.000000s user + 0.000000s system = 0.000000s CPU (n/a%)

PHY-1001 : End detail routing;  7.041138s wall, 4.093750s user + 0.093750s system = 4.187500s CPU (59.5%)

RUN-1003 : finish command "route" in  7.460465s wall, 4.312500s user + 0.093750s system = 4.406250s CPU (59.1%)

RUN-1004 : used memory is 421 MB, reserved memory is 395 MB, peak memory is 464 MB
RUN-1002 : start command "report_area -io_info -file responder_phy.area"
RUN-1001 : standard
***Report Model: responder Device: EG4S20BG256***

IO Statistics
#IO                        33
  #input                    7
  #output                  26
  #inout                    0

Utilization Statistics
#lut                      295   out of  19600    1.51%
#reg                      164   out of  19600    0.84%
#le                       313
  #lut only               149   out of    313   47.60%
  #reg only                18   out of    313    5.75%
  #lut&reg                146   out of    313   46.65%
#dsp                        0   out of     29    0.00%
#bram                       0   out of     64    0.00%
  #bram9k                   0
  #fifo9k                   0
#bram32k                    0   out of     16    0.00%
#pad                       33   out of    188   17.55%
  #ireg                     2
  #oreg                    12
  #treg                     0
#pll                        0   out of      4    0.00%
#gclk                       5   out of     16   31.25%

Clock Resource Statistics
Index     ClockNet                 Type               DriverType         Driver                     Fanout
#1        CLK_dup_1                GCLK               io                 CLK_syn_2.di               91
#2        U2/CLK1                  GCLK               lslice             U2/CLK1_reg_syn_30.q0      9
#3        U4/W_DigitronCS_Out_n    GCLK               lslice             U4/reg2_syn_25.f1          7
#4        U5/cnt_b_n               GCLK               lslice             U5/cnt_b[6]_syn_37.f0      4
#5        U7/temp_time_n           GCLK               lslice             U7/temp_time_n_syn_7.f1    4
#6        Set_Time_dup_3           GCLK               io                 Set_Time_syn_4.di          3
#7        U4/SingleNum_b_n4        GCLK               lslice             U4/sel1_syn_118.f0         3


Detailed IO Report

        Name           Direction    Location    IOStandard    DriveStrength    PullType    PackReg  
         CLK             INPUT         R7        LVCMOS33          N/A          PULLUP      NONE    
      Key_In[3]          INPUT        F10        LVCMOS33          N/A          PULLUP      NONE    
      Key_In[2]          INPUT        C11        LVCMOS33          N/A          PULLUP      NONE    
      Key_In[1]          INPUT        D11        LVCMOS33          N/A          PULLUP      IREG    
      Key_In[0]          INPUT        E11        LVCMOS33          N/A          PULLUP      IREG    
        RSTn             INPUT         A9        LVCMOS33          N/A          PULLUP      NONE    
      Set_Time           INPUT        A10        LVCMOS33          N/A          PULLUP      NONE    
     Buzzer_Out         OUTPUT        H11        LVCMOS33           8            NONE       OREG    
  DigitronCS_Out[3]     OUTPUT         A3        LVCMOS33           8            NONE       OREG    
  DigitronCS_Out[2]     OUTPUT         A5        LVCMOS33           8            NONE       OREG    
  DigitronCS_Out[1]     OUTPUT         B6        LVCMOS33           8            NONE       OREG    
  DigitronCS_Out[0]     OUTPUT         C9        LVCMOS33           8            NONE       OREG    
   Digitron_Out[7]      OUTPUT         C8        LVCMOS33           8            NONE       NONE    
   Digitron_Out[6]      OUTPUT         A8        LVCMOS33           8            NONE       NONE    
   Digitron_Out[5]      OUTPUT         B5        LVCMOS33           8            NONE       NONE    
   Digitron_Out[4]      OUTPUT         A7        LVCMOS33           8            NONE       NONE    
   Digitron_Out[3]      OUTPUT         E8        LVCMOS33           8            NONE       NONE    
   Digitron_Out[2]      OUTPUT         B8        LVCMOS33           8            NONE       NONE    
   Digitron_Out[1]      OUTPUT         A6        LVCMOS33           8            NONE       NONE    
   Digitron_Out[0]      OUTPUT         A4        LVCMOS33           8            NONE       NONE    
     Key_Row[3]         OUTPUT        E10        LVCMOS33           8            NONE       NONE    
     Key_Row[2]         OUTPUT        C10        LVCMOS33           8            NONE       NONE    
     Key_Row[1]         OUTPUT         F9        LVCMOS33           8            NONE       NONE    
     Key_Row[0]         OUTPUT         D9        LVCMOS33           8            NONE       NONE    
     LED_Out[3]         OUTPUT         C2        LVCMOS33           8            NONE       NONE    
     LED_Out[2]         OUTPUT         C1        LVCMOS33           8            NONE       NONE    
     LED_Out[1]         OUTPUT         E4        LVCMOS33           8            NONE       OREG    
     LED_Out[0]         OUTPUT         D3        LVCMOS33           8            NONE       OREG    
  LED_OverTime_Out      OUTPUT        F16        LVCMOS33           8            NONE       OREG    
     LED_Run[3]         OUTPUT        C15        LVCMOS33           8            NONE       OREG    
     LED_Run[2]         OUTPUT        B16        LVCMOS33           8            NONE       OREG    
     LED_Run[1]         OUTPUT        B15        LVCMOS33           8            NONE       OREG    
     LED_Run[0]         OUTPUT        B14        LVCMOS33           8            NONE       OREG    

Report Hierarchy Area:
+-----------------------------------------------------------------------------------+
|Instance |Module              |le     |lut     |ripple  |seq     |bram    |dsp     |
+-----------------------------------------------------------------------------------+
|top      |responder           |313    |243     |52      |178     |0       |0       |
|  U1     |Sel_module          |49     |35      |7       |32      |0       |0       |
|  U2     |Timer_module        |53     |45      |7       |36      |0       |0       |
|  U3     |Buzzer_module       |38     |24      |6       |27      |0       |0       |
|  U4     |Digitron_NumDisplay |63     |54      |9       |27      |0       |0       |
|  U5     |key_filter          |48     |35      |11      |6       |0       |0       |
|  U6     |led8_module         |48     |36      |12      |27      |0       |0       |
|  U7     |countdown_module    |14     |14      |0       |9       |0       |0       |
+-----------------------------------------------------------------------------------+


DataNet Average Fanout:

   Index     Fanout    Nets  
    #1         1       210   
    #2         2       158   
    #3         3        9    
    #4         4        16   
    #5        5-10      26   
    #6       11-50      13   
    #7       51-100     1    
  Average     2.40           

RUN-1002 : start command "write_verilog simulation/responder_phy_sim.v"
HDL-1201 : write out verilog file simulation/responder_phy_sim.v
RUN-1002 : start command "export_db responder_pr.db"
RUN-1001 : Exported /
RUN-1001 : Exported flow parameters
RUN-1001 : Exported libs
RUN-1001 : Exported entities
RUN-1001 : Exported ports
RUN-1001 : Exported pins
RUN-1001 : Exported instances
RUN-1001 : Exported nets
RUN-1001 : Exported buses
RUN-1001 : Exported models
RUN-1001 : Exported congestions
RUN-1001 : Exported violations
RUN-1001 : Exported IO constraints
RUN-1001 : Exported Inst constraints
RUN-1002 : start command "start_timer"
TMR-5001 WARNING: No sdc constraints found while initiating timer.
TMR-2505 : Start building timing graph for model responder.
TMR-2506 : Build timing graph completely. Port num: 11, tpin num: 1678, tnet num: 473, tinst num: 203, tnode num: 2079, tedge num: 2840.
TMR-2509 : Cut connection from U5/add0_syn_172.fci to U5/add0_syn_172.f[1].
TMR-2509 : Cut connection from U5/add0_syn_172.a[1] to U5/add0_syn_172.f[1].
TMR-2509 : Cut connection from U5/add0_syn_172.a[0] to U5/add0_syn_172.f[1].
TMR-2509 : Cut connection from U5/cnt_b[6]_syn_40.d[0] to U5/cnt_b[6]_syn_40.f[0].
TMR-2509 : Cut connection from U5/cnt_b[6]_syn_40.b[0] to U5/cnt_b[6]_syn_40.f[0].
TMR-2509 : Cut connection from U5/cnt_b[0]_syn_9.d[0] to U5/cnt_b[0]_syn_9.fx[0].
TMR-2509 : Cut connection from U5/cnt_b[0]_syn_9.d[1] to U5/cnt_b[0]_syn_9.fx[0].
TMR-2509 : Cut connection from U5/cnt_b[0]_syn_9.mi[0] to U5/cnt_b[0]_syn_9.fx[0].
TMR-2509 : Cut connection from U5/cnt_b[0]_syn_9.a[1] to U5/cnt_b[0]_syn_9.fx[0].
TMR-2509 : Cut connection from U5/cnt_b[0]_syn_9.a[0] to U5/cnt_b[0]_syn_9.fx[0].
TMR-2509 : Cut connection from U5/cnt_b[0]_syn_9.c[1] to U5/cnt_b[0]_syn_9.fx[0].
TMR-2509 : Cut connection from U5/cnt_b[0]_syn_9.c[0] to U5/cnt_b[0]_syn_9.fx[0].
TMR-2509 : Cut connection from U5/add0_syn_169.a[0] to U5/add0_syn_169.f[0].
TMR-2509 : Cut connection from U5/cnt_b[6]_syn_40.a[1] to U5/cnt_b[6]_syn_40.f[1].
TMR-2509 : Cut connection from U5/cnt_b[6]_syn_40.b[1] to U5/cnt_b[6]_syn_40.f[1].
TMR-2509 : Cut connection from U5/add0_syn_169.a[1] to U5/add0_syn_169.f[1].
TMR-2509 : Cut connection from U5/add0_syn_172.a[0] to U5/add0_syn_172.f[0].
TMR-2509 : Cut connection from U5/add0_syn_175.a[0] to U5/add0_syn_175.f[0].
TMR-2509 : Cut connection from U5/add0_syn_175.a[1] to U5/add0_syn_175.f[1].
TMR-2509 : Cut connection from U5/cnt_b[6]_syn_33.d[1] to U5/cnt_b[6]_syn_33.fx[0].
TMR-2509 : Cut connection from U5/cnt_b[6]_syn_33.d[0] to U5/cnt_b[6]_syn_33.fx[0].
TMR-2509 : Cut connection from U5/cnt_b[6]_syn_33.mi[0] to U5/cnt_b[6]_syn_33.fx[0].
TMR-2509 : Cut connection from U5/cnt_b[6]_syn_33.a[1] to U5/cnt_b[6]_syn_33.fx[0].
TMR-2509 : Cut connection from U5/cnt_b[6]_syn_33.a[0] to U5/cnt_b[6]_syn_33.fx[0].
TMR-2509 : Cut connection from U5/add0_syn_178.a[0] to U5/add0_syn_178.f[0].
TMR-2509 : Cut connection from U5/cnt_b[6]_syn_42.a[0] to U5/cnt_b[6]_syn_42.f[0].
TMR-2509 : Cut connection from U5/cnt_b[6]_syn_42.b[0] to U5/cnt_b[6]_syn_42.f[0].
TMR-2509 : Cut connection from U5/cnt_b[6]_syn_35.b[1] to U5/cnt_b[6]_syn_35.fx[0].
TMR-2509 : Cut connection from U5/cnt_b[6]_syn_35.b[0] to U5/cnt_b[6]_syn_35.fx[0].
TMR-2509 : Cut connection from U5/cnt_b[6]_syn_35.c[1] to U5/cnt_b[6]_syn_35.fx[0].
TMR-2509 : Cut connection from U5/cnt_b[6]_syn_35.c[0] to U5/cnt_b[6]_syn_35.fx[0].
TMR-2509 : Cut connection from U5/cnt_b[6]_syn_35.d[0] to U5/cnt_b[6]_syn_35.fx[0].
TMR-2509 : Cut connection from U5/cnt_b[6]_syn_35.d[1] to U5/cnt_b[6]_syn_35.fx[0].
TMR-2509 : Cut connection from U5/cnt_b[6]_syn_35.mi[0] to U5/cnt_b[6]_syn_35.fx[0].
TMR-2509 : Cut connection from U5/cnt_b[14]_syn_9.d[0] to U5/cnt_b[14]_syn_9.fx[0].
TMR-2509 : Cut connection from U5/cnt_b[14]_syn_9.d[1] to U5/cnt_b[14]_syn_9.fx[0].
TMR-2509 : Cut connection from U5/cnt_b[14]_syn_9.mi[0] to U5/cnt_b[14]_syn_9.fx[0].
TMR-2509 : Cut connection from U5/cnt_b[14]_syn_9.c[1] to U5/cnt_b[14]_syn_9.fx[0].
TMR-2509 : Cut connection from U5/cnt_b[14]_syn_9.c[0] to U5/cnt_b[14]_syn_9.fx[0].
TMR-2509 : Cut connection from U5/cnt_b[6]_syn_37.a[1] to U5/cnt_b[6]_syn_37.f[1].
TMR-2509 : Cut connection from U5/cnt_b[6]_syn_37.c[1] to U5/cnt_b[6]_syn_37.f[1].
TMR-2509 : Cut connection from U5/cnt_b[6]_syn_37.d[1] to U5/cnt_b[6]_syn_37.f[1].
TMR-2509 : Cut connection from U5/add0_syn_187.fci to U5/add0_syn_187.f[1].
TMR-2509 : Cut connection from U5/add0_syn_187.a[0] to U5/add0_syn_187.f[1].
TMR-2509 : Cut connection from U5/add0_syn_187.fci to U5/add0_syn_187.fco.
TMR-2509 : Cut connection from U5/add0_syn_187.a[0] to U5/add0_syn_187.fco.
TMR-2509 : Cut connection from U5/add0_syn_190.a[0] to U5/add0_syn_190.f[0].
TMR-2509 : Cut connection from U5/add0_syn_190.a[1] to U5/add0_syn_190.f[1].
TMR-2509 : Cut connection from U5/cnt_b[16]_syn_9.d[1] to U5/cnt_b[16]_syn_9.f[1].
TMR-2509 : Cut connection from U5/cnt_b[16]_syn_9.e[1] to U5/cnt_b[16]_syn_9.f[1].
TMR-2509 : Cut connection from U5/add0_syn_193.a[0] to U5/add0_syn_193.f[0].
TMR-2509 : Cut connection from U5/cnt_b[17]_syn_9.d[1] to U5/cnt_b[17]_syn_9.f[1].
TMR-2509 : Cut connection from U5/cnt_b[17]_syn_9.e[1] to U5/cnt_b[17]_syn_9.f[1].
TMR-2509 : Cut connection from U5/add0_syn_193.a[1] to U5/add0_syn_193.f[1].
TMR-2509 : Cut connection from U5/cnt_b[16]_syn_9.d[0] to U5/cnt_b[16]_syn_9.f[0].
TMR-2509 : Cut connection from U5/cnt_b[16]_syn_9.e[0] to U5/cnt_b[16]_syn_9.f[0].
TMR-2509 : Cut connection from U5/add0_syn_195.a[0] to U5/add0_syn_195.f[0].
TMR-2509 : Cut connection from U5/cnt_b[17]_syn_9.d[0] to U5/cnt_b[17]_syn_9.f[0].
TMR-2509 : Cut connection from U5/cnt_b[9]_syn_9.c[1] to U5/cnt_b[9]_syn_9.fx[0].
TMR-2509 : Cut connection from U5/cnt_b[9]_syn_9.c[0] to U5/cnt_b[9]_syn_9.fx[0].
TMR-2509 : Cut connection from U5/add0_syn_181.fci to U5/add0_syn_181.f[0].
TMR-2509 : Cut connection from U5/add0_syn_181.fci to U5/add0_syn_181.f[1].
TMR-2509 : Cut connection from U5/add0_syn_181.a[1] to U5/add0_syn_181.f[1].
TMR-2509 : Cut connection from U5/add0_syn_181.fci to U5/add0_syn_181.fco.
TMR-2509 : Cut connection from U5/add0_syn_184.a[0] to U5/add0_syn_184.f[0].
TMR-2509 : Cut connection from U5/add0_syn_184.a[1] to U5/add0_syn_184.f[1].
TMR-2509 : Cut connection from U5/add0_syn_187.a[0] to U5/add0_syn_187.f[0].
TMR-2509 : Cut connection from U5/add0_syn_178.a[1] to U5/add0_syn_178.f[1].
TMR-2507 : Eliminate loop in the timing graph, delete 68 tedges.
TMR-2508 : Levelizing timing graph completed, there are 71 levels in total.
TMR-2501 : Timing graph initialized successfully.
RUN-1002 : start command "report_timing -mode FINAL -net_info -rpt_autogen true -file responder_phy.timing -sdf simulation/responder.sdf"
TMR-2503 : Start to update net delay, extr mode = 6.
TMR-2504 : Update delay of 473 nets completely.
TMR-2502 : Annotate delay completely, extr mode = 6.
TMR-3002 : No user constraint, initiate default constraint.
TMR-1501 : Assign derive clock DeriveClock to 230 clock pins, and constraint 401 relative nodes.
TMR-3003 : Constraints initiated successfully.
TMR-3501 : Forward propagation: start to calculate arrival time...
TMR-3502 : Backward propagation: start to calculate required time...
TMR-3503 : Timing propagation completes.
TMR-3506 : Start to generate timing report.
TMR-1502 : Number of clock constraints = 0. Number of clock nets = 7 (7 unconstrainted).
TMR-5009 WARNING: No clock constraint on 7 clock net(s): 
		CLK_dup_1
		Set_Time_dup_3
		U2/CLK1_syn_4
		U4/SingleNum_b_n4_syn_10
		U4/W_DigitronCS_Out_n_syn_4
		U5/cnt_b_n_syn_3
		U7/temp_time_n_syn_3
TMR-3508 : Export timing summary.
TMR-3507 : Timing report generated successfully in responder_phy.timing, timing summary in responder_phy.tsm.
TMR-1001 : Start to generate SDF file...
RUN-1002 : start command "write_verilog -sdf responder.sdf simulation/responder_phy_sim_sta.v"
HDL-1201 : write out verilog file simulation/responder_phy_sim_sta.v
RUN-1002 : start command "export_bid responder_inst.bid"
RUN-1002 : start command "bitgen -bit responder.bit -unused_io_status pulldown"
BIT-1003 : Start to generate bitstream. 
BIT-1002 : Bitgen processed 155 unused pads, reserve input tri_state with pulldown
BIT-1002 : Init instances with 8 threads.
BIT-1002 : Init instances completely, inst num: 358
BIT-1002 : Init pips with 8 threads.
BIT-1002 : Init pips completely, net num: 475, pip num: 3221
BIT-1002 : Init feedthrough completely, num: 6
BIT-1003 : Multithreading accelaration with 8 threads.
BIT-1003 : Generate bitstream completely, there are 562 valid insts, and 10218 bits set as '1'.
BIT-1004 : PLL setting string = 0000
BIT-1004 : Generate bits file responder.bit.
RUN-1003 : finish command "bitgen -bit responder.bit -unused_io_status pulldown" in  1.726708s wall, 2.687500s user + 0.031250s system = 2.718750s CPU (157.5%)

RUN-1004 : used memory is 434 MB, reserved memory is 409 MB, peak memory is 583 MB
RUN-1002 : start command "backup_run_log run.log ../.logs/phy_1/td_20240726_211327.log"
